Building DAG of jobs...
Using shell: /usr/bin/bash
Provided cores: 1 (use --cores to define parallelism)
Rules claiming more threads will be scaled down.
Job stats:
job              count    min threads    max threads
-------------  -------  -------------  -------------
all                  1              1              1
diff                 1              1              1
diff_report          1              1              1
rawdata              1              1              1
ref                  1              1              1
rna                  1              1              1
single               1              1              1
single_report        1              1              1
total                8              1              1


[Mon Aug 19 14:37:28 2024]
rule rawdata:
    output: /work/frasergen/backup/3d/project/Interactome/241308_xiaoshu_20240819/01.rawdata/work.sh
    jobid: 2
    resources: tmpdir=/tmp

[Mon Aug 19 14:37:38 2024]
Finished job 2.
1 of 8 steps (12%) done

[Mon Aug 19 14:37:38 2024]
rule single:
    output: /work/frasergen/backup/3d/project/Interactome/241308_xiaoshu_20240819/03.HiC/single_sample.yaml, /work/frasergen/backup/3d/project/Interactome/241308_xiaoshu_20240819/03.HiC/work.sh
    jobid: 4
    resources: tmpdir=/tmp

[Mon Aug 19 14:37:48 2024]
Finished job 4.
2 of 8 steps (25%) done

[Mon Aug 19 14:37:48 2024]
rule single_report:
    output: /work/frasergen/backup/3d/project/Interactome/241308_xiaoshu_20240819/03.HiC/08.report/report.yaml, /work/frasergen/backup/3d/project/Interactome/241308_xiaoshu_20240819/03.HiC/08.report/work.sh
    jobid: 6
    resources: tmpdir=/tmp

[Mon Aug 19 14:37:58 2024]
Finished job 6.
3 of 8 steps (38%) done

[Mon Aug 19 14:37:58 2024]
rule ref:
    output: /work/frasergen/backup/3d/project/Interactome/241308_xiaoshu_20240819/00.ref/work.sh
    jobid: 1
    resources: tmpdir=/tmp

[Mon Aug 19 14:38:08 2024]
Finished job 1.
4 of 8 steps (50%) done

[Mon Aug 19 14:38:08 2024]
rule rna:
    output: /work/frasergen/backup/3d/project/Interactome/241308_xiaoshu_20240819/02.RNA_ATAC/work.sh, /work/frasergen/backup/3d/project/Interactome/241308_xiaoshu_20240819/02.RNA_ATAC/01.genome_gene_express/work.sh, /work/frasergen/backup/3d/project/Interactome/241308_xiaoshu_20240819/02.RNA_ATAC/02.diff_gene_express/work.sh, /work/frasergen/backup/3d/project/Interactome/241308_xiaoshu_20240819/02.RNA_ATAC/03.BAM_2_coverage/work.sh
    jobid: 3
    resources: tmpdir=/tmp

[Mon Aug 19 14:38:18 2024]
Finished job 3.
5 of 8 steps (62%) done

[Mon Aug 19 14:38:18 2024]
rule diff:
    output: /work/frasergen/backup/3d/project/Interactome/241308_xiaoshu_20240819/04.HiC_diff/multi_sample.yaml, /work/frasergen/backup/3d/project/Interactome/241308_xiaoshu_20240819/04.HiC_diff/work.sh
    jobid: 5
    resources: tmpdir=/tmp

[Mon Aug 19 14:38:28 2024]
Finished job 5.
6 of 8 steps (75%) done

[Mon Aug 19 14:38:28 2024]
rule diff_report:
    output: /work/frasergen/backup/3d/project/Interactome/241308_xiaoshu_20240819/04.HiC_diff/05.multi_report/report.yaml, /work/frasergen/backup/3d/project/Interactome/241308_xiaoshu_20240819/04.HiC_diff/05.multi_report/work.sh
    jobid: 7
    resources: tmpdir=/tmp

[Mon Aug 19 14:38:38 2024]
Finished job 7.
7 of 8 steps (88%) done

[Mon Aug 19 14:38:38 2024]
localrule all:
    input: /work/frasergen/backup/3d/project/Interactome/241308_xiaoshu_20240819/00.ref/work.sh, /work/frasergen/backup/3d/project/Interactome/241308_xiaoshu_20240819/01.rawdata/work.sh, /work/frasergen/backup/3d/project/Interactome/241308_xiaoshu_20240819/02.RNA_ATAC/work.sh, /work/frasergen/backup/3d/project/Interactome/241308_xiaoshu_20240819/03.HiC/work.sh, /work/frasergen/backup/3d/project/Interactome/241308_xiaoshu_20240819/04.HiC_diff/work.sh, /work/frasergen/backup/3d/project/Interactome/241308_xiaoshu_20240819/03.HiC/08.report/work.sh, /work/frasergen/backup/3d/project/Interactome/241308_xiaoshu_20240819/04.HiC_diff/05.multi_report/work.sh
    jobid: 0
    resources: tmpdir=/tmp

[Mon Aug 19 14:38:38 2024]
Finished job 0.
8 of 8 steps (100%) done
Complete log: /work/frasergen/3D/work/shaojie/script/HiC/hic_prepare/standard_analysis/.snakemake/log/2024-08-19T143712.694679.snakemake.log
