Building DAG of jobs...
Using shell: /usr/bin/bash
Provided cores: 1 (use --cores to define parallelism)
Rules claiming more threads will be scaled down.
Job stats:
job              count    min threads    max threads
-------------  -------  -------------  -------------
all                  1              1              1
diff                 1              1              1
diff_report          1              1              1
rawdata              1              1              1
ref                  1              1              1
rna                  1              1              1
single               1              1              1
single_report        1              1              1
total                8              1              1


[Mon Apr 22 17:23:10 2024]
rule rawdata:
    output: /work/frasergen/3D/work/shaojie/script/HiC/hic_prepare/standard_analysis/230891_ctinidia_arguta_20240204/01.rawdata/work.sh
    jobid: 2
    resources: tmpdir=/tmp

[Mon Apr 22 17:23:18 2024]
Finished job 2.
1 of 8 steps (12%) done

[Mon Apr 22 17:23:18 2024]
rule single:
    output: /work/frasergen/3D/work/shaojie/script/HiC/hic_prepare/standard_analysis/230891_ctinidia_arguta_20240204/03.HiC/single_sample.yaml, /work/frasergen/3D/work/shaojie/script/HiC/hic_prepare/standard_analysis/230891_ctinidia_arguta_20240204/03.HiC/work.sh
    jobid: 4
    resources: tmpdir=/tmp

[Mon Apr 22 17:23:28 2024]
Finished job 4.
2 of 8 steps (25%) done

[Mon Apr 22 17:23:28 2024]
rule single_report:
    output: /work/frasergen/3D/work/shaojie/script/HiC/hic_prepare/standard_analysis/230891_ctinidia_arguta_20240204/03.HiC/08.report/report.yaml, /work/frasergen/3D/work/shaojie/script/HiC/hic_prepare/standard_analysis/230891_ctinidia_arguta_20240204/03.HiC/08.report/work.sh
    jobid: 6
    resources: tmpdir=/tmp

[Mon Apr 22 17:23:42 2024]
Finished job 6.
3 of 8 steps (38%) done

[Mon Apr 22 17:23:42 2024]
rule rna:
    output: /work/frasergen/3D/work/shaojie/script/HiC/hic_prepare/standard_analysis/230891_ctinidia_arguta_20240204/02.RNA_ATAC/work.sh
    jobid: 3
    resources: tmpdir=/tmp

Shutting down, this might take some time.
Exiting because a job execution failed. Look above for error message
Complete log: /work/frasergen/3D/work/shaojie/script/HiC/hic_prepare/standard_analysis/.snakemake/log/2024-04-22T172256.980291.snakemake.log
