Building DAG of jobs...
Using shell: /usr/bin/bash
Provided cores: 1 (use --cores to define parallelism)
Rules claiming more threads will be scaled down.
Job stats:
job              count    min threads    max threads
-------------  -------  -------------  -------------
all                  1              1              1
diff                 1              1              1
diff_report          1              1              1
rawdata              1              1              1
ref                  1              1              1
rna                  1              1              1
single               1              1              1
single_report        1              1              1
total                8              1              1


[Fri Oct 11 16:18:44 2024]
rule ref:
    output: /work/frasergen/3D/work/shaojie/script/HiC/hic_prepare/standard_analysis/241206_paotong_20240930/00.ref/work.sh
    jobid: 1
    resources: tmpdir=/tmp

[Fri Oct 11 16:18:59 2024]
Finished job 1.
1 of 8 steps (12%) done

[Fri Oct 11 16:18:59 2024]
rule rna:
    log: /work/frasergen/3D/work/shaojie/script/HiC/hic_prepare/standard_analysis/241206_paotong_20240930/02.personal/work.sh
    jobid: 3
    resources: tmpdir=/tmp

Shutting down, this might take some time.
Exiting because a job execution failed. Look above for error message
Complete log: /work/frasergen/3D/work/shaojie/script/HiC/hic_prepare/standard_analysis/.snakemake/log/2024-10-11T161825.510393.snakemake.log
