Building DAG of jobs...
Using shell: /usr/bin/bash
Provided cores: 1 (use --cores to define parallelism)
Rules claiming more threads will be scaled down.
Job stats:
job      count    min threads    max threads
-----  -------  -------------  -------------
all          1              1              1
rna          1              1              1
total        2              1              1


[Wed May 15 16:38:34 2024]
rule rna:
    output: /work/frasergen/backup/3d/project/Interactome/232188_Gossypium_hirsutum/02.RNA_ATAC/work.sh, /work/frasergen/backup/3d/project/Interactome/232188_Gossypium_hirsutum/02.RNA_ATAC/01.genome_gene_express/work.sh, /work/frasergen/backup/3d/project/Interactome/232188_Gossypium_hirsutum/02.RNA_ATAC/02.diff_gene_express/work.sh, /work/frasergen/backup/3d/project/Interactome/232188_Gossypium_hirsutum/02.RNA_ATAC/03.BAM_2_coverage/work.sh
    jobid: 3
    resources: tmpdir=/tmp

[Wed May 15 16:38:44 2024]
Finished job 3.
1 of 2 steps (50%) done

[Wed May 15 16:38:44 2024]
localrule all:
    input: /work/frasergen/backup/3d/project/Interactome/232188_Gossypium_hirsutum/00.ref/work.sh, /work/frasergen/backup/3d/project/Interactome/232188_Gossypium_hirsutum/01.rawdata/work.sh, /work/frasergen/backup/3d/project/Interactome/232188_Gossypium_hirsutum/02.RNA_ATAC/work.sh, /work/frasergen/backup/3d/project/Interactome/232188_Gossypium_hirsutum/03.HiC/work.sh, /work/frasergen/backup/3d/project/Interactome/232188_Gossypium_hirsutum/04.HiC_diff/work.sh, /work/frasergen/backup/3d/project/Interactome/232188_Gossypium_hirsutum/03.HiC/08.report/work.sh, /work/frasergen/backup/3d/project/Interactome/232188_Gossypium_hirsutum/04.HiC_diff/05.multi_report/work.sh
    jobid: 0
    resources: tmpdir=/tmp

[Wed May 15 16:38:44 2024]
Finished job 0.
2 of 2 steps (100%) done
Complete log: /work/frasergen/3D/work/shaojie/script/HiC/hic_prepare/standard_analysis/.snakemake/log/2024-05-15T163828.080030.snakemake.log
