Building DAG of jobs...
Using shell: /usr/bin/bash
Provided cores: 1 (use --cores to define parallelism)
Rules claiming more threads will be scaled down.
Job stats:
job              count    min threads    max threads
-------------  -------  -------------  -------------
all                  1              1              1
diff                 1              1              1
diff_report          1              1              1
rawdata              1              1              1
ref                  1              1              1
rna                  1              1              1
single               1              1              1
single_report        1              1              1
total                8              1              1


[Thu Dec  5 09:55:23 2024]
rule diff_report:
    output: /work/frasergen/backup/3d/project/Interactome/231712_zao_20241205/04.HiC_diff/05.multi_report/report.yaml, /work/frasergen/backup/3d/project/Interactome/231712_zao_20241205/04.HiC_diff/05.multi_report/work.sh
    jobid: 7
    resources: tmpdir=/tmp

[Thu Dec  5 09:55:41 2024]
Finished job 7.
1 of 8 steps (12%) done

[Thu Dec  5 09:55:41 2024]
rule rawdata:
    output: /work/frasergen/backup/3d/project/Interactome/231712_zao_20241205/01.rawdata/work.sh
    jobid: 2
    resources: tmpdir=/tmp

[Thu Dec  5 09:55:59 2024]
Finished job 2.
2 of 8 steps (25%) done

[Thu Dec  5 09:55:59 2024]
rule single:
    output: /work/frasergen/backup/3d/project/Interactome/231712_zao_20241205/03.HiC/single_sample.yaml, /work/frasergen/backup/3d/project/Interactome/231712_zao_20241205/03.HiC/work.sh
    jobid: 4
    resources: tmpdir=/tmp

[Thu Dec  5 09:56:21 2024]
Finished job 4.
3 of 8 steps (38%) done

[Thu Dec  5 09:56:21 2024]
rule ref:
    output: /work/frasergen/backup/3d/project/Interactome/231712_zao_20241205/00.ref/work.sh
    jobid: 1
    resources: tmpdir=/tmp

[Thu Dec  5 09:56:44 2024]
Finished job 1.
4 of 8 steps (50%) done

[Thu Dec  5 09:56:44 2024]
rule rna:
    log: /work/frasergen/backup/3d/project/Interactome/231712_zao_20241205/02.personal/work.sh
    jobid: 3
    resources: tmpdir=/tmp

[Thu Dec  5 09:57:10 2024]
Finished job 3.
5 of 8 steps (62%) done

[Thu Dec  5 09:57:10 2024]
rule diff:
    output: /work/frasergen/backup/3d/project/Interactome/231712_zao_20241205/04.HiC_diff/multi_sample.yaml, /work/frasergen/backup/3d/project/Interactome/231712_zao_20241205/04.HiC_diff/work.sh
    jobid: 5
    resources: tmpdir=/tmp

[Thu Dec  5 09:57:46 2024]
Finished job 5.
6 of 8 steps (75%) done

[Thu Dec  5 09:57:46 2024]
rule single_report:
    output: /work/frasergen/backup/3d/project/Interactome/231712_zao_20241205/03.HiC/08.report/report.yaml, /work/frasergen/backup/3d/project/Interactome/231712_zao_20241205/03.HiC/08.report/work.sh
    jobid: 6
    resources: tmpdir=/tmp

[Thu Dec  5 09:58:18 2024]
Finished job 6.
7 of 8 steps (88%) done

[Thu Dec  5 09:58:18 2024]
localrule all:
    input: /work/frasergen/backup/3d/project/Interactome/231712_zao_20241205/00.ref/work.sh, /work/frasergen/backup/3d/project/Interactome/231712_zao_20241205/01.rawdata/work.sh, /work/frasergen/backup/3d/project/Interactome/231712_zao_20241205/02.personal/work.sh, /work/frasergen/backup/3d/project/Interactome/231712_zao_20241205/03.HiC/work.sh, /work/frasergen/backup/3d/project/Interactome/231712_zao_20241205/04.HiC_diff/work.sh, /work/frasergen/backup/3d/project/Interactome/231712_zao_20241205/03.HiC/08.report/work.sh, /work/frasergen/backup/3d/project/Interactome/231712_zao_20241205/04.HiC_diff/05.multi_report/work.sh
    jobid: 0
    resources: tmpdir=/tmp

[Thu Dec  5 09:58:18 2024]
Finished job 0.
8 of 8 steps (100%) done
Complete log: /work/frasergen/3D/work/shaojie/script/HiC/hic_prepare/standard_analysis/.snakemake/log/2024-12-05T095501.964038.snakemake.log
