Building DAG of jobs...
Using shell: /usr/bin/bash
Provided cores: 1 (use --cores to define parallelism)
Rules claiming more threads will be scaled down.
Job stats:
job            count    min threads    max threads
-----------  -------  -------------  -------------
all                1              1              1
diff               1              1              1
diff_report        1              1              1
ref                1              1              1
rna                1              1              1
total              5              1              1


[Wed Apr 17 20:34:58 2024]
rule rna:
    output: /work/frasergen/3D/work/shaojie/script/HiC/hic_prepare/standard_analysis/230891_ctinidia_arguta_20240204/02.RNA_ATAC/work.sh, /work/frasergen/3D/work/shaojie/script/HiC/hic_prepare/standard_analysis/230891_ctinidia_arguta_20240204/02.RNA_ATAC/01.genome_gene_express/work.sh, /work/frasergen/3D/work/shaojie/script/HiC/hic_prepare/standard_analysis/230891_ctinidia_arguta_20240204/02.RNA_ATAC/02.diff_gene_express/work.sh, /work/frasergen/3D/work/shaojie/script/HiC/hic_prepare/standard_analysis/230891_ctinidia_arguta_20240204/02.RNA_ATAC/03.BAM_2_coverage/work.sh
    jobid: 3
    resources: tmpdir=/tmp

[Wed Apr 17 20:35:08 2024]
Finished job 3.
1 of 5 steps (20%) done

[Wed Apr 17 20:35:08 2024]
rule diff:
    output: /work/frasergen/3D/work/shaojie/script/HiC/hic_prepare/standard_analysis/230891_ctinidia_arguta_20240204/04.HiC_diff/multi_sample.yaml, /work/frasergen/3D/work/shaojie/script/HiC/hic_prepare/standard_analysis/230891_ctinidia_arguta_20240204/04.HiC_diff/work.sh
    jobid: 5
    resources: tmpdir=/tmp

[Wed Apr 17 20:35:17 2024]
Finished job 5.
2 of 5 steps (40%) done

[Wed Apr 17 20:35:17 2024]
rule diff_report:
    output: /work/frasergen/3D/work/shaojie/script/HiC/hic_prepare/standard_analysis/230891_ctinidia_arguta_20240204/04.HiC_diff/05.multi_report/report.yaml, /work/frasergen/3D/work/shaojie/script/HiC/hic_prepare/standard_analysis/230891_ctinidia_arguta_20240204/04.HiC_diff/05.multi_report/work.sh
    jobid: 7
    resources: tmpdir=/tmp

[Wed Apr 17 20:35:31 2024]
Finished job 7.
3 of 5 steps (60%) done

[Wed Apr 17 20:35:31 2024]
rule ref:
    output: /work/frasergen/3D/work/shaojie/script/HiC/hic_prepare/standard_analysis/230891_ctinidia_arguta_20240204/00.ref/work.sh
    jobid: 1
    resources: tmpdir=/tmp

[Wed Apr 17 20:35:40 2024]
Finished job 1.
4 of 5 steps (80%) done

[Wed Apr 17 20:35:40 2024]
localrule all:
    input: /work/frasergen/3D/work/shaojie/script/HiC/hic_prepare/standard_analysis/230891_ctinidia_arguta_20240204/00.ref/work.sh, /work/frasergen/3D/work/shaojie/script/HiC/hic_prepare/standard_analysis/230891_ctinidia_arguta_20240204/01.rawdata/work.sh, /work/frasergen/3D/work/shaojie/script/HiC/hic_prepare/standard_analysis/230891_ctinidia_arguta_20240204/02.RNA_ATAC/work.sh, /work/frasergen/3D/work/shaojie/script/HiC/hic_prepare/standard_analysis/230891_ctinidia_arguta_20240204/03.HiC/work.sh, /work/frasergen/3D/work/shaojie/script/HiC/hic_prepare/standard_analysis/230891_ctinidia_arguta_20240204/04.HiC_diff/work.sh, /work/frasergen/3D/work/shaojie/script/HiC/hic_prepare/standard_analysis/230891_ctinidia_arguta_20240204/03.HiC/08.report/work.sh, /work/frasergen/3D/work/shaojie/script/HiC/hic_prepare/standard_analysis/230891_ctinidia_arguta_20240204/04.HiC_diff/05.multi_report/work.sh
    jobid: 0
    resources: tmpdir=/tmp

[Wed Apr 17 20:35:40 2024]
Finished job 0.
5 of 5 steps (100%) done
Complete log: /work/frasergen/3D/work/shaojie/script/HiC/hic_prepare/standard_analysis/.snakemake/log/2024-04-17T203451.658635.snakemake.log
