Building DAG of jobs...
Using shell: /usr/bin/bash
Provided cores: 1 (use --cores to define parallelism)
Rules claiming more threads will be scaled down.
Job stats:
job              count    min threads    max threads
-------------  -------  -------------  -------------
all                  1              1              1
diff                 1              1              1
diff_report          1              1              1
rawdata              1              1              1
ref                  1              1              1
rna                  1              1              1
single               1              1              1
single_report        1              1              1
total                8              1              1


[Thu Jun 27 16:28:15 2024]
rule rawdata:
    output: /work/frasergen/backup/3d/project/Interactome/240968_niu_20240627/01.rawdata/work.sh
    jobid: 2
    resources: tmpdir=/tmp

[Thu Jun 27 16:28:27 2024]
Finished job 2.
1 of 8 steps (12%) done

[Thu Jun 27 16:28:27 2024]
rule single:
    output: /work/frasergen/backup/3d/project/Interactome/240968_niu_20240627/03.HiC/single_sample.yaml, /work/frasergen/backup/3d/project/Interactome/240968_niu_20240627/03.HiC/work.sh
    jobid: 4
    resources: tmpdir=/tmp

[Thu Jun 27 16:28:38 2024]
Finished job 4.
2 of 8 steps (25%) done

[Thu Jun 27 16:28:38 2024]
rule single_report:
    output: /work/frasergen/backup/3d/project/Interactome/240968_niu_20240627/03.HiC/08.report/report.yaml, /work/frasergen/backup/3d/project/Interactome/240968_niu_20240627/03.HiC/08.report/work.sh
    jobid: 6
    resources: tmpdir=/tmp

[Thu Jun 27 16:28:48 2024]
Finished job 6.
3 of 8 steps (38%) done

[Thu Jun 27 16:28:48 2024]
rule rna:
    output: /work/frasergen/backup/3d/project/Interactome/240968_niu_20240627/02.RNA_ATAC/work.sh, /work/frasergen/backup/3d/project/Interactome/240968_niu_20240627/02.RNA_ATAC/01.genome_gene_express/work.sh, /work/frasergen/backup/3d/project/Interactome/240968_niu_20240627/02.RNA_ATAC/02.diff_gene_express/work.sh, /work/frasergen/backup/3d/project/Interactome/240968_niu_20240627/02.RNA_ATAC/03.BAM_2_coverage/work.sh
    jobid: 3
    resources: tmpdir=/tmp

[Thu Jun 27 16:28:59 2024]
Finished job 3.
4 of 8 steps (50%) done

[Thu Jun 27 16:28:59 2024]
rule diff:
    output: /work/frasergen/backup/3d/project/Interactome/240968_niu_20240627/04.HiC_diff/multi_sample.yaml, /work/frasergen/backup/3d/project/Interactome/240968_niu_20240627/04.HiC_diff/work.sh
    jobid: 5
    resources: tmpdir=/tmp

[Thu Jun 27 16:29:08 2024]
Finished job 5.
5 of 8 steps (62%) done

[Thu Jun 27 16:29:08 2024]
rule diff_report:
    output: /work/frasergen/backup/3d/project/Interactome/240968_niu_20240627/04.HiC_diff/05.multi_report/report.yaml, /work/frasergen/backup/3d/project/Interactome/240968_niu_20240627/04.HiC_diff/05.multi_report/work.sh
    jobid: 7
    resources: tmpdir=/tmp

[Thu Jun 27 16:29:19 2024]
Finished job 7.
6 of 8 steps (75%) done

[Thu Jun 27 16:29:19 2024]
rule ref:
    output: /work/frasergen/backup/3d/project/Interactome/240968_niu_20240627/00.ref/work.sh
    jobid: 1
    resources: tmpdir=/tmp

[Thu Jun 27 16:29:30 2024]
Finished job 1.
7 of 8 steps (88%) done

[Thu Jun 27 16:29:30 2024]
localrule all:
    input: /work/frasergen/backup/3d/project/Interactome/240968_niu_20240627/00.ref/work.sh, /work/frasergen/backup/3d/project/Interactome/240968_niu_20240627/01.rawdata/work.sh, /work/frasergen/backup/3d/project/Interactome/240968_niu_20240627/02.RNA_ATAC/work.sh, /work/frasergen/backup/3d/project/Interactome/240968_niu_20240627/03.HiC/work.sh, /work/frasergen/backup/3d/project/Interactome/240968_niu_20240627/04.HiC_diff/work.sh, /work/frasergen/backup/3d/project/Interactome/240968_niu_20240627/03.HiC/08.report/work.sh, /work/frasergen/backup/3d/project/Interactome/240968_niu_20240627/04.HiC_diff/05.multi_report/work.sh
    jobid: 0
    resources: tmpdir=/tmp

[Thu Jun 27 16:29:30 2024]
Finished job 0.
8 of 8 steps (100%) done
Complete log: /work/frasergen/3D/work/shaojie/script/HiC/hic_prepare/standard_analysis/.snakemake/log/2024-06-27T162757.929781.snakemake.log
