Building DAG of jobs...
Using shell: /usr/bin/bash
Provided cores: 1 (use --cores to define parallelism)
Rules claiming more threads will be scaled down.
Job stats:
job              count    min threads    max threads
-------------  -------  -------------  -------------
all                  1              1              1
diff                 1              1              1
diff_report          1              1              1
rawdata              1              1              1
ref                  1              1              1
rna                  1              1              1
single               1              1              1
single_report        1              1              1
total                8              1              1


[Tue Sep 17 03:31:07 2024]
rule ref:
    output: /work/frasergen/3D/work/shaojie/script/HiC/hic_prepare/standard_analysis/241157_human_20240826/00.ref/work.sh
    jobid: 1
    resources: tmpdir=/tmp

[Tue Sep 17 03:31:18 2024]
Finished job 1.
1 of 8 steps (12%) done

[Tue Sep 17 03:31:18 2024]
rule rna:
    output: /work/frasergen/3D/work/shaojie/script/HiC/hic_prepare/standard_analysis/241157_human_20240826/02.personal/work.sh, /work/frasergen/3D/work/shaojie/script/HiC/hic_prepare/standard_analysis/241157_human_20240826/02.personal/01.genome_gene_express/work.sh, /work/frasergen/3D/work/shaojie/script/HiC/hic_prepare/standard_analysis/241157_human_20240826/02.personal/02.diff_gene_express/work.sh, /work/frasergen/3D/work/shaojie/script/HiC/hic_prepare/standard_analysis/241157_human_20240826/02.personal/03.BAM_2_coverage/work.sh
    jobid: 3
    resources: tmpdir=/tmp

Shutting down, this might take some time.
Exiting because a job execution failed. Look above for error message
Complete log: /work/frasergen/3D/work/shaojie/script/HiC/hic_prepare/standard_analysis/.snakemake/log/2024-09-17T033100.675832.snakemake.log
