Building DAG of jobs...
Using shell: /usr/bin/bash
Provided cores: 1 (use --cores to define parallelism)
Rules claiming more threads will be scaled down.
Job stats:
job            count    min threads    max threads
-----------  -------  -------------  -------------
all                1              1              1
diff               1              1              1
diff_report        1              1              1
total              3              1              1


[Thu Apr 25 15:02:09 2024]
rule diff:
    output: /work/frasergen/3D/work/shaojie/script/HiC/hic_prepare/standard_analysis/231062-02_sbuffalo/04.HiC_diff/multi_sample.yaml, /work/frasergen/3D/work/shaojie/script/HiC/hic_prepare/standard_analysis/231062-02_sbuffalo/04.HiC_diff/work.sh
    jobid: 5
    resources: tmpdir=/tmp

[Thu Apr 25 15:02:28 2024]
Finished job 5.
1 of 3 steps (33%) done

[Thu Apr 25 15:02:28 2024]
rule diff_report:
    output: /work/frasergen/3D/work/shaojie/script/HiC/hic_prepare/standard_analysis/231062-02_sbuffalo/04.HiC_diff/05.multi_report/report.yaml, /work/frasergen/3D/work/shaojie/script/HiC/hic_prepare/standard_analysis/231062-02_sbuffalo/04.HiC_diff/05.multi_report/work.sh
    jobid: 7
    resources: tmpdir=/tmp

[Thu Apr 25 15:02:40 2024]
Finished job 7.
2 of 3 steps (67%) done

[Thu Apr 25 15:02:40 2024]
localrule all:
    input: /work/frasergen/3D/work/shaojie/script/HiC/hic_prepare/standard_analysis/231062-02_sbuffalo/00.ref/work.sh, /work/frasergen/3D/work/shaojie/script/HiC/hic_prepare/standard_analysis/231062-02_sbuffalo/01.rawdata/work.sh, /work/frasergen/3D/work/shaojie/script/HiC/hic_prepare/standard_analysis/231062-02_sbuffalo/02.RNA_ATAC/work.sh, /work/frasergen/3D/work/shaojie/script/HiC/hic_prepare/standard_analysis/231062-02_sbuffalo/03.HiC/work.sh, /work/frasergen/3D/work/shaojie/script/HiC/hic_prepare/standard_analysis/231062-02_sbuffalo/04.HiC_diff/work.sh, /work/frasergen/3D/work/shaojie/script/HiC/hic_prepare/standard_analysis/231062-02_sbuffalo/03.HiC/08.report/work.sh, /work/frasergen/3D/work/shaojie/script/HiC/hic_prepare/standard_analysis/231062-02_sbuffalo/04.HiC_diff/05.multi_report/work.sh
    jobid: 0
    resources: tmpdir=/tmp

[Thu Apr 25 15:02:40 2024]
Finished job 0.
3 of 3 steps (100%) done
Complete log: /work/frasergen/3D/work/shaojie/script/HiC/hic_prepare/standard_analysis/.snakemake/log/2024-04-25T150202.637690.snakemake.log
