Building DAG of jobs...
Using shell: /usr/bin/bash
Provided cores: 1 (use --cores to define parallelism)
Rules claiming more threads will be scaled down.
Job stats:
job              count    min threads    max threads
-------------  -------  -------------  -------------
all                  1              1              1
diff                 1              1              1
diff_report          1              1              1
rawdata              1              1              1
rna                  1              1              1
single               1              1              1
single_report        1              1              1
total                7              1              1


[Tue Sep 17 03:34:32 2024]
rule rna:
    output: /work/frasergen/3D/work/shaojie/script/HiC/hic_prepare/standard_analysis/241157_human_20240826/02.personal/work.sh, /work/frasergen/3D/work/shaojie/script/HiC/hic_prepare/standard_analysis/241157_human_20240826/02.personal/01.genome_gene_express/work.sh, /work/frasergen/3D/work/shaojie/script/HiC/hic_prepare/standard_analysis/241157_human_20240826/02.personal/02.diff_gene_express/work.sh, /work/frasergen/3D/work/shaojie/script/HiC/hic_prepare/standard_analysis/241157_human_20240826/02.personal/03.BAM_2_coverage/work.sh
    jobid: 3
    resources: tmpdir=/tmp

[Tue Sep 17 03:34:43 2024]
Finished job 3.
1 of 7 steps (14%) done

[Tue Sep 17 03:34:43 2024]
rule diff:
    output: /work/frasergen/3D/work/shaojie/script/HiC/hic_prepare/standard_analysis/241157_human_20240826/04.HiC_diff/multi_sample.yaml, /work/frasergen/3D/work/shaojie/script/HiC/hic_prepare/standard_analysis/241157_human_20240826/04.HiC_diff/work.sh
    jobid: 5
    resources: tmpdir=/tmp

[Tue Sep 17 03:34:53 2024]
Finished job 5.
2 of 7 steps (29%) done

[Tue Sep 17 03:34:53 2024]
rule rawdata:
    output: /work/frasergen/3D/work/shaojie/script/HiC/hic_prepare/standard_analysis/241157_human_20240826/01.rawdata/work.sh
    jobid: 2
    resources: tmpdir=/tmp

[Tue Sep 17 03:35:04 2024]
Finished job 2.
3 of 7 steps (43%) done

[Tue Sep 17 03:35:04 2024]
rule single:
    output: /work/frasergen/3D/work/shaojie/script/HiC/hic_prepare/standard_analysis/241157_human_20240826/03.HiC/single_sample.yaml, /work/frasergen/3D/work/shaojie/script/HiC/hic_prepare/standard_analysis/241157_human_20240826/03.HiC/work.sh
    jobid: 4
    resources: tmpdir=/tmp

[Tue Sep 17 03:35:14 2024]
Finished job 4.
4 of 7 steps (57%) done

[Tue Sep 17 03:35:14 2024]
rule single_report:
    output: /work/frasergen/3D/work/shaojie/script/HiC/hic_prepare/standard_analysis/241157_human_20240826/03.HiC/08.report/report.yaml, /work/frasergen/3D/work/shaojie/script/HiC/hic_prepare/standard_analysis/241157_human_20240826/03.HiC/08.report/work.sh
    jobid: 6
    resources: tmpdir=/tmp

[Tue Sep 17 03:35:24 2024]
Finished job 6.
5 of 7 steps (71%) done

[Tue Sep 17 03:35:24 2024]
rule diff_report:
    output: /work/frasergen/3D/work/shaojie/script/HiC/hic_prepare/standard_analysis/241157_human_20240826/04.HiC_diff/05.multi_report/report.yaml, /work/frasergen/3D/work/shaojie/script/HiC/hic_prepare/standard_analysis/241157_human_20240826/04.HiC_diff/05.multi_report/work.sh
    jobid: 7
    resources: tmpdir=/tmp

[Tue Sep 17 03:35:35 2024]
Finished job 7.
6 of 7 steps (86%) done

[Tue Sep 17 03:35:35 2024]
localrule all:
    input: /work/frasergen/3D/work/shaojie/script/HiC/hic_prepare/standard_analysis/241157_human_20240826/00.ref/work.sh, /work/frasergen/3D/work/shaojie/script/HiC/hic_prepare/standard_analysis/241157_human_20240826/01.rawdata/work.sh, /work/frasergen/3D/work/shaojie/script/HiC/hic_prepare/standard_analysis/241157_human_20240826/02.personal/work.sh, /work/frasergen/3D/work/shaojie/script/HiC/hic_prepare/standard_analysis/241157_human_20240826/03.HiC/work.sh, /work/frasergen/3D/work/shaojie/script/HiC/hic_prepare/standard_analysis/241157_human_20240826/04.HiC_diff/work.sh, /work/frasergen/3D/work/shaojie/script/HiC/hic_prepare/standard_analysis/241157_human_20240826/03.HiC/08.report/work.sh, /work/frasergen/3D/work/shaojie/script/HiC/hic_prepare/standard_analysis/241157_human_20240826/04.HiC_diff/05.multi_report/work.sh
    jobid: 0
    resources: tmpdir=/tmp

[Tue Sep 17 03:35:35 2024]
Finished job 0.
7 of 7 steps (100%) done
Complete log: /work/frasergen/3D/work/shaojie/script/HiC/hic_prepare/standard_analysis/.snakemake/log/2024-09-17T033425.814057.snakemake.log
