Building DAG of jobs...
Using shell: /usr/bin/bash
Provided cores: 1 (use --cores to define parallelism)
Rules claiming more threads will be scaled down.
Job stats:
job      count    min threads    max threads
-----  -------  -------------  -------------
all          1              1              1
rna          1              1              1
total        2              1              1


[Thu Apr 18 09:17:38 2024]
rule rna:
    output: /work/frasergen/3D/work/shaojie/script/HiC/hic_prepare/standard_analysis/230891_ctinidia_arguta_20240204/02.RNA_ATAC/work.sh
    jobid: 3
    resources: tmpdir=/tmp

[Thu Apr 18 09:17:47 2024]
Finished job 3.
1 of 2 steps (50%) done

[Thu Apr 18 09:17:47 2024]
localrule all:
    input: /work/frasergen/3D/work/shaojie/script/HiC/hic_prepare/standard_analysis/230891_ctinidia_arguta_20240204/00.ref/work.sh, /work/frasergen/3D/work/shaojie/script/HiC/hic_prepare/standard_analysis/230891_ctinidia_arguta_20240204/01.rawdata/work.sh, /work/frasergen/3D/work/shaojie/script/HiC/hic_prepare/standard_analysis/230891_ctinidia_arguta_20240204/02.RNA_ATAC/work.sh, /work/frasergen/3D/work/shaojie/script/HiC/hic_prepare/standard_analysis/230891_ctinidia_arguta_20240204/03.HiC/work.sh, /work/frasergen/3D/work/shaojie/script/HiC/hic_prepare/standard_analysis/230891_ctinidia_arguta_20240204/04.HiC_diff/work.sh, /work/frasergen/3D/work/shaojie/script/HiC/hic_prepare/standard_analysis/230891_ctinidia_arguta_20240204/03.HiC/08.report/work.sh, /work/frasergen/3D/work/shaojie/script/HiC/hic_prepare/standard_analysis/230891_ctinidia_arguta_20240204/04.HiC_diff/05.multi_report/work.sh
    jobid: 0
    resources: tmpdir=/tmp

[Thu Apr 18 09:17:47 2024]
Finished job 0.
2 of 2 steps (100%) done
Complete log: /work/frasergen/3D/work/shaojie/script/HiC/hic_prepare/standard_analysis/.snakemake/log/2024-04-18T091732.398063.snakemake.log
