Building DAG of jobs...
Using shell: /usr/bin/bash
Provided cores: 10
Rules claiming more threads will be scaled down.
Job stats:
job              count    min threads    max threads
-------------  -------  -------------  -------------
all                  1              1              1
single_report        1              1              1
total                2              1              1


[Sun Apr  7 17:01:37 2024]
rule single_report:
    output: /work/frasergen/backup/3d/project/Interactome/221385-02_Litopenaeus_vannamei/03.HiC/08.report/report.yaml, /work/frasergen/backup/3d/project/Interactome/221385-02_Litopenaeus_vannamei/03.HiC/08.report/work.sh
    jobid: 6
    resources: tmpdir=/tmp

[Sun Apr  7 17:01:51 2024]
Finished job 6.
1 of 2 steps (50%) done

[Sun Apr  7 17:01:51 2024]
localrule all:
    input: /work/frasergen/backup/3d/project/Interactome/221385-02_Litopenaeus_vannamei/00.ref/work.sh, /work/frasergen/backup/3d/project/Interactome/221385-02_Litopenaeus_vannamei/01.rawdata/work.sh, /work/frasergen/backup/3d/project/Interactome/221385-02_Litopenaeus_vannamei/02.RNA_result/work.sh, /work/frasergen/backup/3d/project/Interactome/221385-02_Litopenaeus_vannamei/03.HiC/work.sh, /work/frasergen/backup/3d/project/Interactome/221385-02_Litopenaeus_vannamei/04.HiC_diff/work.sh, /work/frasergen/backup/3d/project/Interactome/221385-02_Litopenaeus_vannamei/03.HiC/08.report/work.sh, /work/frasergen/backup/3d/project/Interactome/221385-02_Litopenaeus_vannamei/04.HiC_diff/05.multi_report/work.sh
    jobid: 0
    resources: tmpdir=/tmp

[Sun Apr  7 17:01:51 2024]
Finished job 0.
2 of 2 steps (100%) done
Complete log: /work/frasergen/3D/work/shaojie/script/HiC/hic_prepare/standard_analysis/.snakemake/log/2024-04-07T170128.509160.snakemake.log
