Building DAG of jobs...
Using shell: /usr/bin/bash
Provided cores: 10
Rules claiming more threads will be scaled down.
Job stats:
job              count    min threads    max threads
-------------  -------  -------------  -------------
all                  1              1              1
diff                 1              1              1
diff_report          1              1              1
rawdata              1              1              1
ref                  1              1              1
rna                  1              1              1
single               1              1              1
single_report        1              1              1
total                8              1              1


[Mon Apr 15 15:53:18 2024]
rule rawdata:
    output: /work/frasergen/backup/3d/project/Interactome/232084-01_sus_scrofa_20240415/01.rawdata/work.sh
    jobid: 2
    resources: tmpdir=/tmp

[Mon Apr 15 15:53:18 2024]
rule single:
    output: /work/frasergen/backup/3d/project/Interactome/232084-01_sus_scrofa_20240415/03.HiC/single_sample.yaml, /work/frasergen/backup/3d/project/Interactome/232084-01_sus_scrofa_20240415/03.HiC/work.sh
    jobid: 4
    resources: tmpdir=/tmp

[Mon Apr 15 15:53:18 2024]
rule single_report:
    output: /work/frasergen/backup/3d/project/Interactome/232084-01_sus_scrofa_20240415/03.HiC/08.report/report.yaml, /work/frasergen/backup/3d/project/Interactome/232084-01_sus_scrofa_20240415/03.HiC/08.report/work.sh
    jobid: 6
    resources: tmpdir=/tmp

[Mon Apr 15 15:53:18 2024]
rule ref:
    output: /work/frasergen/backup/3d/project/Interactome/232084-01_sus_scrofa_20240415/00.ref/work.sh
    jobid: 1
    resources: tmpdir=/tmp

[Mon Apr 15 15:53:18 2024]
rule rna:
    output: /work/frasergen/backup/3d/project/Interactome/232084-01_sus_scrofa_20240415/02.RNA_result/work.sh
    jobid: 3
    resources: tmpdir=/tmp

[Mon Apr 15 15:53:18 2024]
rule diff:
    output: /work/frasergen/backup/3d/project/Interactome/232084-01_sus_scrofa_20240415/04.HiC_diff/multi_sample.yaml, /work/frasergen/backup/3d/project/Interactome/232084-01_sus_scrofa_20240415/04.HiC_diff/work.sh
    jobid: 5
    resources: tmpdir=/tmp

[Mon Apr 15 15:53:18 2024]
rule diff_report:
    output: /work/frasergen/backup/3d/project/Interactome/232084-01_sus_scrofa_20240415/04.HiC_diff/05.multi_report/report.yaml, /work/frasergen/backup/3d/project/Interactome/232084-01_sus_scrofa_20240415/04.HiC_diff/05.multi_report/work.sh
    jobid: 7
    resources: tmpdir=/tmp

[Mon Apr 15 15:53:30 2024]
Finished job 3.
1 of 8 steps (12%) done
[Mon Apr 15 15:53:30 2024]
Finished job 6.
2 of 8 steps (25%) done
[Mon Apr 15 15:53:30 2024]
Finished job 4.
3 of 8 steps (38%) done
[Mon Apr 15 15:53:30 2024]
Finished job 5.
4 of 8 steps (50%) done
[Mon Apr 15 15:53:30 2024]
Finished job 7.
5 of 8 steps (62%) done
[Mon Apr 15 15:53:30 2024]
Finished job 2.
6 of 8 steps (75%) done
[Mon Apr 15 15:53:30 2024]
Finished job 1.
7 of 8 steps (88%) done

[Mon Apr 15 15:53:30 2024]
localrule all:
    input: /work/frasergen/backup/3d/project/Interactome/232084-01_sus_scrofa_20240415/00.ref/work.sh, /work/frasergen/backup/3d/project/Interactome/232084-01_sus_scrofa_20240415/01.rawdata/work.sh, /work/frasergen/backup/3d/project/Interactome/232084-01_sus_scrofa_20240415/02.RNA_result/work.sh, /work/frasergen/backup/3d/project/Interactome/232084-01_sus_scrofa_20240415/03.HiC/work.sh, /work/frasergen/backup/3d/project/Interactome/232084-01_sus_scrofa_20240415/04.HiC_diff/work.sh, /work/frasergen/backup/3d/project/Interactome/232084-01_sus_scrofa_20240415/03.HiC/08.report/work.sh, /work/frasergen/backup/3d/project/Interactome/232084-01_sus_scrofa_20240415/04.HiC_diff/05.multi_report/work.sh
    jobid: 0
    resources: tmpdir=/tmp

[Mon Apr 15 15:53:30 2024]
Finished job 0.
8 of 8 steps (100%) done
Complete log: /work/frasergen/3D/work/shaojie/script/HiC/hic_prepare/standard_analysis/.snakemake/log/2024-04-15T155310.159892.snakemake.log
