Building DAG of jobs...
Using shell: /usr/bin/bash
Provided cores: 1 (use --cores to define parallelism)
Rules claiming more threads will be scaled down.
Job stats:
job              count    min threads    max threads
-------------  -------  -------------  -------------
all                  1              1              1
diff                 1              1              1
diff_report          1              1              1
rawdata              1              1              1
ref                  1              1              1
rna                  1              1              1
single               1              1              1
single_report        1              1              1
total                8              1              1


[Fri Jan  3 16:50:58 2025]
rule ref:
    output: /work/frasergen/backup/3d/project/Interactome/231172_jiaomu_20240103/00.ref/work.sh
    jobid: 1
    resources: tmpdir=/tmp

[Fri Jan  3 16:51:13 2025]
Finished job 1.
1 of 8 steps (12%) done

[Fri Jan  3 16:51:13 2025]
rule rna:
    log: /work/frasergen/backup/3d/project/Interactome/231172_jiaomu_20240103/02.personal/work.sh
    jobid: 3
    resources: tmpdir=/tmp

[Fri Jan  3 16:51:28 2025]
Finished job 3.
2 of 8 steps (25%) done

[Fri Jan  3 16:51:28 2025]
rule diff:
    output: /work/frasergen/backup/3d/project/Interactome/231172_jiaomu_20240103/04.HiC_diff/multi_sample.yaml, /work/frasergen/backup/3d/project/Interactome/231172_jiaomu_20240103/04.HiC_diff/work.sh
    jobid: 5
    resources: tmpdir=/tmp

[Fri Jan  3 16:51:42 2025]
Finished job 5.
3 of 8 steps (38%) done

[Fri Jan  3 16:51:42 2025]
rule rawdata:
    output: /work/frasergen/backup/3d/project/Interactome/231172_jiaomu_20240103/01.rawdata/work.sh
    jobid: 2
    resources: tmpdir=/tmp

[Fri Jan  3 16:51:56 2025]
Finished job 2.
4 of 8 steps (50%) done

[Fri Jan  3 16:51:56 2025]
rule single:
    output: /work/frasergen/backup/3d/project/Interactome/231172_jiaomu_20240103/03.HiC/single_sample.yaml, /work/frasergen/backup/3d/project/Interactome/231172_jiaomu_20240103/03.HiC/work.sh
    jobid: 4
    resources: tmpdir=/tmp

[Fri Jan  3 16:52:10 2025]
Finished job 4.
5 of 8 steps (62%) done

[Fri Jan  3 16:52:10 2025]
rule single_report:
    output: /work/frasergen/backup/3d/project/Interactome/231172_jiaomu_20240103/03.HiC/08.report/report.yaml, /work/frasergen/backup/3d/project/Interactome/231172_jiaomu_20240103/03.HiC/08.report/work.sh
    jobid: 6
    resources: tmpdir=/tmp

[Fri Jan  3 16:52:25 2025]
Finished job 6.
6 of 8 steps (75%) done

[Fri Jan  3 16:52:26 2025]
rule diff_report:
    output: /work/frasergen/backup/3d/project/Interactome/231172_jiaomu_20240103/04.HiC_diff/05.multi_report/report.yaml, /work/frasergen/backup/3d/project/Interactome/231172_jiaomu_20240103/04.HiC_diff/05.multi_report/work.sh
    jobid: 7
    resources: tmpdir=/tmp

[Fri Jan  3 16:52:44 2025]
Finished job 7.
7 of 8 steps (88%) done

[Fri Jan  3 16:52:44 2025]
localrule all:
    input: /work/frasergen/backup/3d/project/Interactome/231172_jiaomu_20240103/00.ref/work.sh, /work/frasergen/backup/3d/project/Interactome/231172_jiaomu_20240103/01.rawdata/work.sh, /work/frasergen/backup/3d/project/Interactome/231172_jiaomu_20240103/02.personal/work.sh, /work/frasergen/backup/3d/project/Interactome/231172_jiaomu_20240103/03.HiC/work.sh, /work/frasergen/backup/3d/project/Interactome/231172_jiaomu_20240103/04.HiC_diff/work.sh, /work/frasergen/backup/3d/project/Interactome/231172_jiaomu_20240103/03.HiC/08.report/work.sh, /work/frasergen/backup/3d/project/Interactome/231172_jiaomu_20240103/04.HiC_diff/05.multi_report/work.sh
    jobid: 0
    resources: tmpdir=/tmp

[Fri Jan  3 16:52:44 2025]
Finished job 0.
8 of 8 steps (100%) done
Complete log: /work/frasergen/3D/work/shaojie/script/HiC/hic_prepare/standard_analysis/.snakemake/log/2025-01-03T165047.825618.snakemake.log
