Building DAG of jobs...
Using shell: /usr/bin/bash
Provided cores: 1 (use --cores to define parallelism)
Rules claiming more threads will be scaled down.
Job stats:
job              count    min threads    max threads
-------------  -------  -------------  -------------
all                  1              1              1
diff                 1              1              1
diff_report          1              1              1
rawdata              1              1              1
ref                  1              1              1
rna                  1              1              1
single               1              1              1
single_report        1              1              1
total                8              1              1


[Wed Jan 22 14:03:57 2025]
rule ref:
    output: /work/frasergen/backup/3d/project/Interactome/241441_zhenjun_20250122/00.ref/work.sh
    jobid: 1
    resources: tmpdir=/tmp

[Wed Jan 22 14:04:11 2025]
Finished job 1.
1 of 8 steps (12%) done

[Wed Jan 22 14:04:11 2025]
rule rna:
    log: /work/frasergen/backup/3d/project/Interactome/241441_zhenjun_20250122/02.personal/work.sh
    jobid: 3
    resources: tmpdir=/tmp

[Wed Jan 22 14:04:24 2025]
Finished job 3.
2 of 8 steps (25%) done

[Wed Jan 22 14:04:24 2025]
rule diff:
    output: /work/frasergen/backup/3d/project/Interactome/241441_zhenjun_20250122/04.HiC_diff/multi_sample.yaml, /work/frasergen/backup/3d/project/Interactome/241441_zhenjun_20250122/04.HiC_diff/work.sh
    jobid: 5
    resources: tmpdir=/tmp

[Wed Jan 22 14:04:38 2025]
Finished job 5.
3 of 8 steps (38%) done

[Wed Jan 22 14:04:38 2025]
rule rawdata:
    output: /work/frasergen/backup/3d/project/Interactome/241441_zhenjun_20250122/01.rawdata/work.sh
    jobid: 2
    resources: tmpdir=/tmp

[Wed Jan 22 14:04:51 2025]
Finished job 2.
4 of 8 steps (50%) done

[Wed Jan 22 14:04:51 2025]
rule single:
    output: /work/frasergen/backup/3d/project/Interactome/241441_zhenjun_20250122/03.HiC/single_sample.yaml, /work/frasergen/backup/3d/project/Interactome/241441_zhenjun_20250122/03.HiC/work.sh
    jobid: 4
    resources: tmpdir=/tmp

[Wed Jan 22 14:05:04 2025]
Finished job 4.
5 of 8 steps (62%) done

[Wed Jan 22 14:05:04 2025]
rule single_report:
    output: /work/frasergen/backup/3d/project/Interactome/241441_zhenjun_20250122/03.HiC/08.report/report.yaml, /work/frasergen/backup/3d/project/Interactome/241441_zhenjun_20250122/03.HiC/08.report/work.sh
    jobid: 6
    resources: tmpdir=/tmp

[Wed Jan 22 14:05:18 2025]
Finished job 6.
6 of 8 steps (75%) done

[Wed Jan 22 14:05:18 2025]
rule diff_report:
    output: /work/frasergen/backup/3d/project/Interactome/241441_zhenjun_20250122/04.HiC_diff/05.multi_report/report.yaml, /work/frasergen/backup/3d/project/Interactome/241441_zhenjun_20250122/04.HiC_diff/05.multi_report/work.sh
    jobid: 7
    resources: tmpdir=/tmp

[Wed Jan 22 14:05:31 2025]
Finished job 7.
7 of 8 steps (88%) done

[Wed Jan 22 14:05:31 2025]
localrule all:
    input: /work/frasergen/backup/3d/project/Interactome/241441_zhenjun_20250122/00.ref/work.sh, /work/frasergen/backup/3d/project/Interactome/241441_zhenjun_20250122/01.rawdata/work.sh, /work/frasergen/backup/3d/project/Interactome/241441_zhenjun_20250122/02.personal/work.sh, /work/frasergen/backup/3d/project/Interactome/241441_zhenjun_20250122/03.HiC/work.sh, /work/frasergen/backup/3d/project/Interactome/241441_zhenjun_20250122/04.HiC_diff/work.sh, /work/frasergen/backup/3d/project/Interactome/241441_zhenjun_20250122/03.HiC/08.report/work.sh, /work/frasergen/backup/3d/project/Interactome/241441_zhenjun_20250122/04.HiC_diff/05.multi_report/work.sh
    jobid: 0
    resources: tmpdir=/tmp

[Wed Jan 22 14:05:31 2025]
Finished job 0.
8 of 8 steps (100%) done
Complete log: /work/frasergen/3D/work/shaojie/script/HiC/hic_prepare/standard_analysis/.snakemake/log/2025-01-22T140337.216894.snakemake.log
