Building DAG of jobs...
Using shell: /usr/bin/bash
Provided cores: 1 (use --cores to define parallelism)
Rules claiming more threads will be scaled down.
Job stats:
job              count    min threads    max threads
-------------  -------  -------------  -------------
all                  1              1              1
diff                 1              1              1
diff_report          1              1              1
rna                  1              1              1
single               1              1              1
single_report        1              1              1
total                6              1              1


[Sun Jan 12 15:03:59 2025]
rule single:
    output: /work/frasergen/backup/3d/project/Interactome/242467_nnj_yelvti_20241231/03.HiC/single_sample.yaml, /work/frasergen/backup/3d/project/Interactome/242467_nnj_yelvti_20241231/03.HiC/work.sh
    jobid: 4
    resources: tmpdir=/tmp

[Sun Jan 12 15:04:13 2025]
Finished job 4.
1 of 6 steps (17%) done

[Sun Jan 12 15:04:13 2025]
rule rna:
    log: /work/frasergen/backup/3d/project/Interactome/242467_nnj_yelvti_20241231/02.personal/work.sh
    jobid: 3
    resources: tmpdir=/tmp

[Sun Jan 12 15:04:27 2025]
Finished job 3.
2 of 6 steps (33%) done

[Sun Jan 12 15:04:27 2025]
rule diff:
    output: /work/frasergen/backup/3d/project/Interactome/242467_nnj_yelvti_20241231/04.HiC_diff/multi_sample.yaml, /work/frasergen/backup/3d/project/Interactome/242467_nnj_yelvti_20241231/04.HiC_diff/work.sh
    jobid: 5
    resources: tmpdir=/tmp

[Sun Jan 12 15:04:41 2025]
Finished job 5.
3 of 6 steps (50%) done

[Sun Jan 12 15:04:41 2025]
rule single_report:
    output: /work/frasergen/backup/3d/project/Interactome/242467_nnj_yelvti_20241231/03.HiC/08.report/report.yaml, /work/frasergen/backup/3d/project/Interactome/242467_nnj_yelvti_20241231/03.HiC/08.report/work.sh
    jobid: 6
    resources: tmpdir=/tmp

[Sun Jan 12 15:04:55 2025]
Finished job 6.
4 of 6 steps (67%) done

[Sun Jan 12 15:04:55 2025]
rule diff_report:
    output: /work/frasergen/backup/3d/project/Interactome/242467_nnj_yelvti_20241231/04.HiC_diff/05.multi_report/report.yaml, /work/frasergen/backup/3d/project/Interactome/242467_nnj_yelvti_20241231/04.HiC_diff/05.multi_report/work.sh
    jobid: 7
    resources: tmpdir=/tmp

[Sun Jan 12 15:05:09 2025]
Finished job 7.
5 of 6 steps (83%) done

[Sun Jan 12 15:05:09 2025]
localrule all:
    input: /work/frasergen/backup/3d/project/Interactome/242467_nnj_yelvti_20241231/00.ref/work.sh, /work/frasergen/backup/3d/project/Interactome/242467_nnj_yelvti_20241231/01.rawdata/work.sh, /work/frasergen/backup/3d/project/Interactome/242467_nnj_yelvti_20241231/02.personal/work.sh, /work/frasergen/backup/3d/project/Interactome/242467_nnj_yelvti_20241231/03.HiC/work.sh, /work/frasergen/backup/3d/project/Interactome/242467_nnj_yelvti_20241231/04.HiC_diff/work.sh, /work/frasergen/backup/3d/project/Interactome/242467_nnj_yelvti_20241231/03.HiC/08.report/work.sh, /work/frasergen/backup/3d/project/Interactome/242467_nnj_yelvti_20241231/04.HiC_diff/05.multi_report/work.sh
    jobid: 0
    resources: tmpdir=/tmp

[Sun Jan 12 15:05:09 2025]
Finished job 0.
6 of 6 steps (100%) done
Complete log: /work/frasergen/3D/work/shaojie/script/HiC/hic_prepare/standard_analysis/.snakemake/log/2025-01-12T150338.127755.snakemake.log
