Building DAG of jobs...
Using shell: /usr/bin/bash
Provided cluster nodes: 4
Job stats:
job           count    min threads    max threads
----------  -------  -------------  -------------
all               1              1              1
genome            1              1              1
get_gtf           1              1              1
multi             1              1              1
multi_pre         1              1              1
single            2              1              1
single_pre        2              1              1
transform         1              1              1
total            10              1              1


[Sat Jul  6 15:07:59 2024]
rule get_gtf:
    output: /work/frasergen/3D/work/shaojie/script/HiC/washU/upload/analysis20240624_washu/00.longest_gtf/hg19_mRNA_genename.gtf
    log: logs/get_gtf.log
    jobid: 2
    resources: tmpdir=/tmp

Submitted job 2 with external jobid 'Submitted batch job 8674241'.

[Sat Jul  6 15:07:59 2024]
rule single_pre:
    output: /work/frasergen/3D/work/shaojie/script/HiC/washU/upload/analysis20240624_washu/02.single_pre/CapHiC-test, /work/frasergen/3D/work/shaojie/script/HiC/washU/upload/analysis20240624_washu/02.single_pre/CapHiC-test/work.sh
    log: logs/single_pre_CapHiC-test.log
    jobid: 5
    wildcards: spl=CapHiC-test
    resources: tmpdir=/tmp

Submitted job 5 with external jobid 'Submitted batch job 8674242'.

[Sat Jul  6 15:07:59 2024]
rule single_pre:
    output: /work/frasergen/3D/work/shaojie/script/HiC/washU/upload/analysis20240624_washu/02.single_pre/CapHiC-control, /work/frasergen/3D/work/shaojie/script/HiC/washU/upload/analysis20240624_washu/02.single_pre/CapHiC-control/work.sh
    log: logs/single_pre_CapHiC-control.log
    jobid: 7
    wildcards: spl=CapHiC-control
    resources: tmpdir=/tmp

Submitted job 7 with external jobid 'Submitted batch job 8674243'.

[Sat Jul  6 15:07:59 2024]
rule multi_pre:
    output: /work/frasergen/3D/work/shaojie/script/HiC/washU/upload/analysis20240624_washu/03.multi_pre/CapHiC-test.minus.CapHiC-control, /work/frasergen/3D/work/shaojie/script/HiC/washU/upload/analysis20240624_washu/03.multi_pre/CapHiC-test.minus.CapHiC-control/work.sh
    log: logs/multi_pre_CapHiC-test.minus.CapHiC-control.log
    jobid: 9
    wildcards: minus=CapHiC-test.minus.CapHiC-control
    resources: tmpdir=/tmp

Submitted job 9 with external jobid 'Submitted batch job 8674244'.
[Sat Jul  6 15:08:39 2024]
Finished job 9.
1 of 10 steps (10%) done

[Sat Jul  6 15:08:39 2024]
rule multi:
    input: /work/frasergen/3D/work/shaojie/script/HiC/washU/upload/analysis20240624_washu/03.multi_pre/CapHiC-test.minus.CapHiC-control, /work/frasergen/3D/work/shaojie/script/HiC/washU/upload/analysis20240624_washu/03.multi_pre/CapHiC-test.minus.CapHiC-control/work.sh
    output: /work/frasergen/3D/work/shaojie/script/HiC/washU/upload/analysis20240624_washu/CapHiC-test.minus.CapHiC-control, /work/frasergen/3D/work/shaojie/script/HiC/washU/upload/analysis20240624_washu/CapHiC-test.minus.CapHiC-control/work.sh
    log: logs/multi_CapHiC-test.minus.CapHiC-control.log
    jobid: 8
    wildcards: minus=CapHiC-test.minus.CapHiC-control
    resources: tmpdir=/tmp

Submitted job 8 with external jobid 'Submitted batch job 8674245'.
[Sat Jul  6 15:10:09 2024]
Finished job 5.
2 of 10 steps (20%) done

[Sat Jul  6 15:10:09 2024]
rule single:
    input: /work/frasergen/3D/work/shaojie/script/HiC/washU/upload/analysis20240624_washu/02.single_pre/CapHiC-test, /work/frasergen/3D/work/shaojie/script/HiC/washU/upload/analysis20240624_washu/02.single_pre/CapHiC-test/work.sh
    output: /work/frasergen/3D/work/shaojie/script/HiC/washU/upload/analysis20240624_washu/CapHiC-test, /work/frasergen/3D/work/shaojie/script/HiC/washU/upload/analysis20240624_washu/CapHiC-test/work.sh
    log: logs/single_CapHiC-test.log
    jobid: 4
    wildcards: spl=CapHiC-test
    resources: tmpdir=/tmp

[Sat Jul  6 15:10:09 2024]
Finished job 7.
3 of 10 steps (30%) done
Submitted job 4 with external jobid 'Submitted batch job 8674248'.

[Sat Jul  6 15:10:09 2024]
rule single:
    input: /work/frasergen/3D/work/shaojie/script/HiC/washU/upload/analysis20240624_washu/02.single_pre/CapHiC-control, /work/frasergen/3D/work/shaojie/script/HiC/washU/upload/analysis20240624_washu/02.single_pre/CapHiC-control/work.sh
    output: /work/frasergen/3D/work/shaojie/script/HiC/washU/upload/analysis20240624_washu/CapHiC-control, /work/frasergen/3D/work/shaojie/script/HiC/washU/upload/analysis20240624_washu/CapHiC-control/work.sh
    log: logs/single_CapHiC-control.log
    jobid: 6
    wildcards: spl=CapHiC-control
    resources: tmpdir=/tmp

Submitted job 6 with external jobid 'Submitted batch job 8674249'.
[Sat Jul  6 15:16:10 2024]
Finished job 2.
4 of 10 steps (40%) done

[Sat Jul  6 15:16:10 2024]
rule genome:
    input: /work/frasergen/3D/work/shaojie/script/HiC/washU/upload/analysis20240624_washu/00.longest_gtf/hg19_mRNA_genename.gtf
    output: /work/frasergen/3D/work/shaojie/script/HiC/washU/upload/analysis20240624_washu/01.genome/231661_human
    log: logs/genome.log
    jobid: 1
    resources: tmpdir=/tmp

Submitted job 1 with external jobid 'Submitted batch job 8674263'.
