Building DAG of jobs...
Using shell: /usr/bin/bash
Provided cores: 4
Rules claiming more threads will be scaled down.
Job stats:
job          count    min threads    max threads
---------  -------  -------------  -------------
all              1              1              1
genome           1              1              1
multi            1              1              1
single           2              1              1
transform        1              1              1
total            6              1              1


[Wed May 22 15:40:01 2024]
rule multi:
    output: /work/frasergen/3D/work/shaojie/script/HiC/washU/upload/analysis_washu_20240521/GSC-S1R9_vs_GSC-untreated, /work/frasergen/3D/work/shaojie/script/HiC/washU/upload/analysis_washu_20240521/GSC-S1R9_vs_GSC-untreated/work.sh
    jobid: 5
    wildcards: minus=GSC-S1R9_vs_GSC-untreated
    resources: tmpdir=/tmp

[Wed May 22 15:40:01 2024]
rule genome:
    input: /work/frasergen/3D/work/shaojie/script/HiC/washU/upload/analysis_washu_20240521/00.longest_gtf/genome_mRNA_genename.gtf
    output: /work/frasergen/3D/work/shaojie/script/HiC/washU/upload/analysis_washu_20240521/01.genome/genome
    jobid: 1
    resources: tmpdir=/tmp

[Wed May 22 15:40:01 2024]
rule single:
    output: /work/frasergen/3D/work/shaojie/script/HiC/washU/upload/analysis_washu_20240521/GSC-S1R9, /work/frasergen/3D/work/shaojie/script/HiC/washU/upload/analysis_washu_20240521/GSC-S1R9/work.sh
    jobid: 3
    wildcards: spl=GSC-S1R9
    resources: tmpdir=/tmp

[Wed May 22 15:40:01 2024]
rule single:
    output: /work/frasergen/3D/work/shaojie/script/HiC/washU/upload/analysis_washu_20240521/GSC-untreated, /work/frasergen/3D/work/shaojie/script/HiC/washU/upload/analysis_washu_20240521/GSC-untreated/work.sh
    jobid: 4
    wildcards: spl=GSC-untreated
    resources: tmpdir=/tmp

Terminating processes on user request, this might take some time.
