Building DAG of jobs...
Using shell: /usr/bin/bash
Provided cluster nodes: 4
Job stats:
job          count    min threads    max threads
---------  -------  -------------  -------------
all              1              1              1
genome           1              1              1
multi            1              1              1
single           2              1              1
transform        1              1              1
total            6              1              1


[Wed Jun 19 07:06:41 2024]
rule genome:
    input: /work/frasergen/backup/3d/project/Interactome/232188_Gossypium_hirsutum/02.RNA_ATAC/analysis20240618_washu/00.longest_gtf/Ghirsutum_mRNA_genename.gtf
    output: /work/frasergen/backup/3d/project/Interactome/232188_Gossypium_hirsutum/02.RNA_ATAC/analysis20240618_washu/01.genome/Ghirsutum
    jobid: 1
    resources: tmpdir=/tmp

Submitted job 1 with external jobid 'Submitted batch job 8317993'.

[Wed Jun 19 07:06:41 2024]
rule single:
    input: /work/frasergen/backup/3d/project/Interactome/232188_Gossypium_hirsutum/02.RNA_ATAC/analysis20240618_washu/02.single_pre/D2R, /work/frasergen/backup/3d/project/Interactome/232188_Gossypium_hirsutum/02.RNA_ATAC/analysis20240618_washu/02.single_pre/D2R/work.sh
    output: /work/frasergen/backup/3d/project/Interactome/232188_Gossypium_hirsutum/02.RNA_ATAC/analysis20240618_washu/D2R, /work/frasergen/backup/3d/project/Interactome/232188_Gossypium_hirsutum/02.RNA_ATAC/analysis20240618_washu/D2R/work.sh
    jobid: 4
    wildcards: spl=D2R
    resources: tmpdir=/tmp

Submitted job 4 with external jobid 'Submitted batch job 8317994'.

[Wed Jun 19 07:06:41 2024]
rule single:
    input: /work/frasergen/backup/3d/project/Interactome/232188_Gossypium_hirsutum/02.RNA_ATAC/analysis20240618_washu/02.single_pre/D8R, /work/frasergen/backup/3d/project/Interactome/232188_Gossypium_hirsutum/02.RNA_ATAC/analysis20240618_washu/02.single_pre/D8R/work.sh
    output: /work/frasergen/backup/3d/project/Interactome/232188_Gossypium_hirsutum/02.RNA_ATAC/analysis20240618_washu/D8R, /work/frasergen/backup/3d/project/Interactome/232188_Gossypium_hirsutum/02.RNA_ATAC/analysis20240618_washu/D8R/work.sh
    jobid: 6
    wildcards: spl=D8R
    resources: tmpdir=/tmp

Submitted job 6 with external jobid 'Submitted batch job 8317995'.

[Wed Jun 19 07:06:41 2024]
rule multi:
    input: /work/frasergen/backup/3d/project/Interactome/232188_Gossypium_hirsutum/02.RNA_ATAC/analysis20240618_washu/03.multi_pre/D8R.minus.D2R, /work/frasergen/backup/3d/project/Interactome/232188_Gossypium_hirsutum/02.RNA_ATAC/analysis20240618_washu/03.multi_pre/D8R.minus.D2R/work.sh
    output: /work/frasergen/backup/3d/project/Interactome/232188_Gossypium_hirsutum/02.RNA_ATAC/analysis20240618_washu/D8R.minus.D2R, /work/frasergen/backup/3d/project/Interactome/232188_Gossypium_hirsutum/02.RNA_ATAC/analysis20240618_washu/D8R.minus.D2R/work.sh
    jobid: 8
    wildcards: minus=D8R.minus.D2R
    resources: tmpdir=/tmp

Submitted job 8 with external jobid 'Submitted batch job 8317996'.
[Wed Jun 19 07:16:41 2024]
Finished job 8.
1 of 6 steps (17%) done
[Wed Jun 19 07:17:21 2024]
Error in rule genome:
    jobid: 1
    output: /work/frasergen/backup/3d/project/Interactome/232188_Gossypium_hirsutum/02.RNA_ATAC/analysis20240618_washu/01.genome/Ghirsutum
    cluster_jobid: Submitted batch job 8317993

Error executing rule genome on cluster (jobid: 1, external: Submitted batch job 8317993, jobscript: /work/frasergen/3D/work/shaojie/script/HiC/washU/upload/.snakemake/tmp.y97e4t9x/snakejob.genome.1.sh). For error details see the cluster log and the log files of the involved rule(s).
[Wed Jun 19 08:37:27 2024]
Finished job 6.
2 of 6 steps (33%) done
[Wed Jun 19 08:37:57 2024]
Finished job 4.
3 of 6 steps (50%) done
Shutting down, this might take some time.
Exiting because a job execution failed. Look above for error message
Complete log: /work/frasergen/3D/work/shaojie/script/HiC/washU/upload/.snakemake/log/2024-06-19T070631.139694.snakemake.log
