Building DAG of jobs...
Using shell: /usr/bin/bash
Provided cluster nodes: 4
Job stats:
job          count    min threads    max threads
---------  -------  -------------  -------------
all              1              1              1
transform        1              1              1
total            2              1              1


[Wed Jun 19 15:58:29 2024]
rule transform:
    input: /work/frasergen/backup/3d/project/Interactome/232188_Gossypium_hirsutum/02.RNA_ATAC/analysis20240618_washu/D2R, /work/frasergen/backup/3d/project/Interactome/232188_Gossypium_hirsutum/02.RNA_ATAC/analysis20240618_washu/D8R, /work/frasergen/backup/3d/project/Interactome/232188_Gossypium_hirsutum/02.RNA_ATAC/analysis20240618_washu/D8R.minus.D2R, /work/frasergen/backup/3d/project/Interactome/232188_Gossypium_hirsutum/02.RNA_ATAC/analysis20240618_washu/D2R.minus.D8R
    output: /work/frasergen/backup/3d/project/Interactome/232188_Gossypium_hirsutum/02.RNA_ATAC/analysis20240618_washu/232188_maizi
    jobid: 3
    resources: tmpdir=/tmp

Submitted job 3 with external jobid 'Submitted batch job 8331775'.
[Wed Jun 19 15:58:59 2024]
Error in rule transform:
    jobid: 3
    output: /work/frasergen/backup/3d/project/Interactome/232188_Gossypium_hirsutum/02.RNA_ATAC/analysis20240618_washu/232188_maizi
    cluster_jobid: Submitted batch job 8331775

Error executing rule transform on cluster (jobid: 3, external: Submitted batch job 8331775, jobscript: /work/frasergen/3D/work/shaojie/script/HiC/washU/upload/.snakemake/tmp.tz0yxqj2/snakejob.transform.3.sh). For error details see the cluster log and the log files of the involved rule(s).
Shutting down, this might take some time.
Exiting because a job execution failed. Look above for error message
Complete log: /work/frasergen/3D/work/shaojie/script/HiC/washU/upload/.snakemake/log/2024-06-19T155827.038769.snakemake.log
