Building DAG of jobs...
Using shell: /usr/bin/bash
Provided cores: 1 (use --cores to define parallelism)
Rules claiming more threads will be scaled down.
Job stats:
job       count    min threads    max threads
------  -------  -------------  -------------
all           1              1              1
genome        1              1              1
total         2              1              1


[Tue Apr 16 11:31:41 2024]
rule genome:
    input: /work/frasergen/3D/work/shaojie/script/HiC/washU/upload/test/00.longest_gtf/240033_asm904v1_mRNA_genename.gtf
    output: /work/frasergen/3D/work/shaojie/script/HiC/washU/upload/test/01.genome/240033_asm904v1
    jobid: 1
    resources: tmpdir=/tmp

[Tue Apr 16 11:32:02 2024]
Finished job 1.
1 of 2 steps (50%) done

[Tue Apr 16 11:32:02 2024]
localrule all:
    input: /work/frasergen/3D/work/shaojie/script/HiC/washU/upload/test/01.genome/240033_asm904v1
    jobid: 0
    resources: tmpdir=/tmp

[Tue Apr 16 11:32:02 2024]
Finished job 0.
2 of 2 steps (100%) done
Complete log: /work/frasergen/3D/work/shaojie/script/HiC/washU/upload/.snakemake/log/2024-04-16T113133.650075.snakemake.log
