Building DAG of jobs...
Using shell: /usr/bin/bash
Provided cluster nodes: 4
Job stats:
job          count    min threads    max threads
---------  -------  -------------  -------------
all              1              1              1
transform        1              1              1
total            2              1              1


[Thu Jun 27 08:55:21 2024]
rule transform:
    input: /work/frasergen/3D/work/shaojie/script/HiC/washU/upload/analysis20240626_washu/GSC-S1R9, /work/frasergen/3D/work/shaojie/script/HiC/washU/upload/analysis20240626_washu/GSC-untreated, /work/frasergen/3D/work/shaojie/script/HiC/washU/upload/analysis20240626_washu/GSC-S1R9_vs_GSC-untreated
    output: /work/frasergen/3D/work/shaojie/script/HiC/washU/upload/analysis20240626_washu/231070_human
    jobid: 3
    resources: tmpdir=/tmp

Submitted job 3 with external jobid 'Submitted batch job 8459118'.
[Thu Jun 27 08:56:11 2024]
Error in rule transform:
    jobid: 3
    output: /work/frasergen/3D/work/shaojie/script/HiC/washU/upload/analysis20240626_washu/231070_human
    cluster_jobid: Submitted batch job 8459118

Error executing rule transform on cluster (jobid: 3, external: Submitted batch job 8459118, jobscript: /work/frasergen/3D/work/shaojie/script/HiC/washU/upload/.snakemake/tmp.jn3op8r7/snakejob.transform.3.sh). For error details see the cluster log and the log files of the involved rule(s).
Shutting down, this might take some time.
Exiting because a job execution failed. Look above for error message
Complete log: /work/frasergen/3D/work/shaojie/script/HiC/washU/upload/.snakemake/log/2024-06-27T085519.620723.snakemake.log
