Building DAG of jobs...
Using shell: /usr/bin/bash
Provided cluster nodes: 4
Job stats:
job          count    min threads    max threads
---------  -------  -------------  -------------
all              1              1              1
genome           1              1              1
get_gtf          1              1              1
multi            1              1              1
single           2              1              1
transform        1              1              1
total            7              1              1


[Wed May 22 15:20:32 2024]
rule single:
    output: /work/frasergen/3D/work/shaojie/script/HiC/washU/upload/analysis_washu_20240521/GSC-S1R9
    jobid: 3
    wildcards: spl=GSC-S1R9
    resources: tmpdir=/tmp

Submitted job 3 with external jobid 'Submitted batch job 7899261'.

[Wed May 22 15:20:32 2024]
rule single:
    output: /work/frasergen/3D/work/shaojie/script/HiC/washU/upload/analysis_washu_20240521/GSC-untreated
    jobid: 4
    wildcards: spl=GSC-untreated
    resources: tmpdir=/tmp

Submitted job 4 with external jobid 'Submitted batch job 7899262'.

[Wed May 22 15:20:33 2024]
rule multi:
    output: /work/frasergen/3D/work/shaojie/script/HiC/washU/upload/analysis_washu_20240521/GSC-S1R9_vs_GSC-untreated
    jobid: 5
    wildcards: minus=GSC-S1R9_vs_GSC-untreated
    resources: tmpdir=/tmp

Submitted job 5 with external jobid 'Submitted batch job 7899264'.

[Wed May 22 15:20:33 2024]
rule get_gtf:
    output: /work/frasergen/3D/work/shaojie/script/HiC/washU/upload/analysis_washu_20240521/00.longest_gtf/genome_mRNA_genename.gtf
    jobid: 2
    resources: tmpdir=/tmp

Submitted job 2 with external jobid 'Submitted batch job 7899265'.
[Wed May 22 15:21:22 2024]
Error in rule single:
    jobid: 3
    output: /work/frasergen/3D/work/shaojie/script/HiC/washU/upload/analysis_washu_20240521/GSC-S1R9
    cluster_jobid: Submitted batch job 7899261

Error executing rule single on cluster (jobid: 3, external: Submitted batch job 7899261, jobscript: /work/frasergen/3D/work/shaojie/script/HiC/washU/upload/.snakemake/tmp.xtri_u3r/snakejob.single.3.sh). For error details see the cluster log and the log files of the involved rule(s).
[Wed May 22 15:21:22 2024]
Error in rule single:
    jobid: 4
    output: /work/frasergen/3D/work/shaojie/script/HiC/washU/upload/analysis_washu_20240521/GSC-untreated
    cluster_jobid: Submitted batch job 7899262

Error executing rule single on cluster (jobid: 4, external: Submitted batch job 7899262, jobscript: /work/frasergen/3D/work/shaojie/script/HiC/washU/upload/.snakemake/tmp.xtri_u3r/snakejob.single.4.sh). For error details see the cluster log and the log files of the involved rule(s).
[Wed May 22 15:21:22 2024]
Error in rule multi:
    jobid: 5
    output: /work/frasergen/3D/work/shaojie/script/HiC/washU/upload/analysis_washu_20240521/GSC-S1R9_vs_GSC-untreated
    cluster_jobid: Submitted batch job 7899264

Error executing rule multi on cluster (jobid: 5, external: Submitted batch job 7899264, jobscript: /work/frasergen/3D/work/shaojie/script/HiC/washU/upload/.snakemake/tmp.xtri_u3r/snakejob.multi.5.sh). For error details see the cluster log and the log files of the involved rule(s).
[Wed May 22 15:28:43 2024]
Finished job 2.
1 of 7 steps (14%) done
Shutting down, this might take some time.
Exiting because a job execution failed. Look above for error message
Complete log: /work/frasergen/3D/work/shaojie/script/HiC/washU/upload/.snakemake/log/2024-05-22T152030.567899.snakemake.log
