Building DAG of jobs...
Using shell: /usr/bin/bash
Provided cores: 1 (use --cores to define parallelism)
Rules claiming more threads will be scaled down.
Job stats:
job        count    min threads    max threads
-------  -------  -------------  -------------
all            1              1              1
genome         1              1              1
get_gtf        1              1              1
total          3              1              1


[Tue Apr 16 11:15:05 2024]
rule get_gtf:
    output: /work/frasergen/3D/work/shaojie/script/HiC/washU/upload/test/00.longest_gtf/240033_asm904v1_mRNA_genename.gtf
    jobid: 2
    resources: tmpdir=/tmp

[Tue Apr 16 11:15:34 2024]
Finished job 2.
1 of 3 steps (33%) done

[Tue Apr 16 11:15:34 2024]
rule genome:
    input: /work/frasergen/3D/work/shaojie/script/HiC/washU/upload/test/00.longest_gtf/240033_asm904v1_mRNA_genename.gtf
    output: /work/frasergen/3D/work/shaojie/script/HiC/washU/upload/test/01.genome/240033_asm904v1
    jobid: 1
    resources: tmpdir=/tmp

Shutting down, this might take some time.
Exiting because a job execution failed. Look above for error message
Complete log: /work/frasergen/3D/work/shaojie/script/HiC/washU/upload/.snakemake/log/2024-04-16T111459.085390.snakemake.log
