Building DAG of jobs...
Using shell: /usr/bin/bash
Provided cores: 1 (use --cores to define parallelism)
Rules claiming more threads will be scaled down.
Job stats:
job          count    min threads    max threads
---------  -------  -------------  -------------
all              1              1              1
multi            1              1              1
multi_pre        1              1              1
total            3              1              1


[Wed Apr 10 10:05:04 2024]
rule multi_pre:
    output: analysis_washu_20240402/03.multi_pre/CapHiC-test.minus.CapHiC-control/work.sh
    jobid: 12
    wildcards: minus=CapHiC-test.minus.CapHiC-control
    resources: tmpdir=/tmp

[Wed Apr 10 10:05:13 2024]
Finished job 12.
1 of 3 steps (33%) done

[Wed Apr 10 10:05:13 2024]
rule multi:
    input: analysis_washu_20240402/03.multi_pre/CapHiC-test.minus.CapHiC-control/work.sh
    output: analysis_washu_20240402/CapHiC-test.minus.CapHiC-control/work.sh
    jobid: 11
    wildcards: minus=CapHiC-test.minus.CapHiC-control
    resources: tmpdir=/tmp

[Wed Apr 10 10:05:22 2024]
Finished job 11.
2 of 3 steps (67%) done

[Wed Apr 10 10:05:22 2024]
localrule all:
    input: analysis_washu_20240402/01.genome/work.sh, analysis_washu_20240402/CapHiC-test-1/work.sh, analysis_washu_20240402/CapHiC-control-1/work.sh, analysis_washu_20240402/CapHiC-test-2/work.sh, analysis_washu_20240402/CapHiC-control-2/work.sh, analysis_washu_20240402/CapHiC-test.minus.CapHiC-control/work.sh
    jobid: 0
    resources: tmpdir=/tmp

[Wed Apr 10 10:05:22 2024]
Finished job 0.
3 of 3 steps (100%) done
Complete log: /work/frasergen/3D/work/shaojie/script/HiC/washU/upload/.snakemake/log/2024-04-10T100457.582384.snakemake.log
