Building DAG of jobs...
WorkflowError:
MissingInputException: Missing input files for rule multi_pre:
analysis_washu_20240402/../04.HiC_diff/01.diff_heatmap/02.bychr_diffhm/CapHiC-test.minus.CapHiC-control/CapHiC-test.minus.CapHiC-control/CapHiC-test.minus.CapHiC-control.chr24.matrix.gz
analysis_washu_20240402/../04.HiC_diff/01.diff_heatmap/02.bychr_diffhm/CapHiC-test.minus.CapHiC-control/CapHiC-test.minus.CapHiC-control/CapHiC-test.minus.CapHiC-control.chr11.matrix.gz
analysis_washu_20240402/../04.HiC_diff/01.diff_heatmap/02.bychr_diffhm/CapHiC-test.minus.CapHiC-control/CapHiC-test.minus.CapHiC-control/CapHiC-test.minus.CapHiC-control.chr16.matrix.gz
analysis_washu_20240402/../04.HiC_diff/01.diff_heatmap/02.bychr_diffhm/CapHiC-test.minus.CapHiC-control/CapHiC-test.minus.CapHiC-control/CapHiC-test.minus.CapHiC-control.chr14.matrix.gz
analysis_washu_20240402/../04.HiC_diff/01.diff_heatmap/02.bychr_diffhm/CapHiC-test.minus.CapHiC-control/CapHiC-test.minus.CapHiC-control/CapHiC-test.minus.CapHiC-control.chr18.matrix.gz
analysis_washu_20240402/../04.HiC_diff/01.diff_heatmap/02.bychr_diffhm/CapHiC-test.minus.CapHiC-control/CapHiC-test.minus.CapHiC-control/CapHiC-test.minus.CapHiC-control.chr23.matrix.gz
analysis_washu_20240402/../04.HiC_diff/01.diff_heatmap/02.bychr_diffhm/CapHiC-test.minus.CapHiC-control/CapHiC-test.minus.CapHiC-control/CapHiC-test.minus.CapHiC-control.chr12.matrix.gz
analysis_washu_20240402/../04.HiC_diff/01.diff_heatmap/02.bychr_diffhm/CapHiC-test.minus.CapHiC-control/CapHiC-test.minus.CapHiC-control/CapHiC-test.minus.CapHiC-control.chr17.matrix.gz
analysis_washu_20240402/../04.HiC_diff/01.diff_heatmap/02.bychr_diffhm/CapHiC-test.minus.CapHiC-control/CapHiC-test.minus.CapHiC-control/CapHiC-test.minus.CapHiC-control.chr2.matrix.gz
analysis_washu_20240402/../04.HiC_diff/01.diff_heatmap/02.bychr_diffhm/CapHiC-test.minus.CapHiC-control/CapHiC-test.minus.CapHiC-control/CapHiC-test.minus.CapHiC-control.chr1.matrix.gz
analysis_washu_20240402/../04.HiC_diff/01.diff_heatmap/02.bychr_diffhm/CapHiC-test.minus.CapHiC-control/CapHiC-test.minus.CapHiC-control/CapHiC-test.minus.CapHiC-control.chr5.matrix.gz
analysis_washu_20240402/../04.HiC_diff/01.diff_heatmap/02.bychr_diffhm/CapHiC-test.minus.CapHiC-control/CapHiC-test.minus.CapHiC-control/CapHiC-test.minus.CapHiC-control.chr15.matrix.gz
analysis_washu_20240402/../04.HiC_diff/01.diff_heatmap/02.bychr_diffhm/CapHiC-test.minus.CapHiC-control/CapHiC-test.minus.CapHiC-control/CapHiC-test.minus.CapHiC-control.chr10.matrix.gz
analysis_washu_20240402/../04.HiC_diff/01.diff_heatmap/02.bychr_diffhm/CapHiC-test.minus.CapHiC-control/CapHiC-test.minus.CapHiC-control/CapHiC-test.minus.CapHiC-control.chr22.matrix.gz
analysis_washu_20240402/../04.HiC_diff/01.diff_heatmap/02.bychr_diffhm/CapHiC-test.minus.CapHiC-control/CapHiC-test.minus.CapHiC-control/CapHiC-test.minus.CapHiC-control.chr20.matrix.gz
analysis_washu_20240402/../04.HiC_diff/01.diff_heatmap/02.bychr_diffhm/CapHiC-test.minus.CapHiC-control/CapHiC-test.minus.CapHiC-control/CapHiC-test.minus.CapHiC-control.chr8.matrix.gz
analysis_washu_20240402/../04.HiC_diff/01.diff_heatmap/02.bychr_diffhm/CapHiC-test.minus.CapHiC-control/CapHiC-test.minus.CapHiC-control/CapHiC-test.minus.CapHiC-control.chr13.matrix.gz
analysis_washu_20240402/../04.HiC_diff/01.diff_heatmap/02.bychr_diffhm/CapHiC-test.minus.CapHiC-control/CapHiC-test.minus.CapHiC-control/CapHiC-test.minus.CapHiC-control.chr21.matrix.gz
analysis_washu_20240402/../04.HiC_diff/01.diff_heatmap/02.bychr_diffhm/CapHiC-test.minus.CapHiC-control/CapHiC-test.minus.CapHiC-control/CapHiC-test.minus.CapHiC-control.chr6.matrix.gz
analysis_washu_20240402/../04.HiC_diff/01.diff_heatmap/02.bychr_diffhm/CapHiC-test.minus.CapHiC-control/CapHiC-test.minus.CapHiC-control/CapHiC-test.minus.CapHiC-control.chr4.matrix.gz
analysis_washu_20240402/../04.HiC_diff/01.diff_heatmap/02.bychr_diffhm/CapHiC-test.minus.CapHiC-control/CapHiC-test.minus.CapHiC-control/CapHiC-test.minus.CapHiC-control.chr19.matrix.gz
analysis_washu_20240402/../04.HiC_diff/01.diff_heatmap/02.bychr_diffhm/CapHiC-test.minus.CapHiC-control/CapHiC-test.minus.CapHiC-control/CapHiC-test.minus.CapHiC-control.chr3.matrix.gz
analysis_washu_20240402/../04.HiC_diff/01.diff_heatmap/02.bychr_diffhm/CapHiC-test.minus.CapHiC-control/CapHiC-test.minus.CapHiC-control/CapHiC-test.minus.CapHiC-control.chr7.matrix.gz
analysis_washu_20240402/../04.HiC_diff/01.diff_heatmap/02.bychr_diffhm/CapHiC-test.minus.CapHiC-control/CapHiC-test.minus.CapHiC-control/CapHiC-test.minus.CapHiC-control.chr9.matrix.gz
MissingInputException: Missing input files for rule multi_pre:
analysis_washu_20240402/../04.HiC_diff/01.diff_heatmap/02.bychr_diffhm/analysis_washu_20240402/03.multi_pre/CapHiC-test.minus.CapHiC-control/analysis_washu_20240402/03.multi_pre/CapHiC-test.minus.CapHiC-control/analysis_washu_20240402/03.multi_pre/CapHiC-test.minus.CapHiC-control.chr8.matrix.gz
analysis_washu_20240402/../04.HiC_diff/01.diff_heatmap/02.bychr_diffhm/analysis_washu_20240402/03.multi_pre/CapHiC-test.minus.CapHiC-control/analysis_washu_20240402/03.multi_pre/CapHiC-test.minus.CapHiC-control/analysis_washu_20240402/03.multi_pre/CapHiC-test.minus.CapHiC-control.chr3.matrix.gz
analysis_washu_20240402/../04.HiC_diff/01.diff_heatmap/02.bychr_diffhm/analysis_washu_20240402/03.multi_pre/CapHiC-test.minus.CapHiC-control/analysis_washu_20240402/03.multi_pre/CapHiC-test.minus.CapHiC-control/analysis_washu_20240402/03.multi_pre/CapHiC-test.minus.CapHiC-control.chr19.matrix.gz
analysis_washu_20240402/../04.HiC_diff/01.diff_heatmap/02.bychr_diffhm/analysis_washu_20240402/03.multi_pre/CapHiC-test.minus.CapHiC-control/analysis_washu_20240402/03.multi_pre/CapHiC-test.minus.CapHiC-control/analysis_washu_20240402/03.multi_pre/CapHiC-test.minus.CapHiC-control.chr22.matrix.gz
analysis_washu_20240402/../04.HiC_diff/01.diff_heatmap/02.bychr_diffhm/analysis_washu_20240402/03.multi_pre/CapHiC-test.minus.CapHiC-control/analysis_washu_20240402/03.multi_pre/CapHiC-test.minus.CapHiC-control/analysis_washu_20240402/03.multi_pre/CapHiC-test.minus.CapHiC-control.chr23.matrix.gz
analysis_washu_20240402/../04.HiC_diff/01.diff_heatmap/02.bychr_diffhm/analysis_washu_20240402/03.multi_pre/CapHiC-test.minus.CapHiC-control/analysis_washu_20240402/03.multi_pre/CapHiC-test.minus.CapHiC-control/analysis_washu_20240402/03.multi_pre/CapHiC-test.minus.CapHiC-control.chr1.matrix.gz
analysis_washu_20240402/../04.HiC_diff/01.diff_heatmap/02.bychr_diffhm/analysis_washu_20240402/03.multi_pre/CapHiC-test.minus.CapHiC-control/analysis_washu_20240402/03.multi_pre/CapHiC-test.minus.CapHiC-control/analysis_washu_20240402/03.multi_pre/CapHiC-test.minus.CapHiC-control.chr14.matrix.gz
analysis_washu_20240402/../04.HiC_diff/01.diff_heatmap/02.bychr_diffhm/analysis_washu_20240402/03.multi_pre/CapHiC-test.minus.CapHiC-control/analysis_washu_20240402/03.multi_pre/CapHiC-test.minus.CapHiC-control/analysis_washu_20240402/03.multi_pre/CapHiC-test.minus.CapHiC-control.chr17.matrix.gz
analysis_washu_20240402/../04.HiC_diff/01.diff_heatmap/02.bychr_diffhm/analysis_washu_20240402/03.multi_pre/CapHiC-test.minus.CapHiC-control/analysis_washu_20240402/03.multi_pre/CapHiC-test.minus.CapHiC-control/analysis_washu_20240402/03.multi_pre/CapHiC-test.minus.CapHiC-control.chr4.matrix.gz
analysis_washu_20240402/../04.HiC_diff/01.diff_heatmap/02.bychr_diffhm/analysis_washu_20240402/03.multi_pre/CapHiC-test.minus.CapHiC-control/analysis_washu_20240402/03.multi_pre/CapHiC-test.minus.CapHiC-control/analysis_washu_20240402/03.multi_pre/CapHiC-test.minus.CapHiC-control.chr21.matrix.gz
analysis_washu_20240402/../04.HiC_diff/01.diff_heatmap/02.bychr_diffhm/analysis_washu_20240402/03.multi_pre/CapHiC-test.minus.CapHiC-control/analysis_washu_20240402/03.multi_pre/CapHiC-test.minus.CapHiC-control/analysis_washu_20240402/03.multi_pre/CapHiC-test.minus.CapHiC-control.chr20.matrix.gz
analysis_washu_20240402/../04.HiC_diff/01.diff_heatmap/02.bychr_diffhm/analysis_washu_20240402/03.multi_pre/CapHiC-test.minus.CapHiC-control/analysis_washu_20240402/03.multi_pre/CapHiC-test.minus.CapHiC-control/analysis_washu_20240402/03.multi_pre/CapHiC-test.minus.CapHiC-control.chr5.matrix.gz
analysis_washu_20240402/../04.HiC_diff/01.diff_heatmap/02.bychr_diffhm/analysis_washu_20240402/03.multi_pre/CapHiC-test.minus.CapHiC-control/analysis_washu_20240402/03.multi_pre/CapHiC-test.minus.CapHiC-control/analysis_washu_20240402/03.multi_pre/CapHiC-test.minus.CapHiC-control.chr6.matrix.gz
analysis_washu_20240402/../04.HiC_diff/01.diff_heatmap/02.bychr_diffhm/analysis_washu_20240402/03.multi_pre/CapHiC-test.minus.CapHiC-control/analysis_washu_20240402/03.multi_pre/CapHiC-test.minus.CapHiC-control/analysis_washu_20240402/03.multi_pre/CapHiC-test.minus.CapHiC-control.chr7.matrix.gz
analysis_washu_20240402/../04.HiC_diff/01.diff_heatmap/02.bychr_diffhm/analysis_washu_20240402/03.multi_pre/CapHiC-test.minus.CapHiC-control/analysis_washu_20240402/03.multi_pre/CapHiC-test.minus.CapHiC-control/analysis_washu_20240402/03.multi_pre/CapHiC-test.minus.CapHiC-control.chr10.matrix.gz
analysis_washu_20240402/../04.HiC_diff/01.diff_heatmap/02.bychr_diffhm/analysis_washu_20240402/03.multi_pre/CapHiC-test.minus.CapHiC-control/analysis_washu_20240402/03.multi_pre/CapHiC-test.minus.CapHiC-control/analysis_washu_20240402/03.multi_pre/CapHiC-test.minus.CapHiC-control.chr13.matrix.gz
analysis_washu_20240402/../04.HiC_diff/01.diff_heatmap/02.bychr_diffhm/analysis_washu_20240402/03.multi_pre/CapHiC-test.minus.CapHiC-control/analysis_washu_20240402/03.multi_pre/CapHiC-test.minus.CapHiC-control/analysis_washu_20240402/03.multi_pre/CapHiC-test.minus.CapHiC-control.chr15.matrix.gz
analysis_washu_20240402/../04.HiC_diff/01.diff_heatmap/02.bychr_diffhm/analysis_washu_20240402/03.multi_pre/CapHiC-test.minus.CapHiC-control/analysis_washu_20240402/03.multi_pre/CapHiC-test.minus.CapHiC-control/analysis_washu_20240402/03.multi_pre/CapHiC-test.minus.CapHiC-control.chr16.matrix.gz
analysis_washu_20240402/../04.HiC_diff/01.diff_heatmap/02.bychr_diffhm/analysis_washu_20240402/03.multi_pre/CapHiC-test.minus.CapHiC-control/analysis_washu_20240402/03.multi_pre/CapHiC-test.minus.CapHiC-control/analysis_washu_20240402/03.multi_pre/CapHiC-test.minus.CapHiC-control.chr9.matrix.gz
analysis_washu_20240402/../04.HiC_diff/01.diff_heatmap/02.bychr_diffhm/analysis_washu_20240402/03.multi_pre/CapHiC-test.minus.CapHiC-control/analysis_washu_20240402/03.multi_pre/CapHiC-test.minus.CapHiC-control/analysis_washu_20240402/03.multi_pre/CapHiC-test.minus.CapHiC-control.chr18.matrix.gz
analysis_washu_20240402/../04.HiC_diff/01.diff_heatmap/02.bychr_diffhm/analysis_washu_20240402/03.multi_pre/CapHiC-test.minus.CapHiC-control/analysis_washu_20240402/03.multi_pre/CapHiC-test.minus.CapHiC-control/analysis_washu_20240402/03.multi_pre/CapHiC-test.minus.CapHiC-control.chr11.matrix.gz
analysis_washu_20240402/../04.HiC_diff/01.diff_heatmap/02.bychr_diffhm/analysis_washu_20240402/03.multi_pre/CapHiC-test.minus.CapHiC-control/analysis_washu_20240402/03.multi_pre/CapHiC-test.minus.CapHiC-control/analysis_washu_20240402/03.multi_pre/CapHiC-test.minus.CapHiC-control.chr24.matrix.gz
analysis_washu_20240402/../04.HiC_diff/01.diff_heatmap/02.bychr_diffhm/analysis_washu_20240402/03.multi_pre/CapHiC-test.minus.CapHiC-control/analysis_washu_20240402/03.multi_pre/CapHiC-test.minus.CapHiC-control/analysis_washu_20240402/03.multi_pre/CapHiC-test.minus.CapHiC-control.chr2.matrix.gz
analysis_washu_20240402/../04.HiC_diff/01.diff_heatmap/02.bychr_diffhm/analysis_washu_20240402/03.multi_pre/CapHiC-test.minus.CapHiC-control/analysis_washu_20240402/03.multi_pre/CapHiC-test.minus.CapHiC-control/analysis_washu_20240402/03.multi_pre/CapHiC-test.minus.CapHiC-control.chr12.matrix.gz
