Building DAG of jobs...
Using shell: /usr/bin/bash
Provided cores: 1 (use --cores to define parallelism)
Rules claiming more threads will be scaled down.
Job stats:
job      count    min threads    max threads
-----  -------  -------------  -------------
all          1              1              1
multi        1              1              1
total        2              1              1


[Wed Apr 10 10:26:14 2024]
rule multi:
    input: /work/frasergen/3D/work/shaojie/script/HiC/washU/upload/analysis_washu_20240402/03.multi_pre/CapHiC-test.minus.CapHiC-control/work.sh
    output: /work/frasergen/3D/work/shaojie/script/HiC/washU/upload/analysis_washu_20240402/CapHiC-test.minus.CapHiC-control/work.sh
    jobid: 11
    wildcards: minus=CapHiC-test.minus.CapHiC-control
    resources: tmpdir=/tmp

[Wed Apr 10 10:26:23 2024]
Finished job 11.
1 of 2 steps (50%) done

[Wed Apr 10 10:26:23 2024]
localrule all:
    input: /work/frasergen/3D/work/shaojie/script/HiC/washU/upload/analysis_washu_20240402/01.genome/work.sh, /work/frasergen/3D/work/shaojie/script/HiC/washU/upload/analysis_washu_20240402/CapHiC-test-1/work.sh, /work/frasergen/3D/work/shaojie/script/HiC/washU/upload/analysis_washu_20240402/CapHiC-control-1/work.sh, /work/frasergen/3D/work/shaojie/script/HiC/washU/upload/analysis_washu_20240402/CapHiC-test-2/work.sh, /work/frasergen/3D/work/shaojie/script/HiC/washU/upload/analysis_washu_20240402/CapHiC-control-2/work.sh, /work/frasergen/3D/work/shaojie/script/HiC/washU/upload/analysis_washu_20240402/CapHiC-test.minus.CapHiC-control/work.sh
    jobid: 0
    resources: tmpdir=/tmp

[Wed Apr 10 10:26:23 2024]
Finished job 0.
2 of 2 steps (100%) done
Complete log: /work/frasergen/3D/work/shaojie/script/HiC/washU/upload/.snakemake/log/2024-04-10T102608.028052.snakemake.log
