Building DAG of jobs...
Using shell: /usr/bin/bash
Provided cluster nodes: 4
Job stats:
job          count    min threads    max threads
---------  -------  -------------  -------------
all              1              1              1
genome           1              1              1
get_gtf          1              1              1
multi            1              1              1
single           2              1              1
transform        1              1              1
total            7              1              1


[Wed Jun 26 15:29:52 2024]
rule single:
    output: /work/frasergen/3D/work/shaojie/script/HiC/washU/upload/analysis20240626_washu/GSC-S1R9, /work/frasergen/3D/work/shaojie/script/HiC/washU/upload/analysis20240626_washu/GSC-S1R9/work.sh
    jobid: 4
    wildcards: spl=GSC-S1R9
    resources: tmpdir=/tmp

Submitted job 4 with external jobid 'Submitted batch job 8447384'.

[Wed Jun 26 15:29:53 2024]
rule single:
    output: /work/frasergen/3D/work/shaojie/script/HiC/washU/upload/analysis20240626_washu/GSC-untreated, /work/frasergen/3D/work/shaojie/script/HiC/washU/upload/analysis20240626_washu/GSC-untreated/work.sh
    jobid: 5
    wildcards: spl=GSC-untreated
    resources: tmpdir=/tmp

Submitted job 5 with external jobid 'Submitted batch job 8447385'.

[Wed Jun 26 15:29:54 2024]
rule multi:
    output: /work/frasergen/3D/work/shaojie/script/HiC/washU/upload/analysis20240626_washu/GSC-S1R9_vs_GSC-untreated, /work/frasergen/3D/work/shaojie/script/HiC/washU/upload/analysis20240626_washu/GSC-S1R9_vs_GSC-untreated/work.sh
    jobid: 6
    wildcards: minus=GSC-S1R9_vs_GSC-untreated
    resources: tmpdir=/tmp

Submitted job 6 with external jobid 'Submitted batch job 8447386'.

[Wed Jun 26 15:29:54 2024]
rule get_gtf:
    output: /work/frasergen/3D/work/shaojie/script/HiC/washU/upload/analysis20240626_washu/00.longest_gtf/genome_mRNA_genename.gtf
    jobid: 2
    resources: tmpdir=/tmp

Submitted job 2 with external jobid 'Submitted batch job 8447387'.
[Wed Jun 26 15:37:33 2024]
Finished job 2.
1 of 7 steps (14%) done

[Wed Jun 26 15:37:33 2024]
rule genome:
    input: /work/frasergen/3D/work/shaojie/script/HiC/washU/upload/analysis20240626_washu/00.longest_gtf/genome_mRNA_genename.gtf
    output: /work/frasergen/3D/work/shaojie/script/HiC/washU/upload/analysis20240626_washu/01.genome/genome
    jobid: 1
    resources: tmpdir=/tmp

Submitted job 1 with external jobid 'Submitted batch job 8447450'.
[Wed Jun 26 15:47:13 2024]
Error in rule genome:
    jobid: 1
    output: /work/frasergen/3D/work/shaojie/script/HiC/washU/upload/analysis20240626_washu/01.genome/genome
    cluster_jobid: Submitted batch job 8447450

Error executing rule genome on cluster (jobid: 1, external: Submitted batch job 8447450, jobscript: /work/frasergen/3D/work/shaojie/script/HiC/washU/upload/.snakemake/tmp.mk2s7uny/snakejob.genome.1.sh). For error details see the cluster log and the log files of the involved rule(s).
[Wed Jun 26 18:59:38 2024]
Finished job 4.
2 of 7 steps (29%) done
[Wed Jun 26 19:02:08 2024]
Finished job 5.
3 of 7 steps (43%) done
[Wed Jun 26 19:13:49 2024]
Finished job 6.
4 of 7 steps (57%) done
Shutting down, this might take some time.
Exiting because a job execution failed. Look above for error message
Complete log: /work/frasergen/3D/work/shaojie/script/HiC/washU/upload/.snakemake/log/2024-06-26T152941.735702.snakemake.log
