Building DAG of jobs...
Using shell: /usr/bin/bash
Provided cores: 1 (use --cores to define parallelism)
Rules claiming more threads will be scaled down.
Job stats:
job        count    min threads    max threads
-------  -------  -------------  -------------
all            1              1              1
genome         1              1              1
get_gtf        1              1              1
total          3              1              1


[Wed May 22 11:34:46 2024]
rule get_gtf:
    output: /work/frasergen/3D/work/shaojie/script/HiC/washU/upload/analysis_washu_20240521/00.longest_gtf/genome_mRNA_genename.gtf
    jobid: 2
    resources: tmpdir=/tmp

[Wed May 22 11:46:37 2024]
Finished job 2.
1 of 3 steps (33%) done

[Wed May 22 11:46:37 2024]
rule genome:
    input: /work/frasergen/3D/work/shaojie/script/HiC/washU/upload/analysis_washu_20240521/00.longest_gtf/genome_mRNA_genename.gtf
    output: /work/frasergen/3D/work/shaojie/script/HiC/washU/upload/analysis_washu_20240521/01.genome/genome
    jobid: 1
    resources: tmpdir=/tmp

[Wed May 22 11:59:56 2024]
Finished job 1.
2 of 3 steps (67%) done

[Wed May 22 11:59:56 2024]
localrule all:
    input: /work/frasergen/3D/work/shaojie/script/HiC/washU/upload/analysis_washu_20240521/01.genome/genome
    jobid: 0
    resources: tmpdir=/tmp

[Wed May 22 11:59:56 2024]
Finished job 0.
3 of 3 steps (100%) done
Complete log: /work/frasergen/3D/work/shaojie/script/HiC/washU/upload/.snakemake/log/2024-05-22T113436.278742.snakemake.log
