Building DAG of jobs...
Using shell: /usr/bin/bash
Provided cluster nodes: 4
Job stats:
job           count    min threads    max threads
----------  -------  -------------  -------------
all               1              1              1
genome            1              1              1
get_gtf           1              1              1
multi             1              1              1
multi_pre         1              1              1
single            2              1              1
single_pre        2              1              1
transform         1              1              1
total            10              1              1


[Tue Jun 18 15:11:45 2024]
rule single_pre:
    output: /work/frasergen/backup/3d/project/Interactome/232188_Gossypium_hirsutum/02.RNA_ATAC/analysis20240618_washu/02.single_pre/D2R, /work/frasergen/backup/3d/project/Interactome/232188_Gossypium_hirsutum/02.RNA_ATAC/analysis20240618_washu/02.single_pre/D2R/work.sh
    jobid: 5
    wildcards: spl=D2R
    resources: tmpdir=/tmp

Submitted job 5 with external jobid 'Submitted batch job 8310559'.

[Tue Jun 18 15:11:45 2024]
rule single_pre:
    output: /work/frasergen/backup/3d/project/Interactome/232188_Gossypium_hirsutum/02.RNA_ATAC/analysis20240618_washu/02.single_pre/D8R, /work/frasergen/backup/3d/project/Interactome/232188_Gossypium_hirsutum/02.RNA_ATAC/analysis20240618_washu/02.single_pre/D8R/work.sh
    jobid: 7
    wildcards: spl=D8R
    resources: tmpdir=/tmp

Submitted job 7 with external jobid 'Submitted batch job 8310560'.

[Tue Jun 18 15:11:46 2024]
rule get_gtf:
    output: /work/frasergen/backup/3d/project/Interactome/232188_Gossypium_hirsutum/02.RNA_ATAC/analysis20240618_washu/00.longest_gtf/InteracGhirsutum_mRNA_genename.gtf
    jobid: 2
    resources: tmpdir=/tmp

Submitted job 2 with external jobid 'Submitted batch job 8310561'.

[Tue Jun 18 15:11:46 2024]
rule multi_pre:
    output: /work/frasergen/backup/3d/project/Interactome/232188_Gossypium_hirsutum/02.RNA_ATAC/analysis20240618_washu/03.multi_pre/D8R.minus.D2R, /work/frasergen/backup/3d/project/Interactome/232188_Gossypium_hirsutum/02.RNA_ATAC/analysis20240618_washu/03.multi_pre/D8R.minus.D2R/work.sh
    jobid: 9
    wildcards: minus=D8R.minus.D2R
    resources: tmpdir=/tmp

Submitted job 9 with external jobid 'Submitted batch job 8310562'.
[Tue Jun 18 15:11:55 2024]
Error in rule single_pre:
    jobid: 5
    output: /work/frasergen/backup/3d/project/Interactome/232188_Gossypium_hirsutum/02.RNA_ATAC/analysis20240618_washu/02.single_pre/D2R, /work/frasergen/backup/3d/project/Interactome/232188_Gossypium_hirsutum/02.RNA_ATAC/analysis20240618_washu/02.single_pre/D2R/work.sh
    cluster_jobid: Submitted batch job 8310559

Error executing rule single_pre on cluster (jobid: 5, external: Submitted batch job 8310559, jobscript: /work/frasergen/3D/work/shaojie/script/HiC/washU/upload/.snakemake/tmp.em0kyv9h/snakejob.single_pre.5.sh). For error details see the cluster log and the log files of the involved rule(s).
[Tue Jun 18 15:11:55 2024]
Error in rule single_pre:
    jobid: 7
    output: /work/frasergen/backup/3d/project/Interactome/232188_Gossypium_hirsutum/02.RNA_ATAC/analysis20240618_washu/02.single_pre/D8R, /work/frasergen/backup/3d/project/Interactome/232188_Gossypium_hirsutum/02.RNA_ATAC/analysis20240618_washu/02.single_pre/D8R/work.sh
    cluster_jobid: Submitted batch job 8310560

Error executing rule single_pre on cluster (jobid: 7, external: Submitted batch job 8310560, jobscript: /work/frasergen/3D/work/shaojie/script/HiC/washU/upload/.snakemake/tmp.em0kyv9h/snakejob.single_pre.7.sh). For error details see the cluster log and the log files of the involved rule(s).
[Tue Jun 18 15:11:55 2024]
Error in rule multi_pre:
    jobid: 9
    output: /work/frasergen/backup/3d/project/Interactome/232188_Gossypium_hirsutum/02.RNA_ATAC/analysis20240618_washu/03.multi_pre/D8R.minus.D2R, /work/frasergen/backup/3d/project/Interactome/232188_Gossypium_hirsutum/02.RNA_ATAC/analysis20240618_washu/03.multi_pre/D8R.minus.D2R/work.sh
    cluster_jobid: Submitted batch job 8310562

Error executing rule multi_pre on cluster (jobid: 9, external: Submitted batch job 8310562, jobscript: /work/frasergen/3D/work/shaojie/script/HiC/washU/upload/.snakemake/tmp.em0kyv9h/snakejob.multi_pre.9.sh). For error details see the cluster log and the log files of the involved rule(s).
