Building DAG of jobs...
Using shell: /usr/bin/bash
Provided cluster nodes: 4
Job stats:
job           count    min threads    max threads
----------  -------  -------------  -------------
all               1              1              1
genome            1              1              1
get_gtf           1              1              1
multi             1              1              1
multi_pre         1              1              1
single            2              1              1
single_pre        2              1              1
transform         1              1              1
total            10              1              1


[Tue Jun 25 10:54:22 2024]
rule get_gtf:
    output: /work/frasergen/3D/work/shaojie/script/HiC/washU/upload/analysis20240624_washu/00.longest_gtf/hg19_mRNA_genename.gtf
    jobid: 2
    resources: tmpdir=/tmp

Submitted job 2 with external jobid 'Submitted batch job 8424341'.

[Tue Jun 25 10:54:23 2024]
rule single_pre:
    output: /work/frasergen/3D/work/shaojie/script/HiC/washU/upload/analysis20240624_washu/02.single_pre/CapHiC-test, /work/frasergen/3D/work/shaojie/script/HiC/washU/upload/analysis20240624_washu/02.single_pre/CapHiC-test/work.sh
    jobid: 5
    wildcards: spl=CapHiC-test
    resources: tmpdir=/tmp

Submitted job 5 with external jobid 'Submitted batch job 8424342'.

[Tue Jun 25 10:54:23 2024]
rule single_pre:
    output: /work/frasergen/3D/work/shaojie/script/HiC/washU/upload/analysis20240624_washu/02.single_pre/CapHiC-control, /work/frasergen/3D/work/shaojie/script/HiC/washU/upload/analysis20240624_washu/02.single_pre/CapHiC-control/work.sh
    jobid: 7
    wildcards: spl=CapHiC-control
    resources: tmpdir=/tmp

Submitted job 7 with external jobid 'Submitted batch job 8424343'.

[Tue Jun 25 10:54:23 2024]
rule multi_pre:
    output: /work/frasergen/3D/work/shaojie/script/HiC/washU/upload/analysis20240624_washu/03.multi_pre/CapHiC-test.minus.CapHiC-control, /work/frasergen/3D/work/shaojie/script/HiC/washU/upload/analysis20240624_washu/03.multi_pre/CapHiC-test.minus.CapHiC-control/work.sh
    jobid: 9
    wildcards: minus=CapHiC-test.minus.CapHiC-control
    resources: tmpdir=/tmp

Submitted job 9 with external jobid 'Submitted batch job 8424344'.
[Tue Jun 25 10:54:52 2024]
Finished job 9.
1 of 10 steps (10%) done

[Tue Jun 25 10:54:52 2024]
rule multi:
    input: /work/frasergen/3D/work/shaojie/script/HiC/washU/upload/analysis20240624_washu/03.multi_pre/CapHiC-test.minus.CapHiC-control, /work/frasergen/3D/work/shaojie/script/HiC/washU/upload/analysis20240624_washu/03.multi_pre/CapHiC-test.minus.CapHiC-control/work.sh
    output: /work/frasergen/3D/work/shaojie/script/HiC/washU/upload/analysis20240624_washu/CapHiC-test.minus.CapHiC-control, /work/frasergen/3D/work/shaojie/script/HiC/washU/upload/analysis20240624_washu/CapHiC-test.minus.CapHiC-control/work.sh
    jobid: 8
    wildcards: minus=CapHiC-test.minus.CapHiC-control
    resources: tmpdir=/tmp

Submitted job 8 with external jobid 'Submitted batch job 8424352'.
[Tue Jun 25 10:56:33 2024]
Finished job 5.
2 of 10 steps (20%) done

[Tue Jun 25 10:56:33 2024]
rule single:
    input: /work/frasergen/3D/work/shaojie/script/HiC/washU/upload/analysis20240624_washu/02.single_pre/CapHiC-test, /work/frasergen/3D/work/shaojie/script/HiC/washU/upload/analysis20240624_washu/02.single_pre/CapHiC-test/work.sh
    output: /work/frasergen/3D/work/shaojie/script/HiC/washU/upload/analysis20240624_washu/CapHiC-test, /work/frasergen/3D/work/shaojie/script/HiC/washU/upload/analysis20240624_washu/CapHiC-test/work.sh
    jobid: 4
    wildcards: spl=CapHiC-test
    resources: tmpdir=/tmp

[Tue Jun 25 10:56:33 2024]
Finished job 7.
3 of 10 steps (30%) done
Submitted job 4 with external jobid 'Submitted batch job 8424363'.

[Tue Jun 25 10:56:33 2024]
rule single:
    input: /work/frasergen/3D/work/shaojie/script/HiC/washU/upload/analysis20240624_washu/02.single_pre/CapHiC-control, /work/frasergen/3D/work/shaojie/script/HiC/washU/upload/analysis20240624_washu/02.single_pre/CapHiC-control/work.sh
    output: /work/frasergen/3D/work/shaojie/script/HiC/washU/upload/analysis20240624_washu/CapHiC-control, /work/frasergen/3D/work/shaojie/script/HiC/washU/upload/analysis20240624_washu/CapHiC-control/work.sh
    jobid: 6
    wildcards: spl=CapHiC-control
    resources: tmpdir=/tmp

Submitted job 6 with external jobid 'Submitted batch job 8424364'.
[Tue Jun 25 11:03:04 2024]
Finished job 2.
4 of 10 steps (40%) done

[Tue Jun 25 11:03:04 2024]
rule genome:
    input: /work/frasergen/3D/work/shaojie/script/HiC/washU/upload/analysis20240624_washu/00.longest_gtf/hg19_mRNA_genename.gtf
    output: /work/frasergen/3D/work/shaojie/script/HiC/washU/upload/analysis20240624_washu/01.genome/231661_human
    jobid: 1
    resources: tmpdir=/tmp

Submitted job 1 with external jobid 'Submitted batch job 8424414'.
[Tue Jun 25 11:15:05 2024]
Finished job 1.
5 of 10 steps (50%) done
[Tue Jun 25 11:19:35 2024]
Finished job 8.
6 of 10 steps (60%) done
[Tue Jun 25 14:35:20 2024]
Finished job 4.
7 of 10 steps (70%) done
[Tue Jun 25 14:38:11 2024]
Finished job 6.
8 of 10 steps (80%) done

[Tue Jun 25 14:38:11 2024]
rule transform:
    input: /work/frasergen/3D/work/shaojie/script/HiC/washU/upload/analysis20240624_washu/CapHiC-test, /work/frasergen/3D/work/shaojie/script/HiC/washU/upload/analysis20240624_washu/CapHiC-control, /work/frasergen/3D/work/shaojie/script/HiC/washU/upload/analysis20240624_washu/CapHiC-test.minus.CapHiC-control
    output: /work/frasergen/3D/work/shaojie/script/HiC/washU/upload/analysis20240624_washu/231661_human
    jobid: 3
    resources: tmpdir=/tmp

Submitted job 3 with external jobid 'Submitted batch job 8427707'.
[Tue Jun 25 14:39:01 2024]
Finished job 3.
9 of 10 steps (90%) done

[Tue Jun 25 14:39:01 2024]
localrule all:
    input: /work/frasergen/3D/work/shaojie/script/HiC/washU/upload/analysis20240624_washu/01.genome/231661_human, /work/frasergen/3D/work/shaojie/script/HiC/washU/upload/analysis20240624_washu/231661_human
    jobid: 0
    resources: tmpdir=/tmp

[Tue Jun 25 14:39:01 2024]
Finished job 0.
10 of 10 steps (100%) done
Complete log: /work/frasergen/3D/work/shaojie/script/HiC/washU/upload/.snakemake/log/2024-06-25T105420.829999.snakemake.log
