Building DAG of jobs...
Using shell: /usr/bin/bash
Provided cluster nodes: 4
Job stats:
job           count    min threads    max threads
----------  -------  -------------  -------------
all               1              1              1
genome            1              1              1
get_gtf           1              1              1
multi             1              1              1
multi_pre         1              1              1
single            2              1              1
single_pre        2              1              1
transform         1              1              1
total            10              1              1


[Tue Jun 18 08:11:14 2024]
rule single_pre:
    output: /work/frasergen/backup/3d/project/Interactome/232188_Gossypium_hirsutum/02.RNA_ATAC/analysis20240618_washu/02.single_pre/D2R, /work/frasergen/backup/3d/project/Interactome/232188_Gossypium_hirsutum/02.RNA_ATAC/analysis20240618_washu/02.single_pre/D2R/work.sh
    jobid: 5
    wildcards: spl=D2R
    resources: tmpdir=/tmp

Submitted job 5 with external jobid 'Submitted batch job 8308147'.

[Tue Jun 18 08:11:14 2024]
rule single_pre:
    output: /work/frasergen/backup/3d/project/Interactome/232188_Gossypium_hirsutum/02.RNA_ATAC/analysis20240618_washu/02.single_pre/D8R, /work/frasergen/backup/3d/project/Interactome/232188_Gossypium_hirsutum/02.RNA_ATAC/analysis20240618_washu/02.single_pre/D8R/work.sh
    jobid: 7
    wildcards: spl=D8R
    resources: tmpdir=/tmp

Submitted job 7 with external jobid 'Submitted batch job 8308148'.

[Tue Jun 18 08:11:15 2024]
rule multi_pre:
    output: /work/frasergen/backup/3d/project/Interactome/232188_Gossypium_hirsutum/02.RNA_ATAC/analysis20240618_washu/03.multi_pre/D8R.minus.D2R, /work/frasergen/backup/3d/project/Interactome/232188_Gossypium_hirsutum/02.RNA_ATAC/analysis20240618_washu/03.multi_pre/D8R.minus.D2R/work.sh
    jobid: 9
    wildcards: minus=D8R.minus.D2R
    resources: tmpdir=/tmp

Submitted job 9 with external jobid 'Submitted batch job 8308149'.

[Tue Jun 18 08:11:15 2024]
rule get_gtf:
    output: /work/frasergen/backup/3d/project/Interactome/232188_Gossypium_hirsutum/02.RNA_ATAC/analysis20240618_washu/00.longest_gtf/InteracGhirsutum_mRNA_genename.gtf
    jobid: 2
    resources: tmpdir=/tmp

Submitted job 2 with external jobid 'Submitted batch job 8308150'.
[Tue Jun 18 08:11:34 2024]
Error in rule single_pre:
    jobid: 5
    output: /work/frasergen/backup/3d/project/Interactome/232188_Gossypium_hirsutum/02.RNA_ATAC/analysis20240618_washu/02.single_pre/D2R, /work/frasergen/backup/3d/project/Interactome/232188_Gossypium_hirsutum/02.RNA_ATAC/analysis20240618_washu/02.single_pre/D2R/work.sh
    cluster_jobid: Submitted batch job 8308147

Error executing rule single_pre on cluster (jobid: 5, external: Submitted batch job 8308147, jobscript: /work/frasergen/3D/work/shaojie/script/HiC/washU/upload/.snakemake/tmp.xgw79o68/snakejob.single_pre.5.sh). For error details see the cluster log and the log files of the involved rule(s).
[Tue Jun 18 08:11:34 2024]
Error in rule single_pre:
    jobid: 7
    output: /work/frasergen/backup/3d/project/Interactome/232188_Gossypium_hirsutum/02.RNA_ATAC/analysis20240618_washu/02.single_pre/D8R, /work/frasergen/backup/3d/project/Interactome/232188_Gossypium_hirsutum/02.RNA_ATAC/analysis20240618_washu/02.single_pre/D8R/work.sh
    cluster_jobid: Submitted batch job 8308148

Error executing rule single_pre on cluster (jobid: 7, external: Submitted batch job 8308148, jobscript: /work/frasergen/3D/work/shaojie/script/HiC/washU/upload/.snakemake/tmp.xgw79o68/snakejob.single_pre.7.sh). For error details see the cluster log and the log files of the involved rule(s).
[Tue Jun 18 08:11:34 2024]
Error in rule multi_pre:
    jobid: 9
    output: /work/frasergen/backup/3d/project/Interactome/232188_Gossypium_hirsutum/02.RNA_ATAC/analysis20240618_washu/03.multi_pre/D8R.minus.D2R, /work/frasergen/backup/3d/project/Interactome/232188_Gossypium_hirsutum/02.RNA_ATAC/analysis20240618_washu/03.multi_pre/D8R.minus.D2R/work.sh
    cluster_jobid: Submitted batch job 8308149

Error executing rule multi_pre on cluster (jobid: 9, external: Submitted batch job 8308149, jobscript: /work/frasergen/3D/work/shaojie/script/HiC/washU/upload/.snakemake/tmp.xgw79o68/snakejob.multi_pre.9.sh). For error details see the cluster log and the log files of the involved rule(s).
[Tue Jun 18 08:13:14 2024]
Error in rule get_gtf:
    jobid: 2
    output: /work/frasergen/backup/3d/project/Interactome/232188_Gossypium_hirsutum/02.RNA_ATAC/analysis20240618_washu/00.longest_gtf/InteracGhirsutum_mRNA_genename.gtf
    cluster_jobid: Submitted batch job 8308150

Error executing rule get_gtf on cluster (jobid: 2, external: Submitted batch job 8308150, jobscript: /work/frasergen/3D/work/shaojie/script/HiC/washU/upload/.snakemake/tmp.xgw79o68/snakejob.get_gtf.2.sh). For error details see the cluster log and the log files of the involved rule(s).
Shutting down, this might take some time.
Exiting because a job execution failed. Look above for error message
Complete log: /work/frasergen/3D/work/shaojie/script/HiC/washU/upload/.snakemake/log/2024-06-18T081112.643843.snakemake.log
