Building DAG of jobs...
Using shell: /usr/bin/bash
Provided cores: 1 (use --cores to define parallelism)
Rules claiming more threads will be scaled down.
Job stats:
job           count    min threads    max threads
----------  -------  -------------  -------------
all               1              1              1
single            2              1              1
single_pre        2              1              1
total             5              1              1


[Wed Apr 10 16:03:13 2024]
rule single_pre:
    output: /work/frasergen/backup/3d/project/Interactome/231661_homo_sapiens_20240223/05.personal/analysis_washu_20240410/02.single_pre/CapHiC-control/work.sh
    jobid: 6
    wildcards: spl=CapHiC-control
    resources: tmpdir=/tmp

[Wed Apr 10 16:06:35 2024]
Finished job 6.
1 of 5 steps (20%) done

[Wed Apr 10 16:06:35 2024]
rule single:
    input: /work/frasergen/backup/3d/project/Interactome/231661_homo_sapiens_20240223/05.personal/analysis_washu_20240410/02.single_pre/CapHiC-control/work.sh
    output: /work/frasergen/backup/3d/project/Interactome/231661_homo_sapiens_20240223/05.personal/analysis_washu_20240410/CapHiC-control/work.sh
    jobid: 5
    wildcards: spl=CapHiC-control
    resources: tmpdir=/tmp

[Wed Apr 10 16:06:45 2024]
Finished job 5.
2 of 5 steps (40%) done

[Wed Apr 10 16:06:45 2024]
rule single_pre:
    output: /work/frasergen/backup/3d/project/Interactome/231661_homo_sapiens_20240223/05.personal/analysis_washu_20240410/02.single_pre/CapHiC-test/work.sh
    jobid: 4
    wildcards: spl=CapHiC-test
    resources: tmpdir=/tmp

[Wed Apr 10 16:09:10 2024]
Finished job 4.
3 of 5 steps (60%) done

[Wed Apr 10 16:09:10 2024]
rule single:
    input: /work/frasergen/backup/3d/project/Interactome/231661_homo_sapiens_20240223/05.personal/analysis_washu_20240410/02.single_pre/CapHiC-test/work.sh
    output: /work/frasergen/backup/3d/project/Interactome/231661_homo_sapiens_20240223/05.personal/analysis_washu_20240410/CapHiC-test/work.sh
    jobid: 3
    wildcards: spl=CapHiC-test
    resources: tmpdir=/tmp

[Wed Apr 10 16:09:20 2024]
Finished job 3.
4 of 5 steps (80%) done

[Wed Apr 10 16:09:20 2024]
localrule all:
    input: /work/frasergen/backup/3d/project/Interactome/231661_homo_sapiens_20240223/05.personal/analysis_washu_20240410/01.genome/work.sh, /work/frasergen/backup/3d/project/Interactome/231661_homo_sapiens_20240223/05.personal/analysis_washu_20240410/CapHiC-test/work.sh, /work/frasergen/backup/3d/project/Interactome/231661_homo_sapiens_20240223/05.personal/analysis_washu_20240410/CapHiC-control/work.sh, /work/frasergen/backup/3d/project/Interactome/231661_homo_sapiens_20240223/05.personal/analysis_washu_20240410/CapHiC-test.minus.CapHiC-control/work.sh
    jobid: 0
    resources: tmpdir=/tmp

[Wed Apr 10 16:09:20 2024]
Finished job 0.
5 of 5 steps (100%) done
Complete log: /work/frasergen/3D/work/shaojie/script/HiC/washU/upload/.snakemake/log/2024-04-10T160306.681194.snakemake.log
