Building DAG of jobs...
Using shell: /usr/bin/bash
Provided cores: 4
Rules claiming more threads will be scaled down.
Job stats:
job          count    min threads    max threads
---------  -------  -------------  -------------
all              1              1              1
transform        1              1              1
total            2              1              1


[Thu Jun 27 09:00:31 2024]
rule transform:
    input: /work/frasergen/3D/work/shaojie/script/HiC/washU/upload/analysis20240626_washu/GSC-S1R9, /work/frasergen/3D/work/shaojie/script/HiC/washU/upload/analysis20240626_washu/GSC-untreated, /work/frasergen/3D/work/shaojie/script/HiC/washU/upload/analysis20240626_washu/GSC-S1R9_vs_GSC-untreated
    output: /work/frasergen/3D/work/shaojie/script/HiC/washU/upload/analysis20240626_washu/231070_human
    jobid: 3
    resources: tmpdir=/tmp

[Thu Jun 27 09:01:10 2024]
Finished job 3.
1 of 2 steps (50%) done

[Thu Jun 27 09:01:10 2024]
localrule all:
    input: /work/frasergen/3D/work/shaojie/script/HiC/washU/upload/analysis20240626_washu/01.genome/231070_human, /work/frasergen/3D/work/shaojie/script/HiC/washU/upload/analysis20240626_washu/231070_human
    jobid: 0
    resources: tmpdir=/tmp

[Thu Jun 27 09:01:10 2024]
Finished job 0.
2 of 2 steps (100%) done
Complete log: /work/frasergen/3D/work/shaojie/script/HiC/washU/upload/.snakemake/log/2024-06-27T090022.532023.snakemake.log
