Building DAG of jobs...
Using shell: /usr/bin/bash
Provided cluster nodes: 4
Job stats:
job          count    min threads    max threads
---------  -------  -------------  -------------
multi            1              1              1
multi_pre        1              1              1
total            2              1              1


[Wed Jun 19 09:54:00 2024]
rule multi_pre:
    output: /work/frasergen/backup/3d/project/Interactome/232188_Gossypium_hirsutum/02.RNA_ATAC/analysis20240618_washu/03.multi_pre/D2R.minus.D8R, /work/frasergen/backup/3d/project/Interactome/232188_Gossypium_hirsutum/02.RNA_ATAC/analysis20240618_washu/03.multi_pre/D2R.minus.D8R/work.sh
    jobid: 11
    wildcards: minus=D2R.minus.D8R
    resources: tmpdir=/tmp

Submitted job 11 with external jobid 'Submitted batch job 8319296'.
[Wed Jun 19 09:54:40 2024]
Finished job 11.
1 of 5 steps (20%) done

[Wed Jun 19 09:54:40 2024]
rule multi:
    input: /work/frasergen/backup/3d/project/Interactome/232188_Gossypium_hirsutum/02.RNA_ATAC/analysis20240618_washu/03.multi_pre/D2R.minus.D8R, /work/frasergen/backup/3d/project/Interactome/232188_Gossypium_hirsutum/02.RNA_ATAC/analysis20240618_washu/03.multi_pre/D2R.minus.D8R/work.sh
    output: /work/frasergen/backup/3d/project/Interactome/232188_Gossypium_hirsutum/02.RNA_ATAC/analysis20240618_washu/D2R.minus.D8R, /work/frasergen/backup/3d/project/Interactome/232188_Gossypium_hirsutum/02.RNA_ATAC/analysis20240618_washu/D2R.minus.D8R/work.sh
    jobid: 10
    wildcards: minus=D2R.minus.D8R
    resources: tmpdir=/tmp

Submitted job 10 with external jobid 'Submitted batch job 8319399'.
[Wed Jun 19 10:04:51 2024]
Finished job 10.
2 of 5 steps (40%) done
Complete log: /work/frasergen/3D/work/shaojie/script/HiC/washU/upload/.snakemake/log/2024-06-19T095358.528839.snakemake.log
