Building DAG of jobs...
Using shell: /usr/bin/bash
Provided cluster nodes: 4
Job stats:
job          count    min threads    max threads
---------  -------  -------------  -------------
all              1              1              1
transform        1              1              1
total            2              1              1


[Wed Jun 19 16:03:10 2024]
rule transform:
    input: /work/frasergen/backup/3d/project/Interactome/232188_Gossypium_hirsutum/02.RNA_ATAC/analysis20240618_washu/D2R, /work/frasergen/backup/3d/project/Interactome/232188_Gossypium_hirsutum/02.RNA_ATAC/analysis20240618_washu/D8R, /work/frasergen/backup/3d/project/Interactome/232188_Gossypium_hirsutum/02.RNA_ATAC/analysis20240618_washu/D8R.minus.D2R, /work/frasergen/backup/3d/project/Interactome/232188_Gossypium_hirsutum/02.RNA_ATAC/analysis20240618_washu/D2R.minus.D8R
    output: /work/frasergen/backup/3d/project/Interactome/232188_Gossypium_hirsutum/02.RNA_ATAC/analysis20240618_washu/232188_maizi
    jobid: 3
    resources: tmpdir=/tmp

Submitted job 3 with external jobid 'Submitted batch job 8331820'.
[Wed Jun 19 16:03:40 2024]
Finished job 3.
1 of 2 steps (50%) done

[Wed Jun 19 16:03:40 2024]
localrule all:
    input: /work/frasergen/backup/3d/project/Interactome/232188_Gossypium_hirsutum/02.RNA_ATAC/analysis20240618_washu/01.genome/232188_maizi, /work/frasergen/backup/3d/project/Interactome/232188_Gossypium_hirsutum/02.RNA_ATAC/analysis20240618_washu/232188_maizi
    jobid: 0
    resources: tmpdir=/tmp

[Wed Jun 19 16:03:40 2024]
Finished job 0.
2 of 2 steps (100%) done
Complete log: /work/frasergen/3D/work/shaojie/script/HiC/washU/upload/.snakemake/log/2024-06-19T160301.564978.snakemake.log
