Building DAG of jobs...
Using shell: /usr/bin/bash
Provided cores: 1 (use --cores to define parallelism)
Rules claiming more threads will be scaled down.
Job stats:
job           count    min threads    max threads
----------  -------  -------------  -------------
all               1              1              1
genome            1              1              1
get_gtf           1              1              1
multi             1              1              1
multi_pre         1              1              1
single            4              1              1
single_pre        4              1              1
total            13              1              1


[Wed Apr 10 10:11:01 2024]
rule get_gtf:
    output: /work/frasergen/3D/work/shaojie/script/HiC/washU/upload/analysis_washu_20240402/00.longest_gtf/work.sh
    jobid: 2
    resources: tmpdir=/tmp

[Wed Apr 10 10:11:10 2024]
Finished job 2.
1 of 13 steps (8%) done

[Wed Apr 10 10:11:10 2024]
rule genome:
    input: /work/frasergen/3D/work/shaojie/script/HiC/washU/upload/analysis_washu_20240402/00.longest_gtf/work.sh
    output: /work/frasergen/3D/work/shaojie/script/HiC/washU/upload/analysis_washu_20240402/01.genome/work.sh
    jobid: 1
    resources: tmpdir=/tmp

[Wed Apr 10 10:11:19 2024]
Finished job 1.
2 of 13 steps (15%) done

[Wed Apr 10 10:11:19 2024]
rule single_pre:
    output: /work/frasergen/3D/work/shaojie/script/HiC/washU/upload/analysis_washu_20240402/02.single_pre/CapHiC-test-1/work.sh
    jobid: 4
    wildcards: spl=CapHiC-test-1
    resources: tmpdir=/tmp

[Wed Apr 10 10:11:36 2024]
Finished job 4.
3 of 13 steps (23%) done

[Wed Apr 10 10:11:36 2024]
rule single:
    input: /work/frasergen/3D/work/shaojie/script/HiC/washU/upload/analysis_washu_20240402/02.single_pre/CapHiC-test-1/work.sh
    output: /work/frasergen/3D/work/shaojie/script/HiC/washU/upload/analysis_washu_20240402/CapHiC-test-1/work.sh
    jobid: 3
    wildcards: spl=CapHiC-test-1
    resources: tmpdir=/tmp

[Wed Apr 10 10:11:45 2024]
Finished job 3.
4 of 13 steps (31%) done

[Wed Apr 10 10:11:45 2024]
rule single_pre:
    output: /work/frasergen/3D/work/shaojie/script/HiC/washU/upload/analysis_washu_20240402/02.single_pre/CapHiC-control-1/work.sh
    jobid: 6
    wildcards: spl=CapHiC-control-1
    resources: tmpdir=/tmp

[Wed Apr 10 10:11:54 2024]
Finished job 6.
5 of 13 steps (38%) done

[Wed Apr 10 10:11:54 2024]
rule single:
    input: /work/frasergen/3D/work/shaojie/script/HiC/washU/upload/analysis_washu_20240402/02.single_pre/CapHiC-control-1/work.sh
    output: /work/frasergen/3D/work/shaojie/script/HiC/washU/upload/analysis_washu_20240402/CapHiC-control-1/work.sh
    jobid: 5
    wildcards: spl=CapHiC-control-1
    resources: tmpdir=/tmp

[Wed Apr 10 10:12:04 2024]
Finished job 5.
6 of 13 steps (46%) done

[Wed Apr 10 10:12:04 2024]
rule single_pre:
    output: /work/frasergen/3D/work/shaojie/script/HiC/washU/upload/analysis_washu_20240402/02.single_pre/CapHiC-test-2/work.sh
    jobid: 8
    wildcards: spl=CapHiC-test-2
    resources: tmpdir=/tmp

[Wed Apr 10 10:12:13 2024]
Finished job 8.
7 of 13 steps (54%) done

[Wed Apr 10 10:12:13 2024]
rule single:
    input: /work/frasergen/3D/work/shaojie/script/HiC/washU/upload/analysis_washu_20240402/02.single_pre/CapHiC-test-2/work.sh
    output: /work/frasergen/3D/work/shaojie/script/HiC/washU/upload/analysis_washu_20240402/CapHiC-test-2/work.sh
    jobid: 7
    wildcards: spl=CapHiC-test-2
    resources: tmpdir=/tmp

[Wed Apr 10 10:12:23 2024]
Finished job 7.
8 of 13 steps (62%) done

[Wed Apr 10 10:12:23 2024]
rule single_pre:
    output: /work/frasergen/3D/work/shaojie/script/HiC/washU/upload/analysis_washu_20240402/02.single_pre/CapHiC-control-2/work.sh
    jobid: 10
    wildcards: spl=CapHiC-control-2
    resources: tmpdir=/tmp

[Wed Apr 10 10:12:33 2024]
Finished job 10.
9 of 13 steps (69%) done

[Wed Apr 10 10:12:33 2024]
rule single:
    input: /work/frasergen/3D/work/shaojie/script/HiC/washU/upload/analysis_washu_20240402/02.single_pre/CapHiC-control-2/work.sh
    output: /work/frasergen/3D/work/shaojie/script/HiC/washU/upload/analysis_washu_20240402/CapHiC-control-2/work.sh
    jobid: 9
    wildcards: spl=CapHiC-control-2
    resources: tmpdir=/tmp

[Wed Apr 10 10:12:42 2024]
Finished job 9.
10 of 13 steps (77%) done

[Wed Apr 10 10:12:42 2024]
rule multi_pre:
    output: /work/frasergen/3D/work/shaojie/script/HiC/washU/upload/analysis_washu_20240402/03.multi_pre/CapHiC-test.minus.CapHiC-control/work.sh
    jobid: 12
    wildcards: minus=CapHiC-test.minus.CapHiC-control
    resources: tmpdir=/tmp

[Wed Apr 10 10:12:51 2024]
Finished job 12.
11 of 13 steps (85%) done

[Wed Apr 10 10:12:51 2024]
rule multi:
    input: /work/frasergen/3D/work/shaojie/script/HiC/washU/upload/analysis_washu_20240402/03.multi_pre/CapHiC-test.minus.CapHiC-control/work.sh
    output: /work/frasergen/3D/work/shaojie/script/HiC/washU/upload/analysis_washu_20240402/CapHiC-test.minus.CapHiC-control/work.sh
    jobid: 11
    wildcards: minus=CapHiC-test.minus.CapHiC-control
    resources: tmpdir=/tmp

[Wed Apr 10 10:13:01 2024]
Finished job 11.
12 of 13 steps (92%) done

[Wed Apr 10 10:13:01 2024]
localrule all:
    input: /work/frasergen/3D/work/shaojie/script/HiC/washU/upload/analysis_washu_20240402/01.genome/work.sh, /work/frasergen/3D/work/shaojie/script/HiC/washU/upload/analysis_washu_20240402/CapHiC-test-1/work.sh, /work/frasergen/3D/work/shaojie/script/HiC/washU/upload/analysis_washu_20240402/CapHiC-control-1/work.sh, /work/frasergen/3D/work/shaojie/script/HiC/washU/upload/analysis_washu_20240402/CapHiC-test-2/work.sh, /work/frasergen/3D/work/shaojie/script/HiC/washU/upload/analysis_washu_20240402/CapHiC-control-2/work.sh, /work/frasergen/3D/work/shaojie/script/HiC/washU/upload/analysis_washu_20240402/CapHiC-test.minus.CapHiC-control/work.sh
    jobid: 0
    resources: tmpdir=/tmp

[Wed Apr 10 10:13:01 2024]
Finished job 0.
13 of 13 steps (100%) done
Complete log: /work/frasergen/3D/work/shaojie/script/HiC/washU/upload/.snakemake/log/2024-04-10T101055.233493.snakemake.log
