Building DAG of jobs...
Using shell: /usr/bin/bash
Provided cores: 1 (use --cores to define parallelism)
Rules claiming more threads will be scaled down.
Job stats:
job          count    min threads    max threads
---------  -------  -------------  -------------
all              1              1              1
multi            1              1              1
multi_pre        1              1              1
total            3              1              1


[Wed Apr 10 10:03:55 2024]
rule multi_pre:
    output: analysis_washu_20240402/03.multi_pre/CapHiC-test.minus.CapHiC-control/work.sh
    jobid: 12
    wildcards: minus=CapHiC-test.minus.CapHiC-control
    resources: tmpdir=/tmp

Shutting down, this might take some time.
Exiting because a job execution failed. Look above for error message
Complete log: /work/frasergen/3D/work/shaojie/script/HiC/washU/upload/.snakemake/log/2024-04-10T100349.103061.snakemake.log
