Building DAG of jobs...
Using shell: /usr/bin/bash
Provided cores: 4
Rules claiming more threads will be scaled down.
Job stats:
job           count    min threads    max threads
----------  -------  -------------  -------------
all               1              1              1
genome            1              1              1
get_gtf           1              1              1
multi             1              1              1
multi_pre         1              1              1
single            2              1              1
single_pre        2              1              1
transform         1              1              1
total            10              1              1


[Sat Jul  6 15:27:49 2024]
rule get_gtf:
    output: /work/frasergen/3D/work/shaojie/script/HiC/washU/upload/analysis20240624_washu/00.longest_gtf/hg19_mRNA_genename.gtf
    log: logs/get_gtf.log
    jobid: 2
    resources: tmpdir=/tmp

[Sat Jul  6 15:27:49 2024]
rule single_pre:
    output: /work/frasergen/3D/work/shaojie/script/HiC/washU/upload/analysis20240624_washu/02.single_pre/CapHiC-test, /work/frasergen/3D/work/shaojie/script/HiC/washU/upload/analysis20240624_washu/02.single_pre/CapHiC-test/work.sh
    log: logs/single_pre_CapHiC-test.log
    jobid: 5
    wildcards: spl=CapHiC-test
    resources: tmpdir=/tmp

[Sat Jul  6 15:27:49 2024]
rule single_pre:
    output: /work/frasergen/3D/work/shaojie/script/HiC/washU/upload/analysis20240624_washu/02.single_pre/CapHiC-control, /work/frasergen/3D/work/shaojie/script/HiC/washU/upload/analysis20240624_washu/02.single_pre/CapHiC-control/work.sh
    log: logs/single_pre_CapHiC-control.log
    jobid: 7
    wildcards: spl=CapHiC-control
    resources: tmpdir=/tmp

[Sat Jul  6 15:27:49 2024]
rule multi_pre:
    output: /work/frasergen/3D/work/shaojie/script/HiC/washU/upload/analysis20240624_washu/03.multi_pre/CapHiC-test.minus.CapHiC-control, /work/frasergen/3D/work/shaojie/script/HiC/washU/upload/analysis20240624_washu/03.multi_pre/CapHiC-test.minus.CapHiC-control/work.sh
    log: logs/multi_pre_CapHiC-test.minus.CapHiC-control.log
    jobid: 9
    wildcards: minus=CapHiC-test.minus.CapHiC-control
    resources: tmpdir=/tmp

[Sat Jul  6 15:28:32 2024]
Finished job 9.
1 of 10 steps (10%) done

[Sat Jul  6 15:28:32 2024]
rule multi:
    input: /work/frasergen/3D/work/shaojie/script/HiC/washU/upload/analysis20240624_washu/03.multi_pre/CapHiC-test.minus.CapHiC-control, /work/frasergen/3D/work/shaojie/script/HiC/washU/upload/analysis20240624_washu/03.multi_pre/CapHiC-test.minus.CapHiC-control/work.sh
    output: /work/frasergen/3D/work/shaojie/script/HiC/washU/upload/analysis20240624_washu/CapHiC-test.minus.CapHiC-control, /work/frasergen/3D/work/shaojie/script/HiC/washU/upload/analysis20240624_washu/CapHiC-test.minus.CapHiC-control/work.sh
    log: logs/multi_CapHiC-test.minus.CapHiC-control.log
    jobid: 8
    wildcards: minus=CapHiC-test.minus.CapHiC-control
    resources: tmpdir=/tmp

