Building DAG of jobs...
Using shell: /usr/bin/bash
Provided cluster nodes: 4
Job stats:
job          count    min threads    max threads
---------  -------  -------------  -------------
all              1              1              1
genome           1              1              1
get_gtf          1              1              1
multi            1              1              1
single           2              1              1
transform        1              1              1
total            7              1              1


[Wed May 22 15:51:27 2024]
rule single:
    output: /work/frasergen/3D/work/shaojie/script/HiC/washU/upload/analysis_washu_20240521/GSC-untreated, /work/frasergen/3D/work/shaojie/script/HiC/washU/upload/analysis_washu_20240521/GSC-untreated/work.sh
    jobid: 4
    wildcards: spl=GSC-untreated
    resources: tmpdir=/tmp

Submitted job 4 with external jobid 'Submitted batch job 7899601'.

[Wed May 22 15:51:28 2024]
rule multi:
    output: /work/frasergen/3D/work/shaojie/script/HiC/washU/upload/analysis_washu_20240521/GSC-S1R9_vs_GSC-untreated, /work/frasergen/3D/work/shaojie/script/HiC/washU/upload/analysis_washu_20240521/GSC-S1R9_vs_GSC-untreated/work.sh
    jobid: 5
    wildcards: minus=GSC-S1R9_vs_GSC-untreated
    resources: tmpdir=/tmp

Submitted job 5 with external jobid 'Submitted batch job 7899602'.

[Wed May 22 15:51:28 2024]
rule get_gtf:
    output: /work/frasergen/3D/work/shaojie/script/HiC/washU/upload/analysis_washu_20240521/00.longest_gtf/genome_mRNA_genename.gtf
    jobid: 2
    resources: tmpdir=/tmp

Submitted job 2 with external jobid 'Submitted batch job 7899603'.

[Wed May 22 15:51:28 2024]
rule single:
    output: /work/frasergen/3D/work/shaojie/script/HiC/washU/upload/analysis_washu_20240521/GSC-S1R9, /work/frasergen/3D/work/shaojie/script/HiC/washU/upload/analysis_washu_20240521/GSC-S1R9/work.sh
    jobid: 3
    wildcards: spl=GSC-S1R9
    resources: tmpdir=/tmp

Submitted job 3 with external jobid 'Submitted batch job 7899604'.
[Wed May 22 15:53:07 2024]
Error in rule single:
    jobid: 4
    output: /work/frasergen/3D/work/shaojie/script/HiC/washU/upload/analysis_washu_20240521/GSC-untreated, /work/frasergen/3D/work/shaojie/script/HiC/washU/upload/analysis_washu_20240521/GSC-untreated/work.sh
    cluster_jobid: Submitted batch job 7899601

Error executing rule single on cluster (jobid: 4, external: Submitted batch job 7899601, jobscript: /work/frasergen/3D/work/shaojie/script/HiC/washU/upload/.snakemake/tmp.s6b0y6nj/snakejob.single.4.sh). For error details see the cluster log and the log files of the involved rule(s).
[Wed May 22 15:53:08 2024]
Error in rule multi:
    jobid: 5
    output: /work/frasergen/3D/work/shaojie/script/HiC/washU/upload/analysis_washu_20240521/GSC-S1R9_vs_GSC-untreated, /work/frasergen/3D/work/shaojie/script/HiC/washU/upload/analysis_washu_20240521/GSC-S1R9_vs_GSC-untreated/work.sh
    cluster_jobid: Submitted batch job 7899602

Error executing rule multi on cluster (jobid: 5, external: Submitted batch job 7899602, jobscript: /work/frasergen/3D/work/shaojie/script/HiC/washU/upload/.snakemake/tmp.s6b0y6nj/snakejob.multi.5.sh). For error details see the cluster log and the log files of the involved rule(s).
[Wed May 22 15:53:08 2024]
Error in rule single:
    jobid: 3
    output: /work/frasergen/3D/work/shaojie/script/HiC/washU/upload/analysis_washu_20240521/GSC-S1R9, /work/frasergen/3D/work/shaojie/script/HiC/washU/upload/analysis_washu_20240521/GSC-S1R9/work.sh
    cluster_jobid: Submitted batch job 7899604

Error executing rule single on cluster (jobid: 3, external: Submitted batch job 7899604, jobscript: /work/frasergen/3D/work/shaojie/script/HiC/washU/upload/.snakemake/tmp.s6b0y6nj/snakejob.single.3.sh). For error details see the cluster log and the log files of the involved rule(s).
[Wed May 22 16:00:18 2024]
Finished job 2.
1 of 7 steps (14%) done
Shutting down, this might take some time.
Exiting because a job execution failed. Look above for error message
Complete log: /work/frasergen/3D/work/shaojie/script/HiC/washU/upload/.snakemake/log/2024-05-22T155123.853662.snakemake.log
