Building DAG of jobs...
Using shell: /usr/bin/bash
Provided cores: 1 (use --cores to define parallelism)
Rules claiming more threads will be scaled down.
Job stats:
job          count    min threads    max threads
---------  -------  -------------  -------------
all              1              1              1
genome           1              1              1
get_gtf          1              1              1
transform        1              1              1
total            4              1              1


[Tue Apr 16 19:51:23 2024]
rule transform:
    input: /work/frasergen/backup/3d/project/Interactome/240033_kcybgj_20240313/04.HiC/13.washu
    output: /work/frasergen/3D/work/shaojie/script/HiC/washU/upload/test/240033_asm904v1
    jobid: 3
    resources: tmpdir=/tmp

[Tue Apr 16 19:52:28 2024]
Finished job 3.
1 of 4 steps (25%) done

[Tue Apr 16 19:52:28 2024]
rule get_gtf:
    output: /work/frasergen/3D/work/shaojie/script/HiC/washU/upload/test/00.longest_gtf/240033_asm904v1_mRNA_genename.gtf
    jobid: 2
    resources: tmpdir=/tmp

[Tue Apr 16 19:53:16 2024]
Finished job 2.
2 of 4 steps (50%) done

[Tue Apr 16 19:53:16 2024]
rule genome:
    input: /work/frasergen/3D/work/shaojie/script/HiC/washU/upload/test/00.longest_gtf/240033_asm904v1_mRNA_genename.gtf
    output: /work/frasergen/3D/work/shaojie/script/HiC/washU/upload/test/01.genome/240033_asm904v1
    jobid: 1
    resources: tmpdir=/tmp

[Tue Apr 16 19:53:44 2024]
Finished job 1.
3 of 4 steps (75%) done

[Tue Apr 16 19:53:44 2024]
localrule all:
    input: /work/frasergen/3D/work/shaojie/script/HiC/washU/upload/test/01.genome/240033_asm904v1, /work/frasergen/3D/work/shaojie/script/HiC/washU/upload/test/240033_asm904v1
    jobid: 0
    resources: tmpdir=/tmp

[Tue Apr 16 19:53:44 2024]
Finished job 0.
4 of 4 steps (100%) done
Complete log: /work/frasergen/3D/work/shaojie/script/HiC/washU/upload/.snakemake/log/2024-04-16T195049.782101.snakemake.log
