Building DAG of jobs...
Using shell: /usr/bin/bash
Provided cores: 1 (use --cores to define parallelism)
Rules claiming more threads will be scaled down.
Job stats:
job           count    min threads    max threads
----------  -------  -------------  -------------
all               1              1              1
multi             1              1              1
multi_pre         1              1              1
single            4              1              1
single_pre        4              1              1
total            11              1              1


[Wed Apr 10 09:36:05 2024]
rule single_pre:
    output: analysis_washu_20240402/02.single_pre/CapHiC-test-1/work.sh
    jobid: 4
    wildcards: spl=CapHiC-test-1
    resources: tmpdir=/tmp

[Wed Apr 10 09:36:15 2024]
Finished job 4.
1 of 11 steps (9%) done

[Wed Apr 10 09:36:15 2024]
rule single:
    input: analysis_washu_20240402/02.single_pre/CapHiC-test-1/work.sh
    output: CapHiC-test-1/work.sh
    jobid: 3
    wildcards: spl=CapHiC-test-1
    resources: tmpdir=/tmp

[Wed Apr 10 09:36:25 2024]
Finished job 3.
2 of 11 steps (18%) done

[Wed Apr 10 09:36:25 2024]
rule single_pre:
    output: analysis_washu_20240402/02.single_pre/CapHiC-control-1/work.sh
    jobid: 6
    wildcards: spl=CapHiC-control-1
    resources: tmpdir=/tmp

[Wed Apr 10 09:36:33 2024]
Finished job 6.
3 of 11 steps (27%) done

[Wed Apr 10 09:36:33 2024]
rule single:
    input: analysis_washu_20240402/02.single_pre/CapHiC-control-1/work.sh
    output: CapHiC-control-1/work.sh
    jobid: 5
    wildcards: spl=CapHiC-control-1
    resources: tmpdir=/tmp

[Wed Apr 10 09:36:42 2024]
Finished job 5.
4 of 11 steps (36%) done

[Wed Apr 10 09:36:42 2024]
rule single_pre:
    output: analysis_washu_20240402/02.single_pre/CapHiC-test-2/work.sh
    jobid: 8
    wildcards: spl=CapHiC-test-2
    resources: tmpdir=/tmp

[Wed Apr 10 09:36:52 2024]
Finished job 8.
5 of 11 steps (45%) done

[Wed Apr 10 09:36:52 2024]
rule single:
    input: analysis_washu_20240402/02.single_pre/CapHiC-test-2/work.sh
    output: CapHiC-test-2/work.sh
    jobid: 7
    wildcards: spl=CapHiC-test-2
    resources: tmpdir=/tmp

[Wed Apr 10 09:37:01 2024]
Finished job 7.
6 of 11 steps (55%) done

[Wed Apr 10 09:37:01 2024]
rule single_pre:
    output: analysis_washu_20240402/02.single_pre/CapHiC-control-2/work.sh
    jobid: 10
    wildcards: spl=CapHiC-control-2
    resources: tmpdir=/tmp

[Wed Apr 10 09:37:09 2024]
Finished job 10.
7 of 11 steps (64%) done

[Wed Apr 10 09:37:09 2024]
rule single:
    input: analysis_washu_20240402/02.single_pre/CapHiC-control-2/work.sh
    output: CapHiC-control-2/work.sh
    jobid: 9
    wildcards: spl=CapHiC-control-2
    resources: tmpdir=/tmp

[Wed Apr 10 09:37:20 2024]
Finished job 9.
8 of 11 steps (73%) done

[Wed Apr 10 09:37:20 2024]
rule multi_pre:
    output: analysis_washu_20240402/03.multi_pre/CapHiC-test.minus.CapHiC-control/work.sh
    jobid: 12
    wildcards: minus=CapHiC-test.minus.CapHiC-control
    resources: tmpdir=/tmp

Shutting down, this might take some time.
Exiting because a job execution failed. Look above for error message
Complete log: /work/frasergen/3D/work/shaojie/script/HiC/washU/upload/.snakemake/log/2024-04-10T093558.638754.snakemake.log
