Building DAG of jobs...
Using shell: /usr/bin/bash
Provided cores: 10
Rules claiming more threads will be scaled down.
Job stats:
job        count    min threads    max threads
-------  -------  -------------  -------------
all            1              1              1
cp_sh          1              1              1
diff           1              1              1
rawdata        1              1              1
ref            1              1              1
ref_sh         1              1              1
rna            1              1              1
single         1              1              1
total          8              1              1


[Wed Jan 31 17:03:31 2024]
rule ref:
    output: /work/frasergen/3D/work/shaojie/script/HiC/hic_prepare/230964_prunella_vulgaris_20240119/00.ref/work.sh
    jobid: 1
    resources: tmpdir=/tmp

[Wed Jan 31 17:03:31 2024]
rule rna:
    output: /work/frasergen/3D/work/shaojie/script/HiC/hic_prepare/230964_prunella_vulgaris_20240119/02.RNA_result/work.sh
    jobid: 3
    resources: tmpdir=/tmp

[Wed Jan 31 17:03:31 2024]
rule diff:
    output: /work/frasergen/3D/work/shaojie/script/HiC/hic_prepare/230964_prunella_vulgaris_20240119/04.HiC_diff/multi_sample.yaml, /work/frasergen/3D/work/shaojie/script/HiC/hic_prepare/230964_prunella_vulgaris_20240119/04.HiC_diff/work.sh
    jobid: 5
    resources: tmpdir=/tmp

[Wed Jan 31 17:03:31 2024]
rule cp_sh:
    output: /work/frasergen/3D/work/shaojie/script/HiC/hic_prepare/230964_prunella_vulgaris_20240119/01.rawdata/check.txt
    jobid: 7
    resources: tmpdir=/tmp

[Wed Jan 31 17:03:31 2024]
rule rawdata:
    output: /work/frasergen/3D/work/shaojie/script/HiC/hic_prepare/230964_prunella_vulgaris_20240119/01.rawdata/work.sh
    jobid: 2
    resources: tmpdir=/tmp

[Wed Jan 31 17:03:31 2024]
rule single:
    output: /work/frasergen/3D/work/shaojie/script/HiC/hic_prepare/230964_prunella_vulgaris_20240119/03.HiC/single_sample.yaml, /work/frasergen/3D/work/shaojie/script/HiC/hic_prepare/230964_prunella_vulgaris_20240119/03.HiC/work.sh
    jobid: 4
    resources: tmpdir=/tmp

[Wed Jan 31 17:03:31 2024]
rule ref_sh:
    output: /work/frasergen/3D/work/shaojie/script/HiC/hic_prepare/230964_prunella_vulgaris_20240119/00.ref/prunella.mrna.fasta
    jobid: 6
    resources: tmpdir=/tmp

[Wed Jan 31 17:04:20 2024]
Finished job 1.
1 of 8 steps (12%) done
[Wed Jan 31 17:04:20 2024]
Finished job 3.
2 of 8 steps (25%) done
[Wed Jan 31 17:04:20 2024]
Finished job 2.
3 of 8 steps (38%) done
[Wed Jan 31 17:04:21 2024]
Finished job 5.
4 of 8 steps (50%) done
Shutting down, this might take some time.
Exiting because a job execution failed. Look above for error message
Complete log: /work/frasergen/3D/work/shaojie/script/HiC/hic_prepare/.snakemake/log/2024-01-31T170255.454302.snakemake.log
