Building DAG of jobs...
Using shell: /usr/bin/bash
Provided cores: 10
Rules claiming more threads will be scaled down.
Job stats:
job        count    min threads    max threads
-------  -------  -------------  -------------
all            1              1              1
cp_sh          1              1              1
rawdata        1              1              1
ref_sh         1              1              1
total          4              1              1


[Mon Feb  5 10:11:56 2024]
rule rawdata:
    output: /work/frasergen/3D/work/shaojie/script/HiC/hic_prepare/230891_ctinidia_arguta_20240204/01.rawdata/work.sh
    jobid: 2
    resources: tmpdir=/tmp

[Mon Feb  5 10:11:56 2024]
rule ref_sh:
    output: /work/frasergen/3D/work/shaojie/script/HiC/hic_prepare/230891_ctinidia_arguta_20240204/00.ref/carguta.mrna.fasta
    jobid: 6
    resources: tmpdir=/tmp

[Mon Feb  5 10:11:56 2024]
rule cp_sh:
    output: /work/frasergen/3D/work/shaojie/script/HiC/hic_prepare/230891_ctinidia_arguta_20240204/01.rawdata/check.txt
    jobid: 7
    resources: tmpdir=/tmp

[Mon Feb  5 10:12:09 2024]
Finished job 2.
1 of 4 steps (25%) done
[Mon Feb  5 10:13:11 2024]
Finished job 6.
2 of 4 steps (50%) done
Shutting down, this might take some time.
Exiting because a job execution failed. Look above for error message
Complete log: /work/frasergen/3D/work/shaojie/script/HiC/hic_prepare/.snakemake/log/2024-02-05T101152.702529.snakemake.log
