Building DAG of jobs...
Using shell: /usr/bin/bash
Provided cores: 10
Rules claiming more threads will be scaled down.
Job stats:
job              count    min threads    max threads
-------------  -------  -------------  -------------
all                  1              1              1
ref                 20              1              1
single              20              1              1
single_report       20              1              1
total               61              1              1


[Tue Mar 19 20:46:41 2024]
rule single_report:
    output: /work/frasergen/3D/work/shaojie/script/HiC/PGT/whfs-xs-232026-01/whfs-xs-232026-01_Bm54A/01.hic/08.report/report.yaml, /work/frasergen/3D/work/shaojie/script/HiC/PGT/whfs-xs-232026-01/whfs-xs-232026-01_Bm54A/01.hic/08.report/work.sh
    jobid: 42
    wildcards: project=whfs-xs-232026-01, sample=Bm54A
    resources: tmpdir=/tmp

[Tue Mar 19 20:46:41 2024]
rule single_report:
    output: /work/frasergen/3D/work/shaojie/script/HiC/PGT/whfs-xs-232026-01/whfs-xs-232026-01_BmXiaF/01.hic/08.report/report.yaml, /work/frasergen/3D/work/shaojie/script/HiC/PGT/whfs-xs-232026-01/whfs-xs-232026-01_BmXiaF/01.hic/08.report/work.sh
    jobid: 56
    wildcards: project=whfs-xs-232026-01, sample=BmXiaF
    resources: tmpdir=/tmp

[Tue Mar 19 20:46:41 2024]
rule single:
    output: /work/frasergen/3D/work/shaojie/script/HiC/PGT/whfs-xs-232026-01/whfs-xs-232026-01_BmD9L/01.hic/single_sample.yaml, /work/frasergen/3D/work/shaojie/script/HiC/PGT/whfs-xs-232026-01/whfs-xs-232026-01_BmD9L/01.hic/work.sh
    jobid: 28
    wildcards: project=whfs-xs-232026-01, sample=BmD9L
    resources: tmpdir=/tmp

[Tue Mar 19 20:46:41 2024]
rule ref:
    output: /work/frasergen/3D/work/shaojie/script/HiC/PGT/whfs-xs-232026-01/whfs-xs-232026-01_BmSu16/00.ref/work.sh
    jobid: 14
    wildcards: project=whfs-xs-232026-01, sample=BmSu16
    resources: tmpdir=/tmp

[Tue Mar 19 20:46:41 2024]
rule ref:
    output: /work/frasergen/3D/work/shaojie/script/HiC/PGT/whfs-xs-232026-01/whfs-xs-232026-01_BmD9L/00.ref/work.sh
    jobid: 8
    wildcards: project=whfs-xs-232026-01, sample=BmD9L
    resources: tmpdir=/tmp

[Tue Mar 19 20:46:41 2024]
rule single:
    output: /work/frasergen/3D/work/shaojie/script/HiC/PGT/whfs-xs-232026-01/whfs-xs-232026-01_Bm54A/01.hic/single_sample.yaml, /work/frasergen/3D/work/shaojie/script/HiC/PGT/whfs-xs-232026-01/whfs-xs-232026-01_Bm54A/01.hic/work.sh
    jobid: 22
    wildcards: project=whfs-xs-232026-01, sample=Bm54A
    resources: tmpdir=/tmp

[Tue Mar 19 20:46:41 2024]
rule single:
    output: /work/frasergen/3D/work/shaojie/script/HiC/PGT/whfs-xs-232026-01/whfs-xs-232026-01_BmXiaF/01.hic/single_sample.yaml, /work/frasergen/3D/work/shaojie/script/HiC/PGT/whfs-xs-232026-01/whfs-xs-232026-01_BmXiaF/01.hic/work.sh
    jobid: 36
    wildcards: project=whfs-xs-232026-01, sample=BmXiaF
    resources: tmpdir=/tmp

[Tue Mar 19 20:46:41 2024]
rule single_report:
    output: /work/frasergen/3D/work/shaojie/script/HiC/PGT/whfs-xs-232026-01/whfs-xs-232026-01_BmDZ/01.hic/08.report/report.yaml, /work/frasergen/3D/work/shaojie/script/HiC/PGT/whfs-xs-232026-01/whfs-xs-232026-01_BmDZ/01.hic/08.report/work.sh
    jobid: 50
    wildcards: project=whfs-xs-232026-01, sample=BmDZ
    resources: tmpdir=/tmp

[Tue Mar 19 20:46:41 2024]
rule single:
    output: /work/frasergen/3D/work/shaojie/script/HiC/PGT/whfs-xs-232026-01/whfs-xs-232026-01_BmTuEQ/01.hic/single_sample.yaml, /work/frasergen/3D/work/shaojie/script/HiC/PGT/whfs-xs-232026-01/whfs-xs-232026-01_BmTuEQ/01.hic/work.sh
    jobid: 35
    wildcards: project=whfs-xs-232026-01, sample=BmTuEQ
    resources: tmpdir=/tmp

[Tue Mar 19 20:46:41 2024]
rule ref:
    output: /work/frasergen/3D/work/shaojie/script/HiC/PGT/whfs-xs-232026-01/whfs-xs-232026-01_Bm872/00.ref/work.sh
    jobid: 7
    wildcards: project=whfs-xs-232026-01, sample=Bm872
    resources: tmpdir=/tmp

[Tue Mar 19 20:46:50 2024]
Finished job 42.
1 of 61 steps (2%) done

[Tue Mar 19 20:46:50 2024]
rule single:
    output: /work/frasergen/3D/work/shaojie/script/HiC/PGT/whfs-xs-232026-01/whfs-xs-232026-01_BmDongF/01.hic/single_sample.yaml, /work/frasergen/3D/work/shaojie/script/HiC/PGT/whfs-xs-232026-01/whfs-xs-232026-01_BmDongF/01.hic/work.sh
    jobid: 29
    wildcards: project=whfs-xs-232026-01, sample=BmDongF
    resources: tmpdir=/tmp

[Tue Mar 19 20:46:50 2024]
Finished job 14.
2 of 61 steps (3%) done

[Tue Mar 19 20:46:50 2024]
rule single_report:
    output: /work/frasergen/3D/work/shaojie/script/HiC/PGT/whfs-xs-232026-01/whfs-xs-232026-01_BmXingH/01.hic/08.report/report.yaml, /work/frasergen/3D/work/shaojie/script/HiC/PGT/whfs-xs-232026-01/whfs-xs-232026-01_BmXingH/01.hic/08.report/work.sh
    jobid: 57
    wildcards: project=whfs-xs-232026-01, sample=BmXingH
    resources: tmpdir=/tmp

[Tue Mar 19 20:46:51 2024]
Finished job 7.
3 of 61 steps (5%) done
[Tue Mar 19 20:46:51 2024]
Finished job 56.
4 of 61 steps (7%) done
[Tue Mar 19 20:46:52 2024]
Finished job 50.
5 of 61 steps (8%) done
[Tue Mar 19 20:46:52 2024]
Finished job 8.
6 of 61 steps (10%) done
[Tue Mar 19 20:46:59 2024]
Finished job 57.
7 of 61 steps (11%) done
Shutting down, this might take some time.
Exiting because a job execution failed. Look above for error message
Complete log: /work/frasergen/3D/work/shaojie/script/HiC/hic_prepare/.snakemake/log/2024-03-19T204634.373289.snakemake.log
