Building DAG of jobs...
Using shell: /usr/bin/bash
Provided cores: 10
Rules claiming more threads will be scaled down.
Job stats:
job              count    min threads    max threads
-------------  -------  -------------  -------------
all                  1              1              1
cp_sh                1              1              1
diff                 1              1              1
diff_report          1              1              1
rawdata              1              1              1
ref                  1              1              1
ref_sh               1              1              1
rna                  1              1              1
single               1              1              1
single_report        1              1              1
total               10              1              1


[Wed Jan 31 17:07:49 2024]
rule ref:
    output: /work/frasergen/3D/work/shaojie/script/HiC/hic_prepare/230964_prunella_vulgaris_20240119/00.ref/work.sh
    jobid: 1
    resources: tmpdir=/tmp

[Wed Jan 31 17:07:49 2024]
rule rna:
    output: /work/frasergen/3D/work/shaojie/script/HiC/hic_prepare/230964_prunella_vulgaris_20240119/02.RNA_result/work.sh
    jobid: 3
    resources: tmpdir=/tmp

[Wed Jan 31 17:07:49 2024]
rule diff:
    output: /work/frasergen/3D/work/shaojie/script/HiC/hic_prepare/230964_prunella_vulgaris_20240119/04.HiC_diff/multi_sample.yaml, /work/frasergen/3D/work/shaojie/script/HiC/hic_prepare/230964_prunella_vulgaris_20240119/04.HiC_diff/work.sh
    jobid: 5
    resources: tmpdir=/tmp

[Wed Jan 31 17:07:49 2024]
rule cp_sh:
    output: /work/frasergen/3D/work/shaojie/script/HiC/hic_prepare/230964_prunella_vulgaris_20240119/01.rawdata/check.txt
    jobid: 7
    resources: tmpdir=/tmp

[Wed Jan 31 17:07:49 2024]
rule diff_report:
    output: /work/frasergen/3D/work/shaojie/script/HiC/hic_prepare/230964_prunella_vulgaris_20240119/04.HiC_diff/05.multi_report/report.yaml, /work/frasergen/3D/work/shaojie/script/HiC/hic_prepare/230964_prunella_vulgaris_20240119/04.HiC_diff/05.multi_report/work.sh
    jobid: 9
    resources: tmpdir=/tmp

[Wed Jan 31 17:07:49 2024]
rule rawdata:
    output: /work/frasergen/3D/work/shaojie/script/HiC/hic_prepare/230964_prunella_vulgaris_20240119/01.rawdata/work.sh
    jobid: 2
    resources: tmpdir=/tmp

[Wed Jan 31 17:07:49 2024]
rule single:
    output: /work/frasergen/3D/work/shaojie/script/HiC/hic_prepare/230964_prunella_vulgaris_20240119/03.HiC/single_sample.yaml, /work/frasergen/3D/work/shaojie/script/HiC/hic_prepare/230964_prunella_vulgaris_20240119/03.HiC/work.sh
    jobid: 4
    resources: tmpdir=/tmp

[Wed Jan 31 17:07:49 2024]
rule ref_sh:
    output: /work/frasergen/3D/work/shaojie/script/HiC/hic_prepare/230964_prunella_vulgaris_20240119/00.ref/prunella.mrna.fasta
    jobid: 6
    resources: tmpdir=/tmp

[Wed Jan 31 17:07:49 2024]
rule single_report:
    output: /work/frasergen/3D/work/shaojie/script/HiC/hic_prepare/230964_prunella_vulgaris_20240119/03.HiC/08.report/report.yaml, /work/frasergen/3D/work/shaojie/script/HiC/hic_prepare/230964_prunella_vulgaris_20240119/03.HiC/08.report/work.sh
    jobid: 8
    resources: tmpdir=/tmp

[Wed Jan 31 17:08:33 2024]
Finished job 1.
1 of 10 steps (10%) done
[Wed Jan 31 17:08:33 2024]
Finished job 3.
2 of 10 steps (20%) done
[Wed Jan 31 17:08:33 2024]
Finished job 2.
3 of 10 steps (30%) done
[Wed Jan 31 17:08:33 2024]
Finished job 9.
4 of 10 steps (40%) done
[Wed Jan 31 17:08:33 2024]
Finished job 8.
5 of 10 steps (50%) done
[Wed Jan 31 17:08:33 2024]
Finished job 5.
6 of 10 steps (60%) done
Shutting down, this might take some time.
Exiting because a job execution failed. Look above for error message
Complete log: /work/frasergen/3D/work/shaojie/script/HiC/hic_prepare/.snakemake/log/2024-01-31T170717.032208.snakemake.log
