Building DAG of jobs...
Using shell: /usr/bin/bash
Provided cores: 10
Rules claiming more threads will be scaled down.
Job stats:
job              count    min threads    max threads
-------------  -------  -------------  -------------
all                  1              1              1
diff_report          1              1              1
single_report        1              1              1
total                3              1              1


[Sat Mar 23 11:36:52 2024]
rule single_report:
    output: /work/frasergen/backup/3d/project/Interactome/231401_maizi_20240322/231401_Hspontaneum/03.HiC/08.report/report.yaml, /work/frasergen/backup/3d/project/Interactome/231401_maizi_20240322/231401_Hspontaneum/03.HiC/08.report/work.sh
    jobid: 1
    resources: tmpdir=/tmp

[Sat Mar 23 11:36:52 2024]
rule diff_report:
    output: /work/frasergen/backup/3d/project/Interactome/231401_maizi_20240322/231401_Hspontaneum/04.HiC_diff/05.multi_report/report.yaml, /work/frasergen/backup/3d/project/Interactome/231401_maizi_20240322/231401_Hspontaneum/04.HiC_diff/05.multi_report/work.sh
    jobid: 2
    resources: tmpdir=/tmp

[Sat Mar 23 11:37:01 2024]
Finished job 1.
1 of 3 steps (33%) done
Shutting down, this might take some time.
Exiting because a job execution failed. Look above for error message
Complete log: /work/frasergen/3D/work/shaojie/script/HiC/hic_prepare/.snakemake/log/2024-03-23T113641.399096.snakemake.log
