Building DAG of jobs...
Using shell: /usr/bin/bash
Provided cores: 10
Rules claiming more threads will be scaled down.
Job stats:
job       count    min threads    max threads
------  -------  -------------  -------------
all           1              1              1
single        1              1              1
total         2              1              1


[Sat Mar 23 11:26:40 2024]
rule single:
    output: /work/frasergen/backup/3d/project/Interactome/231401_maizi_20240322/231401_Hspontaneum/03.HiC/single_sample.yaml, /work/frasergen/backup/3d/project/Interactome/231401_maizi_20240322/231401_Hspontaneum/03.HiC/work.sh
    jobid: 1
    resources: tmpdir=/tmp

[Sat Mar 23 11:26:50 2024]
Finished job 1.
1 of 2 steps (50%) done

[Sat Mar 23 11:26:50 2024]
localrule all:
    input: /work/frasergen/backup/3d/project/Interactome/231401_maizi_20240322/231401_Hspontaneum/03.HiC/work.sh, /work/frasergen/backup/3d/project/Interactome/231401_maizi_20240322/231401_Hspontaneum/04.HiC_diff/work.sh, /work/frasergen/backup/3d/project/Interactome/231401_maizi_20240322/231401_Hspontaneum/03.HiC/08.report/work.sh, /work/frasergen/backup/3d/project/Interactome/231401_maizi_20240322/231401_Hspontaneum/04.HiC_diff/05.multi_report/work.sh
    jobid: 0
    resources: tmpdir=/tmp

[Sat Mar 23 11:26:50 2024]
Finished job 0.
2 of 2 steps (100%) done
Complete log: /work/frasergen/3D/work/shaojie/script/HiC/hic_prepare/.snakemake/log/2024-03-23T112633.363996.snakemake.log
