Building DAG of jobs...
Using shell: /usr/bin/bash
Provided cores: 10
Rules claiming more threads will be scaled down.
Job stats:
job              count    min threads    max threads
-------------  -------  -------------  -------------
all                  1              1              1
single              19              1              1
single_report       19              1              1
total               39              1              1


[Thu Mar 21 15:59:38 2024]
rule single:
    output: /work/frasergen/3D/work/shaojie/script/HiC/PGT/whfs-xs-232026-01/whfs-xs-232026-01_BmXiaF/01.hic/single_sample.yaml, /work/frasergen/3D/work/shaojie/script/HiC/PGT/whfs-xs-232026-01/whfs-xs-232026-01_BmXiaF/01.hic/work.sh
    jobid: 15
    wildcards: project=whfs-xs-232026-01, sample=BmXiaF
    resources: tmpdir=/tmp

[Thu Mar 21 15:59:38 2024]
rule single_report:
    output: /work/frasergen/3D/work/shaojie/script/HiC/PGT/whfs-xs-232026-01/whfs-xs-232026-01_BmDZ/01.hic/08.report/report.yaml, /work/frasergen/3D/work/shaojie/script/HiC/PGT/whfs-xs-232026-01/whfs-xs-232026-01_BmDZ/01.hic/08.report/work.sh
    jobid: 29
    wildcards: project=whfs-xs-232026-01, sample=BmDZ
    resources: tmpdir=/tmp

[Thu Mar 21 15:59:38 2024]
rule single:
    output: /work/frasergen/3D/work/shaojie/script/HiC/PGT/whfs-xs-232026-01/whfs-xs-232026-01_BBmZJ/01.hic/single_sample.yaml, /work/frasergen/3D/work/shaojie/script/HiC/PGT/whfs-xs-232026-01/whfs-xs-232026-01_BBmZJ/01.hic/work.sh
    jobid: 1
    wildcards: project=whfs-xs-232026-01, sample=BBmZJ
    resources: tmpdir=/tmp

[Thu Mar 21 15:59:38 2024]
rule single_report:
    output: /work/frasergen/3D/work/shaojie/script/HiC/PGT/whfs-xs-232026-01/whfs-xs-232026-01_Bm794/01.hic/08.report/report.yaml, /work/frasergen/3D/work/shaojie/script/HiC/PGT/whfs-xs-232026-01/whfs-xs-232026-01_Bm794/01.hic/08.report/work.sh
    jobid: 23
    wildcards: project=whfs-xs-232026-01, sample=Bm794
    resources: tmpdir=/tmp

[Thu Mar 21 15:59:38 2024]
rule single:
    output: /work/frasergen/3D/work/shaojie/script/HiC/PGT/whfs-xs-232026-01/whfs-xs-232026-01_BmDongF/01.hic/single_sample.yaml, /work/frasergen/3D/work/shaojie/script/HiC/PGT/whfs-xs-232026-01/whfs-xs-232026-01_BmDongF/01.hic/work.sh
    jobid: 9
    wildcards: project=whfs-xs-232026-01, sample=BmDongF
    resources: tmpdir=/tmp

[Thu Mar 21 15:59:38 2024]
rule single_report:
    output: /work/frasergen/3D/work/shaojie/script/HiC/PGT/whfs-xs-232026-01/whfs-xs-232026-01_BmYun7BxA/01.hic/08.report/report.yaml, /work/frasergen/3D/work/shaojie/script/HiC/PGT/whfs-xs-232026-01/whfs-xs-232026-01_BmYun7BxA/01.hic/08.report/work.sh
    jobid: 37
    wildcards: project=whfs-xs-232026-01, sample=BmYun7BxA
    resources: tmpdir=/tmp

[Thu Mar 21 15:59:38 2024]
rule single:
    output: /work/frasergen/3D/work/shaojie/script/HiC/PGT/whfs-xs-232026-01/whfs-xs-232026-01_Bm54A/01.hic/single_sample.yaml, /work/frasergen/3D/work/shaojie/script/HiC/PGT/whfs-xs-232026-01/whfs-xs-232026-01_Bm54A/01.hic/work.sh
    jobid: 2
    wildcards: project=whfs-xs-232026-01, sample=Bm54A
    resources: tmpdir=/tmp

[Thu Mar 21 15:59:38 2024]
rule single:
    output: /work/frasergen/3D/work/shaojie/script/HiC/PGT/whfs-xs-232026-01/whfs-xs-232026-01_BmXingH/01.hic/single_sample.yaml, /work/frasergen/3D/work/shaojie/script/HiC/PGT/whfs-xs-232026-01/whfs-xs-232026-01_BmXingH/01.hic/work.sh
    jobid: 16
    wildcards: project=whfs-xs-232026-01, sample=BmXingH
    resources: tmpdir=/tmp

[Thu Mar 21 15:59:38 2024]
rule single_report:
    output: /work/frasergen/3D/work/shaojie/script/HiC/PGT/whfs-xs-232026-01/whfs-xs-232026-01_BmHanDZ/01.hic/08.report/report.yaml, /work/frasergen/3D/work/shaojie/script/HiC/PGT/whfs-xs-232026-01/whfs-xs-232026-01_BmHanDZ/01.hic/08.report/work.sh
    jobid: 30
    wildcards: project=whfs-xs-232026-01, sample=BmHanDZ
    resources: tmpdir=/tmp

[Thu Mar 21 15:59:38 2024]
rule single:
    output: /work/frasergen/3D/work/shaojie/script/HiC/PGT/whfs-xs-232026-01/whfs-xs-232026-01_BmDZ/01.hic/single_sample.yaml, /work/frasergen/3D/work/shaojie/script/HiC/PGT/whfs-xs-232026-01/whfs-xs-232026-01_BmDZ/01.hic/work.sh
    jobid: 10
    wildcards: project=whfs-xs-232026-01, sample=BmDZ
    resources: tmpdir=/tmp

[Thu Mar 21 15:59:47 2024]
Finished job 37.
1 of 39 steps (3%) done
[Thu Mar 21 15:59:47 2024]
Finished job 23.
2 of 39 steps (5%) done
[Thu Mar 21 15:59:47 2024]
Finished job 29.
3 of 39 steps (8%) done

[Thu Mar 21 15:59:47 2024]
rule single_report:
    output: /work/frasergen/3D/work/shaojie/script/HiC/PGT/whfs-xs-232026-01/whfs-xs-232026-01_BmYun8BxA/01.hic/08.report/report.yaml, /work/frasergen/3D/work/shaojie/script/HiC/PGT/whfs-xs-232026-01/whfs-xs-232026-01_BmYun8BxA/01.hic/08.report/work.sh
    jobid: 38
    wildcards: project=whfs-xs-232026-01, sample=BmYun8BxA
    resources: tmpdir=/tmp

[Thu Mar 21 15:59:47 2024]
rule single_report:
    output: /work/frasergen/3D/work/shaojie/script/HiC/PGT/whfs-xs-232026-01/whfs-xs-232026-01_Bm796/01.hic/08.report/report.yaml, /work/frasergen/3D/work/shaojie/script/HiC/PGT/whfs-xs-232026-01/whfs-xs-232026-01_Bm796/01.hic/08.report/work.sh
    jobid: 24
    wildcards: project=whfs-xs-232026-01, sample=Bm796
    resources: tmpdir=/tmp

[Thu Mar 21 15:59:47 2024]
rule single_report:
    output: /work/frasergen/3D/work/shaojie/script/HiC/PGT/whfs-xs-232026-01/whfs-xs-232026-01_BmLanX10/01.hic/08.report/report.yaml, /work/frasergen/3D/work/shaojie/script/HiC/PGT/whfs-xs-232026-01/whfs-xs-232026-01_BmLanX10/01.hic/08.report/work.sh
    jobid: 31
    wildcards: project=whfs-xs-232026-01, sample=BmLanX10
    resources: tmpdir=/tmp

[Thu Mar 21 15:59:48 2024]
Finished job 30.
4 of 39 steps (10%) done

[Thu Mar 21 15:59:48 2024]
rule single:
    output: /work/frasergen/3D/work/shaojie/script/HiC/PGT/whfs-xs-232026-01/whfs-xs-232026-01_BmYanBai/01.hic/single_sample.yaml, /work/frasergen/3D/work/shaojie/script/HiC/PGT/whfs-xs-232026-01/whfs-xs-232026-01_BmYanBai/01.hic/work.sh
    jobid: 17
    wildcards: project=whfs-xs-232026-01, sample=BmYanBai
    resources: tmpdir=/tmp

[Thu Mar 21 15:59:48 2024]
Finished job 15.
5 of 39 steps (13%) done
[Thu Mar 21 15:59:48 2024]
Finished job 1.
6 of 39 steps (15%) done

[Thu Mar 21 15:59:48 2024]
rule single:
    output: /work/frasergen/3D/work/shaojie/script/HiC/PGT/whfs-xs-232026-01/whfs-xs-232026-01_BmHanDZ/01.hic/single_sample.yaml, /work/frasergen/3D/work/shaojie/script/HiC/PGT/whfs-xs-232026-01/whfs-xs-232026-01_BmHanDZ/01.hic/work.sh
    jobid: 11
    wildcards: project=whfs-xs-232026-01, sample=BmHanDZ
    resources: tmpdir=/tmp

[Thu Mar 21 15:59:48 2024]
rule single:
    output: /work/frasergen/3D/work/shaojie/script/HiC/PGT/whfs-xs-232026-01/whfs-xs-232026-01_Bm732/01.hic/single_sample.yaml, /work/frasergen/3D/work/shaojie/script/HiC/PGT/whfs-xs-232026-01/whfs-xs-232026-01_Bm732/01.hic/work.sh
    jobid: 3
    wildcards: project=whfs-xs-232026-01, sample=Bm732
    resources: tmpdir=/tmp

[Thu Mar 21 15:59:48 2024]
Finished job 10.
7 of 39 steps (18%) done

[Thu Mar 21 15:59:48 2024]
rule single_report:
    output: /work/frasergen/3D/work/shaojie/script/HiC/PGT/whfs-xs-232026-01/whfs-xs-232026-01_Bm871/01.hic/08.report/report.yaml, /work/frasergen/3D/work/shaojie/script/HiC/PGT/whfs-xs-232026-01/whfs-xs-232026-01_Bm871/01.hic/08.report/work.sh
    jobid: 25
    wildcards: project=whfs-xs-232026-01, sample=Bm871
    resources: tmpdir=/tmp

[Thu Mar 21 15:59:48 2024]
Finished job 16.
8 of 39 steps (21%) done

[Thu Mar 21 15:59:48 2024]
rule single_report:
    output: /work/frasergen/3D/work/shaojie/script/HiC/PGT/whfs-xs-232026-01/whfs-xs-232026-01_BmSu16/01.hic/08.report/report.yaml, /work/frasergen/3D/work/shaojie/script/HiC/PGT/whfs-xs-232026-01/whfs-xs-232026-01_BmSu16/01.hic/08.report/work.sh
    jobid: 32
    wildcards: project=whfs-xs-232026-01, sample=BmSu16
    resources: tmpdir=/tmp

[Thu Mar 21 15:59:48 2024]
Finished job 2.
9 of 39 steps (23%) done

[Thu Mar 21 15:59:48 2024]
rule single:
    output: /work/frasergen/3D/work/shaojie/script/HiC/PGT/whfs-xs-232026-01/whfs-xs-232026-01_Bm794/01.hic/single_sample.yaml, /work/frasergen/3D/work/shaojie/script/HiC/PGT/whfs-xs-232026-01/whfs-xs-232026-01_Bm794/01.hic/work.sh
    jobid: 4
    wildcards: project=whfs-xs-232026-01, sample=Bm794
    resources: tmpdir=/tmp

[Thu Mar 21 15:59:49 2024]
Finished job 9.
10 of 39 steps (26%) done

[Thu Mar 21 15:59:49 2024]
rule single:
    output: /work/frasergen/3D/work/shaojie/script/HiC/PGT/whfs-xs-232026-01/whfs-xs-232026-01_BmYun7BxA/01.hic/single_sample.yaml, /work/frasergen/3D/work/shaojie/script/HiC/PGT/whfs-xs-232026-01/whfs-xs-232026-01_BmYun7BxA/01.hic/work.sh
    jobid: 18
    wildcards: project=whfs-xs-232026-01, sample=BmYun7BxA
    resources: tmpdir=/tmp

[Thu Mar 21 15:59:57 2024]
Finished job 31.
11 of 39 steps (28%) done

[Thu Mar 21 15:59:57 2024]
rule single:
    output: /work/frasergen/3D/work/shaojie/script/HiC/PGT/whfs-xs-232026-01/whfs-xs-232026-01_BmLanX10/01.hic/single_sample.yaml, /work/frasergen/3D/work/shaojie/script/HiC/PGT/whfs-xs-232026-01/whfs-xs-232026-01_BmLanX10/01.hic/work.sh
    jobid: 12
    wildcards: project=whfs-xs-232026-01, sample=BmLanX10
    resources: tmpdir=/tmp

[Thu Mar 21 15:59:57 2024]
Finished job 24.
12 of 39 steps (31%) done

[Thu Mar 21 15:59:57 2024]
rule single_report:
    output: /work/frasergen/3D/work/shaojie/script/HiC/PGT/whfs-xs-232026-01/whfs-xs-232026-01_Bm872/01.hic/08.report/report.yaml, /work/frasergen/3D/work/shaojie/script/HiC/PGT/whfs-xs-232026-01/whfs-xs-232026-01_Bm872/01.hic/08.report/work.sh
    jobid: 26
    wildcards: project=whfs-xs-232026-01, sample=Bm872
    resources: tmpdir=/tmp

[Thu Mar 21 15:59:57 2024]
Finished job 38.
13 of 39 steps (33%) done

[Thu Mar 21 15:59:57 2024]
rule single:
    output: /work/frasergen/3D/work/shaojie/script/HiC/PGT/whfs-xs-232026-01/whfs-xs-232026-01_BmTuEQ/01.hic/single_sample.yaml, /work/frasergen/3D/work/shaojie/script/HiC/PGT/whfs-xs-232026-01/whfs-xs-232026-01_BmTuEQ/01.hic/work.sh
    jobid: 14
    wildcards: project=whfs-xs-232026-01, sample=BmTuEQ
    resources: tmpdir=/tmp

[Thu Mar 21 15:59:57 2024]
Finished job 11.
14 of 39 steps (36%) done

[Thu Mar 21 15:59:57 2024]
rule single_report:
    output: /work/frasergen/3D/work/shaojie/script/HiC/PGT/whfs-xs-232026-01/whfs-xs-232026-01_BmDongF/01.hic/08.report/report.yaml, /work/frasergen/3D/work/shaojie/script/HiC/PGT/whfs-xs-232026-01/whfs-xs-232026-01_BmDongF/01.hic/08.report/work.sh
    jobid: 28
    wildcards: project=whfs-xs-232026-01, sample=BmDongF
    resources: tmpdir=/tmp

[Thu Mar 21 15:59:58 2024]
Finished job 25.
15 of 39 steps (38%) done

[Thu Mar 21 15:59:58 2024]
rule single_report:
    output: /work/frasergen/3D/work/shaojie/script/HiC/PGT/whfs-xs-232026-01/whfs-xs-232026-01_BBmZJ/01.hic/08.report/report.yaml, /work/frasergen/3D/work/shaojie/script/HiC/PGT/whfs-xs-232026-01/whfs-xs-232026-01_BBmZJ/01.hic/08.report/work.sh
    jobid: 20
    wildcards: project=whfs-xs-232026-01, sample=BBmZJ
    resources: tmpdir=/tmp

[Thu Mar 21 15:59:58 2024]
Finished job 17.
16 of 39 steps (41%) done

[Thu Mar 21 15:59:58 2024]
rule single_report:
    output: /work/frasergen/3D/work/shaojie/script/HiC/PGT/whfs-xs-232026-01/whfs-xs-232026-01_BmXiaF/01.hic/08.report/report.yaml, /work/frasergen/3D/work/shaojie/script/HiC/PGT/whfs-xs-232026-01/whfs-xs-232026-01_BmXiaF/01.hic/08.report/work.sh
    jobid: 34
    wildcards: project=whfs-xs-232026-01, sample=BmXiaF
    resources: tmpdir=/tmp

[Thu Mar 21 15:59:58 2024]
Finished job 3.
17 of 39 steps (44%) done

[Thu Mar 21 15:59:58 2024]
rule single:
    output: /work/frasergen/3D/work/shaojie/script/HiC/PGT/whfs-xs-232026-01/whfs-xs-232026-01_BmYun8BxA/01.hic/single_sample.yaml, /work/frasergen/3D/work/shaojie/script/HiC/PGT/whfs-xs-232026-01/whfs-xs-232026-01_BmYun8BxA/01.hic/work.sh
    jobid: 19
    wildcards: project=whfs-xs-232026-01, sample=BmYun8BxA
    resources: tmpdir=/tmp

[Thu Mar 21 15:59:58 2024]
Finished job 32.
18 of 39 steps (46%) done
[Thu Mar 21 15:59:58 2024]
Finished job 4.
19 of 39 steps (49%) done

[Thu Mar 21 15:59:58 2024]
rule single:
    output: /work/frasergen/3D/work/shaojie/script/HiC/PGT/whfs-xs-232026-01/whfs-xs-232026-01_Bm796/01.hic/single_sample.yaml, /work/frasergen/3D/work/shaojie/script/HiC/PGT/whfs-xs-232026-01/whfs-xs-232026-01_Bm796/01.hic/work.sh
    jobid: 5
    wildcards: project=whfs-xs-232026-01, sample=Bm796
    resources: tmpdir=/tmp

[Thu Mar 21 15:59:58 2024]
rule single_report:
    output: /work/frasergen/3D/work/shaojie/script/HiC/PGT/whfs-xs-232026-01/whfs-xs-232026-01_BmTuEQ/01.hic/08.report/report.yaml, /work/frasergen/3D/work/shaojie/script/HiC/PGT/whfs-xs-232026-01/whfs-xs-232026-01_BmTuEQ/01.hic/08.report/work.sh
    jobid: 33
    wildcards: project=whfs-xs-232026-01, sample=BmTuEQ
    resources: tmpdir=/tmp

[Thu Mar 21 15:59:59 2024]
Finished job 18.
20 of 39 steps (51%) done

[Thu Mar 21 15:59:59 2024]
rule single:
    output: /work/frasergen/3D/work/shaojie/script/HiC/PGT/whfs-xs-232026-01/whfs-xs-232026-01_Bm872/01.hic/single_sample.yaml, /work/frasergen/3D/work/shaojie/script/HiC/PGT/whfs-xs-232026-01/whfs-xs-232026-01_Bm872/01.hic/work.sh
    jobid: 7
    wildcards: project=whfs-xs-232026-01, sample=Bm872
    resources: tmpdir=/tmp

[Thu Mar 21 16:00:07 2024]
Finished job 12.
21 of 39 steps (54%) done

[Thu Mar 21 16:00:07 2024]
rule single_report:
    output: /work/frasergen/3D/work/shaojie/script/HiC/PGT/whfs-xs-232026-01/whfs-xs-232026-01_Bm54A/01.hic/08.report/report.yaml, /work/frasergen/3D/work/shaojie/script/HiC/PGT/whfs-xs-232026-01/whfs-xs-232026-01_Bm54A/01.hic/08.report/work.sh
    jobid: 21
    wildcards: project=whfs-xs-232026-01, sample=Bm54A
    resources: tmpdir=/tmp

[Thu Mar 21 16:00:07 2024]
Finished job 26.
22 of 39 steps (56%) done

[Thu Mar 21 16:00:07 2024]
rule single_report:
    output: /work/frasergen/3D/work/shaojie/script/HiC/PGT/whfs-xs-232026-01/whfs-xs-232026-01_BmXingH/01.hic/08.report/report.yaml, /work/frasergen/3D/work/shaojie/script/HiC/PGT/whfs-xs-232026-01/whfs-xs-232026-01_BmXingH/01.hic/08.report/work.sh
    jobid: 35
    wildcards: project=whfs-xs-232026-01, sample=BmXingH
    resources: tmpdir=/tmp

[Thu Mar 21 16:00:08 2024]
Finished job 14.
23 of 39 steps (59%) done

[Thu Mar 21 16:00:08 2024]
rule single_report:
    output: /work/frasergen/3D/work/shaojie/script/HiC/PGT/whfs-xs-232026-01/whfs-xs-232026-01_BmYanBai/01.hic/08.report/report.yaml, /work/frasergen/3D/work/shaojie/script/HiC/PGT/whfs-xs-232026-01/whfs-xs-232026-01_BmYanBai/01.hic/08.report/work.sh
    jobid: 36
    wildcards: project=whfs-xs-232026-01, sample=BmYanBai
    resources: tmpdir=/tmp

[Thu Mar 21 16:00:08 2024]
Finished job 28.
24 of 39 steps (62%) done

[Thu Mar 21 16:00:08 2024]
rule single_report:
    output: /work/frasergen/3D/work/shaojie/script/HiC/PGT/whfs-xs-232026-01/whfs-xs-232026-01_Bm732/01.hic/08.report/report.yaml, /work/frasergen/3D/work/shaojie/script/HiC/PGT/whfs-xs-232026-01/whfs-xs-232026-01_Bm732/01.hic/08.report/work.sh
    jobid: 22
    wildcards: project=whfs-xs-232026-01, sample=Bm732
    resources: tmpdir=/tmp

[Thu Mar 21 16:00:08 2024]
Finished job 34.
25 of 39 steps (64%) done

[Thu Mar 21 16:00:08 2024]
rule single:
    output: /work/frasergen/3D/work/shaojie/script/HiC/PGT/whfs-xs-232026-01/whfs-xs-232026-01_BmD9L/01.hic/single_sample.yaml, /work/frasergen/3D/work/shaojie/script/HiC/PGT/whfs-xs-232026-01/whfs-xs-232026-01_BmD9L/01.hic/work.sh
    jobid: 8
    wildcards: project=whfs-xs-232026-01, sample=BmD9L
    resources: tmpdir=/tmp

[Thu Mar 21 16:00:08 2024]
Finished job 20.
26 of 39 steps (67%) done

[Thu Mar 21 16:00:08 2024]
rule single:
    output: /work/frasergen/3D/work/shaojie/script/HiC/PGT/whfs-xs-232026-01/whfs-xs-232026-01_BmSu16/01.hic/single_sample.yaml, /work/frasergen/3D/work/shaojie/script/HiC/PGT/whfs-xs-232026-01/whfs-xs-232026-01_BmSu16/01.hic/work.sh
    jobid: 13
    wildcards: project=whfs-xs-232026-01, sample=BmSu16
    resources: tmpdir=/tmp

[Thu Mar 21 16:00:08 2024]
Finished job 33.
27 of 39 steps (69%) done

[Thu Mar 21 16:00:08 2024]
rule single_report:
    output: /work/frasergen/3D/work/shaojie/script/HiC/PGT/whfs-xs-232026-01/whfs-xs-232026-01_BmD9L/01.hic/08.report/report.yaml, /work/frasergen/3D/work/shaojie/script/HiC/PGT/whfs-xs-232026-01/whfs-xs-232026-01_BmD9L/01.hic/08.report/work.sh
    jobid: 27
    wildcards: project=whfs-xs-232026-01, sample=BmD9L
    resources: tmpdir=/tmp

[Thu Mar 21 16:00:08 2024]
Finished job 19.
28 of 39 steps (72%) done

[Thu Mar 21 16:00:08 2024]
rule single:
    output: /work/frasergen/3D/work/shaojie/script/HiC/PGT/whfs-xs-232026-01/whfs-xs-232026-01_Bm871/01.hic/single_sample.yaml, /work/frasergen/3D/work/shaojie/script/HiC/PGT/whfs-xs-232026-01/whfs-xs-232026-01_Bm871/01.hic/work.sh
    jobid: 6
    wildcards: project=whfs-xs-232026-01, sample=Bm871
    resources: tmpdir=/tmp

[Thu Mar 21 16:00:09 2024]
Finished job 5.
29 of 39 steps (74%) done
[Thu Mar 21 16:00:10 2024]
Finished job 7.
30 of 39 steps (77%) done
[Thu Mar 21 16:00:17 2024]
Finished job 21.
31 of 39 steps (79%) done
[Thu Mar 21 16:00:18 2024]
Finished job 35.
32 of 39 steps (82%) done
[Thu Mar 21 16:00:18 2024]
Finished job 22.
33 of 39 steps (85%) done
[Thu Mar 21 16:00:18 2024]
Finished job 36.
34 of 39 steps (87%) done
[Thu Mar 21 16:00:18 2024]
Finished job 27.
35 of 39 steps (90%) done
[Thu Mar 21 16:00:19 2024]
Finished job 13.
36 of 39 steps (92%) done
[Thu Mar 21 16:00:19 2024]
Finished job 8.
37 of 39 steps (95%) done
[Thu Mar 21 16:00:19 2024]
Finished job 6.
38 of 39 steps (97%) done

[Thu Mar 21 16:00:19 2024]
localrule all:
    input: /work/frasergen/3D/work/shaojie/script/HiC/PGT/whfs-xs-232026-01/whfs-xs-232026-01_BBmZJ/01.hic/single_sample.yaml, /work/frasergen/3D/work/shaojie/script/HiC/PGT/whfs-xs-232026-01/whfs-xs-232026-01_Bm54A/01.hic/single_sample.yaml, /work/frasergen/3D/work/shaojie/script/HiC/PGT/whfs-xs-232026-01/whfs-xs-232026-01_Bm732/01.hic/single_sample.yaml, /work/frasergen/3D/work/shaojie/script/HiC/PGT/whfs-xs-232026-01/whfs-xs-232026-01_Bm794/01.hic/single_sample.yaml, /work/frasergen/3D/work/shaojie/script/HiC/PGT/whfs-xs-232026-01/whfs-xs-232026-01_Bm796/01.hic/single_sample.yaml, /work/frasergen/3D/work/shaojie/script/HiC/PGT/whfs-xs-232026-01/whfs-xs-232026-01_Bm871/01.hic/single_sample.yaml, /work/frasergen/3D/work/shaojie/script/HiC/PGT/whfs-xs-232026-01/whfs-xs-232026-01_Bm872/01.hic/single_sample.yaml, /work/frasergen/3D/work/shaojie/script/HiC/PGT/whfs-xs-232026-01/whfs-xs-232026-01_BmD9L/01.hic/single_sample.yaml, /work/frasergen/3D/work/shaojie/script/HiC/PGT/whfs-xs-232026-01/whfs-xs-232026-01_BmDongF/01.hic/single_sample.yaml, /work/frasergen/3D/work/shaojie/script/HiC/PGT/whfs-xs-232026-01/whfs-xs-232026-01_BmDZ/01.hic/single_sample.yaml, /work/frasergen/3D/work/shaojie/script/HiC/PGT/whfs-xs-232026-01/whfs-xs-232026-01_BmHanDZ/01.hic/single_sample.yaml, /work/frasergen/3D/work/shaojie/script/HiC/PGT/whfs-xs-232026-01/whfs-xs-232026-01_BmLanX10/01.hic/single_sample.yaml, /work/frasergen/3D/work/shaojie/script/HiC/PGT/whfs-xs-232026-01/whfs-xs-232026-01_BmSu16/01.hic/single_sample.yaml, /work/frasergen/3D/work/shaojie/script/HiC/PGT/whfs-xs-232026-01/whfs-xs-232026-01_BmTuEQ/01.hic/single_sample.yaml, /work/frasergen/3D/work/shaojie/script/HiC/PGT/whfs-xs-232026-01/whfs-xs-232026-01_BmXiaF/01.hic/single_sample.yaml, /work/frasergen/3D/work/shaojie/script/HiC/PGT/whfs-xs-232026-01/whfs-xs-232026-01_BmXingH/01.hic/single_sample.yaml, /work/frasergen/3D/work/shaojie/script/HiC/PGT/whfs-xs-232026-01/whfs-xs-232026-01_BmYanBai/01.hic/single_sample.yaml, /work/frasergen/3D/work/shaojie/script/HiC/PGT/whfs-xs-232026-01/whfs-xs-232026-01_BmYun7BxA/01.hic/single_sample.yaml, /work/frasergen/3D/work/shaojie/script/HiC/PGT/whfs-xs-232026-01/whfs-xs-232026-01_BmYun8BxA/01.hic/single_sample.yaml, /work/frasergen/3D/work/shaojie/script/HiC/PGT/whfs-xs-232026-01/whfs-xs-232026-01_BBmZJ/01.hic/08.report/report.yaml, /work/frasergen/3D/work/shaojie/script/HiC/PGT/whfs-xs-232026-01/whfs-xs-232026-01_Bm54A/01.hic/08.report/report.yaml, /work/frasergen/3D/work/shaojie/script/HiC/PGT/whfs-xs-232026-01/whfs-xs-232026-01_Bm732/01.hic/08.report/report.yaml, /work/frasergen/3D/work/shaojie/script/HiC/PGT/whfs-xs-232026-01/whfs-xs-232026-01_Bm794/01.hic/08.report/report.yaml, /work/frasergen/3D/work/shaojie/script/HiC/PGT/whfs-xs-232026-01/whfs-xs-232026-01_Bm796/01.hic/08.report/report.yaml, /work/frasergen/3D/work/shaojie/script/HiC/PGT/whfs-xs-232026-01/whfs-xs-232026-01_Bm871/01.hic/08.report/report.yaml, /work/frasergen/3D/work/shaojie/script/HiC/PGT/whfs-xs-232026-01/whfs-xs-232026-01_Bm872/01.hic/08.report/report.yaml, /work/frasergen/3D/work/shaojie/script/HiC/PGT/whfs-xs-232026-01/whfs-xs-232026-01_BmD9L/01.hic/08.report/report.yaml, /work/frasergen/3D/work/shaojie/script/HiC/PGT/whfs-xs-232026-01/whfs-xs-232026-01_BmDongF/01.hic/08.report/report.yaml, /work/frasergen/3D/work/shaojie/script/HiC/PGT/whfs-xs-232026-01/whfs-xs-232026-01_BmDZ/01.hic/08.report/report.yaml, /work/frasergen/3D/work/shaojie/script/HiC/PGT/whfs-xs-232026-01/whfs-xs-232026-01_BmHanDZ/01.hic/08.report/report.yaml, /work/frasergen/3D/work/shaojie/script/HiC/PGT/whfs-xs-232026-01/whfs-xs-232026-01_BmLanX10/01.hic/08.report/report.yaml, /work/frasergen/3D/work/shaojie/script/HiC/PGT/whfs-xs-232026-01/whfs-xs-232026-01_BmSu16/01.hic/08.report/report.yaml, /work/frasergen/3D/work/shaojie/script/HiC/PGT/whfs-xs-232026-01/whfs-xs-232026-01_BmTuEQ/01.hic/08.report/report.yaml, /work/frasergen/3D/work/shaojie/script/HiC/PGT/whfs-xs-232026-01/whfs-xs-232026-01_BmXiaF/01.hic/08.report/report.yaml, /work/frasergen/3D/work/shaojie/script/HiC/PGT/whfs-xs-232026-01/whfs-xs-232026-01_BmXingH/01.hic/08.report/report.yaml, /work/frasergen/3D/work/shaojie/script/HiC/PGT/whfs-xs-232026-01/whfs-xs-232026-01_BmYanBai/01.hic/08.report/report.yaml, /work/frasergen/3D/work/shaojie/script/HiC/PGT/whfs-xs-232026-01/whfs-xs-232026-01_BmYun7BxA/01.hic/08.report/report.yaml, /work/frasergen/3D/work/shaojie/script/HiC/PGT/whfs-xs-232026-01/whfs-xs-232026-01_BmYun8BxA/01.hic/08.report/report.yaml
    jobid: 0
    resources: tmpdir=/tmp

[Thu Mar 21 16:00:19 2024]
Finished job 0.
39 of 39 steps (100%) done
Complete log: /work/frasergen/3D/work/shaojie/script/HiC/hic_prepare/.snakemake/log/2024-03-21T155932.031197.snakemake.log
