Building DAG of jobs...
Using shell: /usr/bin/bash
Provided cores: 10
Rules claiming more threads will be scaled down.
Job stats:
job              count    min threads    max threads
-------------  -------  -------------  -------------
all                  1              1              1
single_report       20              1              1
total               21              1              1


[Thu Mar 21 16:57:17 2024]
rule single_report:
    output: /work/frasergen/3D/work/shaojie/script/HiC/PGT/whfs-xs-232026-01/whfs-xs-232026-01_BmXiaF/01.hic/08.report/report.yaml, /work/frasergen/3D/work/shaojie/script/HiC/PGT/whfs-xs-232026-01/whfs-xs-232026-01_BmXiaF/01.hic/08.report/work.sh
    jobid: 15
    wildcards: project=whfs-xs-232026-01, sample=BmXiaF
    resources: tmpdir=/tmp

[Thu Mar 21 16:57:17 2024]
rule single_report:
    output: /work/frasergen/3D/work/shaojie/script/HiC/PGT/whfs-xs-232026-01/whfs-xs-232026-01_BBmZJ/01.hic/08.report/report.yaml, /work/frasergen/3D/work/shaojie/script/HiC/PGT/whfs-xs-232026-01/whfs-xs-232026-01_BBmZJ/01.hic/08.report/work.sh
    jobid: 1
    wildcards: project=whfs-xs-232026-01, sample=BBmZJ
    resources: tmpdir=/tmp

[Thu Mar 21 16:57:17 2024]
rule single_report:
    output: /work/frasergen/3D/work/shaojie/script/HiC/PGT/whfs-xs-232026-01/whfs-xs-232026-01_Bm732/01.hic/08.report/report.yaml, /work/frasergen/3D/work/shaojie/script/HiC/PGT/whfs-xs-232026-01/whfs-xs-232026-01_Bm732/01.hic/08.report/work.sh
    jobid: 3
    wildcards: project=whfs-xs-232026-01, sample=Bm732
    resources: tmpdir=/tmp

[Thu Mar 21 16:57:17 2024]
rule single_report:
    output: /work/frasergen/3D/work/shaojie/script/HiC/PGT/whfs-xs-232026-01/whfs-xs-232026-01_BmYanBai/01.hic/08.report/report.yaml, /work/frasergen/3D/work/shaojie/script/HiC/PGT/whfs-xs-232026-01/whfs-xs-232026-01_BmYanBai/01.hic/08.report/work.sh
    jobid: 17
    wildcards: project=whfs-xs-232026-01, sample=BmYanBai
    resources: tmpdir=/tmp

[Thu Mar 21 16:57:17 2024]
rule single_report:
    output: /work/frasergen/3D/work/shaojie/script/HiC/PGT/whfs-xs-232026-01/whfs-xs-232026-01_BmDongF/01.hic/08.report/report.yaml, /work/frasergen/3D/work/shaojie/script/HiC/PGT/whfs-xs-232026-01/whfs-xs-232026-01_BmDongF/01.hic/08.report/work.sh
    jobid: 9
    wildcards: project=whfs-xs-232026-01, sample=BmDongF
    resources: tmpdir=/tmp

[Thu Mar 21 16:57:17 2024]
rule single_report:
    output: /work/frasergen/3D/work/shaojie/script/HiC/PGT/whfs-xs-232026-01/whfs-xs-232026-01_BmHanDZ/01.hic/08.report/report.yaml, /work/frasergen/3D/work/shaojie/script/HiC/PGT/whfs-xs-232026-01/whfs-xs-232026-01_BmHanDZ/01.hic/08.report/work.sh
    jobid: 11
    wildcards: project=whfs-xs-232026-01, sample=BmHanDZ
    resources: tmpdir=/tmp

[Thu Mar 21 16:57:17 2024]
rule single_report:
    output: /work/frasergen/3D/work/shaojie/script/HiC/PGT/whfs-xs-232026-01/whfs-xs-232026-01_BmXingH/01.hic/08.report/report.yaml, /work/frasergen/3D/work/shaojie/script/HiC/PGT/whfs-xs-232026-01/whfs-xs-232026-01_BmXingH/01.hic/08.report/work.sh
    jobid: 16
    wildcards: project=whfs-xs-232026-01, sample=BmXingH
    resources: tmpdir=/tmp

[Thu Mar 21 16:57:17 2024]
rule single_report:
    output: /work/frasergen/3D/work/shaojie/script/HiC/PGT/whfs-xs-232026-01/whfs-xs-232026-01_Bm54A/01.hic/08.report/report.yaml, /work/frasergen/3D/work/shaojie/script/HiC/PGT/whfs-xs-232026-01/whfs-xs-232026-01_Bm54A/01.hic/08.report/work.sh
    jobid: 2
    wildcards: project=whfs-xs-232026-01, sample=Bm54A
    resources: tmpdir=/tmp

[Thu Mar 21 16:57:17 2024]
rule single_report:
    output: /work/frasergen/3D/work/shaojie/script/HiC/PGT/whfs-xs-232026-01/whfs-xs-232026-01_BmYun7BxA/01.hic/08.report/report.yaml, /work/frasergen/3D/work/shaojie/script/HiC/PGT/whfs-xs-232026-01/whfs-xs-232026-01_BmYun7BxA/01.hic/08.report/work.sh
    jobid: 18
    wildcards: project=whfs-xs-232026-01, sample=BmYun7BxA
    resources: tmpdir=/tmp

[Thu Mar 21 16:57:17 2024]
rule single_report:
    output: /work/frasergen/3D/work/shaojie/script/HiC/PGT/whfs-xs-232026-01/whfs-xs-232026-01_BmDZ/01.hic/08.report/report.yaml, /work/frasergen/3D/work/shaojie/script/HiC/PGT/whfs-xs-232026-01/whfs-xs-232026-01_BmDZ/01.hic/08.report/work.sh
    jobid: 10
    wildcards: project=whfs-xs-232026-01, sample=BmDZ
    resources: tmpdir=/tmp

[Thu Mar 21 16:57:26 2024]
Finished job 10.
1 of 21 steps (5%) done

[Thu Mar 21 16:57:26 2024]
rule single_report:
    output: /work/frasergen/3D/work/shaojie/script/HiC/PGT/whfs-xs-232026-01/whfs-xs-232026-01_BmLanX10/01.hic/08.report/report.yaml, /work/frasergen/3D/work/shaojie/script/HiC/PGT/whfs-xs-232026-01/whfs-xs-232026-01_BmLanX10/01.hic/08.report/work.sh
    jobid: 12
    wildcards: project=whfs-xs-232026-01, sample=BmLanX10
    resources: tmpdir=/tmp

[Thu Mar 21 16:57:26 2024]
Finished job 17.
2 of 21 steps (10%) done

[Thu Mar 21 16:57:26 2024]
rule single_report:
    output: /work/frasergen/3D/work/shaojie/script/HiC/PGT/whfs-xs-232026-01/whfs-xs-232026-01_BmTuEQ/01.hic/08.report/report.yaml, /work/frasergen/3D/work/shaojie/script/HiC/PGT/whfs-xs-232026-01/whfs-xs-232026-01_BmTuEQ/01.hic/08.report/work.sh
    jobid: 14
    wildcards: project=whfs-xs-232026-01, sample=BmTuEQ
    resources: tmpdir=/tmp

[Thu Mar 21 16:57:26 2024]
Finished job 3.
3 of 21 steps (14%) done
[Thu Mar 21 16:57:26 2024]
Finished job 11.
4 of 21 steps (19%) done
[Thu Mar 21 16:57:26 2024]
Finished job 9.
5 of 21 steps (24%) done

[Thu Mar 21 16:57:26 2024]
rule single_report:
    output: /work/frasergen/3D/work/shaojie/script/HiC/PGT/whfs-xs-232026-01/whfs-xs-232026-01_BmYun8BxA/01.hic/08.report/report.yaml, /work/frasergen/3D/work/shaojie/script/HiC/PGT/whfs-xs-232026-01/whfs-xs-232026-01_BmYun8BxA/01.hic/08.report/work.sh
    jobid: 19
    wildcards: project=whfs-xs-232026-01, sample=BmYun8BxA
    resources: tmpdir=/tmp

[Thu Mar 21 16:57:26 2024]
rule single_report:
    output: /work/frasergen/3D/work/shaojie/script/HiC/PGT/whfs-xs-232026-01/whfs-xs-232026-01_Bm796/01.hic/08.report/report.yaml, /work/frasergen/3D/work/shaojie/script/HiC/PGT/whfs-xs-232026-01/whfs-xs-232026-01_Bm796/01.hic/08.report/work.sh
    jobid: 5
    wildcards: project=whfs-xs-232026-01, sample=Bm796
    resources: tmpdir=/tmp

[Thu Mar 21 16:57:26 2024]
rule single_report:
    output: /work/frasergen/3D/work/shaojie/script/HiC/PGT/whfs-xs-232026-01/whfs-xs-232026-01_Bm872/01.hic/08.report/report.yaml, /work/frasergen/3D/work/shaojie/script/HiC/PGT/whfs-xs-232026-01/whfs-xs-232026-01_Bm872/01.hic/08.report/work.sh
    jobid: 7
    wildcards: project=whfs-xs-232026-01, sample=Bm872
    resources: tmpdir=/tmp

[Thu Mar 21 16:57:27 2024]
Finished job 16.
6 of 21 steps (29%) done

[Thu Mar 21 16:57:27 2024]
rule single_report:
    output: /work/frasergen/3D/work/shaojie/script/HiC/PGT/whfs-xs-232026-01/whfs-xs-232026-01_BmSu16/01.hic/08.report/report.yaml, /work/frasergen/3D/work/shaojie/script/HiC/PGT/whfs-xs-232026-01/whfs-xs-232026-01_BmSu16/01.hic/08.report/work.sh
    jobid: 13
    wildcards: project=whfs-xs-232026-01, sample=BmSu16
    resources: tmpdir=/tmp

[Thu Mar 21 16:57:27 2024]
Finished job 1.
7 of 21 steps (33%) done
[Thu Mar 21 16:57:27 2024]
Finished job 18.
8 of 21 steps (38%) done

[Thu Mar 21 16:57:27 2024]
rule single_report:
    output: /work/frasergen/3D/work/shaojie/script/HiC/PGT/whfs-xs-232026-01/whfs-xs-232026-01_Bm794/01.hic/08.report/report.yaml, /work/frasergen/3D/work/shaojie/script/HiC/PGT/whfs-xs-232026-01/whfs-xs-232026-01_Bm794/01.hic/08.report/work.sh
    jobid: 4
    wildcards: project=whfs-xs-232026-01, sample=Bm794
    resources: tmpdir=/tmp

[Thu Mar 21 16:57:27 2024]
rule single_report:
    output: /work/frasergen/3D/work/shaojie/script/HiC/PGT/whfs-xs-232026-01/whfs-xs-232026-01_BmQiuB/01.hic/08.report/report.yaml, /work/frasergen/3D/work/shaojie/script/HiC/PGT/whfs-xs-232026-01/whfs-xs-232026-01_BmQiuB/01.hic/08.report/work.sh
    jobid: 20
    wildcards: project=whfs-xs-232026-01, sample=BmQiuB
    resources: tmpdir=/tmp

[Thu Mar 21 16:57:27 2024]
Finished job 15.
9 of 21 steps (43%) done

[Thu Mar 21 16:57:27 2024]
rule single_report:
    output: /work/frasergen/3D/work/shaojie/script/HiC/PGT/whfs-xs-232026-01/whfs-xs-232026-01_Bm871/01.hic/08.report/report.yaml, /work/frasergen/3D/work/shaojie/script/HiC/PGT/whfs-xs-232026-01/whfs-xs-232026-01_Bm871/01.hic/08.report/work.sh
    jobid: 6
    wildcards: project=whfs-xs-232026-01, sample=Bm871
    resources: tmpdir=/tmp

[Thu Mar 21 16:57:27 2024]
Finished job 2.
10 of 21 steps (48%) done

[Thu Mar 21 16:57:27 2024]
rule single_report:
    output: /work/frasergen/3D/work/shaojie/script/HiC/PGT/whfs-xs-232026-01/whfs-xs-232026-01_BmD9L/01.hic/08.report/report.yaml, /work/frasergen/3D/work/shaojie/script/HiC/PGT/whfs-xs-232026-01/whfs-xs-232026-01_BmD9L/01.hic/08.report/work.sh
    jobid: 8
    wildcards: project=whfs-xs-232026-01, sample=BmD9L
    resources: tmpdir=/tmp

[Thu Mar 21 16:57:36 2024]
Finished job 14.
11 of 21 steps (52%) done
[Thu Mar 21 16:57:36 2024]
Finished job 7.
12 of 21 steps (57%) done
[Thu Mar 21 16:57:36 2024]
Finished job 4.
13 of 21 steps (62%) done
[Thu Mar 21 16:57:36 2024]
Finished job 12.
14 of 21 steps (67%) done
[Thu Mar 21 16:57:36 2024]
Finished job 5.
15 of 21 steps (71%) done
[Thu Mar 21 16:57:36 2024]
Finished job 20.
16 of 21 steps (76%) done
[Thu Mar 21 16:57:37 2024]
Finished job 6.
17 of 21 steps (81%) done
[Thu Mar 21 16:57:37 2024]
Finished job 13.
18 of 21 steps (86%) done
[Thu Mar 21 16:57:37 2024]
Finished job 19.
19 of 21 steps (90%) done
[Thu Mar 21 16:57:37 2024]
Finished job 8.
20 of 21 steps (95%) done

[Thu Mar 21 16:57:37 2024]
localrule all:
    input: /work/frasergen/3D/work/shaojie/script/HiC/PGT/whfs-xs-232026-01/whfs-xs-232026-01_BBmZJ/01.hic/08.report/work.sh, /work/frasergen/3D/work/shaojie/script/HiC/PGT/whfs-xs-232026-01/whfs-xs-232026-01_Bm54A/01.hic/08.report/work.sh, /work/frasergen/3D/work/shaojie/script/HiC/PGT/whfs-xs-232026-01/whfs-xs-232026-01_Bm732/01.hic/08.report/work.sh, /work/frasergen/3D/work/shaojie/script/HiC/PGT/whfs-xs-232026-01/whfs-xs-232026-01_Bm794/01.hic/08.report/work.sh, /work/frasergen/3D/work/shaojie/script/HiC/PGT/whfs-xs-232026-01/whfs-xs-232026-01_Bm796/01.hic/08.report/work.sh, /work/frasergen/3D/work/shaojie/script/HiC/PGT/whfs-xs-232026-01/whfs-xs-232026-01_Bm871/01.hic/08.report/work.sh, /work/frasergen/3D/work/shaojie/script/HiC/PGT/whfs-xs-232026-01/whfs-xs-232026-01_Bm872/01.hic/08.report/work.sh, /work/frasergen/3D/work/shaojie/script/HiC/PGT/whfs-xs-232026-01/whfs-xs-232026-01_BmD9L/01.hic/08.report/work.sh, /work/frasergen/3D/work/shaojie/script/HiC/PGT/whfs-xs-232026-01/whfs-xs-232026-01_BmDongF/01.hic/08.report/work.sh, /work/frasergen/3D/work/shaojie/script/HiC/PGT/whfs-xs-232026-01/whfs-xs-232026-01_BmDZ/01.hic/08.report/work.sh, /work/frasergen/3D/work/shaojie/script/HiC/PGT/whfs-xs-232026-01/whfs-xs-232026-01_BmHanDZ/01.hic/08.report/work.sh, /work/frasergen/3D/work/shaojie/script/HiC/PGT/whfs-xs-232026-01/whfs-xs-232026-01_BmLanX10/01.hic/08.report/work.sh, /work/frasergen/3D/work/shaojie/script/HiC/PGT/whfs-xs-232026-01/whfs-xs-232026-01_BmSu16/01.hic/08.report/work.sh, /work/frasergen/3D/work/shaojie/script/HiC/PGT/whfs-xs-232026-01/whfs-xs-232026-01_BmTuEQ/01.hic/08.report/work.sh, /work/frasergen/3D/work/shaojie/script/HiC/PGT/whfs-xs-232026-01/whfs-xs-232026-01_BmXiaF/01.hic/08.report/work.sh, /work/frasergen/3D/work/shaojie/script/HiC/PGT/whfs-xs-232026-01/whfs-xs-232026-01_BmXingH/01.hic/08.report/work.sh, /work/frasergen/3D/work/shaojie/script/HiC/PGT/whfs-xs-232026-01/whfs-xs-232026-01_BmYanBai/01.hic/08.report/work.sh, /work/frasergen/3D/work/shaojie/script/HiC/PGT/whfs-xs-232026-01/whfs-xs-232026-01_BmYun7BxA/01.hic/08.report/work.sh, /work/frasergen/3D/work/shaojie/script/HiC/PGT/whfs-xs-232026-01/whfs-xs-232026-01_BmYun8BxA/01.hic/08.report/work.sh, /work/frasergen/3D/work/shaojie/script/HiC/PGT/whfs-xs-232026-01/whfs-xs-232026-01_BmQiuB/01.hic/08.report/work.sh
    jobid: 0
    resources: tmpdir=/tmp

[Thu Mar 21 16:57:37 2024]
Finished job 0.
21 of 21 steps (100%) done
Complete log: /work/frasergen/3D/work/shaojie/script/HiC/hic_prepare/.snakemake/log/2024-03-21T165711.175622.snakemake.log
