Building DAG of jobs...
Using shell: /usr/bin/bash
Provided cores: 10
Rules claiming more threads will be scaled down.
Job stats:
job       count    min threads    max threads
------  -------  -------------  -------------
all           1              1              1
cp_sh         1              1              1
ref_sh        1              1              1
total         3              1              1


[Sun Feb  4 16:07:40 2024]
rule ref_sh:
    output: /work/frasergen/3D/project/Interactome/01.analysis/230891_ctinidia_arguta_20240204/00.ref/carguta.mrna.fasta
    jobid: 6
    resources: tmpdir=/tmp

[Sun Feb  4 16:07:40 2024]
rule cp_sh:
    output: /work/frasergen/3D/project/Interactome/01.analysis/230891_ctinidia_arguta_20240204/01.rawdata/check.txt
    jobid: 7
    resources: tmpdir=/tmp

Shutting down, this might take some time.
Exiting because a job execution failed. Look above for error message
Complete log: /work/frasergen/3D/work/shaojie/script/HiC/hic_prepare/.snakemake/log/2024-02-04T160735.442945.snakemake.log
