Building DAG of jobs...
Using shell: /usr/bin/bash
Provided cores: 10
Rules claiming more threads will be scaled down.
Job stats:
job              count    min threads    max threads
-------------  -------  -------------  -------------
all                  1              1              1
ref                 20              1              1
single              20              1              1
single_report       20              1              1
total               61              1              1


[Tue Mar 19 20:53:35 2024]
rule single:
    output: /work/frasergen/3D/work/shaojie/script/HiC/PGT/whfs-xs-232026-01/whfs-xs-232026-01_BmD9L/01.hic/single_sample.yaml, /work/frasergen/3D/work/shaojie/script/HiC/PGT/whfs-xs-232026-01/whfs-xs-232026-01_BmD9L/01.hic/work.sh
    jobid: 28
    wildcards: project=whfs-xs-232026-01, sample=BmD9L
    resources: tmpdir=/tmp

[Tue Mar 19 20:53:35 2024]
rule single_report:
    output: /work/frasergen/3D/work/shaojie/script/HiC/PGT/whfs-xs-232026-01/whfs-xs-232026-01_Bm54A/01.hic/08.report/report.yaml, /work/frasergen/3D/work/shaojie/script/HiC/PGT/whfs-xs-232026-01/whfs-xs-232026-01_Bm54A/01.hic/08.report/work.sh
    jobid: 42
    wildcards: project=whfs-xs-232026-01, sample=Bm54A
    resources: tmpdir=/tmp

[Tue Mar 19 20:53:35 2024]
rule single_report:
    output: /work/frasergen/3D/work/shaojie/script/HiC/PGT/whfs-xs-232026-01/whfs-xs-232026-01_BmXiaF/01.hic/08.report/report.yaml, /work/frasergen/3D/work/shaojie/script/HiC/PGT/whfs-xs-232026-01/whfs-xs-232026-01_BmXiaF/01.hic/08.report/work.sh
    jobid: 56
    wildcards: project=whfs-xs-232026-01, sample=BmXiaF
    resources: tmpdir=/tmp

[Tue Mar 19 20:53:35 2024]
rule ref:
    output: /work/frasergen/3D/work/shaojie/script/HiC/PGT/whfs-xs-232026-01/whfs-xs-232026-01_BmSu16/00.ref/work.sh
    jobid: 14
    wildcards: project=whfs-xs-232026-01, sample=BmSu16
    resources: tmpdir=/tmp

[Tue Mar 19 20:53:35 2024]
rule ref:
    output: /work/frasergen/3D/work/shaojie/script/HiC/PGT/whfs-xs-232026-01/whfs-xs-232026-01_BmD9L/00.ref/work.sh
    jobid: 8
    wildcards: project=whfs-xs-232026-01, sample=BmD9L
    resources: tmpdir=/tmp

[Tue Mar 19 20:53:35 2024]
rule single:
    output: /work/frasergen/3D/work/shaojie/script/HiC/PGT/whfs-xs-232026-01/whfs-xs-232026-01_Bm54A/01.hic/single_sample.yaml, /work/frasergen/3D/work/shaojie/script/HiC/PGT/whfs-xs-232026-01/whfs-xs-232026-01_Bm54A/01.hic/work.sh
    jobid: 22
    wildcards: project=whfs-xs-232026-01, sample=Bm54A
    resources: tmpdir=/tmp

[Tue Mar 19 20:53:35 2024]
rule single:
    output: /work/frasergen/3D/work/shaojie/script/HiC/PGT/whfs-xs-232026-01/whfs-xs-232026-01_BmXiaF/01.hic/single_sample.yaml, /work/frasergen/3D/work/shaojie/script/HiC/PGT/whfs-xs-232026-01/whfs-xs-232026-01_BmXiaF/01.hic/work.sh
    jobid: 36
    wildcards: project=whfs-xs-232026-01, sample=BmXiaF
    resources: tmpdir=/tmp

[Tue Mar 19 20:53:35 2024]
rule single_report:
    output: /work/frasergen/3D/work/shaojie/script/HiC/PGT/whfs-xs-232026-01/whfs-xs-232026-01_BmDZ/01.hic/08.report/report.yaml, /work/frasergen/3D/work/shaojie/script/HiC/PGT/whfs-xs-232026-01/whfs-xs-232026-01_BmDZ/01.hic/08.report/work.sh
    jobid: 50
    wildcards: project=whfs-xs-232026-01, sample=BmDZ
    resources: tmpdir=/tmp

[Tue Mar 19 20:53:35 2024]
rule ref:
    output: /work/frasergen/3D/work/shaojie/script/HiC/PGT/whfs-xs-232026-01/whfs-xs-232026-01_BBmZJ/00.ref/work.sh
    jobid: 1
    wildcards: project=whfs-xs-232026-01, sample=BBmZJ
    resources: tmpdir=/tmp

[Tue Mar 19 20:53:35 2024]
rule ref:
    output: /work/frasergen/3D/work/shaojie/script/HiC/PGT/whfs-xs-232026-01/whfs-xs-232026-01_BmTuEQ/00.ref/work.sh
    jobid: 15
    wildcards: project=whfs-xs-232026-01, sample=BmTuEQ
    resources: tmpdir=/tmp

[Tue Mar 19 20:53:44 2024]
Finished job 8.
1 of 61 steps (2%) done

[Tue Mar 19 20:53:44 2024]
rule single_report:
    output: /work/frasergen/3D/work/shaojie/script/HiC/PGT/whfs-xs-232026-01/whfs-xs-232026-01_BmXingH/01.hic/08.report/report.yaml, /work/frasergen/3D/work/shaojie/script/HiC/PGT/whfs-xs-232026-01/whfs-xs-232026-01_BmXingH/01.hic/08.report/work.sh
    jobid: 57
    wildcards: project=whfs-xs-232026-01, sample=BmXingH
    resources: tmpdir=/tmp

[Tue Mar 19 20:53:44 2024]
Finished job 28.
2 of 61 steps (3%) done

[Tue Mar 19 20:53:44 2024]
rule single:
    output: /work/frasergen/3D/work/shaojie/script/HiC/PGT/whfs-xs-232026-01/whfs-xs-232026-01_BmDongF/01.hic/single_sample.yaml, /work/frasergen/3D/work/shaojie/script/HiC/PGT/whfs-xs-232026-01/whfs-xs-232026-01_BmDongF/01.hic/work.sh
    jobid: 29
    wildcards: project=whfs-xs-232026-01, sample=BmDongF
    resources: tmpdir=/tmp

[Tue Mar 19 20:53:44 2024]
Finished job 14.
3 of 61 steps (5%) done

[Tue Mar 19 20:53:44 2024]
rule single_report:
    output: /work/frasergen/3D/work/shaojie/script/HiC/PGT/whfs-xs-232026-01/whfs-xs-232026-01_Bm732/01.hic/08.report/report.yaml, /work/frasergen/3D/work/shaojie/script/HiC/PGT/whfs-xs-232026-01/whfs-xs-232026-01_Bm732/01.hic/08.report/work.sh
    jobid: 43
    wildcards: project=whfs-xs-232026-01, sample=Bm732
    resources: tmpdir=/tmp

[Tue Mar 19 20:53:44 2024]
Finished job 22.
4 of 61 steps (7%) done
[Tue Mar 19 20:53:44 2024]
Finished job 1.
5 of 61 steps (8%) done

[Tue Mar 19 20:53:44 2024]
rule single:
    output: /work/frasergen/3D/work/shaojie/script/HiC/PGT/whfs-xs-232026-01/whfs-xs-232026-01_BmXingH/01.hic/single_sample.yaml, /work/frasergen/3D/work/shaojie/script/HiC/PGT/whfs-xs-232026-01/whfs-xs-232026-01_BmXingH/01.hic/work.sh
    jobid: 37
    wildcards: project=whfs-xs-232026-01, sample=BmXingH
    resources: tmpdir=/tmp

[Tue Mar 19 20:53:44 2024]
rule ref:
    output: /work/frasergen/3D/work/shaojie/script/HiC/PGT/whfs-xs-232026-01/whfs-xs-232026-01_BmDongF/00.ref/work.sh
    jobid: 9
    wildcards: project=whfs-xs-232026-01, sample=BmDongF
    resources: tmpdir=/tmp

[Tue Mar 19 20:53:44 2024]
Finished job 42.
6 of 61 steps (10%) done

[Tue Mar 19 20:53:44 2024]
rule single_report:
    output: /work/frasergen/3D/work/shaojie/script/HiC/PGT/whfs-xs-232026-01/whfs-xs-232026-01_BmHanDZ/01.hic/08.report/report.yaml, /work/frasergen/3D/work/shaojie/script/HiC/PGT/whfs-xs-232026-01/whfs-xs-232026-01_BmHanDZ/01.hic/08.report/work.sh
    jobid: 51
    wildcards: project=whfs-xs-232026-01, sample=BmHanDZ
    resources: tmpdir=/tmp

[Tue Mar 19 20:53:44 2024]
Finished job 36.
7 of 61 steps (11%) done
[Tue Mar 19 20:53:44 2024]
Finished job 56.
8 of 61 steps (13%) done

[Tue Mar 19 20:53:44 2024]
rule single:
    output: /work/frasergen/3D/work/shaojie/script/HiC/PGT/whfs-xs-232026-01/whfs-xs-232026-01_Bm732/01.hic/single_sample.yaml, /work/frasergen/3D/work/shaojie/script/HiC/PGT/whfs-xs-232026-01/whfs-xs-232026-01_Bm732/01.hic/work.sh
    jobid: 23
    wildcards: project=whfs-xs-232026-01, sample=Bm732
    resources: tmpdir=/tmp

[Tue Mar 19 20:53:44 2024]
rule single:
    output: /work/frasergen/3D/work/shaojie/script/HiC/PGT/whfs-xs-232026-01/whfs-xs-232026-01_BmDZ/01.hic/single_sample.yaml, /work/frasergen/3D/work/shaojie/script/HiC/PGT/whfs-xs-232026-01/whfs-xs-232026-01_BmDZ/01.hic/work.sh
    jobid: 30
    wildcards: project=whfs-xs-232026-01, sample=BmDZ
    resources: tmpdir=/tmp

[Tue Mar 19 20:53:44 2024]
Finished job 50.
9 of 61 steps (15%) done

[Tue Mar 19 20:53:44 2024]
rule single_report:
    output: /work/frasergen/3D/work/shaojie/script/HiC/PGT/whfs-xs-232026-01/whfs-xs-232026-01_Bm794/01.hic/08.report/report.yaml, /work/frasergen/3D/work/shaojie/script/HiC/PGT/whfs-xs-232026-01/whfs-xs-232026-01_Bm794/01.hic/08.report/work.sh
    jobid: 44
    wildcards: project=whfs-xs-232026-01, sample=Bm794
    resources: tmpdir=/tmp

[Tue Mar 19 20:53:45 2024]
Finished job 15.
10 of 61 steps (16%) done

[Tue Mar 19 20:53:45 2024]
rule single_report:
    output: /work/frasergen/3D/work/shaojie/script/HiC/PGT/whfs-xs-232026-01/whfs-xs-232026-01_BmYanBai/01.hic/08.report/report.yaml, /work/frasergen/3D/work/shaojie/script/HiC/PGT/whfs-xs-232026-01/whfs-xs-232026-01_BmYanBai/01.hic/08.report/work.sh
    jobid: 58
    wildcards: project=whfs-xs-232026-01, sample=BmYanBai
    resources: tmpdir=/tmp

[Tue Mar 19 20:53:53 2024]
Finished job 43.
11 of 61 steps (18%) done

[Tue Mar 19 20:53:53 2024]
rule ref:
    output: /work/frasergen/3D/work/shaojie/script/HiC/PGT/whfs-xs-232026-01/whfs-xs-232026-01_BmXiaF/00.ref/work.sh
    jobid: 16
    wildcards: project=whfs-xs-232026-01, sample=BmXiaF
    resources: tmpdir=/tmp

[Tue Mar 19 20:53:53 2024]
Finished job 29.
12 of 61 steps (20%) done

[Tue Mar 19 20:53:53 2024]
rule ref:
    output: /work/frasergen/3D/work/shaojie/script/HiC/PGT/whfs-xs-232026-01/whfs-xs-232026-01_Bm54A/00.ref/work.sh
    jobid: 2
    wildcards: project=whfs-xs-232026-01, sample=Bm54A
    resources: tmpdir=/tmp

[Tue Mar 19 20:53:54 2024]
Finished job 57.
13 of 61 steps (21%) done

[Tue Mar 19 20:53:54 2024]
rule single:
    output: /work/frasergen/3D/work/shaojie/script/HiC/PGT/whfs-xs-232026-01/whfs-xs-232026-01_Bm794/01.hic/single_sample.yaml, /work/frasergen/3D/work/shaojie/script/HiC/PGT/whfs-xs-232026-01/whfs-xs-232026-01_Bm794/01.hic/work.sh
    jobid: 24
    wildcards: project=whfs-xs-232026-01, sample=Bm794
    resources: tmpdir=/tmp

[Tue Mar 19 20:53:54 2024]
Finished job 44.
14 of 61 steps (23%) done

[Tue Mar 19 20:53:54 2024]
rule single:
    output: /work/frasergen/3D/work/shaojie/script/HiC/PGT/whfs-xs-232026-01/whfs-xs-232026-01_BmYanBai/01.hic/single_sample.yaml, /work/frasergen/3D/work/shaojie/script/HiC/PGT/whfs-xs-232026-01/whfs-xs-232026-01_BmYanBai/01.hic/work.sh
    jobid: 38
    wildcards: project=whfs-xs-232026-01, sample=BmYanBai
    resources: tmpdir=/tmp

[Tue Mar 19 20:53:54 2024]
Finished job 9.
15 of 61 steps (25%) done

[Tue Mar 19 20:53:54 2024]
rule single_report:
    output: /work/frasergen/3D/work/shaojie/script/HiC/PGT/whfs-xs-232026-01/whfs-xs-232026-01_BmLanX10/01.hic/08.report/report.yaml, /work/frasergen/3D/work/shaojie/script/HiC/PGT/whfs-xs-232026-01/whfs-xs-232026-01_BmLanX10/01.hic/08.report/work.sh
    jobid: 52
    wildcards: project=whfs-xs-232026-01, sample=BmLanX10
    resources: tmpdir=/tmp

[Tue Mar 19 20:53:54 2024]
Finished job 37.
16 of 61 steps (26%) done
[Tue Mar 19 20:53:54 2024]
Finished job 51.
17 of 61 steps (28%) done

[Tue Mar 19 20:53:54 2024]
rule single:
    output: /work/frasergen/3D/work/shaojie/script/HiC/PGT/whfs-xs-232026-01/whfs-xs-232026-01_BBmZJ/01.hic/single_sample.yaml, /work/frasergen/3D/work/shaojie/script/HiC/PGT/whfs-xs-232026-01/whfs-xs-232026-01_BBmZJ/01.hic/work.sh
    jobid: 21
    wildcards: project=whfs-xs-232026-01, sample=BBmZJ
    resources: tmpdir=/tmp

[Tue Mar 19 20:53:54 2024]
rule ref:
    output: /work/frasergen/3D/work/shaojie/script/HiC/PGT/whfs-xs-232026-01/whfs-xs-232026-01_BmDZ/00.ref/work.sh
    jobid: 10
    wildcards: project=whfs-xs-232026-01, sample=BmDZ
    resources: tmpdir=/tmp

[Tue Mar 19 20:53:54 2024]
Finished job 30.
18 of 61 steps (30%) done

[Tue Mar 19 20:53:54 2024]
rule single_report:
    output: /work/frasergen/3D/work/shaojie/script/HiC/PGT/whfs-xs-232026-01/whfs-xs-232026-01_BmYun7BxA/01.hic/08.report/report.yaml, /work/frasergen/3D/work/shaojie/script/HiC/PGT/whfs-xs-232026-01/whfs-xs-232026-01_BmYun7BxA/01.hic/08.report/work.sh
    jobid: 59
    wildcards: project=whfs-xs-232026-01, sample=BmYun7BxA
    resources: tmpdir=/tmp

[Tue Mar 19 20:53:54 2024]
Finished job 23.
19 of 61 steps (31%) done

[Tue Mar 19 20:53:54 2024]
rule single:
    output: /work/frasergen/3D/work/shaojie/script/HiC/PGT/whfs-xs-232026-01/whfs-xs-232026-01_BmHanDZ/01.hic/single_sample.yaml, /work/frasergen/3D/work/shaojie/script/HiC/PGT/whfs-xs-232026-01/whfs-xs-232026-01_BmHanDZ/01.hic/work.sh
    jobid: 31
    wildcards: project=whfs-xs-232026-01, sample=BmHanDZ
    resources: tmpdir=/tmp

[Tue Mar 19 20:53:56 2024]
Finished job 58.
20 of 61 steps (33%) done

[Tue Mar 19 20:53:56 2024]
rule single_report:
    output: /work/frasergen/3D/work/shaojie/script/HiC/PGT/whfs-xs-232026-01/whfs-xs-232026-01_Bm796/01.hic/08.report/report.yaml, /work/frasergen/3D/work/shaojie/script/HiC/PGT/whfs-xs-232026-01/whfs-xs-232026-01_Bm796/01.hic/08.report/work.sh
    jobid: 45
    wildcards: project=whfs-xs-232026-01, sample=Bm796
    resources: tmpdir=/tmp

[Tue Mar 19 20:54:03 2024]
Finished job 38.
21 of 61 steps (34%) done

[Tue Mar 19 20:54:03 2024]
rule ref:
    output: /work/frasergen/3D/work/shaojie/script/HiC/PGT/whfs-xs-232026-01/whfs-xs-232026-01_Bm732/00.ref/work.sh
    jobid: 3
    wildcards: project=whfs-xs-232026-01, sample=Bm732
    resources: tmpdir=/tmp

[Tue Mar 19 20:54:03 2024]
Finished job 59.
22 of 61 steps (36%) done
[Tue Mar 19 20:54:04 2024]
Finished job 16.
23 of 61 steps (38%) done
[Tue Mar 19 20:54:04 2024]
Finished job 21.
24 of 61 steps (39%) done
[Tue Mar 19 20:54:04 2024]
Finished job 2.
25 of 61 steps (41%) done

[Tue Mar 19 20:54:04 2024]
rule ref:
    output: /work/frasergen/3D/work/shaojie/script/HiC/PGT/whfs-xs-232026-01/whfs-xs-232026-01_BmXingH/00.ref/work.sh
    jobid: 17
    wildcards: project=whfs-xs-232026-01, sample=BmXingH
    resources: tmpdir=/tmp

[Tue Mar 19 20:54:04 2024]
rule ref:
    output: /work/frasergen/3D/work/shaojie/script/HiC/PGT/whfs-xs-232026-01/whfs-xs-232026-01_BmHanDZ/00.ref/work.sh
    jobid: 11
    wildcards: project=whfs-xs-232026-01, sample=BmHanDZ
    resources: tmpdir=/tmp

[Tue Mar 19 20:54:04 2024]
rule ref:
    output: /work/frasergen/3D/work/shaojie/script/HiC/PGT/whfs-xs-232026-01/whfs-xs-232026-01_Bm872/00.ref/work.sh
    jobid: 7
    wildcards: project=whfs-xs-232026-01, sample=Bm872
    resources: tmpdir=/tmp

[Tue Mar 19 20:54:04 2024]
rule single:
    output: /work/frasergen/3D/work/shaojie/script/HiC/PGT/whfs-xs-232026-01/whfs-xs-232026-01_Bm796/01.hic/single_sample.yaml, /work/frasergen/3D/work/shaojie/script/HiC/PGT/whfs-xs-232026-01/whfs-xs-232026-01_Bm796/01.hic/work.sh
    jobid: 25
    wildcards: project=whfs-xs-232026-01, sample=Bm796
    resources: tmpdir=/tmp

[Tue Mar 19 20:54:04 2024]
Finished job 52.
26 of 61 steps (43%) done

[Tue Mar 19 20:54:04 2024]
rule single:
    output: /work/frasergen/3D/work/shaojie/script/HiC/PGT/whfs-xs-232026-01/whfs-xs-232026-01_BmYun7BxA/01.hic/single_sample.yaml, /work/frasergen/3D/work/shaojie/script/HiC/PGT/whfs-xs-232026-01/whfs-xs-232026-01_BmYun7BxA/01.hic/work.sh
    jobid: 39
    wildcards: project=whfs-xs-232026-01, sample=BmYun7BxA
    resources: tmpdir=/tmp

[Tue Mar 19 20:54:04 2024]
Finished job 10.
27 of 61 steps (44%) done

[Tue Mar 19 20:54:04 2024]
rule single_report:
    output: /work/frasergen/3D/work/shaojie/script/HiC/PGT/whfs-xs-232026-01/whfs-xs-232026-01_BmQiuB/01.hic/08.report/report.yaml, /work/frasergen/3D/work/shaojie/script/HiC/PGT/whfs-xs-232026-01/whfs-xs-232026-01_BmQiuB/01.hic/08.report/work.sh
    jobid: 53
    wildcards: project=whfs-xs-232026-01, sample=BmQiuB
    resources: tmpdir=/tmp

[Tue Mar 19 20:54:04 2024]
Finished job 24.
28 of 61 steps (46%) done

[Tue Mar 19 20:54:04 2024]
rule single:
    output: /work/frasergen/3D/work/shaojie/script/HiC/PGT/whfs-xs-232026-01/whfs-xs-232026-01_BmTuEQ/01.hic/single_sample.yaml, /work/frasergen/3D/work/shaojie/script/HiC/PGT/whfs-xs-232026-01/whfs-xs-232026-01_BmTuEQ/01.hic/work.sh
    jobid: 35
    wildcards: project=whfs-xs-232026-01, sample=BmTuEQ
    resources: tmpdir=/tmp

[Tue Mar 19 20:54:04 2024]
Finished job 31.
29 of 61 steps (48%) done

[Tue Mar 19 20:54:04 2024]
rule ref:
    output: /work/frasergen/3D/work/shaojie/script/HiC/PGT/whfs-xs-232026-01/whfs-xs-232026-01_BmYanBai/00.ref/work.sh
    jobid: 18
    wildcards: project=whfs-xs-232026-01, sample=BmYanBai
    resources: tmpdir=/tmp

[Tue Mar 19 20:54:06 2024]
Finished job 45.
30 of 61 steps (49%) done

[Tue Mar 19 20:54:06 2024]
rule single:
    output: /work/frasergen/3D/work/shaojie/script/HiC/PGT/whfs-xs-232026-01/whfs-xs-232026-01_BmLanX10/01.hic/single_sample.yaml, /work/frasergen/3D/work/shaojie/script/HiC/PGT/whfs-xs-232026-01/whfs-xs-232026-01_BmLanX10/01.hic/work.sh
    jobid: 32
    wildcards: project=whfs-xs-232026-01, sample=BmLanX10
    resources: tmpdir=/tmp

[Tue Mar 19 20:54:14 2024]
Finished job 17.
31 of 61 steps (51%) done

[Tue Mar 19 20:54:14 2024]
rule single_report:
    output: /work/frasergen/3D/work/shaojie/script/HiC/PGT/whfs-xs-232026-01/whfs-xs-232026-01_Bm871/01.hic/08.report/report.yaml, /work/frasergen/3D/work/shaojie/script/HiC/PGT/whfs-xs-232026-01/whfs-xs-232026-01_Bm871/01.hic/08.report/work.sh
    jobid: 46
    wildcards: project=whfs-xs-232026-01, sample=Bm871
    resources: tmpdir=/tmp

[Tue Mar 19 20:54:14 2024]
Finished job 39.
32 of 61 steps (52%) done
[Tue Mar 19 20:54:14 2024]
Finished job 25.
33 of 61 steps (54%) done
[Tue Mar 19 20:54:14 2024]
Finished job 11.
34 of 61 steps (56%) done
[Tue Mar 19 20:54:14 2024]
Finished job 53.
35 of 61 steps (57%) done
[Tue Mar 19 20:54:14 2024]
Finished job 3.
36 of 61 steps (59%) done
[Tue Mar 19 20:54:14 2024]
Finished job 7.
37 of 61 steps (61%) done
[Tue Mar 19 20:54:14 2024]
Finished job 35.
38 of 61 steps (62%) done
[Tue Mar 19 20:54:14 2024]
Finished job 18.
39 of 61 steps (64%) done

[Tue Mar 19 20:54:14 2024]
rule single_report:
    output: /work/frasergen/3D/work/shaojie/script/HiC/PGT/whfs-xs-232026-01/whfs-xs-232026-01_Bm872/01.hic/08.report/report.yaml, /work/frasergen/3D/work/shaojie/script/HiC/PGT/whfs-xs-232026-01/whfs-xs-232026-01_Bm872/01.hic/08.report/work.sh
    jobid: 47
    wildcards: project=whfs-xs-232026-01, sample=Bm872
    resources: tmpdir=/tmp

[Tue Mar 19 20:54:14 2024]
rule ref:
    output: /work/frasergen/3D/work/shaojie/script/HiC/PGT/whfs-xs-232026-01/whfs-xs-232026-01_Bm794/00.ref/work.sh
    jobid: 4
    wildcards: project=whfs-xs-232026-01, sample=Bm794
    resources: tmpdir=/tmp

[Tue Mar 19 20:54:14 2024]
rule single_report:
    output: /work/frasergen/3D/work/shaojie/script/HiC/PGT/whfs-xs-232026-01/whfs-xs-232026-01_BmYun8BxA/01.hic/08.report/report.yaml, /work/frasergen/3D/work/shaojie/script/HiC/PGT/whfs-xs-232026-01/whfs-xs-232026-01_BmYun8BxA/01.hic/08.report/work.sh
    jobid: 60
    wildcards: project=whfs-xs-232026-01, sample=BmYun8BxA
    resources: tmpdir=/tmp

[Tue Mar 19 20:54:14 2024]
rule single:
    output: /work/frasergen/3D/work/shaojie/script/HiC/PGT/whfs-xs-232026-01/whfs-xs-232026-01_Bm871/01.hic/single_sample.yaml, /work/frasergen/3D/work/shaojie/script/HiC/PGT/whfs-xs-232026-01/whfs-xs-232026-01_Bm871/01.hic/work.sh
    jobid: 26
    wildcards: project=whfs-xs-232026-01, sample=Bm871
    resources: tmpdir=/tmp

[Tue Mar 19 20:54:14 2024]
rule single:
    output: /work/frasergen/3D/work/shaojie/script/HiC/PGT/whfs-xs-232026-01/whfs-xs-232026-01_BmYun8BxA/01.hic/single_sample.yaml, /work/frasergen/3D/work/shaojie/script/HiC/PGT/whfs-xs-232026-01/whfs-xs-232026-01_BmYun8BxA/01.hic/work.sh
    jobid: 40
    wildcards: project=whfs-xs-232026-01, sample=BmYun8BxA
    resources: tmpdir=/tmp

[Tue Mar 19 20:54:14 2024]
rule ref:
    output: /work/frasergen/3D/work/shaojie/script/HiC/PGT/whfs-xs-232026-01/whfs-xs-232026-01_BmLanX10/00.ref/work.sh
    jobid: 12
    wildcards: project=whfs-xs-232026-01, sample=BmLanX10
    resources: tmpdir=/tmp

[Tue Mar 19 20:54:14 2024]
rule single_report:
    output: /work/frasergen/3D/work/shaojie/script/HiC/PGT/whfs-xs-232026-01/whfs-xs-232026-01_BmSu16/01.hic/08.report/report.yaml, /work/frasergen/3D/work/shaojie/script/HiC/PGT/whfs-xs-232026-01/whfs-xs-232026-01_BmSu16/01.hic/08.report/work.sh
    jobid: 54
    wildcards: project=whfs-xs-232026-01, sample=BmSu16
    resources: tmpdir=/tmp

[Tue Mar 19 20:54:14 2024]
rule ref:
    output: /work/frasergen/3D/work/shaojie/script/HiC/PGT/whfs-xs-232026-01/whfs-xs-232026-01_BmYun7BxA/00.ref/work.sh
    jobid: 19
    wildcards: project=whfs-xs-232026-01, sample=BmYun7BxA
    resources: tmpdir=/tmp

[Tue Mar 19 20:54:16 2024]
Finished job 32.
40 of 61 steps (66%) done

[Tue Mar 19 20:54:16 2024]
rule single:
    output: /work/frasergen/3D/work/shaojie/script/HiC/PGT/whfs-xs-232026-01/whfs-xs-232026-01_Bm872/01.hic/single_sample.yaml, /work/frasergen/3D/work/shaojie/script/HiC/PGT/whfs-xs-232026-01/whfs-xs-232026-01_Bm872/01.hic/work.sh
    jobid: 27
    wildcards: project=whfs-xs-232026-01, sample=Bm872
    resources: tmpdir=/tmp

[Tue Mar 19 20:54:23 2024]
Finished job 46.
41 of 61 steps (67%) done
[Tue Mar 19 20:54:23 2024]
Finished job 12.
42 of 61 steps (69%) done

[Tue Mar 19 20:54:23 2024]
rule ref:
    output: /work/frasergen/3D/work/shaojie/script/HiC/PGT/whfs-xs-232026-01/whfs-xs-232026-01_BmQiuB/00.ref/work.sh
    jobid: 13
    wildcards: project=whfs-xs-232026-01, sample=BmQiuB
    resources: tmpdir=/tmp

[Tue Mar 19 20:54:23 2024]
rule single_report:
    output: /work/frasergen/3D/work/shaojie/script/HiC/PGT/whfs-xs-232026-01/whfs-xs-232026-01_BBmZJ/01.hic/08.report/report.yaml, /work/frasergen/3D/work/shaojie/script/HiC/PGT/whfs-xs-232026-01/whfs-xs-232026-01_BBmZJ/01.hic/08.report/work.sh
    jobid: 41
    wildcards: project=whfs-xs-232026-01, sample=BBmZJ
    resources: tmpdir=/tmp

[Tue Mar 19 20:54:23 2024]
Finished job 60.
43 of 61 steps (70%) done

[Tue Mar 19 20:54:23 2024]
rule single_report:
    output: /work/frasergen/3D/work/shaojie/script/HiC/PGT/whfs-xs-232026-01/whfs-xs-232026-01_BmTuEQ/01.hic/08.report/report.yaml, /work/frasergen/3D/work/shaojie/script/HiC/PGT/whfs-xs-232026-01/whfs-xs-232026-01_BmTuEQ/01.hic/08.report/work.sh
    jobid: 55
    wildcards: project=whfs-xs-232026-01, sample=BmTuEQ
    resources: tmpdir=/tmp

[Tue Mar 19 20:54:23 2024]
Finished job 47.
44 of 61 steps (72%) done

[Tue Mar 19 20:54:23 2024]
rule ref:
    output: /work/frasergen/3D/work/shaojie/script/HiC/PGT/whfs-xs-232026-01/whfs-xs-232026-01_Bm871/00.ref/work.sh
    jobid: 6
    wildcards: project=whfs-xs-232026-01, sample=Bm871
    resources: tmpdir=/tmp

[Tue Mar 19 20:54:23 2024]
Finished job 54.
45 of 61 steps (74%) done

[Tue Mar 19 20:54:23 2024]
rule single_report:
    output: /work/frasergen/3D/work/shaojie/script/HiC/PGT/whfs-xs-232026-01/whfs-xs-232026-01_BmD9L/01.hic/08.report/report.yaml, /work/frasergen/3D/work/shaojie/script/HiC/PGT/whfs-xs-232026-01/whfs-xs-232026-01_BmD9L/01.hic/08.report/work.sh
    jobid: 48
    wildcards: project=whfs-xs-232026-01, sample=BmD9L
    resources: tmpdir=/tmp

[Tue Mar 19 20:54:23 2024]
Finished job 26.
46 of 61 steps (75%) done

[Tue Mar 19 20:54:23 2024]
rule ref:
    output: /work/frasergen/3D/work/shaojie/script/HiC/PGT/whfs-xs-232026-01/whfs-xs-232026-01_BmYun8BxA/00.ref/work.sh
    jobid: 20
    wildcards: project=whfs-xs-232026-01, sample=BmYun8BxA
    resources: tmpdir=/tmp

[Tue Mar 19 20:54:24 2024]
Finished job 19.
47 of 61 steps (77%) done
[Tue Mar 19 20:54:24 2024]
Finished job 40.
48 of 61 steps (79%) done

[Tue Mar 19 20:54:24 2024]
rule ref:
    output: /work/frasergen/3D/work/shaojie/script/HiC/PGT/whfs-xs-232026-01/whfs-xs-232026-01_Bm796/00.ref/work.sh
    jobid: 5
    wildcards: project=whfs-xs-232026-01, sample=Bm796
    resources: tmpdir=/tmp

[Tue Mar 19 20:54:24 2024]
rule single:
    output: /work/frasergen/3D/work/shaojie/script/HiC/PGT/whfs-xs-232026-01/whfs-xs-232026-01_BmSu16/01.hic/single_sample.yaml, /work/frasergen/3D/work/shaojie/script/HiC/PGT/whfs-xs-232026-01/whfs-xs-232026-01_BmSu16/01.hic/work.sh
    jobid: 34
    wildcards: project=whfs-xs-232026-01, sample=BmSu16
    resources: tmpdir=/tmp

[Tue Mar 19 20:54:24 2024]
Finished job 4.
49 of 61 steps (80%) done

[Tue Mar 19 20:54:24 2024]
rule single:
    output: /work/frasergen/3D/work/shaojie/script/HiC/PGT/whfs-xs-232026-01/whfs-xs-232026-01_BmQiuB/01.hic/single_sample.yaml, /work/frasergen/3D/work/shaojie/script/HiC/PGT/whfs-xs-232026-01/whfs-xs-232026-01_BmQiuB/01.hic/work.sh
    jobid: 33
    wildcards: project=whfs-xs-232026-01, sample=BmQiuB
    resources: tmpdir=/tmp

[Tue Mar 19 20:54:25 2024]
Finished job 27.
50 of 61 steps (82%) done

[Tue Mar 19 20:54:25 2024]
rule single_report:
    output: /work/frasergen/3D/work/shaojie/script/HiC/PGT/whfs-xs-232026-01/whfs-xs-232026-01_BmDongF/01.hic/08.report/report.yaml, /work/frasergen/3D/work/shaojie/script/HiC/PGT/whfs-xs-232026-01/whfs-xs-232026-01_BmDongF/01.hic/08.report/work.sh
    jobid: 49
    wildcards: project=whfs-xs-232026-01, sample=BmDongF
    resources: tmpdir=/tmp

[Tue Mar 19 20:54:32 2024]
Finished job 55.
51 of 61 steps (84%) done
[Tue Mar 19 20:54:32 2024]
Finished job 6.
52 of 61 steps (85%) done
[Tue Mar 19 20:54:32 2024]
Finished job 13.
53 of 61 steps (87%) done
[Tue Mar 19 20:54:32 2024]
Finished job 41.
54 of 61 steps (89%) done
[Tue Mar 19 20:54:33 2024]
Finished job 5.
55 of 61 steps (90%) done
[Tue Mar 19 20:54:33 2024]
Finished job 48.
56 of 61 steps (92%) done
[Tue Mar 19 20:54:33 2024]
Finished job 20.
57 of 61 steps (93%) done
[Tue Mar 19 20:54:33 2024]
Finished job 34.
58 of 61 steps (95%) done
[Tue Mar 19 20:54:34 2024]
Finished job 33.
59 of 61 steps (97%) done
[Tue Mar 19 20:54:35 2024]
Finished job 49.
60 of 61 steps (98%) done

[Tue Mar 19 20:54:35 2024]
localrule all:
    input: /work/frasergen/3D/work/shaojie/script/HiC/PGT/whfs-xs-232026-01/whfs-xs-232026-01_BBmZJ/00.ref/work.sh, /work/frasergen/3D/work/shaojie/script/HiC/PGT/whfs-xs-232026-01/whfs-xs-232026-01_Bm54A/00.ref/work.sh, /work/frasergen/3D/work/shaojie/script/HiC/PGT/whfs-xs-232026-01/whfs-xs-232026-01_Bm732/00.ref/work.sh, /work/frasergen/3D/work/shaojie/script/HiC/PGT/whfs-xs-232026-01/whfs-xs-232026-01_Bm794/00.ref/work.sh, /work/frasergen/3D/work/shaojie/script/HiC/PGT/whfs-xs-232026-01/whfs-xs-232026-01_Bm796/00.ref/work.sh, /work/frasergen/3D/work/shaojie/script/HiC/PGT/whfs-xs-232026-01/whfs-xs-232026-01_Bm871/00.ref/work.sh, /work/frasergen/3D/work/shaojie/script/HiC/PGT/whfs-xs-232026-01/whfs-xs-232026-01_Bm872/00.ref/work.sh, /work/frasergen/3D/work/shaojie/script/HiC/PGT/whfs-xs-232026-01/whfs-xs-232026-01_BmD9L/00.ref/work.sh, /work/frasergen/3D/work/shaojie/script/HiC/PGT/whfs-xs-232026-01/whfs-xs-232026-01_BmDongF/00.ref/work.sh, /work/frasergen/3D/work/shaojie/script/HiC/PGT/whfs-xs-232026-01/whfs-xs-232026-01_BmDZ/00.ref/work.sh, /work/frasergen/3D/work/shaojie/script/HiC/PGT/whfs-xs-232026-01/whfs-xs-232026-01_BmHanDZ/00.ref/work.sh, /work/frasergen/3D/work/shaojie/script/HiC/PGT/whfs-xs-232026-01/whfs-xs-232026-01_BmLanX10/00.ref/work.sh, /work/frasergen/3D/work/shaojie/script/HiC/PGT/whfs-xs-232026-01/whfs-xs-232026-01_BmQiuB/00.ref/work.sh, /work/frasergen/3D/work/shaojie/script/HiC/PGT/whfs-xs-232026-01/whfs-xs-232026-01_BmSu16/00.ref/work.sh, /work/frasergen/3D/work/shaojie/script/HiC/PGT/whfs-xs-232026-01/whfs-xs-232026-01_BmTuEQ/00.ref/work.sh, /work/frasergen/3D/work/shaojie/script/HiC/PGT/whfs-xs-232026-01/whfs-xs-232026-01_BmXiaF/00.ref/work.sh, /work/frasergen/3D/work/shaojie/script/HiC/PGT/whfs-xs-232026-01/whfs-xs-232026-01_BmXingH/00.ref/work.sh, /work/frasergen/3D/work/shaojie/script/HiC/PGT/whfs-xs-232026-01/whfs-xs-232026-01_BmYanBai/00.ref/work.sh, /work/frasergen/3D/work/shaojie/script/HiC/PGT/whfs-xs-232026-01/whfs-xs-232026-01_BmYun7BxA/00.ref/work.sh, /work/frasergen/3D/work/shaojie/script/HiC/PGT/whfs-xs-232026-01/whfs-xs-232026-01_BmYun8BxA/00.ref/work.sh, /work/frasergen/3D/work/shaojie/script/HiC/PGT/whfs-xs-232026-01/whfs-xs-232026-01_BBmZJ/01.hic/single_sample.yaml, /work/frasergen/3D/work/shaojie/script/HiC/PGT/whfs-xs-232026-01/whfs-xs-232026-01_Bm54A/01.hic/single_sample.yaml, /work/frasergen/3D/work/shaojie/script/HiC/PGT/whfs-xs-232026-01/whfs-xs-232026-01_Bm732/01.hic/single_sample.yaml, /work/frasergen/3D/work/shaojie/script/HiC/PGT/whfs-xs-232026-01/whfs-xs-232026-01_Bm794/01.hic/single_sample.yaml, /work/frasergen/3D/work/shaojie/script/HiC/PGT/whfs-xs-232026-01/whfs-xs-232026-01_Bm796/01.hic/single_sample.yaml, /work/frasergen/3D/work/shaojie/script/HiC/PGT/whfs-xs-232026-01/whfs-xs-232026-01_Bm871/01.hic/single_sample.yaml, /work/frasergen/3D/work/shaojie/script/HiC/PGT/whfs-xs-232026-01/whfs-xs-232026-01_Bm872/01.hic/single_sample.yaml, /work/frasergen/3D/work/shaojie/script/HiC/PGT/whfs-xs-232026-01/whfs-xs-232026-01_BmD9L/01.hic/single_sample.yaml, /work/frasergen/3D/work/shaojie/script/HiC/PGT/whfs-xs-232026-01/whfs-xs-232026-01_BmDongF/01.hic/single_sample.yaml, /work/frasergen/3D/work/shaojie/script/HiC/PGT/whfs-xs-232026-01/whfs-xs-232026-01_BmDZ/01.hic/single_sample.yaml, /work/frasergen/3D/work/shaojie/script/HiC/PGT/whfs-xs-232026-01/whfs-xs-232026-01_BmHanDZ/01.hic/single_sample.yaml, /work/frasergen/3D/work/shaojie/script/HiC/PGT/whfs-xs-232026-01/whfs-xs-232026-01_BmLanX10/01.hic/single_sample.yaml, /work/frasergen/3D/work/shaojie/script/HiC/PGT/whfs-xs-232026-01/whfs-xs-232026-01_BmQiuB/01.hic/single_sample.yaml, /work/frasergen/3D/work/shaojie/script/HiC/PGT/whfs-xs-232026-01/whfs-xs-232026-01_BmSu16/01.hic/single_sample.yaml, /work/frasergen/3D/work/shaojie/script/HiC/PGT/whfs-xs-232026-01/whfs-xs-232026-01_BmTuEQ/01.hic/single_sample.yaml, /work/frasergen/3D/work/shaojie/script/HiC/PGT/whfs-xs-232026-01/whfs-xs-232026-01_BmXiaF/01.hic/single_sample.yaml, /work/frasergen/3D/work/shaojie/script/HiC/PGT/whfs-xs-232026-01/whfs-xs-232026-01_BmXingH/01.hic/single_sample.yaml, /work/frasergen/3D/work/shaojie/script/HiC/PGT/whfs-xs-232026-01/whfs-xs-232026-01_BmYanBai/01.hic/single_sample.yaml, /work/frasergen/3D/work/shaojie/script/HiC/PGT/whfs-xs-232026-01/whfs-xs-232026-01_BmYun7BxA/01.hic/single_sample.yaml, /work/frasergen/3D/work/shaojie/script/HiC/PGT/whfs-xs-232026-01/whfs-xs-232026-01_BmYun8BxA/01.hic/single_sample.yaml, /work/frasergen/3D/work/shaojie/script/HiC/PGT/whfs-xs-232026-01/whfs-xs-232026-01_BBmZJ/01.hic/work.sh, /work/frasergen/3D/work/shaojie/script/HiC/PGT/whfs-xs-232026-01/whfs-xs-232026-01_Bm54A/01.hic/work.sh, /work/frasergen/3D/work/shaojie/script/HiC/PGT/whfs-xs-232026-01/whfs-xs-232026-01_Bm732/01.hic/work.sh, /work/frasergen/3D/work/shaojie/script/HiC/PGT/whfs-xs-232026-01/whfs-xs-232026-01_Bm794/01.hic/work.sh, /work/frasergen/3D/work/shaojie/script/HiC/PGT/whfs-xs-232026-01/whfs-xs-232026-01_Bm796/01.hic/work.sh, /work/frasergen/3D/work/shaojie/script/HiC/PGT/whfs-xs-232026-01/whfs-xs-232026-01_Bm871/01.hic/work.sh, /work/frasergen/3D/work/shaojie/script/HiC/PGT/whfs-xs-232026-01/whfs-xs-232026-01_Bm872/01.hic/work.sh, /work/frasergen/3D/work/shaojie/script/HiC/PGT/whfs-xs-232026-01/whfs-xs-232026-01_BmD9L/01.hic/work.sh, /work/frasergen/3D/work/shaojie/script/HiC/PGT/whfs-xs-232026-01/whfs-xs-232026-01_BmDongF/01.hic/work.sh, /work/frasergen/3D/work/shaojie/script/HiC/PGT/whfs-xs-232026-01/whfs-xs-232026-01_BmDZ/01.hic/work.sh, /work/frasergen/3D/work/shaojie/script/HiC/PGT/whfs-xs-232026-01/whfs-xs-232026-01_BmHanDZ/01.hic/work.sh, /work/frasergen/3D/work/shaojie/script/HiC/PGT/whfs-xs-232026-01/whfs-xs-232026-01_BmLanX10/01.hic/work.sh, /work/frasergen/3D/work/shaojie/script/HiC/PGT/whfs-xs-232026-01/whfs-xs-232026-01_BmQiuB/01.hic/work.sh, /work/frasergen/3D/work/shaojie/script/HiC/PGT/whfs-xs-232026-01/whfs-xs-232026-01_BmSu16/01.hic/work.sh, /work/frasergen/3D/work/shaojie/script/HiC/PGT/whfs-xs-232026-01/whfs-xs-232026-01_BmTuEQ/01.hic/work.sh, /work/frasergen/3D/work/shaojie/script/HiC/PGT/whfs-xs-232026-01/whfs-xs-232026-01_BmXiaF/01.hic/work.sh, /work/frasergen/3D/work/shaojie/script/HiC/PGT/whfs-xs-232026-01/whfs-xs-232026-01_BmXingH/01.hic/work.sh, /work/frasergen/3D/work/shaojie/script/HiC/PGT/whfs-xs-232026-01/whfs-xs-232026-01_BmYanBai/01.hic/work.sh, /work/frasergen/3D/work/shaojie/script/HiC/PGT/whfs-xs-232026-01/whfs-xs-232026-01_BmYun7BxA/01.hic/work.sh, /work/frasergen/3D/work/shaojie/script/HiC/PGT/whfs-xs-232026-01/whfs-xs-232026-01_BmYun8BxA/01.hic/work.sh, /work/frasergen/3D/work/shaojie/script/HiC/PGT/whfs-xs-232026-01/whfs-xs-232026-01_BBmZJ/01.hic/08.report/report.yaml, /work/frasergen/3D/work/shaojie/script/HiC/PGT/whfs-xs-232026-01/whfs-xs-232026-01_Bm54A/01.hic/08.report/report.yaml, /work/frasergen/3D/work/shaojie/script/HiC/PGT/whfs-xs-232026-01/whfs-xs-232026-01_Bm732/01.hic/08.report/report.yaml, /work/frasergen/3D/work/shaojie/script/HiC/PGT/whfs-xs-232026-01/whfs-xs-232026-01_Bm794/01.hic/08.report/report.yaml, /work/frasergen/3D/work/shaojie/script/HiC/PGT/whfs-xs-232026-01/whfs-xs-232026-01_Bm796/01.hic/08.report/report.yaml, /work/frasergen/3D/work/shaojie/script/HiC/PGT/whfs-xs-232026-01/whfs-xs-232026-01_Bm871/01.hic/08.report/report.yaml, /work/frasergen/3D/work/shaojie/script/HiC/PGT/whfs-xs-232026-01/whfs-xs-232026-01_Bm872/01.hic/08.report/report.yaml, /work/frasergen/3D/work/shaojie/script/HiC/PGT/whfs-xs-232026-01/whfs-xs-232026-01_BmD9L/01.hic/08.report/report.yaml, /work/frasergen/3D/work/shaojie/script/HiC/PGT/whfs-xs-232026-01/whfs-xs-232026-01_BmDongF/01.hic/08.report/report.yaml, /work/frasergen/3D/work/shaojie/script/HiC/PGT/whfs-xs-232026-01/whfs-xs-232026-01_BmDZ/01.hic/08.report/report.yaml, /work/frasergen/3D/work/shaojie/script/HiC/PGT/whfs-xs-232026-01/whfs-xs-232026-01_BmHanDZ/01.hic/08.report/report.yaml, /work/frasergen/3D/work/shaojie/script/HiC/PGT/whfs-xs-232026-01/whfs-xs-232026-01_BmLanX10/01.hic/08.report/report.yaml, /work/frasergen/3D/work/shaojie/script/HiC/PGT/whfs-xs-232026-01/whfs-xs-232026-01_BmQiuB/01.hic/08.report/report.yaml, /work/frasergen/3D/work/shaojie/script/HiC/PGT/whfs-xs-232026-01/whfs-xs-232026-01_BmSu16/01.hic/08.report/report.yaml, /work/frasergen/3D/work/shaojie/script/HiC/PGT/whfs-xs-232026-01/whfs-xs-232026-01_BmTuEQ/01.hic/08.report/report.yaml, /work/frasergen/3D/work/shaojie/script/HiC/PGT/whfs-xs-232026-01/whfs-xs-232026-01_BmXiaF/01.hic/08.report/report.yaml, /work/frasergen/3D/work/shaojie/script/HiC/PGT/whfs-xs-232026-01/whfs-xs-232026-01_BmXingH/01.hic/08.report/report.yaml, /work/frasergen/3D/work/shaojie/script/HiC/PGT/whfs-xs-232026-01/whfs-xs-232026-01_BmYanBai/01.hic/08.report/report.yaml, /work/frasergen/3D/work/shaojie/script/HiC/PGT/whfs-xs-232026-01/whfs-xs-232026-01_BmYun7BxA/01.hic/08.report/report.yaml, /work/frasergen/3D/work/shaojie/script/HiC/PGT/whfs-xs-232026-01/whfs-xs-232026-01_BmYun8BxA/01.hic/08.report/report.yaml, /work/frasergen/3D/work/shaojie/script/HiC/PGT/whfs-xs-232026-01/whfs-xs-232026-01_BBmZJ/01.hic/08.report/work.sh, /work/frasergen/3D/work/shaojie/script/HiC/PGT/whfs-xs-232026-01/whfs-xs-232026-01_Bm54A/01.hic/08.report/work.sh, /work/frasergen/3D/work/shaojie/script/HiC/PGT/whfs-xs-232026-01/whfs-xs-232026-01_Bm732/01.hic/08.report/work.sh, /work/frasergen/3D/work/shaojie/script/HiC/PGT/whfs-xs-232026-01/whfs-xs-232026-01_Bm794/01.hic/08.report/work.sh, /work/frasergen/3D/work/shaojie/script/HiC/PGT/whfs-xs-232026-01/whfs-xs-232026-01_Bm796/01.hic/08.report/work.sh, /work/frasergen/3D/work/shaojie/script/HiC/PGT/whfs-xs-232026-01/whfs-xs-232026-01_Bm871/01.hic/08.report/work.sh, /work/frasergen/3D/work/shaojie/script/HiC/PGT/whfs-xs-232026-01/whfs-xs-232026-01_Bm872/01.hic/08.report/work.sh, /work/frasergen/3D/work/shaojie/script/HiC/PGT/whfs-xs-232026-01/whfs-xs-232026-01_BmD9L/01.hic/08.report/work.sh, /work/frasergen/3D/work/shaojie/script/HiC/PGT/whfs-xs-232026-01/whfs-xs-232026-01_BmDongF/01.hic/08.report/work.sh, /work/frasergen/3D/work/shaojie/script/HiC/PGT/whfs-xs-232026-01/whfs-xs-232026-01_BmDZ/01.hic/08.report/work.sh, /work/frasergen/3D/work/shaojie/script/HiC/PGT/whfs-xs-232026-01/whfs-xs-232026-01_BmHanDZ/01.hic/08.report/work.sh, /work/frasergen/3D/work/shaojie/script/HiC/PGT/whfs-xs-232026-01/whfs-xs-232026-01_BmLanX10/01.hic/08.report/work.sh, /work/frasergen/3D/work/shaojie/script/HiC/PGT/whfs-xs-232026-01/whfs-xs-232026-01_BmQiuB/01.hic/08.report/work.sh, /work/frasergen/3D/work/shaojie/script/HiC/PGT/whfs-xs-232026-01/whfs-xs-232026-01_BmSu16/01.hic/08.report/work.sh, /work/frasergen/3D/work/shaojie/script/HiC/PGT/whfs-xs-232026-01/whfs-xs-232026-01_BmTuEQ/01.hic/08.report/work.sh, /work/frasergen/3D/work/shaojie/script/HiC/PGT/whfs-xs-232026-01/whfs-xs-232026-01_BmXiaF/01.hic/08.report/work.sh, /work/frasergen/3D/work/shaojie/script/HiC/PGT/whfs-xs-232026-01/whfs-xs-232026-01_BmXingH/01.hic/08.report/work.sh, /work/frasergen/3D/work/shaojie/script/HiC/PGT/whfs-xs-232026-01/whfs-xs-232026-01_BmYanBai/01.hic/08.report/work.sh, /work/frasergen/3D/work/shaojie/script/HiC/PGT/whfs-xs-232026-01/whfs-xs-232026-01_BmYun7BxA/01.hic/08.report/work.sh, /work/frasergen/3D/work/shaojie/script/HiC/PGT/whfs-xs-232026-01/whfs-xs-232026-01_BmYun8BxA/01.hic/08.report/work.sh
    jobid: 0
    resources: tmpdir=/tmp

[Tue Mar 19 20:54:35 2024]
Finished job 0.
61 of 61 steps (100%) done
Complete log: /work/frasergen/3D/work/shaojie/script/HiC/hic_prepare/.snakemake/log/2024-03-19T205328.729100.snakemake.log
