Building DAG of jobs...
Using shell: /usr/bin/bash
Provided cluster nodes: 10
Job stats:
job                count    min threads    max threads
---------------  -------  -------------  -------------
all                    1              1              1
compt_rna              1              1              1
cpt_atac               1              1              1
cpt_motif              1              1              1
cpt_switch_atac        1              1              1
deg                    1              1              1
fpkm                   2              1              1
gbed                   1              1              1
loop_peak              1              1              1
rna_bw                 1              1              1
tad_peak               1              1              1
tad_rna                1              1              1
total                 13              1              1


[Thu Oct 10 14:46:58 2024]
rule rna_bw:
    output: /work/frasergen/3D/work/shaojie/script/HiC/integrate/analysis_HiC_ATAC_RNA/00.pre/03.BAM_2_coverage/work.sh
    jobid: 5
    resources: tmpdir=/tmp

Submitted job 5 with external jobid 'Submitted batch job 10095401'.

[Thu Oct 10 14:46:58 2024]
rule cpt_atac:
    log: /work/frasergen/3D/work/shaojie/script/HiC/integrate/analysis_HiC_ATAC_RNA/01.integrate/CapHiC-test.minus.CapHiC-control/HiC_CUT_CTCF/01.compartment_AB_peak/work.sh
    jobid: 8
    wildcards: diff=CapHiC-test.minus.CapHiC-control, atac=HiC_CUT_CTCF
    resources: tmpdir=/tmp

Submitted job 8 with external jobid 'Submitted batch job 10095402'.

[Thu Oct 10 14:46:58 2024]
rule loop_peak:
    log: /work/frasergen/3D/work/shaojie/script/HiC/integrate/analysis_HiC_ATAC_RNA/01.integrate/CapHiC-test.minus.CapHiC-control/HiC_CUT_CTCF/05.loop_peak/work.sh
    jobid: 12
    wildcards: diff=CapHiC-test.minus.CapHiC-control, atac=HiC_CUT_CTCF
    resources: tmpdir=/tmp

Submitted job 12 with external jobid 'Submitted batch job 10095403'.

[Thu Oct 10 14:46:59 2024]
rule cpt_switch_atac:
    output: /work/frasergen/3D/work/shaojie/script/HiC/integrate/analysis_HiC_ATAC_RNA/01.integrate/CapHiC-test.minus.CapHiC-control/HiC_CUT_CTCF/02.compartment_AB_switch_peak/CapHiC-test.minus.CapHiC-control-compartment.switch_DiffPeak.xls
    log: /work/frasergen/3D/work/shaojie/script/HiC/integrate/analysis_HiC_ATAC_RNA/01.integrate/CapHiC-test.minus.CapHiC-control/HiC_CUT_CTCF/02.compartment_AB_switch_peak/work.sh
    jobid: 9
    wildcards: diff=CapHiC-test.minus.CapHiC-control, atac=HiC_CUT_CTCF
    resources: tmpdir=/tmp

Submitted job 9 with external jobid 'Submitted batch job 10095404'.

[Thu Oct 10 14:46:59 2024]
rule tad_peak:
    log: /work/frasergen/3D/work/shaojie/script/HiC/integrate/analysis_HiC_ATAC_RNA/01.integrate/CapHiC-test.minus.CapHiC-control/HiC_CUT_CTCF/04.tad_peak/work.sh
    jobid: 11
    wildcards: diff=CapHiC-test.minus.CapHiC-control, atac=HiC_CUT_CTCF
    resources: tmpdir=/tmp

Submitted job 11 with external jobid 'Submitted batch job 10095405'.

[Thu Oct 10 14:46:59 2024]
rule gbed:
    input: /work/frasergen/backup/3d/project/Interactome/231661_homo_sapiens_20240223/03.HiC/01.ref/genome_gene.bed
    output: /work/frasergen/3D/work/shaojie/script/HiC/integrate/analysis_HiC_ATAC_RNA/00.pre/genome_gene.bed
    jobid: 2
    resources: tmpdir=/tmp

Submitted job 2 with external jobid 'Submitted batch job 10095406'.
[Thu Oct 10 14:47:38 2024]
Finished job 5.
1 of 13 steps (8%) done
[Thu Oct 10 14:47:58 2024]
Finished job 8.
2 of 13 steps (15%) done
[Thu Oct 10 14:48:08 2024]
Error in rule loop_peak:
    jobid: 12
    log: /work/frasergen/3D/work/shaojie/script/HiC/integrate/analysis_HiC_ATAC_RNA/01.integrate/CapHiC-test.minus.CapHiC-control/HiC_CUT_CTCF/05.loop_peak/work.sh (check log file(s) for error message)
    cluster_jobid: Submitted batch job 10095403

Error executing rule loop_peak on cluster (jobid: 12, external: Submitted batch job 10095403, jobscript: /work/frasergen/3D/work/shaojie/script/HiC/integrate/.snakemake/tmp.q1gmvr06/snakejob.loop_peak.12.sh). For error details see the cluster log and the log files of the involved rule(s).
[Thu Oct 10 14:48:28 2024]
Finished job 2.
3 of 13 steps (23%) done
[Thu Oct 10 14:48:38 2024]
Error in rule cpt_switch_atac:
    jobid: 9
    output: /work/frasergen/3D/work/shaojie/script/HiC/integrate/analysis_HiC_ATAC_RNA/01.integrate/CapHiC-test.minus.CapHiC-control/HiC_CUT_CTCF/02.compartment_AB_switch_peak/CapHiC-test.minus.CapHiC-control-compartment.switch_DiffPeak.xls
    log: /work/frasergen/3D/work/shaojie/script/HiC/integrate/analysis_HiC_ATAC_RNA/01.integrate/CapHiC-test.minus.CapHiC-control/HiC_CUT_CTCF/02.compartment_AB_switch_peak/work.sh (check log file(s) for error message)
    cluster_jobid: Submitted batch job 10095404

Error executing rule cpt_switch_atac on cluster (jobid: 9, external: Submitted batch job 10095404, jobscript: /work/frasergen/3D/work/shaojie/script/HiC/integrate/.snakemake/tmp.q1gmvr06/snakejob.cpt_switch_atac.9.sh). For error details see the cluster log and the log files of the involved rule(s).
[Thu Oct 10 14:49:18 2024]
Error in rule tad_peak:
    jobid: 11
    log: /work/frasergen/3D/work/shaojie/script/HiC/integrate/analysis_HiC_ATAC_RNA/01.integrate/CapHiC-test.minus.CapHiC-control/HiC_CUT_CTCF/04.tad_peak/work.sh (check log file(s) for error message)
    cluster_jobid: Submitted batch job 10095405

Error executing rule tad_peak on cluster (jobid: 11, external: Submitted batch job 10095405, jobscript: /work/frasergen/3D/work/shaojie/script/HiC/integrate/.snakemake/tmp.q1gmvr06/snakejob.tad_peak.11.sh). For error details see the cluster log and the log files of the involved rule(s).
Shutting down, this might take some time.
Exiting because a job execution failed. Look above for error message
Complete log: /work/frasergen/3D/work/shaojie/script/HiC/integrate/.snakemake/log/2024-10-10T144640.538621.snakemake.log
