Building DAG of jobs...
Using shell: /usr/bin/bash
Provided cluster nodes: 10
Job stats:
job                count    min threads    max threads
---------------  -------  -------------  -------------
all                    1              1              1
atac_pre               1              1              1
compt_rna              1              1              1
cpt_atac               1              1              1
cpt_motif              1              1              1
cpt_switch_atac        1              1              1
deg                    1              1              1
fpkm                   2              1              1
loop_peak              1              1              1
tad_peak               1              1              1
tad_rna                1              1              1
total                 12              1              1


[Sat Oct 12 09:40:44 2024]
rule fpkm:
    input: /work/frasergen/backup/3d/project/Interactome/231661_homo_sapiens_20240223/02.RNA_ATAC/whfs-xs-241026_Result_20240607/03.expression/gene_tpm.xls, /work/frasergen/3D/work/shaojie/script/HiC/integrate/analysis_HiC_ATAC_RNA/00.pre/genome_gene.bed
    output: /work/frasergen/3D/work/shaojie/script/HiC/integrate/analysis_HiC_ATAC_RNA/00.pre/01.genome_gene_express/CapHiC-test.fpkm, /work/frasergen/3D/work/shaojie/script/HiC/integrate/analysis_HiC_ATAC_RNA/00.pre/01.genome_gene_express/CapHiC-test.fpkm4washu, /work/frasergen/3D/work/shaojie/script/HiC/integrate/analysis_HiC_ATAC_RNA/00.pre/01.genome_gene_express/CapHiC-test_biorep.txt
    jobid: 3
    wildcards: spl=CapHiC-test
    resources: tmpdir=/tmp

Submitted job 3 with external jobid 'Submitted batch job 10151132'.

[Sat Oct 12 09:40:45 2024]
rule deg:
    input: /work/frasergen/3D/work/shaojie/script/HiC/integrate/analysis_HiC_ATAC_RNA/00.pre/genome_gene.bed
    output: /work/frasergen/3D/work/shaojie/script/HiC/integrate/analysis_HiC_ATAC_RNA/00.pre/02.diff_gene_express/CapHiC-test.minus.CapHiC-control.gene.LogFC, /work/frasergen/3D/work/shaojie/script/HiC/integrate/analysis_HiC_ATAC_RNA/00.pre/02.diff_gene_express/CapHiC-test.minus.CapHiC-control.WashU.gene.LogFC, /work/frasergen/3D/work/shaojie/script/HiC/integrate/analysis_HiC_ATAC_RNA/00.pre/02.diff_gene_express/CapHiC-test.minus.CapHiC-control.DEseq2.before-filter.xls
    jobid: 4
    wildcards: diff=CapHiC-test.minus.CapHiC-control
    resources: tmpdir=/tmp

Submitted job 4 with external jobid 'Submitted batch job 10151133'.

[Sat Oct 12 09:40:45 2024]
rule atac_pre:
    input: /work/frasergen/backup/3d/project/CUT/2024/231661_ren/CTCF/02.Diff/00.prepare/group_peak/CTCF-test.merge_peak.bed, /work/frasergen/backup/3d/project/CUT/2024/231661_ren/CTCF/02.Diff/00.prepare/group_peak/CTCF-control.merge_peak.bed, /work/frasergen/backup/3d/project/CUT/2024/231661_ren/CTCF/02.Diff/01.DP/CTCF-control-vs-CTCF-test/CTCF-control-vs-CTCF-test.DP.tsv, /work/frasergen/backup/3d/project/CUT/2024/231661_ren/CTCF/02.Diff/01.DP/CTCF-control-vs-CTCF-test/CTCF-control-vs-CTCF-test.Gain.DP.tsv, /work/frasergen/backup/3d/project/CUT/2024/231661_ren/CTCF/02.Diff/01.DP/CTCF-control-vs-CTCF-test/CTCF-control-vs-CTCF-test.Loss.DP.tsv, /work/frasergen/backup/3d/project/CUT/2024/231661_ren/CTCF/01.QC/01.analysis/CTCF-test/CTCF-test.CPM.bw, /work/frasergen/backup/3d/project/CUT/2024/231661_ren/CTCF/01.QC/01.analysis/CTCF-control/CTCF-control.CPM.bw
    output: /work/frasergen/3D/work/shaojie/script/HiC/integrate/analysis_HiC_ATAC_RNA/00.pre/HiC_CUT_CTCF_pre
    jobid: 9
    wildcards: atac=HiC_CUT_CTCF
    resources: tmpdir=/tmp

Submitted job 9 with external jobid 'Submitted batch job 10151134'.

[Sat Oct 12 09:40:45 2024]
rule fpkm:
    input: /work/frasergen/backup/3d/project/Interactome/231661_homo_sapiens_20240223/02.RNA_ATAC/whfs-xs-241026_Result_20240607/03.expression/gene_tpm.xls, /work/frasergen/3D/work/shaojie/script/HiC/integrate/analysis_HiC_ATAC_RNA/00.pre/genome_gene.bed
    output: /work/frasergen/3D/work/shaojie/script/HiC/integrate/analysis_HiC_ATAC_RNA/00.pre/01.genome_gene_express/CapHiC-control.fpkm, /work/frasergen/3D/work/shaojie/script/HiC/integrate/analysis_HiC_ATAC_RNA/00.pre/01.genome_gene_express/CapHiC-control.fpkm4washu, /work/frasergen/3D/work/shaojie/script/HiC/integrate/analysis_HiC_ATAC_RNA/00.pre/01.genome_gene_express/CapHiC-control_biorep.txt
    jobid: 1
    wildcards: spl=CapHiC-control
    resources: tmpdir=/tmp

Submitted job 1 with external jobid 'Submitted batch job 10151135'.
[Sat Oct 12 09:41:14 2024]
Error in rule atac_pre:
    jobid: 9
    output: /work/frasergen/3D/work/shaojie/script/HiC/integrate/analysis_HiC_ATAC_RNA/00.pre/HiC_CUT_CTCF_pre
    cluster_jobid: Submitted batch job 10151134

Error executing rule atac_pre on cluster (jobid: 9, external: Submitted batch job 10151134, jobscript: /work/frasergen/3D/work/shaojie/script/HiC/integrate/.snakemake/tmp.uvl5z71z/snakejob.atac_pre.9.sh). For error details see the cluster log and the log files of the involved rule(s).
[Sat Oct 12 09:41:24 2024]
Finished job 3.
1 of 12 steps (8%) done
[Sat Oct 12 09:41:24 2024]
Finished job 4.
2 of 12 steps (17%) done
[Sat Oct 12 09:41:25 2024]
Finished job 1.
3 of 12 steps (25%) done
Shutting down, this might take some time.
Exiting because a job execution failed. Look above for error message
Complete log: /work/frasergen/3D/work/shaojie/script/HiC/integrate/.snakemake/log/2024-10-12T094000.315034.snakemake.log
