Building DAG of jobs...
Using shell: /usr/bin/bash
Provided cluster nodes: 10
Job stats:
job                count    min threads    max threads
---------------  -------  -------------  -------------
all                    1              1              1
atac_pre               1              1              1
compt_rna              1              1              1
cpt_atac               1              1              1
cpt_motif              1              1              1
cpt_switch_atac        1              1              1
deg                    1              1              1
fpkm                   2              1              1
gbed                   1              1              1
loop_peak              1              1              1
rna_bw                 1              1              1
tad_peak               1              1              1
tad_rna                1              1              1
total                 14              1              1


[Sat Oct 12 09:14:41 2024]
rule atac_pre:
    input: /work/frasergen/backup/3d/project/CUT/2024/231661_ren/CTCF/02.Diff/00.prepare/group_peak/CTCF-test.merge_peak.bed, /work/frasergen/backup/3d/project/CUT/2024/231661_ren/CTCF/02.Diff/00.prepare/group_peak/CTCF-control.merge_peak.bed, /work/frasergen/backup/3d/project/CUT/2024/231661_ren/CTCF/02.Diff/01.DP/CTCF-control-vs-CTCF-test/CTCF-control-vs-CTCF-test.DP.tsv, /work/frasergen/backup/3d/project/CUT/2024/231661_ren/CTCF/02.Diff/01.DP/CTCF-control-vs-CTCF-test/CTCF-control-vs-CTCF-test.Gain.DP.tsv, /work/frasergen/backup/3d/project/CUT/2024/231661_ren/CTCF/02.Diff/01.DP/CTCF-control-vs-CTCF-test/CTCF-control-vs-CTCF-test.Loss.DP.tsv, /work/frasergen/backup/3d/project/CUT/2024/231661_ren/CTCF/01.QC/01.analysis/CTCF-test/CTCF-test.CPM.bw, /work/frasergen/backup/3d/project/CUT/2024/231661_ren/CTCF/01.QC/01.analysis/CTCF-control/CTCF-control.CPM.bw
    output: /work/frasergen/3D/work/shaojie/script/HiC/integrate/analysis_HiC_ATAC_RNA/00.pre/HiC_CUT_CTCF_pre
    jobid: 9
    wildcards: atac=HiC_CUT_CTCF
    resources: tmpdir=/tmp

Submitted job 9 with external jobid 'Submitted batch job 10151009'.

[Sat Oct 12 09:14:41 2024]
rule rna_bw:
    output: /work/frasergen/3D/work/shaojie/script/HiC/integrate/analysis_HiC_ATAC_RNA/00.pre/03.BAM_2_coverage/work.sh
    jobid: 5
    resources: tmpdir=/tmp

Submitted job 5 with external jobid 'Submitted batch job 10151010'.

[Sat Oct 12 09:14:41 2024]
rule gbed:
    input: /work/frasergen/backup/3d/project/Interactome/231661_homo_sapiens_20240223/03.HiC/01.ref/genome_gene.bed
    output: /work/frasergen/3D/work/shaojie/script/HiC/integrate/analysis_HiC_ATAC_RNA/00.pre/genome_gene.bed
    jobid: 2
    resources: tmpdir=/tmp

Submitted job 2 with external jobid 'Submitted batch job 10151011'.
[Sat Oct 12 09:15:01 2024]
Error in rule atac_pre:
    jobid: 9
    output: /work/frasergen/3D/work/shaojie/script/HiC/integrate/analysis_HiC_ATAC_RNA/00.pre/HiC_CUT_CTCF_pre
    cluster_jobid: Submitted batch job 10151009

Error executing rule atac_pre on cluster (jobid: 9, external: Submitted batch job 10151009, jobscript: /work/frasergen/3D/work/shaojie/script/HiC/integrate/.snakemake/tmp.sughsvgv/snakejob.atac_pre.9.sh). For error details see the cluster log and the log files of the involved rule(s).
[Sat Oct 12 09:15:01 2024]
Finished job 5.
1 of 14 steps (7%) done
[Sat Oct 12 09:15:01 2024]
Finished job 2.
2 of 14 steps (14%) done
Shutting down, this might take some time.
Exiting because a job execution failed. Look above for error message
Complete log: /work/frasergen/3D/work/shaojie/script/HiC/integrate/.snakemake/log/2024-10-12T091411.230769.snakemake.log
