Building DAG of jobs...
Using shell: /usr/bin/bash
Provided cores: 1 (use --cores to define parallelism)
Rules claiming more threads will be scaled down.
Job stats:
job          count    min threads    max threads
---------  -------  -------------  -------------
all              1              1              1
compt_rna        1              1              1
deg              1              1              1
rna_bw           1              1              1
total            4              1              1


[Wed Oct  9 21:17:29 2024]
rule deg:
    input: /work/frasergen/3D/work/shaojie/script/HiC/integrate/analysis_HiC_ATAC_RNA/00.pre/genome_gene.bed
    output: /work/frasergen/3D/work/shaojie/script/HiC/integrate/analysis_HiC_ATAC_RNA/00.pre/02.diff_gene_express/CapHiC-test.minus.CapHiC-control.gene.LogFC, /work/frasergen/3D/work/shaojie/script/HiC/integrate/analysis_HiC_ATAC_RNA/00.pre/02.diff_gene_express/CapHiC-test.minus.CapHiC-control.WashU.gene.LogFC, /work/frasergen/3D/work/shaojie/script/HiC/integrate/analysis_HiC_ATAC_RNA/00.pre/02.diff_gene_express/CapHiC-test.minus.CapHiC-control.DEseq2.before-filter.xls
    jobid: 4
    wildcards: diff=CapHiC-test.minus.CapHiC-control
    resources: tmpdir=/tmp

Shutting down, this might take some time.
Exiting because a job execution failed. Look above for error message
Complete log: /work/frasergen/3D/work/shaojie/script/HiC/integrate/.snakemake/log/2024-10-09T211720.060255.snakemake.log
