Building DAG of jobs...
Using shell: /usr/bin/bash
Provided cores: 1 (use --cores to define parallelism)
Rules claiming more threads will be scaled down.
Job stats:
job      count    min threads    max threads
-----  -------  -------------  -------------
all          1              1              1
deg          1              1              1
fpkm         2              1              1
gbed         1              1              1
total        5              1              1


[Wed Oct  9 09:32:18 2024]
rule gbed:
    input: /work/frasergen/backup/3d/project/Interactome/231661_homo_sapiens_20240223/03.HiC/01.ref/genome_gene.bed
    output: /work/frasergen/3D/work/shaojie/script/HiC/integrate/analysis_HiC_ATAC_RNA/00.pre/genome_gene.bed
    jobid: 2
    resources: tmpdir=/tmp

Shutting down, this might take some time.
Exiting because a job execution failed. Look above for error message
Complete log: /work/frasergen/3D/work/shaojie/script/HiC/integrate/.snakemake/log/2024-10-09T093209.169788.snakemake.log
