Building DAG of jobs...
Using shell: /usr/bin/bash
Provided cores: 1 (use --cores to define parallelism)
Rules claiming more threads will be scaled down.
Job stats:
job          count    min threads    max threads
---------  -------  -------------  -------------
all              1              1              1
compt_rna        1              1              1
tad_rna          1              1              1
total            3              1              1


[Thu Oct 10 00:03:29 2024]
rule compt_rna:
    input: /work/frasergen/3D/work/shaojie/script/HiC/integrate/analysis_HiC_ATAC_RNA/00.pre/02.diff_gene_express/CapHiC-test.minus.CapHiC-control.DEseq2.before-filter.xls
    output: /work/frasergen/3D/work/shaojie/script/HiC/integrate/analysis_HiC_ATAC_RNA/00.pre/02.diff_gene_express/CapHiC-test.minus.CapHiC-control_biorep.txt
    log: /work/frasergen/3D/work/shaojie/script/HiC/integrate/analysis_HiC_ATAC_RNA/01.integrate/CapHiC-test.minus.CapHiC-control/HiC_RNA/01.compartment_RNA/work.sh
    jobid: 6
    wildcards: diff=CapHiC-test.minus.CapHiC-control
    resources: tmpdir=/tmp

[Thu Oct 10 00:04:06 2024]
Finished job 6.
1 of 3 steps (33%) done

[Thu Oct 10 00:04:06 2024]
rule tad_rna:
    input: /work/frasergen/3D/work/shaojie/script/HiC/integrate/analysis_HiC_ATAC_RNA/00.pre/02.diff_gene_express/CapHiC-test.minus.CapHiC-control.DEseq2.before-filter.xls, /work/frasergen/3D/work/shaojie/script/HiC/integrate/analysis_HiC_ATAC_RNA/00.pre/02.diff_gene_express/CapHiC-test.minus.CapHiC-control_biorep.txt
    log: /work/frasergen/3D/work/shaojie/script/HiC/integrate/analysis_HiC_ATAC_RNA/01.integrate/CapHiC-test.minus.CapHiC-control/HiC_RNA/02.TAD_RNA/work.sh
    jobid: 7
    wildcards: diff=CapHiC-test.minus.CapHiC-control
    resources: tmpdir=/tmp

[Thu Oct 10 00:04:39 2024]
Finished job 7.
2 of 3 steps (67%) done

[Thu Oct 10 00:04:39 2024]
localrule all:
    input: /work/frasergen/3D/work/shaojie/script/HiC/integrate/analysis_HiC_ATAC_RNA/00.pre/01.genome_gene_express/CapHiC-control.fpkm4washu, /work/frasergen/3D/work/shaojie/script/HiC/integrate/analysis_HiC_ATAC_RNA/00.pre/01.genome_gene_express/CapHiC-test.fpkm4washu, /work/frasergen/3D/work/shaojie/script/HiC/integrate/analysis_HiC_ATAC_RNA/00.pre/02.diff_gene_express/CapHiC-test.minus.CapHiC-control.WashU.gene.LogFC, /work/frasergen/3D/work/shaojie/script/HiC/integrate/analysis_HiC_ATAC_RNA/00.pre/03.BAM_2_coverage/work.sh, /work/frasergen/3D/work/shaojie/script/HiC/integrate/analysis_HiC_ATAC_RNA/01.integrate/CapHiC-test.minus.CapHiC-control/HiC_RNA/01.compartment_RNA/work.sh, /work/frasergen/3D/work/shaojie/script/HiC/integrate/analysis_HiC_ATAC_RNA/01.integrate/CapHiC-test.minus.CapHiC-control/HiC_RNA/01.compartment_RNA/work.sh, /work/frasergen/3D/work/shaojie/script/HiC/integrate/analysis_HiC_ATAC_RNA/01.integrate/CapHiC-test.minus.CapHiC-control/HiC_RNA/02.TAD_RNA/work.sh
    jobid: 0
    resources: tmpdir=/tmp

[Thu Oct 10 00:04:39 2024]
Finished job 0.
3 of 3 steps (100%) done
Complete log: /work/frasergen/3D/work/shaojie/script/HiC/integrate/.snakemake/log/2024-10-10T000320.675429.snakemake.log
