Building DAG of jobs...
Using shell: /usr/bin/bash
Provided cores: 1 (use --cores to define parallelism)
Rules claiming more threads will be scaled down.
Job stats:
job       count    min threads    max threads
------  -------  -------------  -------------
all           1              1              1
single        1              1              1
total         2              1              1


[Tue Sep 17 21:45:50 2024]
rule single:
    output: /work/frasergen/3D/work/shaojie/script/HiC/integrate/analysis_PGT/00.prepare_data/01.cool_bychr/work.sh
    jobid: 1
    resources: tmpdir=/tmp

[Tue Sep 17 21:46:00 2024]
Finished job 1.
1 of 2 steps (50%) done

[Tue Sep 17 21:46:00 2024]
localrule all:
    input: /work/frasergen/3D/work/shaojie/script/HiC/integrate/analysis_PGT/00.prepare_data/01.cool_bychr/work.sh
    jobid: 0
    resources: tmpdir=/tmp

[Tue Sep 17 21:46:00 2024]
Finished job 0.
2 of 2 steps (100%) done
Complete log: /work/frasergen/3D/work/shaojie/script/HiC/integrate/.snakemake/log/2024-09-17T214543.479425.snakemake.log
