Building DAG of jobs...
Using shell: /usr/bin/bash
Provided cores: 1 (use --cores to define parallelism)
Rules claiming more threads will be scaled down.
Job stats:
job      count    min threads    max threads
-----  -------  -------------  -------------
all          1              1              1
fpkm         2              1              1
total        3              1              1


[Tue Oct  8 17:24:36 2024]
rule fpkm:
    input: /work/frasergen/backup/3d/project/Interactome/231661_homo_sapiens_20240223/02.RNA_ATAC/whfs-xs-241026_Result_20240607/03.expression/gene_tpm.xls
    output: /work/frasergen/3D/work/shaojie/script/HiC/integrate/analysis_HiC_ATAC_RNA/00.pre/01.genome_gene_express/CapHiC-test.fpkm, /work/frasergen/3D/work/shaojie/script/HiC/integrate/analysis_HiC_ATAC_RNA/00.pre/01.genome_gene_express/CapHiC-test.fpkm4washu
    jobid: 2
    wildcards: spl=CapHiC-test
    resources: tmpdir=/tmp

[Tue Oct  8 17:24:53 2024]
Finished job 2.
1 of 3 steps (33%) done

[Tue Oct  8 17:24:53 2024]
rule fpkm:
    input: /work/frasergen/backup/3d/project/Interactome/231661_homo_sapiens_20240223/02.RNA_ATAC/whfs-xs-241026_Result_20240607/03.expression/gene_tpm.xls
    output: /work/frasergen/3D/work/shaojie/script/HiC/integrate/analysis_HiC_ATAC_RNA/00.pre/01.genome_gene_express/CapHiC-control.fpkm, /work/frasergen/3D/work/shaojie/script/HiC/integrate/analysis_HiC_ATAC_RNA/00.pre/01.genome_gene_express/CapHiC-control.fpkm4washu
    jobid: 1
    wildcards: spl=CapHiC-control
    resources: tmpdir=/tmp

[Tue Oct  8 17:25:07 2024]
Finished job 1.
2 of 3 steps (67%) done

[Tue Oct  8 17:25:07 2024]
localrule all:
    input: /work/frasergen/3D/work/shaojie/script/HiC/integrate/analysis_HiC_ATAC_RNA/00.pre/01.genome_gene_express/CapHiC-control.fpkm4washu, /work/frasergen/3D/work/shaojie/script/HiC/integrate/analysis_HiC_ATAC_RNA/00.pre/01.genome_gene_express/CapHiC-test.fpkm4washu
    jobid: 0
    resources: tmpdir=/tmp

[Tue Oct  8 17:25:07 2024]
Finished job 0.
3 of 3 steps (100%) done
Complete log: /work/frasergen/3D/work/shaojie/script/HiC/integrate/.snakemake/log/2024-10-08T172404.553416.snakemake.log
