Building DAG of jobs...
Using shell: /usr/bin/bash
Provided cluster nodes: 10
Job stats:
job         count    min threads    max threads
--------  -------  -------------  -------------
all             1              1              1
tad_peak        1              1              1
total           2              1              1


[Sat Oct 12 12:38:26 2024]
rule tad_peak:
    input: /work/frasergen/3D/work/shaojie/script/HiC/integrate/analysis_HiC_ATAC_RNA/00.pre/HiC_CUT_CTCF_pre/02.cpm_bw
    log: /work/frasergen/3D/work/shaojie/script/HiC/integrate/analysis_HiC_ATAC_RNA/01.integrate/CapHiC-test.minus.CapHiC-control/HiC_CUT_CTCF/04.tad_peak/work.sh
    jobid: 13
    wildcards: diff=CapHiC-test.minus.CapHiC-control, atac=HiC_CUT_CTCF
    resources: tmpdir=/tmp

Submitted job 13 with external jobid 'Submitted batch job 10152443'.
[Sat Oct 12 12:39:16 2024]
Error in rule tad_peak:
    jobid: 13
    log: /work/frasergen/3D/work/shaojie/script/HiC/integrate/analysis_HiC_ATAC_RNA/01.integrate/CapHiC-test.minus.CapHiC-control/HiC_CUT_CTCF/04.tad_peak/work.sh (check log file(s) for error message)
    cluster_jobid: Submitted batch job 10152443

Error executing rule tad_peak on cluster (jobid: 13, external: Submitted batch job 10152443, jobscript: /work/frasergen/3D/work/shaojie/script/HiC/integrate/.snakemake/tmp.vvavy80t/snakejob.tad_peak.13.sh). For error details see the cluster log and the log files of the involved rule(s).
Shutting down, this might take some time.
Exiting because a job execution failed. Look above for error message
Complete log: /work/frasergen/3D/work/shaojie/script/HiC/integrate/.snakemake/log/2024-10-12T123816.342469.snakemake.log
