Building DAG of jobs...
Using shell: /usr/bin/bash
Provided cluster nodes: 10
Job stats:
job                count    min threads    max threads
---------------  -------  -------------  -------------
all                    1              1              1
compt_rna              1              1              1
cpt_atac               1              1              1
cpt_motif              1              1              1
cpt_switch_atac        1              1              1
deg                    1              1              1
fpkm                   2              1              1
gbed                   1              1              1
loop_peak              1              1              1
rna_bw                 1              1              1
tad_peak               1              1              1
tad_rna                1              1              1
total                 13              1              1


[Thu Oct 10 12:33:49 2024]
rule rna_bw:
    output: /work/frasergen/3D/work/shaojie/script/HiC/integrate/analysis_HiC_ATAC_RNA/00.pre/03.BAM_2_coverage/work.sh
    jobid: 5
    resources: tmpdir=/tmp

Submitted job 5 with external jobid 'Submitted batch job 10089514'.

[Thu Oct 10 12:33:50 2024]
rule cpt_atac:
    log: /work/frasergen/3D/work/shaojie/script/HiC/integrate/analysis_HiC_ATAC_RNA/01.integrate/CapHiC-test.minus.CapHiC-control/HiC_CUT_CTCF/01.compartment_AB_peak/work.sh
    jobid: 8
    wildcards: diff=CapHiC-test.minus.CapHiC-control, atac=HiC_CUT_CTCF
    resources: tmpdir=/tmp

Submitted job 8 with external jobid 'Submitted batch job 10089515'.

[Thu Oct 10 12:33:50 2024]
rule cpt_motif:
    log: /work/frasergen/3D/work/shaojie/script/HiC/integrate/analysis_HiC_ATAC_RNA/01.integrate/CapHiC-test.minus.CapHiC-control/HiC_CUT_CTCF/03.compartment_AB_peak_motif/work.sh
    jobid: 10
    wildcards: diff=CapHiC-test.minus.CapHiC-control, atac=HiC_CUT_CTCF
    resources: tmpdir=/tmp

Submitted job 10 with external jobid 'Submitted batch job 10089516'.

[Thu Oct 10 12:33:50 2024]
rule loop_peak:
    log: /work/frasergen/3D/work/shaojie/script/HiC/integrate/analysis_HiC_ATAC_RNA/01.integrate/CapHiC-test.minus.CapHiC-control/HiC_CUT_CTCF/05.loop_peak/work.sh
    jobid: 12
    wildcards: diff=CapHiC-test.minus.CapHiC-control, atac=HiC_CUT_CTCF
    resources: tmpdir=/tmp

Submitted job 12 with external jobid 'Submitted batch job 10089517'.

[Thu Oct 10 12:33:50 2024]
rule cpt_switch_atac:
    log: /work/frasergen/3D/work/shaojie/script/HiC/integrate/analysis_HiC_ATAC_RNA/01.integrate/CapHiC-test.minus.CapHiC-control/HiC_CUT_CTCF/02.compartment_AB_switch_peak/work.sh
    jobid: 9
    wildcards: diff=CapHiC-test.minus.CapHiC-control, atac=HiC_CUT_CTCF
    resources: tmpdir=/tmp

Submitted job 9 with external jobid 'Submitted batch job 10089518'.

[Thu Oct 10 12:33:50 2024]
rule tad_peak:
    log: /work/frasergen/3D/work/shaojie/script/HiC/integrate/analysis_HiC_ATAC_RNA/01.integrate/CapHiC-test.minus.CapHiC-control/HiC_CUT_CTCF/04.tad_peak/work.sh
    jobid: 11
    wildcards: diff=CapHiC-test.minus.CapHiC-control, atac=HiC_CUT_CTCF
    resources: tmpdir=/tmp

Submitted job 11 with external jobid 'Submitted batch job 10089519'.

[Thu Oct 10 12:33:50 2024]
rule gbed:
    input: /work/frasergen/backup/3d/project/Interactome/231661_homo_sapiens_20240223/03.HiC/01.ref/genome_gene.bed
    output: /work/frasergen/3D/work/shaojie/script/HiC/integrate/analysis_HiC_ATAC_RNA/00.pre/genome_gene.bed
    jobid: 2
    resources: tmpdir=/tmp

Submitted job 2 with external jobid 'Submitted batch job 10089521'.
[Thu Oct 10 12:35:09 2024]
Finished job 5.
1 of 13 steps (8%) done
[Thu Oct 10 12:35:30 2024]
Finished job 8.
2 of 13 steps (15%) done
[Thu Oct 10 12:36:20 2024]
Error in rule loop_peak:
    jobid: 12
    log: /work/frasergen/3D/work/shaojie/script/HiC/integrate/analysis_HiC_ATAC_RNA/01.integrate/CapHiC-test.minus.CapHiC-control/HiC_CUT_CTCF/05.loop_peak/work.sh (check log file(s) for error message)
    cluster_jobid: Submitted batch job 10089517

Error executing rule loop_peak on cluster (jobid: 12, external: Submitted batch job 10089517, jobscript: /work/frasergen/3D/work/shaojie/script/HiC/integrate/.snakemake/tmp.12sg_603/snakejob.loop_peak.12.sh). For error details see the cluster log and the log files of the involved rule(s).
[Thu Oct 10 12:36:20 2024]
Finished job 9.
3 of 13 steps (23%) done
[Thu Oct 10 12:37:30 2024]
Error in rule tad_peak:
    jobid: 11
    log: /work/frasergen/3D/work/shaojie/script/HiC/integrate/analysis_HiC_ATAC_RNA/01.integrate/CapHiC-test.minus.CapHiC-control/HiC_CUT_CTCF/04.tad_peak/work.sh (check log file(s) for error message)
    cluster_jobid: Submitted batch job 10089519

Error executing rule tad_peak on cluster (jobid: 11, external: Submitted batch job 10089519, jobscript: /work/frasergen/3D/work/shaojie/script/HiC/integrate/.snakemake/tmp.12sg_603/snakejob.tad_peak.11.sh). For error details see the cluster log and the log files of the involved rule(s).
[Thu Oct 10 12:37:30 2024]
Finished job 2.
4 of 13 steps (31%) done
[Thu Oct 10 12:37:50 2024]
Error in rule cpt_motif:
    jobid: 10
    log: /work/frasergen/3D/work/shaojie/script/HiC/integrate/analysis_HiC_ATAC_RNA/01.integrate/CapHiC-test.minus.CapHiC-control/HiC_CUT_CTCF/03.compartment_AB_peak_motif/work.sh (check log file(s) for error message)
    cluster_jobid: Submitted batch job 10089516

Error executing rule cpt_motif on cluster (jobid: 10, external: Submitted batch job 10089516, jobscript: /work/frasergen/3D/work/shaojie/script/HiC/integrate/.snakemake/tmp.12sg_603/snakejob.cpt_motif.10.sh). For error details see the cluster log and the log files of the involved rule(s).
Shutting down, this might take some time.
Exiting because a job execution failed. Look above for error message
Complete log: /work/frasergen/3D/work/shaojie/script/HiC/integrate/.snakemake/log/2024-10-10T123335.884814.snakemake.log
