Building DAG of jobs...
Using shell: /usr/bin/bash
Provided cores: 1 (use --cores to define parallelism)
Rules claiming more threads will be scaled down.
Job stats:
job         count    min threads    max threads
--------  -------  -------------  -------------
all             1              1              1
hic_atac        1              1              1
total           2              1              1


[Mon Apr 22 15:35:59 2024]
rule hic_atac:
    output: /work/frasergen/3D/work/shaojie/script/HiC/integrate/B2023.minus.A2023/HiC_ATAC/work.sh
    jobid: 2
    wildcards: minus=B2023.minus.A2023
    resources: tmpdir=/tmp

[Mon Apr 22 15:36:09 2024]
Finished job 2.
1 of 2 steps (50%) done

[Mon Apr 22 15:36:09 2024]
localrule all:
    input: /work/frasergen/3D/work/shaojie/script/HiC/integrate/B2023.minus.A2023/HiC_RNA/work.sh, /work/frasergen/3D/work/shaojie/script/HiC/integrate/B2023.minus.A2023/HiC_ATAC/work.sh
    jobid: 0
    resources: tmpdir=/tmp

[Mon Apr 22 15:36:09 2024]
Finished job 0.
2 of 2 steps (100%) done
Complete log: /work/frasergen/3D/work/shaojie/script/HiC/integrate/.snakemake/log/2024-04-22T153548.691709.snakemake.log
