Building DAG of jobs...
Using shell: /usr/bin/bash
Provided cluster nodes: 10
Job stats:
job                count    min threads    max threads
---------------  -------  -------------  -------------
all                    1              1              1
atac_bw                1              1              1
atac_diff_tsv          1              1              1
atac_merg_bed          1              1              1
compt_rna              1              1              1
cpt_atac               1              1              1
cpt_motif              1              1              1
cpt_switch_atac        1              1              1
deg                    1              1              1
fpkm                   2              1              1
loop_peak              1              1              1
tad_peak               1              1              1
tad_rna                1              1              1
total                 14              1              1


[Sat Oct 12 10:14:00 2024]
rule atac_bw:
    input: /work/frasergen/backup/3d/project/CUT/2024/231661_ren/CTCF/01.QC/01.analysis/CTCF-test/CTCF-test.CPM.bw, /work/frasergen/backup/3d/project/CUT/2024/231661_ren/CTCF/01.QC/01.analysis/CTCF-control/CTCF-control.CPM.bw
    output: /work/frasergen/3D/work/shaojie/script/HiC/integrate/analysis_HiC_ATAC_RNA/00.pre/HiC_CUT_CTCF_pre/02.atac_bw
    jobid: 14
    wildcards: atac=HiC_CUT_CTCF
    resources: tmpdir=/tmp

Submitted job 14 with external jobid 'Submitted batch job 10151295'.

[Sat Oct 12 10:14:00 2024]
rule fpkm:
    input: /work/frasergen/backup/3d/project/Interactome/231661_homo_sapiens_20240223/02.RNA_ATAC/whfs-xs-241026_Result_20240607/03.expression/gene_tpm.xls, /work/frasergen/3D/work/shaojie/script/HiC/integrate/analysis_HiC_ATAC_RNA/00.pre/genome_gene.bed
    output: /work/frasergen/3D/work/shaojie/script/HiC/integrate/analysis_HiC_ATAC_RNA/00.pre/01.genome_gene_express/CapHiC-control.fpkm, /work/frasergen/3D/work/shaojie/script/HiC/integrate/analysis_HiC_ATAC_RNA/00.pre/01.genome_gene_express/CapHiC-control.fpkm4washu, /work/frasergen/3D/work/shaojie/script/HiC/integrate/analysis_HiC_ATAC_RNA/00.pre/01.genome_gene_express/CapHiC-control_biorep.txt
    jobid: 1
    wildcards: spl=CapHiC-control
    resources: tmpdir=/tmp

Submitted job 1 with external jobid 'Submitted batch job 10151296'.

[Sat Oct 12 10:14:00 2024]
rule fpkm:
    input: /work/frasergen/backup/3d/project/Interactome/231661_homo_sapiens_20240223/02.RNA_ATAC/whfs-xs-241026_Result_20240607/03.expression/gene_tpm.xls, /work/frasergen/3D/work/shaojie/script/HiC/integrate/analysis_HiC_ATAC_RNA/00.pre/genome_gene.bed
    output: /work/frasergen/3D/work/shaojie/script/HiC/integrate/analysis_HiC_ATAC_RNA/00.pre/01.genome_gene_express/CapHiC-test.fpkm, /work/frasergen/3D/work/shaojie/script/HiC/integrate/analysis_HiC_ATAC_RNA/00.pre/01.genome_gene_express/CapHiC-test.fpkm4washu, /work/frasergen/3D/work/shaojie/script/HiC/integrate/analysis_HiC_ATAC_RNA/00.pre/01.genome_gene_express/CapHiC-test_biorep.txt
    jobid: 3
    wildcards: spl=CapHiC-test
    resources: tmpdir=/tmp

Submitted job 3 with external jobid 'Submitted batch job 10151297'.

[Sat Oct 12 10:14:01 2024]
rule atac_merg_bed:
    input: /work/frasergen/backup/3d/project/CUT/2024/231661_ren/CTCF/02.Diff/00.prepare/group_peak/CTCF-test.merge_peak.bed, /work/frasergen/backup/3d/project/CUT/2024/231661_ren/CTCF/02.Diff/00.prepare/group_peak/CTCF-control.merge_peak.bed
    output: /work/frasergen/3D/work/shaojie/script/HiC/integrate/analysis_HiC_ATAC_RNA/00.pre/HiC_CUT_CTCF_pre/00.merg_bed
    jobid: 9
    wildcards: atac=HiC_CUT_CTCF
    resources: tmpdir=/tmp

Submitted job 9 with external jobid 'Submitted batch job 10151298'.

[Sat Oct 12 10:14:01 2024]
rule atac_diff_tsv:
    input: /work/frasergen/backup/3d/project/CUT/2024/231661_ren/CTCF/02.Diff/01.DP/CTCF-control-vs-CTCF-test/CTCF-control-vs-CTCF-test.DP.tsv, /work/frasergen/backup/3d/project/CUT/2024/231661_ren/CTCF/02.Diff/01.DP/CTCF-control-vs-CTCF-test/CTCF-control-vs-CTCF-test.Gain.DP.tsv, /work/frasergen/backup/3d/project/CUT/2024/231661_ren/CTCF/02.Diff/01.DP/CTCF-control-vs-CTCF-test/CTCF-control-vs-CTCF-test.Loss.DP.tsv
    output: /work/frasergen/3D/work/shaojie/script/HiC/integrate/analysis_HiC_ATAC_RNA/00.pre/HiC_CUT_CTCF_pre/01.diff_tsv
    jobid: 11
    wildcards: atac=HiC_CUT_CTCF
    resources: tmpdir=/tmp

Submitted job 11 with external jobid 'Submitted batch job 10151299'.

[Sat Oct 12 10:14:01 2024]
rule deg:
    input: /work/frasergen/3D/work/shaojie/script/HiC/integrate/analysis_HiC_ATAC_RNA/00.pre/genome_gene.bed
    output: /work/frasergen/3D/work/shaojie/script/HiC/integrate/analysis_HiC_ATAC_RNA/00.pre/02.diff_gene_express/CapHiC-test.minus.CapHiC-control.gene.LogFC, /work/frasergen/3D/work/shaojie/script/HiC/integrate/analysis_HiC_ATAC_RNA/00.pre/02.diff_gene_express/CapHiC-test.minus.CapHiC-control.WashU.gene.LogFC, /work/frasergen/3D/work/shaojie/script/HiC/integrate/analysis_HiC_ATAC_RNA/00.pre/02.diff_gene_express/CapHiC-test.minus.CapHiC-control.DEseq2.before-filter.xls
    jobid: 4
    wildcards: diff=CapHiC-test.minus.CapHiC-control
    resources: tmpdir=/tmp

Submitted job 4 with external jobid 'Submitted batch job 10151300'.
[Sat Oct 12 10:14:20 2024]
Error in rule atac_bw:
    jobid: 14
    output: /work/frasergen/3D/work/shaojie/script/HiC/integrate/analysis_HiC_ATAC_RNA/00.pre/HiC_CUT_CTCF_pre/02.atac_bw
    cluster_jobid: Submitted batch job 10151295

Error executing rule atac_bw on cluster (jobid: 14, external: Submitted batch job 10151295, jobscript: /work/frasergen/3D/work/shaojie/script/HiC/integrate/.snakemake/tmp.w4c0uy1d/snakejob.atac_bw.14.sh). For error details see the cluster log and the log files of the involved rule(s).
[Sat Oct 12 10:14:20 2024]
Finished job 1.
1 of 14 steps (7%) done
[Sat Oct 12 10:14:21 2024]
Finished job 3.
2 of 14 steps (14%) done
[Sat Oct 12 10:14:21 2024]
Error in rule atac_merg_bed:
    jobid: 9
    output: /work/frasergen/3D/work/shaojie/script/HiC/integrate/analysis_HiC_ATAC_RNA/00.pre/HiC_CUT_CTCF_pre/00.merg_bed
    cluster_jobid: Submitted batch job 10151298

Error executing rule atac_merg_bed on cluster (jobid: 9, external: Submitted batch job 10151298, jobscript: /work/frasergen/3D/work/shaojie/script/HiC/integrate/.snakemake/tmp.w4c0uy1d/snakejob.atac_merg_bed.9.sh). For error details see the cluster log and the log files of the involved rule(s).
[Sat Oct 12 10:14:21 2024]
Error in rule atac_diff_tsv:
    jobid: 11
    output: /work/frasergen/3D/work/shaojie/script/HiC/integrate/analysis_HiC_ATAC_RNA/00.pre/HiC_CUT_CTCF_pre/01.diff_tsv
    cluster_jobid: Submitted batch job 10151299

Error executing rule atac_diff_tsv on cluster (jobid: 11, external: Submitted batch job 10151299, jobscript: /work/frasergen/3D/work/shaojie/script/HiC/integrate/.snakemake/tmp.w4c0uy1d/snakejob.atac_diff_tsv.11.sh). For error details see the cluster log and the log files of the involved rule(s).
[Sat Oct 12 10:14:21 2024]
Finished job 4.
3 of 14 steps (21%) done
Shutting down, this might take some time.
Exiting because a job execution failed. Look above for error message
Complete log: /work/frasergen/3D/work/shaojie/script/HiC/integrate/.snakemake/log/2024-10-12T101333.615285.snakemake.log
