Building DAG of jobs...
Using shell: /usr/bin/bash
Provided cluster nodes: 10
Job stats:
job                count    min threads    max threads
---------------  -------  -------------  -------------
all                    1              1              1
cpt_motif              1              1              1
cpt_switch_atac        1              1              1
tad_peak               1              1              1
tad_rna                1              1              1
total                  5              1              1


[Thu Oct 10 15:30:26 2024]
rule tad_rna:
    input: /work/frasergen/3D/work/shaojie/script/HiC/integrate/analysis_HiC_ATAC_RNA/00.pre/02.diff_gene_express/CapHiC-test.minus.CapHiC-control.DEseq2.before-filter.xls, /work/frasergen/3D/work/shaojie/script/HiC/integrate/analysis_HiC_ATAC_RNA/00.pre/02.diff_gene_express/CapHiC-test.minus.CapHiC-control_biorep.txt
    log: /work/frasergen/3D/work/shaojie/script/HiC/integrate/analysis_HiC_ATAC_RNA/01.integrate/CapHiC-test.minus.CapHiC-control/HiC_RNA/02.TAD_RNA/work.sh
    jobid: 7
    wildcards: diff=CapHiC-test.minus.CapHiC-control
    resources: tmpdir=/tmp

Submitted job 7 with external jobid 'Submitted batch job 10097480'.

[Thu Oct 10 15:30:26 2024]
rule cpt_switch_atac:
    output: /work/frasergen/3D/work/shaojie/script/HiC/integrate/analysis_HiC_ATAC_RNA/01.integrate/CapHiC-test.minus.CapHiC-control/HiC_CUT_CTCF/02.compartment_AB_switch_peak/CapHiC-test.minus.CapHiC-control-compartment.switch_DiffPeak.xls
    log: /work/frasergen/3D/work/shaojie/script/HiC/integrate/analysis_HiC_ATAC_RNA/01.integrate/CapHiC-test.minus.CapHiC-control/HiC_CUT_CTCF/02.compartment_AB_switch_peak/work.sh
    jobid: 9
    wildcards: diff=CapHiC-test.minus.CapHiC-control, atac=HiC_CUT_CTCF
    resources: tmpdir=/tmp

Submitted job 9 with external jobid 'Submitted batch job 10097481'.

[Thu Oct 10 15:30:26 2024]
rule tad_peak:
    log: /work/frasergen/3D/work/shaojie/script/HiC/integrate/analysis_HiC_ATAC_RNA/01.integrate/CapHiC-test.minus.CapHiC-control/HiC_CUT_CTCF/04.tad_peak/work.sh
    jobid: 11
    wildcards: diff=CapHiC-test.minus.CapHiC-control, atac=HiC_CUT_CTCF
    resources: tmpdir=/tmp

Submitted job 11 with external jobid 'Submitted batch job 10097482'.
[Thu Oct 10 15:33:06 2024]
Error in rule cpt_switch_atac:
    jobid: 9
    output: /work/frasergen/3D/work/shaojie/script/HiC/integrate/analysis_HiC_ATAC_RNA/01.integrate/CapHiC-test.minus.CapHiC-control/HiC_CUT_CTCF/02.compartment_AB_switch_peak/CapHiC-test.minus.CapHiC-control-compartment.switch_DiffPeak.xls
    log: /work/frasergen/3D/work/shaojie/script/HiC/integrate/analysis_HiC_ATAC_RNA/01.integrate/CapHiC-test.minus.CapHiC-control/HiC_CUT_CTCF/02.compartment_AB_switch_peak/work.sh (check log file(s) for error message)
    cluster_jobid: Submitted batch job 10097481

Error executing rule cpt_switch_atac on cluster (jobid: 9, external: Submitted batch job 10097481, jobscript: /work/frasergen/3D/work/shaojie/script/HiC/integrate/.snakemake/tmp.xycizfn2/snakejob.cpt_switch_atac.9.sh). For error details see the cluster log and the log files of the involved rule(s).
[Thu Oct 10 15:33:16 2024]
Finished job 7.
1 of 5 steps (20%) done
[Thu Oct 10 15:48:38 2024]
Finished job 11.
2 of 5 steps (40%) done
Shutting down, this might take some time.
Exiting because a job execution failed. Look above for error message
Complete log: /work/frasergen/3D/work/shaojie/script/HiC/integrate/.snakemake/log/2024-10-10T152954.586191.snakemake.log
