Building DAG of jobs...
Using shell: /usr/bin/bash
Provided cores: 1 (use --cores to define parallelism)
Rules claiming more threads will be scaled down.
Job stats:
job         count    min threads    max threads
--------  -------  -------------  -------------
all             1              1              1
hic_atac        1              1              1
hic_rna         1              1              1
total           3              1              1


[Mon Apr 22 16:36:31 2024]
rule hic_rna:
    output: /work/frasergen/3D/work/shaojie/script/HiC/integrate/B2023.minus.A2023/HiC_RNA/work.sh
    jobid: 1
    wildcards: minus=B2023.minus.A2023
    resources: tmpdir=/tmp

[Mon Apr 22 16:36:40 2024]
Finished job 1.
1 of 3 steps (33%) done

[Mon Apr 22 16:36:40 2024]
rule hic_atac:
    output: /work/frasergen/3D/work/shaojie/script/HiC/integrate/B2023.minus.A2023/HiC_ATAC/work.sh
    jobid: 2
    wildcards: minus=B2023.minus.A2023
    resources: tmpdir=/tmp

[Mon Apr 22 16:36:48 2024]
Finished job 2.
2 of 3 steps (67%) done

[Mon Apr 22 16:36:48 2024]
localrule all:
    input: /work/frasergen/3D/work/shaojie/script/HiC/integrate/B2023.minus.A2023/HiC_RNA/work.sh, /work/frasergen/3D/work/shaojie/script/HiC/integrate/B2023.minus.A2023/HiC_ATAC/work.sh
    jobid: 0
    resources: tmpdir=/tmp

[Mon Apr 22 16:36:48 2024]
Finished job 0.
3 of 3 steps (100%) done
Complete log: /work/frasergen/3D/work/shaojie/script/HiC/integrate/.snakemake/log/2024-04-22T163623.285274.snakemake.log
