Building DAG of jobs...
Using shell: /usr/bin/bash
Provided cores: 1 (use --cores to define parallelism)
Rules claiming more threads will be scaled down.
Job stats:
job         count    min threads    max threads
--------  -------  -------------  -------------
all             1              1              1
hic_atac        1              1              1
hic_rna         1              1              1
total           3              1              1


[Mon Apr 22 15:25:57 2024]
rule hic_rna:
    output: /work/frasergen/3D/work/shaojie/script/HiC/integrate/B2023.minus.A2023/HiC_RNA/work.sh
    jobid: 1
    wildcards: minus=B2023.minus.A2023
    resources: tmpdir=/tmp

[Mon Apr 22 15:26:11 2024]
Finished job 1.
1 of 3 steps (33%) done

[Mon Apr 22 15:26:11 2024]
rule hic_atac:
    output: /work/frasergen/3D/work/shaojie/script/HiC/integrate/B2023.minus.A2023/HiC_ATAC/work.sh
    jobid: 2
    wildcards: minus=B2023.minus.A2023
    resources: tmpdir=/tmp

Shutting down, this might take some time.
Exiting because a job execution failed. Look above for error message
Complete log: /work/frasergen/3D/work/shaojie/script/HiC/integrate/.snakemake/log/2024-04-22T152546.912903.snakemake.log
