Building DAG of jobs...
Using shell: /usr/bin/bash
Provided cores: 10
Rules claiming more threads will be scaled down.
Job stats:
job            count    min threads    max threads
-----------  -------  -------------  -------------
HiC                1              1              1
RNA                1              1              1
all                1              1              1
enrich             1              1              1
enrich_sh          1              1              1
hic_yaml           1              1              1
qc                 3              1              1
qc_sh              3              1              1
rawdata            1              1              1
rawdata_sh         3              1              1
ref                1              1              1
ref_sh             1              1              1
report_yaml        1              1              1
total             19              1              1


[Sun Apr 28 10:18:50 2024]
rule HiC:
    output: /work/frasergen/3D/work/shaojie/script/HiC/lpsn_hic_prepare/240137_YanDanBaoJun_20240425/05.HiC/work.sh, /work/frasergen/3D/work/shaojie/script/HiC/lpsn_hic_prepare/240137_YanDanBaoJun_20240425/05.HiC/report.sh
    jobid: 8
    resources: tmpdir=/tmp

[Sun Apr 28 10:18:50 2024]
rule report_yaml:
    output: /work/frasergen/3D/work/shaojie/script/HiC/lpsn_hic_prepare/240137_YanDanBaoJun_20240425/05.HiC/report.yaml
    jobid: 10
    resources: tmpdir=/tmp

[Sun Apr 28 10:18:50 2024]
rule rawdata:
    output: /work/frasergen/3D/work/shaojie/script/HiC/lpsn_hic_prepare/240137_YanDanBaoJun_20240425/01.rawdata/work.sh
    jobid: 2
    resources: tmpdir=/tmp

[Sun Apr 28 10:18:50 2024]
rule qc:
    output: /work/frasergen/3D/work/shaojie/script/HiC/lpsn_hic_prepare/240137_YanDanBaoJun_20240425/02.qc/TD_MM6h_qc.sh
    jobid: 3
    wildcards: sample=TD_MM6h
    resources: tmpdir=/tmp

[Sun Apr 28 10:18:50 2024]
rule qc:
    output: /work/frasergen/3D/work/shaojie/script/HiC/lpsn_hic_prepare/240137_YanDanBaoJun_20240425/02.qc/TD_60MM12h_qc.sh
    jobid: 5
    wildcards: sample=TD_60MM12h
    resources: tmpdir=/tmp

[Sun Apr 28 10:18:50 2024]
rule enrich:
    output: /work/frasergen/3D/work/shaojie/script/HiC/lpsn_hic_prepare/240137_YanDanBaoJun_20240425/03.enrich/work.sh
    jobid: 7
    resources: tmpdir=/tmp

[Sun Apr 28 10:18:50 2024]
rule hic_yaml:
    output: /work/frasergen/3D/work/shaojie/script/HiC/lpsn_hic_prepare/240137_YanDanBaoJun_20240425/05.HiC/conf.yaml
    jobid: 9
    resources: tmpdir=/tmp

[Sun Apr 28 10:18:50 2024]
rule ref:
    output: /work/frasergen/3D/work/shaojie/script/HiC/lpsn_hic_prepare/240137_YanDanBaoJun_20240425/00.ref/work.sh
    jobid: 1
    resources: tmpdir=/tmp

[Sun Apr 28 10:18:50 2024]
rule qc:
    output: /work/frasergen/3D/work/shaojie/script/HiC/lpsn_hic_prepare/240137_YanDanBaoJun_20240425/02.qc/TD_60MM6h_qc.sh
    jobid: 4
    wildcards: sample=TD_60MM6h
    resources: tmpdir=/tmp

[Sun Apr 28 10:18:50 2024]
rule RNA:
    output: /work/frasergen/3D/work/shaojie/script/HiC/lpsn_hic_prepare/240137_YanDanBaoJun_20240425/04.RNA/work.sh, /work/frasergen/3D/work/shaojie/script/HiC/lpsn_hic_prepare/240137_YanDanBaoJun_20240425/04.RNA/01.genome_gene_express/work.sh, /work/frasergen/3D/work/shaojie/script/HiC/lpsn_hic_prepare/240137_YanDanBaoJun_20240425/04.RNA/02.diff_gene_express/work.sh, /work/frasergen/3D/work/shaojie/script/HiC/lpsn_hic_prepare/240137_YanDanBaoJun_20240425/04.RNA/03.BAM_2_coverage/work.sh
    jobid: 6
    resources: tmpdir=/tmp

[Sun Apr 28 10:18:58 2024]
Finished job 10.
1 of 19 steps (5%) done
[Sun Apr 28 10:18:58 2024]
Finished job 4.
2 of 19 steps (11%) done
[Sun Apr 28 10:18:59 2024]
Finished job 9.
3 of 19 steps (16%) done
[Sun Apr 28 10:18:59 2024]
Finished job 3.
4 of 19 steps (21%) done
[Sun Apr 28 10:18:59 2024]
Finished job 8.
5 of 19 steps (26%) done
[Sun Apr 28 10:18:59 2024]
Finished job 6.
6 of 19 steps (32%) done
[Sun Apr 28 10:18:59 2024]
Finished job 5.
7 of 19 steps (37%) done
[Sun Apr 28 10:18:59 2024]
Finished job 2.
8 of 19 steps (42%) done
[Sun Apr 28 10:18:59 2024]
Finished job 7.
9 of 19 steps (47%) done

[Sun Apr 28 10:18:59 2024]
rule rawdata_sh:
    input: /work/frasergen/3D/work/shaojie/script/HiC/lpsn_hic_prepare/240137_YanDanBaoJun_20240425/01.rawdata/work.sh
    output: /work/frasergen/3D/work/shaojie/script/HiC/lpsn_hic_prepare/240137_YanDanBaoJun_20240425/01.rawdata/TD_60MM6h_2.fq.gz
    jobid: 15
    wildcards: sample=TD_60MM6h
    resources: tmpdir=/tmp

cd /work/frasergen/3D/work/shaojie/script/HiC/lpsn_hic_prepare/240137_YanDanBaoJun_20240425/01.rawdata && bash work.sh

[Sun Apr 28 10:18:59 2024]
rule rawdata_sh:
    input: /work/frasergen/3D/work/shaojie/script/HiC/lpsn_hic_prepare/240137_YanDanBaoJun_20240425/01.rawdata/work.sh
    output: /work/frasergen/3D/work/shaojie/script/HiC/lpsn_hic_prepare/240137_YanDanBaoJun_20240425/01.rawdata/TD_60MM12h_2.fq.gz
    jobid: 17
    wildcards: sample=TD_60MM12h
    resources: tmpdir=/tmp

cd /work/frasergen/3D/work/shaojie/script/HiC/lpsn_hic_prepare/240137_YanDanBaoJun_20240425/01.rawdata && bash work.sh

[Sun Apr 28 10:18:59 2024]
rule rawdata_sh:
    input: /work/frasergen/3D/work/shaojie/script/HiC/lpsn_hic_prepare/240137_YanDanBaoJun_20240425/01.rawdata/work.sh
    output: /work/frasergen/3D/work/shaojie/script/HiC/lpsn_hic_prepare/240137_YanDanBaoJun_20240425/01.rawdata/TD_MM6h_2.fq.gz
    jobid: 13
    wildcards: sample=TD_MM6h
    resources: tmpdir=/tmp

cd /work/frasergen/3D/work/shaojie/script/HiC/lpsn_hic_prepare/240137_YanDanBaoJun_20240425/01.rawdata && bash work.sh
[Sun Apr 28 10:18:59 2024]
Finished job 1.
10 of 19 steps (53%) done

[Sun Apr 28 10:18:59 2024]
rule ref_sh:
    input: /work/frasergen/3D/work/shaojie/script/HiC/lpsn_hic_prepare/240137_YanDanBaoJun_20240425/00.ref/work.sh
    output: /work/frasergen/3D/work/shaojie/script/HiC/lpsn_hic_prepare/240137_YanDanBaoJun_20240425/00.ref/Halomonas.mrna.fasta
    jobid: 11
    resources: tmpdir=/tmp

cd /work/frasergen/3D/work/shaojie/script/HiC/lpsn_hic_prepare/240137_YanDanBaoJun_20240425/00.ref && bash work.sh
Waiting at most 5 seconds for missing files.
MissingOutputException in line 115 of /work/frasergen/3D/work/shaojie/script/HiC/lpsn_hic_prepare/hic_pre.snake.py:
Job Missing files after 5 seconds:
/work/frasergen/3D/work/shaojie/script/HiC/lpsn_hic_prepare/240137_YanDanBaoJun_20240425/01.rawdata/TD_60MM6h_2.fq.gz
This might be due to filesystem latency. If that is the case, consider to increase the wait time with --latency-wait.
Job id: 15 completed successfully, but some output files are missing. 15
Waiting at most 5 seconds for missing files.
MissingOutputException in line 115 of /work/frasergen/3D/work/shaojie/script/HiC/lpsn_hic_prepare/hic_pre.snake.py:
Job Missing files after 5 seconds:
/work/frasergen/3D/work/shaojie/script/HiC/lpsn_hic_prepare/240137_YanDanBaoJun_20240425/01.rawdata/TD_60MM12h_2.fq.gz
This might be due to filesystem latency. If that is the case, consider to increase the wait time with --latency-wait.
Job id: 17 completed successfully, but some output files are missing. 17
Waiting at most 5 seconds for missing files.
MissingOutputException in line 115 of /work/frasergen/3D/work/shaojie/script/HiC/lpsn_hic_prepare/hic_pre.snake.py:
Job Missing files after 5 seconds:
/work/frasergen/3D/work/shaojie/script/HiC/lpsn_hic_prepare/240137_YanDanBaoJun_20240425/01.rawdata/TD_MM6h_2.fq.gz
This might be due to filesystem latency. If that is the case, consider to increase the wait time with --latency-wait.
Job id: 13 completed successfully, but some output files are missing. 13
Waiting at most 5 seconds for missing files.
MissingOutputException in line 72 of /work/frasergen/3D/work/shaojie/script/HiC/lpsn_hic_prepare/hic_pre.snake.py:
Job Missing files after 5 seconds:
/work/frasergen/3D/work/shaojie/script/HiC/lpsn_hic_prepare/240137_YanDanBaoJun_20240425/00.ref/Halomonas.mrna.fasta
This might be due to filesystem latency. If that is the case, consider to increase the wait time with --latency-wait.
Job id: 11 completed successfully, but some output files are missing. 11
Shutting down, this might take some time.
Exiting because a job execution failed. Look above for error message
Complete log: /work/frasergen/3D/work/shaojie/script/HiC/lpsn_hic_prepare/.snakemake/log/2024-04-28T101844.191048.snakemake.log
