Building DAG of jobs...
Using shell: /usr/bin/bash
Provided cores: 1 (use --cores to define parallelism)
Rules claiming more threads will be scaled down.
Job stats:
job            count    min threads    max threads
-----------  -------  -------------  -------------
HiC                1              1              1
RNA                1              1              1
all                1              1              1
enrich             1              1              1
hic_yaml           1              1              1
qc                 4              1              1
rawdata            1              1              1
ref                1              1              1
report_yaml        1              1              1
total             12              1              1


[Thu Nov 21 10:47:43 2024]
rule RNA:
    output: /work/frasergen/backup/3d/project/Interactome/241791_lanxijun_20241121/04.RNA/work.sh, /work/frasergen/backup/3d/project/Interactome/241791_lanxijun_20241121/04.RNA/01.genome_gene_express/work.sh, /work/frasergen/backup/3d/project/Interactome/241791_lanxijun_20241121/04.RNA/02.diff_gene_express/work.sh, /work/frasergen/backup/3d/project/Interactome/241791_lanxijun_20241121/04.RNA/03.BAM_2_coverage/work.sh
    jobid: 7
    resources: tmpdir=/tmp

[Thu Nov 21 10:47:58 2024]
Finished job 7.
1 of 12 steps (8%) done

[Thu Nov 21 10:47:58 2024]
rule HiC:
    output: /work/frasergen/backup/3d/project/Interactome/241791_lanxijun_20241121/05.HiC/work.sh, /work/frasergen/backup/3d/project/Interactome/241791_lanxijun_20241121/05.HiC/report.sh
    jobid: 9
    resources: tmpdir=/tmp

[Thu Nov 21 10:48:16 2024]
Finished job 9.
2 of 12 steps (17%) done

[Thu Nov 21 10:48:16 2024]
rule hic_yaml:
    output: /work/frasergen/backup/3d/project/Interactome/241791_lanxijun_20241121/05.HiC/conf.yaml
    jobid: 10
    resources: tmpdir=/tmp

[Thu Nov 21 10:48:47 2024]
Finished job 10.
3 of 12 steps (25%) done

[Thu Nov 21 10:48:47 2024]
rule ref:
    output: /work/frasergen/backup/3d/project/Interactome/241791_lanxijun_20241121/00.ref/work.sh
    jobid: 1
    resources: tmpdir=/tmp

[Thu Nov 21 10:49:07 2024]
Finished job 1.
4 of 12 steps (33%) done

[Thu Nov 21 10:49:07 2024]
rule qc:
    output: /work/frasergen/backup/3d/project/Interactome/241791_lanxijun_20241121/02.qc/HT48-2_qc.sh
    jobid: 4
    wildcards: sample=HT48-2
    resources: tmpdir=/tmp

[Thu Nov 21 10:49:25 2024]
Finished job 4.
5 of 12 steps (42%) done

[Thu Nov 21 10:49:25 2024]
rule qc:
    output: /work/frasergen/backup/3d/project/Interactome/241791_lanxijun_20241121/02.qc/HT0-2_qc.sh
    jobid: 6
    wildcards: sample=HT0-2
    resources: tmpdir=/tmp

[Thu Nov 21 10:49:40 2024]
Finished job 6.
6 of 12 steps (50%) done

[Thu Nov 21 10:49:40 2024]
rule enrich:
    output: /work/frasergen/backup/3d/project/Interactome/241791_lanxijun_20241121/03.enrich/work.sh
    jobid: 8
    resources: tmpdir=/tmp

[Thu Nov 21 10:49:57 2024]
Finished job 8.
7 of 12 steps (58%) done

[Thu Nov 21 10:49:57 2024]
rule rawdata:
    output: /work/frasergen/backup/3d/project/Interactome/241791_lanxijun_20241121/01.rawdata/work.sh
    jobid: 2
    resources: tmpdir=/tmp

[Thu Nov 21 10:50:25 2024]
Finished job 2.
8 of 12 steps (67%) done

[Thu Nov 21 10:50:25 2024]
rule qc:
    output: /work/frasergen/backup/3d/project/Interactome/241791_lanxijun_20241121/02.qc/HT0-1_qc.sh
    jobid: 5
    wildcards: sample=HT0-1
    resources: tmpdir=/tmp

[Thu Nov 21 10:50:41 2024]
Finished job 5.
9 of 12 steps (75%) done

[Thu Nov 21 10:50:41 2024]
rule qc:
    output: /work/frasergen/backup/3d/project/Interactome/241791_lanxijun_20241121/02.qc/HT48-1_qc.sh
    jobid: 3
    wildcards: sample=HT48-1
    resources: tmpdir=/tmp

[Thu Nov 21 10:50:56 2024]
Finished job 3.
10 of 12 steps (83%) done

[Thu Nov 21 10:50:56 2024]
rule report_yaml:
    output: /work/frasergen/backup/3d/project/Interactome/241791_lanxijun_20241121/05.HiC/report.yaml
    jobid: 11
    resources: tmpdir=/tmp

[Thu Nov 21 10:51:20 2024]
Finished job 11.
11 of 12 steps (92%) done

[Thu Nov 21 10:51:20 2024]
localrule all:
    input: /work/frasergen/backup/3d/project/Interactome/241791_lanxijun_20241121/00.ref/work.sh, /work/frasergen/backup/3d/project/Interactome/241791_lanxijun_20241121/01.rawdata/work.sh, /work/frasergen/backup/3d/project/Interactome/241791_lanxijun_20241121/02.qc/HT48-1_qc.sh, /work/frasergen/backup/3d/project/Interactome/241791_lanxijun_20241121/02.qc/HT48-2_qc.sh, /work/frasergen/backup/3d/project/Interactome/241791_lanxijun_20241121/02.qc/HT0-1_qc.sh, /work/frasergen/backup/3d/project/Interactome/241791_lanxijun_20241121/02.qc/HT0-2_qc.sh, /work/frasergen/backup/3d/project/Interactome/241791_lanxijun_20241121/04.RNA/work.sh, /work/frasergen/backup/3d/project/Interactome/241791_lanxijun_20241121/03.enrich/work.sh, /work/frasergen/backup/3d/project/Interactome/241791_lanxijun_20241121/05.HiC/report.sh, /work/frasergen/backup/3d/project/Interactome/241791_lanxijun_20241121/05.HiC/conf.yaml, /work/frasergen/backup/3d/project/Interactome/241791_lanxijun_20241121/05.HiC/report.yaml
    jobid: 0
    resources: tmpdir=/tmp

[Thu Nov 21 10:51:20 2024]
Finished job 0.
12 of 12 steps (100%) done
Complete log: /work/frasergen/3D/work/shaojie/script/HiC/lpsn_hic_prepare/.snakemake/log/2024-11-21T104712.423328.snakemake.log
