Building DAG of jobs...
Using shell: /usr/bin/bash
Provided cores: 10
Rules claiming more threads will be scaled down.
Job stats:
job        count    min threads    max threads
-------  -------  -------------  -------------
HiC            1              1              1
RNA            1              1              1
all            1              1              1
enrich         1              1              1
qc             4              1              1
rawdata        1              1              1
ref            1              1              1
yaml           1              1              1
total         11              1              1


[Fri Mar 15 11:22:33 2024]
rule rawdata:
    output: /work/frasergen/3D/work/shaojie/script/HiC/lpsn_hic_prepare/231062-02_sbuffalo/01.rawdata/work.sh
    jobid: 2
    resources: tmpdir=/tmp

[Fri Mar 15 11:22:33 2024]
rule qc:
    output: /work/frasergen/3D/work/shaojie/script/HiC/lpsn_hic_prepare/231062-02_sbuffalo/02.qc/Delta-abrB-2_qc.sh
    jobid: 4
    wildcards: sample=Delta-abrB-2
    resources: tmpdir=/tmp

[Fri Mar 15 11:22:33 2024]
rule qc:
    output: /work/frasergen/3D/work/shaojie/script/HiC/lpsn_hic_prepare/231062-02_sbuffalo/02.qc/Bs168-2_qc.sh
    jobid: 6
    wildcards: sample=Bs168-2
    resources: tmpdir=/tmp

[Fri Mar 15 11:22:33 2024]
rule enrich:
    output: /work/frasergen/3D/work/shaojie/script/HiC/lpsn_hic_prepare/231062-02_sbuffalo/03.enrich/work.sh
    jobid: 8
    resources: tmpdir=/tmp

[Fri Mar 15 11:22:33 2024]
rule yaml:
    output: /work/frasergen/3D/work/shaojie/script/HiC/lpsn_hic_prepare/231062-02_sbuffalo/05.HiC/conf.yaml, /work/frasergen/3D/work/shaojie/script/HiC/lpsn_hic_prepare/231062-02_sbuffalo/05.HiC/report.yaml
    jobid: 10
    resources: tmpdir=/tmp

[Fri Mar 15 11:22:33 2024]
rule ref:
    output: /work/frasergen/3D/work/shaojie/script/HiC/lpsn_hic_prepare/231062-02_sbuffalo/00.ref/work.sh
    jobid: 1
    resources: tmpdir=/tmp

[Fri Mar 15 11:22:33 2024]
rule qc:
    output: /work/frasergen/3D/work/shaojie/script/HiC/lpsn_hic_prepare/231062-02_sbuffalo/02.qc/Delta-abrB-1_qc.sh
    jobid: 3
    wildcards: sample=Delta-abrB-1
    resources: tmpdir=/tmp

[Fri Mar 15 11:22:33 2024]
rule qc:
    output: /work/frasergen/3D/work/shaojie/script/HiC/lpsn_hic_prepare/231062-02_sbuffalo/02.qc/Bs168-1_qc.sh
    jobid: 5
    wildcards: sample=Bs168-1
    resources: tmpdir=/tmp

[Fri Mar 15 11:22:33 2024]
rule RNA:
    output: /work/frasergen/3D/work/shaojie/script/HiC/lpsn_hic_prepare/231062-02_sbuffalo/04.RNA/work.sh
    jobid: 7
    resources: tmpdir=/tmp

touch /work/frasergen/3D/work/shaojie/script/HiC/lpsn_hic_prepare/231062-02_sbuffalo/04.RNA/work.sh

[Fri Mar 15 11:22:33 2024]
rule HiC:
    output: /work/frasergen/3D/work/shaojie/script/HiC/lpsn_hic_prepare/231062-02_sbuffalo/05.HiC/work.sh, /work/frasergen/3D/work/shaojie/script/HiC/lpsn_hic_prepare/231062-02_sbuffalo/05.HiC/report.sh
    jobid: 9
    resources: tmpdir=/tmp

[Fri Mar 15 11:22:34 2024]
Finished job 7.
1 of 11 steps (9%) done
[Fri Mar 15 11:23:46 2024]
Finished job 8.
2 of 11 steps (18%) done
[Fri Mar 15 11:23:46 2024]
Finished job 6.
3 of 11 steps (27%) done
[Fri Mar 15 11:23:46 2024]
Finished job 5.
4 of 11 steps (36%) done
[Fri Mar 15 11:23:46 2024]
Finished job 3.
5 of 11 steps (45%) done
[Fri Mar 15 11:23:46 2024]
Finished job 1.
6 of 11 steps (55%) done
[Fri Mar 15 11:23:46 2024]
Finished job 4.
7 of 11 steps (64%) done
[Fri Mar 15 11:23:46 2024]
Finished job 2.
8 of 11 steps (73%) done
Shutting down, this might take some time.
Exiting because a job execution failed. Look above for error message
Complete log: /work/frasergen/3D/work/shaojie/script/HiC/lpsn_hic_prepare/.snakemake/log/2024-03-15T112152.014190.snakemake.log
