Building DAG of jobs...
Using shell: /usr/bin/bash
Provided cores: 10
Rules claiming more threads will be scaled down.
Job stats:
job       count    min threads    max threads
------  -------  -------------  -------------
HiC           1              1              1
RNA           1              1              1
all           1              1              1
enrich        1              1              1
qc            1              1              1
yaml          1              1              1
total         6              1              1


[Fri Mar 15 09:44:59 2024]
rule RNA:
    output: /work/frasergen/3D/work/shaojie/script/HiC/lpsn_hic_prepare/231062-02_sbuffalo/04.RNA/work.sh
    jobid: 4
    resources: tmpdir=/tmp

RuleException in line 129 of /work/frasergen/3D/work/shaojie/script/HiC/lpsn_hic_prepare/hic_pre.snake.py:
NameError: The name '*output' is unknown in this context. Please make sure that you defined that variable. Also note that braces not used for variable access have to be escaped by repeating them, i.e. {{print $1}}
