Building DAG of jobs...
Using shell: /usr/bin/bash
Provided cores: 10
Rules claiming more threads will be scaled down.
Job stats:
job            count    min threads    max threads
-----------  -------  -------------  -------------
HiC                1              1              1
RNA                1              1              1
all                1              1              1
enrich             1              1              1
hic_yaml           1              1              1
qc                 4              1              1
rawdata            1              1              1
ref                1              1              1
report_yaml        1              1              1
total             12              1              1


[Sat Mar 16 11:00:54 2024]
rule hic_yaml:
    output: /work/frasergen/3D/work/shaojie/script/HiC/lpsn_hic_prepare/231062-02_sbuffalo/05.HiC/conf.yaml
    jobid: 10
    resources: tmpdir=/tmp

[Sat Mar 16 11:00:54 2024]
rule rawdata:
    output: /work/frasergen/3D/work/shaojie/script/HiC/lpsn_hic_prepare/231062-02_sbuffalo/01.rawdata/work.sh
    jobid: 2
    resources: tmpdir=/tmp

[Sat Mar 16 11:00:54 2024]
rule qc:
    output: /work/frasergen/3D/work/shaojie/script/HiC/lpsn_hic_prepare/231062-02_sbuffalo/02.qc/Delta-abrB-1_qc.sh
    jobid: 3
    wildcards: sample=Delta-abrB-1
    resources: tmpdir=/tmp

[Sat Mar 16 11:00:54 2024]
rule qc:
    output: /work/frasergen/3D/work/shaojie/script/HiC/lpsn_hic_prepare/231062-02_sbuffalo/02.qc/Bs168-1_qc.sh
    jobid: 5
    wildcards: sample=Bs168-1
    resources: tmpdir=/tmp

[Sat Mar 16 11:00:54 2024]
rule RNA:
    output: /work/frasergen/3D/work/shaojie/script/HiC/lpsn_hic_prepare/231062-02_sbuffalo/04.RNA/work.sh
    jobid: 7
    resources: tmpdir=/tmp

touch /work/frasergen/3D/work/shaojie/script/HiC/lpsn_hic_prepare/231062-02_sbuffalo/04.RNA/work.sh

[Sat Mar 16 11:00:55 2024]
rule HiC:
    output: /work/frasergen/3D/work/shaojie/script/HiC/lpsn_hic_prepare/231062-02_sbuffalo/05.HiC/work.sh, /work/frasergen/3D/work/shaojie/script/HiC/lpsn_hic_prepare/231062-02_sbuffalo/05.HiC/report.sh
    jobid: 9
    resources: tmpdir=/tmp

[Sat Mar 16 11:00:55 2024]
rule report_yaml:
    output: /work/frasergen/3D/work/shaojie/script/HiC/lpsn_hic_prepare/231062-02_sbuffalo/05.HiC/report.yaml
    jobid: 11
    resources: tmpdir=/tmp

[Sat Mar 16 11:00:55 2024]
rule ref:
    output: /work/frasergen/3D/work/shaojie/script/HiC/lpsn_hic_prepare/231062-02_sbuffalo/00.ref/work.sh
    jobid: 1
    resources: tmpdir=/tmp

[Sat Mar 16 11:00:55 2024]
rule qc:
    output: /work/frasergen/3D/work/shaojie/script/HiC/lpsn_hic_prepare/231062-02_sbuffalo/02.qc/Delta-abrB-2_qc.sh
    jobid: 4
    wildcards: sample=Delta-abrB-2
    resources: tmpdir=/tmp

[Sat Mar 16 11:00:55 2024]
rule qc:
    output: /work/frasergen/3D/work/shaojie/script/HiC/lpsn_hic_prepare/231062-02_sbuffalo/02.qc/Bs168-2_qc.sh
    jobid: 6
    wildcards: sample=Bs168-2
    resources: tmpdir=/tmp

[Sat Mar 16 11:00:55 2024]
Finished job 7.
1 of 12 steps (8%) done

[Sat Mar 16 11:00:55 2024]
rule enrich:
    output: /work/frasergen/3D/work/shaojie/script/HiC/lpsn_hic_prepare/231062-02_sbuffalo/03.enrich/work.sh
    jobid: 8
    resources: tmpdir=/tmp

[Sat Mar 16 11:01:03 2024]
Finished job 3.
2 of 12 steps (17%) done
[Sat Mar 16 11:01:03 2024]
Finished job 2.
3 of 12 steps (25%) done
[Sat Mar 16 11:01:03 2024]
Finished job 8.
4 of 12 steps (33%) done
[Sat Mar 16 11:01:04 2024]
Finished job 6.
5 of 12 steps (42%) done
[Sat Mar 16 11:01:04 2024]
Finished job 11.
6 of 12 steps (50%) done
[Sat Mar 16 11:01:04 2024]
Finished job 5.
7 of 12 steps (58%) done
[Sat Mar 16 11:01:04 2024]
Finished job 4.
8 of 12 steps (67%) done
[Sat Mar 16 11:01:04 2024]
Finished job 9.
9 of 12 steps (75%) done
[Sat Mar 16 11:01:04 2024]
Finished job 10.
10 of 12 steps (83%) done
[Sat Mar 16 11:01:04 2024]
Finished job 1.
11 of 12 steps (92%) done

[Sat Mar 16 11:01:04 2024]
localrule all:
    input: /work/frasergen/3D/work/shaojie/script/HiC/lpsn_hic_prepare/231062-02_sbuffalo/00.ref/work.sh, /work/frasergen/3D/work/shaojie/script/HiC/lpsn_hic_prepare/231062-02_sbuffalo/01.rawdata/work.sh, /work/frasergen/3D/work/shaojie/script/HiC/lpsn_hic_prepare/231062-02_sbuffalo/02.qc/Delta-abrB-1_qc.sh, /work/frasergen/3D/work/shaojie/script/HiC/lpsn_hic_prepare/231062-02_sbuffalo/02.qc/Delta-abrB-2_qc.sh, /work/frasergen/3D/work/shaojie/script/HiC/lpsn_hic_prepare/231062-02_sbuffalo/02.qc/Bs168-1_qc.sh, /work/frasergen/3D/work/shaojie/script/HiC/lpsn_hic_prepare/231062-02_sbuffalo/02.qc/Bs168-2_qc.sh, /work/frasergen/3D/work/shaojie/script/HiC/lpsn_hic_prepare/231062-02_sbuffalo/04.RNA/work.sh, /work/frasergen/3D/work/shaojie/script/HiC/lpsn_hic_prepare/231062-02_sbuffalo/03.enrich/work.sh, /work/frasergen/3D/work/shaojie/script/HiC/lpsn_hic_prepare/231062-02_sbuffalo/05.HiC/work.sh, /work/frasergen/3D/work/shaojie/script/HiC/lpsn_hic_prepare/231062-02_sbuffalo/05.HiC/report.sh, /work/frasergen/3D/work/shaojie/script/HiC/lpsn_hic_prepare/231062-02_sbuffalo/05.HiC/conf.yaml, /work/frasergen/3D/work/shaojie/script/HiC/lpsn_hic_prepare/231062-02_sbuffalo/05.HiC/report.yaml
    jobid: 0
    resources: tmpdir=/tmp

[Sat Mar 16 11:01:04 2024]
Finished job 0.
12 of 12 steps (100%) done
Complete log: /work/frasergen/3D/work/shaojie/script/HiC/lpsn_hic_prepare/.snakemake/log/2024-03-16T110048.375019.snakemake.log
