Building DAG of jobs...
Using shell: /usr/bin/bash
Provided cores: 1 (use --cores to define parallelism)
Rules claiming more threads will be scaled down.
Job stats:
job            count    min threads    max threads
-----------  -------  -------------  -------------
HiC                1              1              1
RNA                1              1              1
all                1              1              1
enrich             1              1              1
hic_yaml           1              1              1
qc                 3              1              1
rawdata            1              1              1
ref                1              1              1
report_yaml        1              1              1
total             11              1              1


[Thu Jul 18 01:31:22 2024]
rule enrich:
    output: /work/frasergen/backup/3d/project/Interactome/240137_YanDanBaoJun_20240425/06.personal/analysis_HiC_plasmid_20240717/240137_YanDanBaoJun_20240425/03.enrich/work.sh
    jobid: 7
    resources: tmpdir=/tmp

[Thu Jul 18 01:31:39 2024]
Finished job 7.
1 of 11 steps (9%) done

[Thu Jul 18 01:31:39 2024]
rule hic_yaml:
    output: /work/frasergen/backup/3d/project/Interactome/240137_YanDanBaoJun_20240425/06.personal/analysis_HiC_plasmid_20240717/240137_YanDanBaoJun_20240425/05.HiC/conf.yaml
    jobid: 9
    resources: tmpdir=/tmp

[Thu Jul 18 01:31:56 2024]
Finished job 9.
2 of 11 steps (18%) done

[Thu Jul 18 01:31:56 2024]
rule report_yaml:
    output: /work/frasergen/backup/3d/project/Interactome/240137_YanDanBaoJun_20240425/06.personal/analysis_HiC_plasmid_20240717/240137_YanDanBaoJun_20240425/05.HiC/report.yaml
    jobid: 10
    resources: tmpdir=/tmp

[Thu Jul 18 01:32:13 2024]
Finished job 10.
3 of 11 steps (27%) done

[Thu Jul 18 01:32:13 2024]
rule ref:
    output: /work/frasergen/backup/3d/project/Interactome/240137_YanDanBaoJun_20240425/06.personal/analysis_HiC_plasmid_20240717/240137_YanDanBaoJun_20240425/00.ref/work.sh
    jobid: 1
    resources: tmpdir=/tmp

[Thu Jul 18 01:32:30 2024]
Finished job 1.
4 of 11 steps (36%) done

[Thu Jul 18 01:32:30 2024]
rule qc:
    output: /work/frasergen/backup/3d/project/Interactome/240137_YanDanBaoJun_20240425/06.personal/analysis_HiC_plasmid_20240717/240137_YanDanBaoJun_20240425/02.qc/TD_60MM6h_qc.sh
    jobid: 4
    wildcards: sample=TD_60MM6h
    resources: tmpdir=/tmp

[Thu Jul 18 01:32:47 2024]
Finished job 4.
5 of 11 steps (45%) done

[Thu Jul 18 01:32:47 2024]
rule RNA:
    output: /work/frasergen/backup/3d/project/Interactome/240137_YanDanBaoJun_20240425/06.personal/analysis_HiC_plasmid_20240717/240137_YanDanBaoJun_20240425/04.RNA/work.sh, /work/frasergen/backup/3d/project/Interactome/240137_YanDanBaoJun_20240425/06.personal/analysis_HiC_plasmid_20240717/240137_YanDanBaoJun_20240425/04.RNA/01.genome_gene_express/work.sh, /work/frasergen/backup/3d/project/Interactome/240137_YanDanBaoJun_20240425/06.personal/analysis_HiC_plasmid_20240717/240137_YanDanBaoJun_20240425/04.RNA/02.diff_gene_express/work.sh, /work/frasergen/backup/3d/project/Interactome/240137_YanDanBaoJun_20240425/06.personal/analysis_HiC_plasmid_20240717/240137_YanDanBaoJun_20240425/04.RNA/03.BAM_2_coverage/work.sh
    jobid: 6
    resources: tmpdir=/tmp

[Thu Jul 18 01:33:04 2024]
Finished job 6.
6 of 11 steps (55%) done

[Thu Jul 18 01:33:04 2024]
rule HiC:
    output: /work/frasergen/backup/3d/project/Interactome/240137_YanDanBaoJun_20240425/06.personal/analysis_HiC_plasmid_20240717/240137_YanDanBaoJun_20240425/05.HiC/work.sh, /work/frasergen/backup/3d/project/Interactome/240137_YanDanBaoJun_20240425/06.personal/analysis_HiC_plasmid_20240717/240137_YanDanBaoJun_20240425/05.HiC/report.sh
    jobid: 8
    resources: tmpdir=/tmp

[Thu Jul 18 01:33:21 2024]
Finished job 8.
7 of 11 steps (64%) done

[Thu Jul 18 01:33:21 2024]
rule rawdata:
    output: /work/frasergen/backup/3d/project/Interactome/240137_YanDanBaoJun_20240425/06.personal/analysis_HiC_plasmid_20240717/240137_YanDanBaoJun_20240425/01.rawdata/work.sh
    jobid: 2
    resources: tmpdir=/tmp

[Thu Jul 18 01:33:38 2024]
Finished job 2.
8 of 11 steps (73%) done

[Thu Jul 18 01:33:38 2024]
rule qc:
    output: /work/frasergen/backup/3d/project/Interactome/240137_YanDanBaoJun_20240425/06.personal/analysis_HiC_plasmid_20240717/240137_YanDanBaoJun_20240425/02.qc/TD_MM6h_qc.sh
    jobid: 3
    wildcards: sample=TD_MM6h
    resources: tmpdir=/tmp

[Thu Jul 18 01:33:55 2024]
Finished job 3.
9 of 11 steps (82%) done

[Thu Jul 18 01:33:55 2024]
rule qc:
    output: /work/frasergen/backup/3d/project/Interactome/240137_YanDanBaoJun_20240425/06.personal/analysis_HiC_plasmid_20240717/240137_YanDanBaoJun_20240425/02.qc/TD_60MM12h_qc.sh
    jobid: 5
    wildcards: sample=TD_60MM12h
    resources: tmpdir=/tmp

[Thu Jul 18 01:34:12 2024]
Finished job 5.
10 of 11 steps (91%) done

[Thu Jul 18 01:34:12 2024]
localrule all:
    input: /work/frasergen/backup/3d/project/Interactome/240137_YanDanBaoJun_20240425/06.personal/analysis_HiC_plasmid_20240717/240137_YanDanBaoJun_20240425/00.ref/work.sh, /work/frasergen/backup/3d/project/Interactome/240137_YanDanBaoJun_20240425/06.personal/analysis_HiC_plasmid_20240717/240137_YanDanBaoJun_20240425/01.rawdata/work.sh, /work/frasergen/backup/3d/project/Interactome/240137_YanDanBaoJun_20240425/06.personal/analysis_HiC_plasmid_20240717/240137_YanDanBaoJun_20240425/02.qc/TD_MM6h_qc.sh, /work/frasergen/backup/3d/project/Interactome/240137_YanDanBaoJun_20240425/06.personal/analysis_HiC_plasmid_20240717/240137_YanDanBaoJun_20240425/02.qc/TD_60MM6h_qc.sh, /work/frasergen/backup/3d/project/Interactome/240137_YanDanBaoJun_20240425/06.personal/analysis_HiC_plasmid_20240717/240137_YanDanBaoJun_20240425/02.qc/TD_60MM12h_qc.sh, /work/frasergen/backup/3d/project/Interactome/240137_YanDanBaoJun_20240425/06.personal/analysis_HiC_plasmid_20240717/240137_YanDanBaoJun_20240425/04.RNA/work.sh, /work/frasergen/backup/3d/project/Interactome/240137_YanDanBaoJun_20240425/06.personal/analysis_HiC_plasmid_20240717/240137_YanDanBaoJun_20240425/03.enrich/work.sh, /work/frasergen/backup/3d/project/Interactome/240137_YanDanBaoJun_20240425/06.personal/analysis_HiC_plasmid_20240717/240137_YanDanBaoJun_20240425/05.HiC/report.sh, /work/frasergen/backup/3d/project/Interactome/240137_YanDanBaoJun_20240425/06.personal/analysis_HiC_plasmid_20240717/240137_YanDanBaoJun_20240425/05.HiC/conf.yaml, /work/frasergen/backup/3d/project/Interactome/240137_YanDanBaoJun_20240425/06.personal/analysis_HiC_plasmid_20240717/240137_YanDanBaoJun_20240425/05.HiC/report.yaml
    jobid: 0
    resources: tmpdir=/tmp

[Thu Jul 18 01:34:12 2024]
Finished job 0.
11 of 11 steps (100%) done
Complete log: /work/frasergen/3D/work/shaojie/script/HiC/lpsn_hic_prepare/.snakemake/log/2024-07-18T013059.074643.snakemake.log
