Building DAG of jobs...
Using shell: /usr/bin/bash
Provided cores: 10
Rules claiming more threads will be scaled down.
Job stats:
job           count    min threads    max threads
----------  -------  -------------  -------------
all               1              1              1
enrich_sh         1              1              1
qc_sh             3              1              1
rawdata_sh        3              1              1
ref               1              1              1
ref_sh            1              1              1
total            10              1              1


[Sun Apr 28 10:17:32 2024]
rule rawdata_sh:
    input: /work/frasergen/3D/work/shaojie/script/HiC/lpsn_hic_prepare/240137_YanDanBaoJun_20240425/01.rawdata/work.sh
    output: /work/frasergen/3D/work/shaojie/script/HiC/lpsn_hic_prepare/240137_YanDanBaoJun_20240425/01.rawdata/TD_60MM6h_2.fq.gz
    jobid: 15
    wildcards: sample=TD_60MM6h
    resources: tmpdir=/tmp

cd /work/frasergen/3D/work/shaojie/script/HiC/lpsn_hic_prepare/240137_YanDanBaoJun_20240425/01.rawdata && bash work.sh

[Sun Apr 28 10:17:32 2024]
rule ref:
    output: /work/frasergen/3D/work/shaojie/script/HiC/lpsn_hic_prepare/240137_YanDanBaoJun_20240425/00.ref/work.sh
    jobid: 1
    resources: tmpdir=/tmp

[Sun Apr 28 10:17:32 2024]
rule rawdata_sh:
    input: /work/frasergen/3D/work/shaojie/script/HiC/lpsn_hic_prepare/240137_YanDanBaoJun_20240425/01.rawdata/work.sh
    output: /work/frasergen/3D/work/shaojie/script/HiC/lpsn_hic_prepare/240137_YanDanBaoJun_20240425/01.rawdata/TD_60MM12h_2.fq.gz
    jobid: 17
    wildcards: sample=TD_60MM12h
    resources: tmpdir=/tmp

cd /work/frasergen/3D/work/shaojie/script/HiC/lpsn_hic_prepare/240137_YanDanBaoJun_20240425/01.rawdata && bash work.sh

[Sun Apr 28 10:17:32 2024]
rule rawdata_sh:
    input: /work/frasergen/3D/work/shaojie/script/HiC/lpsn_hic_prepare/240137_YanDanBaoJun_20240425/01.rawdata/work.sh
    output: /work/frasergen/3D/work/shaojie/script/HiC/lpsn_hic_prepare/240137_YanDanBaoJun_20240425/01.rawdata/TD_MM6h_2.fq.gz
    jobid: 13
    wildcards: sample=TD_MM6h
    resources: tmpdir=/tmp

cd /work/frasergen/3D/work/shaojie/script/HiC/lpsn_hic_prepare/240137_YanDanBaoJun_20240425/01.rawdata && bash work.sh
Waiting at most 5 seconds for missing files.
MissingOutputException in line 115 of /work/frasergen/3D/work/shaojie/script/HiC/lpsn_hic_prepare/hic_pre.snake.py:
Job Missing files after 5 seconds:
/work/frasergen/3D/work/shaojie/script/HiC/lpsn_hic_prepare/240137_YanDanBaoJun_20240425/01.rawdata/TD_60MM6h_2.fq.gz
This might be due to filesystem latency. If that is the case, consider to increase the wait time with --latency-wait.
Job id: 15 completed successfully, but some output files are missing. 15
Waiting at most 5 seconds for missing files.
MissingOutputException in line 115 of /work/frasergen/3D/work/shaojie/script/HiC/lpsn_hic_prepare/hic_pre.snake.py:
Job Missing files after 5 seconds:
/work/frasergen/3D/work/shaojie/script/HiC/lpsn_hic_prepare/240137_YanDanBaoJun_20240425/01.rawdata/TD_60MM12h_2.fq.gz
This might be due to filesystem latency. If that is the case, consider to increase the wait time with --latency-wait.
Job id: 17 completed successfully, but some output files are missing. 17
Waiting at most 5 seconds for missing files.
MissingOutputException in line 115 of /work/frasergen/3D/work/shaojie/script/HiC/lpsn_hic_prepare/hic_pre.snake.py:
Job Missing files after 5 seconds:
/work/frasergen/3D/work/shaojie/script/HiC/lpsn_hic_prepare/240137_YanDanBaoJun_20240425/01.rawdata/TD_MM6h_2.fq.gz
This might be due to filesystem latency. If that is the case, consider to increase the wait time with --latency-wait.
Job id: 13 completed successfully, but some output files are missing. 13
[Sun Apr 28 10:17:48 2024]
Finished job 1.
1 of 10 steps (10%) done
Shutting down, this might take some time.
Exiting because a job execution failed. Look above for error message
Complete log: /work/frasergen/3D/work/shaojie/script/HiC/lpsn_hic_prepare/.snakemake/log/2024-04-28T101722.949011.snakemake.log
