Building DAG of jobs...
Using shell: /usr/bin/bash
Provided cores: 10
Rules claiming more threads will be scaled down.
Job stats:
job        count    min threads    max threads
-------  -------  -------------  -------------
all            1              1              1
rawdata        1              1              1
total          2              1              1


[Thu Mar 14 16:27:17 2024]
rule rawdata:
    output: /work/frasergen/3D/work/shaojie/script/HiC/lpsn_hic_prepare/231062-02_sbuffalo/01.rawdata/work.sh
    jobid: 2
    resources: tmpdir=/tmp

[Thu Mar 14 16:27:26 2024]
Finished job 2.
1 of 2 steps (50%) done

[Thu Mar 14 16:27:26 2024]
localrule all:
    input: /work/frasergen/3D/work/shaojie/script/HiC/lpsn_hic_prepare/231062-02_sbuffalo/00.ref/work.sh, /work/frasergen/3D/work/shaojie/script/HiC/lpsn_hic_prepare/231062-02_sbuffalo/01.rawdata/work.sh
    jobid: 0
    resources: tmpdir=/tmp

[Thu Mar 14 16:27:26 2024]
Finished job 0.
2 of 2 steps (100%) done
Complete log: /work/frasergen/3D/work/shaojie/script/HiC/lpsn_hic_prepare/.snakemake/log/2024-03-14T162710.301602.snakemake.log
