Building DAG of jobs...
Using shell: /usr/bin/bash
Provided cores: 10
Rules claiming more threads will be scaled down.
Job stats:
job      count    min threads    max threads
-----  -------  -------------  -------------
RNA          1              1              1
all          1              1              1
total        2              1              1


[Sun Apr 28 10:26:23 2024]
rule RNA:
    output: /work/frasergen/3D/work/shaojie/script/HiC/lpsn_hic_prepare/240137_YanDanBaoJun_20240425/04.RNA/work.sh, /work/frasergen/3D/work/shaojie/script/HiC/lpsn_hic_prepare/240137_YanDanBaoJun_20240425/04.RNA/01.genome_gene_express/work.sh, /work/frasergen/3D/work/shaojie/script/HiC/lpsn_hic_prepare/240137_YanDanBaoJun_20240425/04.RNA/02.diff_gene_express/work.sh, /work/frasergen/3D/work/shaojie/script/HiC/lpsn_hic_prepare/240137_YanDanBaoJun_20240425/04.RNA/03.BAM_2_coverage/work.sh
    jobid: 6
    resources: tmpdir=/tmp

[Sun Apr 28 10:26:31 2024]
Finished job 6.
1 of 2 steps (50%) done

[Sun Apr 28 10:26:31 2024]
localrule all:
    input: /work/frasergen/3D/work/shaojie/script/HiC/lpsn_hic_prepare/240137_YanDanBaoJun_20240425/00.ref/work.sh, /work/frasergen/3D/work/shaojie/script/HiC/lpsn_hic_prepare/240137_YanDanBaoJun_20240425/01.rawdata/work.sh, /work/frasergen/3D/work/shaojie/script/HiC/lpsn_hic_prepare/240137_YanDanBaoJun_20240425/02.qc/TD_MM6h_qc.sh, /work/frasergen/3D/work/shaojie/script/HiC/lpsn_hic_prepare/240137_YanDanBaoJun_20240425/02.qc/TD_60MM6h_qc.sh, /work/frasergen/3D/work/shaojie/script/HiC/lpsn_hic_prepare/240137_YanDanBaoJun_20240425/02.qc/TD_60MM12h_qc.sh, /work/frasergen/3D/work/shaojie/script/HiC/lpsn_hic_prepare/240137_YanDanBaoJun_20240425/04.RNA/work.sh, /work/frasergen/3D/work/shaojie/script/HiC/lpsn_hic_prepare/240137_YanDanBaoJun_20240425/03.enrich/work.sh, /work/frasergen/3D/work/shaojie/script/HiC/lpsn_hic_prepare/240137_YanDanBaoJun_20240425/05.HiC/report.sh, /work/frasergen/3D/work/shaojie/script/HiC/lpsn_hic_prepare/240137_YanDanBaoJun_20240425/05.HiC/conf.yaml, /work/frasergen/3D/work/shaojie/script/HiC/lpsn_hic_prepare/240137_YanDanBaoJun_20240425/05.HiC/report.yaml
    jobid: 0
    resources: tmpdir=/tmp

[Sun Apr 28 10:26:31 2024]
Finished job 0.
2 of 2 steps (100%) done
Complete log: /work/frasergen/3D/work/shaojie/script/HiC/lpsn_hic_prepare/.snakemake/log/2024-04-28T102616.320825.snakemake.log
