Building DAG of jobs...
Using shell: /usr/bin/bash
Provided cores: 10
Rules claiming more threads will be scaled down.
Job stats:
job       count    min threads    max threads
------  -------  -------------  -------------
HiC           1              1              1
all           1              1              1
enrich        1              1              1
qc            4              1              1
yaml          1              1              1
total         8              1              1


[Fri Mar 15 11:10:43 2024]
rule qc:
    output: /work/frasergen/3D/work/shaojie/script/HiC/lpsn_hic_prepare/231062-02_sbuffalo/02.qc/Delta-abrB-2_qc.sh
    jobid: 4
    wildcards: sample=Delta-abrB-2
    resources: tmpdir=/tmp

[Fri Mar 15 11:10:43 2024]
rule qc:
    output: /work/frasergen/3D/work/shaojie/script/HiC/lpsn_hic_prepare/231062-02_sbuffalo/02.qc/Bs168-2_qc.sh
    jobid: 6
    wildcards: sample=Bs168-2
    resources: tmpdir=/tmp

[Fri Mar 15 11:10:43 2024]
rule enrich:
    output: /work/frasergen/3D/work/shaojie/script/HiC/lpsn_hic_prepare/231062-02_sbuffalo/03.enrich/work.sh
    jobid: 8
    resources: tmpdir=/tmp

[Fri Mar 15 11:10:43 2024]
rule yaml:
    output: /work/frasergen/3D/work/shaojie/script/HiC/lpsn_hic_prepare/231062-02_sbuffalo/05.HiC/conf.yaml, /work/frasergen/3D/work/shaojie/script/HiC/lpsn_hic_prepare/231062-02_sbuffalo/05.HiC/report.yaml
    jobid: 10
    resources: tmpdir=/tmp

[Fri Mar 15 11:10:43 2024]
rule qc:
    output: /work/frasergen/3D/work/shaojie/script/HiC/lpsn_hic_prepare/231062-02_sbuffalo/02.qc/Delta-abrB-1_qc.sh
    jobid: 3
    wildcards: sample=Delta-abrB-1
    resources: tmpdir=/tmp

[Fri Mar 15 11:10:43 2024]
rule qc:
    output: /work/frasergen/3D/work/shaojie/script/HiC/lpsn_hic_prepare/231062-02_sbuffalo/02.qc/Bs168-1_qc.sh
    jobid: 5
    wildcards: sample=Bs168-1
    resources: tmpdir=/tmp

[Fri Mar 15 11:10:43 2024]
rule HiC:
    output: /work/frasergen/3D/work/shaojie/script/HiC/lpsn_hic_prepare/231062-02_sbuffalo/05.HiC/work.sh, /work/frasergen/3D/work/shaojie/script/HiC/lpsn_hic_prepare/231062-02_sbuffalo/05.HiC/report.sh
    jobid: 9
    resources: tmpdir=/tmp

[Fri Mar 15 11:11:17 2024]
Finished job 6.
1 of 8 steps (12%) done
[Fri Mar 15 11:11:17 2024]
Finished job 4.
2 of 8 steps (25%) done
[Fri Mar 15 11:11:17 2024]
Finished job 5.
3 of 8 steps (38%) done
[Fri Mar 15 11:11:17 2024]
Finished job 3.
4 of 8 steps (50%) done
[Fri Mar 15 11:11:17 2024]
Finished job 8.
5 of 8 steps (62%) done
Shutting down, this might take some time.
Exiting because a job execution failed. Look above for error message
Complete log: /work/frasergen/3D/work/shaojie/script/HiC/lpsn_hic_prepare/.snakemake/log/2024-03-15T111008.747779.snakemake.log
