Building DAG of jobs...
Using shell: /usr/bin/bash
Provided cores: 1 (use --cores to define parallelism)
Rules claiming more threads will be scaled down.
Job stats:
job            count    min threads    max threads
-----------  -------  -------------  -------------
HiC                1              1              1
RNA                1              1              1
all                1              1              1
enrich             1              1              1
hic_yaml           1              1              1
qc                 1              1              1
rawdata            1              1              1
ref                1              1              1
report_yaml        1              1              1
total              9              1              1


[Tue Dec 31 09:05:34 2024]
rule HiC:
    output: /work/frasergen/backup/3d/project/Interactome/242467_nnj_yelvti_20241231/05.HiC/work.sh, /work/frasergen/backup/3d/project/Interactome/242467_nnj_yelvti_20241231/05.HiC/report.sh
    jobid: 6
    resources: tmpdir=/tmp

[Tue Dec 31 09:05:47 2024]
Finished job 6.
1 of 9 steps (11%) done

[Tue Dec 31 09:05:47 2024]
rule report_yaml:
    output: /work/frasergen/backup/3d/project/Interactome/242467_nnj_yelvti_20241231/05.HiC/report.yaml
    jobid: 8
    resources: tmpdir=/tmp

[Tue Dec 31 09:06:01 2024]
Finished job 8.
2 of 9 steps (22%) done

[Tue Dec 31 09:06:01 2024]
rule rawdata:
    output: /work/frasergen/backup/3d/project/Interactome/242467_nnj_yelvti_20241231/01.rawdata/work.sh
    jobid: 2
    resources: tmpdir=/tmp

[Tue Dec 31 09:06:16 2024]
Finished job 2.
3 of 9 steps (33%) done

[Tue Dec 31 09:06:16 2024]
rule qc:
    output: /work/frasergen/backup/3d/project/Interactome/242467_nnj_yelvti_20241231/02.qc/WT-1_qc.sh
    jobid: 3
    wildcards: sample=WT-1
    resources: tmpdir=/tmp

[Tue Dec 31 09:06:33 2024]
Finished job 3.
4 of 9 steps (44%) done

[Tue Dec 31 09:06:33 2024]
rule hic_yaml:
    output: /work/frasergen/backup/3d/project/Interactome/242467_nnj_yelvti_20241231/05.HiC/conf.yaml
    jobid: 7
    resources: tmpdir=/tmp

[Tue Dec 31 09:06:50 2024]
Finished job 7.
5 of 9 steps (56%) done

[Tue Dec 31 09:06:50 2024]
rule ref:
    output: /work/frasergen/backup/3d/project/Interactome/242467_nnj_yelvti_20241231/00.ref/work.sh
    jobid: 1
    resources: tmpdir=/tmp

[Tue Dec 31 09:07:07 2024]
Finished job 1.
6 of 9 steps (67%) done

[Tue Dec 31 09:07:07 2024]
rule RNA:
    output: /work/frasergen/backup/3d/project/Interactome/242467_nnj_yelvti_20241231/04.RNA/work.sh, /work/frasergen/backup/3d/project/Interactome/242467_nnj_yelvti_20241231/04.RNA/01.genome_gene_express/work.sh, /work/frasergen/backup/3d/project/Interactome/242467_nnj_yelvti_20241231/04.RNA/02.diff_gene_express/work.sh, /work/frasergen/backup/3d/project/Interactome/242467_nnj_yelvti_20241231/04.RNA/03.BAM_2_coverage/work.sh
    jobid: 4
    resources: tmpdir=/tmp

[Tue Dec 31 09:07:21 2024]
Finished job 4.
7 of 9 steps (78%) done

[Tue Dec 31 09:07:21 2024]
rule enrich:
    output: /work/frasergen/backup/3d/project/Interactome/242467_nnj_yelvti_20241231/03.enrich/work.sh
    jobid: 5
    resources: tmpdir=/tmp

[Tue Dec 31 09:07:35 2024]
Finished job 5.
8 of 9 steps (89%) done

[Tue Dec 31 09:07:35 2024]
localrule all:
    input: /work/frasergen/backup/3d/project/Interactome/242467_nnj_yelvti_20241231/00.ref/work.sh, /work/frasergen/backup/3d/project/Interactome/242467_nnj_yelvti_20241231/01.rawdata/work.sh, /work/frasergen/backup/3d/project/Interactome/242467_nnj_yelvti_20241231/02.qc/WT-1_qc.sh, /work/frasergen/backup/3d/project/Interactome/242467_nnj_yelvti_20241231/04.RNA/work.sh, /work/frasergen/backup/3d/project/Interactome/242467_nnj_yelvti_20241231/03.enrich/work.sh, /work/frasergen/backup/3d/project/Interactome/242467_nnj_yelvti_20241231/05.HiC/report.sh, /work/frasergen/backup/3d/project/Interactome/242467_nnj_yelvti_20241231/05.HiC/conf.yaml, /work/frasergen/backup/3d/project/Interactome/242467_nnj_yelvti_20241231/05.HiC/report.yaml
    jobid: 0
    resources: tmpdir=/tmp

[Tue Dec 31 09:07:35 2024]
Finished job 0.
9 of 9 steps (100%) done
Complete log: /work/frasergen/3D/work/shaojie/script/HiC/lpsn_hic_prepare/.snakemake/log/2024-12-31T090516.277582.snakemake.log
