Building DAG of jobs...
Using shell: /usr/bin/bash
Provided cores: 1 (use --cores to define parallelism)
Rules claiming more threads will be scaled down.
Job stats:
job        count    min threads    max threads
-------  -------  -------------  -------------
all            1              1              1
deg            1              1              1
rna_bam        2              1              1
total          4              1              1


[Wed Jan 22 11:24:54 2025]
rule deg:
    input: /work/frasergen/3D/work/shaojie/script/HiC/lpsn_hic_prepare/genome_gene.bed
    output: /work/frasergen/3D/work/shaojie/script/HiC/lpsn_hic_prepare/02.diff_gene_express/RT0-vs-RT48.gene.LogFC, /work/frasergen/3D/work/shaojie/script/HiC/lpsn_hic_prepare/02.diff_gene_express/RT0-vs-RT48.WashU.gene.LogFC
    jobid: 4
    wildcards: diff=RT0-vs-RT48
    resources: tmpdir=/tmp

Shutting down, this might take some time.
Exiting because a job execution failed. Look above for error message
Complete log: /work/frasergen/3D/work/shaojie/script/HiC/lpsn_hic_prepare/.snakemake/log/2025-01-22T112442.045509.snakemake.log
