Building DAG of jobs...
Using shell: /usr/bin/bash
Provided cores: 1 (use --cores to define parallelism)
Rules claiming more threads will be scaled down.
Job stats:
job      count    min threads    max threads
-----  -------  -------------  -------------
all          1              1              1
deg          1              1              1
total        2              1              1


[Wed Jan 22 22:51:12 2025]
rule deg:
    input: /work/frasergen/backup/3d/project/Interactome/241791_lanxijun_20241121/04.RNA/whfs-xs-241791_Result/04.diff/diff/RT0-vs-RT48.total.DEG.xls, /work/frasergen/3D/work/shaojie/script/HiC/lpsn_hic_prepare/RNA/genome_gene.bed
    output: /work/frasergen/3D/work/shaojie/script/HiC/lpsn_hic_prepare/RNA/02.diff_gene_express/HT0.minus.HT48.gene.LogFC, /work/frasergen/3D/work/shaojie/script/HiC/lpsn_hic_prepare/RNA/02.diff_gene_express/HT0.minus.HT48.WashU.gene.LogFC
    jobid: 3
    wildcards: diff=HT0.minus.HT48
    resources: tmpdir=/tmp

[Wed Jan 22 22:51:31 2025]
Finished job 3.
1 of 2 steps (50%) done

[Wed Jan 22 22:51:31 2025]
localrule all:
    input: /work/frasergen/3D/work/shaojie/script/HiC/lpsn_hic_prepare/RNA/01.genome_gene_express/work.sh, /work/frasergen/3D/work/shaojie/script/HiC/lpsn_hic_prepare/RNA/02.diff_gene_express/HT0.minus.HT48.WashU.gene.LogFC, /work/frasergen/3D/work/shaojie/script/HiC/lpsn_hic_prepare/RNA/03.BAM_2_coverage/RT0-1.sort.SiteDepth.gz, /work/frasergen/3D/work/shaojie/script/HiC/lpsn_hic_prepare/RNA/03.BAM_2_coverage/RT0-2.sort.SiteDepth.gz, /work/frasergen/3D/work/shaojie/script/HiC/lpsn_hic_prepare/RNA/03.BAM_2_coverage/RT48-1.sort.SiteDepth.gz, /work/frasergen/3D/work/shaojie/script/HiC/lpsn_hic_prepare/RNA/03.BAM_2_coverage/RT48-2.sort.SiteDepth.gz, /work/frasergen/3D/work/shaojie/script/HiC/lpsn_hic_prepare/RNA/03.BAM_2_coverage/HT48.fill, /work/frasergen/3D/work/shaojie/script/HiC/lpsn_hic_prepare/RNA/03.BAM_2_coverage/HT0.fill
    jobid: 0
    resources: tmpdir=/tmp

[Wed Jan 22 22:51:31 2025]
Finished job 0.
2 of 2 steps (100%) done
Complete log: /work/frasergen/3D/work/shaojie/script/HiC/lpsn_hic_prepare/.snakemake/log/2025-01-22T225100.710748.snakemake.log
