Building DAG of jobs...
Using shell: /usr/bin/bash
Provided cores: 1 (use --cores to define parallelism)
Rules claiming more threads will be scaled down.
Job stats:
job      count    min threads    max threads
-----  -------  -------------  -------------
all          1              1              1
deg          1              1              1
total        2              1              1


[Wed Jan 22 09:12:11 2025]
rule deg:
    input: /work/frasergen/3D/work/shaojie/script/HiC/lpsn_hic_prepare/genome_gene.bed
    output: /work/frasergen/3D/work/shaojie/script/HiC/lpsn_hic_prepare/02.diff_gene_express/CapHiC-test.minus.CapHiC-control.gene.LogFC, /work/frasergen/3D/work/shaojie/script/HiC/lpsn_hic_prepare/02.diff_gene_express/CapHiC-test.minus.CapHiC-control.WashU.gene.LogFC
    jobid: 4
    wildcards: diff=CapHiC-test.minus.CapHiC-control
    resources: tmpdir=/tmp

[Wed Jan 22 09:12:31 2025]
Finished job 4.
1 of 2 steps (50%) done

[Wed Jan 22 09:12:31 2025]
localrule all:
    input: /work/frasergen/3D/work/shaojie/script/HiC/lpsn_hic_prepare/01.genome_gene_express/HT48.fpkm4washu, /work/frasergen/3D/work/shaojie/script/HiC/lpsn_hic_prepare/01.genome_gene_express/HT0.fpkm4washu, /work/frasergen/3D/work/shaojie/script/HiC/lpsn_hic_prepare/02.diff_gene_express/CapHiC-test.minus.CapHiC-control.WashU.gene.LogFC
    jobid: 0
    resources: tmpdir=/tmp

[Wed Jan 22 09:12:31 2025]
Finished job 0.
2 of 2 steps (100%) done
Complete log: /work/frasergen/3D/work/shaojie/script/HiC/lpsn_hic_prepare/.snakemake/log/2025-01-22T091154.157604.snakemake.log
