Building DAG of jobs...
Using shell: /usr/bin/bash
Provided cores: 1 (use --cores to define parallelism)
Rules claiming more threads will be scaled down.
Job stats:
job          count    min threads    max threads
---------  -------  -------------  -------------
all              1              1              1
deg              1              1              1
fpkm             1              1              1
gbed             1              1              1
rna_bam          4              1              1
rna_depth        2              1              1
total           10              1              1


[Wed Jan 22 22:08:40 2025]
rule rna_bam:
    input: /public/frasergen/backup/rna/data_storage/whfs-xs-241791/whfs-xs-241791_bam_20250121/RT0-2.sort.bam
    output: /work/frasergen/3D/work/shaojie/script/HiC/lpsn_hic_prepare/RNA/03.BAM_2_coverage/RT0-2.sort.SiteDepth.gz
    jobid: 5
    wildcards: depth=/work/frasergen/3D/work/shaojie/script/HiC/lpsn_hic_prepare/RNA/03.BAM_2_coverage/RT0-2.sort.SiteDepth.gz
    resources: tmpdir=/tmp

[Wed Jan 22 22:09:16 2025]
Finished job 5.
1 of 10 steps (10%) done

[Wed Jan 22 22:09:16 2025]
rule rna_bam:
    input: /public/frasergen/backup/rna/data_storage/whfs-xs-241791/whfs-xs-241791_bam_20250121/RT0-1.sort.bam
    output: /work/frasergen/3D/work/shaojie/script/HiC/lpsn_hic_prepare/RNA/03.BAM_2_coverage/RT0-1.sort.SiteDepth.gz
    jobid: 4
    wildcards: depth=/work/frasergen/3D/work/shaojie/script/HiC/lpsn_hic_prepare/RNA/03.BAM_2_coverage/RT0-1.sort.SiteDepth.gz
    resources: tmpdir=/tmp

[Wed Jan 22 22:09:52 2025]
Finished job 4.
2 of 10 steps (20%) done

[Wed Jan 22 22:09:52 2025]
rule rna_bam:
    input: /public/frasergen/backup/rna/data_storage/whfs-xs-241791/whfs-xs-241791_bam_20250121/RT48-1.sort.bam
    output: /work/frasergen/3D/work/shaojie/script/HiC/lpsn_hic_prepare/RNA/03.BAM_2_coverage/RT48-1.sort.SiteDepth.gz
    jobid: 6
    wildcards: depth=/work/frasergen/3D/work/shaojie/script/HiC/lpsn_hic_prepare/RNA/03.BAM_2_coverage/RT48-1.sort.SiteDepth.gz
    resources: tmpdir=/tmp

[Wed Jan 22 22:10:24 2025]
Finished job 6.
3 of 10 steps (30%) done

[Wed Jan 22 22:10:24 2025]
rule rna_bam:
    input: /public/frasergen/backup/rna/data_storage/whfs-xs-241791/whfs-xs-241791_bam_20250121/RT48-2.sort.bam
    output: /work/frasergen/3D/work/shaojie/script/HiC/lpsn_hic_prepare/RNA/03.BAM_2_coverage/RT48-2.sort.SiteDepth.gz
    jobid: 7
    wildcards: depth=/work/frasergen/3D/work/shaojie/script/HiC/lpsn_hic_prepare/RNA/03.BAM_2_coverage/RT48-2.sort.SiteDepth.gz
    resources: tmpdir=/tmp

[Wed Jan 22 22:10:56 2025]
Finished job 7.
4 of 10 steps (40%) done

[Wed Jan 22 22:10:56 2025]
rule gbed:
    input: /work/frasergen/backup/3d/project/Interactome/241791_lanxijun_20241121/05.HiC/01.ref/Chlorogloeopsis_fritschii.bed
    output: /work/frasergen/3D/work/shaojie/script/HiC/lpsn_hic_prepare/RNA/genome_gene.bed
    jobid: 2
    resources: tmpdir=/tmp

[Wed Jan 22 22:11:25 2025]
Finished job 2.
5 of 10 steps (50%) done

[Wed Jan 22 22:11:25 2025]
rule fpkm:
    input: /work/frasergen/backup/3d/project/Interactome/241791_lanxijun_20241121/04.RNA/whfs-xs-241791_Result/03.exp/isoforms_rpkm.matrix.xls, /work/frasergen/3D/work/shaojie/script/HiC/lpsn_hic_prepare/RNA/genome_gene.bed
    output: /work/frasergen/3D/work/shaojie/script/HiC/lpsn_hic_prepare/RNA/01.genome_gene_express/HT48.fpkm, /work/frasergen/3D/work/shaojie/script/HiC/lpsn_hic_prepare/RNA/01.genome_gene_express/HT0.fpkm, /work/frasergen/3D/work/shaojie/script/HiC/lpsn_hic_prepare/RNA/01.genome_gene_express/HT48.fpkm4washu, /work/frasergen/3D/work/shaojie/script/HiC/lpsn_hic_prepare/RNA/01.genome_gene_express/HT0.fpkm4washu
    jobid: 1
    resources: tmpdir=/tmp

Shutting down, this might take some time.
Exiting because a job execution failed. Look above for error message
Complete log: /work/frasergen/3D/work/shaojie/script/HiC/lpsn_hic_prepare/.snakemake/log/2025-01-22T220827.940482.snakemake.log
