Building DAG of jobs...
Using shell: /usr/bin/bash
Provided cores: 1 (use --cores to define parallelism)
Rules claiming more threads will be scaled down.
Job stats:
job      count    min threads    max threads
-----  -------  -------------  -------------
all          1              1              1
deg          1              1              1
fpkm         2              1              1
gbed         1              1              1
total        5              1              1


[Wed Jan 22 08:53:28 2025]
rule gbed:
    input: /work/frasergen/backup/3d/project/Interactome/241791_lanxijun_20241121/05.HiC/01.ref/Chlorogloeopsis_fritschii.bed
    output: /work/frasergen/3D/work/shaojie/script/HiC/lpsn_hic_prepare/genome_gene.bed
    jobid: 2
    resources: tmpdir=/tmp

[Wed Jan 22 08:53:44 2025]
Finished job 2.
1 of 5 steps (20%) done

[Wed Jan 22 08:53:44 2025]
rule fpkm:
    input: /work/frasergen/backup/3d/project/Interactome/241791_lanxijun_20241121/04.RNA/whfs-xs-241791_Result/03.exp/isoforms_rpkm.matrix.xls, /work/frasergen/3D/work/shaojie/script/HiC/lpsn_hic_prepare/genome_gene.bed
    output: /work/frasergen/3D/work/shaojie/script/HiC/lpsn_hic_prepare/01.genome_gene_express/HT48.fpkm, /work/frasergen/3D/work/shaojie/script/HiC/lpsn_hic_prepare/01.genome_gene_express/HT48.fpkm4washu
    jobid: 1
    wildcards: spl=HT48
    resources: tmpdir=/tmp

[Wed Jan 22 08:54:04 2025]
Finished job 1.
2 of 5 steps (40%) done

[Wed Jan 22 08:54:04 2025]
rule fpkm:
    input: /work/frasergen/backup/3d/project/Interactome/241791_lanxijun_20241121/04.RNA/whfs-xs-241791_Result/03.exp/isoforms_rpkm.matrix.xls, /work/frasergen/3D/work/shaojie/script/HiC/lpsn_hic_prepare/genome_gene.bed
    output: /work/frasergen/3D/work/shaojie/script/HiC/lpsn_hic_prepare/01.genome_gene_express/HT0.fpkm, /work/frasergen/3D/work/shaojie/script/HiC/lpsn_hic_prepare/01.genome_gene_express/HT0.fpkm4washu
    jobid: 3
    wildcards: spl=HT0
    resources: tmpdir=/tmp

[Wed Jan 22 08:54:23 2025]
Finished job 3.
3 of 5 steps (60%) done

[Wed Jan 22 08:54:23 2025]
rule deg:
    input: /work/frasergen/3D/work/shaojie/script/HiC/lpsn_hic_prepare/genome_gene.bed
    output: /work/frasergen/3D/work/shaojie/script/HiC/lpsn_hic_prepare/02.diff_gene_express/CapHiC-test.minus.CapHiC-control.gene.LogFC, /work/frasergen/3D/work/shaojie/script/HiC/lpsn_hic_prepare/02.diff_gene_express/CapHiC-test.minus.CapHiC-control.WashU.gene.LogFC
    jobid: 4
    wildcards: diff=CapHiC-test.minus.CapHiC-control
    resources: tmpdir=/tmp

Shutting down, this might take some time.
Exiting because a job execution failed. Look above for error message
Complete log: /work/frasergen/3D/work/shaojie/script/HiC/lpsn_hic_prepare/.snakemake/log/2025-01-22T085315.892417.snakemake.log
