Building DAG of jobs...
Using shell: /usr/bin/bash
Provided cores: 1 (use --cores to define parallelism)
Rules claiming more threads will be scaled down.
Job stats:
job      count    min threads    max threads
-----  -------  -------------  -------------
all          1              1              1
deg          1              1              1
total        2              1              1


[Wed Jan 22 22:48:52 2025]
rule deg:
    input: /work/frasergen/backup/3d/project/Interactome/241791_lanxijun_20241121/04.RNA/whfs-xs-241791_Result/04.diff/diff/RT0-vs-RT48.total.DEG.xls, /work/frasergen/3D/work/shaojie/script/HiC/lpsn_hic_prepare/RNA/genome_gene.bed
    output: /work/frasergen/3D/work/shaojie/script/HiC/lpsn_hic_prepare/RNA/02.diff_gene_express/HT0.minus.HT48.gene.LogFC, /work/frasergen/3D/work/shaojie/script/HiC/lpsn_hic_prepare/RNA/02.diff_gene_express/HT0.minus.HT48.WashU.gene.LogFC
    jobid: 3
    wildcards: diff=HT0.minus.HT48
    resources: tmpdir=/tmp

Shutting down, this might take some time.
Exiting because a job execution failed. Look above for error message
Complete log: /work/frasergen/3D/work/shaojie/script/HiC/lpsn_hic_prepare/.snakemake/log/2025-01-22T224839.940569.snakemake.log
