Building DAG of jobs...
File path /work/frasergen/3D/work/shaojie/script/HiC/lpsn_hic_prepare/03.BAM_2_coverage//public/frasergen/backup/rna/data_storage/whfs-xs-241791/whfs-xs-241791_bam_20250121/RT0-1.sort.bam.SiteDepth.gz contains double '/'. This is likely unintended. It can also lead to inconsistent results of the file-matching approach used by Snakemake.
File path /work/frasergen/3D/work/shaojie/script/HiC/lpsn_hic_prepare/03.BAM_2_coverage//public/frasergen/backup/rna/data_storage/whfs-xs-241791/whfs-xs-241791_bam_20250121/RT0-2.sort.bam.SiteDepth.gz contains double '/'. This is likely unintended. It can also lead to inconsistent results of the file-matching approach used by Snakemake.
File path /work/frasergen/3D/work/shaojie/script/HiC/lpsn_hic_prepare/03.BAM_2_coverage//public/frasergen/backup/rna/data_storage/whfs-xs-241791/whfs-xs-241791_bam_20250121/RT48-1.sort.bam.SiteDepth.gz contains double '/'. This is likely unintended. It can also lead to inconsistent results of the file-matching approach used by Snakemake.
File path /work/frasergen/3D/work/shaojie/script/HiC/lpsn_hic_prepare/03.BAM_2_coverage//public/frasergen/backup/rna/data_storage/whfs-xs-241791/whfs-xs-241791_bam_20250121/RT48-2.sort.bam.SiteDepth.gz contains double '/'. This is likely unintended. It can also lead to inconsistent results of the file-matching approach used by Snakemake.
File path /work/frasergen/3D/work/shaojie/script/HiC/lpsn_hic_prepare/03.BAM_2_coverage//public/frasergen/backup/rna/data_storage/whfs-xs-241791/whfs-xs-241791_bam_20250121/RT0-1.sort.bam.SiteDepth.gz contains double '/'. This is likely unintended. It can also lead to inconsistent results of the file-matching approach used by Snakemake.
File path /work/frasergen/3D/work/shaojie/script/HiC/lpsn_hic_prepare/03.BAM_2_coverage//public/frasergen/backup/rna/data_storage/whfs-xs-241791/whfs-xs-241791_bam_20250121/RT0-2.sort.bam.SiteDepth.gz contains double '/'. This is likely unintended. It can also lead to inconsistent results of the file-matching approach used by Snakemake.
File path /work/frasergen/3D/work/shaojie/script/HiC/lpsn_hic_prepare/03.BAM_2_coverage//public/frasergen/backup/rna/data_storage/whfs-xs-241791/whfs-xs-241791_bam_20250121/RT48-1.sort.bam.SiteDepth.gz contains double '/'. This is likely unintended. It can also lead to inconsistent results of the file-matching approach used by Snakemake.
File path /work/frasergen/3D/work/shaojie/script/HiC/lpsn_hic_prepare/03.BAM_2_coverage//public/frasergen/backup/rna/data_storage/whfs-xs-241791/whfs-xs-241791_bam_20250121/RT48-2.sort.bam.SiteDepth.gz contains double '/'. This is likely unintended. It can also lead to inconsistent results of the file-matching approach used by Snakemake.
Using shell: /usr/bin/bash
Provided cores: 1 (use --cores to define parallelism)
Rules claiming more threads will be scaled down.
Job stats:
job        count    min threads    max threads
-------  -------  -------------  -------------
all            1              1              1
rna_bam        4              1              1
total          5              1              1


[Wed Jan 22 14:56:52 2025]
rule rna_bam:
    input: /public/frasergen/backup/rna/data_storage/whfs-xs-241791/whfs-xs-241791_bam_20250121/RT0-2.sort.bam
    output: /work/frasergen/3D/work/shaojie/script/HiC/lpsn_hic_prepare/03.BAM_2_coverage//public/frasergen/backup/rna/data_storage/whfs-xs-241791/whfs-xs-241791_bam_20250121/RT0-2.sort.bam.SiteDepth.gz
    jobid: 6
    wildcards: bam=/public/frasergen/backup/rna/data_storage/whfs-xs-241791/whfs-xs-241791_bam_20250121/RT0-2.sort.bam
    resources: tmpdir=/tmp

Terminating processes on user request, this might take some time.
