Building DAG of jobs...
Using shell: /usr/bin/bash
Provided cores: 1 (use --cores to define parallelism)
Rules claiming more threads will be scaled down.
Job stats:
job          count    min threads    max threads
---------  -------  -------------  -------------
all              1              1              1
deg              1              1              1
fpkm             1              1              1
rna_depth        2              1              1
total            5              1              1


[Wed Jan 22 22:56:42 2025]
rule rna_depth:
    input: /work/frasergen/3D/work/shaojie/script/HiC/lpsn_hic_prepare/RNA/03.BAM_2_coverage/RT0-2.sort.SiteDepth.gz, /work/frasergen/3D/work/shaojie/script/HiC/lpsn_hic_prepare/RNA/03.BAM_2_coverage/RT0-1.sort.SiteDepth.gz
    output: /work/frasergen/3D/work/shaojie/script/HiC/lpsn_hic_prepare/RNA/03.BAM_2_coverage/HT0.fill
    jobid: 9
    wildcards: spl=HT0
    resources: tmpdir=/tmp

[Wed Jan 22 22:57:30 2025]
Finished job 9.
1 of 5 steps (20%) done

[Wed Jan 22 22:57:30 2025]
rule rna_depth:
    input: /work/frasergen/3D/work/shaojie/script/HiC/lpsn_hic_prepare/RNA/03.BAM_2_coverage/RT48-1.sort.SiteDepth.gz, /work/frasergen/3D/work/shaojie/script/HiC/lpsn_hic_prepare/RNA/03.BAM_2_coverage/RT48-2.sort.SiteDepth.gz
    output: /work/frasergen/3D/work/shaojie/script/HiC/lpsn_hic_prepare/RNA/03.BAM_2_coverage/HT48.fill
    jobid: 8
    wildcards: spl=HT48
    resources: tmpdir=/tmp

[Wed Jan 22 22:58:19 2025]
Finished job 8.
2 of 5 steps (40%) done

[Wed Jan 22 22:58:19 2025]
rule fpkm:
    input: /work/frasergen/backup/3d/project/Interactome/241791_lanxijun_20241121/04.RNA/whfs-xs-241791_Result/03.exp/isoforms_rpkm.matrix.xls, /work/frasergen/3D/work/shaojie/script/HiC/lpsn_hic_prepare/RNA/genome_gene.bed
    output: /work/frasergen/3D/work/shaojie/script/HiC/lpsn_hic_prepare/RNA/01.genome_gene_express/work.sh
    jobid: 1
    resources: tmpdir=/tmp

Shutting down, this might take some time.
Exiting because a job execution failed. Look above for error message
Complete log: /work/frasergen/3D/work/shaojie/script/HiC/lpsn_hic_prepare/.snakemake/log/2025-01-22T225630.025384.snakemake.log
