Building DAG of jobs...
Using shell: /usr/bin/bash
Provided cores: 1 (use --cores to define parallelism)
Rules claiming more threads will be scaled down.
Job stats:
job      count    min threads    max threads
-----  -------  -------------  -------------
all          1              1              1
deg          1              1              1
fpkm         1              1              1
total        3              1              1


[Wed Jan 22 22:24:04 2025]
rule fpkm:
    input: /work/frasergen/backup/3d/project/Interactome/241791_lanxijun_20241121/04.RNA/whfs-xs-241791_Result/03.exp/isoforms_rpkm.matrix.xls, /work/frasergen/3D/work/shaojie/script/HiC/lpsn_hic_prepare/RNA/genome_gene.bed
    output: /work/frasergen/3D/work/shaojie/script/HiC/lpsn_hic_prepare/RNA/01.genome_gene_express/HT48.fpkm, /work/frasergen/3D/work/shaojie/script/HiC/lpsn_hic_prepare/RNA/01.genome_gene_express/HT0.fpkm, /work/frasergen/3D/work/shaojie/script/HiC/lpsn_hic_prepare/RNA/01.genome_gene_express/HT48.fpkm4washu, /work/frasergen/3D/work/shaojie/script/HiC/lpsn_hic_prepare/RNA/01.genome_gene_express/HT0.fpkm4washu
    jobid: 1
    resources: tmpdir=/tmp

Shutting down, this might take some time.
Exiting because a job execution failed. Look above for error message
Complete log: /work/frasergen/3D/work/shaojie/script/HiC/lpsn_hic_prepare/.snakemake/log/2025-01-22T222352.692958.snakemake.log
