Building DAG of jobs...
Using shell: /usr/bin/bash
Provided cores: 1 (use --cores to define parallelism)
Rules claiming more threads will be scaled down.
Job stats:
job          count    min threads    max threads
---------  -------  -------------  -------------
all              1              1              1
deg              1              1              1
fpkm             1              1              1
gbed             1              1              1
rna_bam          4              1              1
rna_depth        2              1              1
total           10              1              1


[Wed Jan 22 23:01:09 2025]
rule rna_bam:
    input: /public/frasergen/backup/rna/data_storage/whfs-xs-241791/whfs-xs-241791_bam_20250121/RT0-2.sort.bam
    output: /work/frasergen/3D/work/shaojie/script/HiC/lpsn_hic_prepare/RNA/03.BAM_2_coverage/RT0-2.sort.SiteDepth.gz
    jobid: 5
    wildcards: depth=/work/frasergen/3D/work/shaojie/script/HiC/lpsn_hic_prepare/RNA/03.BAM_2_coverage/RT0-2.sort.SiteDepth.gz
    resources: tmpdir=/tmp

[Wed Jan 22 23:01:47 2025]
Finished job 5.
1 of 10 steps (10%) done

[Wed Jan 22 23:01:47 2025]
rule rna_bam:
    input: /public/frasergen/backup/rna/data_storage/whfs-xs-241791/whfs-xs-241791_bam_20250121/RT0-1.sort.bam
    output: /work/frasergen/3D/work/shaojie/script/HiC/lpsn_hic_prepare/RNA/03.BAM_2_coverage/RT0-1.sort.SiteDepth.gz
    jobid: 4
    wildcards: depth=/work/frasergen/3D/work/shaojie/script/HiC/lpsn_hic_prepare/RNA/03.BAM_2_coverage/RT0-1.sort.SiteDepth.gz
    resources: tmpdir=/tmp

[Wed Jan 22 23:02:22 2025]
Finished job 4.
2 of 10 steps (20%) done

[Wed Jan 22 23:02:22 2025]
rule rna_bam:
    input: /public/frasergen/backup/rna/data_storage/whfs-xs-241791/whfs-xs-241791_bam_20250121/RT48-1.sort.bam
    output: /work/frasergen/3D/work/shaojie/script/HiC/lpsn_hic_prepare/RNA/03.BAM_2_coverage/RT48-1.sort.SiteDepth.gz
    jobid: 6
    wildcards: depth=/work/frasergen/3D/work/shaojie/script/HiC/lpsn_hic_prepare/RNA/03.BAM_2_coverage/RT48-1.sort.SiteDepth.gz
    resources: tmpdir=/tmp

[Wed Jan 22 23:02:56 2025]
Finished job 6.
3 of 10 steps (30%) done

[Wed Jan 22 23:02:56 2025]
rule rna_bam:
    input: /public/frasergen/backup/rna/data_storage/whfs-xs-241791/whfs-xs-241791_bam_20250121/RT48-2.sort.bam
    output: /work/frasergen/3D/work/shaojie/script/HiC/lpsn_hic_prepare/RNA/03.BAM_2_coverage/RT48-2.sort.SiteDepth.gz
    jobid: 7
    wildcards: depth=/work/frasergen/3D/work/shaojie/script/HiC/lpsn_hic_prepare/RNA/03.BAM_2_coverage/RT48-2.sort.SiteDepth.gz
    resources: tmpdir=/tmp

[Wed Jan 22 23:03:28 2025]
Finished job 7.
4 of 10 steps (40%) done

[Wed Jan 22 23:03:28 2025]
rule gbed:
    input: /work/frasergen/backup/3d/project/Interactome/241791_lanxijun_20241121/05.HiC/01.ref/Chlorogloeopsis_fritschii.bed
    output: /work/frasergen/3D/work/shaojie/script/HiC/lpsn_hic_prepare/RNA/genome_gene.bed
    jobid: 2
    resources: tmpdir=/tmp

[Wed Jan 22 23:03:46 2025]
Finished job 2.
5 of 10 steps (50%) done

[Wed Jan 22 23:03:46 2025]
rule fpkm:
    input: /work/frasergen/backup/3d/project/Interactome/241791_lanxijun_20241121/04.RNA/whfs-xs-241791_Result/03.exp/isoforms_rpkm.matrix.xls, /work/frasergen/3D/work/shaojie/script/HiC/lpsn_hic_prepare/RNA/genome_gene.bed
    output: /work/frasergen/3D/work/shaojie/script/HiC/lpsn_hic_prepare/RNA/01.genome_gene_express/work.sh
    jobid: 1
    resources: tmpdir=/tmp

[Wed Jan 22 23:04:07 2025]
Finished job 1.
6 of 10 steps (60%) done

[Wed Jan 22 23:04:07 2025]
rule deg:
    input: /work/frasergen/backup/3d/project/Interactome/241791_lanxijun_20241121/04.RNA/whfs-xs-241791_Result/04.diff/diff/RT0-vs-RT48.total.DEG.xls, /work/frasergen/3D/work/shaojie/script/HiC/lpsn_hic_prepare/RNA/genome_gene.bed
    output: /work/frasergen/3D/work/shaojie/script/HiC/lpsn_hic_prepare/RNA/02.diff_gene_express/HT0.minus.HT48.gene.LogFC, /work/frasergen/3D/work/shaojie/script/HiC/lpsn_hic_prepare/RNA/02.diff_gene_express/HT0.minus.HT48.WashU.gene.LogFC
    jobid: 3
    wildcards: diff=HT0.minus.HT48
    resources: tmpdir=/tmp

[Wed Jan 22 23:04:26 2025]
Finished job 3.
7 of 10 steps (70%) done

[Wed Jan 22 23:04:26 2025]
rule rna_depth:
    output: /work/frasergen/3D/work/shaojie/script/HiC/lpsn_hic_prepare/RNA/03.BAM_2_coverage/HT0.fill
    jobid: 9
    wildcards: spl=HT0
    resources: tmpdir=/tmp

[Wed Jan 22 23:05:14 2025]
Finished job 9.
8 of 10 steps (80%) done

[Wed Jan 22 23:05:14 2025]
rule rna_depth:
    output: /work/frasergen/3D/work/shaojie/script/HiC/lpsn_hic_prepare/RNA/03.BAM_2_coverage/HT48.fill
    jobid: 8
    wildcards: spl=HT48
    resources: tmpdir=/tmp

[Wed Jan 22 23:06:02 2025]
Finished job 8.
9 of 10 steps (90%) done

[Wed Jan 22 23:06:02 2025]
localrule all:
    input: /work/frasergen/3D/work/shaojie/script/HiC/lpsn_hic_prepare/RNA/01.genome_gene_express/work.sh, /work/frasergen/3D/work/shaojie/script/HiC/lpsn_hic_prepare/RNA/02.diff_gene_express/HT0.minus.HT48.WashU.gene.LogFC, /work/frasergen/3D/work/shaojie/script/HiC/lpsn_hic_prepare/RNA/03.BAM_2_coverage/RT0-1.sort.SiteDepth.gz, /work/frasergen/3D/work/shaojie/script/HiC/lpsn_hic_prepare/RNA/03.BAM_2_coverage/RT0-2.sort.SiteDepth.gz, /work/frasergen/3D/work/shaojie/script/HiC/lpsn_hic_prepare/RNA/03.BAM_2_coverage/RT48-1.sort.SiteDepth.gz, /work/frasergen/3D/work/shaojie/script/HiC/lpsn_hic_prepare/RNA/03.BAM_2_coverage/RT48-2.sort.SiteDepth.gz, /work/frasergen/3D/work/shaojie/script/HiC/lpsn_hic_prepare/RNA/03.BAM_2_coverage/HT48.fill, /work/frasergen/3D/work/shaojie/script/HiC/lpsn_hic_prepare/RNA/03.BAM_2_coverage/HT0.fill
    jobid: 0
    resources: tmpdir=/tmp

[Wed Jan 22 23:06:02 2025]
Finished job 0.
10 of 10 steps (100%) done
Complete log: /work/frasergen/3D/work/shaojie/script/HiC/lpsn_hic_prepare/.snakemake/log/2025-01-22T230055.690959.snakemake.log
