Building DAG of jobs...
Using shell: /usr/bin/bash
Provided cluster nodes: 10
Job stats:
job      count    min threads    max threads
-----  -------  -------------  -------------
all          1              1              1
gif          3              1              1
mp4          3              1              1
png         72              1              1
total       79              1              1


[Wed Apr 24 15:44:29 2024]
rule png:
    input: /work/frasergen/3D/work/shaojie/script/HiC/3d_model/analysis20240419_3D_model/03.gif/AA/pmls/gif16.pml
    output: /work/frasergen/3D/work/shaojie/script/HiC/3d_model/analysis20240419_3D_model/03.gif/AA/pngs/fig_16.png
    jobid: 121
    wildcards: sample=AA, batch=16
    resources: tmpdir=/tmp

Submitted job 121 with external jobid 'Submitted batch job 7178160'.

[Wed Apr 24 15:44:29 2024]
rule png:
    input: /work/frasergen/3D/work/shaojie/script/HiC/3d_model/analysis20240419_3D_model/03.gif/AA/pmls/gif19.pml
    output: /work/frasergen/3D/work/shaojie/script/HiC/3d_model/analysis20240419_3D_model/03.gif/AA/pngs/fig_19.png
    jobid: 124
    wildcards: sample=AA, batch=19
    resources: tmpdir=/tmp

Submitted job 124 with external jobid 'Submitted batch job 7178161'.

[Wed Apr 24 15:44:30 2024]
rule png:
    input: /work/frasergen/3D/work/shaojie/script/HiC/3d_model/analysis20240419_3D_model/03.gif/AA/pmls/gif5.pml
    output: /work/frasergen/3D/work/shaojie/script/HiC/3d_model/analysis20240419_3D_model/03.gif/AA/pngs/fig_5.png
    jobid: 110
    wildcards: sample=AA, batch=5
    resources: tmpdir=/tmp

Submitted job 110 with external jobid 'Submitted batch job 7178162'.

[Wed Apr 24 15:44:30 2024]
rule png:
    input: /work/frasergen/3D/work/shaojie/script/HiC/3d_model/analysis20240419_3D_model/03.gif/AA/pmls/gif7.pml
    output: /work/frasergen/3D/work/shaojie/script/HiC/3d_model/analysis20240419_3D_model/03.gif/AA/pngs/fig_7.png
    jobid: 112
    wildcards: sample=AA, batch=7
    resources: tmpdir=/tmp

Submitted job 112 with external jobid 'Submitted batch job 7178163'.

[Wed Apr 24 15:44:30 2024]
rule png:
    input: /work/frasergen/3D/work/shaojie/script/HiC/3d_model/analysis20240419_3D_model/03.gif/AA/pmls/gif21.pml
    output: /work/frasergen/3D/work/shaojie/script/HiC/3d_model/analysis20240419_3D_model/03.gif/AA/pngs/fig_21.png
    jobid: 126
    wildcards: sample=AA, batch=21
    resources: tmpdir=/tmp

Submitted job 126 with external jobid 'Submitted batch job 7178164'.

[Wed Apr 24 15:44:30 2024]
rule png:
    input: /work/frasergen/3D/work/shaojie/script/HiC/3d_model/analysis20240419_3D_model/03.gif/AA/pmls/gif9.pml
    output: /work/frasergen/3D/work/shaojie/script/HiC/3d_model/analysis20240419_3D_model/03.gif/AA/pngs/fig_9.png
    jobid: 114
    wildcards: sample=AA, batch=9
    resources: tmpdir=/tmp

Submitted job 114 with external jobid 'Submitted batch job 7178165'.

[Wed Apr 24 15:44:30 2024]
rule png:
    input: /work/frasergen/3D/work/shaojie/script/HiC/3d_model/analysis20240419_3D_model/03.gif/AA/pmls/gif6.pml
    output: /work/frasergen/3D/work/shaojie/script/HiC/3d_model/analysis20240419_3D_model/03.gif/AA/pngs/fig_6.png
    jobid: 111
    wildcards: sample=AA, batch=6
    resources: tmpdir=/tmp

Submitted job 111 with external jobid 'Submitted batch job 7178166'.

[Wed Apr 24 15:44:30 2024]
rule png:
    input: /work/frasergen/3D/work/shaojie/script/HiC/3d_model/analysis20240419_3D_model/03.gif/AA/pmls/gif20.pml
    output: /work/frasergen/3D/work/shaojie/script/HiC/3d_model/analysis20240419_3D_model/03.gif/AA/pngs/fig_20.png
    jobid: 125
    wildcards: sample=AA, batch=20
    resources: tmpdir=/tmp

Submitted job 125 with external jobid 'Submitted batch job 7178167'.

[Wed Apr 24 15:44:31 2024]
rule png:
    input: /work/frasergen/3D/work/shaojie/script/HiC/3d_model/analysis20240419_3D_model/03.gif/AA/pmls/gif8.pml
    output: /work/frasergen/3D/work/shaojie/script/HiC/3d_model/analysis20240419_3D_model/03.gif/AA/pngs/fig_8.png
    jobid: 113
    wildcards: sample=AA, batch=8
    resources: tmpdir=/tmp

Submitted job 113 with external jobid 'Submitted batch job 7178168'.

[Wed Apr 24 15:44:31 2024]
rule png:
    input: /work/frasergen/3D/work/shaojie/script/HiC/3d_model/analysis20240419_3D_model/03.gif/AA/pmls/gif22.pml
    output: /work/frasergen/3D/work/shaojie/script/HiC/3d_model/analysis20240419_3D_model/03.gif/AA/pngs/fig_22.png
    jobid: 127
    wildcards: sample=AA, batch=22
    resources: tmpdir=/tmp

Submitted job 127 with external jobid 'Submitted batch job 7178169'.
