Building DAG of jobs...
Using shell: /usr/bin/bash
Provided cluster nodes: 6
Job stats:
job          count    min threads    max threads
---------  -------  -------------  -------------
pml              3              1              1
split_pml        3              1              1
total            6              1              1


[Thu Apr 25 09:41:56 2024]
rule pml:
    input: /work/frasergen/3D/work/shaojie/script/HiC/3d_model/analysis20240419_3D_model/02.3d_model/AG/AG.pdb
    output: /work/frasergen/3D/work/shaojie/script/HiC/3d_model/analysis20240419_3D_model/02.3d_model/AG/AG.pml
    jobid: 70
    wildcards: sample=AG
    resources: tmpdir=/tmp

Submitted job 70 with external jobid 'Submitted batch job 7186934'.

[Thu Apr 25 09:41:56 2024]
rule pml:
    input: /work/frasergen/3D/work/shaojie/script/HiC/3d_model/analysis20240419_3D_model/02.3d_model/AC/AC.pdb
    output: /work/frasergen/3D/work/shaojie/script/HiC/3d_model/analysis20240419_3D_model/02.3d_model/AC/AC.pml
    jobid: 36
    wildcards: sample=AC
    resources: tmpdir=/tmp

Submitted job 36 with external jobid 'Submitted batch job 7186935'.

[Thu Apr 25 09:41:58 2024]
rule pml:
    input: /work/frasergen/3D/work/shaojie/script/HiC/3d_model/analysis20240419_3D_model/02.3d_model/AA/AA.pdb
    output: /work/frasergen/3D/work/shaojie/script/HiC/3d_model/analysis20240419_3D_model/02.3d_model/AA/AA.pml
    jobid: 2
    wildcards: sample=AA
    resources: tmpdir=/tmp

Submitted job 2 with external jobid 'Submitted batch job 7186936'.
[Thu Apr 25 09:42:56 2024]
Finished job 70.
1 of 181 steps (1%) done

[Thu Apr 25 09:42:56 2024]
[Thu Apr 25 09:42:56 2024]
rule split_pml:
    input: /work/frasergen/3D/work/shaojie/script/HiC/3d_model/analysis20240419_3D_model/02.3d_model/AG/AG.pml
    output: /work/frasergen/3D/work/shaojie/script/HiC/3d_model/analysis20240419_3D_model/03.gif/AG/pngs/png.txt, /work/frasergen/3D/work/shaojie/script/HiC/3d_model/analysis20240419_3D_model/03.gif/AG/pmls/gif_001.pml, /work/frasergen/3D/work/shaojie/script/HiC/3d_model/analysis20240419_3D_model/03.gif/AG/pmls/gif_002.pml, /work/frasergen/3D/work/shaojie/script/HiC/3d_model/analysis20240419_3D_model/03.gif/AG/pmls/gif_003.pml, /work/frasergen/3D/work/shaojie/script/HiC/3d_model/analysis20240419_3D_model/03.gif/AG/pmls/gif_004.pml, /work/frasergen/3D/work/shaojie/script/HiC/3d_model/analysis20240419_3D_model/03.gif/AG/pmls/gif_005.pml, /work/frasergen/3D/work/shaojie/script/HiC/3d_model/analysis20240419_3D_model/03.gif/AG/pmls/gif_006.pml, /work/frasergen/3D/work/shaojie/script/HiC/3d_model/analysis20240419_3D_model/03.gif/AG/pmls/gif_007.pml, /work/frasergen/3D/work/shaojie/script/HiC/3d_model/analysis20240419_3D_model/03.gif/AG/pmls/gif_008.pml, /work/frasergen/3D/work/shaojie/script/HiC/3d_model/analysis20240419_3D_model/03.gif/AG/pmls/gif_009.pml, /work/frasergen/3D/work/shaojie/script/HiC/3d_model/analysis20240419_3D_model/03.gif/AG/pmls/gif_010.pml, /work/frasergen/3D/work/shaojie/script/HiC/3d_model/analysis20240419_3D_model/03.gif/AG/pmls/gif_011.pml, /work/frasergen/3D/work/shaojie/script/HiC/3d_model/analysis20240419_3D_model/03.gif/AG/pmls/gif_012.pml, /work/frasergen/3D/work/shaojie/script/HiC/3d_model/analysis20240419_3D_model/03.gif/AG/pmls/gif_013.pml, /work/frasergen/3D/work/shaojie/script/HiC/3d_model/analysis20240419_3D_model/03.gif/AG/pmls/gif_014.pml, /work/frasergen/3D/work/shaojie/script/HiC/3d_model/analysis20240419_3D_model/03.gif/AG/pmls/gif_015.pml, /work/frasergen/3D/work/shaojie/script/HiC/3d_model/analysis20240419_3D_model/03.gif/AG/pmls/gif_016.pml, /work/frasergen/3D/work/shaojie/script/HiC/3d_model/analysis20240419_3D_model/03.gif/AG/pmls/gif_017.pml, /work/frasergen/3D/work/shaojie/script/HiC/3d_model/analysis20240419_3D_model/03.gif/AG/pmls/gif_018.pml, /work/frasergen/3D/work/shaojie/script/HiC/3d_model/analysis20240419_3D_model/03.gif/AG/pmls/gif_019.pml, /work/frasergen/3D/work/shaojie/script/HiC/3d_model/analysis20240419_3D_model/03.gif/AG/pmls/gif_020.pml, /work/frasergen/3D/work/shaojie/script/HiC/3d_model/analysis20240419_3D_model/03.gif/AG/pmls/gif_021.pml, /work/frasergen/3D/work/shaojie/script/HiC/3d_model/analysis20240419_3D_model/03.gif/AG/pmls/gif_022.pml, /work/frasergen/3D/work/shaojie/script/HiC/3d_model/analysis20240419_3D_model/03.gif/AG/pmls/gif_023.pml, /work/frasergen/3D/work/shaojie/script/HiC/3d_model/analysis20240419_3D_model/03.gif/AG/pmls/gif_024.pml
    jobid: 157
    wildcards: sample=AG
    resources: tmpdir=/tmp
Finished job 36.

2 of 181 steps (1%) done
[Thu Apr 25 09:42:56 2024]
Finished job 2.
3 of 181 steps (2%) done
Submitted job 157 with external jobid 'Submitted batch job 7186944'.

[Thu Apr 25 09:42:56 2024]
rule split_pml:
    input: /work/frasergen/3D/work/shaojie/script/HiC/3d_model/analysis20240419_3D_model/02.3d_model/AA/AA.pml
    output: /work/frasergen/3D/work/shaojie/script/HiC/3d_model/analysis20240419_3D_model/03.gif/AA/pngs/png.txt, /work/frasergen/3D/work/shaojie/script/HiC/3d_model/analysis20240419_3D_model/03.gif/AA/pmls/gif_001.pml, /work/frasergen/3D/work/shaojie/script/HiC/3d_model/analysis20240419_3D_model/03.gif/AA/pmls/gif_002.pml, /work/frasergen/3D/work/shaojie/script/HiC/3d_model/analysis20240419_3D_model/03.gif/AA/pmls/gif_003.pml, /work/frasergen/3D/work/shaojie/script/HiC/3d_model/analysis20240419_3D_model/03.gif/AA/pmls/gif_004.pml, /work/frasergen/3D/work/shaojie/script/HiC/3d_model/analysis20240419_3D_model/03.gif/AA/pmls/gif_005.pml, /work/frasergen/3D/work/shaojie/script/HiC/3d_model/analysis20240419_3D_model/03.gif/AA/pmls/gif_006.pml, /work/frasergen/3D/work/shaojie/script/HiC/3d_model/analysis20240419_3D_model/03.gif/AA/pmls/gif_007.pml, /work/frasergen/3D/work/shaojie/script/HiC/3d_model/analysis20240419_3D_model/03.gif/AA/pmls/gif_008.pml, /work/frasergen/3D/work/shaojie/script/HiC/3d_model/analysis20240419_3D_model/03.gif/AA/pmls/gif_009.pml, /work/frasergen/3D/work/shaojie/script/HiC/3d_model/analysis20240419_3D_model/03.gif/AA/pmls/gif_010.pml, /work/frasergen/3D/work/shaojie/script/HiC/3d_model/analysis20240419_3D_model/03.gif/AA/pmls/gif_011.pml, /work/frasergen/3D/work/shaojie/script/HiC/3d_model/analysis20240419_3D_model/03.gif/AA/pmls/gif_012.pml, /work/frasergen/3D/work/shaojie/script/HiC/3d_model/analysis20240419_3D_model/03.gif/AA/pmls/gif_013.pml, /work/frasergen/3D/work/shaojie/script/HiC/3d_model/analysis20240419_3D_model/03.gif/AA/pmls/gif_014.pml, /work/frasergen/3D/work/shaojie/script/HiC/3d_model/analysis20240419_3D_model/03.gif/AA/pmls/gif_015.pml, /work/frasergen/3D/work/shaojie/script/HiC/3d_model/analysis20240419_3D_model/03.gif/AA/pmls/gif_016.pml, /work/frasergen/3D/work/shaojie/script/HiC/3d_model/analysis20240419_3D_model/03.gif/AA/pmls/gif_017.pml, /work/frasergen/3D/work/shaojie/script/HiC/3d_model/analysis20240419_3D_model/03.gif/AA/pmls/gif_018.pml, /work/frasergen/3D/work/shaojie/script/HiC/3d_model/analysis20240419_3D_model/03.gif/AA/pmls/gif_019.pml, /work/frasergen/3D/work/shaojie/script/HiC/3d_model/analysis20240419_3D_model/03.gif/AA/pmls/gif_020.pml, /work/frasergen/3D/work/shaojie/script/HiC/3d_model/analysis20240419_3D_model/03.gif/AA/pmls/gif_021.pml, /work/frasergen/3D/work/shaojie/script/HiC/3d_model/analysis20240419_3D_model/03.gif/AA/pmls/gif_022.pml, /work/frasergen/3D/work/shaojie/script/HiC/3d_model/analysis20240419_3D_model/03.gif/AA/pmls/gif_023.pml, /work/frasergen/3D/work/shaojie/script/HiC/3d_model/analysis20240419_3D_model/03.gif/AA/pmls/gif_024.pml
    jobid: 105
    wildcards: sample=AA
    resources: tmpdir=/tmp

Submitted job 105 with external jobid 'Submitted batch job 7186945'.

[Thu Apr 25 09:42:57 2024]
rule split_pml:
    input: /work/frasergen/3D/work/shaojie/script/HiC/3d_model/analysis20240419_3D_model/02.3d_model/AC/AC.pml
    output: /work/frasergen/3D/work/shaojie/script/HiC/3d_model/analysis20240419_3D_model/03.gif/AC/pngs/png.txt, /work/frasergen/3D/work/shaojie/script/HiC/3d_model/analysis20240419_3D_model/03.gif/AC/pmls/gif_001.pml, /work/frasergen/3D/work/shaojie/script/HiC/3d_model/analysis20240419_3D_model/03.gif/AC/pmls/gif_002.pml, /work/frasergen/3D/work/shaojie/script/HiC/3d_model/analysis20240419_3D_model/03.gif/AC/pmls/gif_003.pml, /work/frasergen/3D/work/shaojie/script/HiC/3d_model/analysis20240419_3D_model/03.gif/AC/pmls/gif_004.pml, /work/frasergen/3D/work/shaojie/script/HiC/3d_model/analysis20240419_3D_model/03.gif/AC/pmls/gif_005.pml, /work/frasergen/3D/work/shaojie/script/HiC/3d_model/analysis20240419_3D_model/03.gif/AC/pmls/gif_006.pml, /work/frasergen/3D/work/shaojie/script/HiC/3d_model/analysis20240419_3D_model/03.gif/AC/pmls/gif_007.pml, /work/frasergen/3D/work/shaojie/script/HiC/3d_model/analysis20240419_3D_model/03.gif/AC/pmls/gif_008.pml, /work/frasergen/3D/work/shaojie/script/HiC/3d_model/analysis20240419_3D_model/03.gif/AC/pmls/gif_009.pml, /work/frasergen/3D/work/shaojie/script/HiC/3d_model/analysis20240419_3D_model/03.gif/AC/pmls/gif_010.pml, /work/frasergen/3D/work/shaojie/script/HiC/3d_model/analysis20240419_3D_model/03.gif/AC/pmls/gif_011.pml, /work/frasergen/3D/work/shaojie/script/HiC/3d_model/analysis20240419_3D_model/03.gif/AC/pmls/gif_012.pml, /work/frasergen/3D/work/shaojie/script/HiC/3d_model/analysis20240419_3D_model/03.gif/AC/pmls/gif_013.pml, /work/frasergen/3D/work/shaojie/script/HiC/3d_model/analysis20240419_3D_model/03.gif/AC/pmls/gif_014.pml, /work/frasergen/3D/work/shaojie/script/HiC/3d_model/analysis20240419_3D_model/03.gif/AC/pmls/gif_015.pml, /work/frasergen/3D/work/shaojie/script/HiC/3d_model/analysis20240419_3D_model/03.gif/AC/pmls/gif_016.pml, /work/frasergen/3D/work/shaojie/script/HiC/3d_model/analysis20240419_3D_model/03.gif/AC/pmls/gif_017.pml, /work/frasergen/3D/work/shaojie/script/HiC/3d_model/analysis20240419_3D_model/03.gif/AC/pmls/gif_018.pml, /work/frasergen/3D/work/shaojie/script/HiC/3d_model/analysis20240419_3D_model/03.gif/AC/pmls/gif_019.pml, /work/frasergen/3D/work/shaojie/script/HiC/3d_model/analysis20240419_3D_model/03.gif/AC/pmls/gif_020.pml, /work/frasergen/3D/work/shaojie/script/HiC/3d_model/analysis20240419_3D_model/03.gif/AC/pmls/gif_021.pml, /work/frasergen/3D/work/shaojie/script/HiC/3d_model/analysis20240419_3D_model/03.gif/AC/pmls/gif_022.pml, /work/frasergen/3D/work/shaojie/script/HiC/3d_model/analysis20240419_3D_model/03.gif/AC/pmls/gif_023.pml, /work/frasergen/3D/work/shaojie/script/HiC/3d_model/analysis20240419_3D_model/03.gif/AC/pmls/gif_024.pml
    jobid: 131
    wildcards: sample=AC
    resources: tmpdir=/tmp

Submitted job 131 with external jobid 'Submitted batch job 7186946'.
[Thu Apr 25 09:43:56 2024]
Error in rule split_pml:
    jobid: 157
    output: /work/frasergen/3D/work/shaojie/script/HiC/3d_model/analysis20240419_3D_model/03.gif/AG/pngs/png.txt, /work/frasergen/3D/work/shaojie/script/HiC/3d_model/analysis20240419_3D_model/03.gif/AG/pmls/gif_001.pml, /work/frasergen/3D/work/shaojie/script/HiC/3d_model/analysis20240419_3D_model/03.gif/AG/pmls/gif_002.pml, /work/frasergen/3D/work/shaojie/script/HiC/3d_model/analysis20240419_3D_model/03.gif/AG/pmls/gif_003.pml, /work/frasergen/3D/work/shaojie/script/HiC/3d_model/analysis20240419_3D_model/03.gif/AG/pmls/gif_004.pml, /work/frasergen/3D/work/shaojie/script/HiC/3d_model/analysis20240419_3D_model/03.gif/AG/pmls/gif_005.pml, /work/frasergen/3D/work/shaojie/script/HiC/3d_model/analysis20240419_3D_model/03.gif/AG/pmls/gif_006.pml, /work/frasergen/3D/work/shaojie/script/HiC/3d_model/analysis20240419_3D_model/03.gif/AG/pmls/gif_007.pml, /work/frasergen/3D/work/shaojie/script/HiC/3d_model/analysis20240419_3D_model/03.gif/AG/pmls/gif_008.pml, /work/frasergen/3D/work/shaojie/script/HiC/3d_model/analysis20240419_3D_model/03.gif/AG/pmls/gif_009.pml, /work/frasergen/3D/work/shaojie/script/HiC/3d_model/analysis20240419_3D_model/03.gif/AG/pmls/gif_010.pml, /work/frasergen/3D/work/shaojie/script/HiC/3d_model/analysis20240419_3D_model/03.gif/AG/pmls/gif_011.pml, /work/frasergen/3D/work/shaojie/script/HiC/3d_model/analysis20240419_3D_model/03.gif/AG/pmls/gif_012.pml, /work/frasergen/3D/work/shaojie/script/HiC/3d_model/analysis20240419_3D_model/03.gif/AG/pmls/gif_013.pml, /work/frasergen/3D/work/shaojie/script/HiC/3d_model/analysis20240419_3D_model/03.gif/AG/pmls/gif_014.pml, /work/frasergen/3D/work/shaojie/script/HiC/3d_model/analysis20240419_3D_model/03.gif/AG/pmls/gif_015.pml, /work/frasergen/3D/work/shaojie/script/HiC/3d_model/analysis20240419_3D_model/03.gif/AG/pmls/gif_016.pml, /work/frasergen/3D/work/shaojie/script/HiC/3d_model/analysis20240419_3D_model/03.gif/AG/pmls/gif_017.pml, /work/frasergen/3D/work/shaojie/script/HiC/3d_model/analysis20240419_3D_model/03.gif/AG/pmls/gif_018.pml, /work/frasergen/3D/work/shaojie/script/HiC/3d_model/analysis20240419_3D_model/03.gif/AG/pmls/gif_019.pml, /work/frasergen/3D/work/shaojie/script/HiC/3d_model/analysis20240419_3D_model/03.gif/AG/pmls/gif_020.pml, /work/frasergen/3D/work/shaojie/script/HiC/3d_model/analysis20240419_3D_model/03.gif/AG/pmls/gif_021.pml, /work/frasergen/3D/work/shaojie/script/HiC/3d_model/analysis20240419_3D_model/03.gif/AG/pmls/gif_022.pml, /work/frasergen/3D/work/shaojie/script/HiC/3d_model/analysis20240419_3D_model/03.gif/AG/pmls/gif_023.pml, /work/frasergen/3D/work/shaojie/script/HiC/3d_model/analysis20240419_3D_model/03.gif/AG/pmls/gif_024.pml
    cluster_jobid: Submitted batch job 7186944

Error executing rule split_pml on cluster (jobid: 157, external: Submitted batch job 7186944, jobscript: /work/frasergen/3D/work/shaojie/script/HiC/3d_model/.snakemake/tmp.85c4kyy9/snakejob.split_pml.157.sh). For error details see the cluster log and the log files of the involved rule(s).
[Thu Apr 25 09:43:56 2024]
Error in rule split_pml:
    jobid: 105
    output: /work/frasergen/3D/work/shaojie/script/HiC/3d_model/analysis20240419_3D_model/03.gif/AA/pngs/png.txt, /work/frasergen/3D/work/shaojie/script/HiC/3d_model/analysis20240419_3D_model/03.gif/AA/pmls/gif_001.pml, /work/frasergen/3D/work/shaojie/script/HiC/3d_model/analysis20240419_3D_model/03.gif/AA/pmls/gif_002.pml, /work/frasergen/3D/work/shaojie/script/HiC/3d_model/analysis20240419_3D_model/03.gif/AA/pmls/gif_003.pml, /work/frasergen/3D/work/shaojie/script/HiC/3d_model/analysis20240419_3D_model/03.gif/AA/pmls/gif_004.pml, /work/frasergen/3D/work/shaojie/script/HiC/3d_model/analysis20240419_3D_model/03.gif/AA/pmls/gif_005.pml, /work/frasergen/3D/work/shaojie/script/HiC/3d_model/analysis20240419_3D_model/03.gif/AA/pmls/gif_006.pml, /work/frasergen/3D/work/shaojie/script/HiC/3d_model/analysis20240419_3D_model/03.gif/AA/pmls/gif_007.pml, /work/frasergen/3D/work/shaojie/script/HiC/3d_model/analysis20240419_3D_model/03.gif/AA/pmls/gif_008.pml, /work/frasergen/3D/work/shaojie/script/HiC/3d_model/analysis20240419_3D_model/03.gif/AA/pmls/gif_009.pml, /work/frasergen/3D/work/shaojie/script/HiC/3d_model/analysis20240419_3D_model/03.gif/AA/pmls/gif_010.pml, /work/frasergen/3D/work/shaojie/script/HiC/3d_model/analysis20240419_3D_model/03.gif/AA/pmls/gif_011.pml, /work/frasergen/3D/work/shaojie/script/HiC/3d_model/analysis20240419_3D_model/03.gif/AA/pmls/gif_012.pml, /work/frasergen/3D/work/shaojie/script/HiC/3d_model/analysis20240419_3D_model/03.gif/AA/pmls/gif_013.pml, /work/frasergen/3D/work/shaojie/script/HiC/3d_model/analysis20240419_3D_model/03.gif/AA/pmls/gif_014.pml, /work/frasergen/3D/work/shaojie/script/HiC/3d_model/analysis20240419_3D_model/03.gif/AA/pmls/gif_015.pml, /work/frasergen/3D/work/shaojie/script/HiC/3d_model/analysis20240419_3D_model/03.gif/AA/pmls/gif_016.pml, /work/frasergen/3D/work/shaojie/script/HiC/3d_model/analysis20240419_3D_model/03.gif/AA/pmls/gif_017.pml, /work/frasergen/3D/work/shaojie/script/HiC/3d_model/analysis20240419_3D_model/03.gif/AA/pmls/gif_018.pml, /work/frasergen/3D/work/shaojie/script/HiC/3d_model/analysis20240419_3D_model/03.gif/AA/pmls/gif_019.pml, /work/frasergen/3D/work/shaojie/script/HiC/3d_model/analysis20240419_3D_model/03.gif/AA/pmls/gif_020.pml, /work/frasergen/3D/work/shaojie/script/HiC/3d_model/analysis20240419_3D_model/03.gif/AA/pmls/gif_021.pml, /work/frasergen/3D/work/shaojie/script/HiC/3d_model/analysis20240419_3D_model/03.gif/AA/pmls/gif_022.pml, /work/frasergen/3D/work/shaojie/script/HiC/3d_model/analysis20240419_3D_model/03.gif/AA/pmls/gif_023.pml, /work/frasergen/3D/work/shaojie/script/HiC/3d_model/analysis20240419_3D_model/03.gif/AA/pmls/gif_024.pml
    cluster_jobid: Submitted batch job 7186945

Error executing rule split_pml on cluster (jobid: 105, external: Submitted batch job 7186945, jobscript: /work/frasergen/3D/work/shaojie/script/HiC/3d_model/.snakemake/tmp.85c4kyy9/snakejob.split_pml.105.sh). For error details see the cluster log and the log files of the involved rule(s).
[Thu Apr 25 09:43:56 2024]
Error in rule split_pml:
    jobid: 131
    output: /work/frasergen/3D/work/shaojie/script/HiC/3d_model/analysis20240419_3D_model/03.gif/AC/pngs/png.txt, /work/frasergen/3D/work/shaojie/script/HiC/3d_model/analysis20240419_3D_model/03.gif/AC/pmls/gif_001.pml, /work/frasergen/3D/work/shaojie/script/HiC/3d_model/analysis20240419_3D_model/03.gif/AC/pmls/gif_002.pml, /work/frasergen/3D/work/shaojie/script/HiC/3d_model/analysis20240419_3D_model/03.gif/AC/pmls/gif_003.pml, /work/frasergen/3D/work/shaojie/script/HiC/3d_model/analysis20240419_3D_model/03.gif/AC/pmls/gif_004.pml, /work/frasergen/3D/work/shaojie/script/HiC/3d_model/analysis20240419_3D_model/03.gif/AC/pmls/gif_005.pml, /work/frasergen/3D/work/shaojie/script/HiC/3d_model/analysis20240419_3D_model/03.gif/AC/pmls/gif_006.pml, /work/frasergen/3D/work/shaojie/script/HiC/3d_model/analysis20240419_3D_model/03.gif/AC/pmls/gif_007.pml, /work/frasergen/3D/work/shaojie/script/HiC/3d_model/analysis20240419_3D_model/03.gif/AC/pmls/gif_008.pml, /work/frasergen/3D/work/shaojie/script/HiC/3d_model/analysis20240419_3D_model/03.gif/AC/pmls/gif_009.pml, /work/frasergen/3D/work/shaojie/script/HiC/3d_model/analysis20240419_3D_model/03.gif/AC/pmls/gif_010.pml, /work/frasergen/3D/work/shaojie/script/HiC/3d_model/analysis20240419_3D_model/03.gif/AC/pmls/gif_011.pml, /work/frasergen/3D/work/shaojie/script/HiC/3d_model/analysis20240419_3D_model/03.gif/AC/pmls/gif_012.pml, /work/frasergen/3D/work/shaojie/script/HiC/3d_model/analysis20240419_3D_model/03.gif/AC/pmls/gif_013.pml, /work/frasergen/3D/work/shaojie/script/HiC/3d_model/analysis20240419_3D_model/03.gif/AC/pmls/gif_014.pml, /work/frasergen/3D/work/shaojie/script/HiC/3d_model/analysis20240419_3D_model/03.gif/AC/pmls/gif_015.pml, /work/frasergen/3D/work/shaojie/script/HiC/3d_model/analysis20240419_3D_model/03.gif/AC/pmls/gif_016.pml, /work/frasergen/3D/work/shaojie/script/HiC/3d_model/analysis20240419_3D_model/03.gif/AC/pmls/gif_017.pml, /work/frasergen/3D/work/shaojie/script/HiC/3d_model/analysis20240419_3D_model/03.gif/AC/pmls/gif_018.pml, /work/frasergen/3D/work/shaojie/script/HiC/3d_model/analysis20240419_3D_model/03.gif/AC/pmls/gif_019.pml, /work/frasergen/3D/work/shaojie/script/HiC/3d_model/analysis20240419_3D_model/03.gif/AC/pmls/gif_020.pml, /work/frasergen/3D/work/shaojie/script/HiC/3d_model/analysis20240419_3D_model/03.gif/AC/pmls/gif_021.pml, /work/frasergen/3D/work/shaojie/script/HiC/3d_model/analysis20240419_3D_model/03.gif/AC/pmls/gif_022.pml, /work/frasergen/3D/work/shaojie/script/HiC/3d_model/analysis20240419_3D_model/03.gif/AC/pmls/gif_023.pml, /work/frasergen/3D/work/shaojie/script/HiC/3d_model/analysis20240419_3D_model/03.gif/AC/pmls/gif_024.pml
    cluster_jobid: Submitted batch job 7186946

Error executing rule split_pml on cluster (jobid: 131, external: Submitted batch job 7186946, jobscript: /work/frasergen/3D/work/shaojie/script/HiC/3d_model/.snakemake/tmp.85c4kyy9/snakejob.split_pml.131.sh). For error details see the cluster log and the log files of the involved rule(s).
Shutting down, this might take some time.
Exiting because a job execution failed. Look above for error message
Complete log: /work/frasergen/3D/work/shaojie/script/HiC/3d_model/.snakemake/log/2024-04-25T094145.329854.snakemake.log
