Building DAG of jobs...
Using shell: /usr/bin/bash
Provided cluster nodes: 24
Job stats:
job         count    min threads    max threads
--------  -------  -------------  -------------
all             1              1              1
chrom          52              1              1
fill_pre        1              1              1
gif             2              1              1
matrix          2              1              1
pastis          2              1              1
png            48              1              1
total         108              1              1


[Fri May 31 15:38:22 2024]
rule matrix:
    output: /work/frasergen/3D/work/shaojie/script/HiC/3d_model/analysis_chr20_3d_model_20240531/01.matrix_fill/MH-zm/MH-zm_filled_matrix.txt
    jobid: 3
    wildcards: sample=MH-zm
    resources: tmpdir=/tmp

Submitted job 3 with external jobid 'Submitted batch job 8075135'.

[Fri May 31 15:38:23 2024]
rule fill_pre:
    output: /work/frasergen/3D/work/shaojie/script/HiC/3d_model/analysis_chr20_3d_model_20240531/01.matrix_fill/bins.bed
    jobid: 4
    resources: tmpdir=/tmp

Submitted job 4 with external jobid 'Submitted batch job 8075136'.

[Fri May 31 15:38:23 2024]
rule matrix:
    output: /work/frasergen/3D/work/shaojie/script/HiC/3d_model/analysis_chr20_3d_model_20240531/01.matrix_fill/MH-1402/MH-1402_filled_matrix.txt
    jobid: 32
    wildcards: sample=MH-1402
    resources: tmpdir=/tmp

Submitted job 32 with external jobid 'Submitted batch job 8075137'.
[Fri May 31 15:38:32 2024]
Finished job 4.
1 of 108 steps (1%) done
