Building DAG of jobs...
Using shell: /usr/bin/bash
Provided cluster nodes: 10
Job stats:
job            count    min threads    max threads
-----------  -------  -------------  -------------
fill_matrix        1              1              1
pastis             1              1              1
pml                1              1              1
total              3              1              1


[Sat Apr 20 11:11:33 2024]
rule fill_matrix:
    input: /work/frasergen/backup/3d/project/Interactome/232291_lianmeijun_20240118/05.HiC/01.ref/Slividans_1326.fa.fai, /work/frasergen/backup/3d/project/Interactome/232291_lianmeijun_20240118/05.HiC/04.map/Slividans_1326/Slividans_1326/Slividans_1326-all-MboI-5k.hm
    output: /work/frasergen/3D/work/shaojie/script/HiC/3d_model/test/01.matrix_fill/Slividans_1326
    jobid: 1
    wildcards: sample=Slividans_1326
    resources: tmpdir=/tmp

Submitted job 1 with external jobid 'Submitted batch job 7113751'.
[Sat Apr 20 11:11:53 2024]
Error in rule fill_matrix:
    jobid: 1
    output: /work/frasergen/3D/work/shaojie/script/HiC/3d_model/test/01.matrix_fill/Slividans_1326
    cluster_jobid: Submitted batch job 7113751

Error executing rule fill_matrix on cluster (jobid: 1, external: Submitted batch job 7113751, jobscript: /work/frasergen/3D/work/shaojie/script/HiC/3d_model/.snakemake/tmp.tcxbv21r/snakejob.fill_matrix.1.sh). For error details see the cluster log and the log files of the involved rule(s).
Shutting down, this might take some time.
Exiting because a job execution failed. Look above for error message
Complete log: /work/frasergen/3D/work/shaojie/script/HiC/3d_model/.snakemake/log/2024-04-20T111116.456158.snakemake.log
