Building DAG of jobs...
Using shell: /usr/bin/bash
Provided cluster nodes: 72
Job stats:
job          count    min threads    max threads
---------  -------  -------------  -------------
all              1              1              1
gif              3              1              1
mp4              3              1              1
png             72              1              1
split_pml        3              1              1
total           82              1              1


[Thu Apr 25 22:26:19 2024]
rule split_pml:
    input: /work/frasergen/3D/work/shaojie/script/HiC/3d_model/analysis20240419_3D_model/02.3d_model/AG/AG.pml
    output: /work/frasergen/3D/work/shaojie/script/HiC/3d_model/analysis20240419_3D_model/03.gif/AG/pngs/png.txt, /work/frasergen/3D/work/shaojie/script/HiC/3d_model/analysis20240419_3D_model/03.gif/AG/pmls/gif_001.pml, /work/frasergen/3D/work/shaojie/script/HiC/3d_model/analysis20240419_3D_model/03.gif/AG/pmls/gif_011.pml, /work/frasergen/3D/work/shaojie/script/HiC/3d_model/analysis20240419_3D_model/03.gif/AG/pmls/gif_021.pml, /work/frasergen/3D/work/shaojie/script/HiC/3d_model/analysis20240419_3D_model/03.gif/AG/pmls/gif_031.pml, /work/frasergen/3D/work/shaojie/script/HiC/3d_model/analysis20240419_3D_model/03.gif/AG/pmls/gif_041.pml, /work/frasergen/3D/work/shaojie/script/HiC/3d_model/analysis20240419_3D_model/03.gif/AG/pmls/gif_051.pml, /work/frasergen/3D/work/shaojie/script/HiC/3d_model/analysis20240419_3D_model/03.gif/AG/pmls/gif_061.pml, /work/frasergen/3D/work/shaojie/script/HiC/3d_model/analysis20240419_3D_model/03.gif/AG/pmls/gif_071.pml, /work/frasergen/3D/work/shaojie/script/HiC/3d_model/analysis20240419_3D_model/03.gif/AG/pmls/gif_081.pml, /work/frasergen/3D/work/shaojie/script/HiC/3d_model/analysis20240419_3D_model/03.gif/AG/pmls/gif_091.pml, /work/frasergen/3D/work/shaojie/script/HiC/3d_model/analysis20240419_3D_model/03.gif/AG/pmls/gif_101.pml, /work/frasergen/3D/work/shaojie/script/HiC/3d_model/analysis20240419_3D_model/03.gif/AG/pmls/gif_111.pml, /work/frasergen/3D/work/shaojie/script/HiC/3d_model/analysis20240419_3D_model/03.gif/AG/pmls/gif_121.pml, /work/frasergen/3D/work/shaojie/script/HiC/3d_model/analysis20240419_3D_model/03.gif/AG/pmls/gif_131.pml, /work/frasergen/3D/work/shaojie/script/HiC/3d_model/analysis20240419_3D_model/03.gif/AG/pmls/gif_141.pml, /work/frasergen/3D/work/shaojie/script/HiC/3d_model/analysis20240419_3D_model/03.gif/AG/pmls/gif_151.pml, /work/frasergen/3D/work/shaojie/script/HiC/3d_model/analysis20240419_3D_model/03.gif/AG/pmls/gif_161.pml, /work/frasergen/3D/work/shaojie/script/HiC/3d_model/analysis20240419_3D_model/03.gif/AG/pmls/gif_171.pml, /work/frasergen/3D/work/shaojie/script/HiC/3d_model/analysis20240419_3D_model/03.gif/AG/pmls/gif_181.pml, /work/frasergen/3D/work/shaojie/script/HiC/3d_model/analysis20240419_3D_model/03.gif/AG/pmls/gif_191.pml, /work/frasergen/3D/work/shaojie/script/HiC/3d_model/analysis20240419_3D_model/03.gif/AG/pmls/gif_201.pml, /work/frasergen/3D/work/shaojie/script/HiC/3d_model/analysis20240419_3D_model/03.gif/AG/pmls/gif_211.pml, /work/frasergen/3D/work/shaojie/script/HiC/3d_model/analysis20240419_3D_model/03.gif/AG/pmls/gif_221.pml, /work/frasergen/3D/work/shaojie/script/HiC/3d_model/analysis20240419_3D_model/03.gif/AG/pmls/gif_231.pml
    jobid: 157
    wildcards: sample=AG
    resources: tmpdir=/tmp

Submitted job 157 with external jobid 'Submitted batch job 7197063'.

[Thu Apr 25 22:26:20 2024]
rule split_pml:
    input: /work/frasergen/3D/work/shaojie/script/HiC/3d_model/analysis20240419_3D_model/02.3d_model/AC/AC.pml
    output: /work/frasergen/3D/work/shaojie/script/HiC/3d_model/analysis20240419_3D_model/03.gif/AC/pngs/png.txt, /work/frasergen/3D/work/shaojie/script/HiC/3d_model/analysis20240419_3D_model/03.gif/AC/pmls/gif_001.pml, /work/frasergen/3D/work/shaojie/script/HiC/3d_model/analysis20240419_3D_model/03.gif/AC/pmls/gif_011.pml, /work/frasergen/3D/work/shaojie/script/HiC/3d_model/analysis20240419_3D_model/03.gif/AC/pmls/gif_021.pml, /work/frasergen/3D/work/shaojie/script/HiC/3d_model/analysis20240419_3D_model/03.gif/AC/pmls/gif_031.pml, /work/frasergen/3D/work/shaojie/script/HiC/3d_model/analysis20240419_3D_model/03.gif/AC/pmls/gif_041.pml, /work/frasergen/3D/work/shaojie/script/HiC/3d_model/analysis20240419_3D_model/03.gif/AC/pmls/gif_051.pml, /work/frasergen/3D/work/shaojie/script/HiC/3d_model/analysis20240419_3D_model/03.gif/AC/pmls/gif_061.pml, /work/frasergen/3D/work/shaojie/script/HiC/3d_model/analysis20240419_3D_model/03.gif/AC/pmls/gif_071.pml, /work/frasergen/3D/work/shaojie/script/HiC/3d_model/analysis20240419_3D_model/03.gif/AC/pmls/gif_081.pml, /work/frasergen/3D/work/shaojie/script/HiC/3d_model/analysis20240419_3D_model/03.gif/AC/pmls/gif_091.pml, /work/frasergen/3D/work/shaojie/script/HiC/3d_model/analysis20240419_3D_model/03.gif/AC/pmls/gif_101.pml, /work/frasergen/3D/work/shaojie/script/HiC/3d_model/analysis20240419_3D_model/03.gif/AC/pmls/gif_111.pml, /work/frasergen/3D/work/shaojie/script/HiC/3d_model/analysis20240419_3D_model/03.gif/AC/pmls/gif_121.pml, /work/frasergen/3D/work/shaojie/script/HiC/3d_model/analysis20240419_3D_model/03.gif/AC/pmls/gif_131.pml, /work/frasergen/3D/work/shaojie/script/HiC/3d_model/analysis20240419_3D_model/03.gif/AC/pmls/gif_141.pml, /work/frasergen/3D/work/shaojie/script/HiC/3d_model/analysis20240419_3D_model/03.gif/AC/pmls/gif_151.pml, /work/frasergen/3D/work/shaojie/script/HiC/3d_model/analysis20240419_3D_model/03.gif/AC/pmls/gif_161.pml, /work/frasergen/3D/work/shaojie/script/HiC/3d_model/analysis20240419_3D_model/03.gif/AC/pmls/gif_171.pml, /work/frasergen/3D/work/shaojie/script/HiC/3d_model/analysis20240419_3D_model/03.gif/AC/pmls/gif_181.pml, /work/frasergen/3D/work/shaojie/script/HiC/3d_model/analysis20240419_3D_model/03.gif/AC/pmls/gif_191.pml, /work/frasergen/3D/work/shaojie/script/HiC/3d_model/analysis20240419_3D_model/03.gif/AC/pmls/gif_201.pml, /work/frasergen/3D/work/shaojie/script/HiC/3d_model/analysis20240419_3D_model/03.gif/AC/pmls/gif_211.pml, /work/frasergen/3D/work/shaojie/script/HiC/3d_model/analysis20240419_3D_model/03.gif/AC/pmls/gif_221.pml, /work/frasergen/3D/work/shaojie/script/HiC/3d_model/analysis20240419_3D_model/03.gif/AC/pmls/gif_231.pml
    jobid: 131
    wildcards: sample=AC
    resources: tmpdir=/tmp

Submitted job 131 with external jobid 'Submitted batch job 7197064'.

[Thu Apr 25 22:26:21 2024]
rule split_pml:
    input: /work/frasergen/3D/work/shaojie/script/HiC/3d_model/analysis20240419_3D_model/02.3d_model/AA/AA.pml
    output: /work/frasergen/3D/work/shaojie/script/HiC/3d_model/analysis20240419_3D_model/03.gif/AA/pngs/png.txt, /work/frasergen/3D/work/shaojie/script/HiC/3d_model/analysis20240419_3D_model/03.gif/AA/pmls/gif_001.pml, /work/frasergen/3D/work/shaojie/script/HiC/3d_model/analysis20240419_3D_model/03.gif/AA/pmls/gif_011.pml, /work/frasergen/3D/work/shaojie/script/HiC/3d_model/analysis20240419_3D_model/03.gif/AA/pmls/gif_021.pml, /work/frasergen/3D/work/shaojie/script/HiC/3d_model/analysis20240419_3D_model/03.gif/AA/pmls/gif_031.pml, /work/frasergen/3D/work/shaojie/script/HiC/3d_model/analysis20240419_3D_model/03.gif/AA/pmls/gif_041.pml, /work/frasergen/3D/work/shaojie/script/HiC/3d_model/analysis20240419_3D_model/03.gif/AA/pmls/gif_051.pml, /work/frasergen/3D/work/shaojie/script/HiC/3d_model/analysis20240419_3D_model/03.gif/AA/pmls/gif_061.pml, /work/frasergen/3D/work/shaojie/script/HiC/3d_model/analysis20240419_3D_model/03.gif/AA/pmls/gif_071.pml, /work/frasergen/3D/work/shaojie/script/HiC/3d_model/analysis20240419_3D_model/03.gif/AA/pmls/gif_081.pml, /work/frasergen/3D/work/shaojie/script/HiC/3d_model/analysis20240419_3D_model/03.gif/AA/pmls/gif_091.pml, /work/frasergen/3D/work/shaojie/script/HiC/3d_model/analysis20240419_3D_model/03.gif/AA/pmls/gif_101.pml, /work/frasergen/3D/work/shaojie/script/HiC/3d_model/analysis20240419_3D_model/03.gif/AA/pmls/gif_111.pml, /work/frasergen/3D/work/shaojie/script/HiC/3d_model/analysis20240419_3D_model/03.gif/AA/pmls/gif_121.pml, /work/frasergen/3D/work/shaojie/script/HiC/3d_model/analysis20240419_3D_model/03.gif/AA/pmls/gif_131.pml, /work/frasergen/3D/work/shaojie/script/HiC/3d_model/analysis20240419_3D_model/03.gif/AA/pmls/gif_141.pml, /work/frasergen/3D/work/shaojie/script/HiC/3d_model/analysis20240419_3D_model/03.gif/AA/pmls/gif_151.pml, /work/frasergen/3D/work/shaojie/script/HiC/3d_model/analysis20240419_3D_model/03.gif/AA/pmls/gif_161.pml, /work/frasergen/3D/work/shaojie/script/HiC/3d_model/analysis20240419_3D_model/03.gif/AA/pmls/gif_171.pml, /work/frasergen/3D/work/shaojie/script/HiC/3d_model/analysis20240419_3D_model/03.gif/AA/pmls/gif_181.pml, /work/frasergen/3D/work/shaojie/script/HiC/3d_model/analysis20240419_3D_model/03.gif/AA/pmls/gif_191.pml, /work/frasergen/3D/work/shaojie/script/HiC/3d_model/analysis20240419_3D_model/03.gif/AA/pmls/gif_201.pml, /work/frasergen/3D/work/shaojie/script/HiC/3d_model/analysis20240419_3D_model/03.gif/AA/pmls/gif_211.pml, /work/frasergen/3D/work/shaojie/script/HiC/3d_model/analysis20240419_3D_model/03.gif/AA/pmls/gif_221.pml, /work/frasergen/3D/work/shaojie/script/HiC/3d_model/analysis20240419_3D_model/03.gif/AA/pmls/gif_231.pml
    jobid: 105
    wildcards: sample=AA
    resources: tmpdir=/tmp

Submitted job 105 with external jobid 'Submitted batch job 7197065'.
[Thu Apr 25 22:35:31 2024]
Finished job 157.
1 of 82 steps (1%) done
[Thu Apr 25 22:35:32 2024]
Finished job 131.
2 of 82 steps (2%) done

[Thu Apr 25 22:35:32 2024]
rule png:
    input: /work/frasergen/3D/work/shaojie/script/HiC/3d_model/analysis20240419_3D_model/03.gif/AG/pmls/gif_081.pml
    output: /work/frasergen/3D/work/shaojie/script/HiC/3d_model/analysis20240419_3D_model/03.gif/AG/pngs/fig_081.png
    jobid: 165
    wildcards: sample=AG, batch=081
    resources: tmpdir=/tmp

Submitted job 165 with external jobid 'Submitted batch job 7197196'.

[Thu Apr 25 22:35:32 2024]
rule png:
    input: /work/frasergen/3D/work/shaojie/script/HiC/3d_model/analysis20240419_3D_model/03.gif/AG/pmls/gif_221.pml
    output: /work/frasergen/3D/work/shaojie/script/HiC/3d_model/analysis20240419_3D_model/03.gif/AG/pngs/fig_221.png
    jobid: 179
    wildcards: sample=AG, batch=221
    resources: tmpdir=/tmp

Submitted job 179 with external jobid 'Submitted batch job 7197197'.

[Thu Apr 25 22:35:32 2024]
rule png:
    input: /work/frasergen/3D/work/shaojie/script/HiC/3d_model/analysis20240419_3D_model/03.gif/AG/pmls/gif_021.pml
    output: /work/frasergen/3D/work/shaojie/script/HiC/3d_model/analysis20240419_3D_model/03.gif/AG/pngs/fig_021.png
    jobid: 159
    wildcards: sample=AG, batch=021
    resources: tmpdir=/tmp

Submitted job 159 with external jobid 'Submitted batch job 7197198'.

[Thu Apr 25 22:35:32 2024]
rule png:
    input: /work/frasergen/3D/work/shaojie/script/HiC/3d_model/analysis20240419_3D_model/03.gif/AG/pmls/gif_161.pml
    output: /work/frasergen/3D/work/shaojie/script/HiC/3d_model/analysis20240419_3D_model/03.gif/AG/pngs/fig_161.png
    jobid: 173
    wildcards: sample=AG, batch=161
    resources: tmpdir=/tmp

Submitted job 173 with external jobid 'Submitted batch job 7197199'.

[Thu Apr 25 22:35:33 2024]
rule png:
    input: /work/frasergen/3D/work/shaojie/script/HiC/3d_model/analysis20240419_3D_model/03.gif/AG/pmls/gif_091.pml
    output: /work/frasergen/3D/work/shaojie/script/HiC/3d_model/analysis20240419_3D_model/03.gif/AG/pngs/fig_091.png
    jobid: 166
    wildcards: sample=AG, batch=091
    resources: tmpdir=/tmp

Submitted job 166 with external jobid 'Submitted batch job 7197200'.

[Thu Apr 25 22:35:33 2024]
rule png:
    input: /work/frasergen/3D/work/shaojie/script/HiC/3d_model/analysis20240419_3D_model/03.gif/AG/pmls/gif_231.pml
    output: /work/frasergen/3D/work/shaojie/script/HiC/3d_model/analysis20240419_3D_model/03.gif/AG/pngs/fig_231.png
    jobid: 180
    wildcards: sample=AG, batch=231
    resources: tmpdir=/tmp

Submitted job 180 with external jobid 'Submitted batch job 7197201'.

[Thu Apr 25 22:35:33 2024]
rule png:
    input: /work/frasergen/3D/work/shaojie/script/HiC/3d_model/analysis20240419_3D_model/03.gif/AG/pmls/gif_171.pml
    output: /work/frasergen/3D/work/shaojie/script/HiC/3d_model/analysis20240419_3D_model/03.gif/AG/pngs/fig_171.png
    jobid: 174
    wildcards: sample=AG, batch=171
    resources: tmpdir=/tmp

Submitted job 174 with external jobid 'Submitted batch job 7197202'.

[Thu Apr 25 22:35:33 2024]
rule png:
    input: /work/frasergen/3D/work/shaojie/script/HiC/3d_model/analysis20240419_3D_model/03.gif/AG/pmls/gif_031.pml
    output: /work/frasergen/3D/work/shaojie/script/HiC/3d_model/analysis20240419_3D_model/03.gif/AG/pngs/fig_031.png
    jobid: 160
    wildcards: sample=AG, batch=031
    resources: tmpdir=/tmp

Submitted job 160 with external jobid 'Submitted batch job 7197203'.

[Thu Apr 25 22:35:33 2024]
rule png:
    input: /work/frasergen/3D/work/shaojie/script/HiC/3d_model/analysis20240419_3D_model/03.gif/AG/pmls/gif_101.pml
    output: /work/frasergen/3D/work/shaojie/script/HiC/3d_model/analysis20240419_3D_model/03.gif/AG/pngs/fig_101.png
    jobid: 167
    wildcards: sample=AG, batch=101
    resources: tmpdir=/tmp

Submitted job 167 with external jobid 'Submitted batch job 7197204'.

[Thu Apr 25 22:35:33 2024]
rule png:
    input: /work/frasergen/3D/work/shaojie/script/HiC/3d_model/analysis20240419_3D_model/03.gif/AG/pmls/gif_041.pml
    output: /work/frasergen/3D/work/shaojie/script/HiC/3d_model/analysis20240419_3D_model/03.gif/AG/pngs/fig_041.png
    jobid: 161
    wildcards: sample=AG, batch=041
    resources: tmpdir=/tmp

Submitted job 161 with external jobid 'Submitted batch job 7197205'.

[Thu Apr 25 22:35:33 2024]
rule png:
    input: /work/frasergen/3D/work/shaojie/script/HiC/3d_model/analysis20240419_3D_model/03.gif/AG/pmls/gif_181.pml
    output: /work/frasergen/3D/work/shaojie/script/HiC/3d_model/analysis20240419_3D_model/03.gif/AG/pngs/fig_181.png
    jobid: 175
    wildcards: sample=AG, batch=181
    resources: tmpdir=/tmp

Submitted job 175 with external jobid 'Submitted batch job 7197206'.

[Thu Apr 25 22:35:34 2024]
rule png:
    input: /work/frasergen/3D/work/shaojie/script/HiC/3d_model/analysis20240419_3D_model/03.gif/AG/pmls/gif_111.pml
    output: /work/frasergen/3D/work/shaojie/script/HiC/3d_model/analysis20240419_3D_model/03.gif/AG/pngs/fig_111.png
    jobid: 168
    wildcards: sample=AG, batch=111
    resources: tmpdir=/tmp

Submitted job 168 with external jobid 'Submitted batch job 7197207'.

[Thu Apr 25 22:35:34 2024]
rule png:
    input: /work/frasergen/3D/work/shaojie/script/HiC/3d_model/analysis20240419_3D_model/03.gif/AG/pmls/gif_011.pml
    output: /work/frasergen/3D/work/shaojie/script/HiC/3d_model/analysis20240419_3D_model/03.gif/AG/pngs/fig_011.png
    jobid: 158
    wildcards: sample=AG, batch=011
    resources: tmpdir=/tmp

Submitted job 158 with external jobid 'Submitted batch job 7197208'.

[Thu Apr 25 22:35:34 2024]
rule png:
    input: /work/frasergen/3D/work/shaojie/script/HiC/3d_model/analysis20240419_3D_model/03.gif/AG/pmls/gif_051.pml
    output: /work/frasergen/3D/work/shaojie/script/HiC/3d_model/analysis20240419_3D_model/03.gif/AG/pngs/fig_051.png
    jobid: 162
    wildcards: sample=AG, batch=051
    resources: tmpdir=/tmp

Submitted job 162 with external jobid 'Submitted batch job 7197209'.

[Thu Apr 25 22:35:34 2024]
rule png:
    input: /work/frasergen/3D/work/shaojie/script/HiC/3d_model/analysis20240419_3D_model/03.gif/AG/pmls/gif_191.pml
    output: /work/frasergen/3D/work/shaojie/script/HiC/3d_model/analysis20240419_3D_model/03.gif/AG/pngs/fig_191.png
    jobid: 176
    wildcards: sample=AG, batch=191
    resources: tmpdir=/tmp

Submitted job 176 with external jobid 'Submitted batch job 7197210'.

[Thu Apr 25 22:35:34 2024]
rule png:
    input: /work/frasergen/3D/work/shaojie/script/HiC/3d_model/analysis20240419_3D_model/03.gif/AG/pmls/gif_121.pml
    output: /work/frasergen/3D/work/shaojie/script/HiC/3d_model/analysis20240419_3D_model/03.gif/AG/pngs/fig_121.png
    jobid: 169
    wildcards: sample=AG, batch=121
    resources: tmpdir=/tmp

Submitted job 169 with external jobid 'Submitted batch job 7197211'.

[Thu Apr 25 22:35:34 2024]
rule png:
    input: /work/frasergen/3D/work/shaojie/script/HiC/3d_model/analysis20240419_3D_model/03.gif/AG/pmls/gif_061.pml
    output: /work/frasergen/3D/work/shaojie/script/HiC/3d_model/analysis20240419_3D_model/03.gif/AG/pngs/fig_061.png
    jobid: 163
    wildcards: sample=AG, batch=061
    resources: tmpdir=/tmp

Submitted job 163 with external jobid 'Submitted batch job 7197212'.

[Thu Apr 25 22:35:35 2024]
rule png:
    input: /work/frasergen/3D/work/shaojie/script/HiC/3d_model/analysis20240419_3D_model/03.gif/AG/pmls/gif_201.pml
    output: /work/frasergen/3D/work/shaojie/script/HiC/3d_model/analysis20240419_3D_model/03.gif/AG/pngs/fig_201.png
    jobid: 177
    wildcards: sample=AG, batch=201
    resources: tmpdir=/tmp

Submitted job 177 with external jobid 'Submitted batch job 7197213'.

[Thu Apr 25 22:35:35 2024]
rule png:
    input: /work/frasergen/3D/work/shaojie/script/HiC/3d_model/analysis20240419_3D_model/03.gif/AG/pmls/gif_001.pml
    output: /work/frasergen/3D/work/shaojie/script/HiC/3d_model/analysis20240419_3D_model/03.gif/AG/pngs/fig_001.png
    jobid: 156
    wildcards: sample=AG, batch=001
    resources: tmpdir=/tmp

Submitted job 156 with external jobid 'Submitted batch job 7197214'.

[Thu Apr 25 22:35:35 2024]
rule png:
    input: /work/frasergen/3D/work/shaojie/script/HiC/3d_model/analysis20240419_3D_model/03.gif/AG/pmls/gif_131.pml
    output: /work/frasergen/3D/work/shaojie/script/HiC/3d_model/analysis20240419_3D_model/03.gif/AG/pngs/fig_131.png
    jobid: 170
    wildcards: sample=AG, batch=131
    resources: tmpdir=/tmp

Submitted job 170 with external jobid 'Submitted batch job 7197215'.

[Thu Apr 25 22:35:35 2024]
rule png:
    input: /work/frasergen/3D/work/shaojie/script/HiC/3d_model/analysis20240419_3D_model/03.gif/AG/pmls/gif_071.pml
    output: /work/frasergen/3D/work/shaojie/script/HiC/3d_model/analysis20240419_3D_model/03.gif/AG/pngs/fig_071.png
    jobid: 164
    wildcards: sample=AG, batch=071
    resources: tmpdir=/tmp

Submitted job 164 with external jobid 'Submitted batch job 7197216'.

[Thu Apr 25 22:35:35 2024]
rule png:
    input: /work/frasergen/3D/work/shaojie/script/HiC/3d_model/analysis20240419_3D_model/03.gif/AG/pmls/gif_211.pml
    output: /work/frasergen/3D/work/shaojie/script/HiC/3d_model/analysis20240419_3D_model/03.gif/AG/pngs/fig_211.png
    jobid: 178
    wildcards: sample=AG, batch=211
    resources: tmpdir=/tmp

Submitted job 178 with external jobid 'Submitted batch job 7197217'.

[Thu Apr 25 22:35:35 2024]
rule png:
    input: /work/frasergen/3D/work/shaojie/script/HiC/3d_model/analysis20240419_3D_model/03.gif/AG/pmls/gif_141.pml
    output: /work/frasergen/3D/work/shaojie/script/HiC/3d_model/analysis20240419_3D_model/03.gif/AG/pngs/fig_141.png
    jobid: 171
    wildcards: sample=AG, batch=141
    resources: tmpdir=/tmp

Submitted job 171 with external jobid 'Submitted batch job 7197218'.

[Thu Apr 25 22:35:35 2024]
rule png:
    input: /work/frasergen/3D/work/shaojie/script/HiC/3d_model/analysis20240419_3D_model/03.gif/AG/pmls/gif_151.pml
    output: /work/frasergen/3D/work/shaojie/script/HiC/3d_model/analysis20240419_3D_model/03.gif/AG/pngs/fig_151.png
    jobid: 172
    wildcards: sample=AG, batch=151
    resources: tmpdir=/tmp

Submitted job 172 with external jobid 'Submitted batch job 7197219'.

[Thu Apr 25 22:35:36 2024]
rule png:
    input: /work/frasergen/3D/work/shaojie/script/HiC/3d_model/analysis20240419_3D_model/03.gif/AC/pmls/gif_201.pml
    output: /work/frasergen/3D/work/shaojie/script/HiC/3d_model/analysis20240419_3D_model/03.gif/AC/pngs/fig_201.png
    jobid: 151
    wildcards: sample=AC, batch=201
    resources: tmpdir=/tmp

Submitted job 151 with external jobid 'Submitted batch job 7197220'.

[Thu Apr 25 22:35:36 2024]
rule png:
    input: /work/frasergen/3D/work/shaojie/script/HiC/3d_model/analysis20240419_3D_model/03.gif/AC/pmls/gif_061.pml
    output: /work/frasergen/3D/work/shaojie/script/HiC/3d_model/analysis20240419_3D_model/03.gif/AC/pngs/fig_061.png
    jobid: 137
    wildcards: sample=AC, batch=061
    resources: tmpdir=/tmp

Submitted job 137 with external jobid 'Submitted batch job 7197221'.

[Thu Apr 25 22:35:36 2024]
rule png:
    input: /work/frasergen/3D/work/shaojie/script/HiC/3d_model/analysis20240419_3D_model/03.gif/AC/pmls/gif_141.pml
    output: /work/frasergen/3D/work/shaojie/script/HiC/3d_model/analysis20240419_3D_model/03.gif/AC/pngs/fig_141.png
    jobid: 145
    wildcards: sample=AC, batch=141
    resources: tmpdir=/tmp

Submitted job 145 with external jobid 'Submitted batch job 7197222'.

[Thu Apr 25 22:35:36 2024]
rule png:
    input: /work/frasergen/3D/work/shaojie/script/HiC/3d_model/analysis20240419_3D_model/03.gif/AC/pmls/gif_211.pml
    output: /work/frasergen/3D/work/shaojie/script/HiC/3d_model/analysis20240419_3D_model/03.gif/AC/pngs/fig_211.png
    jobid: 152
    wildcards: sample=AC, batch=211
    resources: tmpdir=/tmp

Submitted job 152 with external jobid 'Submitted batch job 7197223'.

[Thu Apr 25 22:35:36 2024]
rule png:
    input: /work/frasergen/3D/work/shaojie/script/HiC/3d_model/analysis20240419_3D_model/03.gif/AC/pmls/gif_071.pml
    output: /work/frasergen/3D/work/shaojie/script/HiC/3d_model/analysis20240419_3D_model/03.gif/AC/pngs/fig_071.png
    jobid: 138
    wildcards: sample=AC, batch=071
    resources: tmpdir=/tmp

Submitted job 138 with external jobid 'Submitted batch job 7197224'.

[Thu Apr 25 22:35:36 2024]
rule png:
    input: /work/frasergen/3D/work/shaojie/script/HiC/3d_model/analysis20240419_3D_model/03.gif/AC/pmls/gif_151.pml
    output: /work/frasergen/3D/work/shaojie/script/HiC/3d_model/analysis20240419_3D_model/03.gif/AC/pngs/fig_151.png
    jobid: 146
    wildcards: sample=AC, batch=151
    resources: tmpdir=/tmp

Submitted job 146 with external jobid 'Submitted batch job 7197225'.

[Thu Apr 25 22:35:37 2024]
rule png:
    input: /work/frasergen/3D/work/shaojie/script/HiC/3d_model/analysis20240419_3D_model/03.gif/AC/pmls/gif_011.pml
    output: /work/frasergen/3D/work/shaojie/script/HiC/3d_model/analysis20240419_3D_model/03.gif/AC/pngs/fig_011.png
    jobid: 132
    wildcards: sample=AC, batch=011
    resources: tmpdir=/tmp

Submitted job 132 with external jobid 'Submitted batch job 7197226'.

[Thu Apr 25 22:35:37 2024]
rule png:
    input: /work/frasergen/3D/work/shaojie/script/HiC/3d_model/analysis20240419_3D_model/03.gif/AC/pmls/gif_081.pml
    output: /work/frasergen/3D/work/shaojie/script/HiC/3d_model/analysis20240419_3D_model/03.gif/AC/pngs/fig_081.png
    jobid: 139
    wildcards: sample=AC, batch=081
    resources: tmpdir=/tmp

Submitted job 139 with external jobid 'Submitted batch job 7197227'.

[Thu Apr 25 22:35:37 2024]
rule png:
    input: /work/frasergen/3D/work/shaojie/script/HiC/3d_model/analysis20240419_3D_model/03.gif/AC/pmls/gif_221.pml
    output: /work/frasergen/3D/work/shaojie/script/HiC/3d_model/analysis20240419_3D_model/03.gif/AC/pngs/fig_221.png
    jobid: 153
    wildcards: sample=AC, batch=221
    resources: tmpdir=/tmp

Submitted job 153 with external jobid 'Submitted batch job 7197228'.

[Thu Apr 25 22:35:37 2024]
rule png:
    input: /work/frasergen/3D/work/shaojie/script/HiC/3d_model/analysis20240419_3D_model/03.gif/AC/pmls/gif_161.pml
    output: /work/frasergen/3D/work/shaojie/script/HiC/3d_model/analysis20240419_3D_model/03.gif/AC/pngs/fig_161.png
    jobid: 147
    wildcards: sample=AC, batch=161
    resources: tmpdir=/tmp

Submitted job 147 with external jobid 'Submitted batch job 7197229'.

[Thu Apr 25 22:35:37 2024]
rule png:
    input: /work/frasergen/3D/work/shaojie/script/HiC/3d_model/analysis20240419_3D_model/03.gif/AC/pmls/gif_021.pml
    output: /work/frasergen/3D/work/shaojie/script/HiC/3d_model/analysis20240419_3D_model/03.gif/AC/pngs/fig_021.png
    jobid: 133
    wildcards: sample=AC, batch=021
    resources: tmpdir=/tmp

Submitted job 133 with external jobid 'Submitted batch job 7197230'.

[Thu Apr 25 22:35:37 2024]
rule png:
    input: /work/frasergen/3D/work/shaojie/script/HiC/3d_model/analysis20240419_3D_model/03.gif/AC/pmls/gif_231.pml
    output: /work/frasergen/3D/work/shaojie/script/HiC/3d_model/analysis20240419_3D_model/03.gif/AC/pngs/fig_231.png
    jobid: 154
    wildcards: sample=AC, batch=231
    resources: tmpdir=/tmp

Submitted job 154 with external jobid 'Submitted batch job 7197231'.

[Thu Apr 25 22:35:37 2024]
rule png:
    input: /work/frasergen/3D/work/shaojie/script/HiC/3d_model/analysis20240419_3D_model/03.gif/AC/pmls/gif_091.pml
    output: /work/frasergen/3D/work/shaojie/script/HiC/3d_model/analysis20240419_3D_model/03.gif/AC/pngs/fig_091.png
    jobid: 140
    wildcards: sample=AC, batch=091
    resources: tmpdir=/tmp

Submitted job 140 with external jobid 'Submitted batch job 7197232'.

[Thu Apr 25 22:35:38 2024]
rule png:
    input: /work/frasergen/3D/work/shaojie/script/HiC/3d_model/analysis20240419_3D_model/03.gif/AC/pmls/gif_171.pml
    output: /work/frasergen/3D/work/shaojie/script/HiC/3d_model/analysis20240419_3D_model/03.gif/AC/pngs/fig_171.png
    jobid: 148
    wildcards: sample=AC, batch=171
    resources: tmpdir=/tmp

Submitted job 148 with external jobid 'Submitted batch job 7197233'.

[Thu Apr 25 22:35:38 2024]
rule png:
    input: /work/frasergen/3D/work/shaojie/script/HiC/3d_model/analysis20240419_3D_model/03.gif/AC/pmls/gif_031.pml
    output: /work/frasergen/3D/work/shaojie/script/HiC/3d_model/analysis20240419_3D_model/03.gif/AC/pngs/fig_031.png
    jobid: 134
    wildcards: sample=AC, batch=031
    resources: tmpdir=/tmp

Submitted job 134 with external jobid 'Submitted batch job 7197234'.

[Thu Apr 25 22:35:38 2024]
rule png:
    input: /work/frasergen/3D/work/shaojie/script/HiC/3d_model/analysis20240419_3D_model/03.gif/AC/pmls/gif_101.pml
    output: /work/frasergen/3D/work/shaojie/script/HiC/3d_model/analysis20240419_3D_model/03.gif/AC/pngs/fig_101.png
    jobid: 141
    wildcards: sample=AC, batch=101
    resources: tmpdir=/tmp

Submitted job 141 with external jobid 'Submitted batch job 7197235'.

[Thu Apr 25 22:35:38 2024]
rule png:
    input: /work/frasergen/3D/work/shaojie/script/HiC/3d_model/analysis20240419_3D_model/03.gif/AC/pmls/gif_181.pml
    output: /work/frasergen/3D/work/shaojie/script/HiC/3d_model/analysis20240419_3D_model/03.gif/AC/pngs/fig_181.png
    jobid: 149
    wildcards: sample=AC, batch=181
    resources: tmpdir=/tmp

Submitted job 149 with external jobid 'Submitted batch job 7197236'.

[Thu Apr 25 22:35:38 2024]
rule png:
    input: /work/frasergen/3D/work/shaojie/script/HiC/3d_model/analysis20240419_3D_model/03.gif/AC/pmls/gif_041.pml
    output: /work/frasergen/3D/work/shaojie/script/HiC/3d_model/analysis20240419_3D_model/03.gif/AC/pngs/fig_041.png
    jobid: 135
    wildcards: sample=AC, batch=041
    resources: tmpdir=/tmp

Submitted job 135 with external jobid 'Submitted batch job 7197237'.

[Thu Apr 25 22:35:38 2024]
rule png:
    input: /work/frasergen/3D/work/shaojie/script/HiC/3d_model/analysis20240419_3D_model/03.gif/AC/pmls/gif_111.pml
    output: /work/frasergen/3D/work/shaojie/script/HiC/3d_model/analysis20240419_3D_model/03.gif/AC/pngs/fig_111.png
    jobid: 142
    wildcards: sample=AC, batch=111
    resources: tmpdir=/tmp

Submitted job 142 with external jobid 'Submitted batch job 7197238'.

[Thu Apr 25 22:35:40 2024]
rule png:
    input: /work/frasergen/3D/work/shaojie/script/HiC/3d_model/analysis20240419_3D_model/03.gif/AC/pmls/gif_191.pml
    output: /work/frasergen/3D/work/shaojie/script/HiC/3d_model/analysis20240419_3D_model/03.gif/AC/pngs/fig_191.png
    jobid: 150
    wildcards: sample=AC, batch=191
    resources: tmpdir=/tmp

Submitted job 150 with external jobid 'Submitted batch job 7197239'.

[Thu Apr 25 22:35:40 2024]
rule png:
    input: /work/frasergen/3D/work/shaojie/script/HiC/3d_model/analysis20240419_3D_model/03.gif/AC/pmls/gif_051.pml
    output: /work/frasergen/3D/work/shaojie/script/HiC/3d_model/analysis20240419_3D_model/03.gif/AC/pngs/fig_051.png
    jobid: 136
    wildcards: sample=AC, batch=051
    resources: tmpdir=/tmp

Submitted job 136 with external jobid 'Submitted batch job 7197240'.

[Thu Apr 25 22:35:40 2024]
rule png:
    input: /work/frasergen/3D/work/shaojie/script/HiC/3d_model/analysis20240419_3D_model/03.gif/AC/pmls/gif_121.pml
    output: /work/frasergen/3D/work/shaojie/script/HiC/3d_model/analysis20240419_3D_model/03.gif/AC/pngs/fig_121.png
    jobid: 143
    wildcards: sample=AC, batch=121
    resources: tmpdir=/tmp

Submitted job 143 with external jobid 'Submitted batch job 7197241'.

[Thu Apr 25 22:35:40 2024]
rule png:
    input: /work/frasergen/3D/work/shaojie/script/HiC/3d_model/analysis20240419_3D_model/03.gif/AC/pmls/gif_131.pml
    output: /work/frasergen/3D/work/shaojie/script/HiC/3d_model/analysis20240419_3D_model/03.gif/AC/pngs/fig_131.png
    jobid: 144
    wildcards: sample=AC, batch=131
    resources: tmpdir=/tmp

Submitted job 144 with external jobid 'Submitted batch job 7197242'.

[Thu Apr 25 22:35:41 2024]
rule png:
    input: /work/frasergen/3D/work/shaojie/script/HiC/3d_model/analysis20240419_3D_model/03.gif/AC/pmls/gif_001.pml
    output: /work/frasergen/3D/work/shaojie/script/HiC/3d_model/analysis20240419_3D_model/03.gif/AC/pngs/fig_001.png
    jobid: 130
    wildcards: sample=AC, batch=001
    resources: tmpdir=/tmp

Submitted job 130 with external jobid 'Submitted batch job 7197243'.
[Thu Apr 25 22:35:57 2024]
Finished job 105.
3 of 82 steps (4%) done

[Thu Apr 25 22:35:57 2024]
rule png:
    input: /work/frasergen/3D/work/shaojie/script/HiC/3d_model/analysis20240419_3D_model/03.gif/AA/pmls/gif_181.pml
    output: /work/frasergen/3D/work/shaojie/script/HiC/3d_model/analysis20240419_3D_model/03.gif/AA/pngs/fig_181.png
    jobid: 123
    wildcards: sample=AA, batch=181
    resources: tmpdir=/tmp

Submitted job 123 with external jobid 'Submitted batch job 7197248'.

[Thu Apr 25 22:35:57 2024]
rule png:
    input: /work/frasergen/3D/work/shaojie/script/HiC/3d_model/analysis20240419_3D_model/03.gif/AA/pmls/gif_041.pml
    output: /work/frasergen/3D/work/shaojie/script/HiC/3d_model/analysis20240419_3D_model/03.gif/AA/pngs/fig_041.png
    jobid: 109
    wildcards: sample=AA, batch=041
    resources: tmpdir=/tmp

Submitted job 109 with external jobid 'Submitted batch job 7197249'.

[Thu Apr 25 22:35:57 2024]
rule png:
    input: /work/frasergen/3D/work/shaojie/script/HiC/3d_model/analysis20240419_3D_model/03.gif/AA/pmls/gif_121.pml
    output: /work/frasergen/3D/work/shaojie/script/HiC/3d_model/analysis20240419_3D_model/03.gif/AA/pngs/fig_121.png
    jobid: 117
    wildcards: sample=AA, batch=121
    resources: tmpdir=/tmp

Submitted job 117 with external jobid 'Submitted batch job 7197250'.

[Thu Apr 25 22:35:58 2024]
rule png:
    input: /work/frasergen/3D/work/shaojie/script/HiC/3d_model/analysis20240419_3D_model/03.gif/AA/pmls/gif_191.pml
    output: /work/frasergen/3D/work/shaojie/script/HiC/3d_model/analysis20240419_3D_model/03.gif/AA/pngs/fig_191.png
    jobid: 124
    wildcards: sample=AA, batch=191
    resources: tmpdir=/tmp

Submitted job 124 with external jobid 'Submitted batch job 7197251'.

[Thu Apr 25 22:35:58 2024]
rule png:
    input: /work/frasergen/3D/work/shaojie/script/HiC/3d_model/analysis20240419_3D_model/03.gif/AA/pmls/gif_051.pml
    output: /work/frasergen/3D/work/shaojie/script/HiC/3d_model/analysis20240419_3D_model/03.gif/AA/pngs/fig_051.png
    jobid: 110
    wildcards: sample=AA, batch=051
    resources: tmpdir=/tmp

Submitted job 110 with external jobid 'Submitted batch job 7197252'.

[Thu Apr 25 22:35:58 2024]
rule png:
    input: /work/frasergen/3D/work/shaojie/script/HiC/3d_model/analysis20240419_3D_model/03.gif/AA/pmls/gif_131.pml
    output: /work/frasergen/3D/work/shaojie/script/HiC/3d_model/analysis20240419_3D_model/03.gif/AA/pngs/fig_131.png
    jobid: 118
    wildcards: sample=AA, batch=131
    resources: tmpdir=/tmp

Submitted job 118 with external jobid 'Submitted batch job 7197253'.

[Thu Apr 25 22:35:58 2024]
rule png:
    input: /work/frasergen/3D/work/shaojie/script/HiC/3d_model/analysis20240419_3D_model/03.gif/AA/pmls/gif_001.pml
    output: /work/frasergen/3D/work/shaojie/script/HiC/3d_model/analysis20240419_3D_model/03.gif/AA/pngs/fig_001.png
    jobid: 104
    wildcards: sample=AA, batch=001
    resources: tmpdir=/tmp

Submitted job 104 with external jobid 'Submitted batch job 7197254'.

[Thu Apr 25 22:35:58 2024]
rule png:
    input: /work/frasergen/3D/work/shaojie/script/HiC/3d_model/analysis20240419_3D_model/03.gif/AA/pmls/gif_201.pml
    output: /work/frasergen/3D/work/shaojie/script/HiC/3d_model/analysis20240419_3D_model/03.gif/AA/pngs/fig_201.png
    jobid: 125
    wildcards: sample=AA, batch=201
    resources: tmpdir=/tmp

Submitted job 125 with external jobid 'Submitted batch job 7197255'.

[Thu Apr 25 22:35:58 2024]
rule png:
    input: /work/frasergen/3D/work/shaojie/script/HiC/3d_model/analysis20240419_3D_model/03.gif/AA/pmls/gif_061.pml
    output: /work/frasergen/3D/work/shaojie/script/HiC/3d_model/analysis20240419_3D_model/03.gif/AA/pngs/fig_061.png
    jobid: 111
    wildcards: sample=AA, batch=061
    resources: tmpdir=/tmp

Submitted job 111 with external jobid 'Submitted batch job 7197256'.

[Thu Apr 25 22:35:58 2024]
rule png:
    input: /work/frasergen/3D/work/shaojie/script/HiC/3d_model/analysis20240419_3D_model/03.gif/AA/pmls/gif_141.pml
    output: /work/frasergen/3D/work/shaojie/script/HiC/3d_model/analysis20240419_3D_model/03.gif/AA/pngs/fig_141.png
    jobid: 119
    wildcards: sample=AA, batch=141
    resources: tmpdir=/tmp

Submitted job 119 with external jobid 'Submitted batch job 7197257'.

[Thu Apr 25 22:35:59 2024]
rule png:
    input: /work/frasergen/3D/work/shaojie/script/HiC/3d_model/analysis20240419_3D_model/03.gif/AA/pmls/gif_211.pml
    output: /work/frasergen/3D/work/shaojie/script/HiC/3d_model/analysis20240419_3D_model/03.gif/AA/pngs/fig_211.png
    jobid: 126
    wildcards: sample=AA, batch=211
    resources: tmpdir=/tmp

Submitted job 126 with external jobid 'Submitted batch job 7197258'.

[Thu Apr 25 22:35:59 2024]
rule png:
    input: /work/frasergen/3D/work/shaojie/script/HiC/3d_model/analysis20240419_3D_model/03.gif/AA/pmls/gif_071.pml
    output: /work/frasergen/3D/work/shaojie/script/HiC/3d_model/analysis20240419_3D_model/03.gif/AA/pngs/fig_071.png
    jobid: 112
    wildcards: sample=AA, batch=071
    resources: tmpdir=/tmp

Submitted job 112 with external jobid 'Submitted batch job 7197259'.

[Thu Apr 25 22:35:59 2024]
rule png:
    input: /work/frasergen/3D/work/shaojie/script/HiC/3d_model/analysis20240419_3D_model/03.gif/AA/pmls/gif_151.pml
    output: /work/frasergen/3D/work/shaojie/script/HiC/3d_model/analysis20240419_3D_model/03.gif/AA/pngs/fig_151.png
    jobid: 120
    wildcards: sample=AA, batch=151
    resources: tmpdir=/tmp

Submitted job 120 with external jobid 'Submitted batch job 7197260'.

[Thu Apr 25 22:35:59 2024]
rule png:
    input: /work/frasergen/3D/work/shaojie/script/HiC/3d_model/analysis20240419_3D_model/03.gif/AA/pmls/gif_011.pml
    output: /work/frasergen/3D/work/shaojie/script/HiC/3d_model/analysis20240419_3D_model/03.gif/AA/pngs/fig_011.png
    jobid: 106
    wildcards: sample=AA, batch=011
    resources: tmpdir=/tmp

Submitted job 106 with external jobid 'Submitted batch job 7197261'.

[Thu Apr 25 22:35:59 2024]
rule png:
    input: /work/frasergen/3D/work/shaojie/script/HiC/3d_model/analysis20240419_3D_model/03.gif/AA/pmls/gif_081.pml
    output: /work/frasergen/3D/work/shaojie/script/HiC/3d_model/analysis20240419_3D_model/03.gif/AA/pngs/fig_081.png
    jobid: 113
    wildcards: sample=AA, batch=081
    resources: tmpdir=/tmp

Submitted job 113 with external jobid 'Submitted batch job 7197262'.

[Thu Apr 25 22:35:59 2024]
rule png:
    input: /work/frasergen/3D/work/shaojie/script/HiC/3d_model/analysis20240419_3D_model/03.gif/AA/pmls/gif_221.pml
    output: /work/frasergen/3D/work/shaojie/script/HiC/3d_model/analysis20240419_3D_model/03.gif/AA/pngs/fig_221.png
    jobid: 127
    wildcards: sample=AA, batch=221
    resources: tmpdir=/tmp

Submitted job 127 with external jobid 'Submitted batch job 7197263'.

[Thu Apr 25 22:35:59 2024]
rule png:
    input: /work/frasergen/3D/work/shaojie/script/HiC/3d_model/analysis20240419_3D_model/03.gif/AA/pmls/gif_161.pml
    output: /work/frasergen/3D/work/shaojie/script/HiC/3d_model/analysis20240419_3D_model/03.gif/AA/pngs/fig_161.png
    jobid: 121
    wildcards: sample=AA, batch=161
    resources: tmpdir=/tmp

Submitted job 121 with external jobid 'Submitted batch job 7197264'.

[Thu Apr 25 22:36:00 2024]
rule png:
    input: /work/frasergen/3D/work/shaojie/script/HiC/3d_model/analysis20240419_3D_model/03.gif/AA/pmls/gif_021.pml
    output: /work/frasergen/3D/work/shaojie/script/HiC/3d_model/analysis20240419_3D_model/03.gif/AA/pngs/fig_021.png
    jobid: 107
    wildcards: sample=AA, batch=021
    resources: tmpdir=/tmp

Submitted job 107 with external jobid 'Submitted batch job 7197265'.

[Thu Apr 25 22:36:00 2024]
rule png:
    input: /work/frasergen/3D/work/shaojie/script/HiC/3d_model/analysis20240419_3D_model/03.gif/AA/pmls/gif_231.pml
    output: /work/frasergen/3D/work/shaojie/script/HiC/3d_model/analysis20240419_3D_model/03.gif/AA/pngs/fig_231.png
    jobid: 128
    wildcards: sample=AA, batch=231
    resources: tmpdir=/tmp

Submitted job 128 with external jobid 'Submitted batch job 7197266'.

[Thu Apr 25 22:36:00 2024]
rule png:
    input: /work/frasergen/3D/work/shaojie/script/HiC/3d_model/analysis20240419_3D_model/03.gif/AA/pmls/gif_091.pml
    output: /work/frasergen/3D/work/shaojie/script/HiC/3d_model/analysis20240419_3D_model/03.gif/AA/pngs/fig_091.png
    jobid: 114
    wildcards: sample=AA, batch=091
    resources: tmpdir=/tmp

Submitted job 114 with external jobid 'Submitted batch job 7197267'.

[Thu Apr 25 22:36:00 2024]
rule png:
    input: /work/frasergen/3D/work/shaojie/script/HiC/3d_model/analysis20240419_3D_model/03.gif/AA/pmls/gif_171.pml
    output: /work/frasergen/3D/work/shaojie/script/HiC/3d_model/analysis20240419_3D_model/03.gif/AA/pngs/fig_171.png
    jobid: 122
    wildcards: sample=AA, batch=171
    resources: tmpdir=/tmp

Submitted job 122 with external jobid 'Submitted batch job 7197268'.

[Thu Apr 25 22:36:00 2024]
rule png:
    input: /work/frasergen/3D/work/shaojie/script/HiC/3d_model/analysis20240419_3D_model/03.gif/AA/pmls/gif_031.pml
    output: /work/frasergen/3D/work/shaojie/script/HiC/3d_model/analysis20240419_3D_model/03.gif/AA/pngs/fig_031.png
    jobid: 108
    wildcards: sample=AA, batch=031
    resources: tmpdir=/tmp

Submitted job 108 with external jobid 'Submitted batch job 7197269'.

[Thu Apr 25 22:36:00 2024]
rule png:
    input: /work/frasergen/3D/work/shaojie/script/HiC/3d_model/analysis20240419_3D_model/03.gif/AA/pmls/gif_101.pml
    output: /work/frasergen/3D/work/shaojie/script/HiC/3d_model/analysis20240419_3D_model/03.gif/AA/pngs/fig_101.png
    jobid: 115
    wildcards: sample=AA, batch=101
    resources: tmpdir=/tmp

Submitted job 115 with external jobid 'Submitted batch job 7197270'.

[Thu Apr 25 22:36:01 2024]
rule png:
    input: /work/frasergen/3D/work/shaojie/script/HiC/3d_model/analysis20240419_3D_model/03.gif/AA/pmls/gif_111.pml
    output: /work/frasergen/3D/work/shaojie/script/HiC/3d_model/analysis20240419_3D_model/03.gif/AA/pngs/fig_111.png
    jobid: 116
    wildcards: sample=AA, batch=111
    resources: tmpdir=/tmp

Submitted job 116 with external jobid 'Submitted batch job 7197271'.
[Thu Apr 25 23:38:40 2024]
Finished job 165.
4 of 82 steps (5%) done
[Thu Apr 25 23:51:43 2024]
Finished job 159.
5 of 82 steps (6%) done
[Thu Apr 25 23:52:51 2024]
Finished job 179.
6 of 82 steps (7%) done
[Fri Apr 26 01:03:41 2024]
Finished job 166.
7 of 82 steps (9%) done
[Fri Apr 26 01:10:54 2024]
Finished job 173.
8 of 82 steps (10%) done
[Fri Apr 26 01:29:04 2024]
Finished job 180.
9 of 82 steps (11%) done
[Fri Apr 26 01:44:34 2024]
Finished job 174.
10 of 82 steps (12%) done
[Fri Apr 26 01:59:48 2024]
Finished job 160.
11 of 82 steps (13%) done
[Fri Apr 26 02:03:01 2024]
Finished job 167.
12 of 82 steps (15%) done
[Fri Apr 26 02:18:31 2024]
Finished job 164.
13 of 82 steps (16%) done
[Fri Apr 26 02:23:19 2024]
Finished job 176.
14 of 82 steps (17%) done
[Fri Apr 26 02:27:36 2024]
Finished job 163.
15 of 82 steps (18%) done
[Fri Apr 26 02:27:51 2024]
Finished job 161.
16 of 82 steps (20%) done
[Fri Apr 26 02:32:54 2024]
Finished job 170.
17 of 82 steps (21%) done
[Fri Apr 26 02:33:53 2024]
Finished job 175.
18 of 82 steps (22%) done
[Fri Apr 26 02:37:10 2024]
Finished job 137.
19 of 82 steps (23%) done
[Fri Apr 26 02:37:56 2024]
Finished job 134.
20 of 82 steps (24%) done
[Fri Apr 26 02:38:39 2024]
Finished job 156.
21 of 82 steps (26%) done
[Fri Apr 26 02:39:55 2024]
Finished job 177.
22 of 82 steps (27%) done
[Fri Apr 26 02:39:56 2024]
Finished job 138.
23 of 82 steps (28%) done
[Fri Apr 26 02:40:55 2024]
Finished job 162.
24 of 82 steps (29%) done
[Fri Apr 26 02:41:25 2024]
Finished job 171.
25 of 82 steps (30%) done
[Fri Apr 26 02:42:10 2024]
Finished job 169.
26 of 82 steps (32%) done
[Fri Apr 26 02:42:11 2024]
Finished job 133.
27 of 82 steps (33%) done
[Fri Apr 26 02:43:35 2024]
Finished job 172.
28 of 82 steps (34%) done
[Fri Apr 26 02:43:50 2024]
Finished job 132.
29 of 82 steps (35%) done
[Fri Apr 26 02:44:46 2024]
Finished job 135.
30 of 82 steps (37%) done
[Fri Apr 26 02:45:27 2024]
Finished job 152.
31 of 82 steps (38%) done
[Fri Apr 26 02:47:34 2024]
Finished job 168.
32 of 82 steps (39%) done
[Fri Apr 26 02:49:40 2024]
Finished job 158.
33 of 82 steps (40%) done
[Fri Apr 26 02:50:08 2024]
Finished job 151.
34 of 82 steps (41%) done
[Fri Apr 26 02:52:56 2024]
Finished job 178.
35 of 82 steps (43%) done

[Fri Apr 26 02:52:57 2024]
rule mp4:
    input: /work/frasergen/3D/work/shaojie/script/HiC/3d_model/analysis20240419_3D_model/03.gif/AG/pngs/fig_001.png, /work/frasergen/3D/work/shaojie/script/HiC/3d_model/analysis20240419_3D_model/03.gif/AG/pngs/fig_011.png, /work/frasergen/3D/work/shaojie/script/HiC/3d_model/analysis20240419_3D_model/03.gif/AG/pngs/fig_021.png, /work/frasergen/3D/work/shaojie/script/HiC/3d_model/analysis20240419_3D_model/03.gif/AG/pngs/fig_031.png, /work/frasergen/3D/work/shaojie/script/HiC/3d_model/analysis20240419_3D_model/03.gif/AG/pngs/fig_041.png, /work/frasergen/3D/work/shaojie/script/HiC/3d_model/analysis20240419_3D_model/03.gif/AG/pngs/fig_051.png, /work/frasergen/3D/work/shaojie/script/HiC/3d_model/analysis20240419_3D_model/03.gif/AG/pngs/fig_061.png, /work/frasergen/3D/work/shaojie/script/HiC/3d_model/analysis20240419_3D_model/03.gif/AG/pngs/fig_071.png, /work/frasergen/3D/work/shaojie/script/HiC/3d_model/analysis20240419_3D_model/03.gif/AG/pngs/fig_081.png, /work/frasergen/3D/work/shaojie/script/HiC/3d_model/analysis20240419_3D_model/03.gif/AG/pngs/fig_091.png, /work/frasergen/3D/work/shaojie/script/HiC/3d_model/analysis20240419_3D_model/03.gif/AG/pngs/fig_101.png, /work/frasergen/3D/work/shaojie/script/HiC/3d_model/analysis20240419_3D_model/03.gif/AG/pngs/fig_111.png, /work/frasergen/3D/work/shaojie/script/HiC/3d_model/analysis20240419_3D_model/03.gif/AG/pngs/fig_121.png, /work/frasergen/3D/work/shaojie/script/HiC/3d_model/analysis20240419_3D_model/03.gif/AG/pngs/fig_131.png, /work/frasergen/3D/work/shaojie/script/HiC/3d_model/analysis20240419_3D_model/03.gif/AG/pngs/fig_141.png, /work/frasergen/3D/work/shaojie/script/HiC/3d_model/analysis20240419_3D_model/03.gif/AG/pngs/fig_151.png, /work/frasergen/3D/work/shaojie/script/HiC/3d_model/analysis20240419_3D_model/03.gif/AG/pngs/fig_161.png, /work/frasergen/3D/work/shaojie/script/HiC/3d_model/analysis20240419_3D_model/03.gif/AG/pngs/fig_171.png, /work/frasergen/3D/work/shaojie/script/HiC/3d_model/analysis20240419_3D_model/03.gif/AG/pngs/fig_181.png, /work/frasergen/3D/work/shaojie/script/HiC/3d_model/analysis20240419_3D_model/03.gif/AG/pngs/fig_191.png, /work/frasergen/3D/work/shaojie/script/HiC/3d_model/analysis20240419_3D_model/03.gif/AG/pngs/fig_201.png, /work/frasergen/3D/work/shaojie/script/HiC/3d_model/analysis20240419_3D_model/03.gif/AG/pngs/fig_211.png, /work/frasergen/3D/work/shaojie/script/HiC/3d_model/analysis20240419_3D_model/03.gif/AG/pngs/fig_221.png, /work/frasergen/3D/work/shaojie/script/HiC/3d_model/analysis20240419_3D_model/03.gif/AG/pngs/fig_231.png
    output: /work/frasergen/3D/work/shaojie/script/HiC/3d_model/analysis20240419_3D_model/03.gif/AG/AG.mp4
    jobid: 183
    wildcards: sample=AG
    resources: tmpdir=/tmp

Submitted job 183 with external jobid 'Submitted batch job 7198621'.

[Fri Apr 26 02:52:57 2024]
rule gif:
    input: /work/frasergen/3D/work/shaojie/script/HiC/3d_model/analysis20240419_3D_model/03.gif/AG/pngs/fig_001.png, /work/frasergen/3D/work/shaojie/script/HiC/3d_model/analysis20240419_3D_model/03.gif/AG/pngs/fig_011.png, /work/frasergen/3D/work/shaojie/script/HiC/3d_model/analysis20240419_3D_model/03.gif/AG/pngs/fig_021.png, /work/frasergen/3D/work/shaojie/script/HiC/3d_model/analysis20240419_3D_model/03.gif/AG/pngs/fig_031.png, /work/frasergen/3D/work/shaojie/script/HiC/3d_model/analysis20240419_3D_model/03.gif/AG/pngs/fig_041.png, /work/frasergen/3D/work/shaojie/script/HiC/3d_model/analysis20240419_3D_model/03.gif/AG/pngs/fig_051.png, /work/frasergen/3D/work/shaojie/script/HiC/3d_model/analysis20240419_3D_model/03.gif/AG/pngs/fig_061.png, /work/frasergen/3D/work/shaojie/script/HiC/3d_model/analysis20240419_3D_model/03.gif/AG/pngs/fig_071.png, /work/frasergen/3D/work/shaojie/script/HiC/3d_model/analysis20240419_3D_model/03.gif/AG/pngs/fig_081.png, /work/frasergen/3D/work/shaojie/script/HiC/3d_model/analysis20240419_3D_model/03.gif/AG/pngs/fig_091.png, /work/frasergen/3D/work/shaojie/script/HiC/3d_model/analysis20240419_3D_model/03.gif/AG/pngs/fig_101.png, /work/frasergen/3D/work/shaojie/script/HiC/3d_model/analysis20240419_3D_model/03.gif/AG/pngs/fig_111.png, /work/frasergen/3D/work/shaojie/script/HiC/3d_model/analysis20240419_3D_model/03.gif/AG/pngs/fig_121.png, /work/frasergen/3D/work/shaojie/script/HiC/3d_model/analysis20240419_3D_model/03.gif/AG/pngs/fig_131.png, /work/frasergen/3D/work/shaojie/script/HiC/3d_model/analysis20240419_3D_model/03.gif/AG/pngs/fig_141.png, /work/frasergen/3D/work/shaojie/script/HiC/3d_model/analysis20240419_3D_model/03.gif/AG/pngs/fig_151.png, /work/frasergen/3D/work/shaojie/script/HiC/3d_model/analysis20240419_3D_model/03.gif/AG/pngs/fig_161.png, /work/frasergen/3D/work/shaojie/script/HiC/3d_model/analysis20240419_3D_model/03.gif/AG/pngs/fig_171.png, /work/frasergen/3D/work/shaojie/script/HiC/3d_model/analysis20240419_3D_model/03.gif/AG/pngs/fig_181.png, /work/frasergen/3D/work/shaojie/script/HiC/3d_model/analysis20240419_3D_model/03.gif/AG/pngs/fig_191.png, /work/frasergen/3D/work/shaojie/script/HiC/3d_model/analysis20240419_3D_model/03.gif/AG/pngs/fig_201.png, /work/frasergen/3D/work/shaojie/script/HiC/3d_model/analysis20240419_3D_model/03.gif/AG/pngs/fig_211.png, /work/frasergen/3D/work/shaojie/script/HiC/3d_model/analysis20240419_3D_model/03.gif/AG/pngs/fig_221.png, /work/frasergen/3D/work/shaojie/script/HiC/3d_model/analysis20240419_3D_model/03.gif/AG/pngs/fig_231.png
    output: /work/frasergen/3D/work/shaojie/script/HiC/3d_model/analysis20240419_3D_model/03.gif/AG/AG.gif
    jobid: 155
    wildcards: sample=AG
    resources: tmpdir=/tmp

Submitted job 155 with external jobid 'Submitted batch job 7198622'.
[Fri Apr 26 02:53:11 2024]
Finished job 136.
36 of 82 steps (44%) done
[Fri Apr 26 02:53:22 2024]
Finished job 155.
37 of 82 steps (45%) done
[Fri Apr 26 02:53:26 2024]
Finished job 148.
38 of 82 steps (46%) done
[Fri Apr 26 02:53:37 2024]
Finished job 183.
39 of 82 steps (48%) done
[Fri Apr 26 02:54:05 2024]
Finished job 145.
40 of 82 steps (49%) done
[Fri Apr 26 02:55:36 2024]
Finished job 147.
41 of 82 steps (50%) done
[Fri Apr 26 02:56:55 2024]
Finished job 142.
42 of 82 steps (51%) done
[Fri Apr 26 02:57:21 2024]
Finished job 153.
43 of 82 steps (52%) done
[Fri Apr 26 02:57:21 2024]
Finished job 154.
44 of 82 steps (54%) done
[Fri Apr 26 02:58:39 2024]
Finished job 146.
45 of 82 steps (55%) done
[Fri Apr 26 03:01:15 2024]
Finished job 150.
46 of 82 steps (56%) done
[Fri Apr 26 03:01:28 2024]
Finished job 149.
47 of 82 steps (57%) done
[Fri Apr 26 03:03:38 2024]
Finished job 140.
48 of 82 steps (59%) done
[Fri Apr 26 03:04:15 2024]
Finished job 139.
49 of 82 steps (60%) done
[Fri Apr 26 03:05:03 2024]
Finished job 141.
50 of 82 steps (61%) done
[Fri Apr 26 03:07:04 2024]
Finished job 130.
51 of 82 steps (62%) done
[Fri Apr 26 03:12:16 2024]
Finished job 143.
52 of 82 steps (63%) done
[Fri Apr 26 03:12:51 2024]
Finished job 118.
53 of 82 steps (65%) done
[Fri Apr 26 03:15:51 2024]
Finished job 117.
54 of 82 steps (66%) done
[Fri Apr 26 03:16:39 2024]
Finished job 119.
55 of 82 steps (67%) done
[Fri Apr 26 03:21:42 2024]
Finished job 144.
56 of 82 steps (68%) done

[Fri Apr 26 03:21:42 2024]
rule mp4:
    input: /work/frasergen/3D/work/shaojie/script/HiC/3d_model/analysis20240419_3D_model/03.gif/AC/pngs/fig_001.png, /work/frasergen/3D/work/shaojie/script/HiC/3d_model/analysis20240419_3D_model/03.gif/AC/pngs/fig_011.png, /work/frasergen/3D/work/shaojie/script/HiC/3d_model/analysis20240419_3D_model/03.gif/AC/pngs/fig_021.png, /work/frasergen/3D/work/shaojie/script/HiC/3d_model/analysis20240419_3D_model/03.gif/AC/pngs/fig_031.png, /work/frasergen/3D/work/shaojie/script/HiC/3d_model/analysis20240419_3D_model/03.gif/AC/pngs/fig_041.png, /work/frasergen/3D/work/shaojie/script/HiC/3d_model/analysis20240419_3D_model/03.gif/AC/pngs/fig_051.png, /work/frasergen/3D/work/shaojie/script/HiC/3d_model/analysis20240419_3D_model/03.gif/AC/pngs/fig_061.png, /work/frasergen/3D/work/shaojie/script/HiC/3d_model/analysis20240419_3D_model/03.gif/AC/pngs/fig_071.png, /work/frasergen/3D/work/shaojie/script/HiC/3d_model/analysis20240419_3D_model/03.gif/AC/pngs/fig_081.png, /work/frasergen/3D/work/shaojie/script/HiC/3d_model/analysis20240419_3D_model/03.gif/AC/pngs/fig_091.png, /work/frasergen/3D/work/shaojie/script/HiC/3d_model/analysis20240419_3D_model/03.gif/AC/pngs/fig_101.png, /work/frasergen/3D/work/shaojie/script/HiC/3d_model/analysis20240419_3D_model/03.gif/AC/pngs/fig_111.png, /work/frasergen/3D/work/shaojie/script/HiC/3d_model/analysis20240419_3D_model/03.gif/AC/pngs/fig_121.png, /work/frasergen/3D/work/shaojie/script/HiC/3d_model/analysis20240419_3D_model/03.gif/AC/pngs/fig_131.png, /work/frasergen/3D/work/shaojie/script/HiC/3d_model/analysis20240419_3D_model/03.gif/AC/pngs/fig_141.png, /work/frasergen/3D/work/shaojie/script/HiC/3d_model/analysis20240419_3D_model/03.gif/AC/pngs/fig_151.png, /work/frasergen/3D/work/shaojie/script/HiC/3d_model/analysis20240419_3D_model/03.gif/AC/pngs/fig_161.png, /work/frasergen/3D/work/shaojie/script/HiC/3d_model/analysis20240419_3D_model/03.gif/AC/pngs/fig_171.png, /work/frasergen/3D/work/shaojie/script/HiC/3d_model/analysis20240419_3D_model/03.gif/AC/pngs/fig_181.png, /work/frasergen/3D/work/shaojie/script/HiC/3d_model/analysis20240419_3D_model/03.gif/AC/pngs/fig_191.png, /work/frasergen/3D/work/shaojie/script/HiC/3d_model/analysis20240419_3D_model/03.gif/AC/pngs/fig_201.png, /work/frasergen/3D/work/shaojie/script/HiC/3d_model/analysis20240419_3D_model/03.gif/AC/pngs/fig_211.png, /work/frasergen/3D/work/shaojie/script/HiC/3d_model/analysis20240419_3D_model/03.gif/AC/pngs/fig_221.png, /work/frasergen/3D/work/shaojie/script/HiC/3d_model/analysis20240419_3D_model/03.gif/AC/pngs/fig_231.png
    output: /work/frasergen/3D/work/shaojie/script/HiC/3d_model/analysis20240419_3D_model/03.gif/AC/AC.mp4
    jobid: 182
    wildcards: sample=AC
    resources: tmpdir=/tmp

Submitted job 182 with external jobid 'Submitted batch job 7198694'.

[Fri Apr 26 03:21:42 2024]
rule gif:
    input: /work/frasergen/3D/work/shaojie/script/HiC/3d_model/analysis20240419_3D_model/03.gif/AC/pngs/fig_001.png, /work/frasergen/3D/work/shaojie/script/HiC/3d_model/analysis20240419_3D_model/03.gif/AC/pngs/fig_011.png, /work/frasergen/3D/work/shaojie/script/HiC/3d_model/analysis20240419_3D_model/03.gif/AC/pngs/fig_021.png, /work/frasergen/3D/work/shaojie/script/HiC/3d_model/analysis20240419_3D_model/03.gif/AC/pngs/fig_031.png, /work/frasergen/3D/work/shaojie/script/HiC/3d_model/analysis20240419_3D_model/03.gif/AC/pngs/fig_041.png, /work/frasergen/3D/work/shaojie/script/HiC/3d_model/analysis20240419_3D_model/03.gif/AC/pngs/fig_051.png, /work/frasergen/3D/work/shaojie/script/HiC/3d_model/analysis20240419_3D_model/03.gif/AC/pngs/fig_061.png, /work/frasergen/3D/work/shaojie/script/HiC/3d_model/analysis20240419_3D_model/03.gif/AC/pngs/fig_071.png, /work/frasergen/3D/work/shaojie/script/HiC/3d_model/analysis20240419_3D_model/03.gif/AC/pngs/fig_081.png, /work/frasergen/3D/work/shaojie/script/HiC/3d_model/analysis20240419_3D_model/03.gif/AC/pngs/fig_091.png, /work/frasergen/3D/work/shaojie/script/HiC/3d_model/analysis20240419_3D_model/03.gif/AC/pngs/fig_101.png, /work/frasergen/3D/work/shaojie/script/HiC/3d_model/analysis20240419_3D_model/03.gif/AC/pngs/fig_111.png, /work/frasergen/3D/work/shaojie/script/HiC/3d_model/analysis20240419_3D_model/03.gif/AC/pngs/fig_121.png, /work/frasergen/3D/work/shaojie/script/HiC/3d_model/analysis20240419_3D_model/03.gif/AC/pngs/fig_131.png, /work/frasergen/3D/work/shaojie/script/HiC/3d_model/analysis20240419_3D_model/03.gif/AC/pngs/fig_141.png, /work/frasergen/3D/work/shaojie/script/HiC/3d_model/analysis20240419_3D_model/03.gif/AC/pngs/fig_151.png, /work/frasergen/3D/work/shaojie/script/HiC/3d_model/analysis20240419_3D_model/03.gif/AC/pngs/fig_161.png, /work/frasergen/3D/work/shaojie/script/HiC/3d_model/analysis20240419_3D_model/03.gif/AC/pngs/fig_171.png, /work/frasergen/3D/work/shaojie/script/HiC/3d_model/analysis20240419_3D_model/03.gif/AC/pngs/fig_181.png, /work/frasergen/3D/work/shaojie/script/HiC/3d_model/analysis20240419_3D_model/03.gif/AC/pngs/fig_191.png, /work/frasergen/3D/work/shaojie/script/HiC/3d_model/analysis20240419_3D_model/03.gif/AC/pngs/fig_201.png, /work/frasergen/3D/work/shaojie/script/HiC/3d_model/analysis20240419_3D_model/03.gif/AC/pngs/fig_211.png, /work/frasergen/3D/work/shaojie/script/HiC/3d_model/analysis20240419_3D_model/03.gif/AC/pngs/fig_221.png, /work/frasergen/3D/work/shaojie/script/HiC/3d_model/analysis20240419_3D_model/03.gif/AC/pngs/fig_231.png
    output: /work/frasergen/3D/work/shaojie/script/HiC/3d_model/analysis20240419_3D_model/03.gif/AC/AC.gif
    jobid: 129
    wildcards: sample=AC
    resources: tmpdir=/tmp

Submitted job 129 with external jobid 'Submitted batch job 7198695'.
[Fri Apr 26 03:22:18 2024]
Finished job 182.
57 of 82 steps (70%) done
[Fri Apr 26 03:22:18 2024]
Finished job 129.
58 of 82 steps (71%) done
[Fri Apr 26 03:22:40 2024]
Finished job 104.
59 of 82 steps (72%) done
[Fri Apr 26 03:29:17 2024]
Finished job 120.
60 of 82 steps (73%) done
[Fri Apr 26 03:31:52 2024]
Finished job 109.
61 of 82 steps (74%) done
[Fri Apr 26 03:35:00 2024]
Finished job 123.
62 of 82 steps (76%) done
[Fri Apr 26 03:35:55 2024]
Finished job 124.
63 of 82 steps (77%) done
[Fri Apr 26 03:39:46 2024]
Finished job 111.
64 of 82 steps (78%) done
[Fri Apr 26 03:40:31 2024]
Finished job 110.
65 of 82 steps (79%) done
[Fri Apr 26 03:41:15 2024]
Finished job 106.
66 of 82 steps (80%) done
[Fri Apr 26 03:42:43 2024]
Finished job 112.
67 of 82 steps (82%) done
[Fri Apr 26 03:43:49 2024]
Finished job 125.
68 of 82 steps (83%) done
[Fri Apr 26 03:45:07 2024]
Finished job 126.
69 of 82 steps (84%) done
[Fri Apr 26 03:50:15 2024]
Finished job 128.
70 of 82 steps (85%) done
[Fri Apr 26 03:51:16 2024]
Finished job 115.
71 of 82 steps (87%) done
[Fri Apr 26 03:53:47 2024]
Finished job 116.
72 of 82 steps (88%) done
[Fri Apr 26 04:00:28 2024]
Finished job 127.
73 of 82 steps (89%) done
[Fri Apr 26 04:00:28 2024]
Finished job 114.
74 of 82 steps (90%) done
[Fri Apr 26 04:03:38 2024]
Finished job 107.
75 of 82 steps (91%) done
[Fri Apr 26 04:09:49 2024]
Finished job 122.
76 of 82 steps (93%) done
[Fri Apr 26 04:10:39 2024]
Finished job 113.
77 of 82 steps (94%) done
[Fri Apr 26 04:14:39 2024]
Finished job 121.
78 of 82 steps (95%) done
[Fri Apr 26 04:20:20 2024]
Finished job 108.
79 of 82 steps (96%) done

[Fri Apr 26 04:20:20 2024]
rule gif:
    input: /work/frasergen/3D/work/shaojie/script/HiC/3d_model/analysis20240419_3D_model/03.gif/AA/pngs/fig_001.png, /work/frasergen/3D/work/shaojie/script/HiC/3d_model/analysis20240419_3D_model/03.gif/AA/pngs/fig_011.png, /work/frasergen/3D/work/shaojie/script/HiC/3d_model/analysis20240419_3D_model/03.gif/AA/pngs/fig_021.png, /work/frasergen/3D/work/shaojie/script/HiC/3d_model/analysis20240419_3D_model/03.gif/AA/pngs/fig_031.png, /work/frasergen/3D/work/shaojie/script/HiC/3d_model/analysis20240419_3D_model/03.gif/AA/pngs/fig_041.png, /work/frasergen/3D/work/shaojie/script/HiC/3d_model/analysis20240419_3D_model/03.gif/AA/pngs/fig_051.png, /work/frasergen/3D/work/shaojie/script/HiC/3d_model/analysis20240419_3D_model/03.gif/AA/pngs/fig_061.png, /work/frasergen/3D/work/shaojie/script/HiC/3d_model/analysis20240419_3D_model/03.gif/AA/pngs/fig_071.png, /work/frasergen/3D/work/shaojie/script/HiC/3d_model/analysis20240419_3D_model/03.gif/AA/pngs/fig_081.png, /work/frasergen/3D/work/shaojie/script/HiC/3d_model/analysis20240419_3D_model/03.gif/AA/pngs/fig_091.png, /work/frasergen/3D/work/shaojie/script/HiC/3d_model/analysis20240419_3D_model/03.gif/AA/pngs/fig_101.png, /work/frasergen/3D/work/shaojie/script/HiC/3d_model/analysis20240419_3D_model/03.gif/AA/pngs/fig_111.png, /work/frasergen/3D/work/shaojie/script/HiC/3d_model/analysis20240419_3D_model/03.gif/AA/pngs/fig_121.png, /work/frasergen/3D/work/shaojie/script/HiC/3d_model/analysis20240419_3D_model/03.gif/AA/pngs/fig_131.png, /work/frasergen/3D/work/shaojie/script/HiC/3d_model/analysis20240419_3D_model/03.gif/AA/pngs/fig_141.png, /work/frasergen/3D/work/shaojie/script/HiC/3d_model/analysis20240419_3D_model/03.gif/AA/pngs/fig_151.png, /work/frasergen/3D/work/shaojie/script/HiC/3d_model/analysis20240419_3D_model/03.gif/AA/pngs/fig_161.png, /work/frasergen/3D/work/shaojie/script/HiC/3d_model/analysis20240419_3D_model/03.gif/AA/pngs/fig_171.png, /work/frasergen/3D/work/shaojie/script/HiC/3d_model/analysis20240419_3D_model/03.gif/AA/pngs/fig_181.png, /work/frasergen/3D/work/shaojie/script/HiC/3d_model/analysis20240419_3D_model/03.gif/AA/pngs/fig_191.png, /work/frasergen/3D/work/shaojie/script/HiC/3d_model/analysis20240419_3D_model/03.gif/AA/pngs/fig_201.png, /work/frasergen/3D/work/shaojie/script/HiC/3d_model/analysis20240419_3D_model/03.gif/AA/pngs/fig_211.png, /work/frasergen/3D/work/shaojie/script/HiC/3d_model/analysis20240419_3D_model/03.gif/AA/pngs/fig_221.png, /work/frasergen/3D/work/shaojie/script/HiC/3d_model/analysis20240419_3D_model/03.gif/AA/pngs/fig_231.png
    output: /work/frasergen/3D/work/shaojie/script/HiC/3d_model/analysis20240419_3D_model/03.gif/AA/AA.gif
    jobid: 103
    wildcards: sample=AA
    resources: tmpdir=/tmp

Submitted job 103 with external jobid 'Submitted batch job 7198865'.

[Fri Apr 26 04:20:20 2024]
rule mp4:
    input: /work/frasergen/3D/work/shaojie/script/HiC/3d_model/analysis20240419_3D_model/03.gif/AA/pngs/fig_001.png, /work/frasergen/3D/work/shaojie/script/HiC/3d_model/analysis20240419_3D_model/03.gif/AA/pngs/fig_011.png, /work/frasergen/3D/work/shaojie/script/HiC/3d_model/analysis20240419_3D_model/03.gif/AA/pngs/fig_021.png, /work/frasergen/3D/work/shaojie/script/HiC/3d_model/analysis20240419_3D_model/03.gif/AA/pngs/fig_031.png, /work/frasergen/3D/work/shaojie/script/HiC/3d_model/analysis20240419_3D_model/03.gif/AA/pngs/fig_041.png, /work/frasergen/3D/work/shaojie/script/HiC/3d_model/analysis20240419_3D_model/03.gif/AA/pngs/fig_051.png, /work/frasergen/3D/work/shaojie/script/HiC/3d_model/analysis20240419_3D_model/03.gif/AA/pngs/fig_061.png, /work/frasergen/3D/work/shaojie/script/HiC/3d_model/analysis20240419_3D_model/03.gif/AA/pngs/fig_071.png, /work/frasergen/3D/work/shaojie/script/HiC/3d_model/analysis20240419_3D_model/03.gif/AA/pngs/fig_081.png, /work/frasergen/3D/work/shaojie/script/HiC/3d_model/analysis20240419_3D_model/03.gif/AA/pngs/fig_091.png, /work/frasergen/3D/work/shaojie/script/HiC/3d_model/analysis20240419_3D_model/03.gif/AA/pngs/fig_101.png, /work/frasergen/3D/work/shaojie/script/HiC/3d_model/analysis20240419_3D_model/03.gif/AA/pngs/fig_111.png, /work/frasergen/3D/work/shaojie/script/HiC/3d_model/analysis20240419_3D_model/03.gif/AA/pngs/fig_121.png, /work/frasergen/3D/work/shaojie/script/HiC/3d_model/analysis20240419_3D_model/03.gif/AA/pngs/fig_131.png, /work/frasergen/3D/work/shaojie/script/HiC/3d_model/analysis20240419_3D_model/03.gif/AA/pngs/fig_141.png, /work/frasergen/3D/work/shaojie/script/HiC/3d_model/analysis20240419_3D_model/03.gif/AA/pngs/fig_151.png, /work/frasergen/3D/work/shaojie/script/HiC/3d_model/analysis20240419_3D_model/03.gif/AA/pngs/fig_161.png, /work/frasergen/3D/work/shaojie/script/HiC/3d_model/analysis20240419_3D_model/03.gif/AA/pngs/fig_171.png, /work/frasergen/3D/work/shaojie/script/HiC/3d_model/analysis20240419_3D_model/03.gif/AA/pngs/fig_181.png, /work/frasergen/3D/work/shaojie/script/HiC/3d_model/analysis20240419_3D_model/03.gif/AA/pngs/fig_191.png, /work/frasergen/3D/work/shaojie/script/HiC/3d_model/analysis20240419_3D_model/03.gif/AA/pngs/fig_201.png, /work/frasergen/3D/work/shaojie/script/HiC/3d_model/analysis20240419_3D_model/03.gif/AA/pngs/fig_211.png, /work/frasergen/3D/work/shaojie/script/HiC/3d_model/analysis20240419_3D_model/03.gif/AA/pngs/fig_221.png, /work/frasergen/3D/work/shaojie/script/HiC/3d_model/analysis20240419_3D_model/03.gif/AA/pngs/fig_231.png
    output: /work/frasergen/3D/work/shaojie/script/HiC/3d_model/analysis20240419_3D_model/03.gif/AA/AA.mp4
    jobid: 181
    wildcards: sample=AA
    resources: tmpdir=/tmp

Submitted job 181 with external jobid 'Submitted batch job 7198866'.
[Fri Apr 26 04:20:50 2024]
Finished job 103.
80 of 82 steps (98%) done
[Fri Apr 26 04:21:00 2024]
Finished job 181.
81 of 82 steps (99%) done

[Fri Apr 26 04:21:01 2024]
localrule all:
    input: /work/frasergen/3D/work/shaojie/script/HiC/3d_model/analysis20240419_3D_model/03.gif/AA/chrs/chr1/chr1.pml, /work/frasergen/3D/work/shaojie/script/HiC/3d_model/analysis20240419_3D_model/03.gif/AA/chrs/chr2/chr2.pml, /work/frasergen/3D/work/shaojie/script/HiC/3d_model/analysis20240419_3D_model/03.gif/AA/chrs/chr3/chr3.pml, /work/frasergen/3D/work/shaojie/script/HiC/3d_model/analysis20240419_3D_model/03.gif/AA/chrs/chr4/chr4.pml, /work/frasergen/3D/work/shaojie/script/HiC/3d_model/analysis20240419_3D_model/03.gif/AA/chrs/chr5/chr5.pml, /work/frasergen/3D/work/shaojie/script/HiC/3d_model/analysis20240419_3D_model/03.gif/AA/chrs/chr6/chr6.pml, /work/frasergen/3D/work/shaojie/script/HiC/3d_model/analysis20240419_3D_model/03.gif/AA/chrs/chr7/chr7.pml, /work/frasergen/3D/work/shaojie/script/HiC/3d_model/analysis20240419_3D_model/03.gif/AA/chrs/chr8/chr8.pml, /work/frasergen/3D/work/shaojie/script/HiC/3d_model/analysis20240419_3D_model/03.gif/AA/chrs/chr9/chr9.pml, /work/frasergen/3D/work/shaojie/script/HiC/3d_model/analysis20240419_3D_model/03.gif/AA/chrs/chr10/chr10.pml, /work/frasergen/3D/work/shaojie/script/HiC/3d_model/analysis20240419_3D_model/03.gif/AA/chrs/chr11/chr11.pml, /work/frasergen/3D/work/shaojie/script/HiC/3d_model/analysis20240419_3D_model/03.gif/AA/chrs/chr12/chr12.pml, /work/frasergen/3D/work/shaojie/script/HiC/3d_model/analysis20240419_3D_model/03.gif/AA/chrs/chr13/chr13.pml, /work/frasergen/3D/work/shaojie/script/HiC/3d_model/analysis20240419_3D_model/03.gif/AA/chrs/chr14/chr14.pml, /work/frasergen/3D/work/shaojie/script/HiC/3d_model/analysis20240419_3D_model/03.gif/AA/chrs/chr15/chr15.pml, /work/frasergen/3D/work/shaojie/script/HiC/3d_model/analysis20240419_3D_model/03.gif/AA/chrs/chr16/chr16.pml, /work/frasergen/3D/work/shaojie/script/HiC/3d_model/analysis20240419_3D_model/03.gif/AA/chrs/chr17/chr17.pml, /work/frasergen/3D/work/shaojie/script/HiC/3d_model/analysis20240419_3D_model/03.gif/AA/chrs/chr18/chr18.pml, /work/frasergen/3D/work/shaojie/script/HiC/3d_model/analysis20240419_3D_model/03.gif/AA/chrs/chr19/chr19.pml, /work/frasergen/3D/work/shaojie/script/HiC/3d_model/analysis20240419_3D_model/03.gif/AA/chrs/chr20/chr20.pml, /work/frasergen/3D/work/shaojie/script/HiC/3d_model/analysis20240419_3D_model/03.gif/AA/chrs/chr21/chr21.pml, /work/frasergen/3D/work/shaojie/script/HiC/3d_model/analysis20240419_3D_model/03.gif/AA/chrs/chr22/chr22.pml, /work/frasergen/3D/work/shaojie/script/HiC/3d_model/analysis20240419_3D_model/03.gif/AA/chrs/chr23/chr23.pml, /work/frasergen/3D/work/shaojie/script/HiC/3d_model/analysis20240419_3D_model/03.gif/AA/chrs/chr24/chr24.pml, /work/frasergen/3D/work/shaojie/script/HiC/3d_model/analysis20240419_3D_model/03.gif/AA/chrs/chr25/chr25.pml, /work/frasergen/3D/work/shaojie/script/HiC/3d_model/analysis20240419_3D_model/03.gif/AA/chrs/chr26/chr26.pml, /work/frasergen/3D/work/shaojie/script/HiC/3d_model/analysis20240419_3D_model/03.gif/AA/chrs/chr27/chr27.pml, /work/frasergen/3D/work/shaojie/script/HiC/3d_model/analysis20240419_3D_model/03.gif/AA/chrs/chr28/chr28.pml, /work/frasergen/3D/work/shaojie/script/HiC/3d_model/analysis20240419_3D_model/03.gif/AA/chrs/chr29/chr29.pml, /work/frasergen/3D/work/shaojie/script/HiC/3d_model/analysis20240419_3D_model/03.gif/AA/chrs/chr30/chr30.pml, /work/frasergen/3D/work/shaojie/script/HiC/3d_model/analysis20240419_3D_model/03.gif/AA/chrs/chr31/chr31.pml, /work/frasergen/3D/work/shaojie/script/HiC/3d_model/analysis20240419_3D_model/03.gif/AA/chrs/chr32/chr32.pml, /work/frasergen/3D/work/shaojie/script/HiC/3d_model/analysis20240419_3D_model/03.gif/AC/chrs/chr1/chr1.pml, /work/frasergen/3D/work/shaojie/script/HiC/3d_model/analysis20240419_3D_model/03.gif/AC/chrs/chr2/chr2.pml, /work/frasergen/3D/work/shaojie/script/HiC/3d_model/analysis20240419_3D_model/03.gif/AC/chrs/chr3/chr3.pml, /work/frasergen/3D/work/shaojie/script/HiC/3d_model/analysis20240419_3D_model/03.gif/AC/chrs/chr4/chr4.pml, /work/frasergen/3D/work/shaojie/script/HiC/3d_model/analysis20240419_3D_model/03.gif/AC/chrs/chr5/chr5.pml, /work/frasergen/3D/work/shaojie/script/HiC/3d_model/analysis20240419_3D_model/03.gif/AC/chrs/chr6/chr6.pml, /work/frasergen/3D/work/shaojie/script/HiC/3d_model/analysis20240419_3D_model/03.gif/AC/chrs/chr7/chr7.pml, /work/frasergen/3D/work/shaojie/script/HiC/3d_model/analysis20240419_3D_model/03.gif/AC/chrs/chr8/chr8.pml, /work/frasergen/3D/work/shaojie/script/HiC/3d_model/analysis20240419_3D_model/03.gif/AC/chrs/chr9/chr9.pml, /work/frasergen/3D/work/shaojie/script/HiC/3d_model/analysis20240419_3D_model/03.gif/AC/chrs/chr10/chr10.pml, /work/frasergen/3D/work/shaojie/script/HiC/3d_model/analysis20240419_3D_model/03.gif/AC/chrs/chr11/chr11.pml, /work/frasergen/3D/work/shaojie/script/HiC/3d_model/analysis20240419_3D_model/03.gif/AC/chrs/chr12/chr12.pml, /work/frasergen/3D/work/shaojie/script/HiC/3d_model/analysis20240419_3D_model/03.gif/AC/chrs/chr13/chr13.pml, /work/frasergen/3D/work/shaojie/script/HiC/3d_model/analysis20240419_3D_model/03.gif/AC/chrs/chr14/chr14.pml, /work/frasergen/3D/work/shaojie/script/HiC/3d_model/analysis20240419_3D_model/03.gif/AC/chrs/chr15/chr15.pml, /work/frasergen/3D/work/shaojie/script/HiC/3d_model/analysis20240419_3D_model/03.gif/AC/chrs/chr16/chr16.pml, /work/frasergen/3D/work/shaojie/script/HiC/3d_model/analysis20240419_3D_model/03.gif/AC/chrs/chr17/chr17.pml, /work/frasergen/3D/work/shaojie/script/HiC/3d_model/analysis20240419_3D_model/03.gif/AC/chrs/chr18/chr18.pml, /work/frasergen/3D/work/shaojie/script/HiC/3d_model/analysis20240419_3D_model/03.gif/AC/chrs/chr19/chr19.pml, /work/frasergen/3D/work/shaojie/script/HiC/3d_model/analysis20240419_3D_model/03.gif/AC/chrs/chr20/chr20.pml, /work/frasergen/3D/work/shaojie/script/HiC/3d_model/analysis20240419_3D_model/03.gif/AC/chrs/chr21/chr21.pml, /work/frasergen/3D/work/shaojie/script/HiC/3d_model/analysis20240419_3D_model/03.gif/AC/chrs/chr22/chr22.pml, /work/frasergen/3D/work/shaojie/script/HiC/3d_model/analysis20240419_3D_model/03.gif/AC/chrs/chr23/chr23.pml, /work/frasergen/3D/work/shaojie/script/HiC/3d_model/analysis20240419_3D_model/03.gif/AC/chrs/chr24/chr24.pml, /work/frasergen/3D/work/shaojie/script/HiC/3d_model/analysis20240419_3D_model/03.gif/AC/chrs/chr25/chr25.pml, /work/frasergen/3D/work/shaojie/script/HiC/3d_model/analysis20240419_3D_model/03.gif/AC/chrs/chr26/chr26.pml, /work/frasergen/3D/work/shaojie/script/HiC/3d_model/analysis20240419_3D_model/03.gif/AC/chrs/chr27/chr27.pml, /work/frasergen/3D/work/shaojie/script/HiC/3d_model/analysis20240419_3D_model/03.gif/AC/chrs/chr28/chr28.pml, /work/frasergen/3D/work/shaojie/script/HiC/3d_model/analysis20240419_3D_model/03.gif/AC/chrs/chr29/chr29.pml, /work/frasergen/3D/work/shaojie/script/HiC/3d_model/analysis20240419_3D_model/03.gif/AC/chrs/chr30/chr30.pml, /work/frasergen/3D/work/shaojie/script/HiC/3d_model/analysis20240419_3D_model/03.gif/AC/chrs/chr31/chr31.pml, /work/frasergen/3D/work/shaojie/script/HiC/3d_model/analysis20240419_3D_model/03.gif/AC/chrs/chr32/chr32.pml, /work/frasergen/3D/work/shaojie/script/HiC/3d_model/analysis20240419_3D_model/03.gif/AG/chrs/chr1/chr1.pml, /work/frasergen/3D/work/shaojie/script/HiC/3d_model/analysis20240419_3D_model/03.gif/AG/chrs/chr2/chr2.pml, /work/frasergen/3D/work/shaojie/script/HiC/3d_model/analysis20240419_3D_model/03.gif/AG/chrs/chr3/chr3.pml, /work/frasergen/3D/work/shaojie/script/HiC/3d_model/analysis20240419_3D_model/03.gif/AG/chrs/chr4/chr4.pml, /work/frasergen/3D/work/shaojie/script/HiC/3d_model/analysis20240419_3D_model/03.gif/AG/chrs/chr5/chr5.pml, /work/frasergen/3D/work/shaojie/script/HiC/3d_model/analysis20240419_3D_model/03.gif/AG/chrs/chr6/chr6.pml, /work/frasergen/3D/work/shaojie/script/HiC/3d_model/analysis20240419_3D_model/03.gif/AG/chrs/chr7/chr7.pml, /work/frasergen/3D/work/shaojie/script/HiC/3d_model/analysis20240419_3D_model/03.gif/AG/chrs/chr8/chr8.pml, /work/frasergen/3D/work/shaojie/script/HiC/3d_model/analysis20240419_3D_model/03.gif/AG/chrs/chr9/chr9.pml, /work/frasergen/3D/work/shaojie/script/HiC/3d_model/analysis20240419_3D_model/03.gif/AG/chrs/chr10/chr10.pml, /work/frasergen/3D/work/shaojie/script/HiC/3d_model/analysis20240419_3D_model/03.gif/AG/chrs/chr11/chr11.pml, /work/frasergen/3D/work/shaojie/script/HiC/3d_model/analysis20240419_3D_model/03.gif/AG/chrs/chr12/chr12.pml, /work/frasergen/3D/work/shaojie/script/HiC/3d_model/analysis20240419_3D_model/03.gif/AG/chrs/chr13/chr13.pml, /work/frasergen/3D/work/shaojie/script/HiC/3d_model/analysis20240419_3D_model/03.gif/AG/chrs/chr14/chr14.pml, /work/frasergen/3D/work/shaojie/script/HiC/3d_model/analysis20240419_3D_model/03.gif/AG/chrs/chr15/chr15.pml, /work/frasergen/3D/work/shaojie/script/HiC/3d_model/analysis20240419_3D_model/03.gif/AG/chrs/chr16/chr16.pml, /work/frasergen/3D/work/shaojie/script/HiC/3d_model/analysis20240419_3D_model/03.gif/AG/chrs/chr17/chr17.pml, /work/frasergen/3D/work/shaojie/script/HiC/3d_model/analysis20240419_3D_model/03.gif/AG/chrs/chr18/chr18.pml, /work/frasergen/3D/work/shaojie/script/HiC/3d_model/analysis20240419_3D_model/03.gif/AG/chrs/chr19/chr19.pml, /work/frasergen/3D/work/shaojie/script/HiC/3d_model/analysis20240419_3D_model/03.gif/AG/chrs/chr20/chr20.pml, /work/frasergen/3D/work/shaojie/script/HiC/3d_model/analysis20240419_3D_model/03.gif/AG/chrs/chr21/chr21.pml, /work/frasergen/3D/work/shaojie/script/HiC/3d_model/analysis20240419_3D_model/03.gif/AG/chrs/chr22/chr22.pml, /work/frasergen/3D/work/shaojie/script/HiC/3d_model/analysis20240419_3D_model/03.gif/AG/chrs/chr23/chr23.pml, /work/frasergen/3D/work/shaojie/script/HiC/3d_model/analysis20240419_3D_model/03.gif/AG/chrs/chr24/chr24.pml, /work/frasergen/3D/work/shaojie/script/HiC/3d_model/analysis20240419_3D_model/03.gif/AG/chrs/chr25/chr25.pml, /work/frasergen/3D/work/shaojie/script/HiC/3d_model/analysis20240419_3D_model/03.gif/AG/chrs/chr26/chr26.pml, /work/frasergen/3D/work/shaojie/script/HiC/3d_model/analysis20240419_3D_model/03.gif/AG/chrs/chr27/chr27.pml, /work/frasergen/3D/work/shaojie/script/HiC/3d_model/analysis20240419_3D_model/03.gif/AG/chrs/chr28/chr28.pml, /work/frasergen/3D/work/shaojie/script/HiC/3d_model/analysis20240419_3D_model/03.gif/AG/chrs/chr29/chr29.pml, /work/frasergen/3D/work/shaojie/script/HiC/3d_model/analysis20240419_3D_model/03.gif/AG/chrs/chr30/chr30.pml, /work/frasergen/3D/work/shaojie/script/HiC/3d_model/analysis20240419_3D_model/03.gif/AG/chrs/chr31/chr31.pml, /work/frasergen/3D/work/shaojie/script/HiC/3d_model/analysis20240419_3D_model/03.gif/AG/chrs/chr32/chr32.pml, /work/frasergen/3D/work/shaojie/script/HiC/3d_model/analysis20240419_3D_model/03.gif/AA/AA.gif, /work/frasergen/3D/work/shaojie/script/HiC/3d_model/analysis20240419_3D_model/03.gif/AC/AC.gif, /work/frasergen/3D/work/shaojie/script/HiC/3d_model/analysis20240419_3D_model/03.gif/AG/AG.gif, /work/frasergen/3D/work/shaojie/script/HiC/3d_model/analysis20240419_3D_model/03.gif/AA/AA.mp4, /work/frasergen/3D/work/shaojie/script/HiC/3d_model/analysis20240419_3D_model/03.gif/AC/AC.mp4, /work/frasergen/3D/work/shaojie/script/HiC/3d_model/analysis20240419_3D_model/03.gif/AG/AG.mp4
    jobid: 0
    resources: tmpdir=/tmp

[Fri Apr 26 04:21:01 2024]
Finished job 0.
82 of 82 steps (100%) done
Complete log: /work/frasergen/3D/work/shaojie/script/HiC/3d_model/.snakemake/log/2024-04-25T222608.726833.snakemake.log
