Building DAG of jobs...
Using shell: /usr/bin/bash
Provided cluster nodes: 48
Job stats:
job         count    min threads    max threads
--------  -------  -------------  -------------
merge_z         1              1              1
rotate_z       18              1              1
total          19              1              1

Select jobs to execute...

[Wed May 15 09:37:53 2024]
rule rotate_z:
    input: /work/frasergen/3D/work/shaojie/script/HiC/3d_model/231402_rice_20240510/02.3d_model/H-CK-599/H-CK-599.pml
    output: /work/frasergen/3D/work/shaojie/script/HiC/3d_model/231402_rice_20240510/02.3d_model/H-CK-599/rotate_z/rotate_z_002.png
    jobid: 3
    wildcards: sample=H-CK-599, batch1=002
    resources: mem_mb=1000, disk_mb=1000, tmpdir=/tmp

Submitted job 3 with external jobid 'Submitted batch job 7726887'.

[Wed May 15 09:37:53 2024]
rule rotate_z:
    input: /work/frasergen/3D/work/shaojie/script/HiC/3d_model/231402_rice_20240510/02.3d_model/H-CK-599/H-CK-599.pml
    output: /work/frasergen/3D/work/shaojie/script/HiC/3d_model/231402_rice_20240510/02.3d_model/H-CK-599/rotate_z/rotate_z_016.png
    jobid: 17
    wildcards: sample=H-CK-599, batch1=016
    resources: mem_mb=1000, disk_mb=1000, tmpdir=/tmp

Submitted job 17 with external jobid 'Submitted batch job 7726888'.

[Wed May 15 09:37:53 2024]
rule rotate_z:
    input: /work/frasergen/3D/work/shaojie/script/HiC/3d_model/231402_rice_20240510/02.3d_model/H-CK-599/H-CK-599.pml
    output: /work/frasergen/3D/work/shaojie/script/HiC/3d_model/231402_rice_20240510/02.3d_model/H-CK-599/rotate_z/rotate_z_009.png
    jobid: 10
    wildcards: sample=H-CK-599, batch1=009
    resources: mem_mb=1000, disk_mb=1000, tmpdir=/tmp

Submitted job 10 with external jobid 'Submitted batch job 7726889'.

[Wed May 15 09:37:54 2024]
rule rotate_z:
    input: /work/frasergen/3D/work/shaojie/script/HiC/3d_model/231402_rice_20240510/02.3d_model/H-CK-599/H-CK-599.pml
    output: /work/frasergen/3D/work/shaojie/script/HiC/3d_model/231402_rice_20240510/02.3d_model/H-CK-599/rotate_z/rotate_z_004.png
    jobid: 5
    wildcards: sample=H-CK-599, batch1=004
    resources: mem_mb=1000, disk_mb=1000, tmpdir=/tmp

Submitted job 5 with external jobid 'Submitted batch job 7726890'.

[Wed May 15 09:37:54 2024]
rule rotate_z:
    input: /work/frasergen/3D/work/shaojie/script/HiC/3d_model/231402_rice_20240510/02.3d_model/H-CK-599/H-CK-599.pml
    output: /work/frasergen/3D/work/shaojie/script/HiC/3d_model/231402_rice_20240510/02.3d_model/H-CK-599/rotate_z/rotate_z_018.png
    jobid: 19
    wildcards: sample=H-CK-599, batch1=018
    resources: mem_mb=1000, disk_mb=1000, tmpdir=/tmp

Submitted job 19 with external jobid 'Submitted batch job 7726891'.

[Wed May 15 09:37:54 2024]
rule rotate_z:
    input: /work/frasergen/3D/work/shaojie/script/HiC/3d_model/231402_rice_20240510/02.3d_model/H-CK-599/H-CK-599.pml
    output: /work/frasergen/3D/work/shaojie/script/HiC/3d_model/231402_rice_20240510/02.3d_model/H-CK-599/rotate_z/rotate_z_011.png
    jobid: 12
    wildcards: sample=H-CK-599, batch1=011
    resources: mem_mb=1000, disk_mb=1000, tmpdir=/tmp

Submitted job 12 with external jobid 'Submitted batch job 7726892'.

[Wed May 15 09:37:54 2024]
rule rotate_z:
    input: /work/frasergen/3D/work/shaojie/script/HiC/3d_model/231402_rice_20240510/02.3d_model/H-CK-599/H-CK-599.pml
    output: /work/frasergen/3D/work/shaojie/script/HiC/3d_model/231402_rice_20240510/02.3d_model/H-CK-599/rotate_z/rotate_z_006.png
    jobid: 7
    wildcards: sample=H-CK-599, batch1=006
    resources: mem_mb=1000, disk_mb=1000, tmpdir=/tmp

Submitted job 7 with external jobid 'Submitted batch job 7726893'.

[Wed May 15 09:37:55 2024]
rule rotate_z:
    input: /work/frasergen/3D/work/shaojie/script/HiC/3d_model/231402_rice_20240510/02.3d_model/H-CK-599/H-CK-599.pml
    output: /work/frasergen/3D/work/shaojie/script/HiC/3d_model/231402_rice_20240510/02.3d_model/H-CK-599/rotate_z/rotate_z_013.png
    jobid: 14
    wildcards: sample=H-CK-599, batch1=013
    resources: mem_mb=1000, disk_mb=1000, tmpdir=/tmp

Submitted job 14 with external jobid 'Submitted batch job 7726894'.

[Wed May 15 09:37:55 2024]
rule rotate_z:
    input: /work/frasergen/3D/work/shaojie/script/HiC/3d_model/231402_rice_20240510/02.3d_model/H-CK-599/H-CK-599.pml
    output: /work/frasergen/3D/work/shaojie/script/HiC/3d_model/231402_rice_20240510/02.3d_model/H-CK-599/rotate_z/rotate_z_008.png
    jobid: 9
    wildcards: sample=H-CK-599, batch1=008
    resources: mem_mb=1000, disk_mb=1000, tmpdir=/tmp

Submitted job 9 with external jobid 'Submitted batch job 7726895'.

[Wed May 15 09:37:55 2024]
rule rotate_z:
    input: /work/frasergen/3D/work/shaojie/script/HiC/3d_model/231402_rice_20240510/02.3d_model/H-CK-599/H-CK-599.pml
    output: /work/frasergen/3D/work/shaojie/script/HiC/3d_model/231402_rice_20240510/02.3d_model/H-CK-599/rotate_z/rotate_z_001.png
    jobid: 2
    wildcards: sample=H-CK-599, batch1=001
    resources: mem_mb=1000, disk_mb=1000, tmpdir=/tmp

Submitted job 2 with external jobid 'Submitted batch job 7726896'.

[Wed May 15 09:37:55 2024]
rule rotate_z:
    input: /work/frasergen/3D/work/shaojie/script/HiC/3d_model/231402_rice_20240510/02.3d_model/H-CK-599/H-CK-599.pml
    output: /work/frasergen/3D/work/shaojie/script/HiC/3d_model/231402_rice_20240510/02.3d_model/H-CK-599/rotate_z/rotate_z_015.png
    jobid: 16
    wildcards: sample=H-CK-599, batch1=015
    resources: mem_mb=1000, disk_mb=1000, tmpdir=/tmp

Submitted job 16 with external jobid 'Submitted batch job 7726897'.

[Wed May 15 09:37:55 2024]
rule rotate_z:
    input: /work/frasergen/3D/work/shaojie/script/HiC/3d_model/231402_rice_20240510/02.3d_model/H-CK-599/H-CK-599.pml
    output: /work/frasergen/3D/work/shaojie/script/HiC/3d_model/231402_rice_20240510/02.3d_model/H-CK-599/rotate_z/rotate_z_003.png
    jobid: 4
    wildcards: sample=H-CK-599, batch1=003
    resources: mem_mb=1000, disk_mb=1000, tmpdir=/tmp

Submitted job 4 with external jobid 'Submitted batch job 7726898'.

[Wed May 15 09:37:56 2024]
rule rotate_z:
    input: /work/frasergen/3D/work/shaojie/script/HiC/3d_model/231402_rice_20240510/02.3d_model/H-CK-599/H-CK-599.pml
    output: /work/frasergen/3D/work/shaojie/script/HiC/3d_model/231402_rice_20240510/02.3d_model/H-CK-599/rotate_z/rotate_z_017.png
    jobid: 18
    wildcards: sample=H-CK-599, batch1=017
    resources: mem_mb=1000, disk_mb=1000, tmpdir=/tmp

Submitted job 18 with external jobid 'Submitted batch job 7726899'.

[Wed May 15 09:37:56 2024]
rule rotate_z:
    input: /work/frasergen/3D/work/shaojie/script/HiC/3d_model/231402_rice_20240510/02.3d_model/H-CK-599/H-CK-599.pml
    output: /work/frasergen/3D/work/shaojie/script/HiC/3d_model/231402_rice_20240510/02.3d_model/H-CK-599/rotate_z/rotate_z_010.png
    jobid: 11
    wildcards: sample=H-CK-599, batch1=010
    resources: mem_mb=1000, disk_mb=1000, tmpdir=/tmp

Submitted job 11 with external jobid 'Submitted batch job 7726900'.

[Wed May 15 09:37:56 2024]
rule rotate_z:
    input: /work/frasergen/3D/work/shaojie/script/HiC/3d_model/231402_rice_20240510/02.3d_model/H-CK-599/H-CK-599.pml
    output: /work/frasergen/3D/work/shaojie/script/HiC/3d_model/231402_rice_20240510/02.3d_model/H-CK-599/rotate_z/rotate_z_005.png
    jobid: 6
    wildcards: sample=H-CK-599, batch1=005
    resources: mem_mb=1000, disk_mb=1000, tmpdir=/tmp

Submitted job 6 with external jobid 'Submitted batch job 7726901'.

[Wed May 15 09:37:57 2024]
rule rotate_z:
    input: /work/frasergen/3D/work/shaojie/script/HiC/3d_model/231402_rice_20240510/02.3d_model/H-CK-599/H-CK-599.pml
    output: /work/frasergen/3D/work/shaojie/script/HiC/3d_model/231402_rice_20240510/02.3d_model/H-CK-599/rotate_z/rotate_z_012.png
    jobid: 13
    wildcards: sample=H-CK-599, batch1=012
    resources: mem_mb=1000, disk_mb=1000, tmpdir=/tmp

Submitted job 13 with external jobid 'Submitted batch job 7726902'.

[Wed May 15 09:37:57 2024]
rule rotate_z:
    input: /work/frasergen/3D/work/shaojie/script/HiC/3d_model/231402_rice_20240510/02.3d_model/H-CK-599/H-CK-599.pml
    output: /work/frasergen/3D/work/shaojie/script/HiC/3d_model/231402_rice_20240510/02.3d_model/H-CK-599/rotate_z/rotate_z_007.png
    jobid: 8
    wildcards: sample=H-CK-599, batch1=007
    resources: mem_mb=1000, disk_mb=1000, tmpdir=/tmp

Submitted job 8 with external jobid 'Submitted batch job 7726903'.

[Wed May 15 09:37:57 2024]
rule rotate_z:
    input: /work/frasergen/3D/work/shaojie/script/HiC/3d_model/231402_rice_20240510/02.3d_model/H-CK-599/H-CK-599.pml
    output: /work/frasergen/3D/work/shaojie/script/HiC/3d_model/231402_rice_20240510/02.3d_model/H-CK-599/rotate_z/rotate_z_014.png
    jobid: 15
    wildcards: sample=H-CK-599, batch1=014
    resources: mem_mb=1000, disk_mb=1000, tmpdir=/tmp

Submitted job 15 with external jobid 'Submitted batch job 7726904'.
[Wed May 15 09:38:25 2024]
Finished job 3.
1 of 57 steps (2%) done
[Wed May 15 09:38:25 2024]
Finished job 17.
2 of 57 steps (4%) done
[Wed May 15 09:38:25 2024]
Finished job 10.
3 of 57 steps (5%) done
[Wed May 15 09:38:25 2024]
Finished job 5.
4 of 57 steps (7%) done
[Wed May 15 09:38:25 2024]
Finished job 19.
5 of 57 steps (9%) done
[Wed May 15 09:38:25 2024]
Finished job 12.
6 of 57 steps (11%) done
[Wed May 15 09:38:25 2024]
Finished job 7.
7 of 57 steps (12%) done
[Wed May 15 09:38:25 2024]
Finished job 14.
8 of 57 steps (14%) done
[Wed May 15 09:38:25 2024]
Finished job 9.
9 of 57 steps (16%) done
[Wed May 15 09:38:25 2024]
Finished job 2.
10 of 57 steps (18%) done
[Wed May 15 09:38:26 2024]
Finished job 16.
11 of 57 steps (19%) done
[Wed May 15 09:38:26 2024]
Finished job 4.
12 of 57 steps (21%) done
[Wed May 15 09:38:26 2024]
Finished job 18.
13 of 57 steps (23%) done
[Wed May 15 09:38:26 2024]
Finished job 11.
14 of 57 steps (25%) done
[Wed May 15 09:38:26 2024]
Finished job 6.
15 of 57 steps (26%) done
[Wed May 15 09:38:26 2024]
Finished job 13.
16 of 57 steps (28%) done
[Wed May 15 09:38:26 2024]
Finished job 8.
17 of 57 steps (30%) done
[Wed May 15 09:38:26 2024]
Finished job 15.
18 of 57 steps (32%) done
Select jobs to execute...

[Wed May 15 09:38:26 2024]
rule merge_z:
    input: /work/frasergen/3D/work/shaojie/script/HiC/3d_model/231402_rice_20240510/02.3d_model/H-CK-599/rotate_z/rotate_z_001.png, /work/frasergen/3D/work/shaojie/script/HiC/3d_model/231402_rice_20240510/02.3d_model/H-CK-599/rotate_z/rotate_z_002.png, /work/frasergen/3D/work/shaojie/script/HiC/3d_model/231402_rice_20240510/02.3d_model/H-CK-599/rotate_z/rotate_z_003.png, /work/frasergen/3D/work/shaojie/script/HiC/3d_model/231402_rice_20240510/02.3d_model/H-CK-599/rotate_z/rotate_z_004.png, /work/frasergen/3D/work/shaojie/script/HiC/3d_model/231402_rice_20240510/02.3d_model/H-CK-599/rotate_z/rotate_z_005.png, /work/frasergen/3D/work/shaojie/script/HiC/3d_model/231402_rice_20240510/02.3d_model/H-CK-599/rotate_z/rotate_z_006.png, /work/frasergen/3D/work/shaojie/script/HiC/3d_model/231402_rice_20240510/02.3d_model/H-CK-599/rotate_z/rotate_z_007.png, /work/frasergen/3D/work/shaojie/script/HiC/3d_model/231402_rice_20240510/02.3d_model/H-CK-599/rotate_z/rotate_z_008.png, /work/frasergen/3D/work/shaojie/script/HiC/3d_model/231402_rice_20240510/02.3d_model/H-CK-599/rotate_z/rotate_z_009.png, /work/frasergen/3D/work/shaojie/script/HiC/3d_model/231402_rice_20240510/02.3d_model/H-CK-599/rotate_z/rotate_z_010.png, /work/frasergen/3D/work/shaojie/script/HiC/3d_model/231402_rice_20240510/02.3d_model/H-CK-599/rotate_z/rotate_z_011.png, /work/frasergen/3D/work/shaojie/script/HiC/3d_model/231402_rice_20240510/02.3d_model/H-CK-599/rotate_z/rotate_z_012.png, /work/frasergen/3D/work/shaojie/script/HiC/3d_model/231402_rice_20240510/02.3d_model/H-CK-599/rotate_z/rotate_z_013.png, /work/frasergen/3D/work/shaojie/script/HiC/3d_model/231402_rice_20240510/02.3d_model/H-CK-599/rotate_z/rotate_z_014.png, /work/frasergen/3D/work/shaojie/script/HiC/3d_model/231402_rice_20240510/02.3d_model/H-CK-599/rotate_z/rotate_z_015.png, /work/frasergen/3D/work/shaojie/script/HiC/3d_model/231402_rice_20240510/02.3d_model/H-CK-599/rotate_z/rotate_z_016.png, /work/frasergen/3D/work/shaojie/script/HiC/3d_model/231402_rice_20240510/02.3d_model/H-CK-599/rotate_z/rotate_z_017.png, /work/frasergen/3D/work/shaojie/script/HiC/3d_model/231402_rice_20240510/02.3d_model/H-CK-599/rotate_z/rotate_z_018.png
    output: /work/frasergen/3D/work/shaojie/script/HiC/3d_model/231402_rice_20240510/02.3d_model/H-CK-599/rotate_z/merge.png
    jobid: 1
    wildcards: sample=H-CK-599
    resources: mem_mb=1000, disk_mb=1000, tmpdir=/tmp

export PATH=/public/frasergen/PUB/software/python/Python-3.7.7/bin:$PATH python3 /public/frasergen/3D/pipeline/Interactome/hic3_workflow/scripts/figure_util.py combine_figure --out-image /work/frasergen/3D/work/shaojie/script/HiC/3d_model/231402_rice_20240510/02.3d_model/H-CK-599/rotate_z/merge.png --ncol 6 /work/frasergen/3D/work/shaojie/script/HiC/3d_model/231402_rice_20240510/02.3d_model/H-CK-599/rotate_z/rotate_z_001.png /work/frasergen/3D/work/shaojie/script/HiC/3d_model/231402_rice_20240510/02.3d_model/H-CK-599/rotate_z/rotate_z_002.png /work/frasergen/3D/work/shaojie/script/HiC/3d_model/231402_rice_20240510/02.3d_model/H-CK-599/rotate_z/rotate_z_003.png /work/frasergen/3D/work/shaojie/script/HiC/3d_model/231402_rice_20240510/02.3d_model/H-CK-599/rotate_z/rotate_z_004.png /work/frasergen/3D/work/shaojie/script/HiC/3d_model/231402_rice_20240510/02.3d_model/H-CK-599/rotate_z/rotate_z_005.png /work/frasergen/3D/work/shaojie/script/HiC/3d_model/231402_rice_20240510/02.3d_model/H-CK-599/rotate_z/rotate_z_006.png /work/frasergen/3D/work/shaojie/script/HiC/3d_model/231402_rice_20240510/02.3d_model/H-CK-599/rotate_z/rotate_z_007.png /work/frasergen/3D/work/shaojie/script/HiC/3d_model/231402_rice_20240510/02.3d_model/H-CK-599/rotate_z/rotate_z_008.png /work/frasergen/3D/work/shaojie/script/HiC/3d_model/231402_rice_20240510/02.3d_model/H-CK-599/rotate_z/rotate_z_009.png /work/frasergen/3D/work/shaojie/script/HiC/3d_model/231402_rice_20240510/02.3d_model/H-CK-599/rotate_z/rotate_z_010.png /work/frasergen/3D/work/shaojie/script/HiC/3d_model/231402_rice_20240510/02.3d_model/H-CK-599/rotate_z/rotate_z_011.png /work/frasergen/3D/work/shaojie/script/HiC/3d_model/231402_rice_20240510/02.3d_model/H-CK-599/rotate_z/rotate_z_012.png /work/frasergen/3D/work/shaojie/script/HiC/3d_model/231402_rice_20240510/02.3d_model/H-CK-599/rotate_z/rotate_z_013.png /work/frasergen/3D/work/shaojie/script/HiC/3d_model/231402_rice_20240510/02.3d_model/H-CK-599/rotate_z/rotate_z_014.png /work/frasergen/3D/work/shaojie/script/HiC/3d_model/231402_rice_20240510/02.3d_model/H-CK-599/rotate_z/rotate_z_015.png /work/frasergen/3D/work/shaojie/script/HiC/3d_model/231402_rice_20240510/02.3d_model/H-CK-599/rotate_z/rotate_z_016.png /work/frasergen/3D/work/shaojie/script/HiC/3d_model/231402_rice_20240510/02.3d_model/H-CK-599/rotate_z/rotate_z_017.png /work/frasergen/3D/work/shaojie/script/HiC/3d_model/231402_rice_20240510/02.3d_model/H-CK-599/rotate_z/rotate_z_018.png
Submitted job 1 with external jobid 'Submitted batch job 7726913'.
[Wed May 15 09:38:36 2024]
Error in rule merge_z:
    jobid: 1
    output: /work/frasergen/3D/work/shaojie/script/HiC/3d_model/231402_rice_20240510/02.3d_model/H-CK-599/rotate_z/merge.png
    shell:
        export PATH=/public/frasergen/PUB/software/python/Python-3.7.7/bin:$PATH python3 /public/frasergen/3D/pipeline/Interactome/hic3_workflow/scripts/figure_util.py combine_figure --out-image /work/frasergen/3D/work/shaojie/script/HiC/3d_model/231402_rice_20240510/02.3d_model/H-CK-599/rotate_z/merge.png --ncol 6 /work/frasergen/3D/work/shaojie/script/HiC/3d_model/231402_rice_20240510/02.3d_model/H-CK-599/rotate_z/rotate_z_001.png /work/frasergen/3D/work/shaojie/script/HiC/3d_model/231402_rice_20240510/02.3d_model/H-CK-599/rotate_z/rotate_z_002.png /work/frasergen/3D/work/shaojie/script/HiC/3d_model/231402_rice_20240510/02.3d_model/H-CK-599/rotate_z/rotate_z_003.png /work/frasergen/3D/work/shaojie/script/HiC/3d_model/231402_rice_20240510/02.3d_model/H-CK-599/rotate_z/rotate_z_004.png /work/frasergen/3D/work/shaojie/script/HiC/3d_model/231402_rice_20240510/02.3d_model/H-CK-599/rotate_z/rotate_z_005.png /work/frasergen/3D/work/shaojie/script/HiC/3d_model/231402_rice_20240510/02.3d_model/H-CK-599/rotate_z/rotate_z_006.png /work/frasergen/3D/work/shaojie/script/HiC/3d_model/231402_rice_20240510/02.3d_model/H-CK-599/rotate_z/rotate_z_007.png /work/frasergen/3D/work/shaojie/script/HiC/3d_model/231402_rice_20240510/02.3d_model/H-CK-599/rotate_z/rotate_z_008.png /work/frasergen/3D/work/shaojie/script/HiC/3d_model/231402_rice_20240510/02.3d_model/H-CK-599/rotate_z/rotate_z_009.png /work/frasergen/3D/work/shaojie/script/HiC/3d_model/231402_rice_20240510/02.3d_model/H-CK-599/rotate_z/rotate_z_010.png /work/frasergen/3D/work/shaojie/script/HiC/3d_model/231402_rice_20240510/02.3d_model/H-CK-599/rotate_z/rotate_z_011.png /work/frasergen/3D/work/shaojie/script/HiC/3d_model/231402_rice_20240510/02.3d_model/H-CK-599/rotate_z/rotate_z_012.png /work/frasergen/3D/work/shaojie/script/HiC/3d_model/231402_rice_20240510/02.3d_model/H-CK-599/rotate_z/rotate_z_013.png /work/frasergen/3D/work/shaojie/script/HiC/3d_model/231402_rice_20240510/02.3d_model/H-CK-599/rotate_z/rotate_z_014.png /work/frasergen/3D/work/shaojie/script/HiC/3d_model/231402_rice_20240510/02.3d_model/H-CK-599/rotate_z/rotate_z_015.png /work/frasergen/3D/work/shaojie/script/HiC/3d_model/231402_rice_20240510/02.3d_model/H-CK-599/rotate_z/rotate_z_016.png /work/frasergen/3D/work/shaojie/script/HiC/3d_model/231402_rice_20240510/02.3d_model/H-CK-599/rotate_z/rotate_z_017.png /work/frasergen/3D/work/shaojie/script/HiC/3d_model/231402_rice_20240510/02.3d_model/H-CK-599/rotate_z/rotate_z_018.png
        (one of the commands exited with non-zero exit code; note that snakemake uses bash strict mode!)
    cluster_jobid: Submitted batch job 7726913

Error executing rule merge_z on cluster (jobid: 1, external: Submitted batch job 7726913, jobscript: /work/frasergen/3D/work/shaojie/script/HiC/3d_model/.snakemake/tmp.efsc4b8v/snakejob.merge_z.1.sh). For error details see the cluster log and the log files of the involved rule(s).
Shutting down, this might take some time.
Exiting because a job execution failed. Look above for error message
Complete log: .snakemake/log/2024-05-15T093744.296661.snakemake.log
