Building DAG of jobs...
Using shell: /usr/bin/bash
Provided cluster nodes: 2
Job stats:
job            count    min threads    max threads
-----------  -------  -------------  -------------
all                1              1              1
chrom              2              1              1
fill_matrix        2              1              1
gif                2              1              1
mp4                2              1              1
pastis             2              1              1
pml                2              1              1
png                2              1              1
total             15              1              1


[Fri Mar 29 10:33:31 2024]
rule fill_matrix:
    input: /work/frasergen/backup/3d/project/Interactome/240033_kcybgj_20240313/04.HiC/01.ref/asm904v1.fa.fai, /work/frasergen/backup/3d/project/Interactome/240033_kcybgj_20240313/04.HiC/04.map/Delta-abrB/asm904v1/asm904v1-all-MboI-5k_ICed.hm
    output: /work/frasergen/backup/3d/project/Interactome/240033_kcybgj_20240313/04.HiC/14.3d_model/01.matrix_fill/Delta-abrB/work.sh
    jobid: 1
    wildcards: sample=Delta-abrB
    resources: tmpdir=/tmp

Submitted job 1 with external jobid 'Submitted batch job 6694347'.

[Fri Mar 29 10:33:31 2024]
rule fill_matrix:
    input: /work/frasergen/backup/3d/project/Interactome/240033_kcybgj_20240313/04.HiC/01.ref/asm904v1.fa.fai, /work/frasergen/backup/3d/project/Interactome/240033_kcybgj_20240313/04.HiC/04.map/Bs168/asm904v1/asm904v1-all-MboI-5k_ICed.hm
    output: /work/frasergen/backup/3d/project/Interactome/240033_kcybgj_20240313/04.HiC/14.3d_model/01.matrix_fill/Bs168/work.sh
    jobid: 2
    wildcards: sample=Bs168
    resources: tmpdir=/tmp

Submitted job 2 with external jobid 'Submitted batch job 6694348'.
[Fri Mar 29 10:34:01 2024]
Finished job 1.
1 of 15 steps (7%) done

[Fri Mar 29 10:34:01 2024]
rule pastis:
    input: /work/frasergen/backup/3d/project/Interactome/240033_kcybgj_20240313/04.HiC/14.3d_model/01.matrix_fill/Delta-abrB/work.sh
    output: /work/frasergen/backup/3d/project/Interactome/240033_kcybgj_20240313/04.HiC/14.3d_model/02.3d_model/Delta-abrB/Delta-abrB.pdb
    jobid: 3
    wildcards: sample=Delta-abrB
    resources: tmpdir=/tmp

[Fri Mar 29 10:34:01 2024]
Finished job 2.
2 of 15 steps (13%) done
Submitted job 3 with external jobid 'Submitted batch job 6694356'.

[Fri Mar 29 10:34:01 2024]
rule pastis:
    input: /work/frasergen/backup/3d/project/Interactome/240033_kcybgj_20240313/04.HiC/14.3d_model/01.matrix_fill/Bs168/work.sh
    output: /work/frasergen/backup/3d/project/Interactome/240033_kcybgj_20240313/04.HiC/14.3d_model/02.3d_model/Bs168/Bs168.pdb
    jobid: 4
    wildcards: sample=Bs168
    resources: tmpdir=/tmp

Submitted job 4 with external jobid 'Submitted batch job 6694357'.
[Fri Mar 29 10:34:41 2024]
Finished job 3.
3 of 15 steps (20%) done

[Fri Mar 29 10:34:41 2024]
rule pml:
    input: /work/frasergen/backup/3d/project/Interactome/240033_kcybgj_20240313/04.HiC/14.3d_model/02.3d_model/Delta-abrB/Delta-abrB.pdb
    output: /work/frasergen/backup/3d/project/Interactome/240033_kcybgj_20240313/04.HiC/14.3d_model/02.3d_model/Delta-abrB/Delta-abrB.pml
    jobid: 6
    wildcards: sample=Delta-abrB
    resources: tmpdir=/tmp

[Fri Mar 29 10:34:41 2024]
Finished job 4.
4 of 15 steps (27%) done
Submitted job 6 with external jobid 'Submitted batch job 6694360'.

[Fri Mar 29 10:34:41 2024]
rule pml:
    input: /work/frasergen/backup/3d/project/Interactome/240033_kcybgj_20240313/04.HiC/14.3d_model/02.3d_model/Bs168/Bs168.pdb
    output: /work/frasergen/backup/3d/project/Interactome/240033_kcybgj_20240313/04.HiC/14.3d_model/02.3d_model/Bs168/Bs168.pml
    jobid: 8
    wildcards: sample=Bs168
    resources: tmpdir=/tmp

Submitted job 8 with external jobid 'Submitted batch job 6694361'.
[Fri Mar 29 10:35:01 2024]
Finished job 6.
5 of 15 steps (33%) done

[Fri Mar 29 10:35:01 2024]
rule chrom:
    input: /work/frasergen/backup/3d/project/Interactome/240033_kcybgj_20240313/04.HiC/14.3d_model/02.3d_model/Delta-abrB/Delta-abrB.pml
    output: /work/frasergen/backup/3d/project/Interactome/240033_kcybgj_20240313/04.HiC/14.3d_model/03.gif/Delta-abrB/chrs/chr1/chr1.pml
    jobid: 5
    wildcards: sample=Delta-abrB, chrom=chr1
    resources: tmpdir=/tmp

[Fri Mar 29 10:35:01 2024]
Finished job 8.
6 of 15 steps (40%) done
Submitted job 5 with external jobid 'Submitted batch job 6694362'.

[Fri Mar 29 10:35:01 2024]
rule png:
    input: /work/frasergen/backup/3d/project/Interactome/240033_kcybgj_20240313/04.HiC/14.3d_model/02.3d_model/Delta-abrB/Delta-abrB.pml
    output: /work/frasergen/backup/3d/project/Interactome/240033_kcybgj_20240313/04.HiC/14.3d_model/03.gif/Delta-abrB/pngs/fig_240.png
    jobid: 9
    wildcards: sample=Delta-abrB
    resources: tmpdir=/tmp

Submitted job 9 with external jobid 'Submitted batch job 6694363'.
[Fri Mar 29 10:35:51 2024]
Finished job 5.
7 of 15 steps (47%) done

[Fri Mar 29 10:35:51 2024]
rule chrom:
    input: /work/frasergen/backup/3d/project/Interactome/240033_kcybgj_20240313/04.HiC/14.3d_model/02.3d_model/Bs168/Bs168.pml
    output: /work/frasergen/backup/3d/project/Interactome/240033_kcybgj_20240313/04.HiC/14.3d_model/03.gif/Bs168/chrs/chr1/chr1.pml
    jobid: 7
    wildcards: sample=Bs168, chrom=chr1
    resources: tmpdir=/tmp

Submitted job 7 with external jobid 'Submitted batch job 6694368'.
[Fri Mar 29 10:36:31 2024]
Error in rule chrom:
    jobid: 7
    output: /work/frasergen/backup/3d/project/Interactome/240033_kcybgj_20240313/04.HiC/14.3d_model/03.gif/Bs168/chrs/chr1/chr1.pml
    cluster_jobid: Submitted batch job 6694368

Error executing rule chrom on cluster (jobid: 7, external: Submitted batch job 6694368, jobscript: /work/frasergen/3D/work/shaojie/script/HiC/3d_model/.snakemake/tmp.tnpiko34/snakejob.chrom.7.sh). For error details see the cluster log and the log files of the involved rule(s).
