Building DAG of jobs...
Using shell: /usr/bin/bash
Provided cluster nodes: 2
Job stats:
job      count    min threads    max threads
-----  -------  -------------  -------------
pml          2              1              1
total        2              1              1


[Fri Mar 29 10:21:35 2024]
rule pml:
    input: /work/frasergen/backup/3d/project/Interactome/240033_kcybgj_20240313/04.HiC/14.3d_model/02.3d_model/Delta-abrB/Delta-abrB.pdb
    output: /work/frasergen/backup/3d/project/Interactome/240033_kcybgj_20240313/04.HiC/14.3d_model/02.3d_model/Delta-abrB/Delta-abrB.pml
    jobid: 6
    wildcards: sample=Delta-abrB
    resources: tmpdir=/tmp

Submitted job 6 with external jobid 'Submitted batch job 6694243'.

[Fri Mar 29 10:21:35 2024]
rule pml:
    input: /work/frasergen/backup/3d/project/Interactome/240033_kcybgj_20240313/04.HiC/14.3d_model/02.3d_model/Bs168/Bs168.pdb
    output: /work/frasergen/backup/3d/project/Interactome/240033_kcybgj_20240313/04.HiC/14.3d_model/02.3d_model/Bs168/Bs168.pml
    jobid: 8
    wildcards: sample=Bs168
    resources: tmpdir=/tmp

Submitted job 8 with external jobid 'Submitted batch job 6694244'.
[Fri Mar 29 10:22:05 2024]
Finished job 6.
1 of 11 steps (9%) done
[Fri Mar 29 10:22:05 2024]
Finished job 8.
2 of 11 steps (18%) done
Complete log: /work/frasergen/3D/work/shaojie/script/HiC/3d_model/.snakemake/log/2024-03-29T102119.399501.snakemake.log
