Building DAG of jobs...
Using shell: /usr/bin/bash
Provided cluster nodes: 2
Job stats:
job            count    min threads    max threads
-----------  -------  -------------  -------------
fill_matrix        2              1              1
pastis             2              1              1
total              4              1              1


[Fri Mar 29 10:02:25 2024]
rule fill_matrix:
    input: /work/frasergen/backup/3d/project/Interactome/240033_kcybgj_20240313/04.HiC/01.ref/asm904v1.fa.fai, /work/frasergen/backup/3d/project/Interactome/240033_kcybgj_20240313/04.HiC/04.map/Delta-abrB/asm904v1/asm904v1-all-MboI-1k_ICed.hm
    output: /work/frasergen/backup/3d/project/Interactome/240033_kcybgj_20240313/04.HiC/14.3d_model_test/01.matrix_fill/Delta-abrB/work.sh
    jobid: 1
    wildcards: sample=Delta-abrB
    resources: tmpdir=/tmp

Submitted job 1 with external jobid 'Submitted batch job 6694070'.

[Fri Mar 29 10:02:26 2024]
rule fill_matrix:
    input: /work/frasergen/backup/3d/project/Interactome/240033_kcybgj_20240313/04.HiC/01.ref/asm904v1.fa.fai, /work/frasergen/backup/3d/project/Interactome/240033_kcybgj_20240313/04.HiC/04.map/Bs168/asm904v1/asm904v1-all-MboI-1k_ICed.hm
    output: /work/frasergen/backup/3d/project/Interactome/240033_kcybgj_20240313/04.HiC/14.3d_model_test/01.matrix_fill/Bs168/work.sh
    jobid: 2
    wildcards: sample=Bs168
    resources: tmpdir=/tmp

Submitted job 2 with external jobid 'Submitted batch job 6694071'.
[Fri Mar 29 10:03:05 2024]
Error in rule fill_matrix:
    jobid: 1
    output: /work/frasergen/backup/3d/project/Interactome/240033_kcybgj_20240313/04.HiC/14.3d_model_test/01.matrix_fill/Delta-abrB/work.sh
    cluster_jobid: Submitted batch job 6694070

Error executing rule fill_matrix on cluster (jobid: 1, external: Submitted batch job 6694070, jobscript: /work/frasergen/3D/work/shaojie/script/HiC/3d_model/.snakemake/tmp.o0w77mhv/snakejob.fill_matrix.1.sh). For error details see the cluster log and the log files of the involved rule(s).
[Fri Mar 29 10:03:05 2024]
Error in rule fill_matrix:
    jobid: 2
    output: /work/frasergen/backup/3d/project/Interactome/240033_kcybgj_20240313/04.HiC/14.3d_model_test/01.matrix_fill/Bs168/work.sh
    cluster_jobid: Submitted batch job 6694071

Error executing rule fill_matrix on cluster (jobid: 2, external: Submitted batch job 6694071, jobscript: /work/frasergen/3D/work/shaojie/script/HiC/3d_model/.snakemake/tmp.o0w77mhv/snakejob.fill_matrix.2.sh). For error details see the cluster log and the log files of the involved rule(s).
Shutting down, this might take some time.
Exiting because a job execution failed. Look above for error message
Complete log: /work/frasergen/3D/work/shaojie/script/HiC/3d_model/.snakemake/log/2024-03-29T100209.244997.snakemake.log
