Building DAG of jobs...
Using shell: /usr/bin/bash
Provided cluster nodes: 48
Job stats:
job      count    min threads    max threads
-----  -------  -------------  -------------
all          1              1              1
chrom        2              1              1
gif          2              1              1
png         48              1              1
total       53              1              1


[Mon May 13 19:11:58 2024]
rule png:
    input: /work/frasergen/backup/3d/project/Interactome/240033_kcybgj_20240313/04.HiC/14.3d_model/02.3d_model/Bs168/Bs168.pdb, /work/frasergen/backup/3d/project/Interactome/240033_kcybgj_20240313/04.HiC/14.3d_model/02.3d_model/Bs168/Bs168.pml
    output: /work/frasergen/backup/3d/project/Interactome/240033_kcybgj_20240313/04.HiC/14.3d_model/03.gif/Bs168/pngs/fig_140.png
    jobid: 42
    wildcards: sample=Bs168, batch=140
    resources: tmpdir=/tmp

Submitted job 42 with external jobid 'Submitted batch job 7699366'.

[Mon May 13 19:11:58 2024]
rule png:
    input: /work/frasergen/backup/3d/project/Interactome/240033_kcybgj_20240313/04.HiC/14.3d_model/02.3d_model/Delta-abrB/Delta-abrB.pdb, /work/frasergen/backup/3d/project/Interactome/240033_kcybgj_20240313/04.HiC/14.3d_model/02.3d_model/Delta-abrB/Delta-abrB.pml
    output: /work/frasergen/backup/3d/project/Interactome/240033_kcybgj_20240313/04.HiC/14.3d_model/03.gif/Delta-abrB/pngs/fig_110.png
    jobid: 14
    wildcards: sample=Delta-abrB, batch=110
    resources: tmpdir=/tmp

Submitted job 14 with external jobid 'Submitted batch job 7699367'.

[Mon May 13 19:11:58 2024]
rule png:
    input: /work/frasergen/backup/3d/project/Interactome/240033_kcybgj_20240313/04.HiC/14.3d_model/02.3d_model/Bs168/Bs168.pdb, /work/frasergen/backup/3d/project/Interactome/240033_kcybgj_20240313/04.HiC/14.3d_model/02.3d_model/Bs168/Bs168.pml
    output: /work/frasergen/backup/3d/project/Interactome/240033_kcybgj_20240313/04.HiC/14.3d_model/03.gif/Bs168/pngs/fig_080.png
    jobid: 36
    wildcards: sample=Bs168, batch=080
    resources: tmpdir=/tmp

Submitted job 36 with external jobid 'Submitted batch job 7699368'.

[Mon May 13 19:11:58 2024]
rule png:
    input: /work/frasergen/backup/3d/project/Interactome/240033_kcybgj_20240313/04.HiC/14.3d_model/02.3d_model/Delta-abrB/Delta-abrB.pdb, /work/frasergen/backup/3d/project/Interactome/240033_kcybgj_20240313/04.HiC/14.3d_model/02.3d_model/Delta-abrB/Delta-abrB.pml
    output: /work/frasergen/backup/3d/project/Interactome/240033_kcybgj_20240313/04.HiC/14.3d_model/03.gif/Delta-abrB/pngs/fig_190.png
    jobid: 22
    wildcards: sample=Delta-abrB, batch=190
    resources: tmpdir=/tmp

Submitted job 22 with external jobid 'Submitted batch job 7699369'.

[Mon May 13 19:11:58 2024]
rule png:
    input: /work/frasergen/backup/3d/project/Interactome/240033_kcybgj_20240313/04.HiC/14.3d_model/02.3d_model/Delta-abrB/Delta-abrB.pdb, /work/frasergen/backup/3d/project/Interactome/240033_kcybgj_20240313/04.HiC/14.3d_model/02.3d_model/Delta-abrB/Delta-abrB.pml
    output: /work/frasergen/backup/3d/project/Interactome/240033_kcybgj_20240313/04.HiC/14.3d_model/03.gif/Delta-abrB/pngs/fig_050.png
    jobid: 8
    wildcards: sample=Delta-abrB, batch=050
    resources: tmpdir=/tmp

Submitted job 8 with external jobid 'Submitted batch job 7699370'.

[Mon May 13 19:11:59 2024]
rule png:
    input: /work/frasergen/backup/3d/project/Interactome/240033_kcybgj_20240313/04.HiC/14.3d_model/02.3d_model/Bs168/Bs168.pdb, /work/frasergen/backup/3d/project/Interactome/240033_kcybgj_20240313/04.HiC/14.3d_model/02.3d_model/Bs168/Bs168.pml
    output: /work/frasergen/backup/3d/project/Interactome/240033_kcybgj_20240313/04.HiC/14.3d_model/03.gif/Bs168/pngs/fig_220.png
    jobid: 50
    wildcards: sample=Bs168, batch=220
    resources: tmpdir=/tmp

Submitted job 50 with external jobid 'Submitted batch job 7699371'.

[Mon May 13 19:11:59 2024]
rule chrom:
    input: /work/frasergen/backup/3d/project/Interactome/240033_kcybgj_20240313/04.HiC/14.3d_model/02.3d_model/Delta-abrB/Delta-abrB.pdb, /work/frasergen/backup/3d/project/Interactome/240033_kcybgj_20240313/04.HiC/14.3d_model/02.3d_model/Delta-abrB/Delta-abrB.pml
    output: /work/frasergen/backup/3d/project/Interactome/240033_kcybgj_20240313/04.HiC/14.3d_model/03.gif/Delta-abrB/chrs/chr1/chr1_2.png
    jobid: 1
    wildcards: sample=Delta-abrB, chrom=chr1
    resources: tmpdir=/tmp

Submitted job 1 with external jobid 'Submitted batch job 7699372'.

[Mon May 13 19:11:59 2024]
rule png:
    input: /work/frasergen/backup/3d/project/Interactome/240033_kcybgj_20240313/04.HiC/14.3d_model/02.3d_model/Delta-abrB/Delta-abrB.pdb, /work/frasergen/backup/3d/project/Interactome/240033_kcybgj_20240313/04.HiC/14.3d_model/02.3d_model/Delta-abrB/Delta-abrB.pml
    output: /work/frasergen/backup/3d/project/Interactome/240033_kcybgj_20240313/04.HiC/14.3d_model/03.gif/Delta-abrB/pngs/fig_120.png
    jobid: 15
    wildcards: sample=Delta-abrB, batch=120
    resources: tmpdir=/tmp

Submitted job 15 with external jobid 'Submitted batch job 7699373'.

[Mon May 13 19:11:59 2024]
rule png:
    input: /work/frasergen/backup/3d/project/Interactome/240033_kcybgj_20240313/04.HiC/14.3d_model/02.3d_model/Bs168/Bs168.pdb, /work/frasergen/backup/3d/project/Interactome/240033_kcybgj_20240313/04.HiC/14.3d_model/02.3d_model/Bs168/Bs168.pml
    output: /work/frasergen/backup/3d/project/Interactome/240033_kcybgj_20240313/04.HiC/14.3d_model/03.gif/Bs168/pngs/fig_010.png
    jobid: 29
    wildcards: sample=Bs168, batch=010
    resources: tmpdir=/tmp

Submitted job 29 with external jobid 'Submitted batch job 7699374'.

[Mon May 13 19:12:00 2024]
rule png:
    input: /work/frasergen/backup/3d/project/Interactome/240033_kcybgj_20240313/04.HiC/14.3d_model/02.3d_model/Bs168/Bs168.pdb, /work/frasergen/backup/3d/project/Interactome/240033_kcybgj_20240313/04.HiC/14.3d_model/02.3d_model/Bs168/Bs168.pml
    output: /work/frasergen/backup/3d/project/Interactome/240033_kcybgj_20240313/04.HiC/14.3d_model/03.gif/Bs168/pngs/fig_150.png
    jobid: 43
    wildcards: sample=Bs168, batch=150
    resources: tmpdir=/tmp

Submitted job 43 with external jobid 'Submitted batch job 7699375'.

[Mon May 13 19:12:00 2024]
rule png:
    input: /work/frasergen/backup/3d/project/Interactome/240033_kcybgj_20240313/04.HiC/14.3d_model/02.3d_model/Bs168/Bs168.pdb, /work/frasergen/backup/3d/project/Interactome/240033_kcybgj_20240313/04.HiC/14.3d_model/02.3d_model/Bs168/Bs168.pml
    output: /work/frasergen/backup/3d/project/Interactome/240033_kcybgj_20240313/04.HiC/14.3d_model/03.gif/Bs168/pngs/fig_230.png
    jobid: 51
    wildcards: sample=Bs168, batch=230
    resources: tmpdir=/tmp

Submitted job 51 with external jobid 'Submitted batch job 7699376'.

[Mon May 13 19:12:00 2024]
rule png:
    input: /work/frasergen/backup/3d/project/Interactome/240033_kcybgj_20240313/04.HiC/14.3d_model/02.3d_model/Bs168/Bs168.pdb, /work/frasergen/backup/3d/project/Interactome/240033_kcybgj_20240313/04.HiC/14.3d_model/02.3d_model/Bs168/Bs168.pml
    output: /work/frasergen/backup/3d/project/Interactome/240033_kcybgj_20240313/04.HiC/14.3d_model/03.gif/Bs168/pngs/fig_090.png
    jobid: 37
    wildcards: sample=Bs168, batch=090
    resources: tmpdir=/tmp

Submitted job 37 with external jobid 'Submitted batch job 7699377'.

[Mon May 13 19:12:00 2024]
rule png:
    input: /work/frasergen/backup/3d/project/Interactome/240033_kcybgj_20240313/04.HiC/14.3d_model/02.3d_model/Delta-abrB/Delta-abrB.pdb, /work/frasergen/backup/3d/project/Interactome/240033_kcybgj_20240313/04.HiC/14.3d_model/02.3d_model/Delta-abrB/Delta-abrB.pml
    output: /work/frasergen/backup/3d/project/Interactome/240033_kcybgj_20240313/04.HiC/14.3d_model/03.gif/Delta-abrB/pngs/fig_060.png
    jobid: 9
    wildcards: sample=Delta-abrB, batch=060
    resources: tmpdir=/tmp

Submitted job 9 with external jobid 'Submitted batch job 7699378'.

[Mon May 13 19:12:01 2024]
rule png:
    input: /work/frasergen/backup/3d/project/Interactome/240033_kcybgj_20240313/04.HiC/14.3d_model/02.3d_model/Delta-abrB/Delta-abrB.pdb, /work/frasergen/backup/3d/project/Interactome/240033_kcybgj_20240313/04.HiC/14.3d_model/02.3d_model/Delta-abrB/Delta-abrB.pml
    output: /work/frasergen/backup/3d/project/Interactome/240033_kcybgj_20240313/04.HiC/14.3d_model/03.gif/Delta-abrB/pngs/fig_200.png
    jobid: 23
    wildcards: sample=Delta-abrB, batch=200
    resources: tmpdir=/tmp

Submitted job 23 with external jobid 'Submitted batch job 7699379'.

[Mon May 13 19:12:01 2024]
rule chrom:
    input: /work/frasergen/backup/3d/project/Interactome/240033_kcybgj_20240313/04.HiC/14.3d_model/02.3d_model/Bs168/Bs168.pdb, /work/frasergen/backup/3d/project/Interactome/240033_kcybgj_20240313/04.HiC/14.3d_model/02.3d_model/Bs168/Bs168.pml
    output: /work/frasergen/backup/3d/project/Interactome/240033_kcybgj_20240313/04.HiC/14.3d_model/03.gif/Bs168/chrs/chr1/chr1_2.png
    jobid: 2
    wildcards: sample=Bs168, chrom=chr1
    resources: tmpdir=/tmp

Submitted job 2 with external jobid 'Submitted batch job 7699380'.

[Mon May 13 19:12:01 2024]
rule png:
    input: /work/frasergen/backup/3d/project/Interactome/240033_kcybgj_20240313/04.HiC/14.3d_model/02.3d_model/Delta-abrB/Delta-abrB.pdb, /work/frasergen/backup/3d/project/Interactome/240033_kcybgj_20240313/04.HiC/14.3d_model/02.3d_model/Delta-abrB/Delta-abrB.pml
    output: /work/frasergen/backup/3d/project/Interactome/240033_kcybgj_20240313/04.HiC/14.3d_model/03.gif/Delta-abrB/pngs/fig_130.png
    jobid: 16
    wildcards: sample=Delta-abrB, batch=130
    resources: tmpdir=/tmp

Submitted job 16 with external jobid 'Submitted batch job 7699381'.

[Mon May 13 19:12:01 2024]
rule png:
    input: /work/frasergen/backup/3d/project/Interactome/240033_kcybgj_20240313/04.HiC/14.3d_model/02.3d_model/Bs168/Bs168.pdb, /work/frasergen/backup/3d/project/Interactome/240033_kcybgj_20240313/04.HiC/14.3d_model/02.3d_model/Bs168/Bs168.pml
    output: /work/frasergen/backup/3d/project/Interactome/240033_kcybgj_20240313/04.HiC/14.3d_model/03.gif/Bs168/pngs/fig_020.png
    jobid: 30
    wildcards: sample=Bs168, batch=020
    resources: tmpdir=/tmp

Submitted job 30 with external jobid 'Submitted batch job 7699382'.

[Mon May 13 19:12:02 2024]
rule png:
    input: /work/frasergen/backup/3d/project/Interactome/240033_kcybgj_20240313/04.HiC/14.3d_model/02.3d_model/Bs168/Bs168.pdb, /work/frasergen/backup/3d/project/Interactome/240033_kcybgj_20240313/04.HiC/14.3d_model/02.3d_model/Bs168/Bs168.pml
    output: /work/frasergen/backup/3d/project/Interactome/240033_kcybgj_20240313/04.HiC/14.3d_model/03.gif/Bs168/pngs/fig_160.png
    jobid: 44
    wildcards: sample=Bs168, batch=160
    resources: tmpdir=/tmp

Submitted job 44 with external jobid 'Submitted batch job 7699383'.

[Mon May 13 19:12:02 2024]
rule png:
    input: /work/frasergen/backup/3d/project/Interactome/240033_kcybgj_20240313/04.HiC/14.3d_model/02.3d_model/Delta-abrB/Delta-abrB.pdb, /work/frasergen/backup/3d/project/Interactome/240033_kcybgj_20240313/04.HiC/14.3d_model/02.3d_model/Delta-abrB/Delta-abrB.pml
    output: /work/frasergen/backup/3d/project/Interactome/240033_kcybgj_20240313/04.HiC/14.3d_model/03.gif/Delta-abrB/pngs/fig_070.png
    jobid: 10
    wildcards: sample=Delta-abrB, batch=070
    resources: tmpdir=/tmp

Submitted job 10 with external jobid 'Submitted batch job 7699384'.

[Mon May 13 19:12:02 2024]
rule png:
    input: /work/frasergen/backup/3d/project/Interactome/240033_kcybgj_20240313/04.HiC/14.3d_model/02.3d_model/Delta-abrB/Delta-abrB.pdb, /work/frasergen/backup/3d/project/Interactome/240033_kcybgj_20240313/04.HiC/14.3d_model/02.3d_model/Delta-abrB/Delta-abrB.pml
    output: /work/frasergen/backup/3d/project/Interactome/240033_kcybgj_20240313/04.HiC/14.3d_model/03.gif/Delta-abrB/pngs/fig_210.png
    jobid: 24
    wildcards: sample=Delta-abrB, batch=210
    resources: tmpdir=/tmp

Submitted job 24 with external jobid 'Submitted batch job 7699385'.

[Mon May 13 19:12:02 2024]
rule png:
    input: /work/frasergen/backup/3d/project/Interactome/240033_kcybgj_20240313/04.HiC/14.3d_model/02.3d_model/Bs168/Bs168.pdb, /work/frasergen/backup/3d/project/Interactome/240033_kcybgj_20240313/04.HiC/14.3d_model/02.3d_model/Bs168/Bs168.pml
    output: /work/frasergen/backup/3d/project/Interactome/240033_kcybgj_20240313/04.HiC/14.3d_model/03.gif/Bs168/pngs/fig_100.png
    jobid: 38
    wildcards: sample=Bs168, batch=100
    resources: tmpdir=/tmp

Submitted job 38 with external jobid 'Submitted batch job 7699386'.

[Mon May 13 19:12:02 2024]
rule png:
    input: /work/frasergen/backup/3d/project/Interactome/240033_kcybgj_20240313/04.HiC/14.3d_model/02.3d_model/Bs168/Bs168.pdb, /work/frasergen/backup/3d/project/Interactome/240033_kcybgj_20240313/04.HiC/14.3d_model/02.3d_model/Bs168/Bs168.pml
    output: /work/frasergen/backup/3d/project/Interactome/240033_kcybgj_20240313/04.HiC/14.3d_model/03.gif/Bs168/pngs/fig_240.png
    jobid: 52
    wildcards: sample=Bs168, batch=240
    resources: tmpdir=/tmp

Submitted job 52 with external jobid 'Submitted batch job 7699387'.

[Mon May 13 19:12:03 2024]
rule png:
    input: /work/frasergen/backup/3d/project/Interactome/240033_kcybgj_20240313/04.HiC/14.3d_model/02.3d_model/Delta-abrB/Delta-abrB.pdb, /work/frasergen/backup/3d/project/Interactome/240033_kcybgj_20240313/04.HiC/14.3d_model/02.3d_model/Delta-abrB/Delta-abrB.pml
    output: /work/frasergen/backup/3d/project/Interactome/240033_kcybgj_20240313/04.HiC/14.3d_model/03.gif/Delta-abrB/pngs/fig_140.png
    jobid: 17
    wildcards: sample=Delta-abrB, batch=140
    resources: tmpdir=/tmp

Submitted job 17 with external jobid 'Submitted batch job 7699388'.

[Mon May 13 19:12:03 2024]
rule png:
    input: /work/frasergen/backup/3d/project/Interactome/240033_kcybgj_20240313/04.HiC/14.3d_model/02.3d_model/Bs168/Bs168.pdb, /work/frasergen/backup/3d/project/Interactome/240033_kcybgj_20240313/04.HiC/14.3d_model/02.3d_model/Bs168/Bs168.pml
    output: /work/frasergen/backup/3d/project/Interactome/240033_kcybgj_20240313/04.HiC/14.3d_model/03.gif/Bs168/pngs/fig_030.png
    jobid: 31
    wildcards: sample=Bs168, batch=030
    resources: tmpdir=/tmp

Submitted job 31 with external jobid 'Submitted batch job 7699389'.

[Mon May 13 19:12:03 2024]
rule png:
    input: /work/frasergen/backup/3d/project/Interactome/240033_kcybgj_20240313/04.HiC/14.3d_model/02.3d_model/Bs168/Bs168.pdb, /work/frasergen/backup/3d/project/Interactome/240033_kcybgj_20240313/04.HiC/14.3d_model/02.3d_model/Bs168/Bs168.pml
    output: /work/frasergen/backup/3d/project/Interactome/240033_kcybgj_20240313/04.HiC/14.3d_model/03.gif/Bs168/pngs/fig_170.png
    jobid: 45
    wildcards: sample=Bs168, batch=170
    resources: tmpdir=/tmp

Submitted job 45 with external jobid 'Submitted batch job 7699390'.

[Mon May 13 19:12:03 2024]
rule png:
    input: /work/frasergen/backup/3d/project/Interactome/240033_kcybgj_20240313/04.HiC/14.3d_model/02.3d_model/Delta-abrB/Delta-abrB.pdb, /work/frasergen/backup/3d/project/Interactome/240033_kcybgj_20240313/04.HiC/14.3d_model/02.3d_model/Delta-abrB/Delta-abrB.pml
    output: /work/frasergen/backup/3d/project/Interactome/240033_kcybgj_20240313/04.HiC/14.3d_model/03.gif/Delta-abrB/pngs/fig_080.png
    jobid: 11
    wildcards: sample=Delta-abrB, batch=080
    resources: tmpdir=/tmp

Submitted job 11 with external jobid 'Submitted batch job 7699391'.

[Mon May 13 19:12:04 2024]
rule png:
    input: /work/frasergen/backup/3d/project/Interactome/240033_kcybgj_20240313/04.HiC/14.3d_model/02.3d_model/Delta-abrB/Delta-abrB.pdb, /work/frasergen/backup/3d/project/Interactome/240033_kcybgj_20240313/04.HiC/14.3d_model/02.3d_model/Delta-abrB/Delta-abrB.pml
    output: /work/frasergen/backup/3d/project/Interactome/240033_kcybgj_20240313/04.HiC/14.3d_model/03.gif/Delta-abrB/pngs/fig_220.png
    jobid: 25
    wildcards: sample=Delta-abrB, batch=220
    resources: tmpdir=/tmp

Submitted job 25 with external jobid 'Submitted batch job 7699392'.

[Mon May 13 19:12:04 2024]
rule png:
    input: /work/frasergen/backup/3d/project/Interactome/240033_kcybgj_20240313/04.HiC/14.3d_model/02.3d_model/Bs168/Bs168.pdb, /work/frasergen/backup/3d/project/Interactome/240033_kcybgj_20240313/04.HiC/14.3d_model/02.3d_model/Bs168/Bs168.pml
    output: /work/frasergen/backup/3d/project/Interactome/240033_kcybgj_20240313/04.HiC/14.3d_model/03.gif/Bs168/pngs/fig_110.png
    jobid: 39
    wildcards: sample=Bs168, batch=110
    resources: tmpdir=/tmp

Submitted job 39 with external jobid 'Submitted batch job 7699393'.

[Mon May 13 19:12:04 2024]
rule png:
    input: /work/frasergen/backup/3d/project/Interactome/240033_kcybgj_20240313/04.HiC/14.3d_model/02.3d_model/Delta-abrB/Delta-abrB.pdb, /work/frasergen/backup/3d/project/Interactome/240033_kcybgj_20240313/04.HiC/14.3d_model/02.3d_model/Delta-abrB/Delta-abrB.pml
    output: /work/frasergen/backup/3d/project/Interactome/240033_kcybgj_20240313/04.HiC/14.3d_model/03.gif/Delta-abrB/pngs/fig_040.png
    jobid: 7
    wildcards: sample=Delta-abrB, batch=040
    resources: tmpdir=/tmp

Submitted job 7 with external jobid 'Submitted batch job 7699394'.

[Mon May 13 19:12:04 2024]
rule png:
    input: /work/frasergen/backup/3d/project/Interactome/240033_kcybgj_20240313/04.HiC/14.3d_model/02.3d_model/Delta-abrB/Delta-abrB.pdb, /work/frasergen/backup/3d/project/Interactome/240033_kcybgj_20240313/04.HiC/14.3d_model/02.3d_model/Delta-abrB/Delta-abrB.pml
    output: /work/frasergen/backup/3d/project/Interactome/240033_kcybgj_20240313/04.HiC/14.3d_model/03.gif/Delta-abrB/pngs/fig_010.png
    jobid: 4
    wildcards: sample=Delta-abrB, batch=010
    resources: tmpdir=/tmp

Submitted job 4 with external jobid 'Submitted batch job 7699395'.

[Mon May 13 19:12:04 2024]
rule png:
    input: /work/frasergen/backup/3d/project/Interactome/240033_kcybgj_20240313/04.HiC/14.3d_model/02.3d_model/Delta-abrB/Delta-abrB.pdb, /work/frasergen/backup/3d/project/Interactome/240033_kcybgj_20240313/04.HiC/14.3d_model/02.3d_model/Delta-abrB/Delta-abrB.pml
    output: /work/frasergen/backup/3d/project/Interactome/240033_kcybgj_20240313/04.HiC/14.3d_model/03.gif/Delta-abrB/pngs/fig_150.png
    jobid: 18
    wildcards: sample=Delta-abrB, batch=150
    resources: tmpdir=/tmp

Submitted job 18 with external jobid 'Submitted batch job 7699396'.

[Mon May 13 19:12:05 2024]
rule png:
    input: /work/frasergen/backup/3d/project/Interactome/240033_kcybgj_20240313/04.HiC/14.3d_model/02.3d_model/Bs168/Bs168.pdb, /work/frasergen/backup/3d/project/Interactome/240033_kcybgj_20240313/04.HiC/14.3d_model/02.3d_model/Bs168/Bs168.pml
    output: /work/frasergen/backup/3d/project/Interactome/240033_kcybgj_20240313/04.HiC/14.3d_model/03.gif/Bs168/pngs/fig_040.png
    jobid: 32
    wildcards: sample=Bs168, batch=040
    resources: tmpdir=/tmp

Submitted job 32 with external jobid 'Submitted batch job 7699397'.

[Mon May 13 19:12:05 2024]
rule png:
    input: /work/frasergen/backup/3d/project/Interactome/240033_kcybgj_20240313/04.HiC/14.3d_model/02.3d_model/Bs168/Bs168.pdb, /work/frasergen/backup/3d/project/Interactome/240033_kcybgj_20240313/04.HiC/14.3d_model/02.3d_model/Bs168/Bs168.pml
    output: /work/frasergen/backup/3d/project/Interactome/240033_kcybgj_20240313/04.HiC/14.3d_model/03.gif/Bs168/pngs/fig_180.png
    jobid: 46
    wildcards: sample=Bs168, batch=180
    resources: tmpdir=/tmp

Submitted job 46 with external jobid 'Submitted batch job 7699398'.

[Mon May 13 19:12:05 2024]
rule png:
    input: /work/frasergen/backup/3d/project/Interactome/240033_kcybgj_20240313/04.HiC/14.3d_model/02.3d_model/Delta-abrB/Delta-abrB.pdb, /work/frasergen/backup/3d/project/Interactome/240033_kcybgj_20240313/04.HiC/14.3d_model/02.3d_model/Delta-abrB/Delta-abrB.pml
    output: /work/frasergen/backup/3d/project/Interactome/240033_kcybgj_20240313/04.HiC/14.3d_model/03.gif/Delta-abrB/pngs/fig_090.png
    jobid: 12
    wildcards: sample=Delta-abrB, batch=090
    resources: tmpdir=/tmp

Submitted job 12 with external jobid 'Submitted batch job 7699399'.

[Mon May 13 19:12:05 2024]
rule png:
    input: /work/frasergen/backup/3d/project/Interactome/240033_kcybgj_20240313/04.HiC/14.3d_model/02.3d_model/Delta-abrB/Delta-abrB.pdb, /work/frasergen/backup/3d/project/Interactome/240033_kcybgj_20240313/04.HiC/14.3d_model/02.3d_model/Delta-abrB/Delta-abrB.pml
    output: /work/frasergen/backup/3d/project/Interactome/240033_kcybgj_20240313/04.HiC/14.3d_model/03.gif/Delta-abrB/pngs/fig_230.png
    jobid: 26
    wildcards: sample=Delta-abrB, batch=230
    resources: tmpdir=/tmp

Submitted job 26 with external jobid 'Submitted batch job 7699400'.

[Mon May 13 19:12:06 2024]
rule png:
    input: /work/frasergen/backup/3d/project/Interactome/240033_kcybgj_20240313/04.HiC/14.3d_model/02.3d_model/Bs168/Bs168.pdb, /work/frasergen/backup/3d/project/Interactome/240033_kcybgj_20240313/04.HiC/14.3d_model/02.3d_model/Bs168/Bs168.pml
    output: /work/frasergen/backup/3d/project/Interactome/240033_kcybgj_20240313/04.HiC/14.3d_model/03.gif/Bs168/pngs/fig_120.png
    jobid: 40
    wildcards: sample=Bs168, batch=120
    resources: tmpdir=/tmp

Submitted job 40 with external jobid 'Submitted batch job 7699401'.

[Mon May 13 19:12:06 2024]
rule png:
    input: /work/frasergen/backup/3d/project/Interactome/240033_kcybgj_20240313/04.HiC/14.3d_model/02.3d_model/Delta-abrB/Delta-abrB.pdb, /work/frasergen/backup/3d/project/Interactome/240033_kcybgj_20240313/04.HiC/14.3d_model/02.3d_model/Delta-abrB/Delta-abrB.pml
    output: /work/frasergen/backup/3d/project/Interactome/240033_kcybgj_20240313/04.HiC/14.3d_model/03.gif/Delta-abrB/pngs/fig_020.png
    jobid: 5
    wildcards: sample=Delta-abrB, batch=020
    resources: tmpdir=/tmp

Submitted job 5 with external jobid 'Submitted batch job 7699402'.

[Mon May 13 19:12:06 2024]
rule png:
    input: /work/frasergen/backup/3d/project/Interactome/240033_kcybgj_20240313/04.HiC/14.3d_model/02.3d_model/Delta-abrB/Delta-abrB.pdb, /work/frasergen/backup/3d/project/Interactome/240033_kcybgj_20240313/04.HiC/14.3d_model/02.3d_model/Delta-abrB/Delta-abrB.pml
    output: /work/frasergen/backup/3d/project/Interactome/240033_kcybgj_20240313/04.HiC/14.3d_model/03.gif/Delta-abrB/pngs/fig_160.png
    jobid: 19
    wildcards: sample=Delta-abrB, batch=160
    resources: tmpdir=/tmp

Submitted job 19 with external jobid 'Submitted batch job 7699403'.

[Mon May 13 19:12:06 2024]
rule png:
    input: /work/frasergen/backup/3d/project/Interactome/240033_kcybgj_20240313/04.HiC/14.3d_model/02.3d_model/Bs168/Bs168.pdb, /work/frasergen/backup/3d/project/Interactome/240033_kcybgj_20240313/04.HiC/14.3d_model/02.3d_model/Bs168/Bs168.pml
    output: /work/frasergen/backup/3d/project/Interactome/240033_kcybgj_20240313/04.HiC/14.3d_model/03.gif/Bs168/pngs/fig_050.png
    jobid: 33
    wildcards: sample=Bs168, batch=050
    resources: tmpdir=/tmp

Submitted job 33 with external jobid 'Submitted batch job 7699404'.

[Mon May 13 19:12:06 2024]
rule png:
    input: /work/frasergen/backup/3d/project/Interactome/240033_kcybgj_20240313/04.HiC/14.3d_model/02.3d_model/Bs168/Bs168.pdb, /work/frasergen/backup/3d/project/Interactome/240033_kcybgj_20240313/04.HiC/14.3d_model/02.3d_model/Bs168/Bs168.pml
    output: /work/frasergen/backup/3d/project/Interactome/240033_kcybgj_20240313/04.HiC/14.3d_model/03.gif/Bs168/pngs/fig_190.png
    jobid: 47
    wildcards: sample=Bs168, batch=190
    resources: tmpdir=/tmp

Submitted job 47 with external jobid 'Submitted batch job 7699405'.

[Mon May 13 19:12:07 2024]
rule png:
    input: /work/frasergen/backup/3d/project/Interactome/240033_kcybgj_20240313/04.HiC/14.3d_model/02.3d_model/Delta-abrB/Delta-abrB.pdb, /work/frasergen/backup/3d/project/Interactome/240033_kcybgj_20240313/04.HiC/14.3d_model/02.3d_model/Delta-abrB/Delta-abrB.pml
    output: /work/frasergen/backup/3d/project/Interactome/240033_kcybgj_20240313/04.HiC/14.3d_model/03.gif/Delta-abrB/pngs/fig_180.png
    jobid: 21
    wildcards: sample=Delta-abrB, batch=180
    resources: tmpdir=/tmp

Submitted job 21 with external jobid 'Submitted batch job 7699406'.

[Mon May 13 19:12:07 2024]
rule png:
    input: /work/frasergen/backup/3d/project/Interactome/240033_kcybgj_20240313/04.HiC/14.3d_model/02.3d_model/Bs168/Bs168.pdb, /work/frasergen/backup/3d/project/Interactome/240033_kcybgj_20240313/04.HiC/14.3d_model/02.3d_model/Bs168/Bs168.pml
    output: /work/frasergen/backup/3d/project/Interactome/240033_kcybgj_20240313/04.HiC/14.3d_model/03.gif/Bs168/pngs/fig_070.png
    jobid: 35
    wildcards: sample=Bs168, batch=070
    resources: tmpdir=/tmp

Submitted job 35 with external jobid 'Submitted batch job 7699407'.

[Mon May 13 19:12:07 2024]
rule png:
    input: /work/frasergen/backup/3d/project/Interactome/240033_kcybgj_20240313/04.HiC/14.3d_model/02.3d_model/Delta-abrB/Delta-abrB.pdb, /work/frasergen/backup/3d/project/Interactome/240033_kcybgj_20240313/04.HiC/14.3d_model/02.3d_model/Delta-abrB/Delta-abrB.pml
    output: /work/frasergen/backup/3d/project/Interactome/240033_kcybgj_20240313/04.HiC/14.3d_model/03.gif/Delta-abrB/pngs/fig_100.png
    jobid: 13
    wildcards: sample=Delta-abrB, batch=100
    resources: tmpdir=/tmp

Submitted job 13 with external jobid 'Submitted batch job 7699408'.

[Mon May 13 19:12:07 2024]
rule png:
    input: /work/frasergen/backup/3d/project/Interactome/240033_kcybgj_20240313/04.HiC/14.3d_model/02.3d_model/Delta-abrB/Delta-abrB.pdb, /work/frasergen/backup/3d/project/Interactome/240033_kcybgj_20240313/04.HiC/14.3d_model/02.3d_model/Delta-abrB/Delta-abrB.pml
    output: /work/frasergen/backup/3d/project/Interactome/240033_kcybgj_20240313/04.HiC/14.3d_model/03.gif/Delta-abrB/pngs/fig_240.png
    jobid: 27
    wildcards: sample=Delta-abrB, batch=240
    resources: tmpdir=/tmp

Submitted job 27 with external jobid 'Submitted batch job 7699409'.

[Mon May 13 19:12:08 2024]
rule png:
    input: /work/frasergen/backup/3d/project/Interactome/240033_kcybgj_20240313/04.HiC/14.3d_model/02.3d_model/Bs168/Bs168.pdb, /work/frasergen/backup/3d/project/Interactome/240033_kcybgj_20240313/04.HiC/14.3d_model/02.3d_model/Bs168/Bs168.pml
    output: /work/frasergen/backup/3d/project/Interactome/240033_kcybgj_20240313/04.HiC/14.3d_model/03.gif/Bs168/pngs/fig_130.png
    jobid: 41
    wildcards: sample=Bs168, batch=130
    resources: tmpdir=/tmp

Submitted job 41 with external jobid 'Submitted batch job 7699410'.

[Mon May 13 19:12:08 2024]
rule png:
    input: /work/frasergen/backup/3d/project/Interactome/240033_kcybgj_20240313/04.HiC/14.3d_model/02.3d_model/Delta-abrB/Delta-abrB.pdb, /work/frasergen/backup/3d/project/Interactome/240033_kcybgj_20240313/04.HiC/14.3d_model/02.3d_model/Delta-abrB/Delta-abrB.pml
    output: /work/frasergen/backup/3d/project/Interactome/240033_kcybgj_20240313/04.HiC/14.3d_model/03.gif/Delta-abrB/pngs/fig_030.png
    jobid: 6
    wildcards: sample=Delta-abrB, batch=030
    resources: tmpdir=/tmp

Submitted job 6 with external jobid 'Submitted batch job 7699411'.

[Mon May 13 19:12:08 2024]
rule png:
    input: /work/frasergen/backup/3d/project/Interactome/240033_kcybgj_20240313/04.HiC/14.3d_model/02.3d_model/Delta-abrB/Delta-abrB.pdb, /work/frasergen/backup/3d/project/Interactome/240033_kcybgj_20240313/04.HiC/14.3d_model/02.3d_model/Delta-abrB/Delta-abrB.pml
    output: /work/frasergen/backup/3d/project/Interactome/240033_kcybgj_20240313/04.HiC/14.3d_model/03.gif/Delta-abrB/pngs/fig_170.png
    jobid: 20
    wildcards: sample=Delta-abrB, batch=170
    resources: tmpdir=/tmp

Submitted job 20 with external jobid 'Submitted batch job 7699412'.

[Mon May 13 19:12:08 2024]
rule png:
    input: /work/frasergen/backup/3d/project/Interactome/240033_kcybgj_20240313/04.HiC/14.3d_model/02.3d_model/Bs168/Bs168.pdb, /work/frasergen/backup/3d/project/Interactome/240033_kcybgj_20240313/04.HiC/14.3d_model/02.3d_model/Bs168/Bs168.pml
    output: /work/frasergen/backup/3d/project/Interactome/240033_kcybgj_20240313/04.HiC/14.3d_model/03.gif/Bs168/pngs/fig_210.png
    jobid: 49
    wildcards: sample=Bs168, batch=210
    resources: tmpdir=/tmp

Submitted job 49 with external jobid 'Submitted batch job 7699413'.
[Mon May 13 19:13:04 2024]
Finished job 1.
1 of 53 steps (2%) done

[Mon May 13 19:13:04 2024]
rule png:
    input: /work/frasergen/backup/3d/project/Interactome/240033_kcybgj_20240313/04.HiC/14.3d_model/02.3d_model/Bs168/Bs168.pdb, /work/frasergen/backup/3d/project/Interactome/240033_kcybgj_20240313/04.HiC/14.3d_model/02.3d_model/Bs168/Bs168.pml
    output: /work/frasergen/backup/3d/project/Interactome/240033_kcybgj_20240313/04.HiC/14.3d_model/03.gif/Bs168/pngs/fig_200.png
    jobid: 48
    wildcards: sample=Bs168, batch=200
    resources: tmpdir=/tmp

Submitted job 48 with external jobid 'Submitted batch job 7699417'.
[Mon May 13 19:13:05 2024]
Finished job 2.
2 of 53 steps (4%) done

[Mon May 13 19:13:05 2024]
rule png:
    input: /work/frasergen/backup/3d/project/Interactome/240033_kcybgj_20240313/04.HiC/14.3d_model/02.3d_model/Bs168/Bs168.pdb, /work/frasergen/backup/3d/project/Interactome/240033_kcybgj_20240313/04.HiC/14.3d_model/02.3d_model/Bs168/Bs168.pml
    output: /work/frasergen/backup/3d/project/Interactome/240033_kcybgj_20240313/04.HiC/14.3d_model/03.gif/Bs168/pngs/fig_060.png
    jobid: 34
    wildcards: sample=Bs168, batch=060
    resources: tmpdir=/tmp

Submitted job 34 with external jobid 'Submitted batch job 7699418'.
[Mon May 13 19:17:44 2024]
Finished job 13.
3 of 53 steps (6%) done
[Mon May 13 19:17:44 2024]
Finished job 14.
4 of 53 steps (8%) done
[Mon May 13 19:17:45 2024]
Finished job 22.
5 of 53 steps (9%) done
[Mon May 13 19:17:45 2024]
Finished job 9.
6 of 53 steps (11%) done
[Mon May 13 19:17:46 2024]
Finished job 16.
7 of 53 steps (13%) done
[Mon May 13 19:17:48 2024]
Finished job 26.
8 of 53 steps (15%) done
[Mon May 13 19:17:48 2024]
Finished job 19.
9 of 53 steps (17%) done
[Mon May 13 19:17:48 2024]
Finished job 21.
10 of 53 steps (19%) done
[Mon May 13 19:17:58 2024]
Finished job 27.
11 of 53 steps (21%) done
[Mon May 13 19:17:58 2024]
Finished job 6.
12 of 53 steps (23%) done
[Mon May 13 19:17:58 2024]
Finished job 20.
13 of 53 steps (25%) done
[Mon May 13 19:17:58 2024]
Finished job 42.
14 of 53 steps (26%) done
[Mon May 13 19:17:58 2024]
Finished job 8.
15 of 53 steps (28%) done
[Mon May 13 19:17:59 2024]
Finished job 15.
16 of 53 steps (30%) done
[Mon May 13 19:17:59 2024]
Finished job 23.
17 of 53 steps (32%) done
[Mon May 13 19:17:59 2024]
Finished job 30.
18 of 53 steps (34%) done
[Mon May 13 19:18:00 2024]
Finished job 17.
19 of 53 steps (36%) done
[Mon May 13 19:18:00 2024]
Finished job 11.
20 of 53 steps (38%) done
[Mon May 13 19:18:00 2024]
Finished job 25.
21 of 53 steps (40%) done
[Mon May 13 19:18:01 2024]
Finished job 12.
22 of 53 steps (42%) done
[Mon May 13 19:18:01 2024]
Finished job 40.
23 of 53 steps (43%) done
[Mon May 13 19:18:01 2024]
Finished job 5.
24 of 53 steps (45%) done
[Mon May 13 19:18:01 2024]
Finished job 33.
25 of 53 steps (47%) done
[Mon May 13 19:18:01 2024]
Finished job 47.
26 of 53 steps (49%) done
[Mon May 13 19:18:02 2024]
Finished job 35.
27 of 53 steps (51%) done
[Mon May 13 19:18:12 2024]
Finished job 41.
28 of 53 steps (53%) done
[Mon May 13 19:18:12 2024]
Finished job 49.
29 of 53 steps (55%) done
[Mon May 13 19:18:12 2024]
Finished job 36.
30 of 53 steps (57%) done
[Mon May 13 19:18:12 2024]
Finished job 50.
31 of 53 steps (58%) done
[Mon May 13 19:18:12 2024]
Finished job 29.
32 of 53 steps (60%) done
[Mon May 13 19:18:12 2024]
Finished job 43.
33 of 53 steps (62%) done
[Mon May 13 19:18:12 2024]
Finished job 51.
34 of 53 steps (64%) done
[Mon May 13 19:18:12 2024]
Finished job 37.
35 of 53 steps (66%) done
[Mon May 13 19:18:13 2024]
Finished job 10.
36 of 53 steps (68%) done
[Mon May 13 19:18:13 2024]
Finished job 24.
37 of 53 steps (70%) done
[Mon May 13 19:18:13 2024]
Finished job 38.
38 of 53 steps (72%) done
[Mon May 13 19:18:13 2024]
Finished job 45.
39 of 53 steps (74%) done
[Mon May 13 19:18:13 2024]
Finished job 7.
40 of 53 steps (75%) done
[Mon May 13 19:18:14 2024]
Finished job 18.
41 of 53 steps (77%) done
[Mon May 13 19:18:14 2024]
Finished job 46.
42 of 53 steps (79%) done
[Mon May 13 19:18:24 2024]
Finished job 44.
43 of 53 steps (81%) done
[Mon May 13 19:18:24 2024]
Finished job 52.
44 of 53 steps (83%) done
[Mon May 13 19:18:24 2024]
Finished job 31.
45 of 53 steps (85%) done
[Mon May 13 19:18:24 2024]
Finished job 39.
46 of 53 steps (87%) done
[Mon May 13 19:18:24 2024]
Finished job 4.
47 of 53 steps (89%) done
[Mon May 13 19:18:25 2024]
Finished job 32.
48 of 53 steps (91%) done

[Mon May 13 19:18:25 2024]
rule gif:
    input: /work/frasergen/backup/3d/project/Interactome/240033_kcybgj_20240313/04.HiC/14.3d_model/03.gif/Delta-abrB/pngs/fig_010.png, /work/frasergen/backup/3d/project/Interactome/240033_kcybgj_20240313/04.HiC/14.3d_model/03.gif/Delta-abrB/pngs/fig_020.png, /work/frasergen/backup/3d/project/Interactome/240033_kcybgj_20240313/04.HiC/14.3d_model/03.gif/Delta-abrB/pngs/fig_030.png, /work/frasergen/backup/3d/project/Interactome/240033_kcybgj_20240313/04.HiC/14.3d_model/03.gif/Delta-abrB/pngs/fig_040.png, /work/frasergen/backup/3d/project/Interactome/240033_kcybgj_20240313/04.HiC/14.3d_model/03.gif/Delta-abrB/pngs/fig_050.png, /work/frasergen/backup/3d/project/Interactome/240033_kcybgj_20240313/04.HiC/14.3d_model/03.gif/Delta-abrB/pngs/fig_060.png, /work/frasergen/backup/3d/project/Interactome/240033_kcybgj_20240313/04.HiC/14.3d_model/03.gif/Delta-abrB/pngs/fig_070.png, /work/frasergen/backup/3d/project/Interactome/240033_kcybgj_20240313/04.HiC/14.3d_model/03.gif/Delta-abrB/pngs/fig_080.png, /work/frasergen/backup/3d/project/Interactome/240033_kcybgj_20240313/04.HiC/14.3d_model/03.gif/Delta-abrB/pngs/fig_090.png, /work/frasergen/backup/3d/project/Interactome/240033_kcybgj_20240313/04.HiC/14.3d_model/03.gif/Delta-abrB/pngs/fig_100.png, /work/frasergen/backup/3d/project/Interactome/240033_kcybgj_20240313/04.HiC/14.3d_model/03.gif/Delta-abrB/pngs/fig_110.png, /work/frasergen/backup/3d/project/Interactome/240033_kcybgj_20240313/04.HiC/14.3d_model/03.gif/Delta-abrB/pngs/fig_120.png, /work/frasergen/backup/3d/project/Interactome/240033_kcybgj_20240313/04.HiC/14.3d_model/03.gif/Delta-abrB/pngs/fig_130.png, /work/frasergen/backup/3d/project/Interactome/240033_kcybgj_20240313/04.HiC/14.3d_model/03.gif/Delta-abrB/pngs/fig_140.png, /work/frasergen/backup/3d/project/Interactome/240033_kcybgj_20240313/04.HiC/14.3d_model/03.gif/Delta-abrB/pngs/fig_150.png, /work/frasergen/backup/3d/project/Interactome/240033_kcybgj_20240313/04.HiC/14.3d_model/03.gif/Delta-abrB/pngs/fig_160.png, /work/frasergen/backup/3d/project/Interactome/240033_kcybgj_20240313/04.HiC/14.3d_model/03.gif/Delta-abrB/pngs/fig_170.png, /work/frasergen/backup/3d/project/Interactome/240033_kcybgj_20240313/04.HiC/14.3d_model/03.gif/Delta-abrB/pngs/fig_180.png, /work/frasergen/backup/3d/project/Interactome/240033_kcybgj_20240313/04.HiC/14.3d_model/03.gif/Delta-abrB/pngs/fig_190.png, /work/frasergen/backup/3d/project/Interactome/240033_kcybgj_20240313/04.HiC/14.3d_model/03.gif/Delta-abrB/pngs/fig_200.png, /work/frasergen/backup/3d/project/Interactome/240033_kcybgj_20240313/04.HiC/14.3d_model/03.gif/Delta-abrB/pngs/fig_210.png, /work/frasergen/backup/3d/project/Interactome/240033_kcybgj_20240313/04.HiC/14.3d_model/03.gif/Delta-abrB/pngs/fig_220.png, /work/frasergen/backup/3d/project/Interactome/240033_kcybgj_20240313/04.HiC/14.3d_model/03.gif/Delta-abrB/pngs/fig_230.png, /work/frasergen/backup/3d/project/Interactome/240033_kcybgj_20240313/04.HiC/14.3d_model/03.gif/Delta-abrB/pngs/fig_240.png
    output: /work/frasergen/backup/3d/project/Interactome/240033_kcybgj_20240313/04.HiC/14.3d_model/03.gif/Delta-abrB/Delta-abrB.gif, /work/frasergen/backup/3d/project/Interactome/240033_kcybgj_20240313/04.HiC/14.3d_model/03.gif/Delta-abrB/Delta-abrB.mp4
    jobid: 3
    wildcards: sample=Delta-abrB
    resources: tmpdir=/tmp

Submitted job 3 with external jobid 'Submitted batch job 7699431'.
[Mon May 13 19:19:15 2024]
Finished job 48.
49 of 53 steps (92%) done
[Mon May 13 19:19:15 2024]
Finished job 34.
50 of 53 steps (94%) done

[Mon May 13 19:19:15 2024]
rule gif:
    input: /work/frasergen/backup/3d/project/Interactome/240033_kcybgj_20240313/04.HiC/14.3d_model/03.gif/Bs168/pngs/fig_010.png, /work/frasergen/backup/3d/project/Interactome/240033_kcybgj_20240313/04.HiC/14.3d_model/03.gif/Bs168/pngs/fig_020.png, /work/frasergen/backup/3d/project/Interactome/240033_kcybgj_20240313/04.HiC/14.3d_model/03.gif/Bs168/pngs/fig_030.png, /work/frasergen/backup/3d/project/Interactome/240033_kcybgj_20240313/04.HiC/14.3d_model/03.gif/Bs168/pngs/fig_040.png, /work/frasergen/backup/3d/project/Interactome/240033_kcybgj_20240313/04.HiC/14.3d_model/03.gif/Bs168/pngs/fig_050.png, /work/frasergen/backup/3d/project/Interactome/240033_kcybgj_20240313/04.HiC/14.3d_model/03.gif/Bs168/pngs/fig_060.png, /work/frasergen/backup/3d/project/Interactome/240033_kcybgj_20240313/04.HiC/14.3d_model/03.gif/Bs168/pngs/fig_070.png, /work/frasergen/backup/3d/project/Interactome/240033_kcybgj_20240313/04.HiC/14.3d_model/03.gif/Bs168/pngs/fig_080.png, /work/frasergen/backup/3d/project/Interactome/240033_kcybgj_20240313/04.HiC/14.3d_model/03.gif/Bs168/pngs/fig_090.png, /work/frasergen/backup/3d/project/Interactome/240033_kcybgj_20240313/04.HiC/14.3d_model/03.gif/Bs168/pngs/fig_100.png, /work/frasergen/backup/3d/project/Interactome/240033_kcybgj_20240313/04.HiC/14.3d_model/03.gif/Bs168/pngs/fig_110.png, /work/frasergen/backup/3d/project/Interactome/240033_kcybgj_20240313/04.HiC/14.3d_model/03.gif/Bs168/pngs/fig_120.png, /work/frasergen/backup/3d/project/Interactome/240033_kcybgj_20240313/04.HiC/14.3d_model/03.gif/Bs168/pngs/fig_130.png, /work/frasergen/backup/3d/project/Interactome/240033_kcybgj_20240313/04.HiC/14.3d_model/03.gif/Bs168/pngs/fig_140.png, /work/frasergen/backup/3d/project/Interactome/240033_kcybgj_20240313/04.HiC/14.3d_model/03.gif/Bs168/pngs/fig_150.png, /work/frasergen/backup/3d/project/Interactome/240033_kcybgj_20240313/04.HiC/14.3d_model/03.gif/Bs168/pngs/fig_160.png, /work/frasergen/backup/3d/project/Interactome/240033_kcybgj_20240313/04.HiC/14.3d_model/03.gif/Bs168/pngs/fig_170.png, /work/frasergen/backup/3d/project/Interactome/240033_kcybgj_20240313/04.HiC/14.3d_model/03.gif/Bs168/pngs/fig_180.png, /work/frasergen/backup/3d/project/Interactome/240033_kcybgj_20240313/04.HiC/14.3d_model/03.gif/Bs168/pngs/fig_190.png, /work/frasergen/backup/3d/project/Interactome/240033_kcybgj_20240313/04.HiC/14.3d_model/03.gif/Bs168/pngs/fig_200.png, /work/frasergen/backup/3d/project/Interactome/240033_kcybgj_20240313/04.HiC/14.3d_model/03.gif/Bs168/pngs/fig_210.png, /work/frasergen/backup/3d/project/Interactome/240033_kcybgj_20240313/04.HiC/14.3d_model/03.gif/Bs168/pngs/fig_220.png, /work/frasergen/backup/3d/project/Interactome/240033_kcybgj_20240313/04.HiC/14.3d_model/03.gif/Bs168/pngs/fig_230.png, /work/frasergen/backup/3d/project/Interactome/240033_kcybgj_20240313/04.HiC/14.3d_model/03.gif/Bs168/pngs/fig_240.png
    output: /work/frasergen/backup/3d/project/Interactome/240033_kcybgj_20240313/04.HiC/14.3d_model/03.gif/Bs168/Bs168.gif, /work/frasergen/backup/3d/project/Interactome/240033_kcybgj_20240313/04.HiC/14.3d_model/03.gif/Bs168/Bs168.mp4
    jobid: 28
    wildcards: sample=Bs168
    resources: tmpdir=/tmp

Submitted job 28 with external jobid 'Submitted batch job 7699434'.
[Mon May 13 19:19:25 2024]
Finished job 3.
51 of 53 steps (96%) done
[Mon May 13 19:20:05 2024]
Finished job 28.
52 of 53 steps (98%) done

[Mon May 13 19:20:05 2024]
localrule all:
    input: /work/frasergen/backup/3d/project/Interactome/240033_kcybgj_20240313/04.HiC/14.3d_model/03.gif/Delta-abrB/chrs/chr1/chr1_2.png, /work/frasergen/backup/3d/project/Interactome/240033_kcybgj_20240313/04.HiC/14.3d_model/03.gif/Bs168/chrs/chr1/chr1_2.png, /work/frasergen/backup/3d/project/Interactome/240033_kcybgj_20240313/04.HiC/14.3d_model/03.gif/Delta-abrB/Delta-abrB.gif, /work/frasergen/backup/3d/project/Interactome/240033_kcybgj_20240313/04.HiC/14.3d_model/03.gif/Bs168/Bs168.gif
    jobid: 0
    resources: tmpdir=/tmp

[Mon May 13 19:20:05 2024]
Finished job 0.
53 of 53 steps (100%) done
Complete log: /work/frasergen/3D/work/shaojie/script/HiC/3d_model/.snakemake/log/2024-05-13T191146.269173.snakemake.log
