Building DAG of jobs...
Using shell: /usr/bin/bash
Provided cluster nodes: 10
Job stats:
job       count    min threads    max threads
------  -------  -------------  -------------
pastis        1              1              1
pml           3              1              1
total         4              1              1


[Wed Apr 24 09:14:52 2024]
rule pml:
    input: /work/frasergen/3D/work/shaojie/script/HiC/3d_model/analysis20240419_3D_model/02.3d_model/AG/AG.pdb
    output: /work/frasergen/3D/work/shaojie/script/HiC/3d_model/analysis20240419_3D_model/02.3d_model/AG/AG.pml
    jobid: 71
    wildcards: sample=AG
    resources: tmpdir=/tmp

Submitted job 71 with external jobid 'Submitted batch job 7171337'.

[Wed Apr 24 09:14:53 2024]
rule pastis:
    input: /work/frasergen/3D/work/shaojie/script/HiC/3d_model/analysis20240419_3D_model/01.matrix_fill/AA
    output: /work/frasergen/3D/work/shaojie/script/HiC/3d_model/analysis20240419_3D_model/02.3d_model/AA/AA.pdb
    jobid: 1
    wildcards: sample=AA
    resources: tmpdir=/tmp

Submitted job 1 with external jobid 'Submitted batch job 7171339'.

[Wed Apr 24 09:14:53 2024]
rule pml:
    input: /work/frasergen/3D/work/shaojie/script/HiC/3d_model/analysis20240419_3D_model/02.3d_model/AC/AC.pdb
    output: /work/frasergen/3D/work/shaojie/script/HiC/3d_model/analysis20240419_3D_model/02.3d_model/AC/AC.pml
    jobid: 38
    wildcards: sample=AC
    resources: tmpdir=/tmp

Submitted job 38 with external jobid 'Submitted batch job 7171340'.
[Wed Apr 24 09:15:32 2024]
Finished job 71.
1 of 110 steps (1%) done
[Wed Apr 24 09:15:32 2024]
Finished job 38.
2 of 110 steps (2%) done
[Wed Apr 24 09:24:04 2024]
Finished job 1.
3 of 110 steps (3%) done

[Wed Apr 24 09:24:04 2024]
rule pml:
    input: /work/frasergen/3D/work/shaojie/script/HiC/3d_model/analysis20240419_3D_model/02.3d_model/AA/AA.pdb
    output: /work/frasergen/3D/work/shaojie/script/HiC/3d_model/analysis20240419_3D_model/02.3d_model/AA/AA.pml
    jobid: 5
    wildcards: sample=AA
    resources: tmpdir=/tmp

Submitted job 5 with external jobid 'Submitted batch job 7171497'.
[Wed Apr 24 09:24:34 2024]
Finished job 5.
4 of 110 steps (4%) done
Complete log: /work/frasergen/3D/work/shaojie/script/HiC/3d_model/.snakemake/log/2024-04-24T091439.415317.snakemake.log
