Building DAG of jobs...
Using shell: /usr/bin/bash
Provided cluster nodes: 24
Job stats:
job         count    min threads    max threads
--------  -------  -------------  -------------
fill_pre        1              1              1
matrix          2              1              1
pastis          2              1              1
total           5              1              1


[Tue May  7 10:56:49 2024]
rule fill_pre:
    output: /work/frasergen/backup/3d/project/Interactome/232385_Schizonepeta_tenuifolia/05.personal/analysis_3D_model_20240507/01.matrix_fill/bin.bed
    jobid: 2
    resources: tmpdir=/tmp

bedtools makewindows -g /work/frasergen/backup/3d/project/Interactome/232385_Schizonepeta_tenuifolia/03.HiC/01.ref/genome.fa.fai -w 100000 > /work/frasergen/backup/3d/project/Interactome/232385_Schizonepeta_tenuifolia/05.personal/analysis_3D_model_20240507/01.matrix_fill/bin.bed
Submitted job 2 with external jobid 'Submitted batch job 7576778'.

[Tue May  7 10:56:49 2024]
rule matrix:
    output: /work/frasergen/backup/3d/project/Interactome/232385_Schizonepeta_tenuifolia/05.personal/analysis_3D_model_20240507/01.matrix_fill/Leaf/Leaf_corrected_matrix.txt
    jobid: 3
    wildcards: sample=Leaf
    resources: tmpdir=/tmp

Submitted job 3 with external jobid 'Submitted batch job 7576779'.

[Tue May  7 10:56:50 2024]
rule matrix:
    output: /work/frasergen/backup/3d/project/Interactome/232385_Schizonepeta_tenuifolia/05.personal/analysis_3D_model_20240507/01.matrix_fill/Root/Root_corrected_matrix.txt
    jobid: 5
    wildcards: sample=Root
    resources: tmpdir=/tmp

Submitted job 5 with external jobid 'Submitted batch job 7576780'.
[Tue May  7 10:57:19 2024]
Finished job 2.
1 of 74 steps (1%) done
[Tue May  7 11:01:00 2024]
Finished job 5.
2 of 74 steps (3%) done

[Tue May  7 11:01:00 2024]
rule pastis:
    input: /work/frasergen/backup/3d/project/Interactome/232385_Schizonepeta_tenuifolia/05.personal/analysis_3D_model_20240507/01.matrix_fill/bin.bed, /work/frasergen/backup/3d/project/Interactome/232385_Schizonepeta_tenuifolia/05.personal/analysis_3D_model_20240507/01.matrix_fill/Root/Root_corrected_matrix.txt
    output: /work/frasergen/backup/3d/project/Interactome/232385_Schizonepeta_tenuifolia/05.personal/analysis_3D_model_20240507/02.3d_model/Root/Root.pdb
    jobid: 4
    wildcards: sample=Root
    resources: tmpdir=/tmp

Submitted job 4 with external jobid 'Submitted batch job 7576797'.
[Tue May  7 11:01:20 2024]
Finished job 3.
3 of 74 steps (4%) done

[Tue May  7 11:01:20 2024]
rule pastis:
    input: /work/frasergen/backup/3d/project/Interactome/232385_Schizonepeta_tenuifolia/05.personal/analysis_3D_model_20240507/01.matrix_fill/bin.bed, /work/frasergen/backup/3d/project/Interactome/232385_Schizonepeta_tenuifolia/05.personal/analysis_3D_model_20240507/01.matrix_fill/Leaf/Leaf_corrected_matrix.txt
    output: /work/frasergen/backup/3d/project/Interactome/232385_Schizonepeta_tenuifolia/05.personal/analysis_3D_model_20240507/02.3d_model/Leaf/Leaf.pdb
    jobid: 1
    wildcards: sample=Leaf
    resources: tmpdir=/tmp

Submitted job 1 with external jobid 'Submitted batch job 7576798'.
[Tue May  7 11:10:00 2024]
Error in rule pastis:
    jobid: 1
    output: /work/frasergen/backup/3d/project/Interactome/232385_Schizonepeta_tenuifolia/05.personal/analysis_3D_model_20240507/02.3d_model/Leaf/Leaf.pdb
    cluster_jobid: Submitted batch job 7576798

Error executing rule pastis on cluster (jobid: 1, external: Submitted batch job 7576798, jobscript: /work/frasergen/3D/work/shaojie/script/HiC/3d_model/.snakemake/tmp.714420i1/snakejob.pastis.1.sh). For error details see the cluster log and the log files of the involved rule(s).
[Tue May  7 11:19:31 2024]
Error in rule pastis:
    jobid: 4
    output: /work/frasergen/backup/3d/project/Interactome/232385_Schizonepeta_tenuifolia/05.personal/analysis_3D_model_20240507/02.3d_model/Root/Root.pdb
    cluster_jobid: Submitted batch job 7576797

Error executing rule pastis on cluster (jobid: 4, external: Submitted batch job 7576797, jobscript: /work/frasergen/3D/work/shaojie/script/HiC/3d_model/.snakemake/tmp.714420i1/snakejob.pastis.4.sh). For error details see the cluster log and the log files of the involved rule(s).
Shutting down, this might take some time.
Exiting because a job execution failed. Look above for error message
Complete log: /work/frasergen/3D/work/shaojie/script/HiC/3d_model/.snakemake/log/2024-05-07T105641.791737.snakemake.log
