Building DAG of jobs...
Using shell: /usr/bin/bash
Provided cluster nodes: 72
Job stats:
job         count    min threads    max threads
--------  -------  -------------  -------------
fill_pre        1              1              1
matrix          6              1              1
pastis          6              1              1
pml             6              1              1
total          19              1              1


[Fri May 10 09:39:13 2024]
rule matrix:
    output: /work/frasergen/3D/work/shaojie/script/HiC/3d_model/analysis_20240510_Hi-C_3D_model/01.matrix_fill/H-Salt-076/H-Salt-076_filled_matrix.txt
    jobid: 80
    wildcards: sample=H-Salt-076
    resources: tmpdir=/tmp

Submitted job 80 with external jobid 'Submitted batch job 7658769'.

[Fri May 10 09:39:13 2024]
rule matrix:
    output: /work/frasergen/3D/work/shaojie/script/HiC/3d_model/analysis_20240510_Hi-C_3D_model/01.matrix_fill/H-CK-599/H-CK-599_filled_matrix.txt
    jobid: 5
    wildcards: sample=H-CK-599
    resources: tmpdir=/tmp

Submitted job 5 with external jobid 'Submitted batch job 7658770'.

[Fri May 10 09:39:13 2024]
rule matrix:
    output: /work/frasergen/3D/work/shaojie/script/HiC/3d_model/analysis_20240510_Hi-C_3D_model/01.matrix_fill/H-CK-076/H-CK-076_filled_matrix.txt
    jobid: 35
    wildcards: sample=H-CK-076
    resources: tmpdir=/tmp

Submitted job 35 with external jobid 'Submitted batch job 7658771'.

[Fri May 10 09:39:13 2024]
rule matrix:
    output: /work/frasergen/3D/work/shaojie/script/HiC/3d_model/analysis_20240510_Hi-C_3D_model/01.matrix_fill/H-Salt-F1/H-Salt-F1_filled_matrix.txt
    jobid: 65
    wildcards: sample=H-Salt-F1
    resources: tmpdir=/tmp

Submitted job 65 with external jobid 'Submitted batch job 7658772'.

[Fri May 10 09:39:13 2024]
rule fill_pre:
    output: /work/frasergen/3D/work/shaojie/script/HiC/3d_model/analysis_20240510_Hi-C_3D_model/01.matrix_fill/bin.bed
    jobid: 4
    resources: tmpdir=/tmp

bedtools makewindows -g /work/frasergen/backup/3d/project/Interactome/231402_rice_20231127/04.Hi-C/01.ref/genome.fa.fai -w 100000 > /work/frasergen/3D/work/shaojie/script/HiC/3d_model/analysis_20240510_Hi-C_3D_model/01.matrix_fill/bin.bed
Submitted job 4 with external jobid 'Submitted batch job 7658773'.

[Fri May 10 09:39:13 2024]
rule matrix:
    output: /work/frasergen/3D/work/shaojie/script/HiC/3d_model/analysis_20240510_Hi-C_3D_model/01.matrix_fill/H-CK-F1/H-CK-F1_filled_matrix.txt
    jobid: 20
    wildcards: sample=H-CK-F1
    resources: tmpdir=/tmp

Submitted job 20 with external jobid 'Submitted batch job 7658774'.

[Fri May 10 09:39:14 2024]
rule matrix:
    output: /work/frasergen/3D/work/shaojie/script/HiC/3d_model/analysis_20240510_Hi-C_3D_model/01.matrix_fill/H-Salt-599/H-Salt-599_filled_matrix.txt
    jobid: 50
    wildcards: sample=H-Salt-599
    resources: tmpdir=/tmp

Submitted job 50 with external jobid 'Submitted batch job 7658775'.
[Fri May 10 09:39:43 2024]
Finished job 4.
1 of 254 steps (0.4%) done
[Fri May 10 09:40:23 2024]
Error in rule matrix:
    jobid: 20
    output: /work/frasergen/3D/work/shaojie/script/HiC/3d_model/analysis_20240510_Hi-C_3D_model/01.matrix_fill/H-CK-F1/H-CK-F1_filled_matrix.txt
    cluster_jobid: Submitted batch job 7658774

Error executing rule matrix on cluster (jobid: 20, external: Submitted batch job 7658774, jobscript: /work/frasergen/3D/work/shaojie/script/HiC/3d_model/.snakemake/tmp.g3l6qcjz/snakejob.matrix.20.sh). For error details see the cluster log and the log files of the involved rule(s).
[Fri May 10 09:40:23 2024]
Error in rule matrix:
    jobid: 50
    output: /work/frasergen/3D/work/shaojie/script/HiC/3d_model/analysis_20240510_Hi-C_3D_model/01.matrix_fill/H-Salt-599/H-Salt-599_filled_matrix.txt
    cluster_jobid: Submitted batch job 7658775

Error executing rule matrix on cluster (jobid: 50, external: Submitted batch job 7658775, jobscript: /work/frasergen/3D/work/shaojie/script/HiC/3d_model/.snakemake/tmp.g3l6qcjz/snakejob.matrix.50.sh). For error details see the cluster log and the log files of the involved rule(s).
[Fri May 10 09:40:33 2024]
Error in rule matrix:
    jobid: 80
    output: /work/frasergen/3D/work/shaojie/script/HiC/3d_model/analysis_20240510_Hi-C_3D_model/01.matrix_fill/H-Salt-076/H-Salt-076_filled_matrix.txt
    cluster_jobid: Submitted batch job 7658769

Error executing rule matrix on cluster (jobid: 80, external: Submitted batch job 7658769, jobscript: /work/frasergen/3D/work/shaojie/script/HiC/3d_model/.snakemake/tmp.g3l6qcjz/snakejob.matrix.80.sh). For error details see the cluster log and the log files of the involved rule(s).
[Fri May 10 09:40:33 2024]
Error in rule matrix:
    jobid: 5
    output: /work/frasergen/3D/work/shaojie/script/HiC/3d_model/analysis_20240510_Hi-C_3D_model/01.matrix_fill/H-CK-599/H-CK-599_filled_matrix.txt
    cluster_jobid: Submitted batch job 7658770

Error executing rule matrix on cluster (jobid: 5, external: Submitted batch job 7658770, jobscript: /work/frasergen/3D/work/shaojie/script/HiC/3d_model/.snakemake/tmp.g3l6qcjz/snakejob.matrix.5.sh). For error details see the cluster log and the log files of the involved rule(s).
[Fri May 10 09:40:33 2024]
Error in rule matrix:
    jobid: 35
    output: /work/frasergen/3D/work/shaojie/script/HiC/3d_model/analysis_20240510_Hi-C_3D_model/01.matrix_fill/H-CK-076/H-CK-076_filled_matrix.txt
    cluster_jobid: Submitted batch job 7658771

Error executing rule matrix on cluster (jobid: 35, external: Submitted batch job 7658771, jobscript: /work/frasergen/3D/work/shaojie/script/HiC/3d_model/.snakemake/tmp.g3l6qcjz/snakejob.matrix.35.sh). For error details see the cluster log and the log files of the involved rule(s).
[Fri May 10 09:40:33 2024]
Error in rule matrix:
    jobid: 65
    output: /work/frasergen/3D/work/shaojie/script/HiC/3d_model/analysis_20240510_Hi-C_3D_model/01.matrix_fill/H-Salt-F1/H-Salt-F1_filled_matrix.txt
    cluster_jobid: Submitted batch job 7658772

Error executing rule matrix on cluster (jobid: 65, external: Submitted batch job 7658772, jobscript: /work/frasergen/3D/work/shaojie/script/HiC/3d_model/.snakemake/tmp.g3l6qcjz/snakejob.matrix.65.sh). For error details see the cluster log and the log files of the involved rule(s).
Shutting down, this might take some time.
Exiting because a job execution failed. Look above for error message
Complete log: /work/frasergen/3D/work/shaojie/script/HiC/3d_model/.snakemake/log/2024-05-10T093907.486037.snakemake.log
