Building DAG of jobs...
Using shell: /usr/bin/bash
Provided cluster nodes: 72
Job stats:
job         count    min threads    max threads
--------  -------  -------------  -------------
fill_pre        1              1              1
matrix          6              1              1
pastis          6              1              1
pml             6              1              1
total          19              1              1


[Fri May 10 10:47:13 2024]
rule matrix:
    output: /work/frasergen/3D/work/shaojie/script/HiC/3d_model/analysis_20240510_Hi-C_3D_model/01.matrix_fill/H-Salt-076/H-Salt-076_filled_matrix.txt
    jobid: 80
    wildcards: sample=H-Salt-076
    resources: tmpdir=/tmp

Submitted job 80 with external jobid 'Submitted batch job 7659963'.

[Fri May 10 10:47:13 2024]
rule matrix:
    output: /work/frasergen/3D/work/shaojie/script/HiC/3d_model/analysis_20240510_Hi-C_3D_model/01.matrix_fill/H-CK-599/H-CK-599_filled_matrix.txt
    jobid: 5
    wildcards: sample=H-CK-599
    resources: tmpdir=/tmp

Submitted job 5 with external jobid 'Submitted batch job 7659964'.

[Fri May 10 10:47:13 2024]
rule matrix:
    output: /work/frasergen/3D/work/shaojie/script/HiC/3d_model/analysis_20240510_Hi-C_3D_model/01.matrix_fill/H-CK-076/H-CK-076_filled_matrix.txt
    jobid: 35
    wildcards: sample=H-CK-076
    resources: tmpdir=/tmp

Submitted job 35 with external jobid 'Submitted batch job 7659965'.

[Fri May 10 10:47:13 2024]
rule matrix:
    output: /work/frasergen/3D/work/shaojie/script/HiC/3d_model/analysis_20240510_Hi-C_3D_model/01.matrix_fill/H-Salt-F1/H-Salt-F1_filled_matrix.txt
    jobid: 65
    wildcards: sample=H-Salt-F1
    resources: tmpdir=/tmp

Submitted job 65 with external jobid 'Submitted batch job 7659966'.

[Fri May 10 10:47:13 2024]
rule fill_pre:
    output: /work/frasergen/3D/work/shaojie/script/HiC/3d_model/analysis_20240510_Hi-C_3D_model/01.matrix_fill/bin.bed
    jobid: 4
    resources: tmpdir=/tmp

bedtools makewindows -g /work/frasergen/backup/3d/project/Interactome/231402_rice_20231127/04.Hi-C/01.ref/genome.fa.fai -w 100000 > /work/frasergen/3D/work/shaojie/script/HiC/3d_model/analysis_20240510_Hi-C_3D_model/01.matrix_fill/bin.bed
Submitted job 4 with external jobid 'Submitted batch job 7659967'.

[Fri May 10 10:47:14 2024]
rule matrix:
    output: /work/frasergen/3D/work/shaojie/script/HiC/3d_model/analysis_20240510_Hi-C_3D_model/01.matrix_fill/H-CK-F1/H-CK-F1_filled_matrix.txt
    jobid: 20
    wildcards: sample=H-CK-F1
    resources: tmpdir=/tmp

Submitted job 20 with external jobid 'Submitted batch job 7659968'.

[Fri May 10 10:47:14 2024]
rule matrix:
    output: /work/frasergen/3D/work/shaojie/script/HiC/3d_model/analysis_20240510_Hi-C_3D_model/01.matrix_fill/H-Salt-599/H-Salt-599_filled_matrix.txt
    jobid: 50
    wildcards: sample=H-Salt-599
    resources: tmpdir=/tmp

Submitted job 50 with external jobid 'Submitted batch job 7659969'.
[Fri May 10 10:47:23 2024]
Finished job 4.
1 of 254 steps (0.4%) done
[Fri May 10 10:48:43 2024]
Finished job 80.
2 of 254 steps (1%) done

[Fri May 10 10:48:43 2024]
rule pastis:
    input: /work/frasergen/3D/work/shaojie/script/HiC/3d_model/analysis_20240510_Hi-C_3D_model/01.matrix_fill/bin.bed, /work/frasergen/3D/work/shaojie/script/HiC/3d_model/analysis_20240510_Hi-C_3D_model/01.matrix_fill/H-Salt-076/H-Salt-076_filled_matrix.txt
    output: /work/frasergen/3D/work/shaojie/script/HiC/3d_model/analysis_20240510_Hi-C_3D_model/02.3d_model/H-Salt-076/H-Salt-076.pdb
    jobid: 79
    wildcards: sample=H-Salt-076
    resources: tmpdir=/tmp

[Fri May 10 10:48:43 2024]
Finished job 5.
3 of 254 steps (1%) done
[Fri May 10 10:48:43 2024]
Finished job 35.
4 of 254 steps (2%) done
[Fri May 10 10:48:43 2024]
Finished job 65.
5 of 254 steps (2%) done
Submitted job 79 with external jobid 'Submitted batch job 7659973'.
[Fri May 10 10:48:43 2024]
Finished job 20.
6 of 254 steps (2%) done
[Fri May 10 10:48:43 2024]
Finished job 50.
7 of 254 steps (3%) done

[Fri May 10 10:48:43 2024]
rule pastis:
    input: /work/frasergen/3D/work/shaojie/script/HiC/3d_model/analysis_20240510_Hi-C_3D_model/01.matrix_fill/bin.bed, /work/frasergen/3D/work/shaojie/script/HiC/3d_model/analysis_20240510_Hi-C_3D_model/01.matrix_fill/H-CK-599/H-CK-599_filled_matrix.txt
    output: /work/frasergen/3D/work/shaojie/script/HiC/3d_model/analysis_20240510_Hi-C_3D_model/02.3d_model/H-CK-599/H-CK-599.pdb
    jobid: 3
    wildcards: sample=H-CK-599
    resources: tmpdir=/tmp

Submitted job 3 with external jobid 'Submitted batch job 7659974'.

[Fri May 10 10:48:43 2024]
rule pastis:
    input: /work/frasergen/3D/work/shaojie/script/HiC/3d_model/analysis_20240510_Hi-C_3D_model/01.matrix_fill/bin.bed, /work/frasergen/3D/work/shaojie/script/HiC/3d_model/analysis_20240510_Hi-C_3D_model/01.matrix_fill/H-CK-F1/H-CK-F1_filled_matrix.txt
    output: /work/frasergen/3D/work/shaojie/script/HiC/3d_model/analysis_20240510_Hi-C_3D_model/02.3d_model/H-CK-F1/H-CK-F1.pdb
    jobid: 19
    wildcards: sample=H-CK-F1
    resources: tmpdir=/tmp

Submitted job 19 with external jobid 'Submitted batch job 7659975'.

[Fri May 10 10:48:43 2024]
rule pastis:
    input: /work/frasergen/3D/work/shaojie/script/HiC/3d_model/analysis_20240510_Hi-C_3D_model/01.matrix_fill/bin.bed, /work/frasergen/3D/work/shaojie/script/HiC/3d_model/analysis_20240510_Hi-C_3D_model/01.matrix_fill/H-CK-076/H-CK-076_filled_matrix.txt
    output: /work/frasergen/3D/work/shaojie/script/HiC/3d_model/analysis_20240510_Hi-C_3D_model/02.3d_model/H-CK-076/H-CK-076.pdb
    jobid: 34
    wildcards: sample=H-CK-076
    resources: tmpdir=/tmp

Submitted job 34 with external jobid 'Submitted batch job 7659976'.

[Fri May 10 10:48:44 2024]
rule pastis:
    input: /work/frasergen/3D/work/shaojie/script/HiC/3d_model/analysis_20240510_Hi-C_3D_model/01.matrix_fill/bin.bed, /work/frasergen/3D/work/shaojie/script/HiC/3d_model/analysis_20240510_Hi-C_3D_model/01.matrix_fill/H-Salt-F1/H-Salt-F1_filled_matrix.txt
    output: /work/frasergen/3D/work/shaojie/script/HiC/3d_model/analysis_20240510_Hi-C_3D_model/02.3d_model/H-Salt-F1/H-Salt-F1.pdb
    jobid: 64
    wildcards: sample=H-Salt-F1
    resources: tmpdir=/tmp

Submitted job 64 with external jobid 'Submitted batch job 7659977'.

[Fri May 10 10:48:44 2024]
rule pastis:
    input: /work/frasergen/3D/work/shaojie/script/HiC/3d_model/analysis_20240510_Hi-C_3D_model/01.matrix_fill/bin.bed, /work/frasergen/3D/work/shaojie/script/HiC/3d_model/analysis_20240510_Hi-C_3D_model/01.matrix_fill/H-Salt-599/H-Salt-599_filled_matrix.txt
    output: /work/frasergen/3D/work/shaojie/script/HiC/3d_model/analysis_20240510_Hi-C_3D_model/02.3d_model/H-Salt-599/H-Salt-599.pdb
    jobid: 49
    wildcards: sample=H-Salt-599
    resources: tmpdir=/tmp

Submitted job 49 with external jobid 'Submitted batch job 7659978'.
[Fri May 10 10:52:34 2024]
Finished job 19.
8 of 254 steps (3%) done

[Fri May 10 10:52:34 2024]
rule pml:
    input: /work/frasergen/3D/work/shaojie/script/HiC/3d_model/analysis_20240510_Hi-C_3D_model/02.3d_model/H-CK-F1/H-CK-F1.pdb
    output: /work/frasergen/3D/work/shaojie/script/HiC/3d_model/analysis_20240510_Hi-C_3D_model/02.3d_model/H-CK-F1/H-CK-F1.pml
    jobid: 18
    wildcards: sample=H-CK-F1
    resources: tmpdir=/tmp

Submitted job 18 with external jobid 'Submitted batch job 7659990'.
[Fri May 10 10:52:44 2024]
Finished job 79.
9 of 254 steps (4%) done

[Fri May 10 10:52:44 2024]
rule pml:
    input: /work/frasergen/3D/work/shaojie/script/HiC/3d_model/analysis_20240510_Hi-C_3D_model/02.3d_model/H-Salt-076/H-Salt-076.pdb
    output: /work/frasergen/3D/work/shaojie/script/HiC/3d_model/analysis_20240510_Hi-C_3D_model/02.3d_model/H-Salt-076/H-Salt-076.pml
    jobid: 78
    wildcards: sample=H-Salt-076
    resources: tmpdir=/tmp

[Fri May 10 10:52:44 2024]
Finished job 49.
10 of 254 steps (4%) done
Submitted job 78 with external jobid 'Submitted batch job 7659992'.

[Fri May 10 10:52:44 2024]
rule pml:
    input: /work/frasergen/3D/work/shaojie/script/HiC/3d_model/analysis_20240510_Hi-C_3D_model/02.3d_model/H-Salt-599/H-Salt-599.pdb
    output: /work/frasergen/3D/work/shaojie/script/HiC/3d_model/analysis_20240510_Hi-C_3D_model/02.3d_model/H-Salt-599/H-Salt-599.pml
    jobid: 48
    wildcards: sample=H-Salt-599
    resources: tmpdir=/tmp

Submitted job 48 with external jobid 'Submitted batch job 7659993'.
[Fri May 10 10:53:04 2024]
Finished job 3.
11 of 254 steps (4%) done

[Fri May 10 10:53:04 2024]
rule pml:
    input: /work/frasergen/3D/work/shaojie/script/HiC/3d_model/analysis_20240510_Hi-C_3D_model/02.3d_model/H-CK-599/H-CK-599.pdb
    output: /work/frasergen/3D/work/shaojie/script/HiC/3d_model/analysis_20240510_Hi-C_3D_model/02.3d_model/H-CK-599/H-CK-599.pml
    jobid: 2
    wildcards: sample=H-CK-599
    resources: tmpdir=/tmp

[Fri May 10 10:53:04 2024]
Finished job 18.
12 of 254 steps (5%) done
[Fri May 10 10:53:04 2024]
Finished job 78.
13 of 254 steps (5%) done
[Fri May 10 10:53:04 2024]
Finished job 48.
14 of 254 steps (6%) done
Submitted job 2 with external jobid 'Submitted batch job 7659997'.
[Fri May 10 10:53:24 2024]
Finished job 2.
15 of 254 steps (6%) done
[Fri May 10 10:53:44 2024]
Finished job 34.
16 of 254 steps (6%) done

[Fri May 10 10:53:44 2024]
rule pml:
    input: /work/frasergen/3D/work/shaojie/script/HiC/3d_model/analysis_20240510_Hi-C_3D_model/02.3d_model/H-CK-076/H-CK-076.pdb
    output: /work/frasergen/3D/work/shaojie/script/HiC/3d_model/analysis_20240510_Hi-C_3D_model/02.3d_model/H-CK-076/H-CK-076.pml
    jobid: 33
    wildcards: sample=H-CK-076
    resources: tmpdir=/tmp

Submitted job 33 with external jobid 'Submitted batch job 7660006'.
[Fri May 10 10:53:54 2024]
Finished job 64.
17 of 254 steps (7%) done

[Fri May 10 10:53:54 2024]
rule pml:
    input: /work/frasergen/3D/work/shaojie/script/HiC/3d_model/analysis_20240510_Hi-C_3D_model/02.3d_model/H-Salt-F1/H-Salt-F1.pdb
    output: /work/frasergen/3D/work/shaojie/script/HiC/3d_model/analysis_20240510_Hi-C_3D_model/02.3d_model/H-Salt-F1/H-Salt-F1.pml
    jobid: 63
    wildcards: sample=H-Salt-F1
    resources: tmpdir=/tmp

Submitted job 63 with external jobid 'Submitted batch job 7660007'.
[Fri May 10 10:54:04 2024]
Finished job 33.
18 of 254 steps (7%) done
[Fri May 10 10:54:14 2024]
Finished job 63.
19 of 254 steps (7%) done
Complete log: /work/frasergen/3D/work/shaojie/script/HiC/3d_model/.snakemake/log/2024-05-10T104703.082782.snakemake.log
