Building DAG of jobs...
Using shell: /usr/bin/bash
Provided cluster nodes: 10
Job stats:
job      count    min threads    max threads
-----  -------  -------------  -------------
all          1              1              1
gif          3              1              1
mp4          3              1              1
png          3              1              1
total       10              1              1


[Wed Apr 24 11:23:43 2024]
rule png:
    input: /work/frasergen/3D/work/shaojie/script/HiC/3d_model/analysis20240419_3D_model/02.3d_model/AA/AA.pml
    output: /work/frasergen/3D/work/shaojie/script/HiC/3d_model/analysis20240419_3D_model/03.gif/AA/pngs/fig_240.png
    jobid: 103
    wildcards: sample=AA
    resources: tmpdir=/tmp

Submitted job 103 with external jobid 'Submitted batch job 7173417'.

[Wed Apr 24 11:23:43 2024]
rule png:
    input: /work/frasergen/3D/work/shaojie/script/HiC/3d_model/analysis20240419_3D_model/02.3d_model/AC/AC.pml
    output: /work/frasergen/3D/work/shaojie/script/HiC/3d_model/analysis20240419_3D_model/03.gif/AC/pngs/fig_240.png
    jobid: 104
    wildcards: sample=AC
    resources: tmpdir=/tmp

Submitted job 104 with external jobid 'Submitted batch job 7173418'.

[Wed Apr 24 11:23:43 2024]
rule png:
    input: /work/frasergen/3D/work/shaojie/script/HiC/3d_model/analysis20240419_3D_model/02.3d_model/AG/AG.pml
    output: /work/frasergen/3D/work/shaojie/script/HiC/3d_model/analysis20240419_3D_model/03.gif/AG/pngs/fig_240.png
    jobid: 105
    wildcards: sample=AG
    resources: tmpdir=/tmp

Submitted job 105 with external jobid 'Submitted batch job 7173419'.
