Building DAG of jobs...
Using shell: /usr/bin/bash
Provided cores: 10
Rules claiming more threads will be scaled down.
Job stats:
job       count    min threads    max threads
------  -------  -------------  -------------
all           1              1              1
chrom         2              1              1
gif           2              1              1
mp4           2              1              1
pastis        2              1              1
pml           2              1              1
png           2              1              1
total        13              1              1


[Wed Mar 27 10:33:27 2024]
rule pastis:
    input: /work/frasergen/backup/3d/project/Interactome/240033_kcybgj_20240313/04.HiC/14.3d_model/01.matrix_fill/Bs168/work.sh
    output: /work/frasergen/backup/3d/project/Interactome/240033_kcybgj_20240313/04.HiC/14.3d_model/02.3d_model/Bs168/Bs168.pdb
    jobid: 4
    wildcards: sample=Bs168
    resources: tmpdir=/tmp

[Wed Mar 27 10:33:27 2024]
rule pastis:
    input: /work/frasergen/backup/3d/project/Interactome/240033_kcybgj_20240313/04.HiC/14.3d_model/01.matrix_fill/Delta-abrB/work.sh
    output: /work/frasergen/backup/3d/project/Interactome/240033_kcybgj_20240313/04.HiC/14.3d_model/02.3d_model/Delta-abrB/Delta-abrB.pdb
    jobid: 3
    wildcards: sample=Delta-abrB
    resources: tmpdir=/tmp

[Wed Mar 27 10:34:05 2024]
Finished job 4.
1 of 13 steps (8%) done
[Wed Mar 27 10:34:05 2024]
Finished job 3.
2 of 13 steps (15%) done

[Wed Mar 27 10:34:05 2024]
rule pml:
    input: /work/frasergen/backup/3d/project/Interactome/240033_kcybgj_20240313/04.HiC/14.3d_model/02.3d_model/Delta-abrB/Delta-abrB.pdb
    output: /work/frasergen/backup/3d/project/Interactome/240033_kcybgj_20240313/04.HiC/14.3d_model/02.3d_model/Delta-abrB/Delta-abrB.pml
    jobid: 6
    wildcards: sample=Delta-abrB
    resources: tmpdir=/tmp

[Wed Mar 27 10:34:05 2024]
rule pml:
    input: /work/frasergen/backup/3d/project/Interactome/240033_kcybgj_20240313/04.HiC/14.3d_model/02.3d_model/Bs168/Bs168.pdb
    output: /work/frasergen/backup/3d/project/Interactome/240033_kcybgj_20240313/04.HiC/14.3d_model/02.3d_model/Bs168/Bs168.pml
    jobid: 8
    wildcards: sample=Bs168
    resources: tmpdir=/tmp

[Wed Mar 27 10:34:26 2024]
Finished job 8.
3 of 13 steps (23%) done
[Wed Mar 27 10:34:26 2024]
Finished job 6.
4 of 13 steps (31%) done

[Wed Mar 27 10:34:26 2024]
rule chrom:
    input: /work/frasergen/backup/3d/project/Interactome/240033_kcybgj_20240313/04.HiC/14.3d_model/02.3d_model/Delta-abrB/Delta-abrB.pml
    output: /work/frasergen/backup/3d/project/Interactome/240033_kcybgj_20240313/04.HiC/14.3d_model/03.gif/Delta-abrB/chrs/chr1/chr1.pml
    jobid: 5
    wildcards: sample=Delta-abrB, chrom=chr1
    resources: tmpdir=/tmp

[Wed Mar 27 10:34:26 2024]
rule chrom:
    input: /work/frasergen/backup/3d/project/Interactome/240033_kcybgj_20240313/04.HiC/14.3d_model/02.3d_model/Bs168/Bs168.pml
    output: /work/frasergen/backup/3d/project/Interactome/240033_kcybgj_20240313/04.HiC/14.3d_model/03.gif/Bs168/chrs/chr1/chr1.pml
    jobid: 7
    wildcards: sample=Bs168, chrom=chr1
    resources: tmpdir=/tmp

[Wed Mar 27 10:34:26 2024]
rule png:
    input: /work/frasergen/backup/3d/project/Interactome/240033_kcybgj_20240313/04.HiC/14.3d_model/02.3d_model/Delta-abrB/Delta-abrB.pml
    output: /work/frasergen/backup/3d/project/Interactome/240033_kcybgj_20240313/04.HiC/14.3d_model/03.gif/Delta-abrB/pngs/fig_240.png
    jobid: 9
    wildcards: sample=Delta-abrB
    resources: tmpdir=/tmp

[Wed Mar 27 10:34:26 2024]
rule png:
    input: /work/frasergen/backup/3d/project/Interactome/240033_kcybgj_20240313/04.HiC/14.3d_model/02.3d_model/Bs168/Bs168.pml
    output: /work/frasergen/backup/3d/project/Interactome/240033_kcybgj_20240313/04.HiC/14.3d_model/03.gif/Bs168/pngs/fig_240.png
    jobid: 10
    wildcards: sample=Bs168
    resources: tmpdir=/tmp

[Wed Mar 27 10:37:08 2024]
Finished job 5.
5 of 13 steps (38%) done
[Wed Mar 27 10:37:08 2024]
Finished job 7.
6 of 13 steps (46%) done
[Wed Mar 27 13:11:44 2024]
Finished job 10.
7 of 13 steps (54%) done

[Wed Mar 27 13:11:44 2024]
rule gif:
    input: /work/frasergen/backup/3d/project/Interactome/240033_kcybgj_20240313/04.HiC/14.3d_model/03.gif/Bs168/pngs/fig_240.png
    output: /work/frasergen/backup/3d/project/Interactome/240033_kcybgj_20240313/04.HiC/14.3d_model/03.gif/Bs168/Bs168.gif
    jobid: 12
    wildcards: sample=Bs168
    resources: tmpdir=/tmp

[Wed Mar 27 13:11:44 2024]
Finished job 9.
8 of 13 steps (62%) done

[Wed Mar 27 13:11:44 2024]
rule mp4:
    input: /work/frasergen/backup/3d/project/Interactome/240033_kcybgj_20240313/04.HiC/14.3d_model/03.gif/Bs168/pngs/fig_240.png
    output: /work/frasergen/backup/3d/project/Interactome/240033_kcybgj_20240313/04.HiC/14.3d_model/03.gif/Bs168/Bs168.mp4
    jobid: 14
    wildcards: sample=Bs168
    resources: tmpdir=/tmp


[Wed Mar 27 13:11:44 2024]
rule mp4:
    input: /work/frasergen/backup/3d/project/Interactome/240033_kcybgj_20240313/04.HiC/14.3d_model/03.gif/Delta-abrB/pngs/fig_240.png
    output: /work/frasergen/backup/3d/project/Interactome/240033_kcybgj_20240313/04.HiC/14.3d_model/03.gif/Delta-abrB/Delta-abrB.mp4
    jobid: 13
    wildcards: sample=Delta-abrB
    resources: tmpdir=/tmp

[Wed Mar 27 13:11:44 2024]
rule gif:
    input: /work/frasergen/backup/3d/project/Interactome/240033_kcybgj_20240313/04.HiC/14.3d_model/03.gif/Delta-abrB/pngs/fig_240.png
    output: /work/frasergen/backup/3d/project/Interactome/240033_kcybgj_20240313/04.HiC/14.3d_model/03.gif/Delta-abrB/Delta-abrB.gif
    jobid: 11
    wildcards: sample=Delta-abrB
    resources: tmpdir=/tmp

[Wed Mar 27 13:13:17 2024]
Finished job 11.
9 of 13 steps (69%) done
[Wed Mar 27 13:13:17 2024]
Finished job 12.
10 of 13 steps (77%) done
[Wed Mar 27 13:13:19 2024]
Finished job 14.
11 of 13 steps (85%) done
[Wed Mar 27 13:13:19 2024]
Finished job 13.
12 of 13 steps (92%) done

[Wed Mar 27 13:13:19 2024]
localrule all:
    input: /work/frasergen/backup/3d/project/Interactome/240033_kcybgj_20240313/04.HiC/14.3d_model/01.matrix_fill/Delta-abrB/work.sh, /work/frasergen/backup/3d/project/Interactome/240033_kcybgj_20240313/04.HiC/14.3d_model/01.matrix_fill/Bs168/work.sh, /work/frasergen/backup/3d/project/Interactome/240033_kcybgj_20240313/04.HiC/14.3d_model/02.3d_model/Delta-abrB/Delta-abrB.pdb, /work/frasergen/backup/3d/project/Interactome/240033_kcybgj_20240313/04.HiC/14.3d_model/02.3d_model/Bs168/Bs168.pdb, /work/frasergen/backup/3d/project/Interactome/240033_kcybgj_20240313/04.HiC/14.3d_model/03.gif/Delta-abrB/chrs/chr1/chr1.pml, /work/frasergen/backup/3d/project/Interactome/240033_kcybgj_20240313/04.HiC/14.3d_model/03.gif/Bs168/chrs/chr1/chr1.pml, /work/frasergen/backup/3d/project/Interactome/240033_kcybgj_20240313/04.HiC/14.3d_model/02.3d_model/Delta-abrB/Delta-abrB.pml, /work/frasergen/backup/3d/project/Interactome/240033_kcybgj_20240313/04.HiC/14.3d_model/02.3d_model/Bs168/Bs168.pml, /work/frasergen/backup/3d/project/Interactome/240033_kcybgj_20240313/04.HiC/14.3d_model/03.gif/Delta-abrB/pngs/fig_240.png, /work/frasergen/backup/3d/project/Interactome/240033_kcybgj_20240313/04.HiC/14.3d_model/03.gif/Bs168/pngs/fig_240.png, /work/frasergen/backup/3d/project/Interactome/240033_kcybgj_20240313/04.HiC/14.3d_model/03.gif/Delta-abrB/Delta-abrB.gif, /work/frasergen/backup/3d/project/Interactome/240033_kcybgj_20240313/04.HiC/14.3d_model/03.gif/Bs168/Bs168.gif, /work/frasergen/backup/3d/project/Interactome/240033_kcybgj_20240313/04.HiC/14.3d_model/03.gif/Delta-abrB/Delta-abrB.mp4, /work/frasergen/backup/3d/project/Interactome/240033_kcybgj_20240313/04.HiC/14.3d_model/03.gif/Bs168/Bs168.mp4
    jobid: 0
    resources: tmpdir=/tmp

[Wed Mar 27 13:13:19 2024]
Finished job 0.
13 of 13 steps (100%) done
Complete log: /work/frasergen/3D/work/shaojie/script/HiC/3d_model/.snakemake/log/2024-03-27T103323.601622.snakemake.log
