Building DAG of jobs...
Using shell: /usr/bin/bash
Provided cluster nodes: 10
Job stats:
job          count    min threads    max threads
---------  -------  -------------  -------------
split_pml       72              1              1
total           72              1              1


[Wed Apr 24 15:32:49 2024]
rule split_pml:
    input: /work/frasergen/3D/work/shaojie/script/HiC/3d_model/analysis20240419_3D_model/02.3d_model/AA/AA.pml
    output: /work/frasergen/3D/work/shaojie/script/HiC/3d_model/analysis20240419_3D_model/03.gif/AA/pmls/gif18.pml
    jobid: 141
    wildcards: sample=AA, batch=18
    resources: tmpdir=/tmp

Submitted job 141 with external jobid 'Submitted batch job 7177995'.

[Wed Apr 24 15:32:49 2024]
rule split_pml:
    input: /work/frasergen/3D/work/shaojie/script/HiC/3d_model/analysis20240419_3D_model/02.3d_model/AA/AA.pml
    output: /work/frasergen/3D/work/shaojie/script/HiC/3d_model/analysis20240419_3D_model/03.gif/AA/pmls/gif4.pml
    jobid: 113
    wildcards: sample=AA, batch=4
    resources: tmpdir=/tmp

Submitted job 113 with external jobid 'Submitted batch job 7177996'.

[Wed Apr 24 15:32:49 2024]
rule split_pml:
    input: /work/frasergen/3D/work/shaojie/script/HiC/3d_model/analysis20240419_3D_model/02.3d_model/AA/AA.pml
    output: /work/frasergen/3D/work/shaojie/script/HiC/3d_model/analysis20240419_3D_model/03.gif/AA/pmls/gif0.pml
    jobid: 105
    wildcards: sample=AA, batch=0
    resources: tmpdir=/tmp

Submitted job 105 with external jobid 'Submitted batch job 7177997'.

[Wed Apr 24 15:32:49 2024]
rule split_pml:
    input: /work/frasergen/3D/work/shaojie/script/HiC/3d_model/analysis20240419_3D_model/02.3d_model/AA/AA.pml
    output: /work/frasergen/3D/work/shaojie/script/HiC/3d_model/analysis20240419_3D_model/03.gif/AA/pmls/gif7.pml
    jobid: 119
    wildcards: sample=AA, batch=7
    resources: tmpdir=/tmp

Submitted job 119 with external jobid 'Submitted batch job 7177998'.

[Wed Apr 24 15:32:49 2024]
rule split_pml:
    input: /work/frasergen/3D/work/shaojie/script/HiC/3d_model/analysis20240419_3D_model/02.3d_model/AA/AA.pml
    output: /work/frasergen/3D/work/shaojie/script/HiC/3d_model/analysis20240419_3D_model/03.gif/AA/pmls/gif3.pml
    jobid: 111
    wildcards: sample=AA, batch=3
    resources: tmpdir=/tmp

Submitted job 111 with external jobid 'Submitted batch job 7177999'.

[Wed Apr 24 15:32:49 2024]
rule split_pml:
    input: /work/frasergen/3D/work/shaojie/script/HiC/3d_model/analysis20240419_3D_model/02.3d_model/AA/AA.pml
    output: /work/frasergen/3D/work/shaojie/script/HiC/3d_model/analysis20240419_3D_model/03.gif/AA/pmls/gif10.pml
    jobid: 125
    wildcards: sample=AA, batch=10
    resources: tmpdir=/tmp

Submitted job 125 with external jobid 'Submitted batch job 7178000'.

[Wed Apr 24 15:32:49 2024]
rule split_pml:
    input: /work/frasergen/3D/work/shaojie/script/HiC/3d_model/analysis20240419_3D_model/02.3d_model/AA/AA.pml
    output: /work/frasergen/3D/work/shaojie/script/HiC/3d_model/analysis20240419_3D_model/03.gif/AA/pmls/gif17.pml
    jobid: 139
    wildcards: sample=AA, batch=17
    resources: tmpdir=/tmp

Submitted job 139 with external jobid 'Submitted batch job 7178001'.

[Wed Apr 24 15:32:50 2024]
rule split_pml:
    input: /work/frasergen/3D/work/shaojie/script/HiC/3d_model/analysis20240419_3D_model/02.3d_model/AA/AA.pml
    output: /work/frasergen/3D/work/shaojie/script/HiC/3d_model/analysis20240419_3D_model/03.gif/AA/pmls/gif11.pml
    jobid: 127
    wildcards: sample=AA, batch=11
    resources: tmpdir=/tmp

Submitted job 127 with external jobid 'Submitted batch job 7178002'.

[Wed Apr 24 15:32:50 2024]
rule split_pml:
    input: /work/frasergen/3D/work/shaojie/script/HiC/3d_model/analysis20240419_3D_model/02.3d_model/AA/AA.pml
    output: /work/frasergen/3D/work/shaojie/script/HiC/3d_model/analysis20240419_3D_model/03.gif/AA/pmls/gif14.pml
    jobid: 133
    wildcards: sample=AA, batch=14
    resources: tmpdir=/tmp

Submitted job 133 with external jobid 'Submitted batch job 7178003'.

[Wed Apr 24 15:32:50 2024]
rule split_pml:
    input: /work/frasergen/3D/work/shaojie/script/HiC/3d_model/analysis20240419_3D_model/02.3d_model/AA/AA.pml
    output: /work/frasergen/3D/work/shaojie/script/HiC/3d_model/analysis20240419_3D_model/03.gif/AA/pmls/gif21.pml
    jobid: 147
    wildcards: sample=AA, batch=21
    resources: tmpdir=/tmp

Submitted job 147 with external jobid 'Submitted batch job 7178004'.
[Wed Apr 24 15:33:09 2024]
Finished job 141.
1 of 151 steps (1%) done

[Wed Apr 24 15:33:09 2024]
rule split_pml:
    input: /work/frasergen/3D/work/shaojie/script/HiC/3d_model/analysis20240419_3D_model/02.3d_model/AA/AA.pml
    output: /work/frasergen/3D/work/shaojie/script/HiC/3d_model/analysis20240419_3D_model/03.gif/AA/pmls/gif15.pml
    jobid: 135
    wildcards: sample=AA, batch=15
    resources: tmpdir=/tmp

[Wed Apr 24 15:33:09 2024]
Finished job 113.
2 of 151 steps (1%) done
[Wed Apr 24 15:33:09 2024]
Finished job 105.
3 of 151 steps (2%) done
Submitted job 135 with external jobid 'Submitted batch job 7178008'.
[Wed Apr 24 15:33:09 2024]
Finished job 119.
4 of 151 steps (3%) done

[Wed Apr 24 15:33:09 2024]
rule split_pml:
    input: /work/frasergen/3D/work/shaojie/script/HiC/3d_model/analysis20240419_3D_model/02.3d_model/AA/AA.pml
    output: /work/frasergen/3D/work/shaojie/script/HiC/3d_model/analysis20240419_3D_model/03.gif/AA/pmls/gif22.pml
    jobid: 149
    wildcards: sample=AA, batch=22
    resources: tmpdir=/tmp

[Wed Apr 24 15:33:09 2024]
Finished job 111.
5 of 151 steps (3%) done
Submitted job 149 with external jobid 'Submitted batch job 7178009'.

[Wed Apr 24 15:33:09 2024]
rule split_pml:
    input: /work/frasergen/3D/work/shaojie/script/HiC/3d_model/analysis20240419_3D_model/02.3d_model/AA/AA.pml
    output: /work/frasergen/3D/work/shaojie/script/HiC/3d_model/analysis20240419_3D_model/03.gif/AA/pmls/gif8.pml
    jobid: 121
    wildcards: sample=AA, batch=8
    resources: tmpdir=/tmp

[Wed Apr 24 15:33:09 2024]
Finished job 125.
6 of 151 steps (4%) done
[Wed Apr 24 15:33:10 2024]
Finished job 139.
7 of 151 steps (5%) done
Submitted job 121 with external jobid 'Submitted batch job 7178010'.
[Wed Apr 24 15:33:10 2024]
Finished job 127.
8 of 151 steps (5%) done

[Wed Apr 24 15:33:10 2024]
rule split_pml:
    input: /work/frasergen/3D/work/shaojie/script/HiC/3d_model/analysis20240419_3D_model/02.3d_model/AA/AA.pml
    output: /work/frasergen/3D/work/shaojie/script/HiC/3d_model/analysis20240419_3D_model/03.gif/AA/pmls/gif1.pml
    jobid: 107
    wildcards: sample=AA, batch=1
    resources: tmpdir=/tmp

[Wed Apr 24 15:33:10 2024]
Finished job 133.
9 of 151 steps (6%) done
[Wed Apr 24 15:33:10 2024]
Finished job 147.
10 of 151 steps (7%) done
Submitted job 107 with external jobid 'Submitted batch job 7178011'.

[Wed Apr 24 15:33:10 2024]
rule split_pml:
    input: /work/frasergen/3D/work/shaojie/script/HiC/3d_model/analysis20240419_3D_model/02.3d_model/AA/AA.pml
    output: /work/frasergen/3D/work/shaojie/script/HiC/3d_model/analysis20240419_3D_model/03.gif/AA/pmls/gif16.pml
    jobid: 137
    wildcards: sample=AA, batch=16
    resources: tmpdir=/tmp

Submitted job 137 with external jobid 'Submitted batch job 7178012'.

[Wed Apr 24 15:33:10 2024]
rule split_pml:
    input: /work/frasergen/3D/work/shaojie/script/HiC/3d_model/analysis20240419_3D_model/02.3d_model/AA/AA.pml
    output: /work/frasergen/3D/work/shaojie/script/HiC/3d_model/analysis20240419_3D_model/03.gif/AA/pmls/gif23.pml
    jobid: 151
    wildcards: sample=AA, batch=23
    resources: tmpdir=/tmp

Submitted job 151 with external jobid 'Submitted batch job 7178013'.

[Wed Apr 24 15:33:10 2024]
rule split_pml:
    input: /work/frasergen/3D/work/shaojie/script/HiC/3d_model/analysis20240419_3D_model/02.3d_model/AA/AA.pml
    output: /work/frasergen/3D/work/shaojie/script/HiC/3d_model/analysis20240419_3D_model/03.gif/AA/pmls/gif19.pml
    jobid: 143
    wildcards: sample=AA, batch=19
    resources: tmpdir=/tmp

Submitted job 143 with external jobid 'Submitted batch job 7178014'.

[Wed Apr 24 15:33:10 2024]
rule split_pml:
    input: /work/frasergen/3D/work/shaojie/script/HiC/3d_model/analysis20240419_3D_model/02.3d_model/AA/AA.pml
    output: /work/frasergen/3D/work/shaojie/script/HiC/3d_model/analysis20240419_3D_model/03.gif/AA/pmls/gif12.pml
    jobid: 129
    wildcards: sample=AA, batch=12
    resources: tmpdir=/tmp

Submitted job 129 with external jobid 'Submitted batch job 7178016'.

[Wed Apr 24 15:33:11 2024]
rule split_pml:
    input: /work/frasergen/3D/work/shaojie/script/HiC/3d_model/analysis20240419_3D_model/02.3d_model/AA/AA.pml
    output: /work/frasergen/3D/work/shaojie/script/HiC/3d_model/analysis20240419_3D_model/03.gif/AA/pmls/gif6.pml
    jobid: 117
    wildcards: sample=AA, batch=6
    resources: tmpdir=/tmp

Submitted job 117 with external jobid 'Submitted batch job 7178017'.

[Wed Apr 24 15:33:11 2024]
rule split_pml:
    input: /work/frasergen/3D/work/shaojie/script/HiC/3d_model/analysis20240419_3D_model/02.3d_model/AA/AA.pml
    output: /work/frasergen/3D/work/shaojie/script/HiC/3d_model/analysis20240419_3D_model/03.gif/AA/pmls/gif5.pml
    jobid: 115
    wildcards: sample=AA, batch=5
    resources: tmpdir=/tmp

Submitted job 115 with external jobid 'Submitted batch job 7178018'.
[Wed Apr 24 15:33:20 2024]
Error in rule split_pml:
    jobid: 135
    output: /work/frasergen/3D/work/shaojie/script/HiC/3d_model/analysis20240419_3D_model/03.gif/AA/pmls/gif15.pml
    cluster_jobid: Submitted batch job 7178008

Error executing rule split_pml on cluster (jobid: 135, external: Submitted batch job 7178008, jobscript: /work/frasergen/3D/work/shaojie/script/HiC/3d_model/.snakemake/tmp.4yodsz_m/snakejob.split_pml.135.sh). For error details see the cluster log and the log files of the involved rule(s).
Removing output files of failed job split_pml since they might be corrupted:
/work/frasergen/3D/work/shaojie/script/HiC/3d_model/analysis20240419_3D_model/03.gif/AA/pmls/gif15.pml
[Wed Apr 24 15:33:20 2024]
Error in rule split_pml:
    jobid: 149
    output: /work/frasergen/3D/work/shaojie/script/HiC/3d_model/analysis20240419_3D_model/03.gif/AA/pmls/gif22.pml
    cluster_jobid: Submitted batch job 7178009

Error executing rule split_pml on cluster (jobid: 149, external: Submitted batch job 7178009, jobscript: /work/frasergen/3D/work/shaojie/script/HiC/3d_model/.snakemake/tmp.4yodsz_m/snakejob.split_pml.149.sh). For error details see the cluster log and the log files of the involved rule(s).
Removing output files of failed job split_pml since they might be corrupted:
/work/frasergen/3D/work/shaojie/script/HiC/3d_model/analysis20240419_3D_model/03.gif/AA/pmls/gif22.pml
[Wed Apr 24 15:33:20 2024]
Finished job 121.
11 of 151 steps (7%) done
[Wed Apr 24 15:33:20 2024]
Error in rule split_pml:
    jobid: 107
    output: /work/frasergen/3D/work/shaojie/script/HiC/3d_model/analysis20240419_3D_model/03.gif/AA/pmls/gif1.pml
    cluster_jobid: Submitted batch job 7178011

Error executing rule split_pml on cluster (jobid: 107, external: Submitted batch job 7178011, jobscript: /work/frasergen/3D/work/shaojie/script/HiC/3d_model/.snakemake/tmp.4yodsz_m/snakejob.split_pml.107.sh). For error details see the cluster log and the log files of the involved rule(s).
Removing output files of failed job split_pml since they might be corrupted:
/work/frasergen/3D/work/shaojie/script/HiC/3d_model/analysis20240419_3D_model/03.gif/AA/pmls/gif1.pml
[Wed Apr 24 15:33:20 2024]
Error in rule split_pml:
    jobid: 137
    output: /work/frasergen/3D/work/shaojie/script/HiC/3d_model/analysis20240419_3D_model/03.gif/AA/pmls/gif16.pml
    cluster_jobid: Submitted batch job 7178012

Error executing rule split_pml on cluster (jobid: 137, external: Submitted batch job 7178012, jobscript: /work/frasergen/3D/work/shaojie/script/HiC/3d_model/.snakemake/tmp.4yodsz_m/snakejob.split_pml.137.sh). For error details see the cluster log and the log files of the involved rule(s).
Removing output files of failed job split_pml since they might be corrupted:
/work/frasergen/3D/work/shaojie/script/HiC/3d_model/analysis20240419_3D_model/03.gif/AA/pmls/gif16.pml
[Wed Apr 24 15:33:20 2024]
Error in rule split_pml:
    jobid: 151
    output: /work/frasergen/3D/work/shaojie/script/HiC/3d_model/analysis20240419_3D_model/03.gif/AA/pmls/gif23.pml
    cluster_jobid: Submitted batch job 7178013

Error executing rule split_pml on cluster (jobid: 151, external: Submitted batch job 7178013, jobscript: /work/frasergen/3D/work/shaojie/script/HiC/3d_model/.snakemake/tmp.4yodsz_m/snakejob.split_pml.151.sh). For error details see the cluster log and the log files of the involved rule(s).
Removing output files of failed job split_pml since they might be corrupted:
/work/frasergen/3D/work/shaojie/script/HiC/3d_model/analysis20240419_3D_model/03.gif/AA/pmls/gif23.pml
[Wed Apr 24 15:33:20 2024]
Error in rule split_pml:
    jobid: 143
    output: /work/frasergen/3D/work/shaojie/script/HiC/3d_model/analysis20240419_3D_model/03.gif/AA/pmls/gif19.pml
    cluster_jobid: Submitted batch job 7178014

Error executing rule split_pml on cluster (jobid: 143, external: Submitted batch job 7178014, jobscript: /work/frasergen/3D/work/shaojie/script/HiC/3d_model/.snakemake/tmp.4yodsz_m/snakejob.split_pml.143.sh). For error details see the cluster log and the log files of the involved rule(s).
Removing output files of failed job split_pml since they might be corrupted:
/work/frasergen/3D/work/shaojie/script/HiC/3d_model/analysis20240419_3D_model/03.gif/AA/pmls/gif19.pml
[Wed Apr 24 15:33:20 2024]
Error in rule split_pml:
    jobid: 129
    output: /work/frasergen/3D/work/shaojie/script/HiC/3d_model/analysis20240419_3D_model/03.gif/AA/pmls/gif12.pml
    cluster_jobid: Submitted batch job 7178016

Error executing rule split_pml on cluster (jobid: 129, external: Submitted batch job 7178016, jobscript: /work/frasergen/3D/work/shaojie/script/HiC/3d_model/.snakemake/tmp.4yodsz_m/snakejob.split_pml.129.sh). For error details see the cluster log and the log files of the involved rule(s).
Removing output files of failed job split_pml since they might be corrupted:
/work/frasergen/3D/work/shaojie/script/HiC/3d_model/analysis20240419_3D_model/03.gif/AA/pmls/gif12.pml
[Wed Apr 24 15:33:20 2024]
Error in rule split_pml:
    jobid: 117
    output: /work/frasergen/3D/work/shaojie/script/HiC/3d_model/analysis20240419_3D_model/03.gif/AA/pmls/gif6.pml
    cluster_jobid: Submitted batch job 7178017

Error executing rule split_pml on cluster (jobid: 117, external: Submitted batch job 7178017, jobscript: /work/frasergen/3D/work/shaojie/script/HiC/3d_model/.snakemake/tmp.4yodsz_m/snakejob.split_pml.117.sh). For error details see the cluster log and the log files of the involved rule(s).
Removing output files of failed job split_pml since they might be corrupted:
/work/frasergen/3D/work/shaojie/script/HiC/3d_model/analysis20240419_3D_model/03.gif/AA/pmls/gif6.pml
[Wed Apr 24 15:33:20 2024]
Error in rule split_pml:
    jobid: 115
    output: /work/frasergen/3D/work/shaojie/script/HiC/3d_model/analysis20240419_3D_model/03.gif/AA/pmls/gif5.pml
    cluster_jobid: Submitted batch job 7178018

Error executing rule split_pml on cluster (jobid: 115, external: Submitted batch job 7178018, jobscript: /work/frasergen/3D/work/shaojie/script/HiC/3d_model/.snakemake/tmp.4yodsz_m/snakejob.split_pml.115.sh). For error details see the cluster log and the log files of the involved rule(s).
Removing output files of failed job split_pml since they might be corrupted:
/work/frasergen/3D/work/shaojie/script/HiC/3d_model/analysis20240419_3D_model/03.gif/AA/pmls/gif5.pml
Shutting down, this might take some time.
Exiting because a job execution failed. Look above for error message
Complete log: /work/frasergen/3D/work/shaojie/script/HiC/3d_model/.snakemake/log/2024-04-24T153239.468540.snakemake.log
