Building DAG of jobs...
Using shell: /usr/bin/bash
Provided cluster nodes: 24
Job stats:
job         count    min threads    max threads
--------  -------  -------------  -------------
all             1              1              1
chrom           2              1              1
fill_pre        1              1              1
gif             2              1              1
matrix          2              1              1
pastis          2              1              1
png            48              1              1
total          58              1              1


[Fri May 31 15:25:12 2024]
rule matrix:
    output: /work/frasergen/3D/work/shaojie/script/HiC/3d_model/analysis_chr20_3d_model_20240531/01.matrix_fill/MH-zm/MH-zm_filled_matrix.txt
    jobid: 3
    wildcards: sample=MH-zm
    resources: tmpdir=/tmp

Submitted job 3 with external jobid 'Submitted batch job 8074973'.

[Fri May 31 15:25:14 2024]
rule fill_pre:
    output: /work/frasergen/3D/work/shaojie/script/HiC/3d_model/analysis_chr20_3d_model_20240531/01.matrix_fill/bins.bed
    jobid: 4
    resources: tmpdir=/tmp

Submitted job 4 with external jobid 'Submitted batch job 8074974'.

[Fri May 31 15:25:15 2024]
rule matrix:
    output: /work/frasergen/3D/work/shaojie/script/HiC/3d_model/analysis_chr20_3d_model_20240531/01.matrix_fill/MH-1402/MH-1402_filled_matrix.txt
    jobid: 7
    wildcards: sample=MH-1402
    resources: tmpdir=/tmp

Submitted job 7 with external jobid 'Submitted batch job 8074975'.
[Fri May 31 15:25:32 2024]
Finished job 4.
1 of 58 steps (2%) done
[Fri May 31 15:25:52 2024]
Finished job 3.
2 of 58 steps (3%) done

[Fri May 31 15:25:52 2024]
rule pastis:
    input: /work/frasergen/3D/work/shaojie/script/HiC/3d_model/analysis_chr20_3d_model_20240531/01.matrix_fill/MH-zm/MH-zm_filled_matrix.txt, /work/frasergen/3D/work/shaojie/script/HiC/3d_model/analysis_chr20_3d_model_20240531/01.matrix_fill/bins.bed
    output: /work/frasergen/3D/work/shaojie/script/HiC/3d_model/analysis_chr20_3d_model_20240531/02.3d_model/MH-zm/MH-zm.pdb, /work/frasergen/3D/work/shaojie/script/HiC/3d_model/analysis_chr20_3d_model_20240531/02.3d_model/MH-zm/MH-zm.pml
    jobid: 2
    wildcards: sample=MH-zm
    resources: tmpdir=/tmp

[Fri May 31 15:25:52 2024]
Finished job 7.
3 of 58 steps (5%) done
Submitted job 2 with external jobid 'Submitted batch job 8074981'.

[Fri May 31 15:25:53 2024]
rule pastis:
    input: /work/frasergen/3D/work/shaojie/script/HiC/3d_model/analysis_chr20_3d_model_20240531/01.matrix_fill/MH-1402/MH-1402_filled_matrix.txt, /work/frasergen/3D/work/shaojie/script/HiC/3d_model/analysis_chr20_3d_model_20240531/01.matrix_fill/bins.bed
    output: /work/frasergen/3D/work/shaojie/script/HiC/3d_model/analysis_chr20_3d_model_20240531/02.3d_model/MH-1402/MH-1402.pdb, /work/frasergen/3D/work/shaojie/script/HiC/3d_model/analysis_chr20_3d_model_20240531/02.3d_model/MH-1402/MH-1402.pml
    jobid: 6
    wildcards: sample=MH-1402
    resources: tmpdir=/tmp

Submitted job 6 with external jobid 'Submitted batch job 8074982'.
[Fri May 31 15:26:42 2024]
Error in rule pastis:
    jobid: 2
    output: /work/frasergen/3D/work/shaojie/script/HiC/3d_model/analysis_chr20_3d_model_20240531/02.3d_model/MH-zm/MH-zm.pdb, /work/frasergen/3D/work/shaojie/script/HiC/3d_model/analysis_chr20_3d_model_20240531/02.3d_model/MH-zm/MH-zm.pml
    cluster_jobid: Submitted batch job 8074981

Error executing rule pastis on cluster (jobid: 2, external: Submitted batch job 8074981, jobscript: /work/frasergen/3D/work/shaojie/script/HiC/3d_model/.snakemake/tmp.vk7kgpnw/snakejob.pastis.2.sh). For error details see the cluster log and the log files of the involved rule(s).
[Fri May 31 15:26:42 2024]
Error in rule pastis:
    jobid: 6
    output: /work/frasergen/3D/work/shaojie/script/HiC/3d_model/analysis_chr20_3d_model_20240531/02.3d_model/MH-1402/MH-1402.pdb, /work/frasergen/3D/work/shaojie/script/HiC/3d_model/analysis_chr20_3d_model_20240531/02.3d_model/MH-1402/MH-1402.pml
    cluster_jobid: Submitted batch job 8074982

Error executing rule pastis on cluster (jobid: 6, external: Submitted batch job 8074982, jobscript: /work/frasergen/3D/work/shaojie/script/HiC/3d_model/.snakemake/tmp.vk7kgpnw/snakejob.pastis.6.sh). For error details see the cluster log and the log files of the involved rule(s).
Shutting down, this might take some time.
Exiting because a job execution failed. Look above for error message
Complete log: /work/frasergen/3D/work/shaojie/script/HiC/3d_model/.snakemake/log/2024-05-31T152507.107850.snakemake.log
