Building DAG of jobs...
Using shell: /usr/bin/bash
Provided cores: 10
Rules claiming more threads will be scaled down.
Job stats:
job      count    min threads    max threads
-----  -------  -------------  -------------
all          1              1              1
chrom       34              1              1
total       35              1              1


[Tue Feb  6 09:37:39 2024]
rule chrom:
    output: /work/frasergen/3D/work/shaojie/script/HiC/3d_model/221425_apple/03.gif/wsk/chrs/chr11/chr11.pml
    jobid: 28
    wildcards: sample=wsk, chrom=chr11
    resources: tmpdir=/tmp

[Tue Feb  6 09:37:39 2024]
rule chrom:
    output: /work/frasergen/3D/work/shaojie/script/HiC/3d_model/221425_apple/03.gif/xu/chrs/chr14/chr14.pml
    jobid: 14
    wildcards: sample=xu, chrom=chr14
    resources: tmpdir=/tmp

[Tue Feb  6 09:37:39 2024]
rule chrom:
    output: /work/frasergen/3D/work/shaojie/script/HiC/3d_model/221425_apple/03.gif/xu/chrs/chr2/chr2.pml
    jobid: 2
    wildcards: sample=xu, chrom=chr2
    resources: tmpdir=/tmp

[Tue Feb  6 09:37:39 2024]
rule chrom:
    output: /work/frasergen/3D/work/shaojie/script/HiC/3d_model/221425_apple/03.gif/wsk/chrs/chr5/chr5.pml
    jobid: 22
    wildcards: sample=wsk, chrom=chr5
    resources: tmpdir=/tmp

[Tue Feb  6 09:37:39 2024]
rule chrom:
    output: /work/frasergen/3D/work/shaojie/script/HiC/3d_model/221425_apple/03.gif/xu/chrs/chr8/chr8.pml
    jobid: 8
    wildcards: sample=xu, chrom=chr8
    resources: tmpdir=/tmp

[Tue Feb  6 09:37:39 2024]
rule chrom:
    output: /work/frasergen/3D/work/shaojie/script/HiC/3d_model/221425_apple/03.gif/xu/chrs/chr1/chr1.pml
    jobid: 1
    wildcards: sample=xu, chrom=chr1
    resources: tmpdir=/tmp

[Tue Feb  6 09:37:39 2024]
rule chrom:
    output: /work/frasergen/3D/work/shaojie/script/HiC/3d_model/221425_apple/03.gif/xu/chrs/chr15/chr15.pml
    jobid: 15
    wildcards: sample=xu, chrom=chr15
    resources: tmpdir=/tmp

[Tue Feb  6 09:37:39 2024]
rule chrom:
    output: /work/frasergen/3D/work/shaojie/script/HiC/3d_model/221425_apple/03.gif/wsk/chrs/chr12/chr12.pml
    jobid: 29
    wildcards: sample=wsk, chrom=chr12
    resources: tmpdir=/tmp

[Tue Feb  6 09:37:39 2024]
rule chrom:
    output: /work/frasergen/3D/work/shaojie/script/HiC/3d_model/221425_apple/03.gif/wsk/chrs/chr6/chr6.pml
    jobid: 23
    wildcards: sample=wsk, chrom=chr6
    resources: tmpdir=/tmp

[Tue Feb  6 09:37:39 2024]
rule chrom:
    output: /work/frasergen/3D/work/shaojie/script/HiC/3d_model/221425_apple/03.gif/xu/chrs/chr9/chr9.pml
    jobid: 9
    wildcards: sample=xu, chrom=chr9
    resources: tmpdir=/tmp

Shutting down, this might take some time.
Exiting because a job execution failed. Look above for error message
Complete log: /work/frasergen/3D/work/shaojie/script/HiC/3d_model/.snakemake/log/2024-02-06T093734.286842.snakemake.log
