Building DAG of jobs...
File path '/work/frasergen/3D/work/shaojie/script/HiC/3d_model/221425_apple/03.gif/xu/chrs/chr1	32709648	6	32709648	32709649
/chr1	32709648	6	32709648	32709649
.pml' contains line break. This is likely unintended. It can also lead to inconsistent results of the file-matching approach used by Snakemake.
File path '/work/frasergen/3D/work/shaojie/script/HiC/3d_model/221425_apple/03.gif/xu/chrs/chr2	37631755	32709661	37631755	37631756
/chr2	37631755	32709661	37631755	37631756
.pml' contains line break. This is likely unintended. It can also lead to inconsistent results of the file-matching approach used by Snakemake.
File path '/work/frasergen/3D/work/shaojie/script/HiC/3d_model/221425_apple/03.gif/xu/chrs/chr3	37690471	70341423	37690471	37690472
/chr3	37690471	70341423	37690471	37690472
.pml' contains line break. This is likely unintended. It can also lead to inconsistent results of the file-matching approach used by Snakemake.
File path '/work/frasergen/3D/work/shaojie/script/HiC/3d_model/221425_apple/03.gif/xu/chrs/chr4	32357154	108031901	32357154	32357155
/chr4	32357154	108031901	32357154	32357155
.pml' contains line break. This is likely unintended. It can also lead to inconsistent results of the file-matching approach used by Snakemake.
File path '/work/frasergen/3D/work/shaojie/script/HiC/3d_model/221425_apple/03.gif/xu/chrs/chr5	48068851	140389062	48068851	48068852
/chr5	48068851	140389062	48068851	48068852
.pml' contains line break. This is likely unintended. It can also lead to inconsistent results of the file-matching approach used by Snakemake.
File path '/work/frasergen/3D/work/shaojie/script/HiC/3d_model/221425_apple/03.gif/xu/chrs/chr6	37231166	188457920	37231166	37231167
/chr6	37231166	188457920	37231166	37231167
.pml' contains line break. This is likely unintended. It can also lead to inconsistent results of the file-matching approach used by Snakemake.
File path '/work/frasergen/3D/work/shaojie/script/HiC/3d_model/221425_apple/03.gif/xu/chrs/chr7	36738692	225689093	36738692	36738693
/chr7	36738692	225689093	36738692	36738693
.pml' contains line break. This is likely unintended. It can also lead to inconsistent results of the file-matching approach used by Snakemake.
File path '/work/frasergen/3D/work/shaojie/script/HiC/3d_model/221425_apple/03.gif/xu/chrs/chr8	31666303	262427792	31666303	31666304
/chr8	31666303	262427792	31666303	31666304
.pml' contains line break. This is likely unintended. It can also lead to inconsistent results of the file-matching approach used by Snakemake.
File path '/work/frasergen/3D/work/shaojie/script/HiC/3d_model/221425_apple/03.gif/xu/chrs/chr9	37676754	294094102	37676754	37676755
/chr9	37676754	294094102	37676754	37676755
.pml' contains line break. This is likely unintended. It can also lead to inconsistent results of the file-matching approach used by Snakemake.
File path '/work/frasergen/3D/work/shaojie/script/HiC/3d_model/221425_apple/03.gif/xu/chrs/chr10	41841605	331770864	41841605	41841606
/chr10	41841605	331770864	41841605	41841606
.pml' contains line break. This is likely unintended. It can also lead to inconsistent results of the file-matching approach used by Snakemake.
File path '/work/frasergen/3D/work/shaojie/script/HiC/3d_model/221425_apple/03.gif/xu/chrs/chr11	42925075	373612477	42925075	42925076
/chr11	42925075	373612477	42925075	42925076
.pml' contains line break. This is likely unintended. It can also lead to inconsistent results of the file-matching approach used by Snakemake.
File path '/work/frasergen/3D/work/shaojie/script/HiC/3d_model/221425_apple/03.gif/xu/chrs/chr12	33134071	416537560	33134071	33134072
/chr12	33134071	416537560	33134071	33134072
.pml' contains line break. This is likely unintended. It can also lead to inconsistent results of the file-matching approach used by Snakemake.
File path '/work/frasergen/3D/work/shaojie/script/HiC/3d_model/221425_apple/03.gif/xu/chrs/chr13	44437459	449671639	44437459	44437460
/chr13	44437459	449671639	44437459	44437460
.pml' contains line break. This is likely unintended. It can also lead to inconsistent results of the file-matching approach used by Snakemake.
File path '/work/frasergen/3D/work/shaojie/script/HiC/3d_model/221425_apple/03.gif/xu/chrs/chr14	32560231	494109106	32560231	32560232
/chr14	32560231	494109106	32560231	32560232
.pml' contains line break. This is likely unintended. It can also lead to inconsistent results of the file-matching approach used by Snakemake.
File path '/work/frasergen/3D/work/shaojie/script/HiC/3d_model/221425_apple/03.gif/xu/chrs/chr15	55080361	526669345	55080361	55080362
/chr15	55080361	526669345	55080361	55080362
.pml' contains line break. This is likely unintended. It can also lead to inconsistent results of the file-matching approach used by Snakemake.
File path '/work/frasergen/3D/work/shaojie/script/HiC/3d_model/221425_apple/03.gif/xu/chrs/chr16	41441581	581749714	41441581	41441582
/chr16	41441581	581749714	41441581	41441582
.pml' contains line break. This is likely unintended. It can also lead to inconsistent results of the file-matching approach used by Snakemake.
File path '/work/frasergen/3D/work/shaojie/script/HiC/3d_model/221425_apple/03.gif/xu/chrs/chr17	34817048	623191303	34817048	34817049
/chr17	34817048	623191303	34817048	34817049
.pml' contains line break. This is likely unintended. It can also lead to inconsistent results of the file-matching approach used by Snakemake.
File path '/work/frasergen/3D/work/shaojie/script/HiC/3d_model/221425_apple/03.gif/wsk/chrs/chr1	32709648	6	32709648	32709649
/chr1	32709648	6	32709648	32709649
.pml' contains line break. This is likely unintended. It can also lead to inconsistent results of the file-matching approach used by Snakemake.
File path '/work/frasergen/3D/work/shaojie/script/HiC/3d_model/221425_apple/03.gif/wsk/chrs/chr2	37631755	32709661	37631755	37631756
/chr2	37631755	32709661	37631755	37631756
.pml' contains line break. This is likely unintended. It can also lead to inconsistent results of the file-matching approach used by Snakemake.
File path '/work/frasergen/3D/work/shaojie/script/HiC/3d_model/221425_apple/03.gif/wsk/chrs/chr3	37690471	70341423	37690471	37690472
/chr3	37690471	70341423	37690471	37690472
.pml' contains line break. This is likely unintended. It can also lead to inconsistent results of the file-matching approach used by Snakemake.
File path '/work/frasergen/3D/work/shaojie/script/HiC/3d_model/221425_apple/03.gif/wsk/chrs/chr4	32357154	108031901	32357154	32357155
/chr4	32357154	108031901	32357154	32357155
.pml' contains line break. This is likely unintended. It can also lead to inconsistent results of the file-matching approach used by Snakemake.
File path '/work/frasergen/3D/work/shaojie/script/HiC/3d_model/221425_apple/03.gif/wsk/chrs/chr5	48068851	140389062	48068851	48068852
/chr5	48068851	140389062	48068851	48068852
.pml' contains line break. This is likely unintended. It can also lead to inconsistent results of the file-matching approach used by Snakemake.
File path '/work/frasergen/3D/work/shaojie/script/HiC/3d_model/221425_apple/03.gif/wsk/chrs/chr6	37231166	188457920	37231166	37231167
/chr6	37231166	188457920	37231166	37231167
.pml' contains line break. This is likely unintended. It can also lead to inconsistent results of the file-matching approach used by Snakemake.
File path '/work/frasergen/3D/work/shaojie/script/HiC/3d_model/221425_apple/03.gif/wsk/chrs/chr7	36738692	225689093	36738692	36738693
/chr7	36738692	225689093	36738692	36738693
.pml' contains line break. This is likely unintended. It can also lead to inconsistent results of the file-matching approach used by Snakemake.
File path '/work/frasergen/3D/work/shaojie/script/HiC/3d_model/221425_apple/03.gif/wsk/chrs/chr8	31666303	262427792	31666303	31666304
/chr8	31666303	262427792	31666303	31666304
.pml' contains line break. This is likely unintended. It can also lead to inconsistent results of the file-matching approach used by Snakemake.
File path '/work/frasergen/3D/work/shaojie/script/HiC/3d_model/221425_apple/03.gif/wsk/chrs/chr9	37676754	294094102	37676754	37676755
/chr9	37676754	294094102	37676754	37676755
.pml' contains line break. This is likely unintended. It can also lead to inconsistent results of the file-matching approach used by Snakemake.
File path '/work/frasergen/3D/work/shaojie/script/HiC/3d_model/221425_apple/03.gif/wsk/chrs/chr10	41841605	331770864	41841605	41841606
/chr10	41841605	331770864	41841605	41841606
.pml' contains line break. This is likely unintended. It can also lead to inconsistent results of the file-matching approach used by Snakemake.
File path '/work/frasergen/3D/work/shaojie/script/HiC/3d_model/221425_apple/03.gif/wsk/chrs/chr11	42925075	373612477	42925075	42925076
/chr11	42925075	373612477	42925075	42925076
.pml' contains line break. This is likely unintended. It can also lead to inconsistent results of the file-matching approach used by Snakemake.
File path '/work/frasergen/3D/work/shaojie/script/HiC/3d_model/221425_apple/03.gif/wsk/chrs/chr12	33134071	416537560	33134071	33134072
/chr12	33134071	416537560	33134071	33134072
.pml' contains line break. This is likely unintended. It can also lead to inconsistent results of the file-matching approach used by Snakemake.
File path '/work/frasergen/3D/work/shaojie/script/HiC/3d_model/221425_apple/03.gif/wsk/chrs/chr13	44437459	449671639	44437459	44437460
/chr13	44437459	449671639	44437459	44437460
.pml' contains line break. This is likely unintended. It can also lead to inconsistent results of the file-matching approach used by Snakemake.
File path '/work/frasergen/3D/work/shaojie/script/HiC/3d_model/221425_apple/03.gif/wsk/chrs/chr14	32560231	494109106	32560231	32560232
/chr14	32560231	494109106	32560231	32560232
.pml' contains line break. This is likely unintended. It can also lead to inconsistent results of the file-matching approach used by Snakemake.
File path '/work/frasergen/3D/work/shaojie/script/HiC/3d_model/221425_apple/03.gif/wsk/chrs/chr15	55080361	526669345	55080361	55080362
/chr15	55080361	526669345	55080361	55080362
.pml' contains line break. This is likely unintended. It can also lead to inconsistent results of the file-matching approach used by Snakemake.
File path '/work/frasergen/3D/work/shaojie/script/HiC/3d_model/221425_apple/03.gif/wsk/chrs/chr16	41441581	581749714	41441581	41441582
/chr16	41441581	581749714	41441581	41441582
.pml' contains line break. This is likely unintended. It can also lead to inconsistent results of the file-matching approach used by Snakemake.
File path '/work/frasergen/3D/work/shaojie/script/HiC/3d_model/221425_apple/03.gif/wsk/chrs/chr17	34817048	623191303	34817048	34817049
/chr17	34817048	623191303	34817048	34817049
.pml' contains line break. This is likely unintended. It can also lead to inconsistent results of the file-matching approach used by Snakemake.
MissingInputException in line 24 of /work/frasergen/3D/work/shaojie/script/HiC/3d_model/trid_model_test_snake.py:
Missing input files for rule all:
/work/frasergen/3D/work/shaojie/script/HiC/3d_model/221425_apple/03.gif/wsk/chrs/chr11	42925075	373612477	42925075	42925076
/chr11	42925075	373612477	42925075	42925076
.pml
/work/frasergen/3D/work/shaojie/script/HiC/3d_model/221425_apple/03.gif/xu/chrs/chr17	34817048	623191303	34817048	34817049
/chr17	34817048	623191303	34817048	34817049
.pml
/work/frasergen/3D/work/shaojie/script/HiC/3d_model/221425_apple/03.gif/wsk/chrs/chr10	41841605	331770864	41841605	41841606
/chr10	41841605	331770864	41841605	41841606
.pml
/work/frasergen/3D/work/shaojie/script/HiC/3d_model/221425_apple/03.gif/xu/chrs/chr2	37631755	32709661	37631755	37631756
/chr2	37631755	32709661	37631755	37631756
.pml
/work/frasergen/3D/work/shaojie/script/HiC/3d_model/221425_apple/03.gif/wsk/chrs/chr12	33134071	416537560	33134071	33134072
/chr12	33134071	416537560	33134071	33134072
.pml
/work/frasergen/3D/work/shaojie/script/HiC/3d_model/221425_apple/03.gif/xu/chrs/chr6	37231166	188457920	37231166	37231167
/chr6	37231166	188457920	37231166	37231167
.pml
/work/frasergen/3D/work/shaojie/script/HiC/3d_model/221425_apple/03.gif/wsk/chrs/chr13	44437459	449671639	44437459	44437460
/chr13	44437459	449671639	44437459	44437460
.pml
/work/frasergen/3D/work/shaojie/script/HiC/3d_model/221425_apple/03.gif/wsk/chrs/chr2	37631755	32709661	37631755	37631756
/chr2	37631755	32709661	37631755	37631756
.pml
/work/frasergen/3D/work/shaojie/script/HiC/3d_model/221425_apple/03.gif/wsk/chrs/chr16	41441581	581749714	41441581	41441582
/chr16	41441581	581749714	41441581	41441582
.pml
/work/frasergen/3D/work/shaojie/script/HiC/3d_model/221425_apple/03.gif/wsk/chrs/chr7	36738692	225689093	36738692	36738693
/chr7	36738692	225689093	36738692	36738693
.pml
/work/frasergen/3D/work/shaojie/script/HiC/3d_model/221425_apple/03.gif/xu/chrs/chr12	33134071	416537560	33134071	33134072
/chr12	33134071	416537560	33134071	33134072
.pml
/work/frasergen/3D/work/shaojie/script/HiC/3d_model/221425_apple/03.gif/xu/chrs/chr7	36738692	225689093	36738692	36738693
/chr7	36738692	225689093	36738692	36738693
.pml
/work/frasergen/3D/work/shaojie/script/HiC/3d_model/221425_apple/03.gif/wsk/chrs/chr5	48068851	140389062	48068851	48068852
/chr5	48068851	140389062	48068851	48068852
.pml
/work/frasergen/3D/work/shaojie/script/HiC/3d_model/221425_apple/03.gif/xu/chrs/chr11	42925075	373612477	42925075	42925076
/chr11	42925075	373612477	42925075	42925076
.pml
/work/frasergen/3D/work/shaojie/script/HiC/3d_model/221425_apple/03.gif/xu/chrs/chr5	48068851	140389062	48068851	48068852
/chr5	48068851	140389062	48068851	48068852
.pml
/work/frasergen/3D/work/shaojie/script/HiC/3d_model/221425_apple/03.gif/xu/chrs/chr9	37676754	294094102	37676754	37676755
/chr9	37676754	294094102	37676754	37676755
.pml
/work/frasergen/3D/work/shaojie/script/HiC/3d_model/221425_apple/03.gif/wsk/chrs/chr6	37231166	188457920	37231166	37231167
/chr6	37231166	188457920	37231166	37231167
.pml
/work/frasergen/3D/work/shaojie/script/HiC/3d_model/221425_apple/03.gif/wsk/chrs/chr15	55080361	526669345	55080361	55080362
/chr15	55080361	526669345	55080361	55080362
.pml
/work/frasergen/3D/work/shaojie/script/HiC/3d_model/221425_apple/03.gif/wsk/chrs/chr8	31666303	262427792	31666303	31666304
/chr8	31666303	262427792	31666303	31666304
.pml
/work/frasergen/3D/work/shaojie/script/HiC/3d_model/221425_apple/03.gif/xu/chrs/chr8	31666303	262427792	31666303	31666304
/chr8	31666303	262427792	31666303	31666304
.pml
/work/frasergen/3D/work/shaojie/script/HiC/3d_model/221425_apple/03.gif/xu/chrs/chr10	41841605	331770864	41841605	41841606
/chr10	41841605	331770864	41841605	41841606
.pml
/work/frasergen/3D/work/shaojie/script/HiC/3d_model/221425_apple/03.gif/wsk/chrs/chr3	37690471	70341423	37690471	37690472
/chr3	37690471	70341423	37690471	37690472
.pml
/work/frasergen/3D/work/shaojie/script/HiC/3d_model/221425_apple/03.gif/xu/chrs/chr14	32560231	494109106	32560231	32560232
/chr14	32560231	494109106	32560231	32560232
.pml
/work/frasergen/3D/work/shaojie/script/HiC/3d_model/221425_apple/03.gif/wsk/chrs/chr9	37676754	294094102	37676754	37676755
/chr9	37676754	294094102	37676754	37676755
.pml
/work/frasergen/3D/work/shaojie/script/HiC/3d_model/221425_apple/03.gif/xu/chrs/chr15	55080361	526669345	55080361	55080362
/chr15	55080361	526669345	55080361	55080362
.pml
/work/frasergen/3D/work/shaojie/script/HiC/3d_model/221425_apple/03.gif/xu/chrs/chr1	32709648	6	32709648	32709649
/chr1	32709648	6	32709648	32709649
.pml
/work/frasergen/3D/work/shaojie/script/HiC/3d_model/221425_apple/03.gif/xu/chrs/chr4	32357154	108031901	32357154	32357155
/chr4	32357154	108031901	32357154	32357155
.pml
/work/frasergen/3D/work/shaojie/script/HiC/3d_model/221425_apple/03.gif/wsk/chrs/chr4	32357154	108031901	32357154	32357155
/chr4	32357154	108031901	32357154	32357155
.pml
/work/frasergen/3D/work/shaojie/script/HiC/3d_model/221425_apple/03.gif/xu/chrs/chr3	37690471	70341423	37690471	37690472
/chr3	37690471	70341423	37690471	37690472
.pml
/work/frasergen/3D/work/shaojie/script/HiC/3d_model/221425_apple/03.gif/wsk/chrs/chr1	32709648	6	32709648	32709649
/chr1	32709648	6	32709648	32709649
.pml
/work/frasergen/3D/work/shaojie/script/HiC/3d_model/221425_apple/03.gif/xu/chrs/chr13	44437459	449671639	44437459	44437460
/chr13	44437459	449671639	44437459	44437460
.pml
/work/frasergen/3D/work/shaojie/script/HiC/3d_model/221425_apple/03.gif/xu/chrs/chr16	41441581	581749714	41441581	41441582
/chr16	41441581	581749714	41441581	41441582
.pml
/work/frasergen/3D/work/shaojie/script/HiC/3d_model/221425_apple/03.gif/wsk/chrs/chr17	34817048	623191303	34817048	34817049
/chr17	34817048	623191303	34817048	34817049
.pml
/work/frasergen/3D/work/shaojie/script/HiC/3d_model/221425_apple/03.gif/wsk/chrs/chr14	32560231	494109106	32560231	32560232
/chr14	32560231	494109106	32560231	32560232
.pml
