Building DAG of jobs...
Using shell: /usr/bin/bash
Provided cores: 10
Rules claiming more threads will be scaled down.
Job stats:
job      count    min threads    max threads
-----  -------  -------------  -------------
all          1              1              1
chrom       34              1              1
gif          2              1              1
mp4          2              1              1
png          2              1              1
total       41              1              1


[Mon Feb  5 16:50:38 2024]
rule chrom:
    input: /work/frasergen/3D/work/shaojie/script/HiC/3d_model/221425_apple/02.3d_model/wsk/wsk.pml
    output: /work/frasergen/3D/work/shaojie/script/HiC/3d_model/221425_apple/03.gif/wsk/chrs/chr1/chr1.pml
    jobid: 23
    wildcards: sample=wsk, chrom=chr1
    resources: tmpdir=/tmp

[Mon Feb  5 16:50:38 2024]
rule chrom:
    input: /work/frasergen/3D/work/shaojie/script/HiC/3d_model/221425_apple/02.3d_model/wsk/wsk.pml
    output: /work/frasergen/3D/work/shaojie/script/HiC/3d_model/221425_apple/03.gif/wsk/chrs/chr17/chr17.pml
    jobid: 40
    wildcards: sample=wsk, chrom=chr17
    resources: tmpdir=/tmp

[Mon Feb  5 16:50:38 2024]
rule chrom:
    input: /work/frasergen/3D/work/shaojie/script/HiC/3d_model/221425_apple/02.3d_model/wsk/wsk.pml
    output: /work/frasergen/3D/work/shaojie/script/HiC/3d_model/221425_apple/03.gif/wsk/chrs/chr3/chr3.pml
    jobid: 26
    wildcards: sample=wsk, chrom=chr3
    resources: tmpdir=/tmp

[Mon Feb  5 16:50:38 2024]
rule chrom:
    input: /work/frasergen/3D/work/shaojie/script/HiC/3d_model/221425_apple/02.3d_model/wsk/wsk.pml
    output: /work/frasergen/3D/work/shaojie/script/HiC/3d_model/221425_apple/03.gif/wsk/chrs/chr5/chr5.pml
    jobid: 28
    wildcards: sample=wsk, chrom=chr5
    resources: tmpdir=/tmp

[Mon Feb  5 16:50:38 2024]
rule png:
    input: /work/frasergen/3D/work/shaojie/script/HiC/3d_model/221425_apple/02.3d_model/wsk/wsk.pml
    output: /work/frasergen/3D/work/shaojie/script/HiC/3d_model/221425_apple/03.gif/wsk/pngs/fig_240.png
    jobid: 42
    wildcards: sample=wsk
    resources: tmpdir=/tmp

[Mon Feb  5 16:50:38 2024]
rule chrom:
    input: /work/frasergen/3D/work/shaojie/script/HiC/3d_model/221425_apple/02.3d_model/wsk/wsk.pml
    output: /work/frasergen/3D/work/shaojie/script/HiC/3d_model/221425_apple/03.gif/wsk/chrs/chr11/chr11.pml
    jobid: 34
    wildcards: sample=wsk, chrom=chr11
    resources: tmpdir=/tmp

[Mon Feb  5 16:50:39 2024]
rule chrom:
    input: /work/frasergen/3D/work/shaojie/script/HiC/3d_model/221425_apple/02.3d_model/wsk/wsk.pml
    output: /work/frasergen/3D/work/shaojie/script/HiC/3d_model/221425_apple/03.gif/wsk/chrs/chr13/chr13.pml
    jobid: 36
    wildcards: sample=wsk, chrom=chr13
    resources: tmpdir=/tmp

[Mon Feb  5 16:50:39 2024]
rule chrom:
    input: /work/frasergen/3D/work/shaojie/script/HiC/3d_model/221425_apple/02.3d_model/wsk/wsk.pml
    output: /work/frasergen/3D/work/shaojie/script/HiC/3d_model/221425_apple/03.gif/wsk/chrs/chr4/chr4.pml
    jobid: 27
    wildcards: sample=wsk, chrom=chr4
    resources: tmpdir=/tmp

[Mon Feb  5 16:50:39 2024]
rule chrom:
    input: /work/frasergen/3D/work/shaojie/script/HiC/3d_model/221425_apple/02.3d_model/wsk/wsk.pml
    output: /work/frasergen/3D/work/shaojie/script/HiC/3d_model/221425_apple/03.gif/wsk/chrs/chr6/chr6.pml
    jobid: 29
    wildcards: sample=wsk, chrom=chr6
    resources: tmpdir=/tmp

[Mon Feb  5 16:50:39 2024]
rule chrom:
    input: /work/frasergen/3D/work/shaojie/script/HiC/3d_model/221425_apple/02.3d_model/wsk/wsk.pml
    output: /work/frasergen/3D/work/shaojie/script/HiC/3d_model/221425_apple/03.gif/wsk/chrs/chr12/chr12.pml
    jobid: 35
    wildcards: sample=wsk, chrom=chr12
    resources: tmpdir=/tmp

[Mon Feb  5 16:53:35 2024]
Finished job 36.
1 of 41 steps (2%) done

[Mon Feb  5 16:53:35 2024]
rule chrom:
    input: /work/frasergen/3D/work/shaojie/script/HiC/3d_model/221425_apple/02.3d_model/wsk/wsk.pml
    output: /work/frasergen/3D/work/shaojie/script/HiC/3d_model/221425_apple/03.gif/wsk/chrs/chr14/chr14.pml
    jobid: 37
    wildcards: sample=wsk, chrom=chr14
    resources: tmpdir=/tmp

[Mon Feb  5 16:53:36 2024]
Finished job 23.
2 of 41 steps (5%) done

[Mon Feb  5 16:53:36 2024]
rule chrom:
    input: /work/frasergen/3D/work/shaojie/script/HiC/3d_model/221425_apple/02.3d_model/wsk/wsk.pml
    output: /work/frasergen/3D/work/shaojie/script/HiC/3d_model/221425_apple/03.gif/wsk/chrs/chr7/chr7.pml
    jobid: 30
    wildcards: sample=wsk, chrom=chr7
    resources: tmpdir=/tmp

[Mon Feb  5 16:53:36 2024]
Finished job 27.
3 of 41 steps (7%) done

[Mon Feb  5 16:53:36 2024]
rule chrom:
    input: /work/frasergen/3D/work/shaojie/script/HiC/3d_model/221425_apple/02.3d_model/wsk/wsk.pml
    output: /work/frasergen/3D/work/shaojie/script/HiC/3d_model/221425_apple/03.gif/wsk/chrs/chr15/chr15.pml
    jobid: 38
    wildcards: sample=wsk, chrom=chr15
    resources: tmpdir=/tmp

[Mon Feb  5 16:53:36 2024]
Finished job 29.
4 of 41 steps (10%) done

[Mon Feb  5 16:53:36 2024]
rule chrom:
    input: /work/frasergen/3D/work/shaojie/script/HiC/3d_model/221425_apple/02.3d_model/wsk/wsk.pml
    output: /work/frasergen/3D/work/shaojie/script/HiC/3d_model/221425_apple/03.gif/wsk/chrs/chr8/chr8.pml
    jobid: 31
    wildcards: sample=wsk, chrom=chr8
    resources: tmpdir=/tmp

[Mon Feb  5 16:53:37 2024]
Finished job 35.
5 of 41 steps (12%) done

[Mon Feb  5 16:53:37 2024]
rule chrom:
    input: /work/frasergen/3D/work/shaojie/script/HiC/3d_model/221425_apple/02.3d_model/wsk/wsk.pml
    output: /work/frasergen/3D/work/shaojie/script/HiC/3d_model/221425_apple/03.gif/wsk/chrs/chr2/chr2.pml
    jobid: 25
    wildcards: sample=wsk, chrom=chr2
    resources: tmpdir=/tmp

[Mon Feb  5 16:53:38 2024]
Finished job 40.
6 of 41 steps (15%) done

[Mon Feb  5 16:53:38 2024]
rule chrom:
    input: /work/frasergen/3D/work/shaojie/script/HiC/3d_model/221425_apple/02.3d_model/wsk/wsk.pml
    output: /work/frasergen/3D/work/shaojie/script/HiC/3d_model/221425_apple/03.gif/wsk/chrs/chr16/chr16.pml
    jobid: 39
    wildcards: sample=wsk, chrom=chr16
    resources: tmpdir=/tmp

[Mon Feb  5 16:53:38 2024]
Finished job 28.
7 of 41 steps (17%) done

[Mon Feb  5 16:53:38 2024]
rule chrom:
    input: /work/frasergen/3D/work/shaojie/script/HiC/3d_model/221425_apple/02.3d_model/wsk/wsk.pml
    output: /work/frasergen/3D/work/shaojie/script/HiC/3d_model/221425_apple/03.gif/wsk/chrs/chr9/chr9.pml
    jobid: 32
    wildcards: sample=wsk, chrom=chr9
    resources: tmpdir=/tmp

[Mon Feb  5 16:53:39 2024]
Finished job 26.
8 of 41 steps (20%) done

[Mon Feb  5 16:53:39 2024]
rule chrom:
    input: /work/frasergen/3D/work/shaojie/script/HiC/3d_model/221425_apple/02.3d_model/wsk/wsk.pml
    output: /work/frasergen/3D/work/shaojie/script/HiC/3d_model/221425_apple/03.gif/wsk/chrs/chr10/chr10.pml
    jobid: 33
    wildcards: sample=wsk, chrom=chr10
    resources: tmpdir=/tmp

[Mon Feb  5 16:53:39 2024]
Finished job 34.
9 of 41 steps (22%) done

[Mon Feb  5 16:53:39 2024]
rule chrom:
    input: /work/frasergen/3D/work/shaojie/script/HiC/3d_model/221425_apple/02.3d_model/xu/xu.pml
    output: /work/frasergen/3D/work/shaojie/script/HiC/3d_model/221425_apple/03.gif/xu/chrs/chr4/chr4.pml
    jobid: 9
    wildcards: sample=xu, chrom=chr4
    resources: tmpdir=/tmp

[Mon Feb  5 16:56:11 2024]
Finished job 30.
10 of 41 steps (24%) done

[Mon Feb  5 16:56:11 2024]
rule chrom:
    input: /work/frasergen/3D/work/shaojie/script/HiC/3d_model/221425_apple/02.3d_model/xu/xu.pml
    output: /work/frasergen/3D/work/shaojie/script/HiC/3d_model/221425_apple/03.gif/xu/chrs/chr6/chr6.pml
    jobid: 11
    wildcards: sample=xu, chrom=chr6
    resources: tmpdir=/tmp

[Mon Feb  5 16:56:15 2024]
Finished job 37.
11 of 41 steps (27%) done

[Mon Feb  5 16:56:15 2024]
rule chrom:
    input: /work/frasergen/3D/work/shaojie/script/HiC/3d_model/221425_apple/02.3d_model/xu/xu.pml
    output: /work/frasergen/3D/work/shaojie/script/HiC/3d_model/221425_apple/03.gif/xu/chrs/chr7/chr7.pml
    jobid: 12
    wildcards: sample=xu, chrom=chr7
    resources: tmpdir=/tmp

[Mon Feb  5 16:56:17 2024]
Finished job 38.
12 of 41 steps (29%) done

[Mon Feb  5 16:56:17 2024]
rule chrom:
    input: /work/frasergen/3D/work/shaojie/script/HiC/3d_model/221425_apple/02.3d_model/xu/xu.pml
    output: /work/frasergen/3D/work/shaojie/script/HiC/3d_model/221425_apple/03.gif/xu/chrs/chr9/chr9.pml
    jobid: 14
    wildcards: sample=xu, chrom=chr9
    resources: tmpdir=/tmp

[Mon Feb  5 16:56:19 2024]
Finished job 39.
13 of 41 steps (32%) done

[Mon Feb  5 16:56:19 2024]
rule chrom:
    input: /work/frasergen/3D/work/shaojie/script/HiC/3d_model/221425_apple/02.3d_model/xu/xu.pml
    output: /work/frasergen/3D/work/shaojie/script/HiC/3d_model/221425_apple/03.gif/xu/chrs/chr1/chr1.pml
    jobid: 5
    wildcards: sample=xu, chrom=chr1
    resources: tmpdir=/tmp

[Mon Feb  5 16:56:19 2024]
Finished job 31.
14 of 41 steps (34%) done

[Mon Feb  5 16:56:19 2024]
rule chrom:
    input: /work/frasergen/3D/work/shaojie/script/HiC/3d_model/221425_apple/02.3d_model/xu/xu.pml
    output: /work/frasergen/3D/work/shaojie/script/HiC/3d_model/221425_apple/03.gif/xu/chrs/chr11/chr11.pml
    jobid: 16
    wildcards: sample=xu, chrom=chr11
    resources: tmpdir=/tmp

[Mon Feb  5 16:56:20 2024]
Finished job 32.
15 of 41 steps (37%) done

[Mon Feb  5 16:56:20 2024]
rule chrom:
    input: /work/frasergen/3D/work/shaojie/script/HiC/3d_model/221425_apple/02.3d_model/xu/xu.pml
    output: /work/frasergen/3D/work/shaojie/script/HiC/3d_model/221425_apple/03.gif/xu/chrs/chr13/chr13.pml
    jobid: 18
    wildcards: sample=xu, chrom=chr13
    resources: tmpdir=/tmp

[Mon Feb  5 16:56:20 2024]
Finished job 25.
16 of 41 steps (39%) done

[Mon Feb  5 16:56:20 2024]
rule chrom:
    input: /work/frasergen/3D/work/shaojie/script/HiC/3d_model/221425_apple/02.3d_model/xu/xu.pml
    output: /work/frasergen/3D/work/shaojie/script/HiC/3d_model/221425_apple/03.gif/xu/chrs/chr15/chr15.pml
    jobid: 20
    wildcards: sample=xu, chrom=chr15
    resources: tmpdir=/tmp

[Mon Feb  5 16:56:21 2024]
Finished job 9.
17 of 41 steps (41%) done

[Mon Feb  5 16:56:21 2024]
rule chrom:
    input: /work/frasergen/3D/work/shaojie/script/HiC/3d_model/221425_apple/02.3d_model/xu/xu.pml
    output: /work/frasergen/3D/work/shaojie/script/HiC/3d_model/221425_apple/03.gif/xu/chrs/chr3/chr3.pml
    jobid: 8
    wildcards: sample=xu, chrom=chr3
    resources: tmpdir=/tmp

[Mon Feb  5 16:56:21 2024]
Finished job 33.
18 of 41 steps (44%) done

[Mon Feb  5 16:56:21 2024]
rule chrom:
    input: /work/frasergen/3D/work/shaojie/script/HiC/3d_model/221425_apple/02.3d_model/xu/xu.pml
    output: /work/frasergen/3D/work/shaojie/script/HiC/3d_model/221425_apple/03.gif/xu/chrs/chr17/chr17.pml
    jobid: 22
    wildcards: sample=xu, chrom=chr17
    resources: tmpdir=/tmp

[Mon Feb  5 16:58:52 2024]
Finished job 12.
19 of 41 steps (46%) done

[Mon Feb  5 16:58:52 2024]
rule chrom:
    input: /work/frasergen/3D/work/shaojie/script/HiC/3d_model/221425_apple/02.3d_model/xu/xu.pml
    output: /work/frasergen/3D/work/shaojie/script/HiC/3d_model/221425_apple/03.gif/xu/chrs/chr5/chr5.pml
    jobid: 10
    wildcards: sample=xu, chrom=chr5
    resources: tmpdir=/tmp

[Mon Feb  5 16:58:53 2024]
Finished job 11.
20 of 41 steps (49%) done

[Mon Feb  5 16:58:53 2024]
rule chrom:
    input: /work/frasergen/3D/work/shaojie/script/HiC/3d_model/221425_apple/02.3d_model/xu/xu.pml
    output: /work/frasergen/3D/work/shaojie/script/HiC/3d_model/221425_apple/03.gif/xu/chrs/chr2/chr2.pml
    jobid: 7
    wildcards: sample=xu, chrom=chr2
    resources: tmpdir=/tmp

[Mon Feb  5 16:58:59 2024]
Finished job 14.
21 of 41 steps (51%) done

[Mon Feb  5 16:58:59 2024]
rule chrom:
    input: /work/frasergen/3D/work/shaojie/script/HiC/3d_model/221425_apple/02.3d_model/xu/xu.pml
    output: /work/frasergen/3D/work/shaojie/script/HiC/3d_model/221425_apple/03.gif/xu/chrs/chr8/chr8.pml
    jobid: 13
    wildcards: sample=xu, chrom=chr8
    resources: tmpdir=/tmp

[Mon Feb  5 16:59:00 2024]
Finished job 5.
22 of 41 steps (54%) done

[Mon Feb  5 16:59:00 2024]
rule png:
    input: /work/frasergen/3D/work/shaojie/script/HiC/3d_model/221425_apple/02.3d_model/xu/xu.pml
    output: /work/frasergen/3D/work/shaojie/script/HiC/3d_model/221425_apple/03.gif/xu/pngs/fig_240.png
    jobid: 41
    wildcards: sample=xu
    resources: tmpdir=/tmp

[Mon Feb  5 16:59:01 2024]
Finished job 18.
23 of 41 steps (56%) done

[Mon Feb  5 16:59:01 2024]
rule chrom:
    input: /work/frasergen/3D/work/shaojie/script/HiC/3d_model/221425_apple/02.3d_model/xu/xu.pml
    output: /work/frasergen/3D/work/shaojie/script/HiC/3d_model/221425_apple/03.gif/xu/chrs/chr10/chr10.pml
    jobid: 15
    wildcards: sample=xu, chrom=chr10
    resources: tmpdir=/tmp

[Mon Feb  5 16:59:03 2024]
Finished job 20.
24 of 41 steps (59%) done

[Mon Feb  5 16:59:03 2024]
rule chrom:
    input: /work/frasergen/3D/work/shaojie/script/HiC/3d_model/221425_apple/02.3d_model/xu/xu.pml
    output: /work/frasergen/3D/work/shaojie/script/HiC/3d_model/221425_apple/03.gif/xu/chrs/chr12/chr12.pml
    jobid: 17
    wildcards: sample=xu, chrom=chr12
    resources: tmpdir=/tmp

[Mon Feb  5 16:59:04 2024]
Finished job 22.
25 of 41 steps (61%) done

[Mon Feb  5 16:59:04 2024]
rule chrom:
    input: /work/frasergen/3D/work/shaojie/script/HiC/3d_model/221425_apple/02.3d_model/xu/xu.pml
    output: /work/frasergen/3D/work/shaojie/script/HiC/3d_model/221425_apple/03.gif/xu/chrs/chr14/chr14.pml
    jobid: 19
    wildcards: sample=xu, chrom=chr14
    resources: tmpdir=/tmp

[Mon Feb  5 16:59:04 2024]
Finished job 16.
26 of 41 steps (63%) done

[Mon Feb  5 16:59:04 2024]
rule chrom:
    input: /work/frasergen/3D/work/shaojie/script/HiC/3d_model/221425_apple/02.3d_model/xu/xu.pml
    output: /work/frasergen/3D/work/shaojie/script/HiC/3d_model/221425_apple/03.gif/xu/chrs/chr16/chr16.pml
    jobid: 21
    wildcards: sample=xu, chrom=chr16
    resources: tmpdir=/tmp

[Mon Feb  5 16:59:05 2024]
Finished job 8.
27 of 41 steps (66%) done
[Mon Feb  5 17:01:18 2024]
Finished job 13.
28 of 41 steps (68%) done
[Mon Feb  5 17:01:18 2024]
Finished job 10.
29 of 41 steps (71%) done
[Mon Feb  5 17:01:18 2024]
Finished job 7.
30 of 41 steps (73%) done
[Mon Feb  5 17:01:19 2024]
Finished job 15.
31 of 41 steps (76%) done
[Mon Feb  5 17:01:20 2024]
Finished job 21.
32 of 41 steps (78%) done
[Mon Feb  5 17:01:20 2024]
Finished job 17.
33 of 41 steps (80%) done
[Mon Feb  5 17:01:21 2024]
Finished job 19.
34 of 41 steps (83%) done
Shutting down, this might take some time.
Exiting because a job execution failed. Look above for error message
Complete log: /work/frasergen/3D/work/shaojie/script/HiC/3d_model/.snakemake/log/2024-02-05T165034.765311.snakemake.log
