Building DAG of jobs...
Using shell: /usr/bin/bash
Provided cluster nodes: 24
Job stats:
job         count    min threads    max threads
--------  -------  -------------  -------------
all             1              1              1
chrom           4              1              1
fill_pre        1              1              1
gif             1              1              1
matrix          1              1              1
pastis          1              1              1
png            24              1              1
total          33              1              1


[Wed May 22 17:46:42 2024]
rule matrix:
    output: /work/frasergen/3D/work/shaojie/script/HiC/3d_model/analysis_20240522_HiC_3D_model/01.matrix_fill/IMP002-24h/IMP002-24h_filled_matrix.txt
    jobid: 3
    wildcards: sample=IMP002-24h
    resources: tmpdir=/tmp

Submitted job 3 with external jobid 'Submitted batch job 7900560'.

[Wed May 22 17:46:42 2024]
rule fill_pre:
    output: /work/frasergen/3D/work/shaojie/script/HiC/3d_model/analysis_20240522_HiC_3D_model/01.matrix_fill/bins.bed
    jobid: 4
    resources: tmpdir=/tmp

Submitted job 4 with external jobid 'Submitted batch job 7900561'.
[Wed May 22 17:48:42 2024]
Finished job 4.
1 of 33 steps (3%) done
[Wed May 22 17:49:52 2024]
Finished job 3.
2 of 33 steps (6%) done

[Wed May 22 17:49:52 2024]
rule pastis:
    input: /work/frasergen/3D/work/shaojie/script/HiC/3d_model/analysis_20240522_HiC_3D_model/01.matrix_fill/IMP002-24h/IMP002-24h_filled_matrix.txt, /work/frasergen/3D/work/shaojie/script/HiC/3d_model/analysis_20240522_HiC_3D_model/01.matrix_fill/bins.bed
    output: /work/frasergen/3D/work/shaojie/script/HiC/3d_model/analysis_20240522_HiC_3D_model/02.3d_model/IMP002-24h/IMP002-24h.pdb, /work/frasergen/3D/work/shaojie/script/HiC/3d_model/analysis_20240522_HiC_3D_model/02.3d_model/IMP002-24h/IMP002-24h.pml
    jobid: 2
    wildcards: sample=IMP002-24h
    resources: tmpdir=/tmp

Submitted job 2 with external jobid 'Submitted batch job 7900571'.
[Wed May 22 18:01:33 2024]
Finished job 2.
3 of 33 steps (9%) done

[Wed May 22 18:01:33 2024]
rule png:
    input: /work/frasergen/3D/work/shaojie/script/HiC/3d_model/analysis_20240522_HiC_3D_model/02.3d_model/IMP002-24h/IMP002-24h.pdb, /work/frasergen/3D/work/shaojie/script/HiC/3d_model/analysis_20240522_HiC_3D_model/02.3d_model/IMP002-24h/IMP002-24h.pml
    output: /work/frasergen/3D/work/shaojie/script/HiC/3d_model/analysis_20240522_HiC_3D_model/03.gif/IMP002-24h/pngs/fig_020.png
    jobid: 10
    wildcards: sample=IMP002-24h, batch=020
    resources: tmpdir=/tmp

Submitted job 10 with external jobid 'Submitted batch job 7900644'.

[Wed May 22 18:01:33 2024]
rule png:
    input: /work/frasergen/3D/work/shaojie/script/HiC/3d_model/analysis_20240522_HiC_3D_model/02.3d_model/IMP002-24h/IMP002-24h.pdb, /work/frasergen/3D/work/shaojie/script/HiC/3d_model/analysis_20240522_HiC_3D_model/02.3d_model/IMP002-24h/IMP002-24h.pml
    output: /work/frasergen/3D/work/shaojie/script/HiC/3d_model/analysis_20240522_HiC_3D_model/03.gif/IMP002-24h/pngs/fig_160.png
    jobid: 24
    wildcards: sample=IMP002-24h, batch=160
    resources: tmpdir=/tmp

Submitted job 24 with external jobid 'Submitted batch job 7900645'.

[Wed May 22 18:01:33 2024]
rule png:
    input: /work/frasergen/3D/work/shaojie/script/HiC/3d_model/analysis_20240522_HiC_3D_model/02.3d_model/IMP002-24h/IMP002-24h.pdb, /work/frasergen/3D/work/shaojie/script/HiC/3d_model/analysis_20240522_HiC_3D_model/02.3d_model/IMP002-24h/IMP002-24h.pml
    output: /work/frasergen/3D/work/shaojie/script/HiC/3d_model/analysis_20240522_HiC_3D_model/03.gif/IMP002-24h/pngs/fig_100.png
    jobid: 18
    wildcards: sample=IMP002-24h, batch=100
    resources: tmpdir=/tmp

Submitted job 18 with external jobid 'Submitted batch job 7900646'.

[Wed May 22 18:01:33 2024]
rule png:
    input: /work/frasergen/3D/work/shaojie/script/HiC/3d_model/analysis_20240522_HiC_3D_model/02.3d_model/IMP002-24h/IMP002-24h.pdb, /work/frasergen/3D/work/shaojie/script/HiC/3d_model/analysis_20240522_HiC_3D_model/02.3d_model/IMP002-24h/IMP002-24h.pml
    output: /work/frasergen/3D/work/shaojie/script/HiC/3d_model/analysis_20240522_HiC_3D_model/03.gif/IMP002-24h/pngs/fig_240.png
    jobid: 32
    wildcards: sample=IMP002-24h, batch=240
    resources: tmpdir=/tmp

Submitted job 32 with external jobid 'Submitted batch job 7900647'.

[Wed May 22 18:01:34 2024]
rule png:
    input: /work/frasergen/3D/work/shaojie/script/HiC/3d_model/analysis_20240522_HiC_3D_model/02.3d_model/IMP002-24h/IMP002-24h.pdb, /work/frasergen/3D/work/shaojie/script/HiC/3d_model/analysis_20240522_HiC_3D_model/02.3d_model/IMP002-24h/IMP002-24h.pml
    output: /work/frasergen/3D/work/shaojie/script/HiC/3d_model/analysis_20240522_HiC_3D_model/03.gif/IMP002-24h/pngs/fig_030.png
    jobid: 11
    wildcards: sample=IMP002-24h, batch=030
    resources: tmpdir=/tmp

Submitted job 11 with external jobid 'Submitted batch job 7900649'.

[Wed May 22 18:01:34 2024]
rule png:
    input: /work/frasergen/3D/work/shaojie/script/HiC/3d_model/analysis_20240522_HiC_3D_model/02.3d_model/IMP002-24h/IMP002-24h.pdb, /work/frasergen/3D/work/shaojie/script/HiC/3d_model/analysis_20240522_HiC_3D_model/02.3d_model/IMP002-24h/IMP002-24h.pml
    output: /work/frasergen/3D/work/shaojie/script/HiC/3d_model/analysis_20240522_HiC_3D_model/03.gif/IMP002-24h/pngs/fig_170.png
    jobid: 25
    wildcards: sample=IMP002-24h, batch=170
    resources: tmpdir=/tmp

Submitted job 25 with external jobid 'Submitted batch job 7900650'.

[Wed May 22 18:01:34 2024]
rule png:
    input: /work/frasergen/3D/work/shaojie/script/HiC/3d_model/analysis_20240522_HiC_3D_model/02.3d_model/IMP002-24h/IMP002-24h.pdb, /work/frasergen/3D/work/shaojie/script/HiC/3d_model/analysis_20240522_HiC_3D_model/02.3d_model/IMP002-24h/IMP002-24h.pml
    output: /work/frasergen/3D/work/shaojie/script/HiC/3d_model/analysis_20240522_HiC_3D_model/03.gif/IMP002-24h/pngs/fig_110.png
    jobid: 19
    wildcards: sample=IMP002-24h, batch=110
    resources: tmpdir=/tmp

Submitted job 19 with external jobid 'Submitted batch job 7900651'.

[Wed May 22 18:01:34 2024]
rule chrom:
    input: /work/frasergen/3D/work/shaojie/script/HiC/3d_model/analysis_20240522_HiC_3D_model/02.3d_model/IMP002-24h/IMP002-24h.pdb, /work/frasergen/3D/work/shaojie/script/HiC/3d_model/analysis_20240522_HiC_3D_model/02.3d_model/IMP002-24h/IMP002-24h.pml
    output: /work/frasergen/3D/work/shaojie/script/HiC/3d_model/analysis_20240522_HiC_3D_model/03.gif/IMP002-24h/chrs/chr2/chr2_2.png
    jobid: 5
    wildcards: sample=IMP002-24h, chrom=chr2
    resources: tmpdir=/tmp

Submitted job 5 with external jobid 'Submitted batch job 7900652'.

[Wed May 22 18:01:34 2024]
rule png:
    input: /work/frasergen/3D/work/shaojie/script/HiC/3d_model/analysis_20240522_HiC_3D_model/02.3d_model/IMP002-24h/IMP002-24h.pdb, /work/frasergen/3D/work/shaojie/script/HiC/3d_model/analysis_20240522_HiC_3D_model/02.3d_model/IMP002-24h/IMP002-24h.pml
    output: /work/frasergen/3D/work/shaojie/script/HiC/3d_model/analysis_20240522_HiC_3D_model/03.gif/IMP002-24h/pngs/fig_040.png
    jobid: 12
    wildcards: sample=IMP002-24h, batch=040
    resources: tmpdir=/tmp

Submitted job 12 with external jobid 'Submitted batch job 7900653'.

[Wed May 22 18:01:35 2024]
rule png:
    input: /work/frasergen/3D/work/shaojie/script/HiC/3d_model/analysis_20240522_HiC_3D_model/02.3d_model/IMP002-24h/IMP002-24h.pdb, /work/frasergen/3D/work/shaojie/script/HiC/3d_model/analysis_20240522_HiC_3D_model/02.3d_model/IMP002-24h/IMP002-24h.pml
    output: /work/frasergen/3D/work/shaojie/script/HiC/3d_model/analysis_20240522_HiC_3D_model/03.gif/IMP002-24h/pngs/fig_180.png
    jobid: 26
    wildcards: sample=IMP002-24h, batch=180
    resources: tmpdir=/tmp

Submitted job 26 with external jobid 'Submitted batch job 7900654'.

[Wed May 22 18:01:35 2024]
rule chrom:
    input: /work/frasergen/3D/work/shaojie/script/HiC/3d_model/analysis_20240522_HiC_3D_model/02.3d_model/IMP002-24h/IMP002-24h.pdb, /work/frasergen/3D/work/shaojie/script/HiC/3d_model/analysis_20240522_HiC_3D_model/02.3d_model/IMP002-24h/IMP002-24h.pml
    output: /work/frasergen/3D/work/shaojie/script/HiC/3d_model/analysis_20240522_HiC_3D_model/03.gif/IMP002-24h/chrs/chr3/chr3_2.png
    jobid: 6
    wildcards: sample=IMP002-24h, chrom=chr3
    resources: tmpdir=/tmp

Submitted job 6 with external jobid 'Submitted batch job 7900655'.

[Wed May 22 18:01:35 2024]
rule png:
    input: /work/frasergen/3D/work/shaojie/script/HiC/3d_model/analysis_20240522_HiC_3D_model/02.3d_model/IMP002-24h/IMP002-24h.pdb, /work/frasergen/3D/work/shaojie/script/HiC/3d_model/analysis_20240522_HiC_3D_model/02.3d_model/IMP002-24h/IMP002-24h.pml
    output: /work/frasergen/3D/work/shaojie/script/HiC/3d_model/analysis_20240522_HiC_3D_model/03.gif/IMP002-24h/pngs/fig_120.png
    jobid: 20
    wildcards: sample=IMP002-24h, batch=120
    resources: tmpdir=/tmp

Submitted job 20 with external jobid 'Submitted batch job 7900656'.

[Wed May 22 18:01:35 2024]
rule png:
    input: /work/frasergen/3D/work/shaojie/script/HiC/3d_model/analysis_20240522_HiC_3D_model/02.3d_model/IMP002-24h/IMP002-24h.pdb, /work/frasergen/3D/work/shaojie/script/HiC/3d_model/analysis_20240522_HiC_3D_model/02.3d_model/IMP002-24h/IMP002-24h.pml
    output: /work/frasergen/3D/work/shaojie/script/HiC/3d_model/analysis_20240522_HiC_3D_model/03.gif/IMP002-24h/pngs/fig_050.png
    jobid: 13
    wildcards: sample=IMP002-24h, batch=050
    resources: tmpdir=/tmp

Submitted job 13 with external jobid 'Submitted batch job 7900657'.

[Wed May 22 18:01:35 2024]
rule png:
    input: /work/frasergen/3D/work/shaojie/script/HiC/3d_model/analysis_20240522_HiC_3D_model/02.3d_model/IMP002-24h/IMP002-24h.pdb, /work/frasergen/3D/work/shaojie/script/HiC/3d_model/analysis_20240522_HiC_3D_model/02.3d_model/IMP002-24h/IMP002-24h.pml
    output: /work/frasergen/3D/work/shaojie/script/HiC/3d_model/analysis_20240522_HiC_3D_model/03.gif/IMP002-24h/pngs/fig_190.png
    jobid: 27
    wildcards: sample=IMP002-24h, batch=190
    resources: tmpdir=/tmp

Submitted job 27 with external jobid 'Submitted batch job 7900658'.

[Wed May 22 18:01:36 2024]
rule chrom:
    input: /work/frasergen/3D/work/shaojie/script/HiC/3d_model/analysis_20240522_HiC_3D_model/02.3d_model/IMP002-24h/IMP002-24h.pdb, /work/frasergen/3D/work/shaojie/script/HiC/3d_model/analysis_20240522_HiC_3D_model/02.3d_model/IMP002-24h/IMP002-24h.pml
    output: /work/frasergen/3D/work/shaojie/script/HiC/3d_model/analysis_20240522_HiC_3D_model/03.gif/IMP002-24h/chrs/chr4/chr4_2.png
    jobid: 7
    wildcards: sample=IMP002-24h, chrom=chr4
    resources: tmpdir=/tmp

Submitted job 7 with external jobid 'Submitted batch job 7900659'.

[Wed May 22 18:01:36 2024]
rule png:
    input: /work/frasergen/3D/work/shaojie/script/HiC/3d_model/analysis_20240522_HiC_3D_model/02.3d_model/IMP002-24h/IMP002-24h.pdb, /work/frasergen/3D/work/shaojie/script/HiC/3d_model/analysis_20240522_HiC_3D_model/02.3d_model/IMP002-24h/IMP002-24h.pml
    output: /work/frasergen/3D/work/shaojie/script/HiC/3d_model/analysis_20240522_HiC_3D_model/03.gif/IMP002-24h/pngs/fig_130.png
    jobid: 21
    wildcards: sample=IMP002-24h, batch=130
    resources: tmpdir=/tmp

Submitted job 21 with external jobid 'Submitted batch job 7900660'.

[Wed May 22 18:01:36 2024]
rule png:
    input: /work/frasergen/3D/work/shaojie/script/HiC/3d_model/analysis_20240522_HiC_3D_model/02.3d_model/IMP002-24h/IMP002-24h.pdb, /work/frasergen/3D/work/shaojie/script/HiC/3d_model/analysis_20240522_HiC_3D_model/02.3d_model/IMP002-24h/IMP002-24h.pml
    output: /work/frasergen/3D/work/shaojie/script/HiC/3d_model/analysis_20240522_HiC_3D_model/03.gif/IMP002-24h/pngs/fig_060.png
    jobid: 14
    wildcards: sample=IMP002-24h, batch=060
    resources: tmpdir=/tmp

Submitted job 14 with external jobid 'Submitted batch job 7900661'.

[Wed May 22 18:01:36 2024]
rule png:
    input: /work/frasergen/3D/work/shaojie/script/HiC/3d_model/analysis_20240522_HiC_3D_model/02.3d_model/IMP002-24h/IMP002-24h.pdb, /work/frasergen/3D/work/shaojie/script/HiC/3d_model/analysis_20240522_HiC_3D_model/02.3d_model/IMP002-24h/IMP002-24h.pml
    output: /work/frasergen/3D/work/shaojie/script/HiC/3d_model/analysis_20240522_HiC_3D_model/03.gif/IMP002-24h/pngs/fig_200.png
    jobid: 28
    wildcards: sample=IMP002-24h, batch=200
    resources: tmpdir=/tmp

Submitted job 28 with external jobid 'Submitted batch job 7900662'.

[Wed May 22 18:01:36 2024]
rule png:
    input: /work/frasergen/3D/work/shaojie/script/HiC/3d_model/analysis_20240522_HiC_3D_model/02.3d_model/IMP002-24h/IMP002-24h.pdb, /work/frasergen/3D/work/shaojie/script/HiC/3d_model/analysis_20240522_HiC_3D_model/02.3d_model/IMP002-24h/IMP002-24h.pml
    output: /work/frasergen/3D/work/shaojie/script/HiC/3d_model/analysis_20240522_HiC_3D_model/03.gif/IMP002-24h/pngs/fig_140.png
    jobid: 22
    wildcards: sample=IMP002-24h, batch=140
    resources: tmpdir=/tmp

Submitted job 22 with external jobid 'Submitted batch job 7900663'.

[Wed May 22 18:01:37 2024]
rule png:
    input: /work/frasergen/3D/work/shaojie/script/HiC/3d_model/analysis_20240522_HiC_3D_model/02.3d_model/IMP002-24h/IMP002-24h.pdb, /work/frasergen/3D/work/shaojie/script/HiC/3d_model/analysis_20240522_HiC_3D_model/02.3d_model/IMP002-24h/IMP002-24h.pml
    output: /work/frasergen/3D/work/shaojie/script/HiC/3d_model/analysis_20240522_HiC_3D_model/03.gif/IMP002-24h/pngs/fig_070.png
    jobid: 15
    wildcards: sample=IMP002-24h, batch=070
    resources: tmpdir=/tmp

Submitted job 15 with external jobid 'Submitted batch job 7900664'.

[Wed May 22 18:01:37 2024]
rule png:
    input: /work/frasergen/3D/work/shaojie/script/HiC/3d_model/analysis_20240522_HiC_3D_model/02.3d_model/IMP002-24h/IMP002-24h.pdb, /work/frasergen/3D/work/shaojie/script/HiC/3d_model/analysis_20240522_HiC_3D_model/02.3d_model/IMP002-24h/IMP002-24h.pml
    output: /work/frasergen/3D/work/shaojie/script/HiC/3d_model/analysis_20240522_HiC_3D_model/03.gif/IMP002-24h/pngs/fig_210.png
    jobid: 29
    wildcards: sample=IMP002-24h, batch=210
    resources: tmpdir=/tmp

Submitted job 29 with external jobid 'Submitted batch job 7900665'.

[Wed May 22 18:01:37 2024]
rule png:
    input: /work/frasergen/3D/work/shaojie/script/HiC/3d_model/analysis_20240522_HiC_3D_model/02.3d_model/IMP002-24h/IMP002-24h.pdb, /work/frasergen/3D/work/shaojie/script/HiC/3d_model/analysis_20240522_HiC_3D_model/02.3d_model/IMP002-24h/IMP002-24h.pml
    output: /work/frasergen/3D/work/shaojie/script/HiC/3d_model/analysis_20240522_HiC_3D_model/03.gif/IMP002-24h/pngs/fig_010.png
    jobid: 9
    wildcards: sample=IMP002-24h, batch=010
    resources: tmpdir=/tmp

Submitted job 9 with external jobid 'Submitted batch job 7900666'.

[Wed May 22 18:01:37 2024]
rule png:
    input: /work/frasergen/3D/work/shaojie/script/HiC/3d_model/analysis_20240522_HiC_3D_model/02.3d_model/IMP002-24h/IMP002-24h.pdb, /work/frasergen/3D/work/shaojie/script/HiC/3d_model/analysis_20240522_HiC_3D_model/02.3d_model/IMP002-24h/IMP002-24h.pml
    output: /work/frasergen/3D/work/shaojie/script/HiC/3d_model/analysis_20240522_HiC_3D_model/03.gif/IMP002-24h/pngs/fig_150.png
    jobid: 23
    wildcards: sample=IMP002-24h, batch=150
    resources: tmpdir=/tmp

Submitted job 23 with external jobid 'Submitted batch job 7900667'.

[Wed May 22 18:01:37 2024]
rule png:
    input: /work/frasergen/3D/work/shaojie/script/HiC/3d_model/analysis_20240522_HiC_3D_model/02.3d_model/IMP002-24h/IMP002-24h.pdb, /work/frasergen/3D/work/shaojie/script/HiC/3d_model/analysis_20240522_HiC_3D_model/02.3d_model/IMP002-24h/IMP002-24h.pml
    output: /work/frasergen/3D/work/shaojie/script/HiC/3d_model/analysis_20240522_HiC_3D_model/03.gif/IMP002-24h/pngs/fig_090.png
    jobid: 17
    wildcards: sample=IMP002-24h, batch=090
    resources: tmpdir=/tmp

Submitted job 17 with external jobid 'Submitted batch job 7900668'.
[Wed May 22 18:04:19 2024]
Finished job 10.
4 of 33 steps (12%) done

[Wed May 22 18:04:19 2024]
rule png:
    input: /work/frasergen/3D/work/shaojie/script/HiC/3d_model/analysis_20240522_HiC_3D_model/02.3d_model/IMP002-24h/IMP002-24h.pdb, /work/frasergen/3D/work/shaojie/script/HiC/3d_model/analysis_20240522_HiC_3D_model/02.3d_model/IMP002-24h/IMP002-24h.pml
    output: /work/frasergen/3D/work/shaojie/script/HiC/3d_model/analysis_20240522_HiC_3D_model/03.gif/IMP002-24h/pngs/fig_080.png
    jobid: 16
    wildcards: sample=IMP002-24h, batch=080
    resources: tmpdir=/tmp

[Wed May 22 18:04:19 2024]
Finished job 24.
5 of 33 steps (15%) done
Submitted job 16 with external jobid 'Submitted batch job 7900675'.

[Wed May 22 18:04:19 2024]
rule chrom:
    input: /work/frasergen/3D/work/shaojie/script/HiC/3d_model/analysis_20240522_HiC_3D_model/02.3d_model/IMP002-24h/IMP002-24h.pdb, /work/frasergen/3D/work/shaojie/script/HiC/3d_model/analysis_20240522_HiC_3D_model/02.3d_model/IMP002-24h/IMP002-24h.pml
    output: /work/frasergen/3D/work/shaojie/script/HiC/3d_model/analysis_20240522_HiC_3D_model/03.gif/IMP002-24h/chrs/chr1/chr1_2.png
    jobid: 1
    wildcards: sample=IMP002-24h, chrom=chr1
    resources: tmpdir=/tmp

Submitted job 1 with external jobid 'Submitted batch job 7900676'.
[Wed May 22 18:06:43 2024]
Finished job 18.
6 of 33 steps (18%) done

[Wed May 22 18:06:43 2024]
rule png:
    input: /work/frasergen/3D/work/shaojie/script/HiC/3d_model/analysis_20240522_HiC_3D_model/02.3d_model/IMP002-24h/IMP002-24h.pdb, /work/frasergen/3D/work/shaojie/script/HiC/3d_model/analysis_20240522_HiC_3D_model/02.3d_model/IMP002-24h/IMP002-24h.pml
    output: /work/frasergen/3D/work/shaojie/script/HiC/3d_model/analysis_20240522_HiC_3D_model/03.gif/IMP002-24h/pngs/fig_220.png
    jobid: 30
    wildcards: sample=IMP002-24h, batch=220
    resources: tmpdir=/tmp

Submitted job 30 with external jobid 'Submitted batch job 7900689'.
[Wed May 22 18:06:55 2024]
Finished job 32.
7 of 33 steps (21%) done

[Wed May 22 18:06:55 2024]
rule png:
    input: /work/frasergen/3D/work/shaojie/script/HiC/3d_model/analysis_20240522_HiC_3D_model/02.3d_model/IMP002-24h/IMP002-24h.pdb, /work/frasergen/3D/work/shaojie/script/HiC/3d_model/analysis_20240522_HiC_3D_model/02.3d_model/IMP002-24h/IMP002-24h.pml
    output: /work/frasergen/3D/work/shaojie/script/HiC/3d_model/analysis_20240522_HiC_3D_model/03.gif/IMP002-24h/pngs/fig_230.png
    jobid: 31
    wildcards: sample=IMP002-24h, batch=230
    resources: tmpdir=/tmp

Submitted job 31 with external jobid 'Submitted batch job 7900691'.
[Wed May 22 18:08:43 2024]
Finished job 5.
8 of 33 steps (24%) done
[Wed May 22 18:09:32 2024]
Finished job 11.
9 of 33 steps (27%) done
[Wed May 22 18:09:32 2024]
Finished job 25.
10 of 33 steps (30%) done
[Wed May 22 18:10:08 2024]
Finished job 6.
11 of 33 steps (33%) done
[Wed May 22 18:10:44 2024]
Finished job 19.
12 of 33 steps (36%) done
[Wed May 22 18:12:02 2024]
Finished job 12.
13 of 33 steps (39%) done
[Wed May 22 18:12:02 2024]
Finished job 26.
14 of 33 steps (42%) done
[Wed May 22 18:12:35 2024]
Finished job 7.
15 of 33 steps (45%) done
[Wed May 22 18:13:19 2024]
Finished job 20.
16 of 33 steps (48%) done
[Wed May 22 18:13:19 2024]
Finished job 13.
17 of 33 steps (52%) done
[Wed May 22 18:14:36 2024]
Finished job 28.
18 of 33 steps (55%) done
[Wed May 22 18:14:47 2024]
Finished job 27.
19 of 33 steps (58%) done
[Wed May 22 18:14:47 2024]
Finished job 21.
20 of 33 steps (61%) done
[Wed May 22 18:14:47 2024]
Finished job 14.
21 of 33 steps (64%) done
[Wed May 22 18:14:47 2024]
Finished job 22.
22 of 33 steps (67%) done
[Wed May 22 18:15:28 2024]
Finished job 1.
23 of 33 steps (70%) done
[Wed May 22 18:15:58 2024]
Finished job 29.
24 of 33 steps (73%) done
[Wed May 22 18:15:59 2024]
Finished job 9.
25 of 33 steps (76%) done
[Wed May 22 18:16:09 2024]
Finished job 15.
26 of 33 steps (79%) done
[Wed May 22 18:17:19 2024]
Finished job 23.
27 of 33 steps (82%) done
[Wed May 22 18:17:39 2024]
Finished job 16.
28 of 33 steps (85%) done
[Wed May 22 18:17:39 2024]
Finished job 17.
29 of 33 steps (88%) done
[Wed May 22 18:17:49 2024]
Finished job 30.
30 of 33 steps (91%) done
[Wed May 22 18:18:49 2024]
Finished job 31.
31 of 33 steps (94%) done

[Wed May 22 18:18:49 2024]
rule gif:
    input: /work/frasergen/3D/work/shaojie/script/HiC/3d_model/analysis_20240522_HiC_3D_model/03.gif/IMP002-24h/pngs/fig_010.png, /work/frasergen/3D/work/shaojie/script/HiC/3d_model/analysis_20240522_HiC_3D_model/03.gif/IMP002-24h/pngs/fig_020.png, /work/frasergen/3D/work/shaojie/script/HiC/3d_model/analysis_20240522_HiC_3D_model/03.gif/IMP002-24h/pngs/fig_030.png, /work/frasergen/3D/work/shaojie/script/HiC/3d_model/analysis_20240522_HiC_3D_model/03.gif/IMP002-24h/pngs/fig_040.png, /work/frasergen/3D/work/shaojie/script/HiC/3d_model/analysis_20240522_HiC_3D_model/03.gif/IMP002-24h/pngs/fig_050.png, /work/frasergen/3D/work/shaojie/script/HiC/3d_model/analysis_20240522_HiC_3D_model/03.gif/IMP002-24h/pngs/fig_060.png, /work/frasergen/3D/work/shaojie/script/HiC/3d_model/analysis_20240522_HiC_3D_model/03.gif/IMP002-24h/pngs/fig_070.png, /work/frasergen/3D/work/shaojie/script/HiC/3d_model/analysis_20240522_HiC_3D_model/03.gif/IMP002-24h/pngs/fig_080.png, /work/frasergen/3D/work/shaojie/script/HiC/3d_model/analysis_20240522_HiC_3D_model/03.gif/IMP002-24h/pngs/fig_090.png, /work/frasergen/3D/work/shaojie/script/HiC/3d_model/analysis_20240522_HiC_3D_model/03.gif/IMP002-24h/pngs/fig_100.png, /work/frasergen/3D/work/shaojie/script/HiC/3d_model/analysis_20240522_HiC_3D_model/03.gif/IMP002-24h/pngs/fig_110.png, /work/frasergen/3D/work/shaojie/script/HiC/3d_model/analysis_20240522_HiC_3D_model/03.gif/IMP002-24h/pngs/fig_120.png, /work/frasergen/3D/work/shaojie/script/HiC/3d_model/analysis_20240522_HiC_3D_model/03.gif/IMP002-24h/pngs/fig_130.png, /work/frasergen/3D/work/shaojie/script/HiC/3d_model/analysis_20240522_HiC_3D_model/03.gif/IMP002-24h/pngs/fig_140.png, /work/frasergen/3D/work/shaojie/script/HiC/3d_model/analysis_20240522_HiC_3D_model/03.gif/IMP002-24h/pngs/fig_150.png, /work/frasergen/3D/work/shaojie/script/HiC/3d_model/analysis_20240522_HiC_3D_model/03.gif/IMP002-24h/pngs/fig_160.png, /work/frasergen/3D/work/shaojie/script/HiC/3d_model/analysis_20240522_HiC_3D_model/03.gif/IMP002-24h/pngs/fig_170.png, /work/frasergen/3D/work/shaojie/script/HiC/3d_model/analysis_20240522_HiC_3D_model/03.gif/IMP002-24h/pngs/fig_180.png, /work/frasergen/3D/work/shaojie/script/HiC/3d_model/analysis_20240522_HiC_3D_model/03.gif/IMP002-24h/pngs/fig_190.png, /work/frasergen/3D/work/shaojie/script/HiC/3d_model/analysis_20240522_HiC_3D_model/03.gif/IMP002-24h/pngs/fig_200.png, /work/frasergen/3D/work/shaojie/script/HiC/3d_model/analysis_20240522_HiC_3D_model/03.gif/IMP002-24h/pngs/fig_210.png, /work/frasergen/3D/work/shaojie/script/HiC/3d_model/analysis_20240522_HiC_3D_model/03.gif/IMP002-24h/pngs/fig_220.png, /work/frasergen/3D/work/shaojie/script/HiC/3d_model/analysis_20240522_HiC_3D_model/03.gif/IMP002-24h/pngs/fig_230.png, /work/frasergen/3D/work/shaojie/script/HiC/3d_model/analysis_20240522_HiC_3D_model/03.gif/IMP002-24h/pngs/fig_240.png
    output: /work/frasergen/3D/work/shaojie/script/HiC/3d_model/analysis_20240522_HiC_3D_model/03.gif/IMP002-24h/IMP002-24h.gif, /work/frasergen/3D/work/shaojie/script/HiC/3d_model/analysis_20240522_HiC_3D_model/03.gif/IMP002-24h/IMP002-24h.mp4
    jobid: 8
    wildcards: sample=IMP002-24h
    resources: tmpdir=/tmp

Submitted job 8 with external jobid 'Submitted batch job 7900754'.
[Wed May 22 18:20:59 2024]
Finished job 8.
32 of 33 steps (97%) done

[Wed May 22 18:20:59 2024]
localrule all:
    input: /work/frasergen/3D/work/shaojie/script/HiC/3d_model/analysis_20240522_HiC_3D_model/03.gif/IMP002-24h/chrs/chr1/chr1_2.png, /work/frasergen/3D/work/shaojie/script/HiC/3d_model/analysis_20240522_HiC_3D_model/03.gif/IMP002-24h/chrs/chr2/chr2_2.png, /work/frasergen/3D/work/shaojie/script/HiC/3d_model/analysis_20240522_HiC_3D_model/03.gif/IMP002-24h/chrs/chr3/chr3_2.png, /work/frasergen/3D/work/shaojie/script/HiC/3d_model/analysis_20240522_HiC_3D_model/03.gif/IMP002-24h/chrs/chr4/chr4_2.png, /work/frasergen/3D/work/shaojie/script/HiC/3d_model/analysis_20240522_HiC_3D_model/03.gif/IMP002-24h/IMP002-24h.gif
    jobid: 0
    resources: tmpdir=/tmp

[Wed May 22 18:20:59 2024]
Finished job 0.
33 of 33 steps (100%) done
Complete log: /work/frasergen/3D/work/shaojie/script/HiC/3d_model/.snakemake/log/2024-05-22T174631.286170.snakemake.log
