Building DAG of jobs...
Using shell: /usr/bin/bash
Provided cluster nodes: 10
Job stats:
job          count    min threads    max threads
---------  -------  -------------  -------------
all              1              1              1
gif              3              1              1
mp4              3              1              1
png              3              1              1
split_pml        3              1              1
total           13              1              1


[Wed Apr 24 12:50:35 2024]
rule split_pml:
    input: /work/frasergen/3D/work/shaojie/script/HiC/3d_model/analysis20240419_3D_model/02.3d_model/AC/AC.pml
    output: /work/frasergen/3D/work/shaojie/script/HiC/3d_model/analysis20240419_3D_model/03.gif/AC/pmls/gif0.pml, /work/frasergen/3D/work/shaojie/script/HiC/3d_model/analysis20240419_3D_model/03.gif/AC/pmls/gif1.pml, /work/frasergen/3D/work/shaojie/script/HiC/3d_model/analysis20240419_3D_model/03.gif/AC/pmls/gif2.pml, /work/frasergen/3D/work/shaojie/script/HiC/3d_model/analysis20240419_3D_model/03.gif/AC/pmls/gif3.pml, /work/frasergen/3D/work/shaojie/script/HiC/3d_model/analysis20240419_3D_model/03.gif/AC/pmls/gif4.pml, /work/frasergen/3D/work/shaojie/script/HiC/3d_model/analysis20240419_3D_model/03.gif/AC/pmls/gif5.pml, /work/frasergen/3D/work/shaojie/script/HiC/3d_model/analysis20240419_3D_model/03.gif/AC/pmls/gif6.pml, /work/frasergen/3D/work/shaojie/script/HiC/3d_model/analysis20240419_3D_model/03.gif/AC/pmls/gif7.pml, /work/frasergen/3D/work/shaojie/script/HiC/3d_model/analysis20240419_3D_model/03.gif/AC/pmls/gif8.pml, /work/frasergen/3D/work/shaojie/script/HiC/3d_model/analysis20240419_3D_model/03.gif/AC/pmls/gif9.pml, /work/frasergen/3D/work/shaojie/script/HiC/3d_model/analysis20240419_3D_model/03.gif/AC/pmls/gif10.pml, /work/frasergen/3D/work/shaojie/script/HiC/3d_model/analysis20240419_3D_model/03.gif/AC/pmls/gif11.pml, /work/frasergen/3D/work/shaojie/script/HiC/3d_model/analysis20240419_3D_model/03.gif/AC/pmls/gif12.pml, /work/frasergen/3D/work/shaojie/script/HiC/3d_model/analysis20240419_3D_model/03.gif/AC/pmls/gif13.pml, /work/frasergen/3D/work/shaojie/script/HiC/3d_model/analysis20240419_3D_model/03.gif/AC/pmls/gif14.pml, /work/frasergen/3D/work/shaojie/script/HiC/3d_model/analysis20240419_3D_model/03.gif/AC/pmls/gif15.pml, /work/frasergen/3D/work/shaojie/script/HiC/3d_model/analysis20240419_3D_model/03.gif/AC/pmls/gif16.pml, /work/frasergen/3D/work/shaojie/script/HiC/3d_model/analysis20240419_3D_model/03.gif/AC/pmls/gif17.pml, /work/frasergen/3D/work/shaojie/script/HiC/3d_model/analysis20240419_3D_model/03.gif/AC/pmls/gif18.pml, /work/frasergen/3D/work/shaojie/script/HiC/3d_model/analysis20240419_3D_model/03.gif/AC/pmls/gif19.pml, /work/frasergen/3D/work/shaojie/script/HiC/3d_model/analysis20240419_3D_model/03.gif/AC/pmls/gif20.pml, /work/frasergen/3D/work/shaojie/script/HiC/3d_model/analysis20240419_3D_model/03.gif/AC/pmls/gif21.pml, /work/frasergen/3D/work/shaojie/script/HiC/3d_model/analysis20240419_3D_model/03.gif/AC/pmls/gif22.pml, /work/frasergen/3D/work/shaojie/script/HiC/3d_model/analysis20240419_3D_model/03.gif/AC/pmls/gif23.pml
    jobid: 108
    wildcards: sample=AC
    resources: tmpdir=/tmp

Submitted job 108 with external jobid 'Submitted batch job 7174285'.

[Wed Apr 24 12:50:36 2024]
rule split_pml:
    input: /work/frasergen/3D/work/shaojie/script/HiC/3d_model/analysis20240419_3D_model/02.3d_model/AA/AA.pml
    output: /work/frasergen/3D/work/shaojie/script/HiC/3d_model/analysis20240419_3D_model/03.gif/AA/pmls/gif0.pml, /work/frasergen/3D/work/shaojie/script/HiC/3d_model/analysis20240419_3D_model/03.gif/AA/pmls/gif1.pml, /work/frasergen/3D/work/shaojie/script/HiC/3d_model/analysis20240419_3D_model/03.gif/AA/pmls/gif2.pml, /work/frasergen/3D/work/shaojie/script/HiC/3d_model/analysis20240419_3D_model/03.gif/AA/pmls/gif3.pml, /work/frasergen/3D/work/shaojie/script/HiC/3d_model/analysis20240419_3D_model/03.gif/AA/pmls/gif4.pml, /work/frasergen/3D/work/shaojie/script/HiC/3d_model/analysis20240419_3D_model/03.gif/AA/pmls/gif5.pml, /work/frasergen/3D/work/shaojie/script/HiC/3d_model/analysis20240419_3D_model/03.gif/AA/pmls/gif6.pml, /work/frasergen/3D/work/shaojie/script/HiC/3d_model/analysis20240419_3D_model/03.gif/AA/pmls/gif7.pml, /work/frasergen/3D/work/shaojie/script/HiC/3d_model/analysis20240419_3D_model/03.gif/AA/pmls/gif8.pml, /work/frasergen/3D/work/shaojie/script/HiC/3d_model/analysis20240419_3D_model/03.gif/AA/pmls/gif9.pml, /work/frasergen/3D/work/shaojie/script/HiC/3d_model/analysis20240419_3D_model/03.gif/AA/pmls/gif10.pml, /work/frasergen/3D/work/shaojie/script/HiC/3d_model/analysis20240419_3D_model/03.gif/AA/pmls/gif11.pml, /work/frasergen/3D/work/shaojie/script/HiC/3d_model/analysis20240419_3D_model/03.gif/AA/pmls/gif12.pml, /work/frasergen/3D/work/shaojie/script/HiC/3d_model/analysis20240419_3D_model/03.gif/AA/pmls/gif13.pml, /work/frasergen/3D/work/shaojie/script/HiC/3d_model/analysis20240419_3D_model/03.gif/AA/pmls/gif14.pml, /work/frasergen/3D/work/shaojie/script/HiC/3d_model/analysis20240419_3D_model/03.gif/AA/pmls/gif15.pml, /work/frasergen/3D/work/shaojie/script/HiC/3d_model/analysis20240419_3D_model/03.gif/AA/pmls/gif16.pml, /work/frasergen/3D/work/shaojie/script/HiC/3d_model/analysis20240419_3D_model/03.gif/AA/pmls/gif17.pml, /work/frasergen/3D/work/shaojie/script/HiC/3d_model/analysis20240419_3D_model/03.gif/AA/pmls/gif18.pml, /work/frasergen/3D/work/shaojie/script/HiC/3d_model/analysis20240419_3D_model/03.gif/AA/pmls/gif19.pml, /work/frasergen/3D/work/shaojie/script/HiC/3d_model/analysis20240419_3D_model/03.gif/AA/pmls/gif20.pml, /work/frasergen/3D/work/shaojie/script/HiC/3d_model/analysis20240419_3D_model/03.gif/AA/pmls/gif21.pml, /work/frasergen/3D/work/shaojie/script/HiC/3d_model/analysis20240419_3D_model/03.gif/AA/pmls/gif22.pml, /work/frasergen/3D/work/shaojie/script/HiC/3d_model/analysis20240419_3D_model/03.gif/AA/pmls/gif23.pml
    jobid: 105
    wildcards: sample=AA
    resources: tmpdir=/tmp

Submitted job 105 with external jobid 'Submitted batch job 7174286'.

[Wed Apr 24 12:50:36 2024]
rule split_pml:
    input: /work/frasergen/3D/work/shaojie/script/HiC/3d_model/analysis20240419_3D_model/02.3d_model/AG/AG.pml
    output: /work/frasergen/3D/work/shaojie/script/HiC/3d_model/analysis20240419_3D_model/03.gif/AG/pmls/gif0.pml, /work/frasergen/3D/work/shaojie/script/HiC/3d_model/analysis20240419_3D_model/03.gif/AG/pmls/gif1.pml, /work/frasergen/3D/work/shaojie/script/HiC/3d_model/analysis20240419_3D_model/03.gif/AG/pmls/gif2.pml, /work/frasergen/3D/work/shaojie/script/HiC/3d_model/analysis20240419_3D_model/03.gif/AG/pmls/gif3.pml, /work/frasergen/3D/work/shaojie/script/HiC/3d_model/analysis20240419_3D_model/03.gif/AG/pmls/gif4.pml, /work/frasergen/3D/work/shaojie/script/HiC/3d_model/analysis20240419_3D_model/03.gif/AG/pmls/gif5.pml, /work/frasergen/3D/work/shaojie/script/HiC/3d_model/analysis20240419_3D_model/03.gif/AG/pmls/gif6.pml, /work/frasergen/3D/work/shaojie/script/HiC/3d_model/analysis20240419_3D_model/03.gif/AG/pmls/gif7.pml, /work/frasergen/3D/work/shaojie/script/HiC/3d_model/analysis20240419_3D_model/03.gif/AG/pmls/gif8.pml, /work/frasergen/3D/work/shaojie/script/HiC/3d_model/analysis20240419_3D_model/03.gif/AG/pmls/gif9.pml, /work/frasergen/3D/work/shaojie/script/HiC/3d_model/analysis20240419_3D_model/03.gif/AG/pmls/gif10.pml, /work/frasergen/3D/work/shaojie/script/HiC/3d_model/analysis20240419_3D_model/03.gif/AG/pmls/gif11.pml, /work/frasergen/3D/work/shaojie/script/HiC/3d_model/analysis20240419_3D_model/03.gif/AG/pmls/gif12.pml, /work/frasergen/3D/work/shaojie/script/HiC/3d_model/analysis20240419_3D_model/03.gif/AG/pmls/gif13.pml, /work/frasergen/3D/work/shaojie/script/HiC/3d_model/analysis20240419_3D_model/03.gif/AG/pmls/gif14.pml, /work/frasergen/3D/work/shaojie/script/HiC/3d_model/analysis20240419_3D_model/03.gif/AG/pmls/gif15.pml, /work/frasergen/3D/work/shaojie/script/HiC/3d_model/analysis20240419_3D_model/03.gif/AG/pmls/gif16.pml, /work/frasergen/3D/work/shaojie/script/HiC/3d_model/analysis20240419_3D_model/03.gif/AG/pmls/gif17.pml, /work/frasergen/3D/work/shaojie/script/HiC/3d_model/analysis20240419_3D_model/03.gif/AG/pmls/gif18.pml, /work/frasergen/3D/work/shaojie/script/HiC/3d_model/analysis20240419_3D_model/03.gif/AG/pmls/gif19.pml, /work/frasergen/3D/work/shaojie/script/HiC/3d_model/analysis20240419_3D_model/03.gif/AG/pmls/gif20.pml, /work/frasergen/3D/work/shaojie/script/HiC/3d_model/analysis20240419_3D_model/03.gif/AG/pmls/gif21.pml, /work/frasergen/3D/work/shaojie/script/HiC/3d_model/analysis20240419_3D_model/03.gif/AG/pmls/gif22.pml, /work/frasergen/3D/work/shaojie/script/HiC/3d_model/analysis20240419_3D_model/03.gif/AG/pmls/gif23.pml
    jobid: 111
    wildcards: sample=AG
    resources: tmpdir=/tmp

Submitted job 111 with external jobid 'Submitted batch job 7174287'.
[Wed Apr 24 12:50:55 2024]
Finished job 108.
1 of 13 steps (8%) done
[Wed Apr 24 12:50:56 2024]
Finished job 105.
2 of 13 steps (15%) done

[Wed Apr 24 12:50:56 2024]
rule png:
    input: /work/frasergen/3D/work/shaojie/script/HiC/3d_model/analysis20240419_3D_model/03.gif/AC/pmls/gif0.pml, /work/frasergen/3D/work/shaojie/script/HiC/3d_model/analysis20240419_3D_model/03.gif/AC/pmls/gif1.pml, /work/frasergen/3D/work/shaojie/script/HiC/3d_model/analysis20240419_3D_model/03.gif/AC/pmls/gif2.pml, /work/frasergen/3D/work/shaojie/script/HiC/3d_model/analysis20240419_3D_model/03.gif/AC/pmls/gif3.pml, /work/frasergen/3D/work/shaojie/script/HiC/3d_model/analysis20240419_3D_model/03.gif/AC/pmls/gif4.pml, /work/frasergen/3D/work/shaojie/script/HiC/3d_model/analysis20240419_3D_model/03.gif/AC/pmls/gif5.pml, /work/frasergen/3D/work/shaojie/script/HiC/3d_model/analysis20240419_3D_model/03.gif/AC/pmls/gif6.pml, /work/frasergen/3D/work/shaojie/script/HiC/3d_model/analysis20240419_3D_model/03.gif/AC/pmls/gif7.pml, /work/frasergen/3D/work/shaojie/script/HiC/3d_model/analysis20240419_3D_model/03.gif/AC/pmls/gif8.pml, /work/frasergen/3D/work/shaojie/script/HiC/3d_model/analysis20240419_3D_model/03.gif/AC/pmls/gif9.pml, /work/frasergen/3D/work/shaojie/script/HiC/3d_model/analysis20240419_3D_model/03.gif/AC/pmls/gif10.pml, /work/frasergen/3D/work/shaojie/script/HiC/3d_model/analysis20240419_3D_model/03.gif/AC/pmls/gif11.pml, /work/frasergen/3D/work/shaojie/script/HiC/3d_model/analysis20240419_3D_model/03.gif/AC/pmls/gif12.pml, /work/frasergen/3D/work/shaojie/script/HiC/3d_model/analysis20240419_3D_model/03.gif/AC/pmls/gif13.pml, /work/frasergen/3D/work/shaojie/script/HiC/3d_model/analysis20240419_3D_model/03.gif/AC/pmls/gif14.pml, /work/frasergen/3D/work/shaojie/script/HiC/3d_model/analysis20240419_3D_model/03.gif/AC/pmls/gif15.pml, /work/frasergen/3D/work/shaojie/script/HiC/3d_model/analysis20240419_3D_model/03.gif/AC/pmls/gif16.pml, /work/frasergen/3D/work/shaojie/script/HiC/3d_model/analysis20240419_3D_model/03.gif/AC/pmls/gif17.pml, /work/frasergen/3D/work/shaojie/script/HiC/3d_model/analysis20240419_3D_model/03.gif/AC/pmls/gif18.pml, /work/frasergen/3D/work/shaojie/script/HiC/3d_model/analysis20240419_3D_model/03.gif/AC/pmls/gif19.pml, /work/frasergen/3D/work/shaojie/script/HiC/3d_model/analysis20240419_3D_model/03.gif/AC/pmls/gif20.pml, /work/frasergen/3D/work/shaojie/script/HiC/3d_model/analysis20240419_3D_model/03.gif/AC/pmls/gif21.pml, /work/frasergen/3D/work/shaojie/script/HiC/3d_model/analysis20240419_3D_model/03.gif/AC/pmls/gif22.pml, /work/frasergen/3D/work/shaojie/script/HiC/3d_model/analysis20240419_3D_model/03.gif/AC/pmls/gif23.pml
    output: /work/frasergen/3D/work/shaojie/script/HiC/3d_model/analysis20240419_3D_model/03.gif/AC/pngs/fig_{(batch+1)*10:03}.png
    jobid: 107
    wildcards: sample=AC
    resources: tmpdir=/tmp

Submitted job 107 with external jobid 'Submitted batch job 7174291'.
[Wed Apr 24 12:50:57 2024]
Finished job 111.
3 of 13 steps (23%) done

[Wed Apr 24 12:50:57 2024]
rule png:
    input: /work/frasergen/3D/work/shaojie/script/HiC/3d_model/analysis20240419_3D_model/03.gif/AG/pmls/gif0.pml, /work/frasergen/3D/work/shaojie/script/HiC/3d_model/analysis20240419_3D_model/03.gif/AG/pmls/gif1.pml, /work/frasergen/3D/work/shaojie/script/HiC/3d_model/analysis20240419_3D_model/03.gif/AG/pmls/gif2.pml, /work/frasergen/3D/work/shaojie/script/HiC/3d_model/analysis20240419_3D_model/03.gif/AG/pmls/gif3.pml, /work/frasergen/3D/work/shaojie/script/HiC/3d_model/analysis20240419_3D_model/03.gif/AG/pmls/gif4.pml, /work/frasergen/3D/work/shaojie/script/HiC/3d_model/analysis20240419_3D_model/03.gif/AG/pmls/gif5.pml, /work/frasergen/3D/work/shaojie/script/HiC/3d_model/analysis20240419_3D_model/03.gif/AG/pmls/gif6.pml, /work/frasergen/3D/work/shaojie/script/HiC/3d_model/analysis20240419_3D_model/03.gif/AG/pmls/gif7.pml, /work/frasergen/3D/work/shaojie/script/HiC/3d_model/analysis20240419_3D_model/03.gif/AG/pmls/gif8.pml, /work/frasergen/3D/work/shaojie/script/HiC/3d_model/analysis20240419_3D_model/03.gif/AG/pmls/gif9.pml, /work/frasergen/3D/work/shaojie/script/HiC/3d_model/analysis20240419_3D_model/03.gif/AG/pmls/gif10.pml, /work/frasergen/3D/work/shaojie/script/HiC/3d_model/analysis20240419_3D_model/03.gif/AG/pmls/gif11.pml, /work/frasergen/3D/work/shaojie/script/HiC/3d_model/analysis20240419_3D_model/03.gif/AG/pmls/gif12.pml, /work/frasergen/3D/work/shaojie/script/HiC/3d_model/analysis20240419_3D_model/03.gif/AG/pmls/gif13.pml, /work/frasergen/3D/work/shaojie/script/HiC/3d_model/analysis20240419_3D_model/03.gif/AG/pmls/gif14.pml, /work/frasergen/3D/work/shaojie/script/HiC/3d_model/analysis20240419_3D_model/03.gif/AG/pmls/gif15.pml, /work/frasergen/3D/work/shaojie/script/HiC/3d_model/analysis20240419_3D_model/03.gif/AG/pmls/gif16.pml, /work/frasergen/3D/work/shaojie/script/HiC/3d_model/analysis20240419_3D_model/03.gif/AG/pmls/gif17.pml, /work/frasergen/3D/work/shaojie/script/HiC/3d_model/analysis20240419_3D_model/03.gif/AG/pmls/gif18.pml, /work/frasergen/3D/work/shaojie/script/HiC/3d_model/analysis20240419_3D_model/03.gif/AG/pmls/gif19.pml, /work/frasergen/3D/work/shaojie/script/HiC/3d_model/analysis20240419_3D_model/03.gif/AG/pmls/gif20.pml, /work/frasergen/3D/work/shaojie/script/HiC/3d_model/analysis20240419_3D_model/03.gif/AG/pmls/gif21.pml, /work/frasergen/3D/work/shaojie/script/HiC/3d_model/analysis20240419_3D_model/03.gif/AG/pmls/gif22.pml, /work/frasergen/3D/work/shaojie/script/HiC/3d_model/analysis20240419_3D_model/03.gif/AG/pmls/gif23.pml
    output: /work/frasergen/3D/work/shaojie/script/HiC/3d_model/analysis20240419_3D_model/03.gif/AG/pngs/fig_{(batch+1)*10:03}.png
    jobid: 110
    wildcards: sample=AG
    resources: tmpdir=/tmp

Submitted job 110 with external jobid 'Submitted batch job 7174292'.

[Wed Apr 24 12:50:57 2024]
rule png:
    input: /work/frasergen/3D/work/shaojie/script/HiC/3d_model/analysis20240419_3D_model/03.gif/AA/pmls/gif0.pml, /work/frasergen/3D/work/shaojie/script/HiC/3d_model/analysis20240419_3D_model/03.gif/AA/pmls/gif1.pml, /work/frasergen/3D/work/shaojie/script/HiC/3d_model/analysis20240419_3D_model/03.gif/AA/pmls/gif2.pml, /work/frasergen/3D/work/shaojie/script/HiC/3d_model/analysis20240419_3D_model/03.gif/AA/pmls/gif3.pml, /work/frasergen/3D/work/shaojie/script/HiC/3d_model/analysis20240419_3D_model/03.gif/AA/pmls/gif4.pml, /work/frasergen/3D/work/shaojie/script/HiC/3d_model/analysis20240419_3D_model/03.gif/AA/pmls/gif5.pml, /work/frasergen/3D/work/shaojie/script/HiC/3d_model/analysis20240419_3D_model/03.gif/AA/pmls/gif6.pml, /work/frasergen/3D/work/shaojie/script/HiC/3d_model/analysis20240419_3D_model/03.gif/AA/pmls/gif7.pml, /work/frasergen/3D/work/shaojie/script/HiC/3d_model/analysis20240419_3D_model/03.gif/AA/pmls/gif8.pml, /work/frasergen/3D/work/shaojie/script/HiC/3d_model/analysis20240419_3D_model/03.gif/AA/pmls/gif9.pml, /work/frasergen/3D/work/shaojie/script/HiC/3d_model/analysis20240419_3D_model/03.gif/AA/pmls/gif10.pml, /work/frasergen/3D/work/shaojie/script/HiC/3d_model/analysis20240419_3D_model/03.gif/AA/pmls/gif11.pml, /work/frasergen/3D/work/shaojie/script/HiC/3d_model/analysis20240419_3D_model/03.gif/AA/pmls/gif12.pml, /work/frasergen/3D/work/shaojie/script/HiC/3d_model/analysis20240419_3D_model/03.gif/AA/pmls/gif13.pml, /work/frasergen/3D/work/shaojie/script/HiC/3d_model/analysis20240419_3D_model/03.gif/AA/pmls/gif14.pml, /work/frasergen/3D/work/shaojie/script/HiC/3d_model/analysis20240419_3D_model/03.gif/AA/pmls/gif15.pml, /work/frasergen/3D/work/shaojie/script/HiC/3d_model/analysis20240419_3D_model/03.gif/AA/pmls/gif16.pml, /work/frasergen/3D/work/shaojie/script/HiC/3d_model/analysis20240419_3D_model/03.gif/AA/pmls/gif17.pml, /work/frasergen/3D/work/shaojie/script/HiC/3d_model/analysis20240419_3D_model/03.gif/AA/pmls/gif18.pml, /work/frasergen/3D/work/shaojie/script/HiC/3d_model/analysis20240419_3D_model/03.gif/AA/pmls/gif19.pml, /work/frasergen/3D/work/shaojie/script/HiC/3d_model/analysis20240419_3D_model/03.gif/AA/pmls/gif20.pml, /work/frasergen/3D/work/shaojie/script/HiC/3d_model/analysis20240419_3D_model/03.gif/AA/pmls/gif21.pml, /work/frasergen/3D/work/shaojie/script/HiC/3d_model/analysis20240419_3D_model/03.gif/AA/pmls/gif22.pml, /work/frasergen/3D/work/shaojie/script/HiC/3d_model/analysis20240419_3D_model/03.gif/AA/pmls/gif23.pml
    output: /work/frasergen/3D/work/shaojie/script/HiC/3d_model/analysis20240419_3D_model/03.gif/AA/pngs/fig_{(batch+1)*10:03}.png
    jobid: 104
    wildcards: sample=AA
    resources: tmpdir=/tmp

Submitted job 104 with external jobid 'Submitted batch job 7174293'.
[Wed Apr 24 12:51:07 2024]
Error in rule png:
    jobid: 107
    output: /work/frasergen/3D/work/shaojie/script/HiC/3d_model/analysis20240419_3D_model/03.gif/AC/pngs/fig_{(batch+1)*10:03}.png
    cluster_jobid: Submitted batch job 7174291

Error executing rule png on cluster (jobid: 107, external: Submitted batch job 7174291, jobscript: /work/frasergen/3D/work/shaojie/script/HiC/3d_model/.snakemake/tmp.31l5ioyc/snakejob.png.107.sh). For error details see the cluster log and the log files of the involved rule(s).
[Wed Apr 24 12:51:07 2024]
Error in rule png:
    jobid: 110
    output: /work/frasergen/3D/work/shaojie/script/HiC/3d_model/analysis20240419_3D_model/03.gif/AG/pngs/fig_{(batch+1)*10:03}.png
    cluster_jobid: Submitted batch job 7174292

Error executing rule png on cluster (jobid: 110, external: Submitted batch job 7174292, jobscript: /work/frasergen/3D/work/shaojie/script/HiC/3d_model/.snakemake/tmp.31l5ioyc/snakejob.png.110.sh). For error details see the cluster log and the log files of the involved rule(s).
[Wed Apr 24 12:51:07 2024]
Error in rule png:
    jobid: 104
    output: /work/frasergen/3D/work/shaojie/script/HiC/3d_model/analysis20240419_3D_model/03.gif/AA/pngs/fig_{(batch+1)*10:03}.png
    cluster_jobid: Submitted batch job 7174293

Error executing rule png on cluster (jobid: 104, external: Submitted batch job 7174293, jobscript: /work/frasergen/3D/work/shaojie/script/HiC/3d_model/.snakemake/tmp.31l5ioyc/snakejob.png.104.sh). For error details see the cluster log and the log files of the involved rule(s).
Shutting down, this might take some time.
Exiting because a job execution failed. Look above for error message
Complete log: /work/frasergen/3D/work/shaojie/script/HiC/3d_model/.snakemake/log/2024-04-24T125027.582905.snakemake.log
