Building DAG of jobs...
Using shell: /usr/bin/bash
Provided cluster nodes: 48
Job stats:
job      count    min threads    max threads
-----  -------  -------------  -------------
all          1              1              1
chrom        2              1              1
gif          2              1              1
png         48              1              1
total       53              1              1

Select jobs to execute...

[Thu May 16 11:39:11 2024]
rule png:
    input: /work/frasergen/3D/work/shaojie/script/HiC/3d_model/240033_kcybgj_20240510/02.3d_model/Bs168/Bs168.pdb, /work/frasergen/3D/work/shaojie/script/HiC/3d_model/240033_kcybgj_20240510/02.3d_model/Bs168/Bs168.pml
    output: /work/frasergen/3D/work/shaojie/script/HiC/3d_model/240033_kcybgj_20240510/03.gif/Bs168/pngs/fig_010.png
    jobid: 29
    wildcards: sample=Bs168, batch=010
    resources: mem_mb=1000, disk_mb=1000, tmpdir=/tmp

Submitted job 29 with external jobid 'Submitted batch job 7743899'.

[Thu May 16 11:39:12 2024]
rule chrom:
    input: /work/frasergen/3D/work/shaojie/script/HiC/3d_model/240033_kcybgj_20240510/02.3d_model/Delta-abrB/Delta-abrB.pdb, /work/frasergen/3D/work/shaojie/script/HiC/3d_model/240033_kcybgj_20240510/02.3d_model/Delta-abrB/Delta-abrB.pml
    output: /work/frasergen/3D/work/shaojie/script/HiC/3d_model/240033_kcybgj_20240510/03.gif/Delta-abrB/chrs/chr1/chr1_2.png
    jobid: 1
    wildcards: sample=Delta-abrB, chrom=chr1
    resources: mem_mb=1000, disk_mb=1000, tmpdir=/tmp

Submitted job 1 with external jobid 'Submitted batch job 7743900'.

[Thu May 16 11:39:12 2024]
rule png:
    input: /work/frasergen/3D/work/shaojie/script/HiC/3d_model/240033_kcybgj_20240510/02.3d_model/Delta-abrB/Delta-abrB.pdb, /work/frasergen/3D/work/shaojie/script/HiC/3d_model/240033_kcybgj_20240510/02.3d_model/Delta-abrB/Delta-abrB.pml
    output: /work/frasergen/3D/work/shaojie/script/HiC/3d_model/240033_kcybgj_20240510/03.gif/Delta-abrB/pngs/fig_190.png
    jobid: 22
    wildcards: sample=Delta-abrB, batch=190
    resources: mem_mb=1000, disk_mb=1000, tmpdir=/tmp

Submitted job 22 with external jobid 'Submitted batch job 7743901'.

[Thu May 16 11:39:12 2024]
rule png:
    input: /work/frasergen/3D/work/shaojie/script/HiC/3d_model/240033_kcybgj_20240510/02.3d_model/Delta-abrB/Delta-abrB.pdb, /work/frasergen/3D/work/shaojie/script/HiC/3d_model/240033_kcybgj_20240510/02.3d_model/Delta-abrB/Delta-abrB.pml
    output: /work/frasergen/3D/work/shaojie/script/HiC/3d_model/240033_kcybgj_20240510/03.gif/Delta-abrB/pngs/fig_050.png
    jobid: 8
    wildcards: sample=Delta-abrB, batch=050
    resources: mem_mb=1000, disk_mb=1000, tmpdir=/tmp

Submitted job 8 with external jobid 'Submitted batch job 7743902'.

[Thu May 16 11:39:12 2024]
rule png:
    input: /work/frasergen/3D/work/shaojie/script/HiC/3d_model/240033_kcybgj_20240510/02.3d_model/Delta-abrB/Delta-abrB.pdb, /work/frasergen/3D/work/shaojie/script/HiC/3d_model/240033_kcybgj_20240510/02.3d_model/Delta-abrB/Delta-abrB.pml
    output: /work/frasergen/3D/work/shaojie/script/HiC/3d_model/240033_kcybgj_20240510/03.gif/Delta-abrB/pngs/fig_120.png
    jobid: 15
    wildcards: sample=Delta-abrB, batch=120
    resources: mem_mb=1000, disk_mb=1000, tmpdir=/tmp

Submitted job 15 with external jobid 'Submitted batch job 7743903'.

[Thu May 16 11:39:13 2024]
rule png:
    input: /work/frasergen/3D/work/shaojie/script/HiC/3d_model/240033_kcybgj_20240510/02.3d_model/Bs168/Bs168.pdb, /work/frasergen/3D/work/shaojie/script/HiC/3d_model/240033_kcybgj_20240510/02.3d_model/Bs168/Bs168.pml
    output: /work/frasergen/3D/work/shaojie/script/HiC/3d_model/240033_kcybgj_20240510/03.gif/Bs168/pngs/fig_080.png
    jobid: 36
    wildcards: sample=Bs168, batch=080
    resources: mem_mb=1000, disk_mb=1000, tmpdir=/tmp

Submitted job 36 with external jobid 'Submitted batch job 7743904'.

[Thu May 16 11:39:13 2024]
rule png:
    input: /work/frasergen/3D/work/shaojie/script/HiC/3d_model/240033_kcybgj_20240510/02.3d_model/Bs168/Bs168.pdb, /work/frasergen/3D/work/shaojie/script/HiC/3d_model/240033_kcybgj_20240510/02.3d_model/Bs168/Bs168.pml
    output: /work/frasergen/3D/work/shaojie/script/HiC/3d_model/240033_kcybgj_20240510/03.gif/Bs168/pngs/fig_150.png
    jobid: 43
    wildcards: sample=Bs168, batch=150
    resources: mem_mb=1000, disk_mb=1000, tmpdir=/tmp

Submitted job 43 with external jobid 'Submitted batch job 7743905'.

[Thu May 16 11:39:13 2024]
rule png:
    input: /work/frasergen/3D/work/shaojie/script/HiC/3d_model/240033_kcybgj_20240510/02.3d_model/Bs168/Bs168.pdb, /work/frasergen/3D/work/shaojie/script/HiC/3d_model/240033_kcybgj_20240510/02.3d_model/Bs168/Bs168.pml
    output: /work/frasergen/3D/work/shaojie/script/HiC/3d_model/240033_kcybgj_20240510/03.gif/Bs168/pngs/fig_220.png
    jobid: 50
    wildcards: sample=Bs168, batch=220
    resources: mem_mb=1000, disk_mb=1000, tmpdir=/tmp

Submitted job 50 with external jobid 'Submitted batch job 7743906'.

[Thu May 16 11:39:13 2024]
rule chrom:
    input: /work/frasergen/3D/work/shaojie/script/HiC/3d_model/240033_kcybgj_20240510/02.3d_model/Bs168/Bs168.pdb, /work/frasergen/3D/work/shaojie/script/HiC/3d_model/240033_kcybgj_20240510/02.3d_model/Bs168/Bs168.pml
    output: /work/frasergen/3D/work/shaojie/script/HiC/3d_model/240033_kcybgj_20240510/03.gif/Bs168/chrs/chr1/chr1_2.png
    jobid: 2
    wildcards: sample=Bs168, chrom=chr1
    resources: mem_mb=1000, disk_mb=1000, tmpdir=/tmp

Submitted job 2 with external jobid 'Submitted batch job 7743907'.

[Thu May 16 11:39:14 2024]
rule png:
    input: /work/frasergen/3D/work/shaojie/script/HiC/3d_model/240033_kcybgj_20240510/02.3d_model/Delta-abrB/Delta-abrB.pdb, /work/frasergen/3D/work/shaojie/script/HiC/3d_model/240033_kcybgj_20240510/02.3d_model/Delta-abrB/Delta-abrB.pml
    output: /work/frasergen/3D/work/shaojie/script/HiC/3d_model/240033_kcybgj_20240510/03.gif/Delta-abrB/pngs/fig_130.png
    jobid: 16
    wildcards: sample=Delta-abrB, batch=130
    resources: mem_mb=1000, disk_mb=1000, tmpdir=/tmp

Submitted job 16 with external jobid 'Submitted batch job 7743908'.

[Thu May 16 11:39:14 2024]
rule png:
    input: /work/frasergen/3D/work/shaojie/script/HiC/3d_model/240033_kcybgj_20240510/02.3d_model/Bs168/Bs168.pdb, /work/frasergen/3D/work/shaojie/script/HiC/3d_model/240033_kcybgj_20240510/02.3d_model/Bs168/Bs168.pml
    output: /work/frasergen/3D/work/shaojie/script/HiC/3d_model/240033_kcybgj_20240510/03.gif/Bs168/pngs/fig_230.png
    jobid: 51
    wildcards: sample=Bs168, batch=230
    resources: mem_mb=1000, disk_mb=1000, tmpdir=/tmp

Submitted job 51 with external jobid 'Submitted batch job 7743909'.

[Thu May 16 11:39:14 2024]
rule png:
    input: /work/frasergen/3D/work/shaojie/script/HiC/3d_model/240033_kcybgj_20240510/02.3d_model/Delta-abrB/Delta-abrB.pdb, /work/frasergen/3D/work/shaojie/script/HiC/3d_model/240033_kcybgj_20240510/02.3d_model/Delta-abrB/Delta-abrB.pml
    output: /work/frasergen/3D/work/shaojie/script/HiC/3d_model/240033_kcybgj_20240510/03.gif/Delta-abrB/pngs/fig_200.png
    jobid: 23
    wildcards: sample=Delta-abrB, batch=200
    resources: mem_mb=1000, disk_mb=1000, tmpdir=/tmp

Submitted job 23 with external jobid 'Submitted batch job 7743910'.

[Thu May 16 11:39:14 2024]
rule png:
    input: /work/frasergen/3D/work/shaojie/script/HiC/3d_model/240033_kcybgj_20240510/02.3d_model/Delta-abrB/Delta-abrB.pdb, /work/frasergen/3D/work/shaojie/script/HiC/3d_model/240033_kcybgj_20240510/02.3d_model/Delta-abrB/Delta-abrB.pml
    output: /work/frasergen/3D/work/shaojie/script/HiC/3d_model/240033_kcybgj_20240510/03.gif/Delta-abrB/pngs/fig_060.png
    jobid: 9
    wildcards: sample=Delta-abrB, batch=060
    resources: mem_mb=1000, disk_mb=1000, tmpdir=/tmp

Submitted job 9 with external jobid 'Submitted batch job 7743911'.

[Thu May 16 11:39:15 2024]
rule png:
    input: /work/frasergen/3D/work/shaojie/script/HiC/3d_model/240033_kcybgj_20240510/02.3d_model/Bs168/Bs168.pdb, /work/frasergen/3D/work/shaojie/script/HiC/3d_model/240033_kcybgj_20240510/02.3d_model/Bs168/Bs168.pml
    output: /work/frasergen/3D/work/shaojie/script/HiC/3d_model/240033_kcybgj_20240510/03.gif/Bs168/pngs/fig_020.png
    jobid: 30
    wildcards: sample=Bs168, batch=020
    resources: mem_mb=1000, disk_mb=1000, tmpdir=/tmp

Submitted job 30 with external jobid 'Submitted batch job 7743912'.

[Thu May 16 11:39:15 2024]
rule png:
    input: /work/frasergen/3D/work/shaojie/script/HiC/3d_model/240033_kcybgj_20240510/02.3d_model/Bs168/Bs168.pdb, /work/frasergen/3D/work/shaojie/script/HiC/3d_model/240033_kcybgj_20240510/02.3d_model/Bs168/Bs168.pml
    output: /work/frasergen/3D/work/shaojie/script/HiC/3d_model/240033_kcybgj_20240510/03.gif/Bs168/pngs/fig_160.png
    jobid: 44
    wildcards: sample=Bs168, batch=160
    resources: mem_mb=1000, disk_mb=1000, tmpdir=/tmp

Submitted job 44 with external jobid 'Submitted batch job 7743913'.

[Thu May 16 11:39:15 2024]
rule png:
    input: /work/frasergen/3D/work/shaojie/script/HiC/3d_model/240033_kcybgj_20240510/02.3d_model/Bs168/Bs168.pdb, /work/frasergen/3D/work/shaojie/script/HiC/3d_model/240033_kcybgj_20240510/02.3d_model/Bs168/Bs168.pml
    output: /work/frasergen/3D/work/shaojie/script/HiC/3d_model/240033_kcybgj_20240510/03.gif/Bs168/pngs/fig_090.png
    jobid: 37
    wildcards: sample=Bs168, batch=090
    resources: mem_mb=1000, disk_mb=1000, tmpdir=/tmp

Submitted job 37 with external jobid 'Submitted batch job 7743914'.

[Thu May 16 11:39:15 2024]
rule png:
    input: /work/frasergen/3D/work/shaojie/script/HiC/3d_model/240033_kcybgj_20240510/02.3d_model/Delta-abrB/Delta-abrB.pdb, /work/frasergen/3D/work/shaojie/script/HiC/3d_model/240033_kcybgj_20240510/02.3d_model/Delta-abrB/Delta-abrB.pml
    output: /work/frasergen/3D/work/shaojie/script/HiC/3d_model/240033_kcybgj_20240510/03.gif/Delta-abrB/pngs/fig_140.png
    jobid: 17
    wildcards: sample=Delta-abrB, batch=140
    resources: mem_mb=1000, disk_mb=1000, tmpdir=/tmp

Submitted job 17 with external jobid 'Submitted batch job 7743915'.

[Thu May 16 11:39:15 2024]
rule png:
    input: /work/frasergen/3D/work/shaojie/script/HiC/3d_model/240033_kcybgj_20240510/02.3d_model/Bs168/Bs168.pdb, /work/frasergen/3D/work/shaojie/script/HiC/3d_model/240033_kcybgj_20240510/02.3d_model/Bs168/Bs168.pml
    output: /work/frasergen/3D/work/shaojie/script/HiC/3d_model/240033_kcybgj_20240510/03.gif/Bs168/pngs/fig_030.png
    jobid: 31
    wildcards: sample=Bs168, batch=030
    resources: mem_mb=1000, disk_mb=1000, tmpdir=/tmp

Submitted job 31 with external jobid 'Submitted batch job 7743916'.

[Thu May 16 11:39:16 2024]
rule png:
    input: /work/frasergen/3D/work/shaojie/script/HiC/3d_model/240033_kcybgj_20240510/02.3d_model/Delta-abrB/Delta-abrB.pdb, /work/frasergen/3D/work/shaojie/script/HiC/3d_model/240033_kcybgj_20240510/02.3d_model/Delta-abrB/Delta-abrB.pml
    output: /work/frasergen/3D/work/shaojie/script/HiC/3d_model/240033_kcybgj_20240510/03.gif/Delta-abrB/pngs/fig_070.png
    jobid: 10
    wildcards: sample=Delta-abrB, batch=070
    resources: mem_mb=1000, disk_mb=1000, tmpdir=/tmp

Submitted job 10 with external jobid 'Submitted batch job 7743917'.

[Thu May 16 11:39:16 2024]
rule png:
    input: /work/frasergen/3D/work/shaojie/script/HiC/3d_model/240033_kcybgj_20240510/02.3d_model/Delta-abrB/Delta-abrB.pdb, /work/frasergen/3D/work/shaojie/script/HiC/3d_model/240033_kcybgj_20240510/02.3d_model/Delta-abrB/Delta-abrB.pml
    output: /work/frasergen/3D/work/shaojie/script/HiC/3d_model/240033_kcybgj_20240510/03.gif/Delta-abrB/pngs/fig_210.png
    jobid: 24
    wildcards: sample=Delta-abrB, batch=210
    resources: mem_mb=1000, disk_mb=1000, tmpdir=/tmp

Submitted job 24 with external jobid 'Submitted batch job 7743918'.

[Thu May 16 11:39:16 2024]
rule png:
    input: /work/frasergen/3D/work/shaojie/script/HiC/3d_model/240033_kcybgj_20240510/02.3d_model/Bs168/Bs168.pdb, /work/frasergen/3D/work/shaojie/script/HiC/3d_model/240033_kcybgj_20240510/02.3d_model/Bs168/Bs168.pml
    output: /work/frasergen/3D/work/shaojie/script/HiC/3d_model/240033_kcybgj_20240510/03.gif/Bs168/pngs/fig_100.png
    jobid: 38
    wildcards: sample=Bs168, batch=100
    resources: mem_mb=1000, disk_mb=1000, tmpdir=/tmp

Submitted job 38 with external jobid 'Submitted batch job 7743919'.

[Thu May 16 11:39:16 2024]
rule png:
    input: /work/frasergen/3D/work/shaojie/script/HiC/3d_model/240033_kcybgj_20240510/02.3d_model/Bs168/Bs168.pdb, /work/frasergen/3D/work/shaojie/script/HiC/3d_model/240033_kcybgj_20240510/02.3d_model/Bs168/Bs168.pml
    output: /work/frasergen/3D/work/shaojie/script/HiC/3d_model/240033_kcybgj_20240510/03.gif/Bs168/pngs/fig_170.png
    jobid: 45
    wildcards: sample=Bs168, batch=170
    resources: mem_mb=1000, disk_mb=1000, tmpdir=/tmp

Submitted job 45 with external jobid 'Submitted batch job 7743920'.

[Thu May 16 11:39:17 2024]
rule png:
    input: /work/frasergen/3D/work/shaojie/script/HiC/3d_model/240033_kcybgj_20240510/02.3d_model/Bs168/Bs168.pdb, /work/frasergen/3D/work/shaojie/script/HiC/3d_model/240033_kcybgj_20240510/02.3d_model/Bs168/Bs168.pml
    output: /work/frasergen/3D/work/shaojie/script/HiC/3d_model/240033_kcybgj_20240510/03.gif/Bs168/pngs/fig_240.png
    jobid: 52
    wildcards: sample=Bs168, batch=240
    resources: mem_mb=1000, disk_mb=1000, tmpdir=/tmp

Submitted job 52 with external jobid 'Submitted batch job 7743921'.

[Thu May 16 11:39:17 2024]
rule png:
    input: /work/frasergen/3D/work/shaojie/script/HiC/3d_model/240033_kcybgj_20240510/02.3d_model/Delta-abrB/Delta-abrB.pdb, /work/frasergen/3D/work/shaojie/script/HiC/3d_model/240033_kcybgj_20240510/02.3d_model/Delta-abrB/Delta-abrB.pml
    output: /work/frasergen/3D/work/shaojie/script/HiC/3d_model/240033_kcybgj_20240510/03.gif/Delta-abrB/pngs/fig_010.png
    jobid: 4
    wildcards: sample=Delta-abrB, batch=010
    resources: mem_mb=1000, disk_mb=1000, tmpdir=/tmp

Submitted job 4 with external jobid 'Submitted batch job 7743922'.

[Thu May 16 11:39:17 2024]
rule png:
    input: /work/frasergen/3D/work/shaojie/script/HiC/3d_model/240033_kcybgj_20240510/02.3d_model/Delta-abrB/Delta-abrB.pdb, /work/frasergen/3D/work/shaojie/script/HiC/3d_model/240033_kcybgj_20240510/02.3d_model/Delta-abrB/Delta-abrB.pml
    output: /work/frasergen/3D/work/shaojie/script/HiC/3d_model/240033_kcybgj_20240510/03.gif/Delta-abrB/pngs/fig_150.png
    jobid: 18
    wildcards: sample=Delta-abrB, batch=150
    resources: mem_mb=1000, disk_mb=1000, tmpdir=/tmp

Submitted job 18 with external jobid 'Submitted batch job 7743923'.

[Thu May 16 11:39:17 2024]
rule png:
    input: /work/frasergen/3D/work/shaojie/script/HiC/3d_model/240033_kcybgj_20240510/02.3d_model/Delta-abrB/Delta-abrB.pdb, /work/frasergen/3D/work/shaojie/script/HiC/3d_model/240033_kcybgj_20240510/02.3d_model/Delta-abrB/Delta-abrB.pml
    output: /work/frasergen/3D/work/shaojie/script/HiC/3d_model/240033_kcybgj_20240510/03.gif/Delta-abrB/pngs/fig_080.png
    jobid: 11
    wildcards: sample=Delta-abrB, batch=080
    resources: mem_mb=1000, disk_mb=1000, tmpdir=/tmp

Submitted job 11 with external jobid 'Submitted batch job 7743924'.

[Thu May 16 11:39:18 2024]
rule png:
    input: /work/frasergen/3D/work/shaojie/script/HiC/3d_model/240033_kcybgj_20240510/02.3d_model/Delta-abrB/Delta-abrB.pdb, /work/frasergen/3D/work/shaojie/script/HiC/3d_model/240033_kcybgj_20240510/02.3d_model/Delta-abrB/Delta-abrB.pml
    output: /work/frasergen/3D/work/shaojie/script/HiC/3d_model/240033_kcybgj_20240510/03.gif/Delta-abrB/pngs/fig_220.png
    jobid: 25
    wildcards: sample=Delta-abrB, batch=220
    resources: mem_mb=1000, disk_mb=1000, tmpdir=/tmp

Submitted job 25 with external jobid 'Submitted batch job 7743925'.

[Thu May 16 11:39:18 2024]
rule png:
    input: /work/frasergen/3D/work/shaojie/script/HiC/3d_model/240033_kcybgj_20240510/02.3d_model/Bs168/Bs168.pdb, /work/frasergen/3D/work/shaojie/script/HiC/3d_model/240033_kcybgj_20240510/02.3d_model/Bs168/Bs168.pml
    output: /work/frasergen/3D/work/shaojie/script/HiC/3d_model/240033_kcybgj_20240510/03.gif/Bs168/pngs/fig_040.png
    jobid: 32
    wildcards: sample=Bs168, batch=040
    resources: mem_mb=1000, disk_mb=1000, tmpdir=/tmp

Submitted job 32 with external jobid 'Submitted batch job 7743926'.

[Thu May 16 11:39:18 2024]
rule png:
    input: /work/frasergen/3D/work/shaojie/script/HiC/3d_model/240033_kcybgj_20240510/02.3d_model/Bs168/Bs168.pdb, /work/frasergen/3D/work/shaojie/script/HiC/3d_model/240033_kcybgj_20240510/02.3d_model/Bs168/Bs168.pml
    output: /work/frasergen/3D/work/shaojie/script/HiC/3d_model/240033_kcybgj_20240510/03.gif/Bs168/pngs/fig_110.png
    jobid: 39
    wildcards: sample=Bs168, batch=110
    resources: mem_mb=1000, disk_mb=1000, tmpdir=/tmp

Submitted job 39 with external jobid 'Submitted batch job 7743927'.

[Thu May 16 11:39:18 2024]
rule png:
    input: /work/frasergen/3D/work/shaojie/script/HiC/3d_model/240033_kcybgj_20240510/02.3d_model/Bs168/Bs168.pdb, /work/frasergen/3D/work/shaojie/script/HiC/3d_model/240033_kcybgj_20240510/02.3d_model/Bs168/Bs168.pml
    output: /work/frasergen/3D/work/shaojie/script/HiC/3d_model/240033_kcybgj_20240510/03.gif/Bs168/pngs/fig_180.png
    jobid: 46
    wildcards: sample=Bs168, batch=180
    resources: mem_mb=1000, disk_mb=1000, tmpdir=/tmp

Submitted job 46 with external jobid 'Submitted batch job 7743928'.

[Thu May 16 11:39:19 2024]
rule png:
    input: /work/frasergen/3D/work/shaojie/script/HiC/3d_model/240033_kcybgj_20240510/02.3d_model/Delta-abrB/Delta-abrB.pdb, /work/frasergen/3D/work/shaojie/script/HiC/3d_model/240033_kcybgj_20240510/02.3d_model/Delta-abrB/Delta-abrB.pml
    output: /work/frasergen/3D/work/shaojie/script/HiC/3d_model/240033_kcybgj_20240510/03.gif/Delta-abrB/pngs/fig_020.png
    jobid: 5
    wildcards: sample=Delta-abrB, batch=020
    resources: mem_mb=1000, disk_mb=1000, tmpdir=/tmp

Submitted job 5 with external jobid 'Submitted batch job 7743929'.

[Thu May 16 11:39:19 2024]
rule png:
    input: /work/frasergen/3D/work/shaojie/script/HiC/3d_model/240033_kcybgj_20240510/02.3d_model/Delta-abrB/Delta-abrB.pdb, /work/frasergen/3D/work/shaojie/script/HiC/3d_model/240033_kcybgj_20240510/02.3d_model/Delta-abrB/Delta-abrB.pml
    output: /work/frasergen/3D/work/shaojie/script/HiC/3d_model/240033_kcybgj_20240510/03.gif/Delta-abrB/pngs/fig_160.png
    jobid: 19
    wildcards: sample=Delta-abrB, batch=160
    resources: mem_mb=1000, disk_mb=1000, tmpdir=/tmp

Submitted job 19 with external jobid 'Submitted batch job 7743930'.

[Thu May 16 11:39:19 2024]
rule png:
    input: /work/frasergen/3D/work/shaojie/script/HiC/3d_model/240033_kcybgj_20240510/02.3d_model/Delta-abrB/Delta-abrB.pdb, /work/frasergen/3D/work/shaojie/script/HiC/3d_model/240033_kcybgj_20240510/02.3d_model/Delta-abrB/Delta-abrB.pml
    output: /work/frasergen/3D/work/shaojie/script/HiC/3d_model/240033_kcybgj_20240510/03.gif/Delta-abrB/pngs/fig_090.png
    jobid: 12
    wildcards: sample=Delta-abrB, batch=090
    resources: mem_mb=1000, disk_mb=1000, tmpdir=/tmp

Submitted job 12 with external jobid 'Submitted batch job 7743931'.

[Thu May 16 11:39:19 2024]
rule png:
    input: /work/frasergen/3D/work/shaojie/script/HiC/3d_model/240033_kcybgj_20240510/02.3d_model/Delta-abrB/Delta-abrB.pdb, /work/frasergen/3D/work/shaojie/script/HiC/3d_model/240033_kcybgj_20240510/02.3d_model/Delta-abrB/Delta-abrB.pml
    output: /work/frasergen/3D/work/shaojie/script/HiC/3d_model/240033_kcybgj_20240510/03.gif/Delta-abrB/pngs/fig_230.png
    jobid: 26
    wildcards: sample=Delta-abrB, batch=230
    resources: mem_mb=1000, disk_mb=1000, tmpdir=/tmp

Submitted job 26 with external jobid 'Submitted batch job 7743932'.

[Thu May 16 11:39:19 2024]
rule png:
    input: /work/frasergen/3D/work/shaojie/script/HiC/3d_model/240033_kcybgj_20240510/02.3d_model/Bs168/Bs168.pdb, /work/frasergen/3D/work/shaojie/script/HiC/3d_model/240033_kcybgj_20240510/02.3d_model/Bs168/Bs168.pml
    output: /work/frasergen/3D/work/shaojie/script/HiC/3d_model/240033_kcybgj_20240510/03.gif/Bs168/pngs/fig_050.png
    jobid: 33
    wildcards: sample=Bs168, batch=050
    resources: mem_mb=1000, disk_mb=1000, tmpdir=/tmp

Submitted job 33 with external jobid 'Submitted batch job 7743933'.

[Thu May 16 11:39:20 2024]
rule png:
    input: /work/frasergen/3D/work/shaojie/script/HiC/3d_model/240033_kcybgj_20240510/02.3d_model/Bs168/Bs168.pdb, /work/frasergen/3D/work/shaojie/script/HiC/3d_model/240033_kcybgj_20240510/02.3d_model/Bs168/Bs168.pml
    output: /work/frasergen/3D/work/shaojie/script/HiC/3d_model/240033_kcybgj_20240510/03.gif/Bs168/pngs/fig_120.png
    jobid: 40
    wildcards: sample=Bs168, batch=120
    resources: mem_mb=1000, disk_mb=1000, tmpdir=/tmp

Submitted job 40 with external jobid 'Submitted batch job 7743934'.

[Thu May 16 11:39:20 2024]
rule png:
    input: /work/frasergen/3D/work/shaojie/script/HiC/3d_model/240033_kcybgj_20240510/02.3d_model/Bs168/Bs168.pdb, /work/frasergen/3D/work/shaojie/script/HiC/3d_model/240033_kcybgj_20240510/02.3d_model/Bs168/Bs168.pml
    output: /work/frasergen/3D/work/shaojie/script/HiC/3d_model/240033_kcybgj_20240510/03.gif/Bs168/pngs/fig_190.png
    jobid: 47
    wildcards: sample=Bs168, batch=190
    resources: mem_mb=1000, disk_mb=1000, tmpdir=/tmp

Submitted job 47 with external jobid 'Submitted batch job 7743935'.

[Thu May 16 11:39:20 2024]
rule png:
    input: /work/frasergen/3D/work/shaojie/script/HiC/3d_model/240033_kcybgj_20240510/02.3d_model/Delta-abrB/Delta-abrB.pdb, /work/frasergen/3D/work/shaojie/script/HiC/3d_model/240033_kcybgj_20240510/02.3d_model/Delta-abrB/Delta-abrB.pml
    output: /work/frasergen/3D/work/shaojie/script/HiC/3d_model/240033_kcybgj_20240510/03.gif/Delta-abrB/pngs/fig_030.png
    jobid: 6
    wildcards: sample=Delta-abrB, batch=030
    resources: mem_mb=1000, disk_mb=1000, tmpdir=/tmp

Submitted job 6 with external jobid 'Submitted batch job 7743936'.

[Thu May 16 11:39:20 2024]
rule png:
    input: /work/frasergen/3D/work/shaojie/script/HiC/3d_model/240033_kcybgj_20240510/02.3d_model/Delta-abrB/Delta-abrB.pdb, /work/frasergen/3D/work/shaojie/script/HiC/3d_model/240033_kcybgj_20240510/02.3d_model/Delta-abrB/Delta-abrB.pml
    output: /work/frasergen/3D/work/shaojie/script/HiC/3d_model/240033_kcybgj_20240510/03.gif/Delta-abrB/pngs/fig_170.png
    jobid: 20
    wildcards: sample=Delta-abrB, batch=170
    resources: mem_mb=1000, disk_mb=1000, tmpdir=/tmp

Submitted job 20 with external jobid 'Submitted batch job 7743937'.

[Thu May 16 11:39:21 2024]
rule png:
    input: /work/frasergen/3D/work/shaojie/script/HiC/3d_model/240033_kcybgj_20240510/02.3d_model/Delta-abrB/Delta-abrB.pdb, /work/frasergen/3D/work/shaojie/script/HiC/3d_model/240033_kcybgj_20240510/02.3d_model/Delta-abrB/Delta-abrB.pml
    output: /work/frasergen/3D/work/shaojie/script/HiC/3d_model/240033_kcybgj_20240510/03.gif/Delta-abrB/pngs/fig_100.png
    jobid: 13
    wildcards: sample=Delta-abrB, batch=100
    resources: mem_mb=1000, disk_mb=1000, tmpdir=/tmp

Submitted job 13 with external jobid 'Submitted batch job 7743938'.

[Thu May 16 11:39:21 2024]
rule png:
    input: /work/frasergen/3D/work/shaojie/script/HiC/3d_model/240033_kcybgj_20240510/02.3d_model/Delta-abrB/Delta-abrB.pdb, /work/frasergen/3D/work/shaojie/script/HiC/3d_model/240033_kcybgj_20240510/02.3d_model/Delta-abrB/Delta-abrB.pml
    output: /work/frasergen/3D/work/shaojie/script/HiC/3d_model/240033_kcybgj_20240510/03.gif/Delta-abrB/pngs/fig_240.png
    jobid: 27
    wildcards: sample=Delta-abrB, batch=240
    resources: mem_mb=1000, disk_mb=1000, tmpdir=/tmp

Submitted job 27 with external jobid 'Submitted batch job 7743939'.

[Thu May 16 11:39:21 2024]
rule png:
    input: /work/frasergen/3D/work/shaojie/script/HiC/3d_model/240033_kcybgj_20240510/02.3d_model/Bs168/Bs168.pdb, /work/frasergen/3D/work/shaojie/script/HiC/3d_model/240033_kcybgj_20240510/02.3d_model/Bs168/Bs168.pml
    output: /work/frasergen/3D/work/shaojie/script/HiC/3d_model/240033_kcybgj_20240510/03.gif/Bs168/pngs/fig_060.png
    jobid: 34
    wildcards: sample=Bs168, batch=060
    resources: mem_mb=1000, disk_mb=1000, tmpdir=/tmp

Submitted job 34 with external jobid 'Submitted batch job 7743940'.

[Thu May 16 11:39:21 2024]
rule png:
    input: /work/frasergen/3D/work/shaojie/script/HiC/3d_model/240033_kcybgj_20240510/02.3d_model/Bs168/Bs168.pdb, /work/frasergen/3D/work/shaojie/script/HiC/3d_model/240033_kcybgj_20240510/02.3d_model/Bs168/Bs168.pml
    output: /work/frasergen/3D/work/shaojie/script/HiC/3d_model/240033_kcybgj_20240510/03.gif/Bs168/pngs/fig_130.png
    jobid: 41
    wildcards: sample=Bs168, batch=130
    resources: mem_mb=1000, disk_mb=1000, tmpdir=/tmp

Submitted job 41 with external jobid 'Submitted batch job 7743941'.

[Thu May 16 11:39:22 2024]
rule png:
    input: /work/frasergen/3D/work/shaojie/script/HiC/3d_model/240033_kcybgj_20240510/02.3d_model/Bs168/Bs168.pdb, /work/frasergen/3D/work/shaojie/script/HiC/3d_model/240033_kcybgj_20240510/02.3d_model/Bs168/Bs168.pml
    output: /work/frasergen/3D/work/shaojie/script/HiC/3d_model/240033_kcybgj_20240510/03.gif/Bs168/pngs/fig_200.png
    jobid: 48
    wildcards: sample=Bs168, batch=200
    resources: mem_mb=1000, disk_mb=1000, tmpdir=/tmp

Submitted job 48 with external jobid 'Submitted batch job 7743942'.

[Thu May 16 11:39:22 2024]
rule png:
    input: /work/frasergen/3D/work/shaojie/script/HiC/3d_model/240033_kcybgj_20240510/02.3d_model/Delta-abrB/Delta-abrB.pdb, /work/frasergen/3D/work/shaojie/script/HiC/3d_model/240033_kcybgj_20240510/02.3d_model/Delta-abrB/Delta-abrB.pml
    output: /work/frasergen/3D/work/shaojie/script/HiC/3d_model/240033_kcybgj_20240510/03.gif/Delta-abrB/pngs/fig_040.png
    jobid: 7
    wildcards: sample=Delta-abrB, batch=040
    resources: mem_mb=1000, disk_mb=1000, tmpdir=/tmp

Submitted job 7 with external jobid 'Submitted batch job 7743943'.

[Thu May 16 11:39:22 2024]
rule png:
    input: /work/frasergen/3D/work/shaojie/script/HiC/3d_model/240033_kcybgj_20240510/02.3d_model/Delta-abrB/Delta-abrB.pdb, /work/frasergen/3D/work/shaojie/script/HiC/3d_model/240033_kcybgj_20240510/02.3d_model/Delta-abrB/Delta-abrB.pml
    output: /work/frasergen/3D/work/shaojie/script/HiC/3d_model/240033_kcybgj_20240510/03.gif/Delta-abrB/pngs/fig_180.png
    jobid: 21
    wildcards: sample=Delta-abrB, batch=180
    resources: mem_mb=1000, disk_mb=1000, tmpdir=/tmp

Submitted job 21 with external jobid 'Submitted batch job 7743944'.

[Thu May 16 11:39:22 2024]
rule png:
    input: /work/frasergen/3D/work/shaojie/script/HiC/3d_model/240033_kcybgj_20240510/02.3d_model/Delta-abrB/Delta-abrB.pdb, /work/frasergen/3D/work/shaojie/script/HiC/3d_model/240033_kcybgj_20240510/02.3d_model/Delta-abrB/Delta-abrB.pml
    output: /work/frasergen/3D/work/shaojie/script/HiC/3d_model/240033_kcybgj_20240510/03.gif/Delta-abrB/pngs/fig_110.png
    jobid: 14
    wildcards: sample=Delta-abrB, batch=110
    resources: mem_mb=1000, disk_mb=1000, tmpdir=/tmp

Submitted job 14 with external jobid 'Submitted batch job 7743945'.

[Thu May 16 11:39:23 2024]
rule png:
    input: /work/frasergen/3D/work/shaojie/script/HiC/3d_model/240033_kcybgj_20240510/02.3d_model/Bs168/Bs168.pdb, /work/frasergen/3D/work/shaojie/script/HiC/3d_model/240033_kcybgj_20240510/02.3d_model/Bs168/Bs168.pml
    output: /work/frasergen/3D/work/shaojie/script/HiC/3d_model/240033_kcybgj_20240510/03.gif/Bs168/pngs/fig_070.png
    jobid: 35
    wildcards: sample=Bs168, batch=070
    resources: mem_mb=1000, disk_mb=1000, tmpdir=/tmp

Submitted job 35 with external jobid 'Submitted batch job 7743946'.
[Thu May 16 11:41:56 2024]
Finished job 1.
1 of 53 steps (2%) done
Select jobs to execute...

[Thu May 16 11:41:56 2024]
rule png:
    input: /work/frasergen/3D/work/shaojie/script/HiC/3d_model/240033_kcybgj_20240510/02.3d_model/Bs168/Bs168.pdb, /work/frasergen/3D/work/shaojie/script/HiC/3d_model/240033_kcybgj_20240510/02.3d_model/Bs168/Bs168.pml
    output: /work/frasergen/3D/work/shaojie/script/HiC/3d_model/240033_kcybgj_20240510/03.gif/Bs168/pngs/fig_140.png
    jobid: 42
    wildcards: sample=Bs168, batch=140
    resources: mem_mb=1000, disk_mb=1000, tmpdir=/tmp

Submitted job 42 with external jobid 'Submitted batch job 7743961'.
[Thu May 16 11:41:57 2024]
Finished job 2.
2 of 53 steps (4%) done
Select jobs to execute...

[Thu May 16 11:41:57 2024]
rule png:
    input: /work/frasergen/3D/work/shaojie/script/HiC/3d_model/240033_kcybgj_20240510/02.3d_model/Bs168/Bs168.pdb, /work/frasergen/3D/work/shaojie/script/HiC/3d_model/240033_kcybgj_20240510/02.3d_model/Bs168/Bs168.pml
    output: /work/frasergen/3D/work/shaojie/script/HiC/3d_model/240033_kcybgj_20240510/03.gif/Bs168/pngs/fig_210.png
    jobid: 49
    wildcards: sample=Bs168, batch=210
    resources: mem_mb=1000, disk_mb=1000, tmpdir=/tmp

Submitted job 49 with external jobid 'Submitted batch job 7743962'.
[Thu May 16 11:50:48 2024]
Finished job 34.
3 of 53 steps (6%) done
[Thu May 16 11:50:53 2024]
Finished job 20.
4 of 53 steps (8%) done
[Thu May 16 11:51:35 2024]
Finished job 13.
5 of 53 steps (9%) done
[Thu May 16 11:51:35 2024]
Finished job 27.
6 of 53 steps (11%) done
[Thu May 16 11:51:45 2024]
Finished job 21.
7 of 53 steps (13%) done
[Thu May 16 11:51:59 2024]
Finished job 7.
8 of 53 steps (15%) done
[Thu May 16 11:52:02 2024]
Finished job 33.
9 of 53 steps (17%) done
[Thu May 16 11:52:16 2024]
Finished job 47.
10 of 53 steps (19%) done
[Thu May 16 11:52:17 2024]
Finished job 6.
11 of 53 steps (21%) done
[Thu May 16 11:52:27 2024]
Finished job 48.
12 of 53 steps (23%) done
[Thu May 16 11:52:40 2024]
Finished job 35.
13 of 53 steps (25%) done
[Thu May 16 11:52:40 2024]
Finished job 8.
14 of 53 steps (26%) done
[Thu May 16 11:52:53 2024]
Finished job 41.
15 of 53 steps (28%) done
[Thu May 16 11:53:06 2024]
Finished job 14.
16 of 53 steps (30%) done
[Thu May 16 11:53:07 2024]
Finished job 9.
17 of 53 steps (32%) done
[Thu May 16 11:53:19 2024]
Finished job 22.
18 of 53 steps (34%) done
[Thu May 16 11:53:20 2024]
Finished job 23.
19 of 53 steps (36%) done
[Thu May 16 11:53:20 2024]
Finished job 30.
20 of 53 steps (38%) done
[Thu May 16 11:53:20 2024]
Finished job 10.
21 of 53 steps (40%) done
[Thu May 16 11:53:21 2024]
Finished job 11.
22 of 53 steps (42%) done
[Thu May 16 11:53:21 2024]
Finished job 46.
23 of 53 steps (43%) done
[Thu May 16 11:53:21 2024]
Finished job 5.
24 of 53 steps (45%) done
[Thu May 16 11:53:21 2024]
Finished job 19.
25 of 53 steps (47%) done
[Thu May 16 11:53:22 2024]
Finished job 40.
26 of 53 steps (49%) done
[Thu May 16 11:53:33 2024]
Finished job 17.
27 of 53 steps (51%) done
[Thu May 16 11:53:33 2024]
Finished job 31.
28 of 53 steps (53%) done
[Thu May 16 11:53:33 2024]
Finished job 18.
29 of 53 steps (55%) done
[Thu May 16 11:53:44 2024]
Finished job 43.
30 of 53 steps (57%) done
[Thu May 16 11:53:44 2024]
Finished job 50.
31 of 53 steps (58%) done
[Thu May 16 11:53:45 2024]
Finished job 4.
32 of 53 steps (60%) done
[Thu May 16 11:53:56 2024]
Finished job 24.
33 of 53 steps (62%) done
[Thu May 16 11:53:57 2024]
Finished job 45.
34 of 53 steps (64%) done
[Thu May 16 11:53:57 2024]
Finished job 32.
35 of 53 steps (66%) done
[Thu May 16 11:54:07 2024]
Finished job 15.
36 of 53 steps (68%) done
[Thu May 16 11:54:07 2024]
Finished job 16.
37 of 53 steps (70%) done
[Thu May 16 11:54:07 2024]
Finished job 51.
38 of 53 steps (72%) done
[Thu May 16 11:54:08 2024]
Finished job 25.
39 of 53 steps (74%) done
[Thu May 16 11:54:18 2024]
Finished job 29.
40 of 53 steps (75%) done
[Thu May 16 11:54:18 2024]
Finished job 12.
41 of 53 steps (77%) done
[Thu May 16 11:54:29 2024]
Finished job 37.
42 of 53 steps (79%) done
[Thu May 16 11:54:39 2024]
Finished job 36.
43 of 53 steps (81%) done
[Thu May 16 11:54:39 2024]
Finished job 26.
44 of 53 steps (83%) done
Select jobs to execute...

[Thu May 16 11:54:40 2024]
rule gif:
    input: /work/frasergen/3D/work/shaojie/script/HiC/3d_model/240033_kcybgj_20240510/03.gif/Delta-abrB/pngs/fig_010.png, /work/frasergen/3D/work/shaojie/script/HiC/3d_model/240033_kcybgj_20240510/03.gif/Delta-abrB/pngs/fig_020.png, /work/frasergen/3D/work/shaojie/script/HiC/3d_model/240033_kcybgj_20240510/03.gif/Delta-abrB/pngs/fig_030.png, /work/frasergen/3D/work/shaojie/script/HiC/3d_model/240033_kcybgj_20240510/03.gif/Delta-abrB/pngs/fig_040.png, /work/frasergen/3D/work/shaojie/script/HiC/3d_model/240033_kcybgj_20240510/03.gif/Delta-abrB/pngs/fig_050.png, /work/frasergen/3D/work/shaojie/script/HiC/3d_model/240033_kcybgj_20240510/03.gif/Delta-abrB/pngs/fig_060.png, /work/frasergen/3D/work/shaojie/script/HiC/3d_model/240033_kcybgj_20240510/03.gif/Delta-abrB/pngs/fig_070.png, /work/frasergen/3D/work/shaojie/script/HiC/3d_model/240033_kcybgj_20240510/03.gif/Delta-abrB/pngs/fig_080.png, /work/frasergen/3D/work/shaojie/script/HiC/3d_model/240033_kcybgj_20240510/03.gif/Delta-abrB/pngs/fig_090.png, /work/frasergen/3D/work/shaojie/script/HiC/3d_model/240033_kcybgj_20240510/03.gif/Delta-abrB/pngs/fig_100.png, /work/frasergen/3D/work/shaojie/script/HiC/3d_model/240033_kcybgj_20240510/03.gif/Delta-abrB/pngs/fig_110.png, /work/frasergen/3D/work/shaojie/script/HiC/3d_model/240033_kcybgj_20240510/03.gif/Delta-abrB/pngs/fig_120.png, /work/frasergen/3D/work/shaojie/script/HiC/3d_model/240033_kcybgj_20240510/03.gif/Delta-abrB/pngs/fig_130.png, /work/frasergen/3D/work/shaojie/script/HiC/3d_model/240033_kcybgj_20240510/03.gif/Delta-abrB/pngs/fig_140.png, /work/frasergen/3D/work/shaojie/script/HiC/3d_model/240033_kcybgj_20240510/03.gif/Delta-abrB/pngs/fig_150.png, /work/frasergen/3D/work/shaojie/script/HiC/3d_model/240033_kcybgj_20240510/03.gif/Delta-abrB/pngs/fig_160.png, /work/frasergen/3D/work/shaojie/script/HiC/3d_model/240033_kcybgj_20240510/03.gif/Delta-abrB/pngs/fig_170.png, /work/frasergen/3D/work/shaojie/script/HiC/3d_model/240033_kcybgj_20240510/03.gif/Delta-abrB/pngs/fig_180.png, /work/frasergen/3D/work/shaojie/script/HiC/3d_model/240033_kcybgj_20240510/03.gif/Delta-abrB/pngs/fig_190.png, /work/frasergen/3D/work/shaojie/script/HiC/3d_model/240033_kcybgj_20240510/03.gif/Delta-abrB/pngs/fig_200.png, /work/frasergen/3D/work/shaojie/script/HiC/3d_model/240033_kcybgj_20240510/03.gif/Delta-abrB/pngs/fig_210.png, /work/frasergen/3D/work/shaojie/script/HiC/3d_model/240033_kcybgj_20240510/03.gif/Delta-abrB/pngs/fig_220.png, /work/frasergen/3D/work/shaojie/script/HiC/3d_model/240033_kcybgj_20240510/03.gif/Delta-abrB/pngs/fig_230.png, /work/frasergen/3D/work/shaojie/script/HiC/3d_model/240033_kcybgj_20240510/03.gif/Delta-abrB/pngs/fig_240.png
    output: /work/frasergen/3D/work/shaojie/script/HiC/3d_model/240033_kcybgj_20240510/03.gif/Delta-abrB/Delta-abrB.gif, /work/frasergen/3D/work/shaojie/script/HiC/3d_model/240033_kcybgj_20240510/03.gif/Delta-abrB/Delta-abrB.mp4
    jobid: 3
    wildcards: sample=Delta-abrB
    resources: mem_mb=1000, disk_mb=1000, tmpdir=/tmp

Submitted job 3 with external jobid 'Submitted batch job 7744018'.
[Thu May 16 11:54:49 2024]
Finished job 44.
45 of 53 steps (85%) done
[Thu May 16 11:54:50 2024]
Finished job 38.
46 of 53 steps (87%) done
[Thu May 16 11:54:50 2024]
Finished job 52.
47 of 53 steps (89%) done
[Thu May 16 11:55:10 2024]
Finished job 39.
48 of 53 steps (91%) done
[Thu May 16 11:55:30 2024]
Finished job 3.
49 of 53 steps (92%) done
[Thu May 16 11:56:00 2024]
Finished job 42.
50 of 53 steps (94%) done
[Thu May 16 11:56:20 2024]
Finished job 49.
51 of 53 steps (96%) done
Select jobs to execute...

[Thu May 16 11:56:20 2024]
rule gif:
    input: /work/frasergen/3D/work/shaojie/script/HiC/3d_model/240033_kcybgj_20240510/03.gif/Bs168/pngs/fig_010.png, /work/frasergen/3D/work/shaojie/script/HiC/3d_model/240033_kcybgj_20240510/03.gif/Bs168/pngs/fig_020.png, /work/frasergen/3D/work/shaojie/script/HiC/3d_model/240033_kcybgj_20240510/03.gif/Bs168/pngs/fig_030.png, /work/frasergen/3D/work/shaojie/script/HiC/3d_model/240033_kcybgj_20240510/03.gif/Bs168/pngs/fig_040.png, /work/frasergen/3D/work/shaojie/script/HiC/3d_model/240033_kcybgj_20240510/03.gif/Bs168/pngs/fig_050.png, /work/frasergen/3D/work/shaojie/script/HiC/3d_model/240033_kcybgj_20240510/03.gif/Bs168/pngs/fig_060.png, /work/frasergen/3D/work/shaojie/script/HiC/3d_model/240033_kcybgj_20240510/03.gif/Bs168/pngs/fig_070.png, /work/frasergen/3D/work/shaojie/script/HiC/3d_model/240033_kcybgj_20240510/03.gif/Bs168/pngs/fig_080.png, /work/frasergen/3D/work/shaojie/script/HiC/3d_model/240033_kcybgj_20240510/03.gif/Bs168/pngs/fig_090.png, /work/frasergen/3D/work/shaojie/script/HiC/3d_model/240033_kcybgj_20240510/03.gif/Bs168/pngs/fig_100.png, /work/frasergen/3D/work/shaojie/script/HiC/3d_model/240033_kcybgj_20240510/03.gif/Bs168/pngs/fig_110.png, /work/frasergen/3D/work/shaojie/script/HiC/3d_model/240033_kcybgj_20240510/03.gif/Bs168/pngs/fig_120.png, /work/frasergen/3D/work/shaojie/script/HiC/3d_model/240033_kcybgj_20240510/03.gif/Bs168/pngs/fig_130.png, /work/frasergen/3D/work/shaojie/script/HiC/3d_model/240033_kcybgj_20240510/03.gif/Bs168/pngs/fig_140.png, /work/frasergen/3D/work/shaojie/script/HiC/3d_model/240033_kcybgj_20240510/03.gif/Bs168/pngs/fig_150.png, /work/frasergen/3D/work/shaojie/script/HiC/3d_model/240033_kcybgj_20240510/03.gif/Bs168/pngs/fig_160.png, /work/frasergen/3D/work/shaojie/script/HiC/3d_model/240033_kcybgj_20240510/03.gif/Bs168/pngs/fig_170.png, /work/frasergen/3D/work/shaojie/script/HiC/3d_model/240033_kcybgj_20240510/03.gif/Bs168/pngs/fig_180.png, /work/frasergen/3D/work/shaojie/script/HiC/3d_model/240033_kcybgj_20240510/03.gif/Bs168/pngs/fig_190.png, /work/frasergen/3D/work/shaojie/script/HiC/3d_model/240033_kcybgj_20240510/03.gif/Bs168/pngs/fig_200.png, /work/frasergen/3D/work/shaojie/script/HiC/3d_model/240033_kcybgj_20240510/03.gif/Bs168/pngs/fig_210.png, /work/frasergen/3D/work/shaojie/script/HiC/3d_model/240033_kcybgj_20240510/03.gif/Bs168/pngs/fig_220.png, /work/frasergen/3D/work/shaojie/script/HiC/3d_model/240033_kcybgj_20240510/03.gif/Bs168/pngs/fig_230.png, /work/frasergen/3D/work/shaojie/script/HiC/3d_model/240033_kcybgj_20240510/03.gif/Bs168/pngs/fig_240.png
    output: /work/frasergen/3D/work/shaojie/script/HiC/3d_model/240033_kcybgj_20240510/03.gif/Bs168/Bs168.gif, /work/frasergen/3D/work/shaojie/script/HiC/3d_model/240033_kcybgj_20240510/03.gif/Bs168/Bs168.mp4
    jobid: 28
    wildcards: sample=Bs168
    resources: mem_mb=1000, disk_mb=1000, tmpdir=/tmp

Submitted job 28 with external jobid 'Submitted batch job 7744021'.
[Thu May 16 11:57:20 2024]
Finished job 28.
52 of 53 steps (98%) done
Select jobs to execute...

[Thu May 16 11:57:20 2024]
localrule all:
    input: /work/frasergen/3D/work/shaojie/script/HiC/3d_model/240033_kcybgj_20240510/03.gif/Delta-abrB/chrs/chr1/chr1_2.png, /work/frasergen/3D/work/shaojie/script/HiC/3d_model/240033_kcybgj_20240510/03.gif/Bs168/chrs/chr1/chr1_2.png, /work/frasergen/3D/work/shaojie/script/HiC/3d_model/240033_kcybgj_20240510/03.gif/Delta-abrB/Delta-abrB.gif, /work/frasergen/3D/work/shaojie/script/HiC/3d_model/240033_kcybgj_20240510/03.gif/Bs168/Bs168.gif
    jobid: 0
    resources: mem_mb=1000, disk_mb=1000, tmpdir=/tmp

[Thu May 16 11:57:20 2024]
Finished job 0.
53 of 53 steps (100%) done
Complete log: .snakemake/log/2024-05-16T113909.410230.snakemake.log
