Building DAG of jobs...
Using shell: /usr/bin/bash
Provided cores: 2
Rules claiming more threads will be scaled down.
Job stats:
job       count    min threads    max threads
------  -------  -------------  -------------
all           1              1              1
pastis        2              1              1
total         3              1              1


[Sat May 11 20:49:49 2024]
rule pastis:
    input: /work/frasergen/3D/work/shaojie/script/HiC/3d_model/240033_kcybgj_20240510/01.matrix_fill/Bs168/Bs168_filled_matrix.txt
    output: /work/frasergen/3D/work/shaojie/script/HiC/3d_model/240033_kcybgj_20240510/02.3d_model/Bs168/Bs168.pdb
    jobid: 3
    wildcards: sample=Bs168
    resources: tmpdir=/tmp

[Sat May 11 20:49:49 2024]
rule pastis:
    input: /work/frasergen/3D/work/shaojie/script/HiC/3d_model/240033_kcybgj_20240510/01.matrix_fill/Delta-abrB/Delta-abrB_filled_matrix.txt
    output: /work/frasergen/3D/work/shaojie/script/HiC/3d_model/240033_kcybgj_20240510/02.3d_model/Delta-abrB/Delta-abrB.pdb
    jobid: 1
    wildcards: sample=Delta-abrB
    resources: tmpdir=/tmp

Shutting down, this might take some time.
Exiting because a job execution failed. Look above for error message
Complete log: /work/frasergen/3D/work/shaojie/script/HiC/3d_model/.snakemake/log/2024-05-11T204947.763185.snakemake.log
