Building DAG of jobs...
Using shell: /usr/bin/bash
Provided cluster nodes: 48
Job stats:
job          count    min threads    max threads
---------  -------  -------------  -------------
all              1              1              1
chrom           12              1              1
gif              2              1              1
mp4              2              1              1
png             48              1              1
split_pml        2              1              1
total           67              1              1


[Wed May  8 10:15:50 2024]
rule chrom:
    input: /work/frasergen/backup/3d/project/Interactome/232385_Schizonepeta_tenuifolia/05.personal/analysis_3D_model_20240507/02.3d_model/Leaf/Leaf.pml
    output: /work/frasergen/backup/3d/project/Interactome/232385_Schizonepeta_tenuifolia/05.personal/analysis_3D_model_20240507/03.gif/Leaf/chrs/chr5/chr5.pml
    jobid: 9
    wildcards: sample=Leaf, chrom=chr5
    resources: tmpdir=/tmp

Submitted job 9 with external jobid 'Submitted batch job 7600434'.

[Wed May  8 10:15:50 2024]
rule chrom:
    input: /work/frasergen/backup/3d/project/Interactome/232385_Schizonepeta_tenuifolia/05.personal/analysis_3D_model_20240507/02.3d_model/Root/Root.pml
    output: /work/frasergen/backup/3d/project/Interactome/232385_Schizonepeta_tenuifolia/05.personal/analysis_3D_model_20240507/03.gif/Root/chrs/chr1/chr1.pml
    jobid: 11
    wildcards: sample=Root, chrom=chr1
    resources: tmpdir=/tmp

Submitted job 11 with external jobid 'Submitted batch job 7600435'.

[Wed May  8 10:15:51 2024]
rule chrom:
    input: /work/frasergen/backup/3d/project/Interactome/232385_Schizonepeta_tenuifolia/05.personal/analysis_3D_model_20240507/02.3d_model/Leaf/Leaf.pml
    output: /work/frasergen/backup/3d/project/Interactome/232385_Schizonepeta_tenuifolia/05.personal/analysis_3D_model_20240507/03.gif/Leaf/chrs/chr1/chr1.pml
    jobid: 1
    wildcards: sample=Leaf, chrom=chr1
    resources: tmpdir=/tmp

Submitted job 1 with external jobid 'Submitted batch job 7600436'.

[Wed May  8 10:15:51 2024]
rule chrom:
    input: /work/frasergen/backup/3d/project/Interactome/232385_Schizonepeta_tenuifolia/05.personal/analysis_3D_model_20240507/02.3d_model/Root/Root.pml
    output: /work/frasergen/backup/3d/project/Interactome/232385_Schizonepeta_tenuifolia/05.personal/analysis_3D_model_20240507/03.gif/Root/chrs/chr3/chr3.pml
    jobid: 16
    wildcards: sample=Root, chrom=chr3
    resources: tmpdir=/tmp

Submitted job 16 with external jobid 'Submitted batch job 7600438'.

[Wed May  8 10:15:51 2024]
rule chrom:
    input: /work/frasergen/backup/3d/project/Interactome/232385_Schizonepeta_tenuifolia/05.personal/analysis_3D_model_20240507/02.3d_model/Root/Root.pml
    output: /work/frasergen/backup/3d/project/Interactome/232385_Schizonepeta_tenuifolia/05.personal/analysis_3D_model_20240507/03.gif/Root/chrs/chr5/chr5.pml
    jobid: 18
    wildcards: sample=Root, chrom=chr5
    resources: tmpdir=/tmp

Submitted job 18 with external jobid 'Submitted batch job 7600439'.

[Wed May  8 10:15:51 2024]
rule chrom:
    input: /work/frasergen/backup/3d/project/Interactome/232385_Schizonepeta_tenuifolia/05.personal/analysis_3D_model_20240507/02.3d_model/Leaf/Leaf.pml
    output: /work/frasergen/backup/3d/project/Interactome/232385_Schizonepeta_tenuifolia/05.personal/analysis_3D_model_20240507/03.gif/Leaf/chrs/chr2/chr2.pml
    jobid: 6
    wildcards: sample=Leaf, chrom=chr2
    resources: tmpdir=/tmp

Submitted job 6 with external jobid 'Submitted batch job 7600440'.

[Wed May  8 10:15:51 2024]
rule split_pml:
    input: /work/frasergen/backup/3d/project/Interactome/232385_Schizonepeta_tenuifolia/05.personal/analysis_3D_model_20240507/02.3d_model/Root/Root.pml
    output: /work/frasergen/backup/3d/project/Interactome/232385_Schizonepeta_tenuifolia/05.personal/analysis_3D_model_20240507/03.gif/Root/pngs/png.txt, /work/frasergen/backup/3d/project/Interactome/232385_Schizonepeta_tenuifolia/05.personal/analysis_3D_model_20240507/03.gif/Root/pmls/gif_001.pml, /work/frasergen/backup/3d/project/Interactome/232385_Schizonepeta_tenuifolia/05.personal/analysis_3D_model_20240507/03.gif/Root/pmls/gif_011.pml, /work/frasergen/backup/3d/project/Interactome/232385_Schizonepeta_tenuifolia/05.personal/analysis_3D_model_20240507/03.gif/Root/pmls/gif_021.pml, /work/frasergen/backup/3d/project/Interactome/232385_Schizonepeta_tenuifolia/05.personal/analysis_3D_model_20240507/03.gif/Root/pmls/gif_031.pml, /work/frasergen/backup/3d/project/Interactome/232385_Schizonepeta_tenuifolia/05.personal/analysis_3D_model_20240507/03.gif/Root/pmls/gif_041.pml, /work/frasergen/backup/3d/project/Interactome/232385_Schizonepeta_tenuifolia/05.personal/analysis_3D_model_20240507/03.gif/Root/pmls/gif_051.pml, /work/frasergen/backup/3d/project/Interactome/232385_Schizonepeta_tenuifolia/05.personal/analysis_3D_model_20240507/03.gif/Root/pmls/gif_061.pml, /work/frasergen/backup/3d/project/Interactome/232385_Schizonepeta_tenuifolia/05.personal/analysis_3D_model_20240507/03.gif/Root/pmls/gif_071.pml, /work/frasergen/backup/3d/project/Interactome/232385_Schizonepeta_tenuifolia/05.personal/analysis_3D_model_20240507/03.gif/Root/pmls/gif_081.pml, /work/frasergen/backup/3d/project/Interactome/232385_Schizonepeta_tenuifolia/05.personal/analysis_3D_model_20240507/03.gif/Root/pmls/gif_091.pml, /work/frasergen/backup/3d/project/Interactome/232385_Schizonepeta_tenuifolia/05.personal/analysis_3D_model_20240507/03.gif/Root/pmls/gif_101.pml, /work/frasergen/backup/3d/project/Interactome/232385_Schizonepeta_tenuifolia/05.personal/analysis_3D_model_20240507/03.gif/Root/pmls/gif_111.pml, /work/frasergen/backup/3d/project/Interactome/232385_Schizonepeta_tenuifolia/05.personal/analysis_3D_model_20240507/03.gif/Root/pmls/gif_121.pml, /work/frasergen/backup/3d/project/Interactome/232385_Schizonepeta_tenuifolia/05.personal/analysis_3D_model_20240507/03.gif/Root/pmls/gif_131.pml, /work/frasergen/backup/3d/project/Interactome/232385_Schizonepeta_tenuifolia/05.personal/analysis_3D_model_20240507/03.gif/Root/pmls/gif_141.pml, /work/frasergen/backup/3d/project/Interactome/232385_Schizonepeta_tenuifolia/05.personal/analysis_3D_model_20240507/03.gif/Root/pmls/gif_151.pml, /work/frasergen/backup/3d/project/Interactome/232385_Schizonepeta_tenuifolia/05.personal/analysis_3D_model_20240507/03.gif/Root/pmls/gif_161.pml, /work/frasergen/backup/3d/project/Interactome/232385_Schizonepeta_tenuifolia/05.personal/analysis_3D_model_20240507/03.gif/Root/pmls/gif_171.pml, /work/frasergen/backup/3d/project/Interactome/232385_Schizonepeta_tenuifolia/05.personal/analysis_3D_model_20240507/03.gif/Root/pmls/gif_181.pml, /work/frasergen/backup/3d/project/Interactome/232385_Schizonepeta_tenuifolia/05.personal/analysis_3D_model_20240507/03.gif/Root/pmls/gif_191.pml, /work/frasergen/backup/3d/project/Interactome/232385_Schizonepeta_tenuifolia/05.personal/analysis_3D_model_20240507/03.gif/Root/pmls/gif_201.pml, /work/frasergen/backup/3d/project/Interactome/232385_Schizonepeta_tenuifolia/05.personal/analysis_3D_model_20240507/03.gif/Root/pmls/gif_211.pml, /work/frasergen/backup/3d/project/Interactome/232385_Schizonepeta_tenuifolia/05.personal/analysis_3D_model_20240507/03.gif/Root/pmls/gif_221.pml, /work/frasergen/backup/3d/project/Interactome/232385_Schizonepeta_tenuifolia/05.personal/analysis_3D_model_20240507/03.gif/Root/pmls/gif_231.pml
    jobid: 48
    wildcards: sample=Root
    resources: tmpdir=/tmp

Submitted job 48 with external jobid 'Submitted batch job 7600443'.

[Wed May  8 10:15:52 2024]
rule split_pml:
    input: /work/frasergen/backup/3d/project/Interactome/232385_Schizonepeta_tenuifolia/05.personal/analysis_3D_model_20240507/02.3d_model/Leaf/Leaf.pml
    output: /work/frasergen/backup/3d/project/Interactome/232385_Schizonepeta_tenuifolia/05.personal/analysis_3D_model_20240507/03.gif/Leaf/pngs/png.txt, /work/frasergen/backup/3d/project/Interactome/232385_Schizonepeta_tenuifolia/05.personal/analysis_3D_model_20240507/03.gif/Leaf/pmls/gif_001.pml, /work/frasergen/backup/3d/project/Interactome/232385_Schizonepeta_tenuifolia/05.personal/analysis_3D_model_20240507/03.gif/Leaf/pmls/gif_011.pml, /work/frasergen/backup/3d/project/Interactome/232385_Schizonepeta_tenuifolia/05.personal/analysis_3D_model_20240507/03.gif/Leaf/pmls/gif_021.pml, /work/frasergen/backup/3d/project/Interactome/232385_Schizonepeta_tenuifolia/05.personal/analysis_3D_model_20240507/03.gif/Leaf/pmls/gif_031.pml, /work/frasergen/backup/3d/project/Interactome/232385_Schizonepeta_tenuifolia/05.personal/analysis_3D_model_20240507/03.gif/Leaf/pmls/gif_041.pml, /work/frasergen/backup/3d/project/Interactome/232385_Schizonepeta_tenuifolia/05.personal/analysis_3D_model_20240507/03.gif/Leaf/pmls/gif_051.pml, /work/frasergen/backup/3d/project/Interactome/232385_Schizonepeta_tenuifolia/05.personal/analysis_3D_model_20240507/03.gif/Leaf/pmls/gif_061.pml, /work/frasergen/backup/3d/project/Interactome/232385_Schizonepeta_tenuifolia/05.personal/analysis_3D_model_20240507/03.gif/Leaf/pmls/gif_071.pml, /work/frasergen/backup/3d/project/Interactome/232385_Schizonepeta_tenuifolia/05.personal/analysis_3D_model_20240507/03.gif/Leaf/pmls/gif_081.pml, /work/frasergen/backup/3d/project/Interactome/232385_Schizonepeta_tenuifolia/05.personal/analysis_3D_model_20240507/03.gif/Leaf/pmls/gif_091.pml, /work/frasergen/backup/3d/project/Interactome/232385_Schizonepeta_tenuifolia/05.personal/analysis_3D_model_20240507/03.gif/Leaf/pmls/gif_101.pml, /work/frasergen/backup/3d/project/Interactome/232385_Schizonepeta_tenuifolia/05.personal/analysis_3D_model_20240507/03.gif/Leaf/pmls/gif_111.pml, /work/frasergen/backup/3d/project/Interactome/232385_Schizonepeta_tenuifolia/05.personal/analysis_3D_model_20240507/03.gif/Leaf/pmls/gif_121.pml, /work/frasergen/backup/3d/project/Interactome/232385_Schizonepeta_tenuifolia/05.personal/analysis_3D_model_20240507/03.gif/Leaf/pmls/gif_131.pml, /work/frasergen/backup/3d/project/Interactome/232385_Schizonepeta_tenuifolia/05.personal/analysis_3D_model_20240507/03.gif/Leaf/pmls/gif_141.pml, /work/frasergen/backup/3d/project/Interactome/232385_Schizonepeta_tenuifolia/05.personal/analysis_3D_model_20240507/03.gif/Leaf/pmls/gif_151.pml, /work/frasergen/backup/3d/project/Interactome/232385_Schizonepeta_tenuifolia/05.personal/analysis_3D_model_20240507/03.gif/Leaf/pmls/gif_161.pml, /work/frasergen/backup/3d/project/Interactome/232385_Schizonepeta_tenuifolia/05.personal/analysis_3D_model_20240507/03.gif/Leaf/pmls/gif_171.pml, /work/frasergen/backup/3d/project/Interactome/232385_Schizonepeta_tenuifolia/05.personal/analysis_3D_model_20240507/03.gif/Leaf/pmls/gif_181.pml, /work/frasergen/backup/3d/project/Interactome/232385_Schizonepeta_tenuifolia/05.personal/analysis_3D_model_20240507/03.gif/Leaf/pmls/gif_191.pml, /work/frasergen/backup/3d/project/Interactome/232385_Schizonepeta_tenuifolia/05.personal/analysis_3D_model_20240507/03.gif/Leaf/pmls/gif_201.pml, /work/frasergen/backup/3d/project/Interactome/232385_Schizonepeta_tenuifolia/05.personal/analysis_3D_model_20240507/03.gif/Leaf/pmls/gif_211.pml, /work/frasergen/backup/3d/project/Interactome/232385_Schizonepeta_tenuifolia/05.personal/analysis_3D_model_20240507/03.gif/Leaf/pmls/gif_221.pml, /work/frasergen/backup/3d/project/Interactome/232385_Schizonepeta_tenuifolia/05.personal/analysis_3D_model_20240507/03.gif/Leaf/pmls/gif_231.pml
    jobid: 22
    wildcards: sample=Leaf
    resources: tmpdir=/tmp

Submitted job 22 with external jobid 'Submitted batch job 7600444'.

[Wed May  8 10:15:52 2024]
rule chrom:
    input: /work/frasergen/backup/3d/project/Interactome/232385_Schizonepeta_tenuifolia/05.personal/analysis_3D_model_20240507/02.3d_model/Leaf/Leaf.pml
    output: /work/frasergen/backup/3d/project/Interactome/232385_Schizonepeta_tenuifolia/05.personal/analysis_3D_model_20240507/03.gif/Leaf/chrs/chr4/chr4.pml
    jobid: 8
    wildcards: sample=Leaf, chrom=chr4
    resources: tmpdir=/tmp

Submitted job 8 with external jobid 'Submitted batch job 7600445'.

[Wed May  8 10:15:52 2024]
rule chrom:
    input: /work/frasergen/backup/3d/project/Interactome/232385_Schizonepeta_tenuifolia/05.personal/analysis_3D_model_20240507/02.3d_model/Leaf/Leaf.pml
    output: /work/frasergen/backup/3d/project/Interactome/232385_Schizonepeta_tenuifolia/05.personal/analysis_3D_model_20240507/03.gif/Leaf/chrs/chr6/chr6.pml
    jobid: 10
    wildcards: sample=Leaf, chrom=chr6
    resources: tmpdir=/tmp

Submitted job 10 with external jobid 'Submitted batch job 7600446'.

[Wed May  8 10:15:53 2024]
rule chrom:
    input: /work/frasergen/backup/3d/project/Interactome/232385_Schizonepeta_tenuifolia/05.personal/analysis_3D_model_20240507/02.3d_model/Root/Root.pml
    output: /work/frasergen/backup/3d/project/Interactome/232385_Schizonepeta_tenuifolia/05.personal/analysis_3D_model_20240507/03.gif/Root/chrs/chr2/chr2.pml
    jobid: 15
    wildcards: sample=Root, chrom=chr2
    resources: tmpdir=/tmp

Submitted job 15 with external jobid 'Submitted batch job 7600449'.

[Wed May  8 10:15:53 2024]
rule chrom:
    input: /work/frasergen/backup/3d/project/Interactome/232385_Schizonepeta_tenuifolia/05.personal/analysis_3D_model_20240507/02.3d_model/Root/Root.pml
    output: /work/frasergen/backup/3d/project/Interactome/232385_Schizonepeta_tenuifolia/05.personal/analysis_3D_model_20240507/03.gif/Root/chrs/chr4/chr4.pml
    jobid: 17
    wildcards: sample=Root, chrom=chr4
    resources: tmpdir=/tmp

Submitted job 17 with external jobid 'Submitted batch job 7600451'.

[Wed May  8 10:15:53 2024]
rule chrom:
    input: /work/frasergen/backup/3d/project/Interactome/232385_Schizonepeta_tenuifolia/05.personal/analysis_3D_model_20240507/02.3d_model/Root/Root.pml
    output: /work/frasergen/backup/3d/project/Interactome/232385_Schizonepeta_tenuifolia/05.personal/analysis_3D_model_20240507/03.gif/Root/chrs/chr6/chr6.pml
    jobid: 19
    wildcards: sample=Root, chrom=chr6
    resources: tmpdir=/tmp

Submitted job 19 with external jobid 'Submitted batch job 7600453'.

[Wed May  8 10:15:53 2024]
rule chrom:
    input: /work/frasergen/backup/3d/project/Interactome/232385_Schizonepeta_tenuifolia/05.personal/analysis_3D_model_20240507/02.3d_model/Leaf/Leaf.pml
    output: /work/frasergen/backup/3d/project/Interactome/232385_Schizonepeta_tenuifolia/05.personal/analysis_3D_model_20240507/03.gif/Leaf/chrs/chr3/chr3.pml
    jobid: 7
    wildcards: sample=Leaf, chrom=chr3
    resources: tmpdir=/tmp

Submitted job 7 with external jobid 'Submitted batch job 7600454'.
[Wed May  8 10:16:11 2024]
Finished job 9.
1 of 67 steps (1%) done
[Wed May  8 10:16:22 2024]
Finished job 11.
2 of 67 steps (3%) done
[Wed May  8 10:16:22 2024]
Finished job 1.
3 of 67 steps (4%) done
[Wed May  8 10:16:23 2024]
Finished job 16.
4 of 67 steps (6%) done
[Wed May  8 10:16:23 2024]
Finished job 48.
5 of 67 steps (7%) done
[Wed May  8 10:16:25 2024]
Finished job 22.
6 of 67 steps (9%) done

[Wed May  8 10:16:25 2024]
rule png:
    input: /work/frasergen/backup/3d/project/Interactome/232385_Schizonepeta_tenuifolia/05.personal/analysis_3D_model_20240507/03.gif/Root/pmls/gif_061.pml
    output: /work/frasergen/backup/3d/project/Interactome/232385_Schizonepeta_tenuifolia/05.personal/analysis_3D_model_20240507/03.gif/Root/pngs/fig_061.png
    jobid: 54
    wildcards: sample=Root, batch=061
    resources: tmpdir=/tmp

[Wed May  8 10:16:25 2024]
Finished job 8.
7 of 67 steps (10%) done
Submitted job 54 with external jobid 'Submitted batch job 7600519'.

[Wed May  8 10:16:25 2024]
rule png:
    input: /work/frasergen/backup/3d/project/Interactome/232385_Schizonepeta_tenuifolia/05.personal/analysis_3D_model_20240507/03.gif/Root/pmls/gif_201.pml
    output: /work/frasergen/backup/3d/project/Interactome/232385_Schizonepeta_tenuifolia/05.personal/analysis_3D_model_20240507/03.gif/Root/pngs/fig_201.png
    jobid: 68
    wildcards: sample=Root, batch=201
    resources: tmpdir=/tmp

Submitted job 68 with external jobid 'Submitted batch job 7600522'.

[Wed May  8 10:16:25 2024]
rule png:
    input: /work/frasergen/backup/3d/project/Interactome/232385_Schizonepeta_tenuifolia/05.personal/analysis_3D_model_20240507/03.gif/Root/pmls/gif_141.pml
    output: /work/frasergen/backup/3d/project/Interactome/232385_Schizonepeta_tenuifolia/05.personal/analysis_3D_model_20240507/03.gif/Root/pngs/fig_141.png
    jobid: 62
    wildcards: sample=Root, batch=141
    resources: tmpdir=/tmp

Submitted job 62 with external jobid 'Submitted batch job 7600523'.

[Wed May  8 10:16:26 2024]
rule png:
    input: /work/frasergen/backup/3d/project/Interactome/232385_Schizonepeta_tenuifolia/05.personal/analysis_3D_model_20240507/03.gif/Root/pmls/gif_071.pml
    output: /work/frasergen/backup/3d/project/Interactome/232385_Schizonepeta_tenuifolia/05.personal/analysis_3D_model_20240507/03.gif/Root/pngs/fig_071.png
    jobid: 55
    wildcards: sample=Root, batch=071
    resources: tmpdir=/tmp

Submitted job 55 with external jobid 'Submitted batch job 7600524'.

[Wed May  8 10:16:26 2024]
rule png:
    input: /work/frasergen/backup/3d/project/Interactome/232385_Schizonepeta_tenuifolia/05.personal/analysis_3D_model_20240507/03.gif/Root/pmls/gif_211.pml
    output: /work/frasergen/backup/3d/project/Interactome/232385_Schizonepeta_tenuifolia/05.personal/analysis_3D_model_20240507/03.gif/Root/pngs/fig_211.png
    jobid: 69
    wildcards: sample=Root, batch=211
    resources: tmpdir=/tmp

Submitted job 69 with external jobid 'Submitted batch job 7600525'.

[Wed May  8 10:16:26 2024]
rule png:
    input: /work/frasergen/backup/3d/project/Interactome/232385_Schizonepeta_tenuifolia/05.personal/analysis_3D_model_20240507/03.gif/Root/pmls/gif_151.pml
    output: /work/frasergen/backup/3d/project/Interactome/232385_Schizonepeta_tenuifolia/05.personal/analysis_3D_model_20240507/03.gif/Root/pngs/fig_151.png
    jobid: 63
    wildcards: sample=Root, batch=151
    resources: tmpdir=/tmp

Submitted job 63 with external jobid 'Submitted batch job 7600526'.

[Wed May  8 10:16:26 2024]
rule png:
    input: /work/frasergen/backup/3d/project/Interactome/232385_Schizonepeta_tenuifolia/05.personal/analysis_3D_model_20240507/03.gif/Root/pmls/gif_011.pml
    output: /work/frasergen/backup/3d/project/Interactome/232385_Schizonepeta_tenuifolia/05.personal/analysis_3D_model_20240507/03.gif/Root/pngs/fig_011.png
    jobid: 49
    wildcards: sample=Root, batch=011
    resources: tmpdir=/tmp

Submitted job 49 with external jobid 'Submitted batch job 7600527'.

[Wed May  8 10:16:26 2024]
rule png:
    input: /work/frasergen/backup/3d/project/Interactome/232385_Schizonepeta_tenuifolia/05.personal/analysis_3D_model_20240507/03.gif/Root/pmls/gif_081.pml
    output: /work/frasergen/backup/3d/project/Interactome/232385_Schizonepeta_tenuifolia/05.personal/analysis_3D_model_20240507/03.gif/Root/pngs/fig_081.png
    jobid: 56
    wildcards: sample=Root, batch=081
    resources: tmpdir=/tmp

Submitted job 56 with external jobid 'Submitted batch job 7600528'.

[Wed May  8 10:16:26 2024]
rule png:
    input: /work/frasergen/backup/3d/project/Interactome/232385_Schizonepeta_tenuifolia/05.personal/analysis_3D_model_20240507/03.gif/Root/pmls/gif_221.pml
    output: /work/frasergen/backup/3d/project/Interactome/232385_Schizonepeta_tenuifolia/05.personal/analysis_3D_model_20240507/03.gif/Root/pngs/fig_221.png
    jobid: 70
    wildcards: sample=Root, batch=221
    resources: tmpdir=/tmp

Submitted job 70 with external jobid 'Submitted batch job 7600531'.

[Wed May  8 10:16:27 2024]
rule png:
    input: /work/frasergen/backup/3d/project/Interactome/232385_Schizonepeta_tenuifolia/05.personal/analysis_3D_model_20240507/03.gif/Root/pmls/gif_021.pml
    output: /work/frasergen/backup/3d/project/Interactome/232385_Schizonepeta_tenuifolia/05.personal/analysis_3D_model_20240507/03.gif/Root/pngs/fig_021.png
    jobid: 50
    wildcards: sample=Root, batch=021
    resources: tmpdir=/tmp

Submitted job 50 with external jobid 'Submitted batch job 7600534'.

[Wed May  8 10:16:27 2024]
rule png:
    input: /work/frasergen/backup/3d/project/Interactome/232385_Schizonepeta_tenuifolia/05.personal/analysis_3D_model_20240507/03.gif/Root/pmls/gif_161.pml
    output: /work/frasergen/backup/3d/project/Interactome/232385_Schizonepeta_tenuifolia/05.personal/analysis_3D_model_20240507/03.gif/Root/pngs/fig_161.png
    jobid: 64
    wildcards: sample=Root, batch=161
    resources: tmpdir=/tmp

Submitted job 64 with external jobid 'Submitted batch job 7600535'.

[Wed May  8 10:16:27 2024]
rule png:
    input: /work/frasergen/backup/3d/project/Interactome/232385_Schizonepeta_tenuifolia/05.personal/analysis_3D_model_20240507/03.gif/Root/pmls/gif_231.pml
    output: /work/frasergen/backup/3d/project/Interactome/232385_Schizonepeta_tenuifolia/05.personal/analysis_3D_model_20240507/03.gif/Root/pngs/fig_231.png
    jobid: 71
    wildcards: sample=Root, batch=231
    resources: tmpdir=/tmp

Submitted job 71 with external jobid 'Submitted batch job 7600536'.

[Wed May  8 10:16:27 2024]
rule png:
    input: /work/frasergen/backup/3d/project/Interactome/232385_Schizonepeta_tenuifolia/05.personal/analysis_3D_model_20240507/03.gif/Root/pmls/gif_091.pml
    output: /work/frasergen/backup/3d/project/Interactome/232385_Schizonepeta_tenuifolia/05.personal/analysis_3D_model_20240507/03.gif/Root/pngs/fig_091.png
    jobid: 57
    wildcards: sample=Root, batch=091
    resources: tmpdir=/tmp

Submitted job 57 with external jobid 'Submitted batch job 7600537'.

[Wed May  8 10:16:27 2024]
rule png:
    input: /work/frasergen/backup/3d/project/Interactome/232385_Schizonepeta_tenuifolia/05.personal/analysis_3D_model_20240507/03.gif/Root/pmls/gif_031.pml
    output: /work/frasergen/backup/3d/project/Interactome/232385_Schizonepeta_tenuifolia/05.personal/analysis_3D_model_20240507/03.gif/Root/pngs/fig_031.png
    jobid: 51
    wildcards: sample=Root, batch=031
    resources: tmpdir=/tmp

Submitted job 51 with external jobid 'Submitted batch job 7600538'.

[Wed May  8 10:16:27 2024]
rule png:
    input: /work/frasergen/backup/3d/project/Interactome/232385_Schizonepeta_tenuifolia/05.personal/analysis_3D_model_20240507/03.gif/Root/pmls/gif_171.pml
    output: /work/frasergen/backup/3d/project/Interactome/232385_Schizonepeta_tenuifolia/05.personal/analysis_3D_model_20240507/03.gif/Root/pngs/fig_171.png
    jobid: 65
    wildcards: sample=Root, batch=171
    resources: tmpdir=/tmp

Submitted job 65 with external jobid 'Submitted batch job 7600539'.

[Wed May  8 10:16:28 2024]
rule png:
    input: /work/frasergen/backup/3d/project/Interactome/232385_Schizonepeta_tenuifolia/05.personal/analysis_3D_model_20240507/03.gif/Root/pmls/gif_101.pml
    output: /work/frasergen/backup/3d/project/Interactome/232385_Schizonepeta_tenuifolia/05.personal/analysis_3D_model_20240507/03.gif/Root/pngs/fig_101.png
    jobid: 58
    wildcards: sample=Root, batch=101
    resources: tmpdir=/tmp

Submitted job 58 with external jobid 'Submitted batch job 7600540'.

[Wed May  8 10:16:28 2024]
rule png:
    input: /work/frasergen/backup/3d/project/Interactome/232385_Schizonepeta_tenuifolia/05.personal/analysis_3D_model_20240507/03.gif/Root/pmls/gif_041.pml
    output: /work/frasergen/backup/3d/project/Interactome/232385_Schizonepeta_tenuifolia/05.personal/analysis_3D_model_20240507/03.gif/Root/pngs/fig_041.png
    jobid: 52
    wildcards: sample=Root, batch=041
    resources: tmpdir=/tmp

Submitted job 52 with external jobid 'Submitted batch job 7600542'.

[Wed May  8 10:16:28 2024]
rule png:
    input: /work/frasergen/backup/3d/project/Interactome/232385_Schizonepeta_tenuifolia/05.personal/analysis_3D_model_20240507/03.gif/Root/pmls/gif_181.pml
    output: /work/frasergen/backup/3d/project/Interactome/232385_Schizonepeta_tenuifolia/05.personal/analysis_3D_model_20240507/03.gif/Root/pngs/fig_181.png
    jobid: 66
    wildcards: sample=Root, batch=181
    resources: tmpdir=/tmp

Submitted job 66 with external jobid 'Submitted batch job 7600544'.

[Wed May  8 10:16:28 2024]
rule png:
    input: /work/frasergen/backup/3d/project/Interactome/232385_Schizonepeta_tenuifolia/05.personal/analysis_3D_model_20240507/03.gif/Root/pmls/gif_111.pml
    output: /work/frasergen/backup/3d/project/Interactome/232385_Schizonepeta_tenuifolia/05.personal/analysis_3D_model_20240507/03.gif/Root/pngs/fig_111.png
    jobid: 59
    wildcards: sample=Root, batch=111
    resources: tmpdir=/tmp

Submitted job 59 with external jobid 'Submitted batch job 7600545'.

[Wed May  8 10:16:28 2024]
rule png:
    input: /work/frasergen/backup/3d/project/Interactome/232385_Schizonepeta_tenuifolia/05.personal/analysis_3D_model_20240507/03.gif/Root/pmls/gif_051.pml
    output: /work/frasergen/backup/3d/project/Interactome/232385_Schizonepeta_tenuifolia/05.personal/analysis_3D_model_20240507/03.gif/Root/pngs/fig_051.png
    jobid: 53
    wildcards: sample=Root, batch=051
    resources: tmpdir=/tmp

Submitted job 53 with external jobid 'Submitted batch job 7600546'.

[Wed May  8 10:16:28 2024]
rule png:
    input: /work/frasergen/backup/3d/project/Interactome/232385_Schizonepeta_tenuifolia/05.personal/analysis_3D_model_20240507/03.gif/Root/pmls/gif_191.pml
    output: /work/frasergen/backup/3d/project/Interactome/232385_Schizonepeta_tenuifolia/05.personal/analysis_3D_model_20240507/03.gif/Root/pngs/fig_191.png
    jobid: 67
    wildcards: sample=Root, batch=191
    resources: tmpdir=/tmp

Submitted job 67 with external jobid 'Submitted batch job 7600551'.

[Wed May  8 10:16:29 2024]
rule png:
    input: /work/frasergen/backup/3d/project/Interactome/232385_Schizonepeta_tenuifolia/05.personal/analysis_3D_model_20240507/03.gif/Root/pmls/gif_001.pml
    output: /work/frasergen/backup/3d/project/Interactome/232385_Schizonepeta_tenuifolia/05.personal/analysis_3D_model_20240507/03.gif/Root/pngs/fig_001.png
    jobid: 47
    wildcards: sample=Root, batch=001
    resources: tmpdir=/tmp

Submitted job 47 with external jobid 'Submitted batch job 7600554'.

[Wed May  8 10:16:30 2024]
rule png:
    input: /work/frasergen/backup/3d/project/Interactome/232385_Schizonepeta_tenuifolia/05.personal/analysis_3D_model_20240507/03.gif/Root/pmls/gif_121.pml
    output: /work/frasergen/backup/3d/project/Interactome/232385_Schizonepeta_tenuifolia/05.personal/analysis_3D_model_20240507/03.gif/Root/pngs/fig_121.png
    jobid: 60
    wildcards: sample=Root, batch=121
    resources: tmpdir=/tmp

Submitted job 60 with external jobid 'Submitted batch job 7600556'.

[Wed May  8 10:16:30 2024]
rule png:
    input: /work/frasergen/backup/3d/project/Interactome/232385_Schizonepeta_tenuifolia/05.personal/analysis_3D_model_20240507/03.gif/Root/pmls/gif_131.pml
    output: /work/frasergen/backup/3d/project/Interactome/232385_Schizonepeta_tenuifolia/05.personal/analysis_3D_model_20240507/03.gif/Root/pngs/fig_131.png
    jobid: 61
    wildcards: sample=Root, batch=131
    resources: tmpdir=/tmp

Submitted job 61 with external jobid 'Submitted batch job 7600557'.

[Wed May  8 10:16:30 2024]
rule png:
    input: /work/frasergen/backup/3d/project/Interactome/232385_Schizonepeta_tenuifolia/05.personal/analysis_3D_model_20240507/03.gif/Leaf/pmls/gif_171.pml
    output: /work/frasergen/backup/3d/project/Interactome/232385_Schizonepeta_tenuifolia/05.personal/analysis_3D_model_20240507/03.gif/Leaf/pngs/fig_171.png
    jobid: 39
    wildcards: sample=Leaf, batch=171
    resources: tmpdir=/tmp

Submitted job 39 with external jobid 'Submitted batch job 7600558'.

[Wed May  8 10:16:30 2024]
rule png:
    input: /work/frasergen/backup/3d/project/Interactome/232385_Schizonepeta_tenuifolia/05.personal/analysis_3D_model_20240507/03.gif/Leaf/pmls/gif_181.pml
    output: /work/frasergen/backup/3d/project/Interactome/232385_Schizonepeta_tenuifolia/05.personal/analysis_3D_model_20240507/03.gif/Leaf/pngs/fig_181.png
    jobid: 40
    wildcards: sample=Leaf, batch=181
    resources: tmpdir=/tmp

Submitted job 40 with external jobid 'Submitted batch job 7600559'.

[Wed May  8 10:16:30 2024]
rule png:
    input: /work/frasergen/backup/3d/project/Interactome/232385_Schizonepeta_tenuifolia/05.personal/analysis_3D_model_20240507/03.gif/Leaf/pmls/gif_041.pml
    output: /work/frasergen/backup/3d/project/Interactome/232385_Schizonepeta_tenuifolia/05.personal/analysis_3D_model_20240507/03.gif/Leaf/pngs/fig_041.png
    jobid: 26
    wildcards: sample=Leaf, batch=041
    resources: tmpdir=/tmp

Submitted job 26 with external jobid 'Submitted batch job 7600561'.

[Wed May  8 10:16:32 2024]
rule png:
    input: /work/frasergen/backup/3d/project/Interactome/232385_Schizonepeta_tenuifolia/05.personal/analysis_3D_model_20240507/03.gif/Leaf/pmls/gif_201.pml
    output: /work/frasergen/backup/3d/project/Interactome/232385_Schizonepeta_tenuifolia/05.personal/analysis_3D_model_20240507/03.gif/Leaf/pngs/fig_201.png
    jobid: 42
    wildcards: sample=Leaf, batch=201
    resources: tmpdir=/tmp

Submitted job 42 with external jobid 'Submitted batch job 7600563'.

[Wed May  8 10:16:32 2024]
rule png:
    input: /work/frasergen/backup/3d/project/Interactome/232385_Schizonepeta_tenuifolia/05.personal/analysis_3D_model_20240507/03.gif/Leaf/pmls/gif_061.pml
    output: /work/frasergen/backup/3d/project/Interactome/232385_Schizonepeta_tenuifolia/05.personal/analysis_3D_model_20240507/03.gif/Leaf/pngs/fig_061.png
    jobid: 28
    wildcards: sample=Leaf, batch=061
    resources: tmpdir=/tmp

Submitted job 28 with external jobid 'Submitted batch job 7600566'.

[Wed May  8 10:16:32 2024]
rule png:
    input: /work/frasergen/backup/3d/project/Interactome/232385_Schizonepeta_tenuifolia/05.personal/analysis_3D_model_20240507/03.gif/Leaf/pmls/gif_081.pml
    output: /work/frasergen/backup/3d/project/Interactome/232385_Schizonepeta_tenuifolia/05.personal/analysis_3D_model_20240507/03.gif/Leaf/pngs/fig_081.png
    jobid: 30
    wildcards: sample=Leaf, batch=081
    resources: tmpdir=/tmp

Submitted job 30 with external jobid 'Submitted batch job 7600567'.

[Wed May  8 10:16:32 2024]
rule png:
    input: /work/frasergen/backup/3d/project/Interactome/232385_Schizonepeta_tenuifolia/05.personal/analysis_3D_model_20240507/03.gif/Leaf/pmls/gif_221.pml
    output: /work/frasergen/backup/3d/project/Interactome/232385_Schizonepeta_tenuifolia/05.personal/analysis_3D_model_20240507/03.gif/Leaf/pngs/fig_221.png
    jobid: 44
    wildcards: sample=Leaf, batch=221
    resources: tmpdir=/tmp

Submitted job 44 with external jobid 'Submitted batch job 7600568'.

[Wed May  8 10:16:32 2024]
rule png:
    input: /work/frasergen/backup/3d/project/Interactome/232385_Schizonepeta_tenuifolia/05.personal/analysis_3D_model_20240507/03.gif/Leaf/pmls/gif_101.pml
    output: /work/frasergen/backup/3d/project/Interactome/232385_Schizonepeta_tenuifolia/05.personal/analysis_3D_model_20240507/03.gif/Leaf/pngs/fig_101.png
    jobid: 32
    wildcards: sample=Leaf, batch=101
    resources: tmpdir=/tmp

Submitted job 32 with external jobid 'Submitted batch job 7600570'.

[Wed May  8 10:16:33 2024]
rule png:
    input: /work/frasergen/backup/3d/project/Interactome/232385_Schizonepeta_tenuifolia/05.personal/analysis_3D_model_20240507/03.gif/Leaf/pmls/gif_161.pml
    output: /work/frasergen/backup/3d/project/Interactome/232385_Schizonepeta_tenuifolia/05.personal/analysis_3D_model_20240507/03.gif/Leaf/pngs/fig_161.png
    jobid: 38
    wildcards: sample=Leaf, batch=161
    resources: tmpdir=/tmp

Submitted job 38 with external jobid 'Submitted batch job 7600572'.

[Wed May  8 10:16:34 2024]
rule png:
    input: /work/frasergen/backup/3d/project/Interactome/232385_Schizonepeta_tenuifolia/05.personal/analysis_3D_model_20240507/03.gif/Leaf/pmls/gif_211.pml
    output: /work/frasergen/backup/3d/project/Interactome/232385_Schizonepeta_tenuifolia/05.personal/analysis_3D_model_20240507/03.gif/Leaf/pngs/fig_211.png
    jobid: 43
    wildcards: sample=Leaf, batch=211
    resources: tmpdir=/tmp

Submitted job 43 with external jobid 'Submitted batch job 7600575'.

[Wed May  8 10:16:34 2024]
rule png:
    input: /work/frasergen/backup/3d/project/Interactome/232385_Schizonepeta_tenuifolia/05.personal/analysis_3D_model_20240507/03.gif/Leaf/pmls/gif_051.pml
    output: /work/frasergen/backup/3d/project/Interactome/232385_Schizonepeta_tenuifolia/05.personal/analysis_3D_model_20240507/03.gif/Leaf/pngs/fig_051.png
    jobid: 27
    wildcards: sample=Leaf, batch=051
    resources: tmpdir=/tmp

Submitted job 27 with external jobid 'Submitted batch job 7600576'.

[Wed May  8 10:16:34 2024]
rule png:
    input: /work/frasergen/backup/3d/project/Interactome/232385_Schizonepeta_tenuifolia/05.personal/analysis_3D_model_20240507/03.gif/Leaf/pmls/gif_191.pml
    output: /work/frasergen/backup/3d/project/Interactome/232385_Schizonepeta_tenuifolia/05.personal/analysis_3D_model_20240507/03.gif/Leaf/pngs/fig_191.png
    jobid: 41
    wildcards: sample=Leaf, batch=191
    resources: tmpdir=/tmp

Submitted job 41 with external jobid 'Submitted batch job 7600577'.

[Wed May  8 10:16:34 2024]
rule png:
    input: /work/frasergen/backup/3d/project/Interactome/232385_Schizonepeta_tenuifolia/05.personal/analysis_3D_model_20240507/03.gif/Leaf/pmls/gif_071.pml
    output: /work/frasergen/backup/3d/project/Interactome/232385_Schizonepeta_tenuifolia/05.personal/analysis_3D_model_20240507/03.gif/Leaf/pngs/fig_071.png
    jobid: 29
    wildcards: sample=Leaf, batch=071
    resources: tmpdir=/tmp

Submitted job 29 with external jobid 'Submitted batch job 7600578'.

[Wed May  8 10:16:34 2024]
rule png:
    input: /work/frasergen/backup/3d/project/Interactome/232385_Schizonepeta_tenuifolia/05.personal/analysis_3D_model_20240507/03.gif/Leaf/pmls/gif_091.pml
    output: /work/frasergen/backup/3d/project/Interactome/232385_Schizonepeta_tenuifolia/05.personal/analysis_3D_model_20240507/03.gif/Leaf/pngs/fig_091.png
    jobid: 31
    wildcards: sample=Leaf, batch=091
    resources: tmpdir=/tmp

Submitted job 31 with external jobid 'Submitted batch job 7600579'.

[Wed May  8 10:16:34 2024]
rule png:
    input: /work/frasergen/backup/3d/project/Interactome/232385_Schizonepeta_tenuifolia/05.personal/analysis_3D_model_20240507/03.gif/Leaf/pmls/gif_111.pml
    output: /work/frasergen/backup/3d/project/Interactome/232385_Schizonepeta_tenuifolia/05.personal/analysis_3D_model_20240507/03.gif/Leaf/pngs/fig_111.png
    jobid: 33
    wildcards: sample=Leaf, batch=111
    resources: tmpdir=/tmp

[Wed May  8 10:16:35 2024]
Finished job 18.
8 of 67 steps (12%) done
[Wed May  8 10:16:35 2024]
Finished job 6.
9 of 67 steps (13%) done
[Wed May  8 10:16:35 2024]
Finished job 10.
10 of 67 steps (15%) done
[Wed May  8 10:16:35 2024]
Finished job 15.
11 of 67 steps (16%) done
[Wed May  8 10:16:35 2024]
Finished job 17.
12 of 67 steps (18%) done
[Wed May  8 10:16:35 2024]
Finished job 19.
13 of 67 steps (19%) done
[Wed May  8 10:16:35 2024]
Finished job 7.
14 of 67 steps (21%) done
Submitted job 33 with external jobid 'Submitted batch job 7600580'.

[Wed May  8 10:16:36 2024]
rule png:
    input: /work/frasergen/backup/3d/project/Interactome/232385_Schizonepeta_tenuifolia/05.personal/analysis_3D_model_20240507/03.gif/Leaf/pmls/gif_231.pml
    output: /work/frasergen/backup/3d/project/Interactome/232385_Schizonepeta_tenuifolia/05.personal/analysis_3D_model_20240507/03.gif/Leaf/pngs/fig_231.png
    jobid: 45
    wildcards: sample=Leaf, batch=231
    resources: tmpdir=/tmp

Submitted job 45 with external jobid 'Submitted batch job 7600583'.

[Wed May  8 10:16:36 2024]
rule png:
    input: /work/frasergen/backup/3d/project/Interactome/232385_Schizonepeta_tenuifolia/05.personal/analysis_3D_model_20240507/03.gif/Leaf/pmls/gif_131.pml
    output: /work/frasergen/backup/3d/project/Interactome/232385_Schizonepeta_tenuifolia/05.personal/analysis_3D_model_20240507/03.gif/Leaf/pngs/fig_131.png
    jobid: 35
    wildcards: sample=Leaf, batch=131
    resources: tmpdir=/tmp

Submitted job 35 with external jobid 'Submitted batch job 7600586'.

[Wed May  8 10:16:36 2024]
rule png:
    input: /work/frasergen/backup/3d/project/Interactome/232385_Schizonepeta_tenuifolia/05.personal/analysis_3D_model_20240507/03.gif/Leaf/pmls/gif_151.pml
    output: /work/frasergen/backup/3d/project/Interactome/232385_Schizonepeta_tenuifolia/05.personal/analysis_3D_model_20240507/03.gif/Leaf/pngs/fig_151.png
    jobid: 37
    wildcards: sample=Leaf, batch=151
    resources: tmpdir=/tmp

Submitted job 37 with external jobid 'Submitted batch job 7600587'.

[Wed May  8 10:16:36 2024]
rule png:
    input: /work/frasergen/backup/3d/project/Interactome/232385_Schizonepeta_tenuifolia/05.personal/analysis_3D_model_20240507/03.gif/Leaf/pmls/gif_011.pml
    output: /work/frasergen/backup/3d/project/Interactome/232385_Schizonepeta_tenuifolia/05.personal/analysis_3D_model_20240507/03.gif/Leaf/pngs/fig_011.png
    jobid: 23
    wildcards: sample=Leaf, batch=011
    resources: tmpdir=/tmp

Submitted job 23 with external jobid 'Submitted batch job 7600588'.

[Wed May  8 10:16:37 2024]
rule png:
    input: /work/frasergen/backup/3d/project/Interactome/232385_Schizonepeta_tenuifolia/05.personal/analysis_3D_model_20240507/03.gif/Leaf/pmls/gif_031.pml
    output: /work/frasergen/backup/3d/project/Interactome/232385_Schizonepeta_tenuifolia/05.personal/analysis_3D_model_20240507/03.gif/Leaf/pngs/fig_031.png
    jobid: 25
    wildcards: sample=Leaf, batch=031
    resources: tmpdir=/tmp

Submitted job 25 with external jobid 'Submitted batch job 7600589'.

[Wed May  8 10:16:37 2024]
rule png:
    input: /work/frasergen/backup/3d/project/Interactome/232385_Schizonepeta_tenuifolia/05.personal/analysis_3D_model_20240507/03.gif/Leaf/pmls/gif_121.pml
    output: /work/frasergen/backup/3d/project/Interactome/232385_Schizonepeta_tenuifolia/05.personal/analysis_3D_model_20240507/03.gif/Leaf/pngs/fig_121.png
    jobid: 34
    wildcards: sample=Leaf, batch=121
    resources: tmpdir=/tmp

Submitted job 34 with external jobid 'Submitted batch job 7600591'.

[Wed May  8 10:16:37 2024]
rule png:
    input: /work/frasergen/backup/3d/project/Interactome/232385_Schizonepeta_tenuifolia/05.personal/analysis_3D_model_20240507/03.gif/Leaf/pmls/gif_141.pml
    output: /work/frasergen/backup/3d/project/Interactome/232385_Schizonepeta_tenuifolia/05.personal/analysis_3D_model_20240507/03.gif/Leaf/pngs/fig_141.png
    jobid: 36
    wildcards: sample=Leaf, batch=141
    resources: tmpdir=/tmp

Submitted job 36 with external jobid 'Submitted batch job 7600593'.

[Wed May  8 10:16:37 2024]
rule png:
    input: /work/frasergen/backup/3d/project/Interactome/232385_Schizonepeta_tenuifolia/05.personal/analysis_3D_model_20240507/03.gif/Leaf/pmls/gif_021.pml
    output: /work/frasergen/backup/3d/project/Interactome/232385_Schizonepeta_tenuifolia/05.personal/analysis_3D_model_20240507/03.gif/Leaf/pngs/fig_021.png
    jobid: 24
    wildcards: sample=Leaf, batch=021
    resources: tmpdir=/tmp

Submitted job 24 with external jobid 'Submitted batch job 7600595'.

[Wed May  8 10:16:37 2024]
rule png:
    input: /work/frasergen/backup/3d/project/Interactome/232385_Schizonepeta_tenuifolia/05.personal/analysis_3D_model_20240507/03.gif/Leaf/pmls/gif_001.pml
    output: /work/frasergen/backup/3d/project/Interactome/232385_Schizonepeta_tenuifolia/05.personal/analysis_3D_model_20240507/03.gif/Leaf/pngs/fig_001.png
    jobid: 21
    wildcards: sample=Leaf, batch=001
    resources: tmpdir=/tmp

Submitted job 21 with external jobid 'Submitted batch job 7600596'.
[Wed May  8 10:18:15 2024]
Finished job 54.
15 of 67 steps (22%) done
[Wed May  8 10:18:15 2024]
Finished job 68.
16 of 67 steps (24%) done
[Wed May  8 10:18:15 2024]
Finished job 62.
17 of 67 steps (25%) done
[Wed May  8 10:18:15 2024]
Finished job 55.
18 of 67 steps (27%) done
[Wed May  8 10:18:15 2024]
Finished job 69.
19 of 67 steps (28%) done
[Wed May  8 10:18:15 2024]
Finished job 63.
20 of 67 steps (30%) done
[Wed May  8 10:18:29 2024]
Finished job 49.
21 of 67 steps (31%) done
[Wed May  8 10:18:29 2024]
Finished job 56.
22 of 67 steps (33%) done
[Wed May  8 10:18:29 2024]
Finished job 70.
23 of 67 steps (34%) done
[Wed May  8 10:20:01 2024]
Finished job 50.
24 of 67 steps (36%) done
[Wed May  8 10:20:01 2024]
Finished job 64.
25 of 67 steps (37%) done
[Wed May  8 10:20:01 2024]
Finished job 71.
26 of 67 steps (39%) done
[Wed May  8 10:20:01 2024]
Finished job 57.
27 of 67 steps (40%) done
[Wed May  8 10:20:01 2024]
Finished job 51.
28 of 67 steps (42%) done
[Wed May  8 10:20:02 2024]
Finished job 65.
29 of 67 steps (43%) done
[Wed May  8 10:20:02 2024]
Finished job 58.
30 of 67 steps (45%) done
[Wed May  8 10:20:15 2024]
Finished job 52.
31 of 67 steps (46%) done
[Wed May  8 10:20:15 2024]
Finished job 66.
32 of 67 steps (48%) done
[Wed May  8 10:21:33 2024]
Finished job 59.
33 of 67 steps (49%) done
[Wed May  8 10:21:33 2024]
Finished job 47.
34 of 67 steps (51%) done
[Wed May  8 10:21:46 2024]
Finished job 53.
35 of 67 steps (52%) done
[Wed May  8 10:21:46 2024]
Finished job 67.
36 of 67 steps (54%) done
[Wed May  8 10:21:46 2024]
Finished job 60.
37 of 67 steps (55%) done
[Wed May  8 10:21:47 2024]
Finished job 61.
38 of 67 steps (57%) done

[Wed May  8 10:21:47 2024]
rule mp4:
    input: /work/frasergen/backup/3d/project/Interactome/232385_Schizonepeta_tenuifolia/05.personal/analysis_3D_model_20240507/03.gif/Root/pngs/fig_001.png, /work/frasergen/backup/3d/project/Interactome/232385_Schizonepeta_tenuifolia/05.personal/analysis_3D_model_20240507/03.gif/Root/pngs/fig_011.png, /work/frasergen/backup/3d/project/Interactome/232385_Schizonepeta_tenuifolia/05.personal/analysis_3D_model_20240507/03.gif/Root/pngs/fig_021.png, /work/frasergen/backup/3d/project/Interactome/232385_Schizonepeta_tenuifolia/05.personal/analysis_3D_model_20240507/03.gif/Root/pngs/fig_031.png, /work/frasergen/backup/3d/project/Interactome/232385_Schizonepeta_tenuifolia/05.personal/analysis_3D_model_20240507/03.gif/Root/pngs/fig_041.png, /work/frasergen/backup/3d/project/Interactome/232385_Schizonepeta_tenuifolia/05.personal/analysis_3D_model_20240507/03.gif/Root/pngs/fig_051.png, /work/frasergen/backup/3d/project/Interactome/232385_Schizonepeta_tenuifolia/05.personal/analysis_3D_model_20240507/03.gif/Root/pngs/fig_061.png, /work/frasergen/backup/3d/project/Interactome/232385_Schizonepeta_tenuifolia/05.personal/analysis_3D_model_20240507/03.gif/Root/pngs/fig_071.png, /work/frasergen/backup/3d/project/Interactome/232385_Schizonepeta_tenuifolia/05.personal/analysis_3D_model_20240507/03.gif/Root/pngs/fig_081.png, /work/frasergen/backup/3d/project/Interactome/232385_Schizonepeta_tenuifolia/05.personal/analysis_3D_model_20240507/03.gif/Root/pngs/fig_091.png, /work/frasergen/backup/3d/project/Interactome/232385_Schizonepeta_tenuifolia/05.personal/analysis_3D_model_20240507/03.gif/Root/pngs/fig_101.png, /work/frasergen/backup/3d/project/Interactome/232385_Schizonepeta_tenuifolia/05.personal/analysis_3D_model_20240507/03.gif/Root/pngs/fig_111.png, /work/frasergen/backup/3d/project/Interactome/232385_Schizonepeta_tenuifolia/05.personal/analysis_3D_model_20240507/03.gif/Root/pngs/fig_121.png, /work/frasergen/backup/3d/project/Interactome/232385_Schizonepeta_tenuifolia/05.personal/analysis_3D_model_20240507/03.gif/Root/pngs/fig_131.png, /work/frasergen/backup/3d/project/Interactome/232385_Schizonepeta_tenuifolia/05.personal/analysis_3D_model_20240507/03.gif/Root/pngs/fig_141.png, /work/frasergen/backup/3d/project/Interactome/232385_Schizonepeta_tenuifolia/05.personal/analysis_3D_model_20240507/03.gif/Root/pngs/fig_151.png, /work/frasergen/backup/3d/project/Interactome/232385_Schizonepeta_tenuifolia/05.personal/analysis_3D_model_20240507/03.gif/Root/pngs/fig_161.png, /work/frasergen/backup/3d/project/Interactome/232385_Schizonepeta_tenuifolia/05.personal/analysis_3D_model_20240507/03.gif/Root/pngs/fig_171.png, /work/frasergen/backup/3d/project/Interactome/232385_Schizonepeta_tenuifolia/05.personal/analysis_3D_model_20240507/03.gif/Root/pngs/fig_181.png, /work/frasergen/backup/3d/project/Interactome/232385_Schizonepeta_tenuifolia/05.personal/analysis_3D_model_20240507/03.gif/Root/pngs/fig_191.png, /work/frasergen/backup/3d/project/Interactome/232385_Schizonepeta_tenuifolia/05.personal/analysis_3D_model_20240507/03.gif/Root/pngs/fig_201.png, /work/frasergen/backup/3d/project/Interactome/232385_Schizonepeta_tenuifolia/05.personal/analysis_3D_model_20240507/03.gif/Root/pngs/fig_211.png, /work/frasergen/backup/3d/project/Interactome/232385_Schizonepeta_tenuifolia/05.personal/analysis_3D_model_20240507/03.gif/Root/pngs/fig_221.png, /work/frasergen/backup/3d/project/Interactome/232385_Schizonepeta_tenuifolia/05.personal/analysis_3D_model_20240507/03.gif/Root/pngs/fig_231.png
    output: /work/frasergen/backup/3d/project/Interactome/232385_Schizonepeta_tenuifolia/05.personal/analysis_3D_model_20240507/03.gif/Root/Root.mp4
    jobid: 73
    wildcards: sample=Root
    resources: tmpdir=/tmp

Submitted job 73 with external jobid 'Submitted batch job 7601219'.

[Wed May  8 10:21:47 2024]
rule gif:
    input: /work/frasergen/backup/3d/project/Interactome/232385_Schizonepeta_tenuifolia/05.personal/analysis_3D_model_20240507/03.gif/Root/pngs/fig_001.png, /work/frasergen/backup/3d/project/Interactome/232385_Schizonepeta_tenuifolia/05.personal/analysis_3D_model_20240507/03.gif/Root/pngs/fig_011.png, /work/frasergen/backup/3d/project/Interactome/232385_Schizonepeta_tenuifolia/05.personal/analysis_3D_model_20240507/03.gif/Root/pngs/fig_021.png, /work/frasergen/backup/3d/project/Interactome/232385_Schizonepeta_tenuifolia/05.personal/analysis_3D_model_20240507/03.gif/Root/pngs/fig_031.png, /work/frasergen/backup/3d/project/Interactome/232385_Schizonepeta_tenuifolia/05.personal/analysis_3D_model_20240507/03.gif/Root/pngs/fig_041.png, /work/frasergen/backup/3d/project/Interactome/232385_Schizonepeta_tenuifolia/05.personal/analysis_3D_model_20240507/03.gif/Root/pngs/fig_051.png, /work/frasergen/backup/3d/project/Interactome/232385_Schizonepeta_tenuifolia/05.personal/analysis_3D_model_20240507/03.gif/Root/pngs/fig_061.png, /work/frasergen/backup/3d/project/Interactome/232385_Schizonepeta_tenuifolia/05.personal/analysis_3D_model_20240507/03.gif/Root/pngs/fig_071.png, /work/frasergen/backup/3d/project/Interactome/232385_Schizonepeta_tenuifolia/05.personal/analysis_3D_model_20240507/03.gif/Root/pngs/fig_081.png, /work/frasergen/backup/3d/project/Interactome/232385_Schizonepeta_tenuifolia/05.personal/analysis_3D_model_20240507/03.gif/Root/pngs/fig_091.png, /work/frasergen/backup/3d/project/Interactome/232385_Schizonepeta_tenuifolia/05.personal/analysis_3D_model_20240507/03.gif/Root/pngs/fig_101.png, /work/frasergen/backup/3d/project/Interactome/232385_Schizonepeta_tenuifolia/05.personal/analysis_3D_model_20240507/03.gif/Root/pngs/fig_111.png, /work/frasergen/backup/3d/project/Interactome/232385_Schizonepeta_tenuifolia/05.personal/analysis_3D_model_20240507/03.gif/Root/pngs/fig_121.png, /work/frasergen/backup/3d/project/Interactome/232385_Schizonepeta_tenuifolia/05.personal/analysis_3D_model_20240507/03.gif/Root/pngs/fig_131.png, /work/frasergen/backup/3d/project/Interactome/232385_Schizonepeta_tenuifolia/05.personal/analysis_3D_model_20240507/03.gif/Root/pngs/fig_141.png, /work/frasergen/backup/3d/project/Interactome/232385_Schizonepeta_tenuifolia/05.personal/analysis_3D_model_20240507/03.gif/Root/pngs/fig_151.png, /work/frasergen/backup/3d/project/Interactome/232385_Schizonepeta_tenuifolia/05.personal/analysis_3D_model_20240507/03.gif/Root/pngs/fig_161.png, /work/frasergen/backup/3d/project/Interactome/232385_Schizonepeta_tenuifolia/05.personal/analysis_3D_model_20240507/03.gif/Root/pngs/fig_171.png, /work/frasergen/backup/3d/project/Interactome/232385_Schizonepeta_tenuifolia/05.personal/analysis_3D_model_20240507/03.gif/Root/pngs/fig_181.png, /work/frasergen/backup/3d/project/Interactome/232385_Schizonepeta_tenuifolia/05.personal/analysis_3D_model_20240507/03.gif/Root/pngs/fig_191.png, /work/frasergen/backup/3d/project/Interactome/232385_Schizonepeta_tenuifolia/05.personal/analysis_3D_model_20240507/03.gif/Root/pngs/fig_201.png, /work/frasergen/backup/3d/project/Interactome/232385_Schizonepeta_tenuifolia/05.personal/analysis_3D_model_20240507/03.gif/Root/pngs/fig_211.png, /work/frasergen/backup/3d/project/Interactome/232385_Schizonepeta_tenuifolia/05.personal/analysis_3D_model_20240507/03.gif/Root/pngs/fig_221.png, /work/frasergen/backup/3d/project/Interactome/232385_Schizonepeta_tenuifolia/05.personal/analysis_3D_model_20240507/03.gif/Root/pngs/fig_231.png
    output: /work/frasergen/backup/3d/project/Interactome/232385_Schizonepeta_tenuifolia/05.personal/analysis_3D_model_20240507/03.gif/Root/Root.gif
    jobid: 46
    wildcards: sample=Root
    resources: tmpdir=/tmp

Submitted job 46 with external jobid 'Submitted batch job 7601220'.
[Wed May  8 10:21:59 2024]
Finished job 39.
39 of 67 steps (58%) done
[Wed May  8 10:21:59 2024]
Finished job 40.
40 of 67 steps (60%) done
[Wed May  8 10:21:59 2024]
Finished job 26.
41 of 67 steps (61%) done
[Wed May  8 10:22:23 2024]
Finished job 42.
42 of 67 steps (63%) done
[Wed May  8 10:22:34 2024]
Finished job 73.
43 of 67 steps (64%) done
[Wed May  8 10:22:46 2024]
Finished job 46.
44 of 67 steps (66%) done
[Wed May  8 10:23:11 2024]
Finished job 44.
45 of 67 steps (67%) done
[Wed May  8 10:23:23 2024]
Finished job 28.
46 of 67 steps (69%) done
[Wed May  8 10:23:23 2024]
Finished job 30.
47 of 67 steps (70%) done
[Wed May  8 10:23:23 2024]
Finished job 32.
48 of 67 steps (72%) done
[Wed May  8 10:23:23 2024]
Finished job 43.
49 of 67 steps (73%) done
[Wed May  8 10:23:34 2024]
Finished job 38.
50 of 67 steps (75%) done
[Wed May  8 10:23:44 2024]
Finished job 33.
51 of 67 steps (76%) done
[Wed May  8 10:23:44 2024]
Finished job 45.
52 of 67 steps (78%) done
[Wed May  8 10:23:45 2024]
Finished job 35.
53 of 67 steps (79%) done
[Wed May  8 10:23:45 2024]
Finished job 23.
54 of 67 steps (81%) done
[Wed May  8 10:23:45 2024]
Finished job 34.
55 of 67 steps (82%) done
[Wed May  8 10:23:45 2024]
Finished job 36.
56 of 67 steps (84%) done
[Wed May  8 10:23:45 2024]
Finished job 21.
57 of 67 steps (85%) done
[Wed May  8 10:23:45 2024]
Finished job 27.
58 of 67 steps (87%) done
[Wed May  8 10:23:46 2024]
Finished job 31.
59 of 67 steps (88%) done
[Wed May  8 10:23:56 2024]
Finished job 37.
60 of 67 steps (90%) done
[Wed May  8 10:23:56 2024]
Finished job 24.
61 of 67 steps (91%) done
[Wed May  8 10:23:56 2024]
Finished job 41.
62 of 67 steps (93%) done
[Wed May  8 10:23:56 2024]
Finished job 29.
63 of 67 steps (94%) done
[Wed May  8 10:24:06 2024]
Finished job 25.
64 of 67 steps (96%) done

[Wed May  8 10:24:06 2024]
rule mp4:
    input: /work/frasergen/backup/3d/project/Interactome/232385_Schizonepeta_tenuifolia/05.personal/analysis_3D_model_20240507/03.gif/Leaf/pngs/fig_001.png, /work/frasergen/backup/3d/project/Interactome/232385_Schizonepeta_tenuifolia/05.personal/analysis_3D_model_20240507/03.gif/Leaf/pngs/fig_011.png, /work/frasergen/backup/3d/project/Interactome/232385_Schizonepeta_tenuifolia/05.personal/analysis_3D_model_20240507/03.gif/Leaf/pngs/fig_021.png, /work/frasergen/backup/3d/project/Interactome/232385_Schizonepeta_tenuifolia/05.personal/analysis_3D_model_20240507/03.gif/Leaf/pngs/fig_031.png, /work/frasergen/backup/3d/project/Interactome/232385_Schizonepeta_tenuifolia/05.personal/analysis_3D_model_20240507/03.gif/Leaf/pngs/fig_041.png, /work/frasergen/backup/3d/project/Interactome/232385_Schizonepeta_tenuifolia/05.personal/analysis_3D_model_20240507/03.gif/Leaf/pngs/fig_051.png, /work/frasergen/backup/3d/project/Interactome/232385_Schizonepeta_tenuifolia/05.personal/analysis_3D_model_20240507/03.gif/Leaf/pngs/fig_061.png, /work/frasergen/backup/3d/project/Interactome/232385_Schizonepeta_tenuifolia/05.personal/analysis_3D_model_20240507/03.gif/Leaf/pngs/fig_071.png, /work/frasergen/backup/3d/project/Interactome/232385_Schizonepeta_tenuifolia/05.personal/analysis_3D_model_20240507/03.gif/Leaf/pngs/fig_081.png, /work/frasergen/backup/3d/project/Interactome/232385_Schizonepeta_tenuifolia/05.personal/analysis_3D_model_20240507/03.gif/Leaf/pngs/fig_091.png, /work/frasergen/backup/3d/project/Interactome/232385_Schizonepeta_tenuifolia/05.personal/analysis_3D_model_20240507/03.gif/Leaf/pngs/fig_101.png, /work/frasergen/backup/3d/project/Interactome/232385_Schizonepeta_tenuifolia/05.personal/analysis_3D_model_20240507/03.gif/Leaf/pngs/fig_111.png, /work/frasergen/backup/3d/project/Interactome/232385_Schizonepeta_tenuifolia/05.personal/analysis_3D_model_20240507/03.gif/Leaf/pngs/fig_121.png, /work/frasergen/backup/3d/project/Interactome/232385_Schizonepeta_tenuifolia/05.personal/analysis_3D_model_20240507/03.gif/Leaf/pngs/fig_131.png, /work/frasergen/backup/3d/project/Interactome/232385_Schizonepeta_tenuifolia/05.personal/analysis_3D_model_20240507/03.gif/Leaf/pngs/fig_141.png, /work/frasergen/backup/3d/project/Interactome/232385_Schizonepeta_tenuifolia/05.personal/analysis_3D_model_20240507/03.gif/Leaf/pngs/fig_151.png, /work/frasergen/backup/3d/project/Interactome/232385_Schizonepeta_tenuifolia/05.personal/analysis_3D_model_20240507/03.gif/Leaf/pngs/fig_161.png, /work/frasergen/backup/3d/project/Interactome/232385_Schizonepeta_tenuifolia/05.personal/analysis_3D_model_20240507/03.gif/Leaf/pngs/fig_171.png, /work/frasergen/backup/3d/project/Interactome/232385_Schizonepeta_tenuifolia/05.personal/analysis_3D_model_20240507/03.gif/Leaf/pngs/fig_181.png, /work/frasergen/backup/3d/project/Interactome/232385_Schizonepeta_tenuifolia/05.personal/analysis_3D_model_20240507/03.gif/Leaf/pngs/fig_191.png, /work/frasergen/backup/3d/project/Interactome/232385_Schizonepeta_tenuifolia/05.personal/analysis_3D_model_20240507/03.gif/Leaf/pngs/fig_201.png, /work/frasergen/backup/3d/project/Interactome/232385_Schizonepeta_tenuifolia/05.personal/analysis_3D_model_20240507/03.gif/Leaf/pngs/fig_211.png, /work/frasergen/backup/3d/project/Interactome/232385_Schizonepeta_tenuifolia/05.personal/analysis_3D_model_20240507/03.gif/Leaf/pngs/fig_221.png, /work/frasergen/backup/3d/project/Interactome/232385_Schizonepeta_tenuifolia/05.personal/analysis_3D_model_20240507/03.gif/Leaf/pngs/fig_231.png
    output: /work/frasergen/backup/3d/project/Interactome/232385_Schizonepeta_tenuifolia/05.personal/analysis_3D_model_20240507/03.gif/Leaf/Leaf.mp4
    jobid: 72
    wildcards: sample=Leaf
    resources: tmpdir=/tmp

Submitted job 72 with external jobid 'Submitted batch job 7601521'.

[Wed May  8 10:24:06 2024]
rule gif:
    input: /work/frasergen/backup/3d/project/Interactome/232385_Schizonepeta_tenuifolia/05.personal/analysis_3D_model_20240507/03.gif/Leaf/pngs/fig_001.png, /work/frasergen/backup/3d/project/Interactome/232385_Schizonepeta_tenuifolia/05.personal/analysis_3D_model_20240507/03.gif/Leaf/pngs/fig_011.png, /work/frasergen/backup/3d/project/Interactome/232385_Schizonepeta_tenuifolia/05.personal/analysis_3D_model_20240507/03.gif/Leaf/pngs/fig_021.png, /work/frasergen/backup/3d/project/Interactome/232385_Schizonepeta_tenuifolia/05.personal/analysis_3D_model_20240507/03.gif/Leaf/pngs/fig_031.png, /work/frasergen/backup/3d/project/Interactome/232385_Schizonepeta_tenuifolia/05.personal/analysis_3D_model_20240507/03.gif/Leaf/pngs/fig_041.png, /work/frasergen/backup/3d/project/Interactome/232385_Schizonepeta_tenuifolia/05.personal/analysis_3D_model_20240507/03.gif/Leaf/pngs/fig_051.png, /work/frasergen/backup/3d/project/Interactome/232385_Schizonepeta_tenuifolia/05.personal/analysis_3D_model_20240507/03.gif/Leaf/pngs/fig_061.png, /work/frasergen/backup/3d/project/Interactome/232385_Schizonepeta_tenuifolia/05.personal/analysis_3D_model_20240507/03.gif/Leaf/pngs/fig_071.png, /work/frasergen/backup/3d/project/Interactome/232385_Schizonepeta_tenuifolia/05.personal/analysis_3D_model_20240507/03.gif/Leaf/pngs/fig_081.png, /work/frasergen/backup/3d/project/Interactome/232385_Schizonepeta_tenuifolia/05.personal/analysis_3D_model_20240507/03.gif/Leaf/pngs/fig_091.png, /work/frasergen/backup/3d/project/Interactome/232385_Schizonepeta_tenuifolia/05.personal/analysis_3D_model_20240507/03.gif/Leaf/pngs/fig_101.png, /work/frasergen/backup/3d/project/Interactome/232385_Schizonepeta_tenuifolia/05.personal/analysis_3D_model_20240507/03.gif/Leaf/pngs/fig_111.png, /work/frasergen/backup/3d/project/Interactome/232385_Schizonepeta_tenuifolia/05.personal/analysis_3D_model_20240507/03.gif/Leaf/pngs/fig_121.png, /work/frasergen/backup/3d/project/Interactome/232385_Schizonepeta_tenuifolia/05.personal/analysis_3D_model_20240507/03.gif/Leaf/pngs/fig_131.png, /work/frasergen/backup/3d/project/Interactome/232385_Schizonepeta_tenuifolia/05.personal/analysis_3D_model_20240507/03.gif/Leaf/pngs/fig_141.png, /work/frasergen/backup/3d/project/Interactome/232385_Schizonepeta_tenuifolia/05.personal/analysis_3D_model_20240507/03.gif/Leaf/pngs/fig_151.png, /work/frasergen/backup/3d/project/Interactome/232385_Schizonepeta_tenuifolia/05.personal/analysis_3D_model_20240507/03.gif/Leaf/pngs/fig_161.png, /work/frasergen/backup/3d/project/Interactome/232385_Schizonepeta_tenuifolia/05.personal/analysis_3D_model_20240507/03.gif/Leaf/pngs/fig_171.png, /work/frasergen/backup/3d/project/Interactome/232385_Schizonepeta_tenuifolia/05.personal/analysis_3D_model_20240507/03.gif/Leaf/pngs/fig_181.png, /work/frasergen/backup/3d/project/Interactome/232385_Schizonepeta_tenuifolia/05.personal/analysis_3D_model_20240507/03.gif/Leaf/pngs/fig_191.png, /work/frasergen/backup/3d/project/Interactome/232385_Schizonepeta_tenuifolia/05.personal/analysis_3D_model_20240507/03.gif/Leaf/pngs/fig_201.png, /work/frasergen/backup/3d/project/Interactome/232385_Schizonepeta_tenuifolia/05.personal/analysis_3D_model_20240507/03.gif/Leaf/pngs/fig_211.png, /work/frasergen/backup/3d/project/Interactome/232385_Schizonepeta_tenuifolia/05.personal/analysis_3D_model_20240507/03.gif/Leaf/pngs/fig_221.png, /work/frasergen/backup/3d/project/Interactome/232385_Schizonepeta_tenuifolia/05.personal/analysis_3D_model_20240507/03.gif/Leaf/pngs/fig_231.png
    output: /work/frasergen/backup/3d/project/Interactome/232385_Schizonepeta_tenuifolia/05.personal/analysis_3D_model_20240507/03.gif/Leaf/Leaf.gif
    jobid: 20
    wildcards: sample=Leaf
    resources: tmpdir=/tmp

Submitted job 20 with external jobid 'Submitted batch job 7601522'.
[Wed May  8 10:24:56 2024]
Finished job 72.
65 of 67 steps (97%) done
[Wed May  8 10:24:56 2024]
Finished job 20.
66 of 67 steps (99%) done

[Wed May  8 10:24:56 2024]
localrule all:
    input: /work/frasergen/backup/3d/project/Interactome/232385_Schizonepeta_tenuifolia/05.personal/analysis_3D_model_20240507/03.gif/Leaf/chrs/chr1/chr1.pml, /work/frasergen/backup/3d/project/Interactome/232385_Schizonepeta_tenuifolia/05.personal/analysis_3D_model_20240507/03.gif/Leaf/chrs/chr2/chr2.pml, /work/frasergen/backup/3d/project/Interactome/232385_Schizonepeta_tenuifolia/05.personal/analysis_3D_model_20240507/03.gif/Leaf/chrs/chr3/chr3.pml, /work/frasergen/backup/3d/project/Interactome/232385_Schizonepeta_tenuifolia/05.personal/analysis_3D_model_20240507/03.gif/Leaf/chrs/chr4/chr4.pml, /work/frasergen/backup/3d/project/Interactome/232385_Schizonepeta_tenuifolia/05.personal/analysis_3D_model_20240507/03.gif/Leaf/chrs/chr5/chr5.pml, /work/frasergen/backup/3d/project/Interactome/232385_Schizonepeta_tenuifolia/05.personal/analysis_3D_model_20240507/03.gif/Leaf/chrs/chr6/chr6.pml, /work/frasergen/backup/3d/project/Interactome/232385_Schizonepeta_tenuifolia/05.personal/analysis_3D_model_20240507/03.gif/Root/chrs/chr1/chr1.pml, /work/frasergen/backup/3d/project/Interactome/232385_Schizonepeta_tenuifolia/05.personal/analysis_3D_model_20240507/03.gif/Root/chrs/chr2/chr2.pml, /work/frasergen/backup/3d/project/Interactome/232385_Schizonepeta_tenuifolia/05.personal/analysis_3D_model_20240507/03.gif/Root/chrs/chr3/chr3.pml, /work/frasergen/backup/3d/project/Interactome/232385_Schizonepeta_tenuifolia/05.personal/analysis_3D_model_20240507/03.gif/Root/chrs/chr4/chr4.pml, /work/frasergen/backup/3d/project/Interactome/232385_Schizonepeta_tenuifolia/05.personal/analysis_3D_model_20240507/03.gif/Root/chrs/chr5/chr5.pml, /work/frasergen/backup/3d/project/Interactome/232385_Schizonepeta_tenuifolia/05.personal/analysis_3D_model_20240507/03.gif/Root/chrs/chr6/chr6.pml, /work/frasergen/backup/3d/project/Interactome/232385_Schizonepeta_tenuifolia/05.personal/analysis_3D_model_20240507/03.gif/Leaf/Leaf.gif, /work/frasergen/backup/3d/project/Interactome/232385_Schizonepeta_tenuifolia/05.personal/analysis_3D_model_20240507/03.gif/Root/Root.gif, /work/frasergen/backup/3d/project/Interactome/232385_Schizonepeta_tenuifolia/05.personal/analysis_3D_model_20240507/03.gif/Leaf/Leaf.mp4, /work/frasergen/backup/3d/project/Interactome/232385_Schizonepeta_tenuifolia/05.personal/analysis_3D_model_20240507/03.gif/Root/Root.mp4
    jobid: 0
    resources: tmpdir=/tmp

[Wed May  8 10:24:56 2024]
Finished job 0.
67 of 67 steps (100%) done
Complete log: /work/frasergen/3D/work/shaojie/script/HiC/3d_model/.snakemake/log/2024-05-08T101542.216744.snakemake.log
