Building DAG of jobs...
Using shell: /usr/bin/bash
Provided cores: 10
Rules claiming more threads will be scaled down.
Job stats:
job         count    min threads    max threads
--------  -------  -------------  -------------
all             1              1              1
make_gif        2              1              1
make_pml        2              1              1
pastis          2              1              1
total           7              1              1


[Fri Feb  2 10:16:00 2024]
rule pastis:
    input: /work/frasergen/3D/work/shaojie/script/HiC/3d_model/221425_apple/01.matrix_fill/xu/work.sh
    output: /work/frasergen/3D/work/shaojie/script/HiC/3d_model/221425_apple/02.3d_model/xu/MDS.apple_GD.fa.fai-100000.pdb
    jobid: 3
    wildcards: sample=xu
    resources: tmpdir=/tmp

[Fri Feb  2 10:16:00 2024]
rule pastis:
    input: /work/frasergen/3D/work/shaojie/script/HiC/3d_model/221425_apple/01.matrix_fill/wsk/work.sh
    output: /work/frasergen/3D/work/shaojie/script/HiC/3d_model/221425_apple/02.3d_model/wsk/MDS.apple_GD.fa.fai-100000.pdb
    jobid: 4
    wildcards: sample=wsk
    resources: tmpdir=/tmp

Shutting down, this might take some time.
Exiting because a job execution failed. Look above for error message
Complete log: /work/frasergen/3D/work/shaojie/script/HiC/3d_model/.snakemake/log/2024-02-02T101556.641876.snakemake.log
