Building DAG of jobs...
Using shell: /usr/bin/bash
Provided cluster nodes: 24
Job stats:
job         count    min threads    max threads
--------  -------  -------------  -------------
merge_x         1              1              1
rotate_x       54              1              1
total          55              1              1

Select jobs to execute...

[Wed May 15 11:00:47 2024]
rule rotate_x:
    input: /work/frasergen/3D/work/shaojie/script/HiC/3d_model/231402_rice_20240510/02.3d_model/H-Salt-076/H-Salt-076.pml
    output: /work/frasergen/3D/work/shaojie/script/HiC/3d_model/231402_rice_20240510/02.3d_model/H-Salt-076/rotate_x/rotate_x_002.png
    jobid: 141
    wildcards: sample=H-Salt-076, batch1=002
    resources: mem_mb=1000, disk_mb=1000, tmpdir=/tmp

Submitted job 141 with external jobid 'Submitted batch job 7727998'.

[Wed May 15 11:00:48 2024]
rule rotate_x:
    input: /work/frasergen/3D/work/shaojie/script/HiC/3d_model/231402_rice_20240510/02.3d_model/H-Salt-599/H-Salt-599.pml
    output: /work/frasergen/3D/work/shaojie/script/HiC/3d_model/231402_rice_20240510/02.3d_model/H-Salt-599/rotate_x/rotate_x_007.png
    jobid: 155
    wildcards: sample=H-Salt-599, batch1=007
    resources: mem_mb=1000, disk_mb=1000, tmpdir=/tmp

Submitted job 155 with external jobid 'Submitted batch job 7727999'.

[Wed May 15 11:00:48 2024]
rule rotate_x:
    input: /work/frasergen/3D/work/shaojie/script/HiC/3d_model/231402_rice_20240510/02.3d_model/H-Salt-599/H-Salt-599.pml
    output: /work/frasergen/3D/work/shaojie/script/HiC/3d_model/231402_rice_20240510/02.3d_model/H-Salt-599/rotate_x/rotate_x_000.png
    jobid: 148
    wildcards: sample=H-Salt-599, batch1=000
    resources: mem_mb=1000, disk_mb=1000, tmpdir=/tmp

Submitted job 148 with external jobid 'Submitted batch job 7728001'.

[Wed May 15 11:00:48 2024]
rule rotate_x:
    input: /work/frasergen/3D/work/shaojie/script/HiC/3d_model/231402_rice_20240510/02.3d_model/H-Salt-F1/H-Salt-F1.pml
    output: /work/frasergen/3D/work/shaojie/script/HiC/3d_model/231402_rice_20240510/02.3d_model/H-Salt-F1/rotate_x/rotate_x_005.png
    jobid: 162
    wildcards: sample=H-Salt-F1, batch1=005
    resources: mem_mb=1000, disk_mb=1000, tmpdir=/tmp

Submitted job 162 with external jobid 'Submitted batch job 7728002'.

[Wed May 15 11:00:48 2024]
rule rotate_x:
    input: /work/frasergen/3D/work/shaojie/script/HiC/3d_model/231402_rice_20240510/02.3d_model/H-Salt-076/H-Salt-076.pml
    output: /work/frasergen/3D/work/shaojie/script/HiC/3d_model/231402_rice_20240510/02.3d_model/H-Salt-076/rotate_x/rotate_x_003.png
    jobid: 142
    wildcards: sample=H-Salt-076, batch1=003
    resources: mem_mb=1000, disk_mb=1000, tmpdir=/tmp

Submitted job 142 with external jobid 'Submitted batch job 7728003'.

[Wed May 15 11:00:49 2024]
rule rotate_x:
    input: /work/frasergen/3D/work/shaojie/script/HiC/3d_model/231402_rice_20240510/02.3d_model/H-Salt-599/H-Salt-599.pml
    output: /work/frasergen/3D/work/shaojie/script/HiC/3d_model/231402_rice_20240510/02.3d_model/H-Salt-599/rotate_x/rotate_x_008.png
    jobid: 156
    wildcards: sample=H-Salt-599, batch1=008
    resources: mem_mb=1000, disk_mb=1000, tmpdir=/tmp

Submitted job 156 with external jobid 'Submitted batch job 7728004'.

[Wed May 15 11:00:49 2024]
rule rotate_x:
    input: /work/frasergen/3D/work/shaojie/script/HiC/3d_model/231402_rice_20240510/02.3d_model/H-Salt-599/H-Salt-599.pml
    output: /work/frasergen/3D/work/shaojie/script/HiC/3d_model/231402_rice_20240510/02.3d_model/H-Salt-599/rotate_x/rotate_x_001.png
    jobid: 149
    wildcards: sample=H-Salt-599, batch1=001
    resources: mem_mb=1000, disk_mb=1000, tmpdir=/tmp

Submitted job 149 with external jobid 'Submitted batch job 7728005'.

[Wed May 15 11:00:49 2024]
rule rotate_x:
    input: /work/frasergen/3D/work/shaojie/script/HiC/3d_model/231402_rice_20240510/02.3d_model/H-Salt-F1/H-Salt-F1.pml
    output: /work/frasergen/3D/work/shaojie/script/HiC/3d_model/231402_rice_20240510/02.3d_model/H-Salt-F1/rotate_x/rotate_x_006.png
    jobid: 163
    wildcards: sample=H-Salt-F1, batch1=006
    resources: mem_mb=1000, disk_mb=1000, tmpdir=/tmp

Submitted job 163 with external jobid 'Submitted batch job 7728007'.

[Wed May 15 11:00:49 2024]
rule rotate_x:
    input: /work/frasergen/3D/work/shaojie/script/HiC/3d_model/231402_rice_20240510/02.3d_model/H-Salt-076/H-Salt-076.pml
    output: /work/frasergen/3D/work/shaojie/script/HiC/3d_model/231402_rice_20240510/02.3d_model/H-Salt-076/rotate_x/rotate_x_004.png
    jobid: 143
    wildcards: sample=H-Salt-076, batch1=004
    resources: mem_mb=1000, disk_mb=1000, tmpdir=/tmp

Submitted job 143 with external jobid 'Submitted batch job 7728008'.

[Wed May 15 11:00:49 2024]
rule rotate_x:
    input: /work/frasergen/3D/work/shaojie/script/HiC/3d_model/231402_rice_20240510/02.3d_model/H-Salt-F1/H-Salt-F1.pml
    output: /work/frasergen/3D/work/shaojie/script/HiC/3d_model/231402_rice_20240510/02.3d_model/H-Salt-F1/rotate_x/rotate_x_000.png
    jobid: 157
    wildcards: sample=H-Salt-F1, batch1=000
    resources: mem_mb=1000, disk_mb=1000, tmpdir=/tmp

Submitted job 157 with external jobid 'Submitted batch job 7728009'.

[Wed May 15 11:00:50 2024]
rule rotate_x:
    input: /work/frasergen/3D/work/shaojie/script/HiC/3d_model/231402_rice_20240510/02.3d_model/H-Salt-F1/H-Salt-F1.pml
    output: /work/frasergen/3D/work/shaojie/script/HiC/3d_model/231402_rice_20240510/02.3d_model/H-Salt-F1/rotate_x/rotate_x_007.png
    jobid: 164
    wildcards: sample=H-Salt-F1, batch1=007
    resources: mem_mb=1000, disk_mb=1000, tmpdir=/tmp

Submitted job 164 with external jobid 'Submitted batch job 7728010'.

[Wed May 15 11:00:50 2024]
rule rotate_x:
    input: /work/frasergen/3D/work/shaojie/script/HiC/3d_model/231402_rice_20240510/02.3d_model/H-Salt-599/H-Salt-599.pml
    output: /work/frasergen/3D/work/shaojie/script/HiC/3d_model/231402_rice_20240510/02.3d_model/H-Salt-599/rotate_x/rotate_x_002.png
    jobid: 150
    wildcards: sample=H-Salt-599, batch1=002
    resources: mem_mb=1000, disk_mb=1000, tmpdir=/tmp

Submitted job 150 with external jobid 'Submitted batch job 7728011'.

[Wed May 15 11:00:50 2024]
rule rotate_x:
    input: /work/frasergen/3D/work/shaojie/script/HiC/3d_model/231402_rice_20240510/02.3d_model/H-Salt-076/H-Salt-076.pml
    output: /work/frasergen/3D/work/shaojie/script/HiC/3d_model/231402_rice_20240510/02.3d_model/H-Salt-076/rotate_x/rotate_x_005.png
    jobid: 144
    wildcards: sample=H-Salt-076, batch1=005
    resources: mem_mb=1000, disk_mb=1000, tmpdir=/tmp

Submitted job 144 with external jobid 'Submitted batch job 7728012'.

[Wed May 15 11:00:50 2024]
rule rotate_x:
    input: /work/frasergen/3D/work/shaojie/script/HiC/3d_model/231402_rice_20240510/02.3d_model/H-Salt-F1/H-Salt-F1.pml
    output: /work/frasergen/3D/work/shaojie/script/HiC/3d_model/231402_rice_20240510/02.3d_model/H-Salt-F1/rotate_x/rotate_x_001.png
    jobid: 158
    wildcards: sample=H-Salt-F1, batch1=001
    resources: mem_mb=1000, disk_mb=1000, tmpdir=/tmp

Submitted job 158 with external jobid 'Submitted batch job 7728014'.

[Wed May 15 11:00:51 2024]
rule rotate_x:
    input: /work/frasergen/3D/work/shaojie/script/HiC/3d_model/231402_rice_20240510/02.3d_model/H-Salt-599/H-Salt-599.pml
    output: /work/frasergen/3D/work/shaojie/script/HiC/3d_model/231402_rice_20240510/02.3d_model/H-Salt-599/rotate_x/rotate_x_003.png
    jobid: 151
    wildcards: sample=H-Salt-599, batch1=003
    resources: mem_mb=1000, disk_mb=1000, tmpdir=/tmp

Submitted job 151 with external jobid 'Submitted batch job 7728015'.

[Wed May 15 11:00:51 2024]
rule rotate_x:
    input: /work/frasergen/3D/work/shaojie/script/HiC/3d_model/231402_rice_20240510/02.3d_model/H-Salt-F1/H-Salt-F1.pml
    output: /work/frasergen/3D/work/shaojie/script/HiC/3d_model/231402_rice_20240510/02.3d_model/H-Salt-F1/rotate_x/rotate_x_008.png
    jobid: 165
    wildcards: sample=H-Salt-F1, batch1=008
    resources: mem_mb=1000, disk_mb=1000, tmpdir=/tmp

Submitted job 165 with external jobid 'Submitted batch job 7728016'.

[Wed May 15 11:00:51 2024]
rule rotate_x:
    input: /work/frasergen/3D/work/shaojie/script/HiC/3d_model/231402_rice_20240510/02.3d_model/H-Salt-076/H-Salt-076.pml
    output: /work/frasergen/3D/work/shaojie/script/HiC/3d_model/231402_rice_20240510/02.3d_model/H-Salt-076/rotate_x/rotate_x_006.png
    jobid: 145
    wildcards: sample=H-Salt-076, batch1=006
    resources: mem_mb=1000, disk_mb=1000, tmpdir=/tmp

Submitted job 145 with external jobid 'Submitted batch job 7728017'.

[Wed May 15 11:00:51 2024]
rule rotate_x:
    input: /work/frasergen/3D/work/shaojie/script/HiC/3d_model/231402_rice_20240510/02.3d_model/H-Salt-599/H-Salt-599.pml
    output: /work/frasergen/3D/work/shaojie/script/HiC/3d_model/231402_rice_20240510/02.3d_model/H-Salt-599/rotate_x/rotate_x_004.png
    jobid: 152
    wildcards: sample=H-Salt-599, batch1=004
    resources: mem_mb=1000, disk_mb=1000, tmpdir=/tmp

Submitted job 152 with external jobid 'Submitted batch job 7728018'.

[Wed May 15 11:00:52 2024]
rule rotate_x:
    input: /work/frasergen/3D/work/shaojie/script/HiC/3d_model/231402_rice_20240510/02.3d_model/H-Salt-076/H-Salt-076.pml
    output: /work/frasergen/3D/work/shaojie/script/HiC/3d_model/231402_rice_20240510/02.3d_model/H-Salt-076/rotate_x/rotate_x_007.png
    jobid: 146
    wildcards: sample=H-Salt-076, batch1=007
    resources: mem_mb=1000, disk_mb=1000, tmpdir=/tmp

Submitted job 146 with external jobid 'Submitted batch job 7728020'.

[Wed May 15 11:00:52 2024]
rule rotate_x:
    input: /work/frasergen/3D/work/shaojie/script/HiC/3d_model/231402_rice_20240510/02.3d_model/H-Salt-076/H-Salt-076.pml
    output: /work/frasergen/3D/work/shaojie/script/HiC/3d_model/231402_rice_20240510/02.3d_model/H-Salt-076/rotate_x/rotate_x_000.png
    jobid: 139
    wildcards: sample=H-Salt-076, batch1=000
    resources: mem_mb=1000, disk_mb=1000, tmpdir=/tmp

Submitted job 139 with external jobid 'Submitted batch job 7728021'.

[Wed May 15 11:00:52 2024]
rule rotate_x:
    input: /work/frasergen/3D/work/shaojie/script/HiC/3d_model/231402_rice_20240510/02.3d_model/H-Salt-599/H-Salt-599.pml
    output: /work/frasergen/3D/work/shaojie/script/HiC/3d_model/231402_rice_20240510/02.3d_model/H-Salt-599/rotate_x/rotate_x_005.png
    jobid: 153
    wildcards: sample=H-Salt-599, batch1=005
    resources: mem_mb=1000, disk_mb=1000, tmpdir=/tmp

Submitted job 153 with external jobid 'Submitted batch job 7728022'.

[Wed May 15 11:00:52 2024]
rule rotate_x:
    input: /work/frasergen/3D/work/shaojie/script/HiC/3d_model/231402_rice_20240510/02.3d_model/H-Salt-076/H-Salt-076.pml
    output: /work/frasergen/3D/work/shaojie/script/HiC/3d_model/231402_rice_20240510/02.3d_model/H-Salt-076/rotate_x/rotate_x_008.png
    jobid: 147
    wildcards: sample=H-Salt-076, batch1=008
    resources: mem_mb=1000, disk_mb=1000, tmpdir=/tmp

Submitted job 147 with external jobid 'Submitted batch job 7728023'.

[Wed May 15 11:00:53 2024]
rule rotate_x:
    input: /work/frasergen/3D/work/shaojie/script/HiC/3d_model/231402_rice_20240510/02.3d_model/H-Salt-076/H-Salt-076.pml
    output: /work/frasergen/3D/work/shaojie/script/HiC/3d_model/231402_rice_20240510/02.3d_model/H-Salt-076/rotate_x/rotate_x_001.png
    jobid: 140
    wildcards: sample=H-Salt-076, batch1=001
    resources: mem_mb=1000, disk_mb=1000, tmpdir=/tmp

Submitted job 140 with external jobid 'Submitted batch job 7728024'.

[Wed May 15 11:00:53 2024]
rule rotate_x:
    input: /work/frasergen/3D/work/shaojie/script/HiC/3d_model/231402_rice_20240510/02.3d_model/H-Salt-599/H-Salt-599.pml
    output: /work/frasergen/3D/work/shaojie/script/HiC/3d_model/231402_rice_20240510/02.3d_model/H-Salt-599/rotate_x/rotate_x_006.png
    jobid: 154
    wildcards: sample=H-Salt-599, batch1=006
    resources: mem_mb=1000, disk_mb=1000, tmpdir=/tmp

Submitted job 154 with external jobid 'Submitted batch job 7728026'.
[Wed May 15 11:01:09 2024]
Finished job 155.
1 of 388 steps (0.3%) done
Select jobs to execute...

[Wed May 15 11:01:09 2024]
rule rotate_x:
    input: /work/frasergen/3D/work/shaojie/script/HiC/3d_model/231402_rice_20240510/02.3d_model/H-Salt-F1/H-Salt-F1.pml
    output: /work/frasergen/3D/work/shaojie/script/HiC/3d_model/231402_rice_20240510/02.3d_model/H-Salt-F1/rotate_x/rotate_x_002.png
    jobid: 159
    wildcards: sample=H-Salt-F1, batch1=002
    resources: mem_mb=1000, disk_mb=1000, tmpdir=/tmp

Submitted job 159 with external jobid 'Submitted batch job 7728042'.
[Wed May 15 11:01:10 2024]
Finished job 164.
2 of 388 steps (1%) done
Select jobs to execute...

[Wed May 15 11:01:10 2024]
rule rotate_x:
    input: /work/frasergen/3D/work/shaojie/script/HiC/3d_model/231402_rice_20240510/02.3d_model/H-Salt-F1/H-Salt-F1.pml
    output: /work/frasergen/3D/work/shaojie/script/HiC/3d_model/231402_rice_20240510/02.3d_model/H-Salt-F1/rotate_x/rotate_x_003.png
    jobid: 160
    wildcards: sample=H-Salt-F1, batch1=003
    resources: mem_mb=1000, disk_mb=1000, tmpdir=/tmp

Submitted job 160 with external jobid 'Submitted batch job 7728044'.
[Wed May 15 11:01:11 2024]
Finished job 150.
3 of 388 steps (1%) done
Select jobs to execute...

[Wed May 15 11:01:11 2024]
rule rotate_x:
    input: /work/frasergen/3D/work/shaojie/script/HiC/3d_model/231402_rice_20240510/02.3d_model/H-Salt-F1/H-Salt-F1.pml
    output: /work/frasergen/3D/work/shaojie/script/HiC/3d_model/231402_rice_20240510/02.3d_model/H-Salt-F1/rotate_x/rotate_x_004.png
    jobid: 161
    wildcards: sample=H-Salt-F1, batch1=004
    resources: mem_mb=1000, disk_mb=1000, tmpdir=/tmp

Submitted job 161 with external jobid 'Submitted batch job 7728046'.
[Wed May 15 11:01:21 2024]
Finished job 141.
4 of 388 steps (1%) done
Select jobs to execute...

[Wed May 15 11:01:21 2024]
rule rotate_x:
    input: /work/frasergen/3D/work/shaojie/script/HiC/3d_model/231402_rice_20240510/02.3d_model/H-CK-076/H-CK-076.pml
    output: /work/frasergen/3D/work/shaojie/script/HiC/3d_model/231402_rice_20240510/02.3d_model/H-CK-076/rotate_x/rotate_x_001.png
    jobid: 113
    wildcards: sample=H-CK-076, batch1=001
    resources: mem_mb=1000, disk_mb=1000, tmpdir=/tmp

Submitted job 113 with external jobid 'Submitted batch job 7728056'.
[Wed May 15 11:01:22 2024]
Finished job 148.
5 of 388 steps (1%) done
[Wed May 15 11:01:22 2024]
Finished job 162.
6 of 388 steps (2%) done
[Wed May 15 11:01:22 2024]
Finished job 142.
7 of 388 steps (2%) done
[Wed May 15 11:01:22 2024]
Finished job 156.
8 of 388 steps (2%) done
[Wed May 15 11:01:22 2024]
Finished job 149.
9 of 388 steps (2%) done
[Wed May 15 11:01:22 2024]
Finished job 163.
10 of 388 steps (3%) done
Select jobs to execute...

[Wed May 15 11:01:22 2024]
rule rotate_x:
    input: /work/frasergen/3D/work/shaojie/script/HiC/3d_model/231402_rice_20240510/02.3d_model/H-CK-076/H-CK-076.pml
    output: /work/frasergen/3D/work/shaojie/script/HiC/3d_model/231402_rice_20240510/02.3d_model/H-CK-076/rotate_x/rotate_x_008.png
    jobid: 120
    wildcards: sample=H-CK-076, batch1=008
    resources: mem_mb=1000, disk_mb=1000, tmpdir=/tmp

Submitted job 120 with external jobid 'Submitted batch job 7728057'.

[Wed May 15 11:01:22 2024]
rule rotate_x:
    input: /work/frasergen/3D/work/shaojie/script/HiC/3d_model/231402_rice_20240510/02.3d_model/H-CK-076/H-CK-076.pml
    output: /work/frasergen/3D/work/shaojie/script/HiC/3d_model/231402_rice_20240510/02.3d_model/H-CK-076/rotate_x/rotate_x_003.png
    jobid: 115
    wildcards: sample=H-CK-076, batch1=003
    resources: mem_mb=1000, disk_mb=1000, tmpdir=/tmp

Submitted job 115 with external jobid 'Submitted batch job 7728059'.

[Wed May 15 11:01:22 2024]
rule rotate_x:
    input: /work/frasergen/3D/work/shaojie/script/HiC/3d_model/231402_rice_20240510/02.3d_model/H-CK-076/H-CK-076.pml
    output: /work/frasergen/3D/work/shaojie/script/HiC/3d_model/231402_rice_20240510/02.3d_model/H-CK-076/rotate_x/rotate_x_005.png
    jobid: 117
    wildcards: sample=H-CK-076, batch1=005
    resources: mem_mb=1000, disk_mb=1000, tmpdir=/tmp

Submitted job 117 with external jobid 'Submitted batch job 7728060'.

[Wed May 15 11:01:23 2024]
rule rotate_x:
    input: /work/frasergen/3D/work/shaojie/script/HiC/3d_model/231402_rice_20240510/02.3d_model/H-CK-076/H-CK-076.pml
    output: /work/frasergen/3D/work/shaojie/script/HiC/3d_model/231402_rice_20240510/02.3d_model/H-CK-076/rotate_x/rotate_x_002.png
    jobid: 114
    wildcards: sample=H-CK-076, batch1=002
    resources: mem_mb=1000, disk_mb=1000, tmpdir=/tmp

Submitted job 114 with external jobid 'Submitted batch job 7728061'.

[Wed May 15 11:01:23 2024]
rule rotate_x:
    input: /work/frasergen/3D/work/shaojie/script/HiC/3d_model/231402_rice_20240510/02.3d_model/H-CK-076/H-CK-076.pml
    output: /work/frasergen/3D/work/shaojie/script/HiC/3d_model/231402_rice_20240510/02.3d_model/H-CK-076/rotate_x/rotate_x_004.png
    jobid: 116
    wildcards: sample=H-CK-076, batch1=004
    resources: mem_mb=1000, disk_mb=1000, tmpdir=/tmp

Submitted job 116 with external jobid 'Submitted batch job 7728062'.

[Wed May 15 11:01:23 2024]
rule rotate_x:
    input: /work/frasergen/3D/work/shaojie/script/HiC/3d_model/231402_rice_20240510/02.3d_model/H-CK-076/H-CK-076.pml
    output: /work/frasergen/3D/work/shaojie/script/HiC/3d_model/231402_rice_20240510/02.3d_model/H-CK-076/rotate_x/rotate_x_006.png
    jobid: 118
    wildcards: sample=H-CK-076, batch1=006
    resources: mem_mb=1000, disk_mb=1000, tmpdir=/tmp

Submitted job 118 with external jobid 'Submitted batch job 7728063'.
[Wed May 15 11:01:23 2024]
Finished job 143.
11 of 388 steps (3%) done
[Wed May 15 11:01:23 2024]
Finished job 157.
12 of 388 steps (3%) done
Select jobs to execute...

[Wed May 15 11:01:23 2024]
rule rotate_x:
    input: /work/frasergen/3D/work/shaojie/script/HiC/3d_model/231402_rice_20240510/02.3d_model/H-CK-076/H-CK-076.pml
    output: /work/frasergen/3D/work/shaojie/script/HiC/3d_model/231402_rice_20240510/02.3d_model/H-CK-076/rotate_x/rotate_x_000.png
    jobid: 112
    wildcards: sample=H-CK-076, batch1=000
    resources: mem_mb=1000, disk_mb=1000, tmpdir=/tmp

Submitted job 112 with external jobid 'Submitted batch job 7728064'.

[Wed May 15 11:01:24 2024]
rule rotate_x:
    input: /work/frasergen/3D/work/shaojie/script/HiC/3d_model/231402_rice_20240510/02.3d_model/H-CK-076/H-CK-076.pml
    output: /work/frasergen/3D/work/shaojie/script/HiC/3d_model/231402_rice_20240510/02.3d_model/H-CK-076/rotate_x/rotate_x_007.png
    jobid: 119
    wildcards: sample=H-CK-076, batch1=007
    resources: mem_mb=1000, disk_mb=1000, tmpdir=/tmp

Submitted job 119 with external jobid 'Submitted batch job 7728066'.
Select jobs to execute...
[Wed May 15 11:01:34 2024]
Finished job 144.
13 of 388 steps (3%) done

[Wed May 15 11:01:34 2024]
rule rotate_x:
    input: /work/frasergen/3D/work/shaojie/script/HiC/3d_model/231402_rice_20240510/02.3d_model/H-CK-599/H-CK-599.pml
    output: /work/frasergen/3D/work/shaojie/script/HiC/3d_model/231402_rice_20240510/02.3d_model/H-CK-599/rotate_x/rotate_x_006.png
    jobid: 127
    wildcards: sample=H-CK-599, batch1=006
    resources: mem_mb=1000, disk_mb=1000, tmpdir=/tmp

Submitted job 127 with external jobid 'Submitted batch job 7728075'.
[Wed May 15 11:01:35 2024]
Finished job 158.
14 of 388 steps (4%) done
[Wed May 15 11:01:35 2024]
Finished job 151.
15 of 388 steps (4%) done
[Wed May 15 11:01:35 2024]
Finished job 165.
16 of 388 steps (4%) done
[Wed May 15 11:01:35 2024]
Finished job 145.
17 of 388 steps (4%) done
[Wed May 15 11:01:35 2024]
Finished job 152.
18 of 388 steps (5%) done
[Wed May 15 11:01:35 2024]
Finished job 146.
19 of 388 steps (5%) done
[Wed May 15 11:01:35 2024]
Finished job 139.
20 of 388 steps (5%) done
[Wed May 15 11:01:35 2024]
Finished job 153.
21 of 388 steps (5%) done
[Wed May 15 11:01:35 2024]
Finished job 147.
22 of 388 steps (6%) done
Select jobs to execute...

[Wed May 15 11:01:35 2024]
rule rotate_x:
    input: /work/frasergen/3D/work/shaojie/script/HiC/3d_model/231402_rice_20240510/02.3d_model/H-CK-F1/H-CK-F1.pml
    output: /work/frasergen/3D/work/shaojie/script/HiC/3d_model/231402_rice_20240510/02.3d_model/H-CK-F1/rotate_x/rotate_x_004.png
    jobid: 134
    wildcards: sample=H-CK-F1, batch1=004
    resources: mem_mb=1000, disk_mb=1000, tmpdir=/tmp

Submitted job 134 with external jobid 'Submitted batch job 7728076'.

[Wed May 15 11:01:35 2024]
rule rotate_x:
    input: /work/frasergen/3D/work/shaojie/script/HiC/3d_model/231402_rice_20240510/02.3d_model/H-CK-599/H-CK-599.pml
    output: /work/frasergen/3D/work/shaojie/script/HiC/3d_model/231402_rice_20240510/02.3d_model/H-CK-599/rotate_x/rotate_x_008.png
    jobid: 129
    wildcards: sample=H-CK-599, batch1=008
    resources: mem_mb=1000, disk_mb=1000, tmpdir=/tmp

Submitted job 129 with external jobid 'Submitted batch job 7728077'.

[Wed May 15 11:01:36 2024]
rule rotate_x:
    input: /work/frasergen/3D/work/shaojie/script/HiC/3d_model/231402_rice_20240510/02.3d_model/H-CK-599/H-CK-599.pml
    output: /work/frasergen/3D/work/shaojie/script/HiC/3d_model/231402_rice_20240510/02.3d_model/H-CK-599/rotate_x/rotate_x_001.png
    jobid: 122
    wildcards: sample=H-CK-599, batch1=001
    resources: mem_mb=1000, disk_mb=1000, tmpdir=/tmp

Submitted job 122 with external jobid 'Submitted batch job 7728078'.

[Wed May 15 11:01:36 2024]
rule rotate_x:
    input: /work/frasergen/3D/work/shaojie/script/HiC/3d_model/231402_rice_20240510/02.3d_model/H-CK-599/H-CK-599.pml
    output: /work/frasergen/3D/work/shaojie/script/HiC/3d_model/231402_rice_20240510/02.3d_model/H-CK-599/rotate_x/rotate_x_003.png
    jobid: 124
    wildcards: sample=H-CK-599, batch1=003
    resources: mem_mb=1000, disk_mb=1000, tmpdir=/tmp

Submitted job 124 with external jobid 'Submitted batch job 7728079'.

[Wed May 15 11:01:36 2024]
rule rotate_x:
    input: /work/frasergen/3D/work/shaojie/script/HiC/3d_model/231402_rice_20240510/02.3d_model/H-CK-599/H-CK-599.pml
    output: /work/frasergen/3D/work/shaojie/script/HiC/3d_model/231402_rice_20240510/02.3d_model/H-CK-599/rotate_x/rotate_x_005.png
    jobid: 126
    wildcards: sample=H-CK-599, batch1=005
    resources: mem_mb=1000, disk_mb=1000, tmpdir=/tmp

Submitted job 126 with external jobid 'Submitted batch job 7728080'.

[Wed May 15 11:01:36 2024]
rule rotate_x:
    input: /work/frasergen/3D/work/shaojie/script/HiC/3d_model/231402_rice_20240510/02.3d_model/H-CK-599/H-CK-599.pml
    output: /work/frasergen/3D/work/shaojie/script/HiC/3d_model/231402_rice_20240510/02.3d_model/H-CK-599/rotate_x/rotate_x_007.png
    jobid: 128
    wildcards: sample=H-CK-599, batch1=007
    resources: mem_mb=1000, disk_mb=1000, tmpdir=/tmp

Submitted job 128 with external jobid 'Submitted batch job 7728081'.

[Wed May 15 11:01:36 2024]
rule rotate_x:
    input: /work/frasergen/3D/work/shaojie/script/HiC/3d_model/231402_rice_20240510/02.3d_model/H-CK-599/H-CK-599.pml
    output: /work/frasergen/3D/work/shaojie/script/HiC/3d_model/231402_rice_20240510/02.3d_model/H-CK-599/rotate_x/rotate_x_000.png
    jobid: 121
    wildcards: sample=H-CK-599, batch1=000
    resources: mem_mb=1000, disk_mb=1000, tmpdir=/tmp

Submitted job 121 with external jobid 'Submitted batch job 7728082'.

[Wed May 15 11:01:37 2024]
rule rotate_x:
    input: /work/frasergen/3D/work/shaojie/script/HiC/3d_model/231402_rice_20240510/02.3d_model/H-CK-599/H-CK-599.pml
    output: /work/frasergen/3D/work/shaojie/script/HiC/3d_model/231402_rice_20240510/02.3d_model/H-CK-599/rotate_x/rotate_x_002.png
    jobid: 123
    wildcards: sample=H-CK-599, batch1=002
    resources: mem_mb=1000, disk_mb=1000, tmpdir=/tmp

Submitted job 123 with external jobid 'Submitted batch job 7728083'.

[Wed May 15 11:01:37 2024]
rule rotate_x:
    input: /work/frasergen/3D/work/shaojie/script/HiC/3d_model/231402_rice_20240510/02.3d_model/H-CK-599/H-CK-599.pml
    output: /work/frasergen/3D/work/shaojie/script/HiC/3d_model/231402_rice_20240510/02.3d_model/H-CK-599/rotate_x/rotate_x_004.png
    jobid: 125
    wildcards: sample=H-CK-599, batch1=004
    resources: mem_mb=1000, disk_mb=1000, tmpdir=/tmp

Submitted job 125 with external jobid 'Submitted batch job 7728084'.
[Wed May 15 11:01:37 2024]
Finished job 140.
23 of 388 steps (6%) done
[Wed May 15 11:01:37 2024]
Finished job 154.
24 of 388 steps (6%) done
Select jobs to execute...

[Wed May 15 11:01:37 2024]
rule rotate_x:
    input: /work/frasergen/3D/work/shaojie/script/HiC/3d_model/231402_rice_20240510/02.3d_model/H-CK-F1/H-CK-F1.pml
    output: /work/frasergen/3D/work/shaojie/script/HiC/3d_model/231402_rice_20240510/02.3d_model/H-CK-F1/rotate_x/rotate_x_006.png
    jobid: 136
    wildcards: sample=H-CK-F1, batch1=006
    resources: mem_mb=1000, disk_mb=1000, tmpdir=/tmp

Submitted job 136 with external jobid 'Submitted batch job 7728085'.

[Wed May 15 11:01:37 2024]
rule rotate_x:
    input: /work/frasergen/3D/work/shaojie/script/HiC/3d_model/231402_rice_20240510/02.3d_model/H-CK-F1/H-CK-F1.pml
    output: /work/frasergen/3D/work/shaojie/script/HiC/3d_model/231402_rice_20240510/02.3d_model/H-CK-F1/rotate_x/rotate_x_001.png
    jobid: 131
    wildcards: sample=H-CK-F1, batch1=001
    resources: mem_mb=1000, disk_mb=1000, tmpdir=/tmp

Submitted job 131 with external jobid 'Submitted batch job 7728086'.
Select jobs to execute...
[Wed May 15 11:01:46 2024]
Finished job 159.
25 of 388 steps (6%) done

[Wed May 15 11:01:46 2024]
rule rotate_x:
    input: /work/frasergen/3D/work/shaojie/script/HiC/3d_model/231402_rice_20240510/02.3d_model/H-CK-F1/H-CK-F1.pml
    output: /work/frasergen/3D/work/shaojie/script/HiC/3d_model/231402_rice_20240510/02.3d_model/H-CK-F1/rotate_x/rotate_x_008.png
    jobid: 138
    wildcards: sample=H-CK-F1, batch1=008
    resources: mem_mb=1000, disk_mb=1000, tmpdir=/tmp

Submitted job 138 with external jobid 'Submitted batch job 7728087'.
[Wed May 15 11:01:47 2024]
Finished job 160.
26 of 388 steps (7%) done
Select jobs to execute...

[Wed May 15 11:01:47 2024]
rule rotate_x:
    input: /work/frasergen/3D/work/shaojie/script/HiC/3d_model/231402_rice_20240510/02.3d_model/H-CK-F1/H-CK-F1.pml
    output: /work/frasergen/3D/work/shaojie/script/HiC/3d_model/231402_rice_20240510/02.3d_model/H-CK-F1/rotate_x/rotate_x_003.png
    jobid: 133
    wildcards: sample=H-CK-F1, batch1=003
    resources: mem_mb=1000, disk_mb=1000, tmpdir=/tmp

Submitted job 133 with external jobid 'Submitted batch job 7728089'.
[Wed May 15 11:01:47 2024]
Finished job 161.
27 of 388 steps (7%) done
Select jobs to execute...

[Wed May 15 11:01:47 2024]
rule rotate_x:
    input: /work/frasergen/3D/work/shaojie/script/HiC/3d_model/231402_rice_20240510/02.3d_model/H-CK-F1/H-CK-F1.pml
    output: /work/frasergen/3D/work/shaojie/script/HiC/3d_model/231402_rice_20240510/02.3d_model/H-CK-F1/rotate_x/rotate_x_000.png
    jobid: 130
    wildcards: sample=H-CK-F1, batch1=000
    resources: mem_mb=1000, disk_mb=1000, tmpdir=/tmp

Submitted job 130 with external jobid 'Submitted batch job 7728090'.
[Wed May 15 11:01:58 2024]
Finished job 127.
28 of 388 steps (7%) done
Select jobs to execute...

[Wed May 15 11:01:58 2024]
rule rotate_x:
    input: /work/frasergen/3D/work/shaojie/script/HiC/3d_model/231402_rice_20240510/02.3d_model/H-CK-F1/H-CK-F1.pml
    output: /work/frasergen/3D/work/shaojie/script/HiC/3d_model/231402_rice_20240510/02.3d_model/H-CK-F1/rotate_x/rotate_x_007.png
    jobid: 137
    wildcards: sample=H-CK-F1, batch1=007
    resources: mem_mb=1000, disk_mb=1000, tmpdir=/tmp

Submitted job 137 with external jobid 'Submitted batch job 7728091'.
[Wed May 15 11:01:58 2024]
Finished job 134.
29 of 388 steps (7%) done
[Wed May 15 11:01:58 2024]
Finished job 113.
30 of 388 steps (8%) done
[Wed May 15 11:01:58 2024]
Finished job 120.
31 of 388 steps (8%) done
[Wed May 15 11:01:58 2024]
Finished job 115.
32 of 388 steps (8%) done
[Wed May 15 11:01:58 2024]
Finished job 117.
33 of 388 steps (9%) done
[Wed May 15 11:01:58 2024]
Finished job 114.
34 of 388 steps (9%) done
Select jobs to execute...

[Wed May 15 11:01:58 2024]
rule rotate_x:
    input: /work/frasergen/3D/work/shaojie/script/HiC/3d_model/231402_rice_20240510/02.3d_model/H-CK-F1/H-CK-F1.pml
    output: /work/frasergen/3D/work/shaojie/script/HiC/3d_model/231402_rice_20240510/02.3d_model/H-CK-F1/rotate_x/rotate_x_002.png
    jobid: 132
    wildcards: sample=H-CK-F1, batch1=002
    resources: mem_mb=1000, disk_mb=1000, tmpdir=/tmp

Submitted job 132 with external jobid 'Submitted batch job 7728093'.

[Wed May 15 11:01:59 2024]
rule rotate_x:
    input: /work/frasergen/3D/work/shaojie/script/HiC/3d_model/231402_rice_20240510/02.3d_model/H-CK-F1/H-CK-F1.pml
    output: /work/frasergen/3D/work/shaojie/script/HiC/3d_model/231402_rice_20240510/02.3d_model/H-CK-F1/rotate_x/rotate_x_005.png
    jobid: 135
    wildcards: sample=H-CK-F1, batch1=005
    resources: mem_mb=1000, disk_mb=1000, tmpdir=/tmp

Submitted job 135 with external jobid 'Submitted batch job 7728094'.
[Wed May 15 11:01:59 2024]
Finished job 116.
35 of 388 steps (9%) done
[Wed May 15 11:01:59 2024]
Finished job 118.
36 of 388 steps (9%) done
[Wed May 15 11:01:59 2024]
Finished job 112.
37 of 388 steps (10%) done
[Wed May 15 11:01:59 2024]
Finished job 119.
38 of 388 steps (10%) done
[Wed May 15 11:01:59 2024]
Finished job 129.
39 of 388 steps (10%) done
[Wed May 15 11:01:59 2024]
Finished job 128.
40 of 388 steps (10%) done
[Wed May 15 11:02:00 2024]
Finished job 131.
41 of 388 steps (11%) done
[Wed May 15 11:02:10 2024]
Finished job 138.
42 of 388 steps (11%) done
[Wed May 15 11:02:10 2024]
Finished job 133.
43 of 388 steps (11%) done
[Wed May 15 11:02:10 2024]
Finished job 130.
44 of 388 steps (11%) done
[Wed May 15 11:02:10 2024]
Finished job 122.
45 of 388 steps (12%) done
[Wed May 15 11:02:10 2024]
Finished job 124.
46 of 388 steps (12%) done
[Wed May 15 11:02:10 2024]
Finished job 126.
47 of 388 steps (12%) done
[Wed May 15 11:02:11 2024]
Finished job 121.
48 of 388 steps (12%) done
[Wed May 15 11:02:11 2024]
Finished job 123.
49 of 388 steps (13%) done
[Wed May 15 11:02:11 2024]
Finished job 125.
50 of 388 steps (13%) done
[Wed May 15 11:02:11 2024]
Finished job 136.
51 of 388 steps (13%) done
[Wed May 15 11:02:21 2024]
Finished job 137.
52 of 388 steps (13%) done
[Wed May 15 11:02:21 2024]
Finished job 132.
53 of 388 steps (14%) done
[Wed May 15 11:02:21 2024]
Finished job 135.
54 of 388 steps (14%) done
Select jobs to execute...

[Wed May 15 11:02:22 2024]
rule merge_x:
    input: /work/frasergen/3D/work/shaojie/script/HiC/3d_model/231402_rice_20240510/02.3d_model/H-CK-076/rotate_x/rotate_x_000.png, /work/frasergen/3D/work/shaojie/script/HiC/3d_model/231402_rice_20240510/02.3d_model/H-CK-076/rotate_x/rotate_x_001.png, /work/frasergen/3D/work/shaojie/script/HiC/3d_model/231402_rice_20240510/02.3d_model/H-CK-076/rotate_x/rotate_x_002.png, /work/frasergen/3D/work/shaojie/script/HiC/3d_model/231402_rice_20240510/02.3d_model/H-CK-076/rotate_x/rotate_x_003.png, /work/frasergen/3D/work/shaojie/script/HiC/3d_model/231402_rice_20240510/02.3d_model/H-CK-076/rotate_x/rotate_x_004.png, /work/frasergen/3D/work/shaojie/script/HiC/3d_model/231402_rice_20240510/02.3d_model/H-CK-076/rotate_x/rotate_x_005.png, /work/frasergen/3D/work/shaojie/script/HiC/3d_model/231402_rice_20240510/02.3d_model/H-CK-076/rotate_x/rotate_x_006.png, /work/frasergen/3D/work/shaojie/script/HiC/3d_model/231402_rice_20240510/02.3d_model/H-CK-076/rotate_x/rotate_x_007.png, /work/frasergen/3D/work/shaojie/script/HiC/3d_model/231402_rice_20240510/02.3d_model/H-CK-076/rotate_x/rotate_x_008.png, /work/frasergen/3D/work/shaojie/script/HiC/3d_model/231402_rice_20240510/02.3d_model/H-CK-599/rotate_x/rotate_x_000.png, /work/frasergen/3D/work/shaojie/script/HiC/3d_model/231402_rice_20240510/02.3d_model/H-CK-599/rotate_x/rotate_x_001.png, /work/frasergen/3D/work/shaojie/script/HiC/3d_model/231402_rice_20240510/02.3d_model/H-CK-599/rotate_x/rotate_x_002.png, /work/frasergen/3D/work/shaojie/script/HiC/3d_model/231402_rice_20240510/02.3d_model/H-CK-599/rotate_x/rotate_x_003.png, /work/frasergen/3D/work/shaojie/script/HiC/3d_model/231402_rice_20240510/02.3d_model/H-CK-599/rotate_x/rotate_x_004.png, /work/frasergen/3D/work/shaojie/script/HiC/3d_model/231402_rice_20240510/02.3d_model/H-CK-599/rotate_x/rotate_x_005.png, /work/frasergen/3D/work/shaojie/script/HiC/3d_model/231402_rice_20240510/02.3d_model/H-CK-599/rotate_x/rotate_x_006.png, /work/frasergen/3D/work/shaojie/script/HiC/3d_model/231402_rice_20240510/02.3d_model/H-CK-599/rotate_x/rotate_x_007.png, /work/frasergen/3D/work/shaojie/script/HiC/3d_model/231402_rice_20240510/02.3d_model/H-CK-599/rotate_x/rotate_x_008.png, /work/frasergen/3D/work/shaojie/script/HiC/3d_model/231402_rice_20240510/02.3d_model/H-CK-F1/rotate_x/rotate_x_000.png, /work/frasergen/3D/work/shaojie/script/HiC/3d_model/231402_rice_20240510/02.3d_model/H-CK-F1/rotate_x/rotate_x_001.png, /work/frasergen/3D/work/shaojie/script/HiC/3d_model/231402_rice_20240510/02.3d_model/H-CK-F1/rotate_x/rotate_x_002.png, /work/frasergen/3D/work/shaojie/script/HiC/3d_model/231402_rice_20240510/02.3d_model/H-CK-F1/rotate_x/rotate_x_003.png, /work/frasergen/3D/work/shaojie/script/HiC/3d_model/231402_rice_20240510/02.3d_model/H-CK-F1/rotate_x/rotate_x_004.png, /work/frasergen/3D/work/shaojie/script/HiC/3d_model/231402_rice_20240510/02.3d_model/H-CK-F1/rotate_x/rotate_x_005.png, /work/frasergen/3D/work/shaojie/script/HiC/3d_model/231402_rice_20240510/02.3d_model/H-CK-F1/rotate_x/rotate_x_006.png, /work/frasergen/3D/work/shaojie/script/HiC/3d_model/231402_rice_20240510/02.3d_model/H-CK-F1/rotate_x/rotate_x_007.png, /work/frasergen/3D/work/shaojie/script/HiC/3d_model/231402_rice_20240510/02.3d_model/H-CK-F1/rotate_x/rotate_x_008.png, /work/frasergen/3D/work/shaojie/script/HiC/3d_model/231402_rice_20240510/02.3d_model/H-Salt-076/rotate_x/rotate_x_000.png, /work/frasergen/3D/work/shaojie/script/HiC/3d_model/231402_rice_20240510/02.3d_model/H-Salt-076/rotate_x/rotate_x_001.png, /work/frasergen/3D/work/shaojie/script/HiC/3d_model/231402_rice_20240510/02.3d_model/H-Salt-076/rotate_x/rotate_x_002.png, /work/frasergen/3D/work/shaojie/script/HiC/3d_model/231402_rice_20240510/02.3d_model/H-Salt-076/rotate_x/rotate_x_003.png, /work/frasergen/3D/work/shaojie/script/HiC/3d_model/231402_rice_20240510/02.3d_model/H-Salt-076/rotate_x/rotate_x_004.png, /work/frasergen/3D/work/shaojie/script/HiC/3d_model/231402_rice_20240510/02.3d_model/H-Salt-076/rotate_x/rotate_x_005.png, /work/frasergen/3D/work/shaojie/script/HiC/3d_model/231402_rice_20240510/02.3d_model/H-Salt-076/rotate_x/rotate_x_006.png, /work/frasergen/3D/work/shaojie/script/HiC/3d_model/231402_rice_20240510/02.3d_model/H-Salt-076/rotate_x/rotate_x_007.png, /work/frasergen/3D/work/shaojie/script/HiC/3d_model/231402_rice_20240510/02.3d_model/H-Salt-076/rotate_x/rotate_x_008.png, /work/frasergen/3D/work/shaojie/script/HiC/3d_model/231402_rice_20240510/02.3d_model/H-Salt-599/rotate_x/rotate_x_000.png, /work/frasergen/3D/work/shaojie/script/HiC/3d_model/231402_rice_20240510/02.3d_model/H-Salt-599/rotate_x/rotate_x_001.png, /work/frasergen/3D/work/shaojie/script/HiC/3d_model/231402_rice_20240510/02.3d_model/H-Salt-599/rotate_x/rotate_x_002.png, /work/frasergen/3D/work/shaojie/script/HiC/3d_model/231402_rice_20240510/02.3d_model/H-Salt-599/rotate_x/rotate_x_003.png, /work/frasergen/3D/work/shaojie/script/HiC/3d_model/231402_rice_20240510/02.3d_model/H-Salt-599/rotate_x/rotate_x_004.png, /work/frasergen/3D/work/shaojie/script/HiC/3d_model/231402_rice_20240510/02.3d_model/H-Salt-599/rotate_x/rotate_x_005.png, /work/frasergen/3D/work/shaojie/script/HiC/3d_model/231402_rice_20240510/02.3d_model/H-Salt-599/rotate_x/rotate_x_006.png, /work/frasergen/3D/work/shaojie/script/HiC/3d_model/231402_rice_20240510/02.3d_model/H-Salt-599/rotate_x/rotate_x_007.png, /work/frasergen/3D/work/shaojie/script/HiC/3d_model/231402_rice_20240510/02.3d_model/H-Salt-599/rotate_x/rotate_x_008.png, /work/frasergen/3D/work/shaojie/script/HiC/3d_model/231402_rice_20240510/02.3d_model/H-Salt-F1/rotate_x/rotate_x_000.png, /work/frasergen/3D/work/shaojie/script/HiC/3d_model/231402_rice_20240510/02.3d_model/H-Salt-F1/rotate_x/rotate_x_001.png, /work/frasergen/3D/work/shaojie/script/HiC/3d_model/231402_rice_20240510/02.3d_model/H-Salt-F1/rotate_x/rotate_x_002.png, /work/frasergen/3D/work/shaojie/script/HiC/3d_model/231402_rice_20240510/02.3d_model/H-Salt-F1/rotate_x/rotate_x_003.png, /work/frasergen/3D/work/shaojie/script/HiC/3d_model/231402_rice_20240510/02.3d_model/H-Salt-F1/rotate_x/rotate_x_004.png, /work/frasergen/3D/work/shaojie/script/HiC/3d_model/231402_rice_20240510/02.3d_model/H-Salt-F1/rotate_x/rotate_x_005.png, /work/frasergen/3D/work/shaojie/script/HiC/3d_model/231402_rice_20240510/02.3d_model/H-Salt-F1/rotate_x/rotate_x_006.png, /work/frasergen/3D/work/shaojie/script/HiC/3d_model/231402_rice_20240510/02.3d_model/H-Salt-F1/rotate_x/rotate_x_007.png, /work/frasergen/3D/work/shaojie/script/HiC/3d_model/231402_rice_20240510/02.3d_model/H-Salt-F1/rotate_x/rotate_x_008.png
    output: /work/frasergen/3D/work/shaojie/script/HiC/3d_model/231402_rice_20240510/02.3d_model/merge_x.png
    jobid: 111
    resources: mem_mb=1000, disk_mb=1000, tmpdir=/tmp


        export PATH=/public/frasergen/PUB/software/python/Python-3.7.7/bin:$PATH
        python3 /public/frasergen/3D/pipeline/Interactome/hic3_workflow/scripts/figure_util.py combine_figure --out-image /work/frasergen/3D/work/shaojie/script/HiC/3d_model/231402_rice_20240510/02.3d_model/merge_x.png --ncol 9 /work/frasergen/3D/work/shaojie/script/HiC/3d_model/231402_rice_20240510/02.3d_model/H-CK-076/rotate_x/rotate_x_000.png /work/frasergen/3D/work/shaojie/script/HiC/3d_model/231402_rice_20240510/02.3d_model/H-CK-076/rotate_x/rotate_x_001.png /work/frasergen/3D/work/shaojie/script/HiC/3d_model/231402_rice_20240510/02.3d_model/H-CK-076/rotate_x/rotate_x_002.png /work/frasergen/3D/work/shaojie/script/HiC/3d_model/231402_rice_20240510/02.3d_model/H-CK-076/rotate_x/rotate_x_003.png /work/frasergen/3D/work/shaojie/script/HiC/3d_model/231402_rice_20240510/02.3d_model/H-CK-076/rotate_x/rotate_x_004.png /work/frasergen/3D/work/shaojie/script/HiC/3d_model/231402_rice_20240510/02.3d_model/H-CK-076/rotate_x/rotate_x_005.png /work/frasergen/3D/work/shaojie/script/HiC/3d_model/231402_rice_20240510/02.3d_model/H-CK-076/rotate_x/rotate_x_006.png /work/frasergen/3D/work/shaojie/script/HiC/3d_model/231402_rice_20240510/02.3d_model/H-CK-076/rotate_x/rotate_x_007.png /work/frasergen/3D/work/shaojie/script/HiC/3d_model/231402_rice_20240510/02.3d_model/H-CK-076/rotate_x/rotate_x_008.png /work/frasergen/3D/work/shaojie/script/HiC/3d_model/231402_rice_20240510/02.3d_model/H-CK-599/rotate_x/rotate_x_000.png /work/frasergen/3D/work/shaojie/script/HiC/3d_model/231402_rice_20240510/02.3d_model/H-CK-599/rotate_x/rotate_x_001.png /work/frasergen/3D/work/shaojie/script/HiC/3d_model/231402_rice_20240510/02.3d_model/H-CK-599/rotate_x/rotate_x_002.png /work/frasergen/3D/work/shaojie/script/HiC/3d_model/231402_rice_20240510/02.3d_model/H-CK-599/rotate_x/rotate_x_003.png /work/frasergen/3D/work/shaojie/script/HiC/3d_model/231402_rice_20240510/02.3d_model/H-CK-599/rotate_x/rotate_x_004.png /work/frasergen/3D/work/shaojie/script/HiC/3d_model/231402_rice_20240510/02.3d_model/H-CK-599/rotate_x/rotate_x_005.png /work/frasergen/3D/work/shaojie/script/HiC/3d_model/231402_rice_20240510/02.3d_model/H-CK-599/rotate_x/rotate_x_006.png /work/frasergen/3D/work/shaojie/script/HiC/3d_model/231402_rice_20240510/02.3d_model/H-CK-599/rotate_x/rotate_x_007.png /work/frasergen/3D/work/shaojie/script/HiC/3d_model/231402_rice_20240510/02.3d_model/H-CK-599/rotate_x/rotate_x_008.png /work/frasergen/3D/work/shaojie/script/HiC/3d_model/231402_rice_20240510/02.3d_model/H-CK-F1/rotate_x/rotate_x_000.png /work/frasergen/3D/work/shaojie/script/HiC/3d_model/231402_rice_20240510/02.3d_model/H-CK-F1/rotate_x/rotate_x_001.png /work/frasergen/3D/work/shaojie/script/HiC/3d_model/231402_rice_20240510/02.3d_model/H-CK-F1/rotate_x/rotate_x_002.png /work/frasergen/3D/work/shaojie/script/HiC/3d_model/231402_rice_20240510/02.3d_model/H-CK-F1/rotate_x/rotate_x_003.png /work/frasergen/3D/work/shaojie/script/HiC/3d_model/231402_rice_20240510/02.3d_model/H-CK-F1/rotate_x/rotate_x_004.png /work/frasergen/3D/work/shaojie/script/HiC/3d_model/231402_rice_20240510/02.3d_model/H-CK-F1/rotate_x/rotate_x_005.png /work/frasergen/3D/work/shaojie/script/HiC/3d_model/231402_rice_20240510/02.3d_model/H-CK-F1/rotate_x/rotate_x_006.png /work/frasergen/3D/work/shaojie/script/HiC/3d_model/231402_rice_20240510/02.3d_model/H-CK-F1/rotate_x/rotate_x_007.png /work/frasergen/3D/work/shaojie/script/HiC/3d_model/231402_rice_20240510/02.3d_model/H-CK-F1/rotate_x/rotate_x_008.png /work/frasergen/3D/work/shaojie/script/HiC/3d_model/231402_rice_20240510/02.3d_model/H-Salt-076/rotate_x/rotate_x_000.png /work/frasergen/3D/work/shaojie/script/HiC/3d_model/231402_rice_20240510/02.3d_model/H-Salt-076/rotate_x/rotate_x_001.png /work/frasergen/3D/work/shaojie/script/HiC/3d_model/231402_rice_20240510/02.3d_model/H-Salt-076/rotate_x/rotate_x_002.png /work/frasergen/3D/work/shaojie/script/HiC/3d_model/231402_rice_20240510/02.3d_model/H-Salt-076/rotate_x/rotate_x_003.png /work/frasergen/3D/work/shaojie/script/HiC/3d_model/231402_rice_20240510/02.3d_model/H-Salt-076/rotate_x/rotate_x_004.png /work/frasergen/3D/work/shaojie/script/HiC/3d_model/231402_rice_20240510/02.3d_model/H-Salt-076/rotate_x/rotate_x_005.png /work/frasergen/3D/work/shaojie/script/HiC/3d_model/231402_rice_20240510/02.3d_model/H-Salt-076/rotate_x/rotate_x_006.png /work/frasergen/3D/work/shaojie/script/HiC/3d_model/231402_rice_20240510/02.3d_model/H-Salt-076/rotate_x/rotate_x_007.png /work/frasergen/3D/work/shaojie/script/HiC/3d_model/231402_rice_20240510/02.3d_model/H-Salt-076/rotate_x/rotate_x_008.png /work/frasergen/3D/work/shaojie/script/HiC/3d_model/231402_rice_20240510/02.3d_model/H-Salt-599/rotate_x/rotate_x_000.png /work/frasergen/3D/work/shaojie/script/HiC/3d_model/231402_rice_20240510/02.3d_model/H-Salt-599/rotate_x/rotate_x_001.png /work/frasergen/3D/work/shaojie/script/HiC/3d_model/231402_rice_20240510/02.3d_model/H-Salt-599/rotate_x/rotate_x_002.png /work/frasergen/3D/work/shaojie/script/HiC/3d_model/231402_rice_20240510/02.3d_model/H-Salt-599/rotate_x/rotate_x_003.png /work/frasergen/3D/work/shaojie/script/HiC/3d_model/231402_rice_20240510/02.3d_model/H-Salt-599/rotate_x/rotate_x_004.png /work/frasergen/3D/work/shaojie/script/HiC/3d_model/231402_rice_20240510/02.3d_model/H-Salt-599/rotate_x/rotate_x_005.png /work/frasergen/3D/work/shaojie/script/HiC/3d_model/231402_rice_20240510/02.3d_model/H-Salt-599/rotate_x/rotate_x_006.png /work/frasergen/3D/work/shaojie/script/HiC/3d_model/231402_rice_20240510/02.3d_model/H-Salt-599/rotate_x/rotate_x_007.png /work/frasergen/3D/work/shaojie/script/HiC/3d_model/231402_rice_20240510/02.3d_model/H-Salt-599/rotate_x/rotate_x_008.png /work/frasergen/3D/work/shaojie/script/HiC/3d_model/231402_rice_20240510/02.3d_model/H-Salt-F1/rotate_x/rotate_x_000.png /work/frasergen/3D/work/shaojie/script/HiC/3d_model/231402_rice_20240510/02.3d_model/H-Salt-F1/rotate_x/rotate_x_001.png /work/frasergen/3D/work/shaojie/script/HiC/3d_model/231402_rice_20240510/02.3d_model/H-Salt-F1/rotate_x/rotate_x_002.png /work/frasergen/3D/work/shaojie/script/HiC/3d_model/231402_rice_20240510/02.3d_model/H-Salt-F1/rotate_x/rotate_x_003.png /work/frasergen/3D/work/shaojie/script/HiC/3d_model/231402_rice_20240510/02.3d_model/H-Salt-F1/rotate_x/rotate_x_004.png /work/frasergen/3D/work/shaojie/script/HiC/3d_model/231402_rice_20240510/02.3d_model/H-Salt-F1/rotate_x/rotate_x_005.png /work/frasergen/3D/work/shaojie/script/HiC/3d_model/231402_rice_20240510/02.3d_model/H-Salt-F1/rotate_x/rotate_x_006.png /work/frasergen/3D/work/shaojie/script/HiC/3d_model/231402_rice_20240510/02.3d_model/H-Salt-F1/rotate_x/rotate_x_007.png /work/frasergen/3D/work/shaojie/script/HiC/3d_model/231402_rice_20240510/02.3d_model/H-Salt-F1/rotate_x/rotate_x_008.png
        
Submitted job 111 with external jobid 'Submitted batch job 7728097'.
[Wed May 15 11:02:41 2024]
Finished job 111.
55 of 388 steps (14%) done
Complete log: .snakemake/log/2024-05-15T110041.214339.snakemake.log
