Building DAG of jobs...
Using shell: /usr/bin/bash
Provided cluster nodes: 24
Job stats:
job      count    min threads    max threads
-----  -------  -------------  -------------
all          1              1              1
chrom        2              1              1
gif          2              1              1
png         48              1              1
total       53              1              1


[Wed May 29 16:24:05 2024]
rule png:
    input: /work/frasergen/backup/3d/project/Interactome/240033_kcybgj_20240313/06.personal/analysis_aftersale_20240529/02.3d_model/02.3d_model/Delta-abrB/Delta-abrB.pdb, /work/frasergen/backup/3d/project/Interactome/240033_kcybgj_20240313/06.personal/analysis_aftersale_20240529/02.3d_model/02.3d_model/Delta-abrB/Delta-abrB.pml
    output: /work/frasergen/backup/3d/project/Interactome/240033_kcybgj_20240313/06.personal/analysis_aftersale_20240529/02.3d_model/03.gif/Delta-abrB/pngs/fig_090.png
    jobid: 42
    wildcards: sample=Delta-abrB, batch=090
    resources: tmpdir=/tmp

Submitted job 42 with external jobid 'Submitted batch job 7979960'.

[Wed May 29 16:24:06 2024]
rule png:
    input: /work/frasergen/backup/3d/project/Interactome/240033_kcybgj_20240313/06.personal/analysis_aftersale_20240529/02.3d_model/02.3d_model/Delta-abrB/Delta-abrB.pdb, /work/frasergen/backup/3d/project/Interactome/240033_kcybgj_20240313/06.personal/analysis_aftersale_20240529/02.3d_model/02.3d_model/Delta-abrB/Delta-abrB.pml
    output: /work/frasergen/backup/3d/project/Interactome/240033_kcybgj_20240313/06.personal/analysis_aftersale_20240529/02.3d_model/03.gif/Delta-abrB/pngs/fig_230.png
    jobid: 56
    wildcards: sample=Delta-abrB, batch=230
    resources: tmpdir=/tmp

Submitted job 56 with external jobid 'Submitted batch job 7979961'.

[Wed May 29 16:24:06 2024]
rule png:
    input: /work/frasergen/backup/3d/project/Interactome/240033_kcybgj_20240313/06.personal/analysis_aftersale_20240529/02.3d_model/02.3d_model/Delta-abrB/Delta-abrB.pdb, /work/frasergen/backup/3d/project/Interactome/240033_kcybgj_20240313/06.personal/analysis_aftersale_20240529/02.3d_model/02.3d_model/Delta-abrB/Delta-abrB.pml
    output: /work/frasergen/backup/3d/project/Interactome/240033_kcybgj_20240313/06.personal/analysis_aftersale_20240529/02.3d_model/03.gif/Delta-abrB/pngs/fig_170.png
    jobid: 50
    wildcards: sample=Delta-abrB, batch=170
    resources: tmpdir=/tmp

Submitted job 50 with external jobid 'Submitted batch job 7979962'.

[Wed May 29 16:24:06 2024]
rule png:
    input: /work/frasergen/backup/3d/project/Interactome/240033_kcybgj_20240313/06.personal/analysis_aftersale_20240529/02.3d_model/02.3d_model/Delta-abrB/Delta-abrB.pdb, /work/frasergen/backup/3d/project/Interactome/240033_kcybgj_20240313/06.personal/analysis_aftersale_20240529/02.3d_model/02.3d_model/Delta-abrB/Delta-abrB.pml
    output: /work/frasergen/backup/3d/project/Interactome/240033_kcybgj_20240313/06.personal/analysis_aftersale_20240529/02.3d_model/03.gif/Delta-abrB/pngs/fig_030.png
    jobid: 36
    wildcards: sample=Delta-abrB, batch=030
    resources: tmpdir=/tmp

Submitted job 36 with external jobid 'Submitted batch job 7979963'.

[Wed May 29 16:24:06 2024]
rule png:
    input: /work/frasergen/backup/3d/project/Interactome/240033_kcybgj_20240313/06.personal/analysis_aftersale_20240529/02.3d_model/02.3d_model/Delta-abrB/Delta-abrB.pdb, /work/frasergen/backup/3d/project/Interactome/240033_kcybgj_20240313/06.personal/analysis_aftersale_20240529/02.3d_model/02.3d_model/Delta-abrB/Delta-abrB.pml
    output: /work/frasergen/backup/3d/project/Interactome/240033_kcybgj_20240313/06.personal/analysis_aftersale_20240529/02.3d_model/03.gif/Delta-abrB/pngs/fig_100.png
    jobid: 43
    wildcards: sample=Delta-abrB, batch=100
    resources: tmpdir=/tmp

Submitted job 43 with external jobid 'Submitted batch job 7979964'.

[Wed May 29 16:24:06 2024]
rule png:
    input: /work/frasergen/backup/3d/project/Interactome/240033_kcybgj_20240313/06.personal/analysis_aftersale_20240529/02.3d_model/02.3d_model/Delta-abrB/Delta-abrB.pdb, /work/frasergen/backup/3d/project/Interactome/240033_kcybgj_20240313/06.personal/analysis_aftersale_20240529/02.3d_model/02.3d_model/Delta-abrB/Delta-abrB.pml
    output: /work/frasergen/backup/3d/project/Interactome/240033_kcybgj_20240313/06.personal/analysis_aftersale_20240529/02.3d_model/03.gif/Delta-abrB/pngs/fig_240.png
    jobid: 57
    wildcards: sample=Delta-abrB, batch=240
    resources: tmpdir=/tmp

Submitted job 57 with external jobid 'Submitted batch job 7979965'.

[Wed May 29 16:24:07 2024]
rule png:
    input: /work/frasergen/backup/3d/project/Interactome/240033_kcybgj_20240313/06.personal/analysis_aftersale_20240529/02.3d_model/02.3d_model/Delta-abrB/Delta-abrB.pdb, /work/frasergen/backup/3d/project/Interactome/240033_kcybgj_20240313/06.personal/analysis_aftersale_20240529/02.3d_model/02.3d_model/Delta-abrB/Delta-abrB.pml
    output: /work/frasergen/backup/3d/project/Interactome/240033_kcybgj_20240313/06.personal/analysis_aftersale_20240529/02.3d_model/03.gif/Delta-abrB/pngs/fig_180.png
    jobid: 51
    wildcards: sample=Delta-abrB, batch=180
    resources: tmpdir=/tmp

Submitted job 51 with external jobid 'Submitted batch job 7979966'.

[Wed May 29 16:24:07 2024]
rule png:
    input: /work/frasergen/backup/3d/project/Interactome/240033_kcybgj_20240313/06.personal/analysis_aftersale_20240529/02.3d_model/02.3d_model/Delta-abrB/Delta-abrB.pdb, /work/frasergen/backup/3d/project/Interactome/240033_kcybgj_20240313/06.personal/analysis_aftersale_20240529/02.3d_model/02.3d_model/Delta-abrB/Delta-abrB.pml
    output: /work/frasergen/backup/3d/project/Interactome/240033_kcybgj_20240313/06.personal/analysis_aftersale_20240529/02.3d_model/03.gif/Delta-abrB/pngs/fig_040.png
    jobid: 37
    wildcards: sample=Delta-abrB, batch=040
    resources: tmpdir=/tmp

Submitted job 37 with external jobid 'Submitted batch job 7979967'.

[Wed May 29 16:24:07 2024]
rule png:
    input: /work/frasergen/backup/3d/project/Interactome/240033_kcybgj_20240313/06.personal/analysis_aftersale_20240529/02.3d_model/02.3d_model/Delta-abrB/Delta-abrB.pdb, /work/frasergen/backup/3d/project/Interactome/240033_kcybgj_20240313/06.personal/analysis_aftersale_20240529/02.3d_model/02.3d_model/Delta-abrB/Delta-abrB.pml
    output: /work/frasergen/backup/3d/project/Interactome/240033_kcybgj_20240313/06.personal/analysis_aftersale_20240529/02.3d_model/03.gif/Delta-abrB/pngs/fig_110.png
    jobid: 44
    wildcards: sample=Delta-abrB, batch=110
    resources: tmpdir=/tmp

Submitted job 44 with external jobid 'Submitted batch job 7979968'.

[Wed May 29 16:24:07 2024]
rule png:
    input: /work/frasergen/backup/3d/project/Interactome/240033_kcybgj_20240313/06.personal/analysis_aftersale_20240529/02.3d_model/02.3d_model/Delta-abrB/Delta-abrB.pdb, /work/frasergen/backup/3d/project/Interactome/240033_kcybgj_20240313/06.personal/analysis_aftersale_20240529/02.3d_model/02.3d_model/Delta-abrB/Delta-abrB.pml
    output: /work/frasergen/backup/3d/project/Interactome/240033_kcybgj_20240313/06.personal/analysis_aftersale_20240529/02.3d_model/03.gif/Delta-abrB/pngs/fig_050.png
    jobid: 38
    wildcards: sample=Delta-abrB, batch=050
    resources: tmpdir=/tmp

Submitted job 38 with external jobid 'Submitted batch job 7979969'.

[Wed May 29 16:24:07 2024]
rule png:
    input: /work/frasergen/backup/3d/project/Interactome/240033_kcybgj_20240313/06.personal/analysis_aftersale_20240529/02.3d_model/02.3d_model/Delta-abrB/Delta-abrB.pdb, /work/frasergen/backup/3d/project/Interactome/240033_kcybgj_20240313/06.personal/analysis_aftersale_20240529/02.3d_model/02.3d_model/Delta-abrB/Delta-abrB.pml
    output: /work/frasergen/backup/3d/project/Interactome/240033_kcybgj_20240313/06.personal/analysis_aftersale_20240529/02.3d_model/03.gif/Delta-abrB/pngs/fig_190.png
    jobid: 52
    wildcards: sample=Delta-abrB, batch=190
    resources: tmpdir=/tmp

Submitted job 52 with external jobid 'Submitted batch job 7979970'.

[Wed May 29 16:24:08 2024]
rule png:
    input: /work/frasergen/backup/3d/project/Interactome/240033_kcybgj_20240313/06.personal/analysis_aftersale_20240529/02.3d_model/02.3d_model/Delta-abrB/Delta-abrB.pdb, /work/frasergen/backup/3d/project/Interactome/240033_kcybgj_20240313/06.personal/analysis_aftersale_20240529/02.3d_model/02.3d_model/Delta-abrB/Delta-abrB.pml
    output: /work/frasergen/backup/3d/project/Interactome/240033_kcybgj_20240313/06.personal/analysis_aftersale_20240529/02.3d_model/03.gif/Delta-abrB/pngs/fig_120.png
    jobid: 45
    wildcards: sample=Delta-abrB, batch=120
    resources: tmpdir=/tmp

Submitted job 45 with external jobid 'Submitted batch job 7979971'.

[Wed May 29 16:24:08 2024]
rule png:
    input: /work/frasergen/backup/3d/project/Interactome/240033_kcybgj_20240313/06.personal/analysis_aftersale_20240529/02.3d_model/02.3d_model/Delta-abrB/Delta-abrB.pdb, /work/frasergen/backup/3d/project/Interactome/240033_kcybgj_20240313/06.personal/analysis_aftersale_20240529/02.3d_model/02.3d_model/Delta-abrB/Delta-abrB.pml
    output: /work/frasergen/backup/3d/project/Interactome/240033_kcybgj_20240313/06.personal/analysis_aftersale_20240529/02.3d_model/03.gif/Delta-abrB/pngs/fig_060.png
    jobid: 39
    wildcards: sample=Delta-abrB, batch=060
    resources: tmpdir=/tmp

Submitted job 39 with external jobid 'Submitted batch job 7979972'.

[Wed May 29 16:24:08 2024]
rule png:
    input: /work/frasergen/backup/3d/project/Interactome/240033_kcybgj_20240313/06.personal/analysis_aftersale_20240529/02.3d_model/02.3d_model/Delta-abrB/Delta-abrB.pdb, /work/frasergen/backup/3d/project/Interactome/240033_kcybgj_20240313/06.personal/analysis_aftersale_20240529/02.3d_model/02.3d_model/Delta-abrB/Delta-abrB.pml
    output: /work/frasergen/backup/3d/project/Interactome/240033_kcybgj_20240313/06.personal/analysis_aftersale_20240529/02.3d_model/03.gif/Delta-abrB/pngs/fig_200.png
    jobid: 53
    wildcards: sample=Delta-abrB, batch=200
    resources: tmpdir=/tmp

Submitted job 53 with external jobid 'Submitted batch job 7979974'.

[Wed May 29 16:24:08 2024]
rule png:
    input: /work/frasergen/backup/3d/project/Interactome/240033_kcybgj_20240313/06.personal/analysis_aftersale_20240529/02.3d_model/02.3d_model/Delta-abrB/Delta-abrB.pdb, /work/frasergen/backup/3d/project/Interactome/240033_kcybgj_20240313/06.personal/analysis_aftersale_20240529/02.3d_model/02.3d_model/Delta-abrB/Delta-abrB.pml
    output: /work/frasergen/backup/3d/project/Interactome/240033_kcybgj_20240313/06.personal/analysis_aftersale_20240529/02.3d_model/03.gif/Delta-abrB/pngs/fig_130.png
    jobid: 46
    wildcards: sample=Delta-abrB, batch=130
    resources: tmpdir=/tmp

Submitted job 46 with external jobid 'Submitted batch job 7979975'.

[Wed May 29 16:24:09 2024]
rule png:
    input: /work/frasergen/backup/3d/project/Interactome/240033_kcybgj_20240313/06.personal/analysis_aftersale_20240529/02.3d_model/02.3d_model/Delta-abrB/Delta-abrB.pdb, /work/frasergen/backup/3d/project/Interactome/240033_kcybgj_20240313/06.personal/analysis_aftersale_20240529/02.3d_model/02.3d_model/Delta-abrB/Delta-abrB.pml
    output: /work/frasergen/backup/3d/project/Interactome/240033_kcybgj_20240313/06.personal/analysis_aftersale_20240529/02.3d_model/03.gif/Delta-abrB/pngs/fig_070.png
    jobid: 40
    wildcards: sample=Delta-abrB, batch=070
    resources: tmpdir=/tmp

Submitted job 40 with external jobid 'Submitted batch job 7979976'.

[Wed May 29 16:24:09 2024]
rule png:
    input: /work/frasergen/backup/3d/project/Interactome/240033_kcybgj_20240313/06.personal/analysis_aftersale_20240529/02.3d_model/02.3d_model/Delta-abrB/Delta-abrB.pdb, /work/frasergen/backup/3d/project/Interactome/240033_kcybgj_20240313/06.personal/analysis_aftersale_20240529/02.3d_model/02.3d_model/Delta-abrB/Delta-abrB.pml
    output: /work/frasergen/backup/3d/project/Interactome/240033_kcybgj_20240313/06.personal/analysis_aftersale_20240529/02.3d_model/03.gif/Delta-abrB/pngs/fig_210.png
    jobid: 54
    wildcards: sample=Delta-abrB, batch=210
    resources: tmpdir=/tmp

Submitted job 54 with external jobid 'Submitted batch job 7979977'.

[Wed May 29 16:24:09 2024]
rule chrom:
    input: /work/frasergen/backup/3d/project/Interactome/240033_kcybgj_20240313/06.personal/analysis_aftersale_20240529/02.3d_model/02.3d_model/Delta-abrB/Delta-abrB.pdb, /work/frasergen/backup/3d/project/Interactome/240033_kcybgj_20240313/06.personal/analysis_aftersale_20240529/02.3d_model/02.3d_model/Delta-abrB/Delta-abrB.pml
    output: /work/frasergen/backup/3d/project/Interactome/240033_kcybgj_20240313/06.personal/analysis_aftersale_20240529/02.3d_model/03.gif/Delta-abrB/chrs/chr1/chr1_2.png
    jobid: 5
    wildcards: sample=Delta-abrB, chrom=chr1
    resources: tmpdir=/tmp

Submitted job 5 with external jobid 'Submitted batch job 7979978'.

[Wed May 29 16:24:09 2024]
rule png:
    input: /work/frasergen/backup/3d/project/Interactome/240033_kcybgj_20240313/06.personal/analysis_aftersale_20240529/02.3d_model/02.3d_model/Delta-abrB/Delta-abrB.pdb, /work/frasergen/backup/3d/project/Interactome/240033_kcybgj_20240313/06.personal/analysis_aftersale_20240529/02.3d_model/02.3d_model/Delta-abrB/Delta-abrB.pml
    output: /work/frasergen/backup/3d/project/Interactome/240033_kcybgj_20240313/06.personal/analysis_aftersale_20240529/02.3d_model/03.gif/Delta-abrB/pngs/fig_140.png
    jobid: 47
    wildcards: sample=Delta-abrB, batch=140
    resources: tmpdir=/tmp

Submitted job 47 with external jobid 'Submitted batch job 7979979'.

[Wed May 29 16:24:09 2024]
rule png:
    input: /work/frasergen/backup/3d/project/Interactome/240033_kcybgj_20240313/06.personal/analysis_aftersale_20240529/02.3d_model/02.3d_model/Delta-abrB/Delta-abrB.pdb, /work/frasergen/backup/3d/project/Interactome/240033_kcybgj_20240313/06.personal/analysis_aftersale_20240529/02.3d_model/02.3d_model/Delta-abrB/Delta-abrB.pml
    output: /work/frasergen/backup/3d/project/Interactome/240033_kcybgj_20240313/06.personal/analysis_aftersale_20240529/02.3d_model/03.gif/Delta-abrB/pngs/fig_080.png
    jobid: 41
    wildcards: sample=Delta-abrB, batch=080
    resources: tmpdir=/tmp

Submitted job 41 with external jobid 'Submitted batch job 7979980'.

[Wed May 29 16:24:10 2024]
rule png:
    input: /work/frasergen/backup/3d/project/Interactome/240033_kcybgj_20240313/06.personal/analysis_aftersale_20240529/02.3d_model/02.3d_model/Delta-abrB/Delta-abrB.pdb, /work/frasergen/backup/3d/project/Interactome/240033_kcybgj_20240313/06.personal/analysis_aftersale_20240529/02.3d_model/02.3d_model/Delta-abrB/Delta-abrB.pml
    output: /work/frasergen/backup/3d/project/Interactome/240033_kcybgj_20240313/06.personal/analysis_aftersale_20240529/02.3d_model/03.gif/Delta-abrB/pngs/fig_220.png
    jobid: 55
    wildcards: sample=Delta-abrB, batch=220
    resources: tmpdir=/tmp

Submitted job 55 with external jobid 'Submitted batch job 7979981'.

[Wed May 29 16:24:10 2024]
rule png:
    input: /work/frasergen/backup/3d/project/Interactome/240033_kcybgj_20240313/06.personal/analysis_aftersale_20240529/02.3d_model/02.3d_model/Delta-abrB/Delta-abrB.pdb, /work/frasergen/backup/3d/project/Interactome/240033_kcybgj_20240313/06.personal/analysis_aftersale_20240529/02.3d_model/02.3d_model/Delta-abrB/Delta-abrB.pml
    output: /work/frasergen/backup/3d/project/Interactome/240033_kcybgj_20240313/06.personal/analysis_aftersale_20240529/02.3d_model/03.gif/Delta-abrB/pngs/fig_010.png
    jobid: 34
    wildcards: sample=Delta-abrB, batch=010
    resources: tmpdir=/tmp

Submitted job 34 with external jobid 'Submitted batch job 7979982'.

[Wed May 29 16:24:10 2024]
rule png:
    input: /work/frasergen/backup/3d/project/Interactome/240033_kcybgj_20240313/06.personal/analysis_aftersale_20240529/02.3d_model/02.3d_model/Delta-abrB/Delta-abrB.pdb, /work/frasergen/backup/3d/project/Interactome/240033_kcybgj_20240313/06.personal/analysis_aftersale_20240529/02.3d_model/02.3d_model/Delta-abrB/Delta-abrB.pml
    output: /work/frasergen/backup/3d/project/Interactome/240033_kcybgj_20240313/06.personal/analysis_aftersale_20240529/02.3d_model/03.gif/Delta-abrB/pngs/fig_150.png
    jobid: 48
    wildcards: sample=Delta-abrB, batch=150
    resources: tmpdir=/tmp

Submitted job 48 with external jobid 'Submitted batch job 7979983'.

[Wed May 29 16:24:10 2024]
rule png:
    input: /work/frasergen/backup/3d/project/Interactome/240033_kcybgj_20240313/06.personal/analysis_aftersale_20240529/02.3d_model/02.3d_model/Delta-abrB/Delta-abrB.pdb, /work/frasergen/backup/3d/project/Interactome/240033_kcybgj_20240313/06.personal/analysis_aftersale_20240529/02.3d_model/02.3d_model/Delta-abrB/Delta-abrB.pml
    output: /work/frasergen/backup/3d/project/Interactome/240033_kcybgj_20240313/06.personal/analysis_aftersale_20240529/02.3d_model/03.gif/Delta-abrB/pngs/fig_020.png
    jobid: 35
    wildcards: sample=Delta-abrB, batch=020
    resources: tmpdir=/tmp

Submitted job 35 with external jobid 'Submitted batch job 7979984'.
[Wed May 29 16:25:41 2024]
Finished job 5.
1 of 53 steps (2%) done

[Wed May 29 16:25:41 2024]
rule png:
    input: /work/frasergen/backup/3d/project/Interactome/240033_kcybgj_20240313/06.personal/analysis_aftersale_20240529/02.3d_model/02.3d_model/Delta-abrB/Delta-abrB.pdb, /work/frasergen/backup/3d/project/Interactome/240033_kcybgj_20240313/06.personal/analysis_aftersale_20240529/02.3d_model/02.3d_model/Delta-abrB/Delta-abrB.pml
    output: /work/frasergen/backup/3d/project/Interactome/240033_kcybgj_20240313/06.personal/analysis_aftersale_20240529/02.3d_model/03.gif/Delta-abrB/pngs/fig_160.png
    jobid: 49
    wildcards: sample=Delta-abrB, batch=160
    resources: tmpdir=/tmp

Submitted job 49 with external jobid 'Submitted batch job 7980182'.
[Wed May 29 16:32:53 2024]
Finished job 45.
2 of 53 steps (4%) done

[Wed May 29 16:32:53 2024]
rule png:
    input: /work/frasergen/backup/3d/project/Interactome/240033_kcybgj_20240313/06.personal/analysis_aftersale_20240529/02.3d_model/02.3d_model/Bs168/Bs168.pdb, /work/frasergen/backup/3d/project/Interactome/240033_kcybgj_20240313/06.personal/analysis_aftersale_20240529/02.3d_model/02.3d_model/Bs168/Bs168.pml
    output: /work/frasergen/backup/3d/project/Interactome/240033_kcybgj_20240313/06.personal/analysis_aftersale_20240529/02.3d_model/03.gif/Bs168/pngs/fig_060.png
    jobid: 14
    wildcards: sample=Bs168, batch=060
    resources: tmpdir=/tmp

Submitted job 14 with external jobid 'Submitted batch job 7981222'.
[Wed May 29 16:33:04 2024]
Finished job 42.
3 of 53 steps (6%) done

[Wed May 29 16:33:04 2024]
rule png:
    input: /work/frasergen/backup/3d/project/Interactome/240033_kcybgj_20240313/06.personal/analysis_aftersale_20240529/02.3d_model/02.3d_model/Bs168/Bs168.pdb, /work/frasergen/backup/3d/project/Interactome/240033_kcybgj_20240313/06.personal/analysis_aftersale_20240529/02.3d_model/02.3d_model/Bs168/Bs168.pml
    output: /work/frasergen/backup/3d/project/Interactome/240033_kcybgj_20240313/06.personal/analysis_aftersale_20240529/02.3d_model/03.gif/Bs168/pngs/fig_200.png
    jobid: 28
    wildcards: sample=Bs168, batch=200
    resources: tmpdir=/tmp

[Wed May 29 16:33:04 2024]
Finished job 36.
4 of 53 steps (8%) done
Submitted job 28 with external jobid 'Submitted batch job 7981242'.

[Wed May 29 16:33:04 2024]
rule png:
    input: /work/frasergen/backup/3d/project/Interactome/240033_kcybgj_20240313/06.personal/analysis_aftersale_20240529/02.3d_model/02.3d_model/Bs168/Bs168.pdb, /work/frasergen/backup/3d/project/Interactome/240033_kcybgj_20240313/06.personal/analysis_aftersale_20240529/02.3d_model/02.3d_model/Bs168/Bs168.pml
    output: /work/frasergen/backup/3d/project/Interactome/240033_kcybgj_20240313/06.personal/analysis_aftersale_20240529/02.3d_model/03.gif/Bs168/pngs/fig_140.png
    jobid: 22
    wildcards: sample=Bs168, batch=140
    resources: tmpdir=/tmp

[Wed May 29 16:33:05 2024]
Finished job 52.
5 of 53 steps (9%) done
Submitted job 22 with external jobid 'Submitted batch job 7981244'.

[Wed May 29 16:33:06 2024]
rule png:
    input: /work/frasergen/backup/3d/project/Interactome/240033_kcybgj_20240313/06.personal/analysis_aftersale_20240529/02.3d_model/02.3d_model/Bs168/Bs168.pdb, /work/frasergen/backup/3d/project/Interactome/240033_kcybgj_20240313/06.personal/analysis_aftersale_20240529/02.3d_model/02.3d_model/Bs168/Bs168.pml
    output: /work/frasergen/backup/3d/project/Interactome/240033_kcybgj_20240313/06.personal/analysis_aftersale_20240529/02.3d_model/03.gif/Bs168/pngs/fig_210.png
    jobid: 29
    wildcards: sample=Bs168, batch=210
    resources: tmpdir=/tmp

Submitted job 29 with external jobid 'Submitted batch job 7981245'.
[Wed May 29 16:33:17 2024]
Finished job 38.
6 of 53 steps (11%) done

[Wed May 29 16:33:17 2024]
rule chrom:
    input: /work/frasergen/backup/3d/project/Interactome/240033_kcybgj_20240313/06.personal/analysis_aftersale_20240529/02.3d_model/02.3d_model/Bs168/Bs168.pdb, /work/frasergen/backup/3d/project/Interactome/240033_kcybgj_20240313/06.personal/analysis_aftersale_20240529/02.3d_model/02.3d_model/Bs168/Bs168.pml
    output: /work/frasergen/backup/3d/project/Interactome/240033_kcybgj_20240313/06.personal/analysis_aftersale_20240529/02.3d_model/03.gif/Bs168/chrs/chr1/chr1_2.png
    jobid: 1
    wildcards: sample=Bs168, chrom=chr1
    resources: tmpdir=/tmp

Submitted job 1 with external jobid 'Submitted batch job 7981278'.
[Wed May 29 16:33:28 2024]
Finished job 56.
7 of 53 steps (13%) done

[Wed May 29 16:33:28 2024]
rule png:
    input: /work/frasergen/backup/3d/project/Interactome/240033_kcybgj_20240313/06.personal/analysis_aftersale_20240529/02.3d_model/02.3d_model/Bs168/Bs168.pdb, /work/frasergen/backup/3d/project/Interactome/240033_kcybgj_20240313/06.personal/analysis_aftersale_20240529/02.3d_model/02.3d_model/Bs168/Bs168.pml
    output: /work/frasergen/backup/3d/project/Interactome/240033_kcybgj_20240313/06.personal/analysis_aftersale_20240529/02.3d_model/03.gif/Bs168/pngs/fig_070.png
    jobid: 15
    wildcards: sample=Bs168, batch=070
    resources: tmpdir=/tmp

[Wed May 29 16:33:28 2024]
Finished job 57.
8 of 53 steps (15%) done
Submitted job 15 with external jobid 'Submitted batch job 7981305'.

[Wed May 29 16:33:29 2024]
rule png:
    input: /work/frasergen/backup/3d/project/Interactome/240033_kcybgj_20240313/06.personal/analysis_aftersale_20240529/02.3d_model/02.3d_model/Bs168/Bs168.pdb, /work/frasergen/backup/3d/project/Interactome/240033_kcybgj_20240313/06.personal/analysis_aftersale_20240529/02.3d_model/02.3d_model/Bs168/Bs168.pml
    output: /work/frasergen/backup/3d/project/Interactome/240033_kcybgj_20240313/06.personal/analysis_aftersale_20240529/02.3d_model/03.gif/Bs168/pngs/fig_150.png
    jobid: 23
    wildcards: sample=Bs168, batch=150
    resources: tmpdir=/tmp

Submitted job 23 with external jobid 'Submitted batch job 7981307'.
[Wed May 29 16:33:41 2024]
Finished job 44.
9 of 53 steps (17%) done

[Wed May 29 16:33:41 2024]
rule png:
    input: /work/frasergen/backup/3d/project/Interactome/240033_kcybgj_20240313/06.personal/analysis_aftersale_20240529/02.3d_model/02.3d_model/Bs168/Bs168.pdb, /work/frasergen/backup/3d/project/Interactome/240033_kcybgj_20240313/06.personal/analysis_aftersale_20240529/02.3d_model/02.3d_model/Bs168/Bs168.pml
    output: /work/frasergen/backup/3d/project/Interactome/240033_kcybgj_20240313/06.personal/analysis_aftersale_20240529/02.3d_model/03.gif/Bs168/pngs/fig_030.png
    jobid: 11
    wildcards: sample=Bs168, batch=030
    resources: tmpdir=/tmp

Submitted job 11 with external jobid 'Submitted batch job 7981338'.
[Wed May 29 16:34:05 2024]
Finished job 43.
10 of 53 steps (19%) done

[Wed May 29 16:34:05 2024]
rule png:
    input: /work/frasergen/backup/3d/project/Interactome/240033_kcybgj_20240313/06.personal/analysis_aftersale_20240529/02.3d_model/02.3d_model/Bs168/Bs168.pdb, /work/frasergen/backup/3d/project/Interactome/240033_kcybgj_20240313/06.personal/analysis_aftersale_20240529/02.3d_model/02.3d_model/Bs168/Bs168.pml
    output: /work/frasergen/backup/3d/project/Interactome/240033_kcybgj_20240313/06.personal/analysis_aftersale_20240529/02.3d_model/03.gif/Bs168/pngs/fig_170.png
    jobid: 25
    wildcards: sample=Bs168, batch=170
    resources: tmpdir=/tmp

[Wed May 29 16:34:06 2024]
Finished job 51.
11 of 53 steps (21%) done
Submitted job 25 with external jobid 'Submitted batch job 7981389'.

[Wed May 29 16:34:06 2024]
rule png:
    input: /work/frasergen/backup/3d/project/Interactome/240033_kcybgj_20240313/06.personal/analysis_aftersale_20240529/02.3d_model/02.3d_model/Bs168/Bs168.pdb, /work/frasergen/backup/3d/project/Interactome/240033_kcybgj_20240313/06.personal/analysis_aftersale_20240529/02.3d_model/02.3d_model/Bs168/Bs168.pml
    output: /work/frasergen/backup/3d/project/Interactome/240033_kcybgj_20240313/06.personal/analysis_aftersale_20240529/02.3d_model/03.gif/Bs168/pngs/fig_050.png
    jobid: 13
    wildcards: sample=Bs168, batch=050
    resources: tmpdir=/tmp

Submitted job 13 with external jobid 'Submitted batch job 7981391'.
[Wed May 29 16:34:18 2024]
Finished job 50.
12 of 53 steps (23%) done

[Wed May 29 16:34:18 2024]
rule png:
    input: /work/frasergen/backup/3d/project/Interactome/240033_kcybgj_20240313/06.personal/analysis_aftersale_20240529/02.3d_model/02.3d_model/Bs168/Bs168.pdb, /work/frasergen/backup/3d/project/Interactome/240033_kcybgj_20240313/06.personal/analysis_aftersale_20240529/02.3d_model/02.3d_model/Bs168/Bs168.pml
    output: /work/frasergen/backup/3d/project/Interactome/240033_kcybgj_20240313/06.personal/analysis_aftersale_20240529/02.3d_model/03.gif/Bs168/pngs/fig_190.png
    jobid: 27
    wildcards: sample=Bs168, batch=190
    resources: tmpdir=/tmp

[Wed May 29 16:34:18 2024]
Finished job 37.
13 of 53 steps (25%) done
[Wed May 29 16:34:18 2024]
Finished job 39.
14 of 53 steps (26%) done
Submitted job 27 with external jobid 'Submitted batch job 7981410'.

[Wed May 29 16:34:18 2024]
rule png:
    input: /work/frasergen/backup/3d/project/Interactome/240033_kcybgj_20240313/06.personal/analysis_aftersale_20240529/02.3d_model/02.3d_model/Bs168/Bs168.pdb, /work/frasergen/backup/3d/project/Interactome/240033_kcybgj_20240313/06.personal/analysis_aftersale_20240529/02.3d_model/02.3d_model/Bs168/Bs168.pml
    output: /work/frasergen/backup/3d/project/Interactome/240033_kcybgj_20240313/06.personal/analysis_aftersale_20240529/02.3d_model/03.gif/Bs168/pngs/fig_080.png
    jobid: 16
    wildcards: sample=Bs168, batch=080
    resources: tmpdir=/tmp

Submitted job 16 with external jobid 'Submitted batch job 7981411'.

[Wed May 29 16:34:18 2024]
rule png:
    input: /work/frasergen/backup/3d/project/Interactome/240033_kcybgj_20240313/06.personal/analysis_aftersale_20240529/02.3d_model/02.3d_model/Bs168/Bs168.pdb, /work/frasergen/backup/3d/project/Interactome/240033_kcybgj_20240313/06.personal/analysis_aftersale_20240529/02.3d_model/02.3d_model/Bs168/Bs168.pml
    output: /work/frasergen/backup/3d/project/Interactome/240033_kcybgj_20240313/06.personal/analysis_aftersale_20240529/02.3d_model/03.gif/Bs168/pngs/fig_220.png
    jobid: 30
    wildcards: sample=Bs168, batch=220
    resources: tmpdir=/tmp

Submitted job 30 with external jobid 'Submitted batch job 7981413'.
[Wed May 29 16:34:30 2024]
Finished job 40.
15 of 53 steps (28%) done

[Wed May 29 16:34:30 2024]
rule png:
    input: /work/frasergen/backup/3d/project/Interactome/240033_kcybgj_20240313/06.personal/analysis_aftersale_20240529/02.3d_model/02.3d_model/Bs168/Bs168.pdb, /work/frasergen/backup/3d/project/Interactome/240033_kcybgj_20240313/06.personal/analysis_aftersale_20240529/02.3d_model/02.3d_model/Bs168/Bs168.pml
    output: /work/frasergen/backup/3d/project/Interactome/240033_kcybgj_20240313/06.personal/analysis_aftersale_20240529/02.3d_model/03.gif/Bs168/pngs/fig_100.png
    jobid: 18
    wildcards: sample=Bs168, batch=100
    resources: tmpdir=/tmp

Submitted job 18 with external jobid 'Submitted batch job 7981434'.
[Wed May 29 16:34:31 2024]
Finished job 34.
16 of 53 steps (30%) done

[Wed May 29 16:34:31 2024]
rule png:
    input: /work/frasergen/backup/3d/project/Interactome/240033_kcybgj_20240313/06.personal/analysis_aftersale_20240529/02.3d_model/02.3d_model/Bs168/Bs168.pdb, /work/frasergen/backup/3d/project/Interactome/240033_kcybgj_20240313/06.personal/analysis_aftersale_20240529/02.3d_model/02.3d_model/Bs168/Bs168.pml
    output: /work/frasergen/backup/3d/project/Interactome/240033_kcybgj_20240313/06.personal/analysis_aftersale_20240529/02.3d_model/03.gif/Bs168/pngs/fig_240.png
    jobid: 32
    wildcards: sample=Bs168, batch=240
    resources: tmpdir=/tmp

Submitted job 32 with external jobid 'Submitted batch job 7981438'.
[Wed May 29 16:34:42 2024]
Finished job 53.
17 of 53 steps (32%) done

[Wed May 29 16:34:42 2024]
rule png:
    input: /work/frasergen/backup/3d/project/Interactome/240033_kcybgj_20240313/06.personal/analysis_aftersale_20240529/02.3d_model/02.3d_model/Bs168/Bs168.pdb, /work/frasergen/backup/3d/project/Interactome/240033_kcybgj_20240313/06.personal/analysis_aftersale_20240529/02.3d_model/02.3d_model/Bs168/Bs168.pml
    output: /work/frasergen/backup/3d/project/Interactome/240033_kcybgj_20240313/06.personal/analysis_aftersale_20240529/02.3d_model/03.gif/Bs168/pngs/fig_120.png
    jobid: 20
    wildcards: sample=Bs168, batch=120
    resources: tmpdir=/tmp

[Wed May 29 16:34:42 2024]
Finished job 46.
18 of 53 steps (34%) done
Submitted job 20 with external jobid 'Submitted batch job 7981470'.

[Wed May 29 16:34:42 2024]
rule png:
    input: /work/frasergen/backup/3d/project/Interactome/240033_kcybgj_20240313/06.personal/analysis_aftersale_20240529/02.3d_model/02.3d_model/Bs168/Bs168.pdb, /work/frasergen/backup/3d/project/Interactome/240033_kcybgj_20240313/06.personal/analysis_aftersale_20240529/02.3d_model/02.3d_model/Bs168/Bs168.pml
    output: /work/frasergen/backup/3d/project/Interactome/240033_kcybgj_20240313/06.personal/analysis_aftersale_20240529/02.3d_model/03.gif/Bs168/pngs/fig_110.png
    jobid: 19
    wildcards: sample=Bs168, batch=110
    resources: tmpdir=/tmp

Submitted job 19 with external jobid 'Submitted batch job 7981471'.
[Wed May 29 16:34:43 2024]
Finished job 55.
19 of 53 steps (36%) done

[Wed May 29 16:34:43 2024]
rule png:
    input: /work/frasergen/backup/3d/project/Interactome/240033_kcybgj_20240313/06.personal/analysis_aftersale_20240529/02.3d_model/02.3d_model/Bs168/Bs168.pdb, /work/frasergen/backup/3d/project/Interactome/240033_kcybgj_20240313/06.personal/analysis_aftersale_20240529/02.3d_model/02.3d_model/Bs168/Bs168.pml
    output: /work/frasergen/backup/3d/project/Interactome/240033_kcybgj_20240313/06.personal/analysis_aftersale_20240529/02.3d_model/03.gif/Bs168/pngs/fig_160.png
    jobid: 24
    wildcards: sample=Bs168, batch=160
    resources: tmpdir=/tmp

Submitted job 24 with external jobid 'Submitted batch job 7981475'.
[Wed May 29 16:34:54 2024]
Finished job 1.
20 of 53 steps (38%) done

[Wed May 29 16:34:54 2024]
rule png:
    input: /work/frasergen/backup/3d/project/Interactome/240033_kcybgj_20240313/06.personal/analysis_aftersale_20240529/02.3d_model/02.3d_model/Bs168/Bs168.pdb, /work/frasergen/backup/3d/project/Interactome/240033_kcybgj_20240313/06.personal/analysis_aftersale_20240529/02.3d_model/02.3d_model/Bs168/Bs168.pml
    output: /work/frasergen/backup/3d/project/Interactome/240033_kcybgj_20240313/06.personal/analysis_aftersale_20240529/02.3d_model/03.gif/Bs168/pngs/fig_020.png
    jobid: 10
    wildcards: sample=Bs168, batch=020
    resources: tmpdir=/tmp

[Wed May 29 16:34:54 2024]
Finished job 54.
21 of 53 steps (40%) done
[Wed May 29 16:34:54 2024]
Finished job 41.
22 of 53 steps (42%) done
Submitted job 10 with external jobid 'Submitted batch job 7981500'.

[Wed May 29 16:34:54 2024]
rule png:
    input: /work/frasergen/backup/3d/project/Interactome/240033_kcybgj_20240313/06.personal/analysis_aftersale_20240529/02.3d_model/02.3d_model/Bs168/Bs168.pdb, /work/frasergen/backup/3d/project/Interactome/240033_kcybgj_20240313/06.personal/analysis_aftersale_20240529/02.3d_model/02.3d_model/Bs168/Bs168.pml
    output: /work/frasergen/backup/3d/project/Interactome/240033_kcybgj_20240313/06.personal/analysis_aftersale_20240529/02.3d_model/03.gif/Bs168/pngs/fig_040.png
    jobid: 12
    wildcards: sample=Bs168, batch=040
    resources: tmpdir=/tmp

Submitted job 12 with external jobid 'Submitted batch job 7981502'.

[Wed May 29 16:34:54 2024]
rule png:
    input: /work/frasergen/backup/3d/project/Interactome/240033_kcybgj_20240313/06.personal/analysis_aftersale_20240529/02.3d_model/02.3d_model/Bs168/Bs168.pdb, /work/frasergen/backup/3d/project/Interactome/240033_kcybgj_20240313/06.personal/analysis_aftersale_20240529/02.3d_model/02.3d_model/Bs168/Bs168.pml
    output: /work/frasergen/backup/3d/project/Interactome/240033_kcybgj_20240313/06.personal/analysis_aftersale_20240529/02.3d_model/03.gif/Bs168/pngs/fig_180.png
    jobid: 26
    wildcards: sample=Bs168, batch=180
    resources: tmpdir=/tmp

Submitted job 26 with external jobid 'Submitted batch job 7981503'.
[Wed May 29 16:34:55 2024]
Finished job 48.
23 of 53 steps (43%) done

[Wed May 29 16:34:55 2024]
rule png:
    input: /work/frasergen/backup/3d/project/Interactome/240033_kcybgj_20240313/06.personal/analysis_aftersale_20240529/02.3d_model/02.3d_model/Bs168/Bs168.pdb, /work/frasergen/backup/3d/project/Interactome/240033_kcybgj_20240313/06.personal/analysis_aftersale_20240529/02.3d_model/02.3d_model/Bs168/Bs168.pml
    output: /work/frasergen/backup/3d/project/Interactome/240033_kcybgj_20240313/06.personal/analysis_aftersale_20240529/02.3d_model/03.gif/Bs168/pngs/fig_090.png
    jobid: 17
    wildcards: sample=Bs168, batch=090
    resources: tmpdir=/tmp

Submitted job 17 with external jobid 'Submitted batch job 7981506'.
[Wed May 29 16:35:06 2024]
Finished job 47.
24 of 53 steps (45%) done

[Wed May 29 16:35:06 2024]
rule png:
    input: /work/frasergen/backup/3d/project/Interactome/240033_kcybgj_20240313/06.personal/analysis_aftersale_20240529/02.3d_model/02.3d_model/Bs168/Bs168.pdb, /work/frasergen/backup/3d/project/Interactome/240033_kcybgj_20240313/06.personal/analysis_aftersale_20240529/02.3d_model/02.3d_model/Bs168/Bs168.pml
    output: /work/frasergen/backup/3d/project/Interactome/240033_kcybgj_20240313/06.personal/analysis_aftersale_20240529/02.3d_model/03.gif/Bs168/pngs/fig_230.png
    jobid: 31
    wildcards: sample=Bs168, batch=230
    resources: tmpdir=/tmp

Submitted job 31 with external jobid 'Submitted batch job 7981530'.
[Wed May 29 16:35:19 2024]
Finished job 35.
25 of 53 steps (47%) done

[Wed May 29 16:35:19 2024]
rule png:
    input: /work/frasergen/backup/3d/project/Interactome/240033_kcybgj_20240313/06.personal/analysis_aftersale_20240529/02.3d_model/02.3d_model/Bs168/Bs168.pdb, /work/frasergen/backup/3d/project/Interactome/240033_kcybgj_20240313/06.personal/analysis_aftersale_20240529/02.3d_model/02.3d_model/Bs168/Bs168.pml
    output: /work/frasergen/backup/3d/project/Interactome/240033_kcybgj_20240313/06.personal/analysis_aftersale_20240529/02.3d_model/03.gif/Bs168/pngs/fig_130.png
    jobid: 21
    wildcards: sample=Bs168, batch=130
    resources: tmpdir=/tmp

Submitted job 21 with external jobid 'Submitted batch job 7981555'.
[Wed May 29 16:36:18 2024]
Finished job 49.
26 of 53 steps (49%) done

[Wed May 29 16:36:18 2024]
rule gif:
    input: /work/frasergen/backup/3d/project/Interactome/240033_kcybgj_20240313/06.personal/analysis_aftersale_20240529/02.3d_model/03.gif/Delta-abrB/pngs/fig_010.png, /work/frasergen/backup/3d/project/Interactome/240033_kcybgj_20240313/06.personal/analysis_aftersale_20240529/02.3d_model/03.gif/Delta-abrB/pngs/fig_020.png, /work/frasergen/backup/3d/project/Interactome/240033_kcybgj_20240313/06.personal/analysis_aftersale_20240529/02.3d_model/03.gif/Delta-abrB/pngs/fig_030.png, /work/frasergen/backup/3d/project/Interactome/240033_kcybgj_20240313/06.personal/analysis_aftersale_20240529/02.3d_model/03.gif/Delta-abrB/pngs/fig_040.png, /work/frasergen/backup/3d/project/Interactome/240033_kcybgj_20240313/06.personal/analysis_aftersale_20240529/02.3d_model/03.gif/Delta-abrB/pngs/fig_050.png, /work/frasergen/backup/3d/project/Interactome/240033_kcybgj_20240313/06.personal/analysis_aftersale_20240529/02.3d_model/03.gif/Delta-abrB/pngs/fig_060.png, /work/frasergen/backup/3d/project/Interactome/240033_kcybgj_20240313/06.personal/analysis_aftersale_20240529/02.3d_model/03.gif/Delta-abrB/pngs/fig_070.png, /work/frasergen/backup/3d/project/Interactome/240033_kcybgj_20240313/06.personal/analysis_aftersale_20240529/02.3d_model/03.gif/Delta-abrB/pngs/fig_080.png, /work/frasergen/backup/3d/project/Interactome/240033_kcybgj_20240313/06.personal/analysis_aftersale_20240529/02.3d_model/03.gif/Delta-abrB/pngs/fig_090.png, /work/frasergen/backup/3d/project/Interactome/240033_kcybgj_20240313/06.personal/analysis_aftersale_20240529/02.3d_model/03.gif/Delta-abrB/pngs/fig_100.png, /work/frasergen/backup/3d/project/Interactome/240033_kcybgj_20240313/06.personal/analysis_aftersale_20240529/02.3d_model/03.gif/Delta-abrB/pngs/fig_110.png, /work/frasergen/backup/3d/project/Interactome/240033_kcybgj_20240313/06.personal/analysis_aftersale_20240529/02.3d_model/03.gif/Delta-abrB/pngs/fig_120.png, /work/frasergen/backup/3d/project/Interactome/240033_kcybgj_20240313/06.personal/analysis_aftersale_20240529/02.3d_model/03.gif/Delta-abrB/pngs/fig_130.png, /work/frasergen/backup/3d/project/Interactome/240033_kcybgj_20240313/06.personal/analysis_aftersale_20240529/02.3d_model/03.gif/Delta-abrB/pngs/fig_140.png, /work/frasergen/backup/3d/project/Interactome/240033_kcybgj_20240313/06.personal/analysis_aftersale_20240529/02.3d_model/03.gif/Delta-abrB/pngs/fig_150.png, /work/frasergen/backup/3d/project/Interactome/240033_kcybgj_20240313/06.personal/analysis_aftersale_20240529/02.3d_model/03.gif/Delta-abrB/pngs/fig_160.png, /work/frasergen/backup/3d/project/Interactome/240033_kcybgj_20240313/06.personal/analysis_aftersale_20240529/02.3d_model/03.gif/Delta-abrB/pngs/fig_170.png, /work/frasergen/backup/3d/project/Interactome/240033_kcybgj_20240313/06.personal/analysis_aftersale_20240529/02.3d_model/03.gif/Delta-abrB/pngs/fig_180.png, /work/frasergen/backup/3d/project/Interactome/240033_kcybgj_20240313/06.personal/analysis_aftersale_20240529/02.3d_model/03.gif/Delta-abrB/pngs/fig_190.png, /work/frasergen/backup/3d/project/Interactome/240033_kcybgj_20240313/06.personal/analysis_aftersale_20240529/02.3d_model/03.gif/Delta-abrB/pngs/fig_200.png, /work/frasergen/backup/3d/project/Interactome/240033_kcybgj_20240313/06.personal/analysis_aftersale_20240529/02.3d_model/03.gif/Delta-abrB/pngs/fig_210.png, /work/frasergen/backup/3d/project/Interactome/240033_kcybgj_20240313/06.personal/analysis_aftersale_20240529/02.3d_model/03.gif/Delta-abrB/pngs/fig_220.png, /work/frasergen/backup/3d/project/Interactome/240033_kcybgj_20240313/06.personal/analysis_aftersale_20240529/02.3d_model/03.gif/Delta-abrB/pngs/fig_230.png, /work/frasergen/backup/3d/project/Interactome/240033_kcybgj_20240313/06.personal/analysis_aftersale_20240529/02.3d_model/03.gif/Delta-abrB/pngs/fig_240.png
    output: /work/frasergen/backup/3d/project/Interactome/240033_kcybgj_20240313/06.personal/analysis_aftersale_20240529/02.3d_model/03.gif/Delta-abrB/Delta-abrB.gif, /work/frasergen/backup/3d/project/Interactome/240033_kcybgj_20240313/06.personal/analysis_aftersale_20240529/02.3d_model/03.gif/Delta-abrB/Delta-abrB.mp4
    jobid: 33
    wildcards: sample=Delta-abrB
    resources: tmpdir=/tmp

Submitted job 33 with external jobid 'Submitted batch job 7981679'.
[Wed May 29 16:37:17 2024]
Finished job 33.
27 of 53 steps (51%) done

[Wed May 29 16:37:17 2024]
rule png:
    input: /work/frasergen/backup/3d/project/Interactome/240033_kcybgj_20240313/06.personal/analysis_aftersale_20240529/02.3d_model/02.3d_model/Bs168/Bs168.pdb, /work/frasergen/backup/3d/project/Interactome/240033_kcybgj_20240313/06.personal/analysis_aftersale_20240529/02.3d_model/02.3d_model/Bs168/Bs168.pml
    output: /work/frasergen/backup/3d/project/Interactome/240033_kcybgj_20240313/06.personal/analysis_aftersale_20240529/02.3d_model/03.gif/Bs168/pngs/fig_010.png
    jobid: 9
    wildcards: sample=Bs168, batch=010
    resources: tmpdir=/tmp

Submitted job 9 with external jobid 'Submitted batch job 7981794'.
[Wed May 29 16:42:43 2024]
Finished job 15.
28 of 53 steps (53%) done
[Wed May 29 16:42:43 2024]
Finished job 28.
29 of 53 steps (55%) done
[Wed May 29 16:42:55 2024]
Finished job 22.
30 of 53 steps (57%) done
[Wed May 29 16:42:55 2024]
Finished job 14.
31 of 53 steps (58%) done
[Wed May 29 16:43:07 2024]
Finished job 29.
32 of 53 steps (60%) done
[Wed May 29 16:43:41 2024]
Finished job 11.
33 of 53 steps (62%) done
[Wed May 29 16:43:41 2024]
Finished job 23.
34 of 53 steps (64%) done
[Wed May 29 16:44:03 2024]
Finished job 25.
35 of 53 steps (66%) done
[Wed May 29 16:44:24 2024]
Finished job 18.
36 of 53 steps (68%) done
[Wed May 29 16:44:24 2024]
Finished job 27.
37 of 53 steps (70%) done
[Wed May 29 16:44:24 2024]
Finished job 16.
38 of 53 steps (72%) done
[Wed May 29 16:44:25 2024]
Finished job 13.
39 of 53 steps (74%) done
[Wed May 29 16:44:35 2024]
Finished job 20.
40 of 53 steps (75%) done
[Wed May 29 16:44:35 2024]
Finished job 30.
41 of 53 steps (77%) done
[Wed May 29 16:44:46 2024]
Finished job 19.
42 of 53 steps (79%) done
[Wed May 29 16:44:46 2024]
Finished job 32.
43 of 53 steps (81%) done
[Wed May 29 16:45:17 2024]
Finished job 10.
44 of 53 steps (83%) done
[Wed May 29 16:45:27 2024]
Finished job 12.
45 of 53 steps (85%) done
[Wed May 29 16:45:28 2024]
Finished job 24.
46 of 53 steps (87%) done
[Wed May 29 16:45:28 2024]
Finished job 17.
47 of 53 steps (89%) done
[Wed May 29 16:45:38 2024]
Finished job 31.
48 of 53 steps (91%) done
[Wed May 29 16:45:38 2024]
Finished job 26.
49 of 53 steps (92%) done
[Wed May 29 16:45:48 2024]
Finished job 21.
50 of 53 steps (94%) done
[Wed May 29 16:47:08 2024]
Finished job 9.
51 of 53 steps (96%) done

[Wed May 29 16:47:08 2024]
rule gif:
    input: /work/frasergen/backup/3d/project/Interactome/240033_kcybgj_20240313/06.personal/analysis_aftersale_20240529/02.3d_model/03.gif/Bs168/pngs/fig_010.png, /work/frasergen/backup/3d/project/Interactome/240033_kcybgj_20240313/06.personal/analysis_aftersale_20240529/02.3d_model/03.gif/Bs168/pngs/fig_020.png, /work/frasergen/backup/3d/project/Interactome/240033_kcybgj_20240313/06.personal/analysis_aftersale_20240529/02.3d_model/03.gif/Bs168/pngs/fig_030.png, /work/frasergen/backup/3d/project/Interactome/240033_kcybgj_20240313/06.personal/analysis_aftersale_20240529/02.3d_model/03.gif/Bs168/pngs/fig_040.png, /work/frasergen/backup/3d/project/Interactome/240033_kcybgj_20240313/06.personal/analysis_aftersale_20240529/02.3d_model/03.gif/Bs168/pngs/fig_050.png, /work/frasergen/backup/3d/project/Interactome/240033_kcybgj_20240313/06.personal/analysis_aftersale_20240529/02.3d_model/03.gif/Bs168/pngs/fig_060.png, /work/frasergen/backup/3d/project/Interactome/240033_kcybgj_20240313/06.personal/analysis_aftersale_20240529/02.3d_model/03.gif/Bs168/pngs/fig_070.png, /work/frasergen/backup/3d/project/Interactome/240033_kcybgj_20240313/06.personal/analysis_aftersale_20240529/02.3d_model/03.gif/Bs168/pngs/fig_080.png, /work/frasergen/backup/3d/project/Interactome/240033_kcybgj_20240313/06.personal/analysis_aftersale_20240529/02.3d_model/03.gif/Bs168/pngs/fig_090.png, /work/frasergen/backup/3d/project/Interactome/240033_kcybgj_20240313/06.personal/analysis_aftersale_20240529/02.3d_model/03.gif/Bs168/pngs/fig_100.png, /work/frasergen/backup/3d/project/Interactome/240033_kcybgj_20240313/06.personal/analysis_aftersale_20240529/02.3d_model/03.gif/Bs168/pngs/fig_110.png, /work/frasergen/backup/3d/project/Interactome/240033_kcybgj_20240313/06.personal/analysis_aftersale_20240529/02.3d_model/03.gif/Bs168/pngs/fig_120.png, /work/frasergen/backup/3d/project/Interactome/240033_kcybgj_20240313/06.personal/analysis_aftersale_20240529/02.3d_model/03.gif/Bs168/pngs/fig_130.png, /work/frasergen/backup/3d/project/Interactome/240033_kcybgj_20240313/06.personal/analysis_aftersale_20240529/02.3d_model/03.gif/Bs168/pngs/fig_140.png, /work/frasergen/backup/3d/project/Interactome/240033_kcybgj_20240313/06.personal/analysis_aftersale_20240529/02.3d_model/03.gif/Bs168/pngs/fig_150.png, /work/frasergen/backup/3d/project/Interactome/240033_kcybgj_20240313/06.personal/analysis_aftersale_20240529/02.3d_model/03.gif/Bs168/pngs/fig_160.png, /work/frasergen/backup/3d/project/Interactome/240033_kcybgj_20240313/06.personal/analysis_aftersale_20240529/02.3d_model/03.gif/Bs168/pngs/fig_170.png, /work/frasergen/backup/3d/project/Interactome/240033_kcybgj_20240313/06.personal/analysis_aftersale_20240529/02.3d_model/03.gif/Bs168/pngs/fig_180.png, /work/frasergen/backup/3d/project/Interactome/240033_kcybgj_20240313/06.personal/analysis_aftersale_20240529/02.3d_model/03.gif/Bs168/pngs/fig_190.png, /work/frasergen/backup/3d/project/Interactome/240033_kcybgj_20240313/06.personal/analysis_aftersale_20240529/02.3d_model/03.gif/Bs168/pngs/fig_200.png, /work/frasergen/backup/3d/project/Interactome/240033_kcybgj_20240313/06.personal/analysis_aftersale_20240529/02.3d_model/03.gif/Bs168/pngs/fig_210.png, /work/frasergen/backup/3d/project/Interactome/240033_kcybgj_20240313/06.personal/analysis_aftersale_20240529/02.3d_model/03.gif/Bs168/pngs/fig_220.png, /work/frasergen/backup/3d/project/Interactome/240033_kcybgj_20240313/06.personal/analysis_aftersale_20240529/02.3d_model/03.gif/Bs168/pngs/fig_230.png, /work/frasergen/backup/3d/project/Interactome/240033_kcybgj_20240313/06.personal/analysis_aftersale_20240529/02.3d_model/03.gif/Bs168/pngs/fig_240.png
    output: /work/frasergen/backup/3d/project/Interactome/240033_kcybgj_20240313/06.personal/analysis_aftersale_20240529/02.3d_model/03.gif/Bs168/Bs168.gif, /work/frasergen/backup/3d/project/Interactome/240033_kcybgj_20240313/06.personal/analysis_aftersale_20240529/02.3d_model/03.gif/Bs168/Bs168.mp4
    jobid: 8
    wildcards: sample=Bs168
    resources: tmpdir=/tmp

Submitted job 8 with external jobid 'Submitted batch job 7983061'.
[Wed May 29 16:47:58 2024]
Finished job 8.
52 of 53 steps (98%) done

[Wed May 29 16:47:58 2024]
localrule all:
    input: /work/frasergen/backup/3d/project/Interactome/240033_kcybgj_20240313/06.personal/analysis_aftersale_20240529/02.3d_model/03.gif/Bs168/chrs/chr1/chr1_2.png, /work/frasergen/backup/3d/project/Interactome/240033_kcybgj_20240313/06.personal/analysis_aftersale_20240529/02.3d_model/03.gif/Delta-abrB/chrs/chr1/chr1_2.png, /work/frasergen/backup/3d/project/Interactome/240033_kcybgj_20240313/06.personal/analysis_aftersale_20240529/02.3d_model/03.gif/Bs168/Bs168.gif, /work/frasergen/backup/3d/project/Interactome/240033_kcybgj_20240313/06.personal/analysis_aftersale_20240529/02.3d_model/03.gif/Delta-abrB/Delta-abrB.gif
    jobid: 0
    resources: tmpdir=/tmp

[Wed May 29 16:47:58 2024]
Finished job 0.
53 of 53 steps (100%) done
Complete log: /work/frasergen/3D/work/shaojie/script/HiC/3d_model/.snakemake/log/2024-05-29T162404.003753.snakemake.log
