Building DAG of jobs...
Using shell: /usr/bin/bash
Provided cluster nodes: 24
Job stats:
job      count    min threads    max threads
-----  -------  -------------  -------------
all          1              1              1
chrom        1              1              1
gif          1              1              1
png         24              1              1
total       27              1              1


[Wed May 29 15:54:25 2024]
rule png:
    input: /work/frasergen/backup/3d/project/Interactome/240137_YanDanBaoJun_20240425/06.personal/analysis_3D_model_20240524/02.3d_model/TD_MM6h/TD_MM6h.pdb, /work/frasergen/backup/3d/project/Interactome/240137_YanDanBaoJun_20240425/06.personal/analysis_3D_model_20240524/02.3d_model/TD_MM6h/TD_MM6h.pml
    output: /work/frasergen/backup/3d/project/Interactome/240137_YanDanBaoJun_20240425/06.personal/analysis_3D_model_20240524/03.gif/TD_MM6h/pngs/fig_150.png
    jobid: 26
    wildcards: sample=TD_MM6h, batch=150
    resources: tmpdir=/tmp

Submitted job 26 with external jobid 'Submitted batch job 7979255'.

[Wed May 29 15:54:26 2024]
rule png:
    input: /work/frasergen/backup/3d/project/Interactome/240137_YanDanBaoJun_20240425/06.personal/analysis_3D_model_20240524/02.3d_model/TD_MM6h/TD_MM6h.pdb, /work/frasergen/backup/3d/project/Interactome/240137_YanDanBaoJun_20240425/06.personal/analysis_3D_model_20240524/02.3d_model/TD_MM6h/TD_MM6h.pml
    output: /work/frasergen/backup/3d/project/Interactome/240137_YanDanBaoJun_20240425/06.personal/analysis_3D_model_20240524/03.gif/TD_MM6h/pngs/fig_010.png
    jobid: 12
    wildcards: sample=TD_MM6h, batch=010
    resources: tmpdir=/tmp

Submitted job 12 with external jobid 'Submitted batch job 7979256'.

[Wed May 29 15:54:26 2024]
rule png:
    input: /work/frasergen/backup/3d/project/Interactome/240137_YanDanBaoJun_20240425/06.personal/analysis_3D_model_20240524/02.3d_model/TD_MM6h/TD_MM6h.pdb, /work/frasergen/backup/3d/project/Interactome/240137_YanDanBaoJun_20240425/06.personal/analysis_3D_model_20240524/02.3d_model/TD_MM6h/TD_MM6h.pml
    output: /work/frasergen/backup/3d/project/Interactome/240137_YanDanBaoJun_20240425/06.personal/analysis_3D_model_20240524/03.gif/TD_MM6h/pngs/fig_230.png
    jobid: 34
    wildcards: sample=TD_MM6h, batch=230
    resources: tmpdir=/tmp

Submitted job 34 with external jobid 'Submitted batch job 7979257'.

[Wed May 29 15:54:26 2024]
rule png:
    input: /work/frasergen/backup/3d/project/Interactome/240137_YanDanBaoJun_20240425/06.personal/analysis_3D_model_20240524/02.3d_model/TD_MM6h/TD_MM6h.pdb, /work/frasergen/backup/3d/project/Interactome/240137_YanDanBaoJun_20240425/06.personal/analysis_3D_model_20240524/02.3d_model/TD_MM6h/TD_MM6h.pml
    output: /work/frasergen/backup/3d/project/Interactome/240137_YanDanBaoJun_20240425/06.personal/analysis_3D_model_20240524/03.gif/TD_MM6h/pngs/fig_090.png
    jobid: 20
    wildcards: sample=TD_MM6h, batch=090
    resources: tmpdir=/tmp

Submitted job 20 with external jobid 'Submitted batch job 7979258'.

[Wed May 29 15:54:27 2024]
rule png:
    input: /work/frasergen/backup/3d/project/Interactome/240137_YanDanBaoJun_20240425/06.personal/analysis_3D_model_20240524/02.3d_model/TD_MM6h/TD_MM6h.pdb, /work/frasergen/backup/3d/project/Interactome/240137_YanDanBaoJun_20240425/06.personal/analysis_3D_model_20240524/02.3d_model/TD_MM6h/TD_MM6h.pml
    output: /work/frasergen/backup/3d/project/Interactome/240137_YanDanBaoJun_20240425/06.personal/analysis_3D_model_20240524/03.gif/TD_MM6h/pngs/fig_020.png
    jobid: 13
    wildcards: sample=TD_MM6h, batch=020
    resources: tmpdir=/tmp

Submitted job 13 with external jobid 'Submitted batch job 7979259'.

[Wed May 29 15:54:27 2024]
rule png:
    input: /work/frasergen/backup/3d/project/Interactome/240137_YanDanBaoJun_20240425/06.personal/analysis_3D_model_20240524/02.3d_model/TD_MM6h/TD_MM6h.pdb, /work/frasergen/backup/3d/project/Interactome/240137_YanDanBaoJun_20240425/06.personal/analysis_3D_model_20240524/02.3d_model/TD_MM6h/TD_MM6h.pml
    output: /work/frasergen/backup/3d/project/Interactome/240137_YanDanBaoJun_20240425/06.personal/analysis_3D_model_20240524/03.gif/TD_MM6h/pngs/fig_160.png
    jobid: 27
    wildcards: sample=TD_MM6h, batch=160
    resources: tmpdir=/tmp

Submitted job 27 with external jobid 'Submitted batch job 7979260'.

[Wed May 29 15:54:27 2024]
rule png:
    input: /work/frasergen/backup/3d/project/Interactome/240137_YanDanBaoJun_20240425/06.personal/analysis_3D_model_20240524/02.3d_model/TD_MM6h/TD_MM6h.pdb, /work/frasergen/backup/3d/project/Interactome/240137_YanDanBaoJun_20240425/06.personal/analysis_3D_model_20240524/02.3d_model/TD_MM6h/TD_MM6h.pml
    output: /work/frasergen/backup/3d/project/Interactome/240137_YanDanBaoJun_20240425/06.personal/analysis_3D_model_20240524/03.gif/TD_MM6h/pngs/fig_240.png
    jobid: 35
    wildcards: sample=TD_MM6h, batch=240
    resources: tmpdir=/tmp

Submitted job 35 with external jobid 'Submitted batch job 7979261'.

[Wed May 29 15:54:28 2024]
rule png:
    input: /work/frasergen/backup/3d/project/Interactome/240137_YanDanBaoJun_20240425/06.personal/analysis_3D_model_20240524/02.3d_model/TD_MM6h/TD_MM6h.pdb, /work/frasergen/backup/3d/project/Interactome/240137_YanDanBaoJun_20240425/06.personal/analysis_3D_model_20240524/02.3d_model/TD_MM6h/TD_MM6h.pml
    output: /work/frasergen/backup/3d/project/Interactome/240137_YanDanBaoJun_20240425/06.personal/analysis_3D_model_20240524/03.gif/TD_MM6h/pngs/fig_100.png
    jobid: 21
    wildcards: sample=TD_MM6h, batch=100
    resources: tmpdir=/tmp

Submitted job 21 with external jobid 'Submitted batch job 7979262'.

[Wed May 29 15:54:28 2024]
rule png:
    input: /work/frasergen/backup/3d/project/Interactome/240137_YanDanBaoJun_20240425/06.personal/analysis_3D_model_20240524/02.3d_model/TD_MM6h/TD_MM6h.pdb, /work/frasergen/backup/3d/project/Interactome/240137_YanDanBaoJun_20240425/06.personal/analysis_3D_model_20240524/02.3d_model/TD_MM6h/TD_MM6h.pml
    output: /work/frasergen/backup/3d/project/Interactome/240137_YanDanBaoJun_20240425/06.personal/analysis_3D_model_20240524/03.gif/TD_MM6h/pngs/fig_030.png
    jobid: 14
    wildcards: sample=TD_MM6h, batch=030
    resources: tmpdir=/tmp

Submitted job 14 with external jobid 'Submitted batch job 7979263'.

[Wed May 29 15:54:29 2024]
rule png:
    input: /work/frasergen/backup/3d/project/Interactome/240137_YanDanBaoJun_20240425/06.personal/analysis_3D_model_20240524/02.3d_model/TD_MM6h/TD_MM6h.pdb, /work/frasergen/backup/3d/project/Interactome/240137_YanDanBaoJun_20240425/06.personal/analysis_3D_model_20240524/02.3d_model/TD_MM6h/TD_MM6h.pml
    output: /work/frasergen/backup/3d/project/Interactome/240137_YanDanBaoJun_20240425/06.personal/analysis_3D_model_20240524/03.gif/TD_MM6h/pngs/fig_170.png
    jobid: 28
    wildcards: sample=TD_MM6h, batch=170
    resources: tmpdir=/tmp

Submitted job 28 with external jobid 'Submitted batch job 7979264'.

[Wed May 29 15:54:29 2024]
rule png:
    input: /work/frasergen/backup/3d/project/Interactome/240137_YanDanBaoJun_20240425/06.personal/analysis_3D_model_20240524/02.3d_model/TD_MM6h/TD_MM6h.pdb, /work/frasergen/backup/3d/project/Interactome/240137_YanDanBaoJun_20240425/06.personal/analysis_3D_model_20240524/02.3d_model/TD_MM6h/TD_MM6h.pml
    output: /work/frasergen/backup/3d/project/Interactome/240137_YanDanBaoJun_20240425/06.personal/analysis_3D_model_20240524/03.gif/TD_MM6h/pngs/fig_110.png
    jobid: 22
    wildcards: sample=TD_MM6h, batch=110
    resources: tmpdir=/tmp

Submitted job 22 with external jobid 'Submitted batch job 7979265'.

[Wed May 29 15:54:29 2024]
rule png:
    input: /work/frasergen/backup/3d/project/Interactome/240137_YanDanBaoJun_20240425/06.personal/analysis_3D_model_20240524/02.3d_model/TD_MM6h/TD_MM6h.pdb, /work/frasergen/backup/3d/project/Interactome/240137_YanDanBaoJun_20240425/06.personal/analysis_3D_model_20240524/02.3d_model/TD_MM6h/TD_MM6h.pml
    output: /work/frasergen/backup/3d/project/Interactome/240137_YanDanBaoJun_20240425/06.personal/analysis_3D_model_20240524/03.gif/TD_MM6h/pngs/fig_180.png
    jobid: 29
    wildcards: sample=TD_MM6h, batch=180
    resources: tmpdir=/tmp

Submitted job 29 with external jobid 'Submitted batch job 7979266'.

[Wed May 29 15:54:30 2024]
rule png:
    input: /work/frasergen/backup/3d/project/Interactome/240137_YanDanBaoJun_20240425/06.personal/analysis_3D_model_20240524/02.3d_model/TD_MM6h/TD_MM6h.pdb, /work/frasergen/backup/3d/project/Interactome/240137_YanDanBaoJun_20240425/06.personal/analysis_3D_model_20240524/02.3d_model/TD_MM6h/TD_MM6h.pml
    output: /work/frasergen/backup/3d/project/Interactome/240137_YanDanBaoJun_20240425/06.personal/analysis_3D_model_20240524/03.gif/TD_MM6h/pngs/fig_040.png
    jobid: 15
    wildcards: sample=TD_MM6h, batch=040
    resources: tmpdir=/tmp

Submitted job 15 with external jobid 'Submitted batch job 7979267'.

[Wed May 29 15:54:30 2024]
rule png:
    input: /work/frasergen/backup/3d/project/Interactome/240137_YanDanBaoJun_20240425/06.personal/analysis_3D_model_20240524/02.3d_model/TD_MM6h/TD_MM6h.pdb, /work/frasergen/backup/3d/project/Interactome/240137_YanDanBaoJun_20240425/06.personal/analysis_3D_model_20240524/02.3d_model/TD_MM6h/TD_MM6h.pml
    output: /work/frasergen/backup/3d/project/Interactome/240137_YanDanBaoJun_20240425/06.personal/analysis_3D_model_20240524/03.gif/TD_MM6h/pngs/fig_120.png
    jobid: 23
    wildcards: sample=TD_MM6h, batch=120
    resources: tmpdir=/tmp

Submitted job 23 with external jobid 'Submitted batch job 7979268'.

[Wed May 29 15:54:31 2024]
rule chrom:
    input: /work/frasergen/backup/3d/project/Interactome/240137_YanDanBaoJun_20240425/06.personal/analysis_3D_model_20240524/02.3d_model/TD_MM6h/TD_MM6h.pdb, /work/frasergen/backup/3d/project/Interactome/240137_YanDanBaoJun_20240425/06.personal/analysis_3D_model_20240524/02.3d_model/TD_MM6h/TD_MM6h.pml
    output: /work/frasergen/backup/3d/project/Interactome/240137_YanDanBaoJun_20240425/06.personal/analysis_3D_model_20240524/03.gif/TD_MM6h/chrs/chr1/chr1_2.png
    jobid: 1
    wildcards: sample=TD_MM6h, chrom=chr1
    resources: tmpdir=/tmp

Submitted job 1 with external jobid 'Submitted batch job 7979269'.

[Wed May 29 15:54:31 2024]
rule png:
    input: /work/frasergen/backup/3d/project/Interactome/240137_YanDanBaoJun_20240425/06.personal/analysis_3D_model_20240524/02.3d_model/TD_MM6h/TD_MM6h.pdb, /work/frasergen/backup/3d/project/Interactome/240137_YanDanBaoJun_20240425/06.personal/analysis_3D_model_20240524/02.3d_model/TD_MM6h/TD_MM6h.pml
    output: /work/frasergen/backup/3d/project/Interactome/240137_YanDanBaoJun_20240425/06.personal/analysis_3D_model_20240524/03.gif/TD_MM6h/pngs/fig_050.png
    jobid: 16
    wildcards: sample=TD_MM6h, batch=050
    resources: tmpdir=/tmp

Submitted job 16 with external jobid 'Submitted batch job 7979270'.

[Wed May 29 15:54:31 2024]
rule png:
    input: /work/frasergen/backup/3d/project/Interactome/240137_YanDanBaoJun_20240425/06.personal/analysis_3D_model_20240524/02.3d_model/TD_MM6h/TD_MM6h.pdb, /work/frasergen/backup/3d/project/Interactome/240137_YanDanBaoJun_20240425/06.personal/analysis_3D_model_20240524/02.3d_model/TD_MM6h/TD_MM6h.pml
    output: /work/frasergen/backup/3d/project/Interactome/240137_YanDanBaoJun_20240425/06.personal/analysis_3D_model_20240524/03.gif/TD_MM6h/pngs/fig_190.png
    jobid: 30
    wildcards: sample=TD_MM6h, batch=190
    resources: tmpdir=/tmp

Submitted job 30 with external jobid 'Submitted batch job 7979271'.

[Wed May 29 15:54:32 2024]
rule png:
    input: /work/frasergen/backup/3d/project/Interactome/240137_YanDanBaoJun_20240425/06.personal/analysis_3D_model_20240524/02.3d_model/TD_MM6h/TD_MM6h.pdb, /work/frasergen/backup/3d/project/Interactome/240137_YanDanBaoJun_20240425/06.personal/analysis_3D_model_20240524/02.3d_model/TD_MM6h/TD_MM6h.pml
    output: /work/frasergen/backup/3d/project/Interactome/240137_YanDanBaoJun_20240425/06.personal/analysis_3D_model_20240524/03.gif/TD_MM6h/pngs/fig_130.png
    jobid: 24
    wildcards: sample=TD_MM6h, batch=130
    resources: tmpdir=/tmp

Submitted job 24 with external jobid 'Submitted batch job 7979272'.

[Wed May 29 15:54:32 2024]
rule png:
    input: /work/frasergen/backup/3d/project/Interactome/240137_YanDanBaoJun_20240425/06.personal/analysis_3D_model_20240524/02.3d_model/TD_MM6h/TD_MM6h.pdb, /work/frasergen/backup/3d/project/Interactome/240137_YanDanBaoJun_20240425/06.personal/analysis_3D_model_20240524/02.3d_model/TD_MM6h/TD_MM6h.pml
    output: /work/frasergen/backup/3d/project/Interactome/240137_YanDanBaoJun_20240425/06.personal/analysis_3D_model_20240524/03.gif/TD_MM6h/pngs/fig_060.png
    jobid: 17
    wildcards: sample=TD_MM6h, batch=060
    resources: tmpdir=/tmp

Submitted job 17 with external jobid 'Submitted batch job 7979273'.

[Wed May 29 15:54:32 2024]
rule png:
    input: /work/frasergen/backup/3d/project/Interactome/240137_YanDanBaoJun_20240425/06.personal/analysis_3D_model_20240524/02.3d_model/TD_MM6h/TD_MM6h.pdb, /work/frasergen/backup/3d/project/Interactome/240137_YanDanBaoJun_20240425/06.personal/analysis_3D_model_20240524/02.3d_model/TD_MM6h/TD_MM6h.pml
    output: /work/frasergen/backup/3d/project/Interactome/240137_YanDanBaoJun_20240425/06.personal/analysis_3D_model_20240524/03.gif/TD_MM6h/pngs/fig_200.png
    jobid: 31
    wildcards: sample=TD_MM6h, batch=200
    resources: tmpdir=/tmp

Submitted job 31 with external jobid 'Submitted batch job 7979274'.

[Wed May 29 15:54:33 2024]
rule png:
    input: /work/frasergen/backup/3d/project/Interactome/240137_YanDanBaoJun_20240425/06.personal/analysis_3D_model_20240524/02.3d_model/TD_MM6h/TD_MM6h.pdb, /work/frasergen/backup/3d/project/Interactome/240137_YanDanBaoJun_20240425/06.personal/analysis_3D_model_20240524/02.3d_model/TD_MM6h/TD_MM6h.pml
    output: /work/frasergen/backup/3d/project/Interactome/240137_YanDanBaoJun_20240425/06.personal/analysis_3D_model_20240524/03.gif/TD_MM6h/pngs/fig_140.png
    jobid: 25
    wildcards: sample=TD_MM6h, batch=140
    resources: tmpdir=/tmp

Submitted job 25 with external jobid 'Submitted batch job 7979275'.

[Wed May 29 15:54:33 2024]
rule png:
    input: /work/frasergen/backup/3d/project/Interactome/240137_YanDanBaoJun_20240425/06.personal/analysis_3D_model_20240524/02.3d_model/TD_MM6h/TD_MM6h.pdb, /work/frasergen/backup/3d/project/Interactome/240137_YanDanBaoJun_20240425/06.personal/analysis_3D_model_20240524/02.3d_model/TD_MM6h/TD_MM6h.pml
    output: /work/frasergen/backup/3d/project/Interactome/240137_YanDanBaoJun_20240425/06.personal/analysis_3D_model_20240524/03.gif/TD_MM6h/pngs/fig_070.png
    jobid: 18
    wildcards: sample=TD_MM6h, batch=070
    resources: tmpdir=/tmp

Submitted job 18 with external jobid 'Submitted batch job 7979276'.

[Wed May 29 15:54:34 2024]
rule png:
    input: /work/frasergen/backup/3d/project/Interactome/240137_YanDanBaoJun_20240425/06.personal/analysis_3D_model_20240524/02.3d_model/TD_MM6h/TD_MM6h.pdb, /work/frasergen/backup/3d/project/Interactome/240137_YanDanBaoJun_20240425/06.personal/analysis_3D_model_20240524/02.3d_model/TD_MM6h/TD_MM6h.pml
    output: /work/frasergen/backup/3d/project/Interactome/240137_YanDanBaoJun_20240425/06.personal/analysis_3D_model_20240524/03.gif/TD_MM6h/pngs/fig_210.png
    jobid: 32
    wildcards: sample=TD_MM6h, batch=210
    resources: tmpdir=/tmp

Submitted job 32 with external jobid 'Submitted batch job 7979277'.

[Wed May 29 15:54:34 2024]
rule png:
    input: /work/frasergen/backup/3d/project/Interactome/240137_YanDanBaoJun_20240425/06.personal/analysis_3D_model_20240524/02.3d_model/TD_MM6h/TD_MM6h.pdb, /work/frasergen/backup/3d/project/Interactome/240137_YanDanBaoJun_20240425/06.personal/analysis_3D_model_20240524/02.3d_model/TD_MM6h/TD_MM6h.pml
    output: /work/frasergen/backup/3d/project/Interactome/240137_YanDanBaoJun_20240425/06.personal/analysis_3D_model_20240524/03.gif/TD_MM6h/pngs/fig_220.png
    jobid: 33
    wildcards: sample=TD_MM6h, batch=220
    resources: tmpdir=/tmp

Submitted job 33 with external jobid 'Submitted batch job 7979278'.
[Wed May 29 15:55:12 2024]
Finished job 1.
1 of 27 steps (4%) done

[Wed May 29 15:55:12 2024]
rule png:
    input: /work/frasergen/backup/3d/project/Interactome/240137_YanDanBaoJun_20240425/06.personal/analysis_3D_model_20240524/02.3d_model/TD_MM6h/TD_MM6h.pdb, /work/frasergen/backup/3d/project/Interactome/240137_YanDanBaoJun_20240425/06.personal/analysis_3D_model_20240524/02.3d_model/TD_MM6h/TD_MM6h.pml
    output: /work/frasergen/backup/3d/project/Interactome/240137_YanDanBaoJun_20240425/06.personal/analysis_3D_model_20240524/03.gif/TD_MM6h/pngs/fig_080.png
    jobid: 19
    wildcards: sample=TD_MM6h, batch=080
    resources: tmpdir=/tmp

Submitted job 19 with external jobid 'Submitted batch job 7979284'.
[Wed May 29 15:57:00 2024]
Finished job 26.
2 of 27 steps (7%) done
[Wed May 29 15:57:00 2024]
Finished job 34.
3 of 27 steps (11%) done
[Wed May 29 15:57:00 2024]
Finished job 13.
4 of 27 steps (15%) done
[Wed May 29 15:57:00 2024]
Finished job 27.
5 of 27 steps (19%) done
[Wed May 29 15:57:01 2024]
Finished job 22.
6 of 27 steps (22%) done
[Wed May 29 15:57:01 2024]
Finished job 16.
7 of 27 steps (26%) done
[Wed May 29 15:57:01 2024]
Finished job 24.
8 of 27 steps (30%) done
[Wed May 29 15:57:01 2024]
Finished job 25.
9 of 27 steps (33%) done
[Wed May 29 15:57:12 2024]
Finished job 12.
10 of 27 steps (37%) done
[Wed May 29 15:57:12 2024]
Finished job 20.
11 of 27 steps (41%) done
[Wed May 29 15:57:12 2024]
Finished job 35.
12 of 27 steps (44%) done
[Wed May 29 15:57:12 2024]
Finished job 21.
13 of 27 steps (48%) done
[Wed May 29 15:57:12 2024]
Finished job 28.
14 of 27 steps (52%) done
[Wed May 29 15:57:12 2024]
Finished job 29.
15 of 27 steps (56%) done
[Wed May 29 15:57:12 2024]
Finished job 15.
16 of 27 steps (59%) done
[Wed May 29 15:57:12 2024]
Finished job 23.
17 of 27 steps (63%) done
[Wed May 29 15:57:13 2024]
Finished job 30.
18 of 27 steps (67%) done
[Wed May 29 15:57:13 2024]
Finished job 17.
19 of 27 steps (70%) done
[Wed May 29 15:57:13 2024]
Finished job 31.
20 of 27 steps (74%) done
[Wed May 29 15:57:13 2024]
Finished job 18.
21 of 27 steps (78%) done
[Wed May 29 15:57:13 2024]
Finished job 32.
22 of 27 steps (81%) done
[Wed May 29 15:57:13 2024]
Finished job 33.
23 of 27 steps (85%) done
[Wed May 29 15:57:23 2024]
Finished job 14.
24 of 27 steps (89%) done
[Wed May 29 15:57:33 2024]
Finished job 19.
25 of 27 steps (93%) done

[Wed May 29 15:57:33 2024]
rule gif:
    input: /work/frasergen/backup/3d/project/Interactome/240137_YanDanBaoJun_20240425/06.personal/analysis_3D_model_20240524/03.gif/TD_MM6h/pngs/fig_010.png, /work/frasergen/backup/3d/project/Interactome/240137_YanDanBaoJun_20240425/06.personal/analysis_3D_model_20240524/03.gif/TD_MM6h/pngs/fig_020.png, /work/frasergen/backup/3d/project/Interactome/240137_YanDanBaoJun_20240425/06.personal/analysis_3D_model_20240524/03.gif/TD_MM6h/pngs/fig_030.png, /work/frasergen/backup/3d/project/Interactome/240137_YanDanBaoJun_20240425/06.personal/analysis_3D_model_20240524/03.gif/TD_MM6h/pngs/fig_040.png, /work/frasergen/backup/3d/project/Interactome/240137_YanDanBaoJun_20240425/06.personal/analysis_3D_model_20240524/03.gif/TD_MM6h/pngs/fig_050.png, /work/frasergen/backup/3d/project/Interactome/240137_YanDanBaoJun_20240425/06.personal/analysis_3D_model_20240524/03.gif/TD_MM6h/pngs/fig_060.png, /work/frasergen/backup/3d/project/Interactome/240137_YanDanBaoJun_20240425/06.personal/analysis_3D_model_20240524/03.gif/TD_MM6h/pngs/fig_070.png, /work/frasergen/backup/3d/project/Interactome/240137_YanDanBaoJun_20240425/06.personal/analysis_3D_model_20240524/03.gif/TD_MM6h/pngs/fig_080.png, /work/frasergen/backup/3d/project/Interactome/240137_YanDanBaoJun_20240425/06.personal/analysis_3D_model_20240524/03.gif/TD_MM6h/pngs/fig_090.png, /work/frasergen/backup/3d/project/Interactome/240137_YanDanBaoJun_20240425/06.personal/analysis_3D_model_20240524/03.gif/TD_MM6h/pngs/fig_100.png, /work/frasergen/backup/3d/project/Interactome/240137_YanDanBaoJun_20240425/06.personal/analysis_3D_model_20240524/03.gif/TD_MM6h/pngs/fig_110.png, /work/frasergen/backup/3d/project/Interactome/240137_YanDanBaoJun_20240425/06.personal/analysis_3D_model_20240524/03.gif/TD_MM6h/pngs/fig_120.png, /work/frasergen/backup/3d/project/Interactome/240137_YanDanBaoJun_20240425/06.personal/analysis_3D_model_20240524/03.gif/TD_MM6h/pngs/fig_130.png, /work/frasergen/backup/3d/project/Interactome/240137_YanDanBaoJun_20240425/06.personal/analysis_3D_model_20240524/03.gif/TD_MM6h/pngs/fig_140.png, /work/frasergen/backup/3d/project/Interactome/240137_YanDanBaoJun_20240425/06.personal/analysis_3D_model_20240524/03.gif/TD_MM6h/pngs/fig_150.png, /work/frasergen/backup/3d/project/Interactome/240137_YanDanBaoJun_20240425/06.personal/analysis_3D_model_20240524/03.gif/TD_MM6h/pngs/fig_160.png, /work/frasergen/backup/3d/project/Interactome/240137_YanDanBaoJun_20240425/06.personal/analysis_3D_model_20240524/03.gif/TD_MM6h/pngs/fig_170.png, /work/frasergen/backup/3d/project/Interactome/240137_YanDanBaoJun_20240425/06.personal/analysis_3D_model_20240524/03.gif/TD_MM6h/pngs/fig_180.png, /work/frasergen/backup/3d/project/Interactome/240137_YanDanBaoJun_20240425/06.personal/analysis_3D_model_20240524/03.gif/TD_MM6h/pngs/fig_190.png, /work/frasergen/backup/3d/project/Interactome/240137_YanDanBaoJun_20240425/06.personal/analysis_3D_model_20240524/03.gif/TD_MM6h/pngs/fig_200.png, /work/frasergen/backup/3d/project/Interactome/240137_YanDanBaoJun_20240425/06.personal/analysis_3D_model_20240524/03.gif/TD_MM6h/pngs/fig_210.png, /work/frasergen/backup/3d/project/Interactome/240137_YanDanBaoJun_20240425/06.personal/analysis_3D_model_20240524/03.gif/TD_MM6h/pngs/fig_220.png, /work/frasergen/backup/3d/project/Interactome/240137_YanDanBaoJun_20240425/06.personal/analysis_3D_model_20240524/03.gif/TD_MM6h/pngs/fig_230.png, /work/frasergen/backup/3d/project/Interactome/240137_YanDanBaoJun_20240425/06.personal/analysis_3D_model_20240524/03.gif/TD_MM6h/pngs/fig_240.png
    output: /work/frasergen/backup/3d/project/Interactome/240137_YanDanBaoJun_20240425/06.personal/analysis_3D_model_20240524/03.gif/TD_MM6h/TD_MM6h.gif, /work/frasergen/backup/3d/project/Interactome/240137_YanDanBaoJun_20240425/06.personal/analysis_3D_model_20240524/03.gif/TD_MM6h/TD_MM6h.mp4
    jobid: 11
    wildcards: sample=TD_MM6h
    resources: tmpdir=/tmp

Submitted job 11 with external jobid 'Submitted batch job 7979340'.
[Wed May 29 15:58:24 2024]
Finished job 11.
26 of 27 steps (96%) done

[Wed May 29 15:58:24 2024]
localrule all:
    input: /work/frasergen/backup/3d/project/Interactome/240137_YanDanBaoJun_20240425/06.personal/analysis_3D_model_20240524/03.gif/TD_MM6h/chrs/chr1/chr1_2.png, /work/frasergen/backup/3d/project/Interactome/240137_YanDanBaoJun_20240425/06.personal/analysis_3D_model_20240524/03.gif/TD_60MM6h/chrs/chr1/chr1_2.png, /work/frasergen/backup/3d/project/Interactome/240137_YanDanBaoJun_20240425/06.personal/analysis_3D_model_20240524/03.gif/TD_60MM12h/chrs/chr1/chr1_2.png, /work/frasergen/backup/3d/project/Interactome/240137_YanDanBaoJun_20240425/06.personal/analysis_3D_model_20240524/03.gif/TD_MM6h/TD_MM6h.gif, /work/frasergen/backup/3d/project/Interactome/240137_YanDanBaoJun_20240425/06.personal/analysis_3D_model_20240524/03.gif/TD_60MM6h/TD_60MM6h.gif, /work/frasergen/backup/3d/project/Interactome/240137_YanDanBaoJun_20240425/06.personal/analysis_3D_model_20240524/03.gif/TD_60MM12h/TD_60MM12h.gif
    jobid: 0
    resources: tmpdir=/tmp

[Wed May 29 15:58:24 2024]
Finished job 0.
27 of 27 steps (100%) done
Complete log: /work/frasergen/3D/work/shaojie/script/HiC/3d_model/.snakemake/log/2024-05-29T155423.009117.snakemake.log
