Building DAG of jobs...
Using shell: /usr/bin/bash
Provided cores: 10
Rules claiming more threads will be scaled down.
Job stats:
job       count    min threads    max threads
------  -------  -------------  -------------
all           1              1              1
chrom        34              1              1
gif           2              1              1
mp4           2              1              1
pastis        2              1              1
pml           2              1              1
png           2              1              1
total        45              1              1


[Mon Feb  5 14:58:25 2024]
rule pastis:
    input: /work/frasergen/3D/work/shaojie/script/HiC/3d_model/221425_apple/01.matrix_fill/wsk/work.sh
    output: /work/frasergen/3D/work/shaojie/script/HiC/3d_model/221425_apple/02.3d_model/wsk/wsk.pdb
    jobid: 23
    wildcards: sample=wsk
    resources: tmpdir=/tmp

[Mon Feb  5 14:58:25 2024]
rule pastis:
    input: /work/frasergen/3D/work/shaojie/script/HiC/3d_model/221425_apple/01.matrix_fill/xu/work.sh
    output: /work/frasergen/3D/work/shaojie/script/HiC/3d_model/221425_apple/02.3d_model/xu/xu.pdb
    jobid: 3
    wildcards: sample=xu
    resources: tmpdir=/tmp

Terminating processes on user request, this might take some time.
Cancelling snakemake on user request.
