Building DAG of jobs...
Using shell: /usr/bin/bash
Provided cluster nodes: 10
Job stats:
job            count    min threads    max threads
-----------  -------  -------------  -------------
fill_matrix        1              1              1
pastis             1              1              1
pml                1              1              1
total              3              1              1


[Sat Apr 20 11:13:08 2024]
rule fill_matrix:
    input: /work/frasergen/backup/3d/project/Interactome/232291_lianmeijun_20240118/05.HiC/01.ref/Slividans_1326.fa.fai, /work/frasergen/backup/3d/project/Interactome/232291_lianmeijun_20240118/05.HiC/04.map/Slividans_1326/Slividans_1326/Slividans_1326-all-MboI-5k.hm
    output: /work/frasergen/3D/work/shaojie/script/HiC/3d_model/test/01.matrix_fill/Slividans_1326
    jobid: 1
    wildcards: sample=Slividans_1326
    resources: tmpdir=/tmp

Submitted job 1 with external jobid 'Submitted batch job 7113754'.
[Sat Apr 20 11:13:38 2024]
Finished job 1.
1 of 8 steps (12%) done

[Sat Apr 20 11:13:38 2024]
rule pastis:
    input: /work/frasergen/3D/work/shaojie/script/HiC/3d_model/test/01.matrix_fill/Slividans_1326
    output: /work/frasergen/3D/work/shaojie/script/HiC/3d_model/test/02.3d_model/Slividans_1326/Slividans_1326.pdb
    jobid: 2
    wildcards: sample=Slividans_1326
    resources: tmpdir=/tmp

Submitted job 2 with external jobid 'Submitted batch job 7113758'.
[Sat Apr 20 11:14:38 2024]
Finished job 2.
2 of 8 steps (25%) done

[Sat Apr 20 11:14:38 2024]
rule pml:
    input: /work/frasergen/3D/work/shaojie/script/HiC/3d_model/test/02.3d_model/Slividans_1326/Slividans_1326.pdb
    output: /work/frasergen/3D/work/shaojie/script/HiC/3d_model/test/02.3d_model/Slividans_1326/Slividans_1326.pml
    jobid: 4
    wildcards: sample=Slividans_1326
    resources: tmpdir=/tmp

Submitted job 4 with external jobid 'Submitted batch job 7113763'.
[Sat Apr 20 11:15:08 2024]
Finished job 4.
3 of 8 steps (38%) done
Complete log: /work/frasergen/3D/work/shaojie/script/HiC/3d_model/.snakemake/log/2024-04-20T111302.307807.snakemake.log
