Building DAG of jobs...
Using shell: /usr/bin/bash
Provided cores: 10
Rules claiming more threads will be scaled down.
Job stats:
job            count    min threads    max threads
-----------  -------  -------------  -------------
all                1              1              1
fill_matrix        2              1              1
make_gif           2              1              1
make_pml           2              1              1
pastis             2              1              1
total              9              1              1


[Sat Feb  3 17:43:00 2024]
rule fill_matrix:
    input: /work/frasergen/backup/3d/project/Interactome/221425_apple/00.ref/01.ref_prepare/ref_prepare/apple_GD.fa.fai, /work/frasergen/backup/3d/project/Interactome/221425_apple/04.Juicer/wsk/04.map/wsk/genome/genome-100k_ICed.txt.hm
    output: /work/frasergen/3D/work/shaojie/script/HiC/3d_model/221425_apple/01.matrix_fill/wsk/work.sh
    jobid: 2
    wildcards: sample=wsk
    resources: tmpdir=/tmp

[Sat Feb  3 17:43:00 2024]
rule fill_matrix:
    input: /work/frasergen/backup/3d/project/Interactome/221425_apple/00.ref/01.ref_prepare/ref_prepare/apple_GD.fa.fai, /work/frasergen/backup/3d/project/Interactome/221425_apple/04.Juicer/xu/04.map/xu/genome/genome-100k_ICed.txt.hm
    output: /work/frasergen/3D/work/shaojie/script/HiC/3d_model/221425_apple/01.matrix_fill/xu/work.sh
    jobid: 1
    wildcards: sample=xu
    resources: tmpdir=/tmp

[Sat Feb  3 17:44:29 2024]
Finished job 1.
1 of 9 steps (11%) done

[Sat Feb  3 17:44:29 2024]
rule pastis:
    input: /work/frasergen/3D/work/shaojie/script/HiC/3d_model/221425_apple/01.matrix_fill/xu/work.sh
    output: /work/frasergen/3D/work/shaojie/script/HiC/3d_model/221425_apple/02.3d_model/xu/MDS.apple_GD.fa.fai-100000.pdb
    jobid: 3
    wildcards: sample=xu
    resources: tmpdir=/tmp

[Sat Feb  3 17:44:29 2024]
Finished job 2.
2 of 9 steps (22%) done

[Sat Feb  3 17:44:29 2024]
rule pastis:
    input: /work/frasergen/3D/work/shaojie/script/HiC/3d_model/221425_apple/01.matrix_fill/wsk/work.sh
    output: /work/frasergen/3D/work/shaojie/script/HiC/3d_model/221425_apple/02.3d_model/wsk/MDS.apple_GD.fa.fai-100000.pdb
    jobid: 4
    wildcards: sample=wsk
    resources: tmpdir=/tmp

[Sat Feb  3 18:15:33 2024]
Finished job 4.
3 of 9 steps (33%) done

[Sat Feb  3 18:15:33 2024]
rule make_pml:
    input: /work/frasergen/3D/work/shaojie/script/HiC/3d_model/221425_apple/02.3d_model/wsk/MDS.apple_GD.fa.fai-100000.pdb
    output: /work/frasergen/3D/work/shaojie/script/HiC/3d_model/221425_apple/03.gif/wsk_gif.pml
    jobid: 6
    wildcards: sample=wsk
    resources: tmpdir=/tmp

[Sat Feb  3 18:16:10 2024]
Finished job 6.
4 of 9 steps (44%) done

[Sat Feb  3 18:16:10 2024]
rule make_gif:
    input: /work/frasergen/3D/work/shaojie/script/HiC/3d_model/221425_apple/03.gif/wsk_gif.pml
    output: /work/frasergen/3D/work/shaojie/script/HiC/3d_model/221425_apple/03.gif/wsk/wsk.gif, /work/frasergen/3D/work/shaojie/script/HiC/3d_model/221425_apple/03.gif/wsk/wsk.mp4, /work/frasergen/3D/work/shaojie/script/HiC/3d_model/221425_apple/03.gif/wsk/png/png.txt
    jobid: 8
    wildcards: sample=wsk
    resources: tmpdir=/tmp

[Sat Feb  3 18:17:44 2024]
Finished job 3.
5 of 9 steps (56%) done

[Sat Feb  3 18:17:44 2024]
rule make_pml:
    input: /work/frasergen/3D/work/shaojie/script/HiC/3d_model/221425_apple/02.3d_model/xu/MDS.apple_GD.fa.fai-100000.pdb
    output: /work/frasergen/3D/work/shaojie/script/HiC/3d_model/221425_apple/03.gif/xu_gif.pml
    jobid: 5
    wildcards: sample=xu
    resources: tmpdir=/tmp

[Sat Feb  3 18:17:55 2024]
Finished job 5.
6 of 9 steps (67%) done

[Sat Feb  3 18:17:55 2024]
rule make_gif:
    input: /work/frasergen/3D/work/shaojie/script/HiC/3d_model/221425_apple/03.gif/xu_gif.pml
    output: /work/frasergen/3D/work/shaojie/script/HiC/3d_model/221425_apple/03.gif/xu/xu.gif, /work/frasergen/3D/work/shaojie/script/HiC/3d_model/221425_apple/03.gif/xu/xu.mp4, /work/frasergen/3D/work/shaojie/script/HiC/3d_model/221425_apple/03.gif/xu/png/png.txt
    jobid: 7
    wildcards: sample=xu
    resources: tmpdir=/tmp

[Sat Feb  3 18:20:11 2024]
Finished job 8.
7 of 9 steps (78%) done
[Sat Feb  3 18:21:38 2024]
Finished job 7.
8 of 9 steps (89%) done

[Sat Feb  3 18:21:38 2024]
localrule all:
    input: /work/frasergen/3D/work/shaojie/script/HiC/3d_model/221425_apple/01.matrix_fill/xu/work.sh, /work/frasergen/3D/work/shaojie/script/HiC/3d_model/221425_apple/01.matrix_fill/wsk/work.sh, /work/frasergen/3D/work/shaojie/script/HiC/3d_model/221425_apple/02.3d_model/xu/MDS.apple_GD.fa.fai-100000.pdb, /work/frasergen/3D/work/shaojie/script/HiC/3d_model/221425_apple/02.3d_model/wsk/MDS.apple_GD.fa.fai-100000.pdb, /work/frasergen/3D/work/shaojie/script/HiC/3d_model/221425_apple/03.gif/xu_gif.pml, /work/frasergen/3D/work/shaojie/script/HiC/3d_model/221425_apple/03.gif/wsk_gif.pml, /work/frasergen/3D/work/shaojie/script/HiC/3d_model/221425_apple/03.gif/xu/xu.gif, /work/frasergen/3D/work/shaojie/script/HiC/3d_model/221425_apple/03.gif/wsk/wsk.gif, /work/frasergen/3D/work/shaojie/script/HiC/3d_model/221425_apple/03.gif/xu/xu.mp4, /work/frasergen/3D/work/shaojie/script/HiC/3d_model/221425_apple/03.gif/wsk/wsk.mp4, /work/frasergen/3D/work/shaojie/script/HiC/3d_model/221425_apple/03.gif/xu/png/png.txt, /work/frasergen/3D/work/shaojie/script/HiC/3d_model/221425_apple/03.gif/wsk/png/png.txt
    jobid: 0
    resources: tmpdir=/tmp

[Sat Feb  3 18:21:38 2024]
Finished job 0.
9 of 9 steps (100%) done
Complete log: /work/frasergen/3D/work/shaojie/script/HiC/3d_model/.snakemake/log/2024-02-03T174247.109327.snakemake.log
