Building DAG of jobs...
Using shell: /usr/bin/bash
Provided cluster nodes: 48
Job stats:
job         count    min threads    max threads
--------  -------  -------------  -------------
all             1              1              1
chrom           2              1              1
fill_pre        1              1              1
gif             2              1              1
matrix          2              1              1
pastis          2              1              1
png            48              1              1
total          58              1              1


[Mon May 13 10:00:56 2024]
rule fill_pre:
    output: /work/frasergen/3D/work/shaojie/script/HiC/3d_model/240033_kcybgj_20240510/01.matrix_fill/bins.bed
    jobid: 4
    resources: tmpdir=/tmp

Submitted job 4 with external jobid 'Submitted batch job 7691366'.

[Mon May 13 10:00:56 2024]
rule matrix:
    output: /work/frasergen/3D/work/shaojie/script/HiC/3d_model/240033_kcybgj_20240510/01.matrix_fill/Bs168/Bs168_filled_matrix.txt
    jobid: 7
    wildcards: sample=Bs168
    resources: tmpdir=/tmp

Submitted job 7 with external jobid 'Submitted batch job 7691367'.

[Mon May 13 10:00:56 2024]
rule matrix:
    output: /work/frasergen/3D/work/shaojie/script/HiC/3d_model/240033_kcybgj_20240510/01.matrix_fill/Delta-abrB/Delta-abrB_filled_matrix.txt
    jobid: 3
    wildcards: sample=Delta-abrB
    resources: tmpdir=/tmp

Submitted job 3 with external jobid 'Submitted batch job 7691368'.
[Mon May 13 10:01:16 2024]
Finished job 4.
1 of 58 steps (2%) done
[Mon May 13 10:01:16 2024]
Finished job 7.
2 of 58 steps (3%) done

[Mon May 13 10:01:16 2024]
rule pastis:
    input: /work/frasergen/3D/work/shaojie/script/HiC/3d_model/240033_kcybgj_20240510/01.matrix_fill/Bs168/Bs168_filled_matrix.txt, /work/frasergen/3D/work/shaojie/script/HiC/3d_model/240033_kcybgj_20240510/01.matrix_fill/bins.bed
    output: /work/frasergen/3D/work/shaojie/script/HiC/3d_model/240033_kcybgj_20240510/02.3d_model/Bs168/Bs168.pdb, /work/frasergen/3D/work/shaojie/script/HiC/3d_model/240033_kcybgj_20240510/02.3d_model/Bs168/Bs168.pml
    jobid: 6
    wildcards: sample=Bs168
    resources: tmpdir=/tmp

[Mon May 13 10:01:16 2024]
Finished job 3.
3 of 58 steps (5%) done
Submitted job 6 with external jobid 'Submitted batch job 7691370'.

[Mon May 13 10:01:16 2024]
rule pastis:
    input: /work/frasergen/3D/work/shaojie/script/HiC/3d_model/240033_kcybgj_20240510/01.matrix_fill/Delta-abrB/Delta-abrB_filled_matrix.txt, /work/frasergen/3D/work/shaojie/script/HiC/3d_model/240033_kcybgj_20240510/01.matrix_fill/bins.bed
    output: /work/frasergen/3D/work/shaojie/script/HiC/3d_model/240033_kcybgj_20240510/02.3d_model/Delta-abrB/Delta-abrB.pdb, /work/frasergen/3D/work/shaojie/script/HiC/3d_model/240033_kcybgj_20240510/02.3d_model/Delta-abrB/Delta-abrB.pml
    jobid: 2
    wildcards: sample=Delta-abrB
    resources: tmpdir=/tmp

Submitted job 2 with external jobid 'Submitted batch job 7691371'.
[Mon May 13 10:02:06 2024]
Finished job 6.
4 of 58 steps (7%) done
[Mon May 13 10:02:06 2024]
Finished job 2.
5 of 58 steps (9%) done

[Mon May 13 10:02:06 2024]
rule png:
    input: /work/frasergen/3D/work/shaojie/script/HiC/3d_model/240033_kcybgj_20240510/02.3d_model/Bs168/Bs168.pdb, /work/frasergen/3D/work/shaojie/script/HiC/3d_model/240033_kcybgj_20240510/02.3d_model/Bs168/Bs168.pml
    output: /work/frasergen/3D/work/shaojie/script/HiC/3d_model/240033_kcybgj_20240510/03.gif/Bs168/pngs/fig_100.png
    jobid: 43
    wildcards: sample=Bs168, batch=100
    resources: tmpdir=/tmp

Submitted job 43 with external jobid 'Submitted batch job 7691385'.

[Mon May 13 10:02:06 2024]
rule png:
    input: /work/frasergen/3D/work/shaojie/script/HiC/3d_model/240033_kcybgj_20240510/02.3d_model/Bs168/Bs168.pdb, /work/frasergen/3D/work/shaojie/script/HiC/3d_model/240033_kcybgj_20240510/02.3d_model/Bs168/Bs168.pml
    output: /work/frasergen/3D/work/shaojie/script/HiC/3d_model/240033_kcybgj_20240510/03.gif/Bs168/pngs/fig_240.png
    jobid: 57
    wildcards: sample=Bs168, batch=240
    resources: tmpdir=/tmp

Submitted job 57 with external jobid 'Submitted batch job 7691386'.

[Mon May 13 10:02:07 2024]
rule png:
    input: /work/frasergen/3D/work/shaojie/script/HiC/3d_model/240033_kcybgj_20240510/02.3d_model/Bs168/Bs168.pdb, /work/frasergen/3D/work/shaojie/script/HiC/3d_model/240033_kcybgj_20240510/02.3d_model/Bs168/Bs168.pml
    output: /work/frasergen/3D/work/shaojie/script/HiC/3d_model/240033_kcybgj_20240510/03.gif/Bs168/pngs/fig_040.png
    jobid: 37
    wildcards: sample=Bs168, batch=040
    resources: tmpdir=/tmp

Submitted job 37 with external jobid 'Submitted batch job 7691387'.

[Mon May 13 10:02:07 2024]
rule png:
    input: /work/frasergen/3D/work/shaojie/script/HiC/3d_model/240033_kcybgj_20240510/02.3d_model/Bs168/Bs168.pdb, /work/frasergen/3D/work/shaojie/script/HiC/3d_model/240033_kcybgj_20240510/02.3d_model/Bs168/Bs168.pml
    output: /work/frasergen/3D/work/shaojie/script/HiC/3d_model/240033_kcybgj_20240510/03.gif/Bs168/pngs/fig_180.png
    jobid: 51
    wildcards: sample=Bs168, batch=180
    resources: tmpdir=/tmp

Submitted job 51 with external jobid 'Submitted batch job 7691388'.

[Mon May 13 10:02:07 2024]
rule png:
    input: /work/frasergen/3D/work/shaojie/script/HiC/3d_model/240033_kcybgj_20240510/02.3d_model/Bs168/Bs168.pdb, /work/frasergen/3D/work/shaojie/script/HiC/3d_model/240033_kcybgj_20240510/02.3d_model/Bs168/Bs168.pml
    output: /work/frasergen/3D/work/shaojie/script/HiC/3d_model/240033_kcybgj_20240510/03.gif/Bs168/pngs/fig_110.png
    jobid: 44
    wildcards: sample=Bs168, batch=110
    resources: tmpdir=/tmp

Submitted job 44 with external jobid 'Submitted batch job 7691389'.

[Mon May 13 10:02:07 2024]
rule png:
    input: /work/frasergen/3D/work/shaojie/script/HiC/3d_model/240033_kcybgj_20240510/02.3d_model/Bs168/Bs168.pdb, /work/frasergen/3D/work/shaojie/script/HiC/3d_model/240033_kcybgj_20240510/02.3d_model/Bs168/Bs168.pml
    output: /work/frasergen/3D/work/shaojie/script/HiC/3d_model/240033_kcybgj_20240510/03.gif/Bs168/pngs/fig_030.png
    jobid: 36
    wildcards: sample=Bs168, batch=030
    resources: tmpdir=/tmp

Submitted job 36 with external jobid 'Submitted batch job 7691390'.

[Mon May 13 10:02:08 2024]
rule png:
    input: /work/frasergen/3D/work/shaojie/script/HiC/3d_model/240033_kcybgj_20240510/02.3d_model/Bs168/Bs168.pdb, /work/frasergen/3D/work/shaojie/script/HiC/3d_model/240033_kcybgj_20240510/02.3d_model/Bs168/Bs168.pml
    output: /work/frasergen/3D/work/shaojie/script/HiC/3d_model/240033_kcybgj_20240510/03.gif/Bs168/pngs/fig_050.png
    jobid: 38
    wildcards: sample=Bs168, batch=050
    resources: tmpdir=/tmp

Submitted job 38 with external jobid 'Submitted batch job 7691391'.

[Mon May 13 10:02:08 2024]
rule png:
    input: /work/frasergen/3D/work/shaojie/script/HiC/3d_model/240033_kcybgj_20240510/02.3d_model/Bs168/Bs168.pdb, /work/frasergen/3D/work/shaojie/script/HiC/3d_model/240033_kcybgj_20240510/02.3d_model/Bs168/Bs168.pml
    output: /work/frasergen/3D/work/shaojie/script/HiC/3d_model/240033_kcybgj_20240510/03.gif/Bs168/pngs/fig_190.png
    jobid: 52
    wildcards: sample=Bs168, batch=190
    resources: tmpdir=/tmp

Submitted job 52 with external jobid 'Submitted batch job 7691392'.

[Mon May 13 10:02:08 2024]
rule png:
    input: /work/frasergen/3D/work/shaojie/script/HiC/3d_model/240033_kcybgj_20240510/02.3d_model/Bs168/Bs168.pdb, /work/frasergen/3D/work/shaojie/script/HiC/3d_model/240033_kcybgj_20240510/02.3d_model/Bs168/Bs168.pml
    output: /work/frasergen/3D/work/shaojie/script/HiC/3d_model/240033_kcybgj_20240510/03.gif/Bs168/pngs/fig_120.png
    jobid: 45
    wildcards: sample=Bs168, batch=120
    resources: tmpdir=/tmp

Submitted job 45 with external jobid 'Submitted batch job 7691393'.

[Mon May 13 10:02:08 2024]
rule png:
    input: /work/frasergen/3D/work/shaojie/script/HiC/3d_model/240033_kcybgj_20240510/02.3d_model/Bs168/Bs168.pdb, /work/frasergen/3D/work/shaojie/script/HiC/3d_model/240033_kcybgj_20240510/02.3d_model/Bs168/Bs168.pml
    output: /work/frasergen/3D/work/shaojie/script/HiC/3d_model/240033_kcybgj_20240510/03.gif/Bs168/pngs/fig_060.png
    jobid: 39
    wildcards: sample=Bs168, batch=060
    resources: tmpdir=/tmp

Submitted job 39 with external jobid 'Submitted batch job 7691394'.

[Mon May 13 10:02:09 2024]
rule png:
    input: /work/frasergen/3D/work/shaojie/script/HiC/3d_model/240033_kcybgj_20240510/02.3d_model/Bs168/Bs168.pdb, /work/frasergen/3D/work/shaojie/script/HiC/3d_model/240033_kcybgj_20240510/02.3d_model/Bs168/Bs168.pml
    output: /work/frasergen/3D/work/shaojie/script/HiC/3d_model/240033_kcybgj_20240510/03.gif/Bs168/pngs/fig_200.png
    jobid: 53
    wildcards: sample=Bs168, batch=200
    resources: tmpdir=/tmp

Submitted job 53 with external jobid 'Submitted batch job 7691395'.

[Mon May 13 10:02:09 2024]
rule png:
    input: /work/frasergen/3D/work/shaojie/script/HiC/3d_model/240033_kcybgj_20240510/02.3d_model/Bs168/Bs168.pdb, /work/frasergen/3D/work/shaojie/script/HiC/3d_model/240033_kcybgj_20240510/02.3d_model/Bs168/Bs168.pml
    output: /work/frasergen/3D/work/shaojie/script/HiC/3d_model/240033_kcybgj_20240510/03.gif/Bs168/pngs/fig_130.png
    jobid: 46
    wildcards: sample=Bs168, batch=130
    resources: tmpdir=/tmp

Submitted job 46 with external jobid 'Submitted batch job 7691396'.

[Mon May 13 10:02:09 2024]
rule png:
    input: /work/frasergen/3D/work/shaojie/script/HiC/3d_model/240033_kcybgj_20240510/02.3d_model/Bs168/Bs168.pdb, /work/frasergen/3D/work/shaojie/script/HiC/3d_model/240033_kcybgj_20240510/02.3d_model/Bs168/Bs168.pml
    output: /work/frasergen/3D/work/shaojie/script/HiC/3d_model/240033_kcybgj_20240510/03.gif/Bs168/pngs/fig_070.png
    jobid: 40
    wildcards: sample=Bs168, batch=070
    resources: tmpdir=/tmp

Submitted job 40 with external jobid 'Submitted batch job 7691397'.

[Mon May 13 10:02:10 2024]
rule png:
    input: /work/frasergen/3D/work/shaojie/script/HiC/3d_model/240033_kcybgj_20240510/02.3d_model/Bs168/Bs168.pdb, /work/frasergen/3D/work/shaojie/script/HiC/3d_model/240033_kcybgj_20240510/02.3d_model/Bs168/Bs168.pml
    output: /work/frasergen/3D/work/shaojie/script/HiC/3d_model/240033_kcybgj_20240510/03.gif/Bs168/pngs/fig_210.png
    jobid: 54
    wildcards: sample=Bs168, batch=210
    resources: tmpdir=/tmp

Submitted job 54 with external jobid 'Submitted batch job 7691398'.

[Mon May 13 10:02:10 2024]
rule chrom:
    input: /work/frasergen/3D/work/shaojie/script/HiC/3d_model/240033_kcybgj_20240510/02.3d_model/Bs168/Bs168.pdb, /work/frasergen/3D/work/shaojie/script/HiC/3d_model/240033_kcybgj_20240510/02.3d_model/Bs168/Bs168.pml
    output: /work/frasergen/3D/work/shaojie/script/HiC/3d_model/240033_kcybgj_20240510/03.gif/Bs168/chrs/chr1/chr1_2.png
    jobid: 5
    wildcards: sample=Bs168, chrom=chr1
    resources: tmpdir=/tmp

Submitted job 5 with external jobid 'Submitted batch job 7691400'.

[Mon May 13 10:02:10 2024]
rule png:
    input: /work/frasergen/3D/work/shaojie/script/HiC/3d_model/240033_kcybgj_20240510/02.3d_model/Bs168/Bs168.pdb, /work/frasergen/3D/work/shaojie/script/HiC/3d_model/240033_kcybgj_20240510/02.3d_model/Bs168/Bs168.pml
    output: /work/frasergen/3D/work/shaojie/script/HiC/3d_model/240033_kcybgj_20240510/03.gif/Bs168/pngs/fig_140.png
    jobid: 47
    wildcards: sample=Bs168, batch=140
    resources: tmpdir=/tmp

Submitted job 47 with external jobid 'Submitted batch job 7691401'.

[Mon May 13 10:02:11 2024]
rule png:
    input: /work/frasergen/3D/work/shaojie/script/HiC/3d_model/240033_kcybgj_20240510/02.3d_model/Bs168/Bs168.pdb, /work/frasergen/3D/work/shaojie/script/HiC/3d_model/240033_kcybgj_20240510/02.3d_model/Bs168/Bs168.pml
    output: /work/frasergen/3D/work/shaojie/script/HiC/3d_model/240033_kcybgj_20240510/03.gif/Bs168/pngs/fig_080.png
    jobid: 41
    wildcards: sample=Bs168, batch=080
    resources: tmpdir=/tmp

Submitted job 41 with external jobid 'Submitted batch job 7691402'.

[Mon May 13 10:02:11 2024]
rule png:
    input: /work/frasergen/3D/work/shaojie/script/HiC/3d_model/240033_kcybgj_20240510/02.3d_model/Bs168/Bs168.pdb, /work/frasergen/3D/work/shaojie/script/HiC/3d_model/240033_kcybgj_20240510/02.3d_model/Bs168/Bs168.pml
    output: /work/frasergen/3D/work/shaojie/script/HiC/3d_model/240033_kcybgj_20240510/03.gif/Bs168/pngs/fig_220.png
    jobid: 55
    wildcards: sample=Bs168, batch=220
    resources: tmpdir=/tmp

Submitted job 55 with external jobid 'Submitted batch job 7691403'.

[Mon May 13 10:02:11 2024]
rule png:
    input: /work/frasergen/3D/work/shaojie/script/HiC/3d_model/240033_kcybgj_20240510/02.3d_model/Bs168/Bs168.pdb, /work/frasergen/3D/work/shaojie/script/HiC/3d_model/240033_kcybgj_20240510/02.3d_model/Bs168/Bs168.pml
    output: /work/frasergen/3D/work/shaojie/script/HiC/3d_model/240033_kcybgj_20240510/03.gif/Bs168/pngs/fig_150.png
    jobid: 48
    wildcards: sample=Bs168, batch=150
    resources: tmpdir=/tmp

Submitted job 48 with external jobid 'Submitted batch job 7691404'.

[Mon May 13 10:02:11 2024]
rule png:
    input: /work/frasergen/3D/work/shaojie/script/HiC/3d_model/240033_kcybgj_20240510/02.3d_model/Bs168/Bs168.pdb, /work/frasergen/3D/work/shaojie/script/HiC/3d_model/240033_kcybgj_20240510/02.3d_model/Bs168/Bs168.pml
    output: /work/frasergen/3D/work/shaojie/script/HiC/3d_model/240033_kcybgj_20240510/03.gif/Bs168/pngs/fig_010.png
    jobid: 34
    wildcards: sample=Bs168, batch=010
    resources: tmpdir=/tmp

Submitted job 34 with external jobid 'Submitted batch job 7691405'.

[Mon May 13 10:02:12 2024]
rule png:
    input: /work/frasergen/3D/work/shaojie/script/HiC/3d_model/240033_kcybgj_20240510/02.3d_model/Bs168/Bs168.pdb, /work/frasergen/3D/work/shaojie/script/HiC/3d_model/240033_kcybgj_20240510/02.3d_model/Bs168/Bs168.pml
    output: /work/frasergen/3D/work/shaojie/script/HiC/3d_model/240033_kcybgj_20240510/03.gif/Bs168/pngs/fig_090.png
    jobid: 42
    wildcards: sample=Bs168, batch=090
    resources: tmpdir=/tmp

Submitted job 42 with external jobid 'Submitted batch job 7691406'.

[Mon May 13 10:02:12 2024]
rule png:
    input: /work/frasergen/3D/work/shaojie/script/HiC/3d_model/240033_kcybgj_20240510/02.3d_model/Bs168/Bs168.pdb, /work/frasergen/3D/work/shaojie/script/HiC/3d_model/240033_kcybgj_20240510/02.3d_model/Bs168/Bs168.pml
    output: /work/frasergen/3D/work/shaojie/script/HiC/3d_model/240033_kcybgj_20240510/03.gif/Bs168/pngs/fig_230.png
    jobid: 56
    wildcards: sample=Bs168, batch=230
    resources: tmpdir=/tmp

Submitted job 56 with external jobid 'Submitted batch job 7691407'.

[Mon May 13 10:02:12 2024]
rule png:
    input: /work/frasergen/3D/work/shaojie/script/HiC/3d_model/240033_kcybgj_20240510/02.3d_model/Bs168/Bs168.pdb, /work/frasergen/3D/work/shaojie/script/HiC/3d_model/240033_kcybgj_20240510/02.3d_model/Bs168/Bs168.pml
    output: /work/frasergen/3D/work/shaojie/script/HiC/3d_model/240033_kcybgj_20240510/03.gif/Bs168/pngs/fig_020.png
    jobid: 35
    wildcards: sample=Bs168, batch=020
    resources: tmpdir=/tmp

Submitted job 35 with external jobid 'Submitted batch job 7691408'.

[Mon May 13 10:02:12 2024]
rule png:
    input: /work/frasergen/3D/work/shaojie/script/HiC/3d_model/240033_kcybgj_20240510/02.3d_model/Bs168/Bs168.pdb, /work/frasergen/3D/work/shaojie/script/HiC/3d_model/240033_kcybgj_20240510/02.3d_model/Bs168/Bs168.pml
    output: /work/frasergen/3D/work/shaojie/script/HiC/3d_model/240033_kcybgj_20240510/03.gif/Bs168/pngs/fig_160.png
    jobid: 49
    wildcards: sample=Bs168, batch=160
    resources: tmpdir=/tmp

Submitted job 49 with external jobid 'Submitted batch job 7691411'.

[Mon May 13 10:02:13 2024]
rule png:
    input: /work/frasergen/3D/work/shaojie/script/HiC/3d_model/240033_kcybgj_20240510/02.3d_model/Bs168/Bs168.pdb, /work/frasergen/3D/work/shaojie/script/HiC/3d_model/240033_kcybgj_20240510/02.3d_model/Bs168/Bs168.pml
    output: /work/frasergen/3D/work/shaojie/script/HiC/3d_model/240033_kcybgj_20240510/03.gif/Bs168/pngs/fig_170.png
    jobid: 50
    wildcards: sample=Bs168, batch=170
    resources: tmpdir=/tmp

Submitted job 50 with external jobid 'Submitted batch job 7691412'.

[Mon May 13 10:02:13 2024]
rule png:
    input: /work/frasergen/3D/work/shaojie/script/HiC/3d_model/240033_kcybgj_20240510/02.3d_model/Delta-abrB/Delta-abrB.pdb, /work/frasergen/3D/work/shaojie/script/HiC/3d_model/240033_kcybgj_20240510/02.3d_model/Delta-abrB/Delta-abrB.pml
    output: /work/frasergen/3D/work/shaojie/script/HiC/3d_model/240033_kcybgj_20240510/03.gif/Delta-abrB/pngs/fig_070.png
    jobid: 15
    wildcards: sample=Delta-abrB, batch=070
    resources: tmpdir=/tmp

Submitted job 15 with external jobid 'Submitted batch job 7691413'.

[Mon May 13 10:02:13 2024]
rule chrom:
    input: /work/frasergen/3D/work/shaojie/script/HiC/3d_model/240033_kcybgj_20240510/02.3d_model/Delta-abrB/Delta-abrB.pdb, /work/frasergen/3D/work/shaojie/script/HiC/3d_model/240033_kcybgj_20240510/02.3d_model/Delta-abrB/Delta-abrB.pml
    output: /work/frasergen/3D/work/shaojie/script/HiC/3d_model/240033_kcybgj_20240510/03.gif/Delta-abrB/chrs/chr1/chr1_2.png
    jobid: 1
    wildcards: sample=Delta-abrB, chrom=chr1
    resources: tmpdir=/tmp

Submitted job 1 with external jobid 'Submitted batch job 7691414'.

[Mon May 13 10:02:14 2024]
rule png:
    input: /work/frasergen/3D/work/shaojie/script/HiC/3d_model/240033_kcybgj_20240510/02.3d_model/Delta-abrB/Delta-abrB.pdb, /work/frasergen/3D/work/shaojie/script/HiC/3d_model/240033_kcybgj_20240510/02.3d_model/Delta-abrB/Delta-abrB.pml
    output: /work/frasergen/3D/work/shaojie/script/HiC/3d_model/240033_kcybgj_20240510/03.gif/Delta-abrB/pngs/fig_210.png
    jobid: 29
    wildcards: sample=Delta-abrB, batch=210
    resources: tmpdir=/tmp

Submitted job 29 with external jobid 'Submitted batch job 7691415'.

[Mon May 13 10:02:14 2024]
rule png:
    input: /work/frasergen/3D/work/shaojie/script/HiC/3d_model/240033_kcybgj_20240510/02.3d_model/Delta-abrB/Delta-abrB.pdb, /work/frasergen/3D/work/shaojie/script/HiC/3d_model/240033_kcybgj_20240510/02.3d_model/Delta-abrB/Delta-abrB.pml
    output: /work/frasergen/3D/work/shaojie/script/HiC/3d_model/240033_kcybgj_20240510/03.gif/Delta-abrB/pngs/fig_150.png
    jobid: 23
    wildcards: sample=Delta-abrB, batch=150
    resources: tmpdir=/tmp

Submitted job 23 with external jobid 'Submitted batch job 7691416'.

[Mon May 13 10:02:14 2024]
rule png:
    input: /work/frasergen/3D/work/shaojie/script/HiC/3d_model/240033_kcybgj_20240510/02.3d_model/Delta-abrB/Delta-abrB.pdb, /work/frasergen/3D/work/shaojie/script/HiC/3d_model/240033_kcybgj_20240510/02.3d_model/Delta-abrB/Delta-abrB.pml
    output: /work/frasergen/3D/work/shaojie/script/HiC/3d_model/240033_kcybgj_20240510/03.gif/Delta-abrB/pngs/fig_010.png
    jobid: 9
    wildcards: sample=Delta-abrB, batch=010
    resources: tmpdir=/tmp

Submitted job 9 with external jobid 'Submitted batch job 7691417'.

[Mon May 13 10:02:14 2024]
rule png:
    input: /work/frasergen/3D/work/shaojie/script/HiC/3d_model/240033_kcybgj_20240510/02.3d_model/Delta-abrB/Delta-abrB.pdb, /work/frasergen/3D/work/shaojie/script/HiC/3d_model/240033_kcybgj_20240510/02.3d_model/Delta-abrB/Delta-abrB.pml
    output: /work/frasergen/3D/work/shaojie/script/HiC/3d_model/240033_kcybgj_20240510/03.gif/Delta-abrB/pngs/fig_080.png
    jobid: 16
    wildcards: sample=Delta-abrB, batch=080
    resources: tmpdir=/tmp

Submitted job 16 with external jobid 'Submitted batch job 7691418'.

[Mon May 13 10:02:15 2024]
rule png:
    input: /work/frasergen/3D/work/shaojie/script/HiC/3d_model/240033_kcybgj_20240510/02.3d_model/Delta-abrB/Delta-abrB.pdb, /work/frasergen/3D/work/shaojie/script/HiC/3d_model/240033_kcybgj_20240510/02.3d_model/Delta-abrB/Delta-abrB.pml
    output: /work/frasergen/3D/work/shaojie/script/HiC/3d_model/240033_kcybgj_20240510/03.gif/Delta-abrB/pngs/fig_220.png
    jobid: 30
    wildcards: sample=Delta-abrB, batch=220
    resources: tmpdir=/tmp

Submitted job 30 with external jobid 'Submitted batch job 7691419'.

[Mon May 13 10:02:15 2024]
rule png:
    input: /work/frasergen/3D/work/shaojie/script/HiC/3d_model/240033_kcybgj_20240510/02.3d_model/Delta-abrB/Delta-abrB.pdb, /work/frasergen/3D/work/shaojie/script/HiC/3d_model/240033_kcybgj_20240510/02.3d_model/Delta-abrB/Delta-abrB.pml
    output: /work/frasergen/3D/work/shaojie/script/HiC/3d_model/240033_kcybgj_20240510/03.gif/Delta-abrB/pngs/fig_160.png
    jobid: 24
    wildcards: sample=Delta-abrB, batch=160
    resources: tmpdir=/tmp

Submitted job 24 with external jobid 'Submitted batch job 7691420'.

[Mon May 13 10:02:15 2024]
rule png:
    input: /work/frasergen/3D/work/shaojie/script/HiC/3d_model/240033_kcybgj_20240510/02.3d_model/Delta-abrB/Delta-abrB.pdb, /work/frasergen/3D/work/shaojie/script/HiC/3d_model/240033_kcybgj_20240510/02.3d_model/Delta-abrB/Delta-abrB.pml
    output: /work/frasergen/3D/work/shaojie/script/HiC/3d_model/240033_kcybgj_20240510/03.gif/Delta-abrB/pngs/fig_020.png
    jobid: 10
    wildcards: sample=Delta-abrB, batch=020
    resources: tmpdir=/tmp

Submitted job 10 with external jobid 'Submitted batch job 7691421'.

[Mon May 13 10:02:16 2024]
rule png:
    input: /work/frasergen/3D/work/shaojie/script/HiC/3d_model/240033_kcybgj_20240510/02.3d_model/Delta-abrB/Delta-abrB.pdb, /work/frasergen/3D/work/shaojie/script/HiC/3d_model/240033_kcybgj_20240510/02.3d_model/Delta-abrB/Delta-abrB.pml
    output: /work/frasergen/3D/work/shaojie/script/HiC/3d_model/240033_kcybgj_20240510/03.gif/Delta-abrB/pngs/fig_090.png
    jobid: 17
    wildcards: sample=Delta-abrB, batch=090
    resources: tmpdir=/tmp

Submitted job 17 with external jobid 'Submitted batch job 7691422'.

[Mon May 13 10:02:16 2024]
rule png:
    input: /work/frasergen/3D/work/shaojie/script/HiC/3d_model/240033_kcybgj_20240510/02.3d_model/Delta-abrB/Delta-abrB.pdb, /work/frasergen/3D/work/shaojie/script/HiC/3d_model/240033_kcybgj_20240510/02.3d_model/Delta-abrB/Delta-abrB.pml
    output: /work/frasergen/3D/work/shaojie/script/HiC/3d_model/240033_kcybgj_20240510/03.gif/Delta-abrB/pngs/fig_230.png
    jobid: 31
    wildcards: sample=Delta-abrB, batch=230
    resources: tmpdir=/tmp

Submitted job 31 with external jobid 'Submitted batch job 7691423'.

[Mon May 13 10:02:16 2024]
rule png:
    input: /work/frasergen/3D/work/shaojie/script/HiC/3d_model/240033_kcybgj_20240510/02.3d_model/Delta-abrB/Delta-abrB.pdb, /work/frasergen/3D/work/shaojie/script/HiC/3d_model/240033_kcybgj_20240510/02.3d_model/Delta-abrB/Delta-abrB.pml
    output: /work/frasergen/3D/work/shaojie/script/HiC/3d_model/240033_kcybgj_20240510/03.gif/Delta-abrB/pngs/fig_170.png
    jobid: 25
    wildcards: sample=Delta-abrB, batch=170
    resources: tmpdir=/tmp

Submitted job 25 with external jobid 'Submitted batch job 7691424'.

[Mon May 13 10:02:17 2024]
rule png:
    input: /work/frasergen/3D/work/shaojie/script/HiC/3d_model/240033_kcybgj_20240510/02.3d_model/Delta-abrB/Delta-abrB.pdb, /work/frasergen/3D/work/shaojie/script/HiC/3d_model/240033_kcybgj_20240510/02.3d_model/Delta-abrB/Delta-abrB.pml
    output: /work/frasergen/3D/work/shaojie/script/HiC/3d_model/240033_kcybgj_20240510/03.gif/Delta-abrB/pngs/fig_030.png
    jobid: 11
    wildcards: sample=Delta-abrB, batch=030
    resources: tmpdir=/tmp

Submitted job 11 with external jobid 'Submitted batch job 7691425'.

[Mon May 13 10:02:17 2024]
rule png:
    input: /work/frasergen/3D/work/shaojie/script/HiC/3d_model/240033_kcybgj_20240510/02.3d_model/Delta-abrB/Delta-abrB.pdb, /work/frasergen/3D/work/shaojie/script/HiC/3d_model/240033_kcybgj_20240510/02.3d_model/Delta-abrB/Delta-abrB.pml
    output: /work/frasergen/3D/work/shaojie/script/HiC/3d_model/240033_kcybgj_20240510/03.gif/Delta-abrB/pngs/fig_100.png
    jobid: 18
    wildcards: sample=Delta-abrB, batch=100
    resources: tmpdir=/tmp

Submitted job 18 with external jobid 'Submitted batch job 7691426'.

[Mon May 13 10:02:17 2024]
rule png:
    input: /work/frasergen/3D/work/shaojie/script/HiC/3d_model/240033_kcybgj_20240510/02.3d_model/Delta-abrB/Delta-abrB.pdb, /work/frasergen/3D/work/shaojie/script/HiC/3d_model/240033_kcybgj_20240510/02.3d_model/Delta-abrB/Delta-abrB.pml
    output: /work/frasergen/3D/work/shaojie/script/HiC/3d_model/240033_kcybgj_20240510/03.gif/Delta-abrB/pngs/fig_240.png
    jobid: 32
    wildcards: sample=Delta-abrB, batch=240
    resources: tmpdir=/tmp

Submitted job 32 with external jobid 'Submitted batch job 7691427'.

[Mon May 13 10:02:17 2024]
rule png:
    input: /work/frasergen/3D/work/shaojie/script/HiC/3d_model/240033_kcybgj_20240510/02.3d_model/Delta-abrB/Delta-abrB.pdb, /work/frasergen/3D/work/shaojie/script/HiC/3d_model/240033_kcybgj_20240510/02.3d_model/Delta-abrB/Delta-abrB.pml
    output: /work/frasergen/3D/work/shaojie/script/HiC/3d_model/240033_kcybgj_20240510/03.gif/Delta-abrB/pngs/fig_040.png
    jobid: 12
    wildcards: sample=Delta-abrB, batch=040
    resources: tmpdir=/tmp

Submitted job 12 with external jobid 'Submitted batch job 7691428'.

[Mon May 13 10:02:18 2024]
rule png:
    input: /work/frasergen/3D/work/shaojie/script/HiC/3d_model/240033_kcybgj_20240510/02.3d_model/Delta-abrB/Delta-abrB.pdb, /work/frasergen/3D/work/shaojie/script/HiC/3d_model/240033_kcybgj_20240510/02.3d_model/Delta-abrB/Delta-abrB.pml
    output: /work/frasergen/3D/work/shaojie/script/HiC/3d_model/240033_kcybgj_20240510/03.gif/Delta-abrB/pngs/fig_180.png
    jobid: 26
    wildcards: sample=Delta-abrB, batch=180
    resources: tmpdir=/tmp

Submitted job 26 with external jobid 'Submitted batch job 7691429'.

[Mon May 13 10:02:18 2024]
rule png:
    input: /work/frasergen/3D/work/shaojie/script/HiC/3d_model/240033_kcybgj_20240510/02.3d_model/Delta-abrB/Delta-abrB.pdb, /work/frasergen/3D/work/shaojie/script/HiC/3d_model/240033_kcybgj_20240510/02.3d_model/Delta-abrB/Delta-abrB.pml
    output: /work/frasergen/3D/work/shaojie/script/HiC/3d_model/240033_kcybgj_20240510/03.gif/Delta-abrB/pngs/fig_110.png
    jobid: 19
    wildcards: sample=Delta-abrB, batch=110
    resources: tmpdir=/tmp

Submitted job 19 with external jobid 'Submitted batch job 7691430'.

[Mon May 13 10:02:18 2024]
rule png:
    input: /work/frasergen/3D/work/shaojie/script/HiC/3d_model/240033_kcybgj_20240510/02.3d_model/Delta-abrB/Delta-abrB.pdb, /work/frasergen/3D/work/shaojie/script/HiC/3d_model/240033_kcybgj_20240510/02.3d_model/Delta-abrB/Delta-abrB.pml
    output: /work/frasergen/3D/work/shaojie/script/HiC/3d_model/240033_kcybgj_20240510/03.gif/Delta-abrB/pngs/fig_190.png
    jobid: 27
    wildcards: sample=Delta-abrB, batch=190
    resources: tmpdir=/tmp

Submitted job 27 with external jobid 'Submitted batch job 7691431'.

[Mon May 13 10:02:18 2024]
rule png:
    input: /work/frasergen/3D/work/shaojie/script/HiC/3d_model/240033_kcybgj_20240510/02.3d_model/Delta-abrB/Delta-abrB.pdb, /work/frasergen/3D/work/shaojie/script/HiC/3d_model/240033_kcybgj_20240510/02.3d_model/Delta-abrB/Delta-abrB.pml
    output: /work/frasergen/3D/work/shaojie/script/HiC/3d_model/240033_kcybgj_20240510/03.gif/Delta-abrB/pngs/fig_050.png
    jobid: 13
    wildcards: sample=Delta-abrB, batch=050
    resources: tmpdir=/tmp

Submitted job 13 with external jobid 'Submitted batch job 7691432'.

[Mon May 13 10:02:19 2024]
rule png:
    input: /work/frasergen/3D/work/shaojie/script/HiC/3d_model/240033_kcybgj_20240510/02.3d_model/Delta-abrB/Delta-abrB.pdb, /work/frasergen/3D/work/shaojie/script/HiC/3d_model/240033_kcybgj_20240510/02.3d_model/Delta-abrB/Delta-abrB.pml
    output: /work/frasergen/3D/work/shaojie/script/HiC/3d_model/240033_kcybgj_20240510/03.gif/Delta-abrB/pngs/fig_120.png
    jobid: 20
    wildcards: sample=Delta-abrB, batch=120
    resources: tmpdir=/tmp

Submitted job 20 with external jobid 'Submitted batch job 7691433'.

[Mon May 13 10:02:19 2024]
rule png:
    input: /work/frasergen/3D/work/shaojie/script/HiC/3d_model/240033_kcybgj_20240510/02.3d_model/Delta-abrB/Delta-abrB.pdb, /work/frasergen/3D/work/shaojie/script/HiC/3d_model/240033_kcybgj_20240510/02.3d_model/Delta-abrB/Delta-abrB.pml
    output: /work/frasergen/3D/work/shaojie/script/HiC/3d_model/240033_kcybgj_20240510/03.gif/Delta-abrB/pngs/fig_200.png
    jobid: 28
    wildcards: sample=Delta-abrB, batch=200
    resources: tmpdir=/tmp

Submitted job 28 with external jobid 'Submitted batch job 7691434'.

[Mon May 13 10:02:19 2024]
rule png:
    input: /work/frasergen/3D/work/shaojie/script/HiC/3d_model/240033_kcybgj_20240510/02.3d_model/Delta-abrB/Delta-abrB.pdb, /work/frasergen/3D/work/shaojie/script/HiC/3d_model/240033_kcybgj_20240510/02.3d_model/Delta-abrB/Delta-abrB.pml
    output: /work/frasergen/3D/work/shaojie/script/HiC/3d_model/240033_kcybgj_20240510/03.gif/Delta-abrB/pngs/fig_060.png
    jobid: 14
    wildcards: sample=Delta-abrB, batch=060
    resources: tmpdir=/tmp

Submitted job 14 with external jobid 'Submitted batch job 7691435'.
[Mon May 13 10:02:59 2024]
Finished job 5.
6 of 58 steps (10%) done

[Mon May 13 10:02:59 2024]
rule png:
    input: /work/frasergen/3D/work/shaojie/script/HiC/3d_model/240033_kcybgj_20240510/02.3d_model/Delta-abrB/Delta-abrB.pdb, /work/frasergen/3D/work/shaojie/script/HiC/3d_model/240033_kcybgj_20240510/02.3d_model/Delta-abrB/Delta-abrB.pml
    output: /work/frasergen/3D/work/shaojie/script/HiC/3d_model/240033_kcybgj_20240510/03.gif/Delta-abrB/pngs/fig_130.png
    jobid: 21
    wildcards: sample=Delta-abrB, batch=130
    resources: tmpdir=/tmp

Submitted job 21 with external jobid 'Submitted batch job 7691440'.
[Mon May 13 10:03:00 2024]
Finished job 1.
7 of 58 steps (12%) done

[Mon May 13 10:03:00 2024]
rule png:
    input: /work/frasergen/3D/work/shaojie/script/HiC/3d_model/240033_kcybgj_20240510/02.3d_model/Delta-abrB/Delta-abrB.pdb, /work/frasergen/3D/work/shaojie/script/HiC/3d_model/240033_kcybgj_20240510/02.3d_model/Delta-abrB/Delta-abrB.pml
    output: /work/frasergen/3D/work/shaojie/script/HiC/3d_model/240033_kcybgj_20240510/03.gif/Delta-abrB/pngs/fig_140.png
    jobid: 22
    wildcards: sample=Delta-abrB, batch=140
    resources: tmpdir=/tmp

Submitted job 22 with external jobid 'Submitted batch job 7691441'.
[Mon May 13 10:05:35 2024]
Finished job 15.
8 of 58 steps (14%) done
[Mon May 13 10:05:36 2024]
Finished job 9.
9 of 58 steps (16%) done
[Mon May 13 10:05:36 2024]
Finished job 16.
10 of 58 steps (17%) done
[Mon May 13 10:05:36 2024]
Finished job 30.
11 of 58 steps (19%) done
[Mon May 13 10:05:36 2024]
Finished job 24.
12 of 58 steps (21%) done
[Mon May 13 10:05:46 2024]
Finished job 31.
13 of 58 steps (22%) done
[Mon May 13 10:05:47 2024]
Finished job 37.
14 of 58 steps (24%) done
[Mon May 13 10:05:47 2024]
Finished job 44.
15 of 58 steps (26%) done
[Mon May 13 10:05:48 2024]
Finished job 45.
16 of 58 steps (28%) done
[Mon May 13 10:05:48 2024]
Finished job 39.
17 of 58 steps (29%) done
[Mon May 13 10:05:48 2024]
Finished job 53.
18 of 58 steps (31%) done
[Mon May 13 10:05:48 2024]
Finished job 46.
19 of 58 steps (33%) done
[Mon May 13 10:05:48 2024]
Finished job 40.
20 of 58 steps (34%) done
[Mon May 13 10:05:48 2024]
Finished job 54.
21 of 58 steps (36%) done
[Mon May 13 10:05:48 2024]
Finished job 47.
22 of 58 steps (38%) done
[Mon May 13 10:05:48 2024]
Finished job 41.
23 of 58 steps (40%) done
[Mon May 13 10:05:48 2024]
Finished job 55.
24 of 58 steps (41%) done
[Mon May 13 10:05:49 2024]
Finished job 48.
25 of 58 steps (43%) done
[Mon May 13 10:05:49 2024]
Finished job 34.
26 of 58 steps (45%) done
[Mon May 13 10:05:49 2024]
Finished job 42.
27 of 58 steps (47%) done
[Mon May 13 10:05:49 2024]
Finished job 56.
28 of 58 steps (48%) done
[Mon May 13 10:05:49 2024]
Finished job 35.
29 of 58 steps (50%) done
[Mon May 13 10:05:49 2024]
Finished job 49.
30 of 58 steps (52%) done
[Mon May 13 10:05:49 2024]
Finished job 50.
31 of 58 steps (53%) done
[Mon May 13 10:05:49 2024]
Finished job 29.
32 of 58 steps (55%) done
[Mon May 13 10:05:49 2024]
Finished job 23.
33 of 58 steps (57%) done
[Mon May 13 10:05:49 2024]
Finished job 10.
34 of 58 steps (59%) done
[Mon May 13 10:05:50 2024]
Finished job 17.
35 of 58 steps (60%) done
[Mon May 13 10:05:50 2024]
Finished job 14.
36 of 58 steps (62%) done
[Mon May 13 10:06:00 2024]
Finished job 25.
37 of 58 steps (64%) done
[Mon May 13 10:06:00 2024]
Finished job 11.
38 of 58 steps (66%) done
[Mon May 13 10:06:00 2024]
Finished job 18.
39 of 58 steps (67%) done
[Mon May 13 10:06:00 2024]
Finished job 32.
40 of 58 steps (69%) done
[Mon May 13 10:06:00 2024]
Finished job 12.
41 of 58 steps (71%) done
[Mon May 13 10:06:00 2024]
Finished job 26.
42 of 58 steps (72%) done
[Mon May 13 10:06:00 2024]
Finished job 19.
43 of 58 steps (74%) done
[Mon May 13 10:06:00 2024]
Finished job 27.
44 of 58 steps (76%) done
[Mon May 13 10:06:01 2024]
Finished job 13.
45 of 58 steps (78%) done
[Mon May 13 10:06:01 2024]
Finished job 20.
46 of 58 steps (79%) done
[Mon May 13 10:06:01 2024]
Finished job 43.
47 of 58 steps (81%) done
[Mon May 13 10:06:01 2024]
Finished job 57.
48 of 58 steps (83%) done
[Mon May 13 10:06:01 2024]
Finished job 51.
49 of 58 steps (84%) done
[Mon May 13 10:06:01 2024]
Finished job 36.
50 of 58 steps (86%) done
[Mon May 13 10:06:01 2024]
Finished job 38.
51 of 58 steps (88%) done
[Mon May 13 10:06:01 2024]
Finished job 52.
52 of 58 steps (90%) done
[Mon May 13 10:06:01 2024]
Finished job 28.
53 of 58 steps (91%) done

[Mon May 13 10:06:01 2024]
rule gif:
    input: /work/frasergen/3D/work/shaojie/script/HiC/3d_model/240033_kcybgj_20240510/03.gif/Bs168/pngs/fig_010.png, /work/frasergen/3D/work/shaojie/script/HiC/3d_model/240033_kcybgj_20240510/03.gif/Bs168/pngs/fig_020.png, /work/frasergen/3D/work/shaojie/script/HiC/3d_model/240033_kcybgj_20240510/03.gif/Bs168/pngs/fig_030.png, /work/frasergen/3D/work/shaojie/script/HiC/3d_model/240033_kcybgj_20240510/03.gif/Bs168/pngs/fig_040.png, /work/frasergen/3D/work/shaojie/script/HiC/3d_model/240033_kcybgj_20240510/03.gif/Bs168/pngs/fig_050.png, /work/frasergen/3D/work/shaojie/script/HiC/3d_model/240033_kcybgj_20240510/03.gif/Bs168/pngs/fig_060.png, /work/frasergen/3D/work/shaojie/script/HiC/3d_model/240033_kcybgj_20240510/03.gif/Bs168/pngs/fig_070.png, /work/frasergen/3D/work/shaojie/script/HiC/3d_model/240033_kcybgj_20240510/03.gif/Bs168/pngs/fig_080.png, /work/frasergen/3D/work/shaojie/script/HiC/3d_model/240033_kcybgj_20240510/03.gif/Bs168/pngs/fig_090.png, /work/frasergen/3D/work/shaojie/script/HiC/3d_model/240033_kcybgj_20240510/03.gif/Bs168/pngs/fig_100.png, /work/frasergen/3D/work/shaojie/script/HiC/3d_model/240033_kcybgj_20240510/03.gif/Bs168/pngs/fig_110.png, /work/frasergen/3D/work/shaojie/script/HiC/3d_model/240033_kcybgj_20240510/03.gif/Bs168/pngs/fig_120.png, /work/frasergen/3D/work/shaojie/script/HiC/3d_model/240033_kcybgj_20240510/03.gif/Bs168/pngs/fig_130.png, /work/frasergen/3D/work/shaojie/script/HiC/3d_model/240033_kcybgj_20240510/03.gif/Bs168/pngs/fig_140.png, /work/frasergen/3D/work/shaojie/script/HiC/3d_model/240033_kcybgj_20240510/03.gif/Bs168/pngs/fig_150.png, /work/frasergen/3D/work/shaojie/script/HiC/3d_model/240033_kcybgj_20240510/03.gif/Bs168/pngs/fig_160.png, /work/frasergen/3D/work/shaojie/script/HiC/3d_model/240033_kcybgj_20240510/03.gif/Bs168/pngs/fig_170.png, /work/frasergen/3D/work/shaojie/script/HiC/3d_model/240033_kcybgj_20240510/03.gif/Bs168/pngs/fig_180.png, /work/frasergen/3D/work/shaojie/script/HiC/3d_model/240033_kcybgj_20240510/03.gif/Bs168/pngs/fig_190.png, /work/frasergen/3D/work/shaojie/script/HiC/3d_model/240033_kcybgj_20240510/03.gif/Bs168/pngs/fig_200.png, /work/frasergen/3D/work/shaojie/script/HiC/3d_model/240033_kcybgj_20240510/03.gif/Bs168/pngs/fig_210.png, /work/frasergen/3D/work/shaojie/script/HiC/3d_model/240033_kcybgj_20240510/03.gif/Bs168/pngs/fig_220.png, /work/frasergen/3D/work/shaojie/script/HiC/3d_model/240033_kcybgj_20240510/03.gif/Bs168/pngs/fig_230.png, /work/frasergen/3D/work/shaojie/script/HiC/3d_model/240033_kcybgj_20240510/03.gif/Bs168/pngs/fig_240.png
    output: /work/frasergen/3D/work/shaojie/script/HiC/3d_model/240033_kcybgj_20240510/03.gif/Bs168/Bs168.gif, /work/frasergen/3D/work/shaojie/script/HiC/3d_model/240033_kcybgj_20240510/03.gif/Bs168/Bs168.mp4
    jobid: 33
    wildcards: sample=Bs168
    resources: tmpdir=/tmp

Submitted job 33 with external jobid 'Submitted batch job 7691537'.
[Mon May 13 10:06:21 2024]
Finished job 22.
54 of 58 steps (93%) done
[Mon May 13 10:06:31 2024]
Finished job 21.
55 of 58 steps (95%) done

[Mon May 13 10:06:32 2024]
rule gif:
    input: /work/frasergen/3D/work/shaojie/script/HiC/3d_model/240033_kcybgj_20240510/03.gif/Delta-abrB/pngs/fig_010.png, /work/frasergen/3D/work/shaojie/script/HiC/3d_model/240033_kcybgj_20240510/03.gif/Delta-abrB/pngs/fig_020.png, /work/frasergen/3D/work/shaojie/script/HiC/3d_model/240033_kcybgj_20240510/03.gif/Delta-abrB/pngs/fig_030.png, /work/frasergen/3D/work/shaojie/script/HiC/3d_model/240033_kcybgj_20240510/03.gif/Delta-abrB/pngs/fig_040.png, /work/frasergen/3D/work/shaojie/script/HiC/3d_model/240033_kcybgj_20240510/03.gif/Delta-abrB/pngs/fig_050.png, /work/frasergen/3D/work/shaojie/script/HiC/3d_model/240033_kcybgj_20240510/03.gif/Delta-abrB/pngs/fig_060.png, /work/frasergen/3D/work/shaojie/script/HiC/3d_model/240033_kcybgj_20240510/03.gif/Delta-abrB/pngs/fig_070.png, /work/frasergen/3D/work/shaojie/script/HiC/3d_model/240033_kcybgj_20240510/03.gif/Delta-abrB/pngs/fig_080.png, /work/frasergen/3D/work/shaojie/script/HiC/3d_model/240033_kcybgj_20240510/03.gif/Delta-abrB/pngs/fig_090.png, /work/frasergen/3D/work/shaojie/script/HiC/3d_model/240033_kcybgj_20240510/03.gif/Delta-abrB/pngs/fig_100.png, /work/frasergen/3D/work/shaojie/script/HiC/3d_model/240033_kcybgj_20240510/03.gif/Delta-abrB/pngs/fig_110.png, /work/frasergen/3D/work/shaojie/script/HiC/3d_model/240033_kcybgj_20240510/03.gif/Delta-abrB/pngs/fig_120.png, /work/frasergen/3D/work/shaojie/script/HiC/3d_model/240033_kcybgj_20240510/03.gif/Delta-abrB/pngs/fig_130.png, /work/frasergen/3D/work/shaojie/script/HiC/3d_model/240033_kcybgj_20240510/03.gif/Delta-abrB/pngs/fig_140.png, /work/frasergen/3D/work/shaojie/script/HiC/3d_model/240033_kcybgj_20240510/03.gif/Delta-abrB/pngs/fig_150.png, /work/frasergen/3D/work/shaojie/script/HiC/3d_model/240033_kcybgj_20240510/03.gif/Delta-abrB/pngs/fig_160.png, /work/frasergen/3D/work/shaojie/script/HiC/3d_model/240033_kcybgj_20240510/03.gif/Delta-abrB/pngs/fig_170.png, /work/frasergen/3D/work/shaojie/script/HiC/3d_model/240033_kcybgj_20240510/03.gif/Delta-abrB/pngs/fig_180.png, /work/frasergen/3D/work/shaojie/script/HiC/3d_model/240033_kcybgj_20240510/03.gif/Delta-abrB/pngs/fig_190.png, /work/frasergen/3D/work/shaojie/script/HiC/3d_model/240033_kcybgj_20240510/03.gif/Delta-abrB/pngs/fig_200.png, /work/frasergen/3D/work/shaojie/script/HiC/3d_model/240033_kcybgj_20240510/03.gif/Delta-abrB/pngs/fig_210.png, /work/frasergen/3D/work/shaojie/script/HiC/3d_model/240033_kcybgj_20240510/03.gif/Delta-abrB/pngs/fig_220.png, /work/frasergen/3D/work/shaojie/script/HiC/3d_model/240033_kcybgj_20240510/03.gif/Delta-abrB/pngs/fig_230.png, /work/frasergen/3D/work/shaojie/script/HiC/3d_model/240033_kcybgj_20240510/03.gif/Delta-abrB/pngs/fig_240.png
    output: /work/frasergen/3D/work/shaojie/script/HiC/3d_model/240033_kcybgj_20240510/03.gif/Delta-abrB/Delta-abrB.gif, /work/frasergen/3D/work/shaojie/script/HiC/3d_model/240033_kcybgj_20240510/03.gif/Delta-abrB/Delta-abrB.mp4
    jobid: 8
    wildcards: sample=Delta-abrB
    resources: tmpdir=/tmp

Submitted job 8 with external jobid 'Submitted batch job 7691552'.
[Mon May 13 10:06:52 2024]
Finished job 33.
56 of 58 steps (97%) done
[Mon May 13 10:07:22 2024]
Finished job 8.
57 of 58 steps (98%) done

[Mon May 13 10:07:22 2024]
localrule all:
    input: /work/frasergen/3D/work/shaojie/script/HiC/3d_model/240033_kcybgj_20240510/03.gif/Delta-abrB/chrs/chr1/chr1_2.png, /work/frasergen/3D/work/shaojie/script/HiC/3d_model/240033_kcybgj_20240510/03.gif/Bs168/chrs/chr1/chr1_2.png, /work/frasergen/3D/work/shaojie/script/HiC/3d_model/240033_kcybgj_20240510/03.gif/Delta-abrB/Delta-abrB.gif, /work/frasergen/3D/work/shaojie/script/HiC/3d_model/240033_kcybgj_20240510/03.gif/Bs168/Bs168.gif
    jobid: 0
    resources: tmpdir=/tmp

[Mon May 13 10:07:22 2024]
Finished job 0.
58 of 58 steps (100%) done
Complete log: /work/frasergen/3D/work/shaojie/script/HiC/3d_model/.snakemake/log/2024-05-13T100049.018944.snakemake.log
