Building DAG of jobs...
Using shell: /usr/bin/bash
Provided cluster nodes: 10
Job stats:
job          count    min threads    max threads
---------  -------  -------------  -------------
split_pml       72              1              1
total           72              1              1


[Wed Apr 24 15:23:00 2024]
rule split_pml:
    input: /work/frasergen/3D/work/shaojie/script/HiC/3d_model/analysis20240419_3D_model/02.3d_model/AA/AA.pml
    output: /work/frasergen/3D/work/shaojie/script/HiC/3d_model/analysis20240419_3D_model/03.gif/AA/pmls/gif11.pml
    jobid: 127
    wildcards: sample=AA, batch=11
    resources: tmpdir=/tmp

Submitted job 127 with external jobid 'Submitted batch job 7177885'.

[Wed Apr 24 15:23:01 2024]
rule split_pml:
    input: /work/frasergen/3D/work/shaojie/script/HiC/3d_model/analysis20240419_3D_model/02.3d_model/AA/AA.pml
    output: /work/frasergen/3D/work/shaojie/script/HiC/3d_model/analysis20240419_3D_model/03.gif/AA/pmls/gif14.pml
    jobid: 133
    wildcards: sample=AA, batch=14
    resources: tmpdir=/tmp

Submitted job 133 with external jobid 'Submitted batch job 7177886'.

[Wed Apr 24 15:23:01 2024]
rule split_pml:
    input: /work/frasergen/3D/work/shaojie/script/HiC/3d_model/analysis20240419_3D_model/02.3d_model/AA/AA.pml
    output: /work/frasergen/3D/work/shaojie/script/HiC/3d_model/analysis20240419_3D_model/03.gif/AA/pmls/gif4.pml
    jobid: 113
    wildcards: sample=AA, batch=4
    resources: tmpdir=/tmp

Submitted job 113 with external jobid 'Submitted batch job 7177887'.

[Wed Apr 24 15:23:01 2024]
rule split_pml:
    input: /work/frasergen/3D/work/shaojie/script/HiC/3d_model/analysis20240419_3D_model/02.3d_model/AA/AA.pml
    output: /work/frasergen/3D/work/shaojie/script/HiC/3d_model/analysis20240419_3D_model/03.gif/AA/pmls/gif7.pml
    jobid: 119
    wildcards: sample=AA, batch=7
    resources: tmpdir=/tmp

Submitted job 119 with external jobid 'Submitted batch job 7177888'.

[Wed Apr 24 15:23:01 2024]
rule split_pml:
    input: /work/frasergen/3D/work/shaojie/script/HiC/3d_model/analysis20240419_3D_model/02.3d_model/AA/AA.pml
    output: /work/frasergen/3D/work/shaojie/script/HiC/3d_model/analysis20240419_3D_model/03.gif/AA/pmls/gif21.pml
    jobid: 147
    wildcards: sample=AA, batch=21
    resources: tmpdir=/tmp

Submitted job 147 with external jobid 'Submitted batch job 7177890'.

[Wed Apr 24 15:23:01 2024]
rule split_pml:
    input: /work/frasergen/3D/work/shaojie/script/HiC/3d_model/analysis20240419_3D_model/02.3d_model/AA/AA.pml
    output: /work/frasergen/3D/work/shaojie/script/HiC/3d_model/analysis20240419_3D_model/03.gif/AA/pmls/gif18.pml
    jobid: 141
    wildcards: sample=AA, batch=18
    resources: tmpdir=/tmp

Submitted job 141 with external jobid 'Submitted batch job 7177891'.

[Wed Apr 24 15:23:01 2024]
rule split_pml:
    input: /work/frasergen/3D/work/shaojie/script/HiC/3d_model/analysis20240419_3D_model/02.3d_model/AA/AA.pml
    output: /work/frasergen/3D/work/shaojie/script/HiC/3d_model/analysis20240419_3D_model/03.gif/AA/pmls/gif17.pml
    jobid: 139
    wildcards: sample=AA, batch=17
    resources: tmpdir=/tmp

Submitted job 139 with external jobid 'Submitted batch job 7177892'.

[Wed Apr 24 15:23:02 2024]
rule split_pml:
    input: /work/frasergen/3D/work/shaojie/script/HiC/3d_model/analysis20240419_3D_model/02.3d_model/AA/AA.pml
    output: /work/frasergen/3D/work/shaojie/script/HiC/3d_model/analysis20240419_3D_model/03.gif/AA/pmls/gif3.pml
    jobid: 111
    wildcards: sample=AA, batch=3
    resources: tmpdir=/tmp

Submitted job 111 with external jobid 'Submitted batch job 7177893'.

[Wed Apr 24 15:23:02 2024]
rule split_pml:
    input: /work/frasergen/3D/work/shaojie/script/HiC/3d_model/analysis20240419_3D_model/02.3d_model/AA/AA.pml
    output: /work/frasergen/3D/work/shaojie/script/HiC/3d_model/analysis20240419_3D_model/03.gif/AA/pmls/gif10.pml
    jobid: 125
    wildcards: sample=AA, batch=10
    resources: tmpdir=/tmp

Submitted job 125 with external jobid 'Submitted batch job 7177894'.

[Wed Apr 24 15:23:02 2024]
rule split_pml:
    input: /work/frasergen/3D/work/shaojie/script/HiC/3d_model/analysis20240419_3D_model/02.3d_model/AA/AA.pml
    output: /work/frasergen/3D/work/shaojie/script/HiC/3d_model/analysis20240419_3D_model/03.gif/AA/pmls/gif0.pml
    jobid: 105
    wildcards: sample=AA, batch=0
    resources: tmpdir=/tmp

Submitted job 105 with external jobid 'Submitted batch job 7177895'.
[Wed Apr 24 15:23:21 2024]
Finished job 127.
1 of 151 steps (1%) done

[Wed Apr 24 15:23:21 2024]
rule split_pml:
    input: /work/frasergen/3D/work/shaojie/script/HiC/3d_model/analysis20240419_3D_model/02.3d_model/AA/AA.pml
    output: /work/frasergen/3D/work/shaojie/script/HiC/3d_model/analysis20240419_3D_model/03.gif/AA/pmls/gif13.pml
    jobid: 131
    wildcards: sample=AA, batch=13
    resources: tmpdir=/tmp

Submitted job 131 with external jobid 'Submitted batch job 7177898'.
[Wed Apr 24 15:23:21 2024]
Finished job 133.
2 of 151 steps (1%) done

[Wed Apr 24 15:23:21 2024]
rule split_pml:
    input: /work/frasergen/3D/work/shaojie/script/HiC/3d_model/analysis20240419_3D_model/02.3d_model/AA/AA.pml
    output: /work/frasergen/3D/work/shaojie/script/HiC/3d_model/analysis20240419_3D_model/03.gif/AA/pmls/gif1.pml
    jobid: 107
    wildcards: sample=AA, batch=1
    resources: tmpdir=/tmp

[Wed Apr 24 15:23:21 2024]
Finished job 113.
3 of 151 steps (2%) done
[Wed Apr 24 15:23:21 2024]
Finished job 119.
4 of 151 steps (3%) done
[Wed Apr 24 15:23:21 2024]
Finished job 147.
5 of 151 steps (3%) done
Submitted job 107 with external jobid 'Submitted batch job 7177899'.
[Wed Apr 24 15:23:22 2024]
Finished job 141.
6 of 151 steps (4%) done

[Wed Apr 24 15:23:22 2024]
rule split_pml:
    input: /work/frasergen/3D/work/shaojie/script/HiC/3d_model/analysis20240419_3D_model/02.3d_model/AA/AA.pml
    output: /work/frasergen/3D/work/shaojie/script/HiC/3d_model/analysis20240419_3D_model/03.gif/AA/pmls/gif8.pml
    jobid: 121
    wildcards: sample=AA, batch=8
    resources: tmpdir=/tmp

[Wed Apr 24 15:23:22 2024]
Finished job 139.
7 of 151 steps (5%) done
[Wed Apr 24 15:23:22 2024]
Finished job 111.
8 of 151 steps (5%) done
[Wed Apr 24 15:23:22 2024]
Finished job 125.
9 of 151 steps (6%) done
[Wed Apr 24 15:23:22 2024]
Finished job 105.
10 of 151 steps (7%) done
Submitted job 121 with external jobid 'Submitted batch job 7177900'.

[Wed Apr 24 15:23:22 2024]
rule split_pml:
    input: /work/frasergen/3D/work/shaojie/script/HiC/3d_model/analysis20240419_3D_model/02.3d_model/AA/AA.pml
    output: /work/frasergen/3D/work/shaojie/script/HiC/3d_model/analysis20240419_3D_model/03.gif/AA/pmls/gif5.pml
    jobid: 115
    wildcards: sample=AA, batch=5
    resources: tmpdir=/tmp

Submitted job 115 with external jobid 'Submitted batch job 7177901'.

[Wed Apr 24 15:23:22 2024]
rule split_pml:
    input: /work/frasergen/3D/work/shaojie/script/HiC/3d_model/analysis20240419_3D_model/02.3d_model/AA/AA.pml
    output: /work/frasergen/3D/work/shaojie/script/HiC/3d_model/analysis20240419_3D_model/03.gif/AA/pmls/gif22.pml
    jobid: 149
    wildcards: sample=AA, batch=22
    resources: tmpdir=/tmp

Submitted job 149 with external jobid 'Submitted batch job 7177902'.

[Wed Apr 24 15:23:22 2024]
rule split_pml:
    input: /work/frasergen/3D/work/shaojie/script/HiC/3d_model/analysis20240419_3D_model/02.3d_model/AA/AA.pml
    output: /work/frasergen/3D/work/shaojie/script/HiC/3d_model/analysis20240419_3D_model/03.gif/AA/pmls/gif15.pml
    jobid: 135
    wildcards: sample=AA, batch=15
    resources: tmpdir=/tmp

Submitted job 135 with external jobid 'Submitted batch job 7177903'.

[Wed Apr 24 15:23:22 2024]
rule split_pml:
    input: /work/frasergen/3D/work/shaojie/script/HiC/3d_model/analysis20240419_3D_model/02.3d_model/AA/AA.pml
    output: /work/frasergen/3D/work/shaojie/script/HiC/3d_model/analysis20240419_3D_model/03.gif/AA/pmls/gif12.pml
    jobid: 129
    wildcards: sample=AA, batch=12
    resources: tmpdir=/tmp

Submitted job 129 with external jobid 'Submitted batch job 7177904'.

[Wed Apr 24 15:23:23 2024]
rule split_pml:
    input: /work/frasergen/3D/work/shaojie/script/HiC/3d_model/analysis20240419_3D_model/02.3d_model/AA/AA.pml
    output: /work/frasergen/3D/work/shaojie/script/HiC/3d_model/analysis20240419_3D_model/03.gif/AA/pmls/gif2.pml
    jobid: 109
    wildcards: sample=AA, batch=2
    resources: tmpdir=/tmp

Submitted job 109 with external jobid 'Submitted batch job 7177906'.

[Wed Apr 24 15:23:24 2024]
rule split_pml:
    input: /work/frasergen/3D/work/shaojie/script/HiC/3d_model/analysis20240419_3D_model/02.3d_model/AA/AA.pml
    output: /work/frasergen/3D/work/shaojie/script/HiC/3d_model/analysis20240419_3D_model/03.gif/AA/pmls/gif19.pml
    jobid: 143
    wildcards: sample=AA, batch=19
    resources: tmpdir=/tmp

Submitted job 143 with external jobid 'Submitted batch job 7177907'.

[Wed Apr 24 15:23:24 2024]
rule split_pml:
    input: /work/frasergen/3D/work/shaojie/script/HiC/3d_model/analysis20240419_3D_model/02.3d_model/AA/AA.pml
    output: /work/frasergen/3D/work/shaojie/script/HiC/3d_model/analysis20240419_3D_model/03.gif/AA/pmls/gif9.pml
    jobid: 123
    wildcards: sample=AA, batch=9
    resources: tmpdir=/tmp

Submitted job 123 with external jobid 'Submitted batch job 7177908'.
[Wed Apr 24 15:23:32 2024]
Finished job 131.
11 of 151 steps (7%) done

[Wed Apr 24 15:23:32 2024]
[Wed Apr 24 15:23:32 2024]
Error in rule split_pml:
rule split_pml:
    input: /work/frasergen/3D/work/shaojie/script/HiC/3d_model/analysis20240419_3D_model/02.3d_model/AA/AA.pml
    output: /work/frasergen/3D/work/shaojie/script/HiC/3d_model/analysis20240419_3D_model/03.gif/AA/pmls/gif16.pml
    jobid: 137
    wildcards: sample=AA, batch=16
    resources: tmpdir=/tmp
    jobid: 107

    output: /work/frasergen/3D/work/shaojie/script/HiC/3d_model/analysis20240419_3D_model/03.gif/AA/pmls/gif1.pml
    cluster_jobid: Submitted batch job 7177899

Error executing rule split_pml on cluster (jobid: 107, external: Submitted batch job 7177899, jobscript: /work/frasergen/3D/work/shaojie/script/HiC/3d_model/.snakemake/tmp.q_c_zmgi/snakejob.split_pml.107.sh). For error details see the cluster log and the log files of the involved rule(s).
Removing output files of failed job split_pml since they might be corrupted:
/work/frasergen/3D/work/shaojie/script/HiC/3d_model/analysis20240419_3D_model/03.gif/AA/pmls/gif1.pml
[Wed Apr 24 15:23:32 2024]
Error in rule split_pml:
    jobid: 121
    output: /work/frasergen/3D/work/shaojie/script/HiC/3d_model/analysis20240419_3D_model/03.gif/AA/pmls/gif8.pml
    cluster_jobid: Submitted batch job 7177900

Error executing rule split_pml on cluster (jobid: 121, external: Submitted batch job 7177900, jobscript: /work/frasergen/3D/work/shaojie/script/HiC/3d_model/.snakemake/tmp.q_c_zmgi/snakejob.split_pml.121.sh). For error details see the cluster log and the log files of the involved rule(s).
Removing output files of failed job split_pml since they might be corrupted:
/work/frasergen/3D/work/shaojie/script/HiC/3d_model/analysis20240419_3D_model/03.gif/AA/pmls/gif8.pml
[Wed Apr 24 15:23:32 2024]
Error in rule split_pml:
    jobid: 115
    output: /work/frasergen/3D/work/shaojie/script/HiC/3d_model/analysis20240419_3D_model/03.gif/AA/pmls/gif5.pml
    cluster_jobid: Submitted batch job 7177901

Error executing rule split_pml on cluster (jobid: 115, external: Submitted batch job 7177901, jobscript: /work/frasergen/3D/work/shaojie/script/HiC/3d_model/.snakemake/tmp.q_c_zmgi/snakejob.split_pml.115.sh). For error details see the cluster log and the log files of the involved rule(s).
Removing output files of failed job split_pml since they might be corrupted:
/work/frasergen/3D/work/shaojie/script/HiC/3d_model/analysis20240419_3D_model/03.gif/AA/pmls/gif5.pml
[Wed Apr 24 15:23:32 2024]
Error in rule split_pml:
    jobid: 149
    output: /work/frasergen/3D/work/shaojie/script/HiC/3d_model/analysis20240419_3D_model/03.gif/AA/pmls/gif22.pml
    cluster_jobid: Submitted batch job 7177902

Error executing rule split_pml on cluster (jobid: 149, external: Submitted batch job 7177902, jobscript: /work/frasergen/3D/work/shaojie/script/HiC/3d_model/.snakemake/tmp.q_c_zmgi/snakejob.split_pml.149.sh). For error details see the cluster log and the log files of the involved rule(s).
Removing output files of failed job split_pml since they might be corrupted:
/work/frasergen/3D/work/shaojie/script/HiC/3d_model/analysis20240419_3D_model/03.gif/AA/pmls/gif22.pml
[Wed Apr 24 15:23:32 2024]
Error in rule split_pml:
    jobid: 135
    output: /work/frasergen/3D/work/shaojie/script/HiC/3d_model/analysis20240419_3D_model/03.gif/AA/pmls/gif15.pml
    cluster_jobid: Submitted batch job 7177903

Error executing rule split_pml on cluster (jobid: 135, external: Submitted batch job 7177903, jobscript: /work/frasergen/3D/work/shaojie/script/HiC/3d_model/.snakemake/tmp.q_c_zmgi/snakejob.split_pml.135.sh). For error details see the cluster log and the log files of the involved rule(s).
Removing output files of failed job split_pml since they might be corrupted:
/work/frasergen/3D/work/shaojie/script/HiC/3d_model/analysis20240419_3D_model/03.gif/AA/pmls/gif15.pml
[Wed Apr 24 15:23:32 2024]
Error in rule split_pml:
    jobid: 129
    output: /work/frasergen/3D/work/shaojie/script/HiC/3d_model/analysis20240419_3D_model/03.gif/AA/pmls/gif12.pml
    cluster_jobid: Submitted batch job 7177904

Error executing rule split_pml on cluster (jobid: 129, external: Submitted batch job 7177904, jobscript: /work/frasergen/3D/work/shaojie/script/HiC/3d_model/.snakemake/tmp.q_c_zmgi/snakejob.split_pml.129.sh). For error details see the cluster log and the log files of the involved rule(s).
Removing output files of failed job split_pml since they might be corrupted:
/work/frasergen/3D/work/shaojie/script/HiC/3d_model/analysis20240419_3D_model/03.gif/AA/pmls/gif12.pml
Submitted job 137 with external jobid 'Submitted batch job 7177909'.
[Wed Apr 24 15:23:43 2024]
Error in rule split_pml:
    jobid: 109
    output: /work/frasergen/3D/work/shaojie/script/HiC/3d_model/analysis20240419_3D_model/03.gif/AA/pmls/gif2.pml
    cluster_jobid: Submitted batch job 7177906

Error executing rule split_pml on cluster (jobid: 109, external: Submitted batch job 7177906, jobscript: /work/frasergen/3D/work/shaojie/script/HiC/3d_model/.snakemake/tmp.q_c_zmgi/snakejob.split_pml.109.sh). For error details see the cluster log and the log files of the involved rule(s).
Removing output files of failed job split_pml since they might be corrupted:
/work/frasergen/3D/work/shaojie/script/HiC/3d_model/analysis20240419_3D_model/03.gif/AA/pmls/gif2.pml
[Wed Apr 24 15:23:43 2024]
Error in rule split_pml:
    jobid: 143
    output: /work/frasergen/3D/work/shaojie/script/HiC/3d_model/analysis20240419_3D_model/03.gif/AA/pmls/gif19.pml
    cluster_jobid: Submitted batch job 7177907

Error executing rule split_pml on cluster (jobid: 143, external: Submitted batch job 7177907, jobscript: /work/frasergen/3D/work/shaojie/script/HiC/3d_model/.snakemake/tmp.q_c_zmgi/snakejob.split_pml.143.sh). For error details see the cluster log and the log files of the involved rule(s).
Removing output files of failed job split_pml since they might be corrupted:
/work/frasergen/3D/work/shaojie/script/HiC/3d_model/analysis20240419_3D_model/03.gif/AA/pmls/gif19.pml
[Wed Apr 24 15:23:43 2024]
Error in rule split_pml:
    jobid: 123
    output: /work/frasergen/3D/work/shaojie/script/HiC/3d_model/analysis20240419_3D_model/03.gif/AA/pmls/gif9.pml
    cluster_jobid: Submitted batch job 7177908

Error executing rule split_pml on cluster (jobid: 123, external: Submitted batch job 7177908, jobscript: /work/frasergen/3D/work/shaojie/script/HiC/3d_model/.snakemake/tmp.q_c_zmgi/snakejob.split_pml.123.sh). For error details see the cluster log and the log files of the involved rule(s).
Removing output files of failed job split_pml since they might be corrupted:
/work/frasergen/3D/work/shaojie/script/HiC/3d_model/analysis20240419_3D_model/03.gif/AA/pmls/gif9.pml
[Wed Apr 24 15:23:43 2024]
Finished job 137.
12 of 151 steps (8%) done
Shutting down, this might take some time.
Exiting because a job execution failed. Look above for error message
Complete log: /work/frasergen/3D/work/shaojie/script/HiC/3d_model/.snakemake/log/2024-04-24T152251.824319.snakemake.log
