Building DAG of jobs...
Using shell: /usr/bin/bash
Provided cluster nodes: 10
Job stats:
job          count    min threads    max threads
---------  -------  -------------  -------------
all              1              1              1
gif              3              1              1
mp4              3              1              1
png             72              1              1
split_pml       72              1              1
total          151              1              1


[Wed Apr 24 15:19:33 2024]
rule split_pml:
    input: /work/frasergen/3D/work/shaojie/script/HiC/3d_model/analysis20240419_3D_model/02.3d_model/AA/AA.pml
    output: /work/frasergen/3D/work/shaojie/script/HiC/3d_model/analysis20240419_3D_model/03.gif/AA/pmls/gif0.pml
    jobid: 105
    wildcards: sample=AA, batch=0
    resources: tmpdir=/tmp

Submitted job 105 with external jobid 'Submitted batch job 7177855'.

[Wed Apr 24 15:19:34 2024]
rule split_pml:
    input: /work/frasergen/3D/work/shaojie/script/HiC/3d_model/analysis20240419_3D_model/02.3d_model/AA/AA.pml
    output: /work/frasergen/3D/work/shaojie/script/HiC/3d_model/analysis20240419_3D_model/03.gif/AA/pmls/gif4.pml
    jobid: 113
    wildcards: sample=AA, batch=4
    resources: tmpdir=/tmp

Submitted job 113 with external jobid 'Submitted batch job 7177856'.

[Wed Apr 24 15:19:35 2024]
rule split_pml:
    input: /work/frasergen/3D/work/shaojie/script/HiC/3d_model/analysis20240419_3D_model/02.3d_model/AA/AA.pml
    output: /work/frasergen/3D/work/shaojie/script/HiC/3d_model/analysis20240419_3D_model/03.gif/AA/pmls/gif21.pml
    jobid: 147
    wildcards: sample=AA, batch=21
    resources: tmpdir=/tmp

Submitted job 147 with external jobid 'Submitted batch job 7177857'.

[Wed Apr 24 15:19:35 2024]
rule split_pml:
    input: /work/frasergen/3D/work/shaojie/script/HiC/3d_model/analysis20240419_3D_model/02.3d_model/AA/AA.pml
    output: /work/frasergen/3D/work/shaojie/script/HiC/3d_model/analysis20240419_3D_model/03.gif/AA/pmls/gif18.pml
    jobid: 141
    wildcards: sample=AA, batch=18
    resources: tmpdir=/tmp

Submitted job 141 with external jobid 'Submitted batch job 7177858'.

[Wed Apr 24 15:19:35 2024]
rule split_pml:
    input: /work/frasergen/3D/work/shaojie/script/HiC/3d_model/analysis20240419_3D_model/02.3d_model/AA/AA.pml
    output: /work/frasergen/3D/work/shaojie/script/HiC/3d_model/analysis20240419_3D_model/03.gif/AA/pmls/gif10.pml
    jobid: 125
    wildcards: sample=AA, batch=10
    resources: tmpdir=/tmp

Submitted job 125 with external jobid 'Submitted batch job 7177859'.

[Wed Apr 24 15:19:35 2024]
rule split_pml:
    input: /work/frasergen/3D/work/shaojie/script/HiC/3d_model/analysis20240419_3D_model/02.3d_model/AA/AA.pml
    output: /work/frasergen/3D/work/shaojie/script/HiC/3d_model/analysis20240419_3D_model/03.gif/AA/pmls/gif17.pml
    jobid: 139
    wildcards: sample=AA, batch=17
    resources: tmpdir=/tmp

Submitted job 139 with external jobid 'Submitted batch job 7177860'.

[Wed Apr 24 15:19:36 2024]
rule split_pml:
    input: /work/frasergen/3D/work/shaojie/script/HiC/3d_model/analysis20240419_3D_model/02.3d_model/AA/AA.pml
    output: /work/frasergen/3D/work/shaojie/script/HiC/3d_model/analysis20240419_3D_model/03.gif/AA/pmls/gif3.pml
    jobid: 111
    wildcards: sample=AA, batch=3
    resources: tmpdir=/tmp

Submitted job 111 with external jobid 'Submitted batch job 7177861'.

[Wed Apr 24 15:19:37 2024]
rule split_pml:
    input: /work/frasergen/3D/work/shaojie/script/HiC/3d_model/analysis20240419_3D_model/02.3d_model/AA/AA.pml
    output: /work/frasergen/3D/work/shaojie/script/HiC/3d_model/analysis20240419_3D_model/03.gif/AA/pmls/gif11.pml
    jobid: 127
    wildcards: sample=AA, batch=11
    resources: tmpdir=/tmp

Submitted job 127 with external jobid 'Submitted batch job 7177862'.

[Wed Apr 24 15:19:37 2024]
rule split_pml:
    input: /work/frasergen/3D/work/shaojie/script/HiC/3d_model/analysis20240419_3D_model/02.3d_model/AA/AA.pml
    output: /work/frasergen/3D/work/shaojie/script/HiC/3d_model/analysis20240419_3D_model/03.gif/AA/pmls/gif14.pml
    jobid: 133
    wildcards: sample=AA, batch=14
    resources: tmpdir=/tmp

Submitted job 133 with external jobid 'Submitted batch job 7177863'.

[Wed Apr 24 15:19:37 2024]
rule split_pml:
    input: /work/frasergen/3D/work/shaojie/script/HiC/3d_model/analysis20240419_3D_model/02.3d_model/AA/AA.pml
    output: /work/frasergen/3D/work/shaojie/script/HiC/3d_model/analysis20240419_3D_model/03.gif/AA/pmls/gif7.pml
    jobid: 119
    wildcards: sample=AA, batch=7
    resources: tmpdir=/tmp

Submitted job 119 with external jobid 'Submitted batch job 7177864'.
[Wed Apr 24 15:19:43 2024]
Finished job 105.
1 of 151 steps (1%) done

[Wed Apr 24 15:19:43 2024]
rule png:
    input: /work/frasergen/3D/work/shaojie/script/HiC/3d_model/analysis20240419_3D_model/03.gif/AA/pmls/gif0.pml
    output: /work/frasergen/3D/work/shaojie/script/HiC/3d_model/analysis20240419_3D_model/03.gif/AA/pngs/fig_0.png
    jobid: 104
    wildcards: sample=AA, batch=0
    resources: tmpdir=/tmp

Submitted job 104 with external jobid 'Submitted batch job 7177866'.
[Wed Apr 24 15:19:54 2024]
Error in rule split_pml:
    jobid: 113
    output: /work/frasergen/3D/work/shaojie/script/HiC/3d_model/analysis20240419_3D_model/03.gif/AA/pmls/gif4.pml
    cluster_jobid: Submitted batch job 7177856

Error executing rule split_pml on cluster (jobid: 113, external: Submitted batch job 7177856, jobscript: /work/frasergen/3D/work/shaojie/script/HiC/3d_model/.snakemake/tmp.22zbu49a/snakejob.split_pml.113.sh). For error details see the cluster log and the log files of the involved rule(s).
Removing output files of failed job split_pml since they might be corrupted:
/work/frasergen/3D/work/shaojie/script/HiC/3d_model/analysis20240419_3D_model/03.gif/AA/pmls/gif4.pml
[Wed Apr 24 15:19:54 2024]
Error in rule split_pml:
    jobid: 147
    output: /work/frasergen/3D/work/shaojie/script/HiC/3d_model/analysis20240419_3D_model/03.gif/AA/pmls/gif21.pml
    cluster_jobid: Submitted batch job 7177857

Error executing rule split_pml on cluster (jobid: 147, external: Submitted batch job 7177857, jobscript: /work/frasergen/3D/work/shaojie/script/HiC/3d_model/.snakemake/tmp.22zbu49a/snakejob.split_pml.147.sh). For error details see the cluster log and the log files of the involved rule(s).
Removing output files of failed job split_pml since they might be corrupted:
/work/frasergen/3D/work/shaojie/script/HiC/3d_model/analysis20240419_3D_model/03.gif/AA/pmls/gif21.pml
[Wed Apr 24 15:19:54 2024]
Error in rule split_pml:
    jobid: 141
    output: /work/frasergen/3D/work/shaojie/script/HiC/3d_model/analysis20240419_3D_model/03.gif/AA/pmls/gif18.pml
    cluster_jobid: Submitted batch job 7177858

Error executing rule split_pml on cluster (jobid: 141, external: Submitted batch job 7177858, jobscript: /work/frasergen/3D/work/shaojie/script/HiC/3d_model/.snakemake/tmp.22zbu49a/snakejob.split_pml.141.sh). For error details see the cluster log and the log files of the involved rule(s).
Removing output files of failed job split_pml since they might be corrupted:
/work/frasergen/3D/work/shaojie/script/HiC/3d_model/analysis20240419_3D_model/03.gif/AA/pmls/gif18.pml
[Wed Apr 24 15:19:55 2024]
Error in rule split_pml:
    jobid: 125
    output: /work/frasergen/3D/work/shaojie/script/HiC/3d_model/analysis20240419_3D_model/03.gif/AA/pmls/gif10.pml
    cluster_jobid: Submitted batch job 7177859

Error executing rule split_pml on cluster (jobid: 125, external: Submitted batch job 7177859, jobscript: /work/frasergen/3D/work/shaojie/script/HiC/3d_model/.snakemake/tmp.22zbu49a/snakejob.split_pml.125.sh). For error details see the cluster log and the log files of the involved rule(s).
Removing output files of failed job split_pml since they might be corrupted:
/work/frasergen/3D/work/shaojie/script/HiC/3d_model/analysis20240419_3D_model/03.gif/AA/pmls/gif10.pml
[Wed Apr 24 15:19:55 2024]
Error in rule split_pml:
    jobid: 139
    output: /work/frasergen/3D/work/shaojie/script/HiC/3d_model/analysis20240419_3D_model/03.gif/AA/pmls/gif17.pml
    cluster_jobid: Submitted batch job 7177860

Error executing rule split_pml on cluster (jobid: 139, external: Submitted batch job 7177860, jobscript: /work/frasergen/3D/work/shaojie/script/HiC/3d_model/.snakemake/tmp.22zbu49a/snakejob.split_pml.139.sh). For error details see the cluster log and the log files of the involved rule(s).
Removing output files of failed job split_pml since they might be corrupted:
/work/frasergen/3D/work/shaojie/script/HiC/3d_model/analysis20240419_3D_model/03.gif/AA/pmls/gif17.pml
[Wed Apr 24 15:19:55 2024]
Error in rule split_pml:
    jobid: 111
    output: /work/frasergen/3D/work/shaojie/script/HiC/3d_model/analysis20240419_3D_model/03.gif/AA/pmls/gif3.pml
    cluster_jobid: Submitted batch job 7177861

Error executing rule split_pml on cluster (jobid: 111, external: Submitted batch job 7177861, jobscript: /work/frasergen/3D/work/shaojie/script/HiC/3d_model/.snakemake/tmp.22zbu49a/snakejob.split_pml.111.sh). For error details see the cluster log and the log files of the involved rule(s).
Removing output files of failed job split_pml since they might be corrupted:
/work/frasergen/3D/work/shaojie/script/HiC/3d_model/analysis20240419_3D_model/03.gif/AA/pmls/gif3.pml
[Wed Apr 24 15:19:55 2024]
Error in rule split_pml:
    jobid: 127
    output: /work/frasergen/3D/work/shaojie/script/HiC/3d_model/analysis20240419_3D_model/03.gif/AA/pmls/gif11.pml
    cluster_jobid: Submitted batch job 7177862

Error executing rule split_pml on cluster (jobid: 127, external: Submitted batch job 7177862, jobscript: /work/frasergen/3D/work/shaojie/script/HiC/3d_model/.snakemake/tmp.22zbu49a/snakejob.split_pml.127.sh). For error details see the cluster log and the log files of the involved rule(s).
Removing output files of failed job split_pml since they might be corrupted:
/work/frasergen/3D/work/shaojie/script/HiC/3d_model/analysis20240419_3D_model/03.gif/AA/pmls/gif11.pml
[Wed Apr 24 15:19:55 2024]
Error in rule split_pml:
    jobid: 133
    output: /work/frasergen/3D/work/shaojie/script/HiC/3d_model/analysis20240419_3D_model/03.gif/AA/pmls/gif14.pml
    cluster_jobid: Submitted batch job 7177863

Error executing rule split_pml on cluster (jobid: 133, external: Submitted batch job 7177863, jobscript: /work/frasergen/3D/work/shaojie/script/HiC/3d_model/.snakemake/tmp.22zbu49a/snakejob.split_pml.133.sh). For error details see the cluster log and the log files of the involved rule(s).
Removing output files of failed job split_pml since they might be corrupted:
/work/frasergen/3D/work/shaojie/script/HiC/3d_model/analysis20240419_3D_model/03.gif/AA/pmls/gif14.pml
[Wed Apr 24 15:19:55 2024]
Error in rule split_pml:
    jobid: 119
    output: /work/frasergen/3D/work/shaojie/script/HiC/3d_model/analysis20240419_3D_model/03.gif/AA/pmls/gif7.pml
    cluster_jobid: Submitted batch job 7177864

Error executing rule split_pml on cluster (jobid: 119, external: Submitted batch job 7177864, jobscript: /work/frasergen/3D/work/shaojie/script/HiC/3d_model/.snakemake/tmp.22zbu49a/snakejob.split_pml.119.sh). For error details see the cluster log and the log files of the involved rule(s).
Removing output files of failed job split_pml since they might be corrupted:
/work/frasergen/3D/work/shaojie/script/HiC/3d_model/analysis20240419_3D_model/03.gif/AA/pmls/gif7.pml
