Building DAG of jobs...
Using shell: /usr/bin/bash
Provided cores: 10
Rules claiming more threads will be scaled down.
Job stats:
job      count    min threads    max threads
-----  -------  -------------  -------------
all          1              1              1
chrom       34              1              1
gif          2              1              1
mp4          2              1              1
png          2              1              1
total       41              1              1


[Mon Feb  5 20:37:34 2024]
rule chrom:
    input: /work/frasergen/3D/work/shaojie/script/HiC/3d_model/221425_apple/02.3d_model/wsk/wsk.pml
    output: /work/frasergen/3D/work/shaojie/script/HiC/3d_model/221425_apple/03.gif/wsk/chrs/chr1/chr1.pml
    jobid: 23
    wildcards: sample=wsk, chrom=chr1
    resources: tmpdir=/tmp

[Mon Feb  5 20:37:34 2024]
rule chrom:
    input: /work/frasergen/3D/work/shaojie/script/HiC/3d_model/221425_apple/02.3d_model/wsk/wsk.pml
    output: /work/frasergen/3D/work/shaojie/script/HiC/3d_model/221425_apple/03.gif/wsk/chrs/chr17/chr17.pml
    jobid: 40
    wildcards: sample=wsk, chrom=chr17
    resources: tmpdir=/tmp

[Mon Feb  5 20:37:35 2024]
rule chrom:
    input: /work/frasergen/3D/work/shaojie/script/HiC/3d_model/221425_apple/02.3d_model/wsk/wsk.pml
    output: /work/frasergen/3D/work/shaojie/script/HiC/3d_model/221425_apple/03.gif/wsk/chrs/chr3/chr3.pml
    jobid: 26
    wildcards: sample=wsk, chrom=chr3
    resources: tmpdir=/tmp

[Mon Feb  5 20:37:35 2024]
rule chrom:
    input: /work/frasergen/3D/work/shaojie/script/HiC/3d_model/221425_apple/02.3d_model/wsk/wsk.pml
    output: /work/frasergen/3D/work/shaojie/script/HiC/3d_model/221425_apple/03.gif/wsk/chrs/chr5/chr5.pml
    jobid: 28
    wildcards: sample=wsk, chrom=chr5
    resources: tmpdir=/tmp

[Mon Feb  5 20:37:35 2024]
rule png:
    input: /work/frasergen/3D/work/shaojie/script/HiC/3d_model/221425_apple/02.3d_model/wsk/wsk.pml
    output: /work/frasergen/3D/work/shaojie/script/HiC/3d_model/221425_apple/03.gif/wsk/pngs/fig_240.png
    jobid: 42
    wildcards: sample=wsk
    resources: tmpdir=/tmp

[Mon Feb  5 20:37:35 2024]
rule chrom:
    input: /work/frasergen/3D/work/shaojie/script/HiC/3d_model/221425_apple/02.3d_model/wsk/wsk.pml
    output: /work/frasergen/3D/work/shaojie/script/HiC/3d_model/221425_apple/03.gif/wsk/chrs/chr11/chr11.pml
    jobid: 34
    wildcards: sample=wsk, chrom=chr11
    resources: tmpdir=/tmp

[Mon Feb  5 20:37:35 2024]
rule chrom:
    input: /work/frasergen/3D/work/shaojie/script/HiC/3d_model/221425_apple/02.3d_model/wsk/wsk.pml
    output: /work/frasergen/3D/work/shaojie/script/HiC/3d_model/221425_apple/03.gif/wsk/chrs/chr13/chr13.pml
    jobid: 36
    wildcards: sample=wsk, chrom=chr13
    resources: tmpdir=/tmp

[Mon Feb  5 20:37:35 2024]
rule chrom:
    input: /work/frasergen/3D/work/shaojie/script/HiC/3d_model/221425_apple/02.3d_model/wsk/wsk.pml
    output: /work/frasergen/3D/work/shaojie/script/HiC/3d_model/221425_apple/03.gif/wsk/chrs/chr4/chr4.pml
    jobid: 27
    wildcards: sample=wsk, chrom=chr4
    resources: tmpdir=/tmp

[Mon Feb  5 20:37:35 2024]
rule chrom:
    input: /work/frasergen/3D/work/shaojie/script/HiC/3d_model/221425_apple/02.3d_model/wsk/wsk.pml
    output: /work/frasergen/3D/work/shaojie/script/HiC/3d_model/221425_apple/03.gif/wsk/chrs/chr6/chr6.pml
    jobid: 29
    wildcards: sample=wsk, chrom=chr6
    resources: tmpdir=/tmp

[Mon Feb  5 20:37:35 2024]
rule chrom:
    input: /work/frasergen/3D/work/shaojie/script/HiC/3d_model/221425_apple/02.3d_model/wsk/wsk.pml
    output: /work/frasergen/3D/work/shaojie/script/HiC/3d_model/221425_apple/03.gif/wsk/chrs/chr12/chr12.pml
    jobid: 35
    wildcards: sample=wsk, chrom=chr12
    resources: tmpdir=/tmp

