Building DAG of jobs...
Using shell: /usr/bin/bash
Provided cluster nodes: 2
Job stats:
job      count    min threads    max threads
-----  -------  -------------  -------------
png          2              1              1
total        2              1              1


[Fri Mar 29 14:55:12 2024]
rule png:
    input: /work/frasergen/backup/3d/project/Interactome/240033_kcybgj_20240313/04.HiC/14.3d_model/02.3d_model/Delta-abrB/Delta-abrB.pml
    output: /work/frasergen/backup/3d/project/Interactome/240033_kcybgj_20240313/04.HiC/14.3d_model/03.gif/Delta-abrB/pngs/fig_240.png
    jobid: 9
    wildcards: sample=Delta-abrB
    resources: tmpdir=/tmp

Submitted job 9 with external jobid 'Submitted batch job 6697715'.

[Fri Mar 29 14:55:12 2024]
rule png:
    input: /work/frasergen/backup/3d/project/Interactome/240033_kcybgj_20240313/04.HiC/14.3d_model/02.3d_model/Bs168/Bs168.pml
    output: /work/frasergen/backup/3d/project/Interactome/240033_kcybgj_20240313/04.HiC/14.3d_model/03.gif/Bs168/pngs/fig_240.png
    jobid: 10
    wildcards: sample=Bs168
    resources: tmpdir=/tmp

Submitted job 10 with external jobid 'Submitted batch job 6697716'.
[Fri Mar 29 16:50:50 2024]
Finished job 9.
1 of 8 steps (12%) done
[Fri Mar 29 16:55:10 2024]
Finished job 10.
2 of 8 steps (25%) done
Complete log: /work/frasergen/3D/work/shaojie/script/HiC/3d_model/.snakemake/log/2024-03-29T145505.062963.snakemake.log
