Building DAG of jobs...
Using shell: /usr/bin/bash
Provided cluster nodes: 10
Job stats:
job          count    min threads    max threads
---------  -------  -------------  -------------
split_pml       72              1              1
total           72              1              1


[Wed Apr 24 15:27:34 2024]
rule split_pml:
    input: /work/frasergen/3D/work/shaojie/script/HiC/3d_model/analysis20240419_3D_model/02.3d_model/AA/AA.pml
    output: /work/frasergen/3D/work/shaojie/script/HiC/3d_model/analysis20240419_3D_model/03.gif/AA/pmls/gif18.pml
    jobid: 141
    wildcards: sample=AA, batch=18
    resources: tmpdir=/tmp

Submitted job 141 with external jobid 'Submitted batch job 7177933'.

[Wed Apr 24 15:27:34 2024]
rule split_pml:
    input: /work/frasergen/3D/work/shaojie/script/HiC/3d_model/analysis20240419_3D_model/02.3d_model/AA/AA.pml
    output: /work/frasergen/3D/work/shaojie/script/HiC/3d_model/analysis20240419_3D_model/03.gif/AA/pmls/gif0.pml
    jobid: 105
    wildcards: sample=AA, batch=0
    resources: tmpdir=/tmp

Submitted job 105 with external jobid 'Submitted batch job 7177934'.

[Wed Apr 24 15:27:34 2024]
rule split_pml:
    input: /work/frasergen/3D/work/shaojie/script/HiC/3d_model/analysis20240419_3D_model/02.3d_model/AA/AA.pml
    output: /work/frasergen/3D/work/shaojie/script/HiC/3d_model/analysis20240419_3D_model/03.gif/AA/pmls/gif7.pml
    jobid: 119
    wildcards: sample=AA, batch=7
    resources: tmpdir=/tmp

Submitted job 119 with external jobid 'Submitted batch job 7177935'.

[Wed Apr 24 15:27:34 2024]
rule split_pml:
    input: /work/frasergen/3D/work/shaojie/script/HiC/3d_model/analysis20240419_3D_model/02.3d_model/AA/AA.pml
    output: /work/frasergen/3D/work/shaojie/script/HiC/3d_model/analysis20240419_3D_model/03.gif/AA/pmls/gif3.pml
    jobid: 111
    wildcards: sample=AA, batch=3
    resources: tmpdir=/tmp

Submitted job 111 with external jobid 'Submitted batch job 7177936'.

[Wed Apr 24 15:27:34 2024]
rule split_pml:
    input: /work/frasergen/3D/work/shaojie/script/HiC/3d_model/analysis20240419_3D_model/02.3d_model/AA/AA.pml
    output: /work/frasergen/3D/work/shaojie/script/HiC/3d_model/analysis20240419_3D_model/03.gif/AA/pmls/gif10.pml
    jobid: 125
    wildcards: sample=AA, batch=10
    resources: tmpdir=/tmp

Submitted job 125 with external jobid 'Submitted batch job 7177937'.

[Wed Apr 24 15:27:34 2024]
rule split_pml:
    input: /work/frasergen/3D/work/shaojie/script/HiC/3d_model/analysis20240419_3D_model/02.3d_model/AA/AA.pml
    output: /work/frasergen/3D/work/shaojie/script/HiC/3d_model/analysis20240419_3D_model/03.gif/AA/pmls/gif17.pml
    jobid: 139
    wildcards: sample=AA, batch=17
    resources: tmpdir=/tmp

Submitted job 139 with external jobid 'Submitted batch job 7177938'.

[Wed Apr 24 15:27:34 2024]
rule split_pml:
    input: /work/frasergen/3D/work/shaojie/script/HiC/3d_model/analysis20240419_3D_model/02.3d_model/AA/AA.pml
    output: /work/frasergen/3D/work/shaojie/script/HiC/3d_model/analysis20240419_3D_model/03.gif/AA/pmls/gif11.pml
    jobid: 127
    wildcards: sample=AA, batch=11
    resources: tmpdir=/tmp

Submitted job 127 with external jobid 'Submitted batch job 7177939'.

[Wed Apr 24 15:27:35 2024]
rule split_pml:
    input: /work/frasergen/3D/work/shaojie/script/HiC/3d_model/analysis20240419_3D_model/02.3d_model/AA/AA.pml
    output: /work/frasergen/3D/work/shaojie/script/HiC/3d_model/analysis20240419_3D_model/03.gif/AA/pmls/gif14.pml
    jobid: 133
    wildcards: sample=AA, batch=14
    resources: tmpdir=/tmp

Submitted job 133 with external jobid 'Submitted batch job 7177940'.

[Wed Apr 24 15:27:35 2024]
rule split_pml:
    input: /work/frasergen/3D/work/shaojie/script/HiC/3d_model/analysis20240419_3D_model/02.3d_model/AA/AA.pml
    output: /work/frasergen/3D/work/shaojie/script/HiC/3d_model/analysis20240419_3D_model/03.gif/AA/pmls/gif20.pml
    jobid: 145
    wildcards: sample=AA, batch=20
    resources: tmpdir=/tmp

Submitted job 145 with external jobid 'Submitted batch job 7177941'.

[Wed Apr 24 15:27:35 2024]
rule split_pml:
    input: /work/frasergen/3D/work/shaojie/script/HiC/3d_model/analysis20240419_3D_model/02.3d_model/AA/AA.pml
    output: /work/frasergen/3D/work/shaojie/script/HiC/3d_model/analysis20240419_3D_model/03.gif/AA/pmls/gif21.pml
    jobid: 147
    wildcards: sample=AA, batch=21
    resources: tmpdir=/tmp

Submitted job 147 with external jobid 'Submitted batch job 7177942'.
[Wed Apr 24 15:27:43 2024]
Finished job 141.
1 of 151 steps (1%) done

[Wed Apr 24 15:27:43 2024]
rule split_pml:
    input: /work/frasergen/3D/work/shaojie/script/HiC/3d_model/analysis20240419_3D_model/02.3d_model/AA/AA.pml
    output: /work/frasergen/3D/work/shaojie/script/HiC/3d_model/analysis20240419_3D_model/03.gif/AA/pmls/gif6.pml
    jobid: 117
    wildcards: sample=AA, batch=6
    resources: tmpdir=/tmp
[Wed Apr 24 15:27:43 2024]

Error in rule split_pml:
    jobid: 105
    output: /work/frasergen/3D/work/shaojie/script/HiC/3d_model/analysis20240419_3D_model/03.gif/AA/pmls/gif0.pml
    cluster_jobid: Submitted batch job 7177934

Error executing rule split_pml on cluster (jobid: 105, external: Submitted batch job 7177934, jobscript: /work/frasergen/3D/work/shaojie/script/HiC/3d_model/.snakemake/tmp.7a97a9oj/snakejob.split_pml.105.sh). For error details see the cluster log and the log files of the involved rule(s).
Removing output files of failed job split_pml since they might be corrupted:
/work/frasergen/3D/work/shaojie/script/HiC/3d_model/analysis20240419_3D_model/03.gif/AA/pmls/gif0.pml
[Wed Apr 24 15:27:43 2024]
Finished job 119.
2 of 151 steps (1%) done
[Wed Apr 24 15:27:44 2024]
Finished job 111.
3 of 151 steps (2%) done
[Wed Apr 24 15:27:44 2024]
Finished job 125.
4 of 151 steps (3%) done
[Wed Apr 24 15:27:44 2024]
Error in rule split_pml:
    jobid: 139
    output: /work/frasergen/3D/work/shaojie/script/HiC/3d_model/analysis20240419_3D_model/03.gif/AA/pmls/gif17.pml
    cluster_jobid: Submitted batch job 7177938

Error executing rule split_pml on cluster (jobid: 139, external: Submitted batch job 7177938, jobscript: /work/frasergen/3D/work/shaojie/script/HiC/3d_model/.snakemake/tmp.7a97a9oj/snakejob.split_pml.139.sh). For error details see the cluster log and the log files of the involved rule(s).
Removing output files of failed job split_pml since they might be corrupted:
/work/frasergen/3D/work/shaojie/script/HiC/3d_model/analysis20240419_3D_model/03.gif/AA/pmls/gif17.pml
Submitted job 117 with external jobid 'Submitted batch job 7177945'.
[Wed Apr 24 15:27:44 2024]
Error in rule split_pml:
    jobid: 127
    output: /work/frasergen/3D/work/shaojie/script/HiC/3d_model/analysis20240419_3D_model/03.gif/AA/pmls/gif11.pml
    cluster_jobid: Submitted batch job 7177939

Error executing rule split_pml on cluster (jobid: 127, external: Submitted batch job 7177939, jobscript: /work/frasergen/3D/work/shaojie/script/HiC/3d_model/.snakemake/tmp.7a97a9oj/snakejob.split_pml.127.sh). For error details see the cluster log and the log files of the involved rule(s).
Removing output files of failed job split_pml since they might be corrupted:
/work/frasergen/3D/work/shaojie/script/HiC/3d_model/analysis20240419_3D_model/03.gif/AA/pmls/gif11.pml
[Wed Apr 24 15:27:44 2024]
Error in rule split_pml:
    jobid: 133
    output: /work/frasergen/3D/work/shaojie/script/HiC/3d_model/analysis20240419_3D_model/03.gif/AA/pmls/gif14.pml
    cluster_jobid: Submitted batch job 7177940

Error executing rule split_pml on cluster (jobid: 133, external: Submitted batch job 7177940, jobscript: /work/frasergen/3D/work/shaojie/script/HiC/3d_model/.snakemake/tmp.7a97a9oj/snakejob.split_pml.133.sh). For error details see the cluster log and the log files of the involved rule(s).
Removing output files of failed job split_pml since they might be corrupted:
/work/frasergen/3D/work/shaojie/script/HiC/3d_model/analysis20240419_3D_model/03.gif/AA/pmls/gif14.pml
[Wed Apr 24 15:27:44 2024]
Error in rule split_pml:
    jobid: 145
    output: /work/frasergen/3D/work/shaojie/script/HiC/3d_model/analysis20240419_3D_model/03.gif/AA/pmls/gif20.pml
    cluster_jobid: Submitted batch job 7177941

Error executing rule split_pml on cluster (jobid: 145, external: Submitted batch job 7177941, jobscript: /work/frasergen/3D/work/shaojie/script/HiC/3d_model/.snakemake/tmp.7a97a9oj/snakejob.split_pml.145.sh). For error details see the cluster log and the log files of the involved rule(s).
Removing output files of failed job split_pml since they might be corrupted:
/work/frasergen/3D/work/shaojie/script/HiC/3d_model/analysis20240419_3D_model/03.gif/AA/pmls/gif20.pml
[Wed Apr 24 15:27:44 2024]
Error in rule split_pml:
    jobid: 147
    output: /work/frasergen/3D/work/shaojie/script/HiC/3d_model/analysis20240419_3D_model/03.gif/AA/pmls/gif21.pml
    cluster_jobid: Submitted batch job 7177942

Error executing rule split_pml on cluster (jobid: 147, external: Submitted batch job 7177942, jobscript: /work/frasergen/3D/work/shaojie/script/HiC/3d_model/.snakemake/tmp.7a97a9oj/snakejob.split_pml.147.sh). For error details see the cluster log and the log files of the involved rule(s).
Removing output files of failed job split_pml since they might be corrupted:
/work/frasergen/3D/work/shaojie/script/HiC/3d_model/analysis20240419_3D_model/03.gif/AA/pmls/gif21.pml
[Wed Apr 24 15:27:54 2024]
Finished job 117.
5 of 151 steps (3%) done
Shutting down, this might take some time.
Exiting because a job execution failed. Look above for error message
Complete log: /work/frasergen/3D/work/shaojie/script/HiC/3d_model/.snakemake/log/2024-04-24T152723.097852.snakemake.log
