Building DAG of jobs...
Using shell: /usr/bin/bash
Provided cluster nodes: 24
Job stats:
job       count    min threads    max threads
------  -------  -------------  -------------
all           1              1              1
matrix        2              1              1
pastis        2              1              1
total         5              1              1


[Sat May 11 11:16:24 2024]
rule matrix:
    output: /work/frasergen/3D/work/shaojie/script/HiC/3d_model/240033_kcybgj_20240510/01.matrix_fill/Bs168/Bs168_filled_matrix.txt
    jobid: 4
    wildcards: sample=Bs168
    resources: tmpdir=/tmp

Submitted job 4 with external jobid 'Submitted batch job 7675717'.

[Sat May 11 11:16:25 2024]
rule matrix:
    output: /work/frasergen/3D/work/shaojie/script/HiC/3d_model/240033_kcybgj_20240510/01.matrix_fill/Delta-abrB/Delta-abrB_filled_matrix.txt
    jobid: 2
    wildcards: sample=Delta-abrB
    resources: tmpdir=/tmp

Submitted job 2 with external jobid 'Submitted batch job 7675718'.
[Sat May 11 11:16:44 2024]
Error in rule matrix:
    jobid: 4
    output: /work/frasergen/3D/work/shaojie/script/HiC/3d_model/240033_kcybgj_20240510/01.matrix_fill/Bs168/Bs168_filled_matrix.txt
    cluster_jobid: Submitted batch job 7675717

Error executing rule matrix on cluster (jobid: 4, external: Submitted batch job 7675717, jobscript: /work/frasergen/3D/work/shaojie/script/HiC/3d_model/.snakemake/tmp.qx8hpbdb/snakejob.matrix.4.sh). For error details see the cluster log and the log files of the involved rule(s).
[Sat May 11 11:16:44 2024]
Error in rule matrix:
    jobid: 2
    output: /work/frasergen/3D/work/shaojie/script/HiC/3d_model/240033_kcybgj_20240510/01.matrix_fill/Delta-abrB/Delta-abrB_filled_matrix.txt
    cluster_jobid: Submitted batch job 7675718

Error executing rule matrix on cluster (jobid: 2, external: Submitted batch job 7675718, jobscript: /work/frasergen/3D/work/shaojie/script/HiC/3d_model/.snakemake/tmp.qx8hpbdb/snakejob.matrix.2.sh). For error details see the cluster log and the log files of the involved rule(s).
Shutting down, this might take some time.
Exiting because a job execution failed. Look above for error message
Complete log: /work/frasergen/3D/work/shaojie/script/HiC/3d_model/.snakemake/log/2024-05-11T111613.562910.snakemake.log
