Building DAG of jobs...
Using shell: /usr/bin/bash
Provided cluster nodes: 10
Job stats:
job          count    min threads    max threads
---------  -------  -------------  -------------
all              1              1              1
gif              3              1              1
mp4              3              1              1
png             72              1              1
split_pml       72              1              1
total          151              1              1


[Wed Apr 24 15:12:09 2024]
rule split_pml:
    input: /work/frasergen/3D/work/shaojie/script/HiC/3d_model/analysis20240419_3D_model/02.3d_model/AA/AA.pml
    output: /work/frasergen/3D/work/shaojie/script/HiC/3d_model/analysis20240419_3D_model/03.gif/AA/pmls/gif4.pml
    jobid: 113
    wildcards: sample=AA, batch=4
    resources: tmpdir=/tmp

Submitted job 113 with external jobid 'Submitted batch job 7177773'.

[Wed Apr 24 15:12:09 2024]
rule split_pml:
    input: /work/frasergen/3D/work/shaojie/script/HiC/3d_model/analysis20240419_3D_model/02.3d_model/AA/AA.pml
    output: /work/frasergen/3D/work/shaojie/script/HiC/3d_model/analysis20240419_3D_model/03.gif/AA/pmls/gif21.pml
    jobid: 147
    wildcards: sample=AA, batch=21
    resources: tmpdir=/tmp

Submitted job 147 with external jobid 'Submitted batch job 7177774'.

[Wed Apr 24 15:12:09 2024]
rule split_pml:
    input: /work/frasergen/3D/work/shaojie/script/HiC/3d_model/analysis20240419_3D_model/02.3d_model/AA/AA.pml
    output: /work/frasergen/3D/work/shaojie/script/HiC/3d_model/analysis20240419_3D_model/03.gif/AA/pmls/gif0.pml
    jobid: 105
    wildcards: sample=AA, batch=0
    resources: tmpdir=/tmp

Submitted job 105 with external jobid 'Submitted batch job 7177775'.

[Wed Apr 24 15:12:10 2024]
rule split_pml:
    input: /work/frasergen/3D/work/shaojie/script/HiC/3d_model/analysis20240419_3D_model/02.3d_model/AA/AA.pml
    output: /work/frasergen/3D/work/shaojie/script/HiC/3d_model/analysis20240419_3D_model/03.gif/AA/pmls/gif11.pml
    jobid: 127
    wildcards: sample=AA, batch=11
    resources: tmpdir=/tmp

Submitted job 127 with external jobid 'Submitted batch job 7177776'.

[Wed Apr 24 15:12:10 2024]
rule split_pml:
    input: /work/frasergen/3D/work/shaojie/script/HiC/3d_model/analysis20240419_3D_model/02.3d_model/AA/AA.pml
    output: /work/frasergen/3D/work/shaojie/script/HiC/3d_model/analysis20240419_3D_model/03.gif/AA/pmls/gif14.pml
    jobid: 133
    wildcards: sample=AA, batch=14
    resources: tmpdir=/tmp

Submitted job 133 with external jobid 'Submitted batch job 7177777'.

[Wed Apr 24 15:12:10 2024]
rule split_pml:
    input: /work/frasergen/3D/work/shaojie/script/HiC/3d_model/analysis20240419_3D_model/02.3d_model/AA/AA.pml
    output: /work/frasergen/3D/work/shaojie/script/HiC/3d_model/analysis20240419_3D_model/03.gif/AA/pmls/gif17.pml
    jobid: 139
    wildcards: sample=AA, batch=17
    resources: tmpdir=/tmp

Submitted job 139 with external jobid 'Submitted batch job 7177779'.

[Wed Apr 24 15:12:10 2024]
rule split_pml:
    input: /work/frasergen/3D/work/shaojie/script/HiC/3d_model/analysis20240419_3D_model/02.3d_model/AA/AA.pml
    output: /work/frasergen/3D/work/shaojie/script/HiC/3d_model/analysis20240419_3D_model/03.gif/AA/pmls/gif3.pml
    jobid: 111
    wildcards: sample=AA, batch=3
    resources: tmpdir=/tmp

Submitted job 111 with external jobid 'Submitted batch job 7177780'.

[Wed Apr 24 15:12:10 2024]
rule split_pml:
    input: /work/frasergen/3D/work/shaojie/script/HiC/3d_model/analysis20240419_3D_model/02.3d_model/AA/AA.pml
    output: /work/frasergen/3D/work/shaojie/script/HiC/3d_model/analysis20240419_3D_model/03.gif/AA/pmls/gif10.pml
    jobid: 125
    wildcards: sample=AA, batch=10
    resources: tmpdir=/tmp

Submitted job 125 with external jobid 'Submitted batch job 7177781'.

[Wed Apr 24 15:12:10 2024]
rule split_pml:
    input: /work/frasergen/3D/work/shaojie/script/HiC/3d_model/analysis20240419_3D_model/02.3d_model/AA/AA.pml
    output: /work/frasergen/3D/work/shaojie/script/HiC/3d_model/analysis20240419_3D_model/03.gif/AA/pmls/gif13.pml
    jobid: 131
    wildcards: sample=AA, batch=13
    resources: tmpdir=/tmp

Submitted job 131 with external jobid 'Submitted batch job 7177782'.

[Wed Apr 24 15:12:11 2024]
rule split_pml:
    input: /work/frasergen/3D/work/shaojie/script/HiC/3d_model/analysis20240419_3D_model/02.3d_model/AA/AA.pml
    output: /work/frasergen/3D/work/shaojie/script/HiC/3d_model/analysis20240419_3D_model/03.gif/AA/pmls/gif7.pml
    jobid: 119
    wildcards: sample=AA, batch=7
    resources: tmpdir=/tmp

Submitted job 119 with external jobid 'Submitted batch job 7177783'.
[Wed Apr 24 15:12:30 2024]
Finished job 113.
1 of 151 steps (1%) done

[Wed Apr 24 15:12:30 2024]
rule png:
    input: /work/frasergen/3D/work/shaojie/script/HiC/3d_model/analysis20240419_3D_model/03.gif/AA/pmls/gif4.pml
    output: /work/frasergen/3D/work/shaojie/script/HiC/3d_model/analysis20240419_3D_model/03.gif/AA/pngs/fig_4.png
    jobid: 112
    wildcards: sample=AA, batch=4
    resources: tmpdir=/tmp

[Wed Apr 24 15:12:30 2024]
Finished job 147.
2 of 151 steps (1%) done
[Wed Apr 24 15:12:30 2024]
Finished job 105.
3 of 151 steps (2%) done
Submitted job 112 with external jobid 'Submitted batch job 7177786'.
[Wed Apr 24 15:12:30 2024]
Finished job 127.
4 of 151 steps (3%) done

[Wed Apr 24 15:12:30 2024]
rule png:
    input: /work/frasergen/3D/work/shaojie/script/HiC/3d_model/analysis20240419_3D_model/03.gif/AA/pmls/gif21.pml
    output: /work/frasergen/3D/work/shaojie/script/HiC/3d_model/analysis20240419_3D_model/03.gif/AA/pngs/fig_21.png
    jobid: 146
    wildcards: sample=AA, batch=21
    resources: tmpdir=/tmp

[Wed Apr 24 15:12:30 2024]
Finished job 133.
5 of 151 steps (3%) done
[Wed Apr 24 15:12:30 2024]
Finished job 139.
6 of 151 steps (4%) done
Submitted job 146 with external jobid 'Submitted batch job 7177787'.

[Wed Apr 24 15:12:30 2024]
rule png:
    input: /work/frasergen/3D/work/shaojie/script/HiC/3d_model/analysis20240419_3D_model/03.gif/AA/pmls/gif0.pml
    output: /work/frasergen/3D/work/shaojie/script/HiC/3d_model/analysis20240419_3D_model/03.gif/AA/pngs/fig_0.png
    jobid: 104
    wildcards: sample=AA, batch=0
    resources: tmpdir=/tmp

[Wed Apr 24 15:12:30 2024]
Finished job 111.
7 of 151 steps (5%) done
[Wed Apr 24 15:12:31 2024]
Finished job 125.
8 of 151 steps (5%) done
Submitted job 104 with external jobid 'Submitted batch job 7177788'.

[Wed Apr 24 15:12:31 2024]
rule png:
    input: /work/frasergen/3D/work/shaojie/script/HiC/3d_model/analysis20240419_3D_model/03.gif/AA/pmls/gif11.pml
    output: /work/frasergen/3D/work/shaojie/script/HiC/3d_model/analysis20240419_3D_model/03.gif/AA/pngs/fig_11.png
    jobid: 126
    wildcards: sample=AA, batch=11
    resources: tmpdir=/tmp

[Wed Apr 24 15:12:31 2024]
Finished job 131.
9 of 151 steps (6%) done
[Wed Apr 24 15:12:31 2024]
Finished job 119.
10 of 151 steps (7%) done
Submitted job 126 with external jobid 'Submitted batch job 7177789'.

[Wed Apr 24 15:12:31 2024]
rule png:
    input: /work/frasergen/3D/work/shaojie/script/HiC/3d_model/analysis20240419_3D_model/03.gif/AA/pmls/gif3.pml
    output: /work/frasergen/3D/work/shaojie/script/HiC/3d_model/analysis20240419_3D_model/03.gif/AA/pngs/fig_3.png
    jobid: 110
    wildcards: sample=AA, batch=3
    resources: tmpdir=/tmp

Submitted job 110 with external jobid 'Submitted batch job 7177790'.

[Wed Apr 24 15:12:31 2024]
rule png:
    input: /work/frasergen/3D/work/shaojie/script/HiC/3d_model/analysis20240419_3D_model/03.gif/AA/pmls/gif10.pml
    output: /work/frasergen/3D/work/shaojie/script/HiC/3d_model/analysis20240419_3D_model/03.gif/AA/pngs/fig_10.png
    jobid: 124
    wildcards: sample=AA, batch=10
    resources: tmpdir=/tmp

Submitted job 124 with external jobid 'Submitted batch job 7177791'.

[Wed Apr 24 15:12:31 2024]
rule png:
    input: /work/frasergen/3D/work/shaojie/script/HiC/3d_model/analysis20240419_3D_model/03.gif/AA/pmls/gif17.pml
    output: /work/frasergen/3D/work/shaojie/script/HiC/3d_model/analysis20240419_3D_model/03.gif/AA/pngs/fig_17.png
    jobid: 138
    wildcards: sample=AA, batch=17
    resources: tmpdir=/tmp

Submitted job 138 with external jobid 'Submitted batch job 7177792'.

[Wed Apr 24 15:12:31 2024]
rule png:
    input: /work/frasergen/3D/work/shaojie/script/HiC/3d_model/analysis20240419_3D_model/03.gif/AA/pmls/gif13.pml
    output: /work/frasergen/3D/work/shaojie/script/HiC/3d_model/analysis20240419_3D_model/03.gif/AA/pngs/fig_13.png
    jobid: 130
    wildcards: sample=AA, batch=13
    resources: tmpdir=/tmp

Submitted job 130 with external jobid 'Submitted batch job 7177793'.

[Wed Apr 24 15:12:31 2024]
rule png:
    input: /work/frasergen/3D/work/shaojie/script/HiC/3d_model/analysis20240419_3D_model/03.gif/AA/pmls/gif14.pml
    output: /work/frasergen/3D/work/shaojie/script/HiC/3d_model/analysis20240419_3D_model/03.gif/AA/pngs/fig_14.png
    jobid: 132
    wildcards: sample=AA, batch=14
    resources: tmpdir=/tmp

Submitted job 132 with external jobid 'Submitted batch job 7177794'.

[Wed Apr 24 15:12:31 2024]
rule png:
    input: /work/frasergen/3D/work/shaojie/script/HiC/3d_model/analysis20240419_3D_model/03.gif/AA/pmls/gif7.pml
    output: /work/frasergen/3D/work/shaojie/script/HiC/3d_model/analysis20240419_3D_model/03.gif/AA/pngs/fig_7.png
    jobid: 118
    wildcards: sample=AA, batch=7
    resources: tmpdir=/tmp

Submitted job 118 with external jobid 'Submitted batch job 7177795'.
