Building DAG of jobs...
Using shell: /usr/bin/bash
Provided cores: 10
Rules claiming more threads will be scaled down.
Job stats:
job            count    min threads    max threads
-----------  -------  -------------  -------------
all                1              1              1
chrom              1              1              1
fill_matrix        1              1              1
gif                1              1              1
mp4                1              1              1
pastis             1              1              1
pml                1              1              1
png               24              1              1
split_pml          1              1              1
total             32              1              1


[Wed May  1 22:28:21 2024]
rule fill_matrix:
    input: /work/frasergen/backup/3d/project/Interactome/232291_lianmeijun_20240118/05.HiC/01.ref/Slividans_1326.fa.fai, /work/frasergen/backup/3d/project/Interactome/232291_lianmeijun_20240118/05.HiC/04.map/Slividans_1326/Slividans_1326/Slividans_1326-all-MboI-5k.hm
    output: /work/frasergen/3D/work/shaojie/script/HiC/3d_model/lianmeijun/01.matrix_fill/Slividans_1326
    jobid: 4
    wildcards: sample=Slividans_1326
    resources: tmpdir=/tmp

[Wed May  1 22:28:47 2024]
Finished job 4.
1 of 32 steps (3%) done

[Wed May  1 22:28:47 2024]
rule pastis:
    input: /work/frasergen/3D/work/shaojie/script/HiC/3d_model/lianmeijun/01.matrix_fill/Slividans_1326
    output: /work/frasergen/3D/work/shaojie/script/HiC/3d_model/lianmeijun/02.3d_model/Slividans_1326/Slividans_1326.pdb
    jobid: 3
    wildcards: sample=Slividans_1326
    resources: tmpdir=/tmp

[Wed May  1 22:30:11 2024]
Finished job 3.
2 of 32 steps (6%) done

[Wed May  1 22:30:11 2024]
rule pml:
    input: /work/frasergen/3D/work/shaojie/script/HiC/3d_model/lianmeijun/02.3d_model/Slividans_1326/Slividans_1326.pdb
    output: /work/frasergen/3D/work/shaojie/script/HiC/3d_model/lianmeijun/02.3d_model/Slividans_1326/Slividans_1326.pml
    jobid: 2
    wildcards: sample=Slividans_1326
    resources: tmpdir=/tmp

[Wed May  1 22:30:35 2024]
Finished job 2.
3 of 32 steps (9%) done

[Wed May  1 22:30:35 2024]
rule chrom:
    input: /work/frasergen/3D/work/shaojie/script/HiC/3d_model/lianmeijun/02.3d_model/Slividans_1326/Slividans_1326.pml
    output: /work/frasergen/3D/work/shaojie/script/HiC/3d_model/lianmeijun/03.gif/Slividans_1326/chrs/chr1/chr1.pml
    jobid: 1
    wildcards: sample=Slividans_1326, chrom=chr1
    resources: tmpdir=/tmp

[Wed May  1 22:30:35 2024]
rule split_pml:
    input: /work/frasergen/3D/work/shaojie/script/HiC/3d_model/lianmeijun/02.3d_model/Slividans_1326/Slividans_1326.pml
    output: /work/frasergen/3D/work/shaojie/script/HiC/3d_model/lianmeijun/03.gif/Slividans_1326/pngs/png.txt, /work/frasergen/3D/work/shaojie/script/HiC/3d_model/lianmeijun/03.gif/Slividans_1326/pmls/gif_001.pml, /work/frasergen/3D/work/shaojie/script/HiC/3d_model/lianmeijun/03.gif/Slividans_1326/pmls/gif_011.pml, /work/frasergen/3D/work/shaojie/script/HiC/3d_model/lianmeijun/03.gif/Slividans_1326/pmls/gif_021.pml, /work/frasergen/3D/work/shaojie/script/HiC/3d_model/lianmeijun/03.gif/Slividans_1326/pmls/gif_031.pml, /work/frasergen/3D/work/shaojie/script/HiC/3d_model/lianmeijun/03.gif/Slividans_1326/pmls/gif_041.pml, /work/frasergen/3D/work/shaojie/script/HiC/3d_model/lianmeijun/03.gif/Slividans_1326/pmls/gif_051.pml, /work/frasergen/3D/work/shaojie/script/HiC/3d_model/lianmeijun/03.gif/Slividans_1326/pmls/gif_061.pml, /work/frasergen/3D/work/shaojie/script/HiC/3d_model/lianmeijun/03.gif/Slividans_1326/pmls/gif_071.pml, /work/frasergen/3D/work/shaojie/script/HiC/3d_model/lianmeijun/03.gif/Slividans_1326/pmls/gif_081.pml, /work/frasergen/3D/work/shaojie/script/HiC/3d_model/lianmeijun/03.gif/Slividans_1326/pmls/gif_091.pml, /work/frasergen/3D/work/shaojie/script/HiC/3d_model/lianmeijun/03.gif/Slividans_1326/pmls/gif_101.pml, /work/frasergen/3D/work/shaojie/script/HiC/3d_model/lianmeijun/03.gif/Slividans_1326/pmls/gif_111.pml, /work/frasergen/3D/work/shaojie/script/HiC/3d_model/lianmeijun/03.gif/Slividans_1326/pmls/gif_121.pml, /work/frasergen/3D/work/shaojie/script/HiC/3d_model/lianmeijun/03.gif/Slividans_1326/pmls/gif_131.pml, /work/frasergen/3D/work/shaojie/script/HiC/3d_model/lianmeijun/03.gif/Slividans_1326/pmls/gif_141.pml, /work/frasergen/3D/work/shaojie/script/HiC/3d_model/lianmeijun/03.gif/Slividans_1326/pmls/gif_151.pml, /work/frasergen/3D/work/shaojie/script/HiC/3d_model/lianmeijun/03.gif/Slividans_1326/pmls/gif_161.pml, /work/frasergen/3D/work/shaojie/script/HiC/3d_model/lianmeijun/03.gif/Slividans_1326/pmls/gif_171.pml, /work/frasergen/3D/work/shaojie/script/HiC/3d_model/lianmeijun/03.gif/Slividans_1326/pmls/gif_181.pml, /work/frasergen/3D/work/shaojie/script/HiC/3d_model/lianmeijun/03.gif/Slividans_1326/pmls/gif_191.pml, /work/frasergen/3D/work/shaojie/script/HiC/3d_model/lianmeijun/03.gif/Slividans_1326/pmls/gif_201.pml, /work/frasergen/3D/work/shaojie/script/HiC/3d_model/lianmeijun/03.gif/Slividans_1326/pmls/gif_211.pml, /work/frasergen/3D/work/shaojie/script/HiC/3d_model/lianmeijun/03.gif/Slividans_1326/pmls/gif_221.pml, /work/frasergen/3D/work/shaojie/script/HiC/3d_model/lianmeijun/03.gif/Slividans_1326/pmls/gif_231.pml
    jobid: 7
    wildcards: sample=Slividans_1326
    resources: tmpdir=/tmp

[Wed May  1 22:30:45 2024]
Finished job 7.
4 of 32 steps (12%) done

[Wed May  1 22:30:45 2024]
rule png:
    input: /work/frasergen/3D/work/shaojie/script/HiC/3d_model/lianmeijun/03.gif/Slividans_1326/pmls/gif_091.pml
    output: /work/frasergen/3D/work/shaojie/script/HiC/3d_model/lianmeijun/03.gif/Slividans_1326/pngs/fig_091.png
    jobid: 16
    wildcards: sample=Slividans_1326, batch=091
    resources: tmpdir=/tmp

[Wed May  1 22:30:45 2024]
rule png:
    input: /work/frasergen/3D/work/shaojie/script/HiC/3d_model/lianmeijun/03.gif/Slividans_1326/pmls/gif_061.pml
    output: /work/frasergen/3D/work/shaojie/script/HiC/3d_model/lianmeijun/03.gif/Slividans_1326/pngs/fig_061.png
    jobid: 13
    wildcards: sample=Slividans_1326, batch=061
    resources: tmpdir=/tmp

[Wed May  1 22:30:45 2024]
rule png:
    input: /work/frasergen/3D/work/shaojie/script/HiC/3d_model/lianmeijun/03.gif/Slividans_1326/pmls/gif_201.pml
    output: /work/frasergen/3D/work/shaojie/script/HiC/3d_model/lianmeijun/03.gif/Slividans_1326/pngs/fig_201.png
    jobid: 27
    wildcards: sample=Slividans_1326, batch=201
    resources: tmpdir=/tmp

[Wed May  1 22:30:45 2024]
rule png:
    input: /work/frasergen/3D/work/shaojie/script/HiC/3d_model/lianmeijun/03.gif/Slividans_1326/pmls/gif_081.pml
    output: /work/frasergen/3D/work/shaojie/script/HiC/3d_model/lianmeijun/03.gif/Slividans_1326/pngs/fig_081.png
    jobid: 15
    wildcards: sample=Slividans_1326, batch=081
    resources: tmpdir=/tmp

[Wed May  1 22:30:46 2024]
rule png:
    input: /work/frasergen/3D/work/shaojie/script/HiC/3d_model/lianmeijun/03.gif/Slividans_1326/pmls/gif_221.pml
    output: /work/frasergen/3D/work/shaojie/script/HiC/3d_model/lianmeijun/03.gif/Slividans_1326/pngs/fig_221.png
    jobid: 29
    wildcards: sample=Slividans_1326, batch=221
    resources: tmpdir=/tmp

[Wed May  1 22:30:46 2024]
rule png:
    input: /work/frasergen/3D/work/shaojie/script/HiC/3d_model/lianmeijun/03.gif/Slividans_1326/pmls/gif_161.pml
    output: /work/frasergen/3D/work/shaojie/script/HiC/3d_model/lianmeijun/03.gif/Slividans_1326/pngs/fig_161.png
    jobid: 23
    wildcards: sample=Slividans_1326, batch=161
    resources: tmpdir=/tmp

[Wed May  1 22:30:46 2024]
rule png:
    input: /work/frasergen/3D/work/shaojie/script/HiC/3d_model/lianmeijun/03.gif/Slividans_1326/pmls/gif_211.pml
    output: /work/frasergen/3D/work/shaojie/script/HiC/3d_model/lianmeijun/03.gif/Slividans_1326/pngs/fig_211.png
    jobid: 28
    wildcards: sample=Slividans_1326, batch=211
    resources: tmpdir=/tmp

[Wed May  1 22:30:46 2024]
rule png:
    input: /work/frasergen/3D/work/shaojie/script/HiC/3d_model/lianmeijun/03.gif/Slividans_1326/pmls/gif_071.pml
    output: /work/frasergen/3D/work/shaojie/script/HiC/3d_model/lianmeijun/03.gif/Slividans_1326/pngs/fig_071.png
    jobid: 14
    wildcards: sample=Slividans_1326, batch=071
    resources: tmpdir=/tmp

[Wed May  1 22:30:46 2024]
rule png:
    input: /work/frasergen/3D/work/shaojie/script/HiC/3d_model/lianmeijun/03.gif/Slividans_1326/pmls/gif_231.pml
    output: /work/frasergen/3D/work/shaojie/script/HiC/3d_model/lianmeijun/03.gif/Slividans_1326/pngs/fig_231.png
    jobid: 30
    wildcards: sample=Slividans_1326, batch=231
    resources: tmpdir=/tmp

[Wed May  1 22:30:55 2024]
Finished job 1.
5 of 32 steps (16%) done

[Wed May  1 22:30:55 2024]
rule png:
    input: /work/frasergen/3D/work/shaojie/script/HiC/3d_model/lianmeijun/03.gif/Slividans_1326/pmls/gif_171.pml
    output: /work/frasergen/3D/work/shaojie/script/HiC/3d_model/lianmeijun/03.gif/Slividans_1326/pngs/fig_171.png
    jobid: 24
    wildcards: sample=Slividans_1326, batch=171
    resources: tmpdir=/tmp

[Wed May  1 22:31:01 2024]
Finished job 29.
6 of 32 steps (19%) done

[Wed May  1 22:31:01 2024]
rule png:
    input: /work/frasergen/3D/work/shaojie/script/HiC/3d_model/lianmeijun/03.gif/Slividans_1326/pmls/gif_051.pml
    output: /work/frasergen/3D/work/shaojie/script/HiC/3d_model/lianmeijun/03.gif/Slividans_1326/pngs/fig_051.png
    jobid: 12
    wildcards: sample=Slividans_1326, batch=051
    resources: tmpdir=/tmp

[Wed May  1 22:31:01 2024]
Finished job 27.
7 of 32 steps (22%) done

[Wed May  1 22:31:01 2024]
rule png:
    input: /work/frasergen/3D/work/shaojie/script/HiC/3d_model/lianmeijun/03.gif/Slividans_1326/pmls/gif_191.pml
    output: /work/frasergen/3D/work/shaojie/script/HiC/3d_model/lianmeijun/03.gif/Slividans_1326/pngs/fig_191.png
    jobid: 26
    wildcards: sample=Slividans_1326, batch=191
    resources: tmpdir=/tmp

[Wed May  1 22:31:01 2024]
Finished job 16.
8 of 32 steps (25%) done

[Wed May  1 22:31:01 2024]
rule png:
    input: /work/frasergen/3D/work/shaojie/script/HiC/3d_model/lianmeijun/03.gif/Slividans_1326/pmls/gif_101.pml
    output: /work/frasergen/3D/work/shaojie/script/HiC/3d_model/lianmeijun/03.gif/Slividans_1326/pngs/fig_101.png
    jobid: 17
    wildcards: sample=Slividans_1326, batch=101
    resources: tmpdir=/tmp

[Wed May  1 22:31:01 2024]
Finished job 13.
9 of 32 steps (28%) done

[Wed May  1 22:31:01 2024]
rule png:
    input: /work/frasergen/3D/work/shaojie/script/HiC/3d_model/lianmeijun/03.gif/Slividans_1326/pmls/gif_041.pml
    output: /work/frasergen/3D/work/shaojie/script/HiC/3d_model/lianmeijun/03.gif/Slividans_1326/pngs/fig_041.png
    jobid: 11
    wildcards: sample=Slividans_1326, batch=041
    resources: tmpdir=/tmp

[Wed May  1 22:31:01 2024]
Finished job 23.
10 of 32 steps (31%) done

[Wed May  1 22:31:01 2024]
rule png:
    input: /work/frasergen/3D/work/shaojie/script/HiC/3d_model/lianmeijun/03.gif/Slividans_1326/pmls/gif_181.pml
    output: /work/frasergen/3D/work/shaojie/script/HiC/3d_model/lianmeijun/03.gif/Slividans_1326/pngs/fig_181.png
    jobid: 25
    wildcards: sample=Slividans_1326, batch=181
    resources: tmpdir=/tmp

[Wed May  1 22:31:01 2024]
Finished job 28.
11 of 32 steps (34%) done

[Wed May  1 22:31:01 2024]
rule png:
    input: /work/frasergen/3D/work/shaojie/script/HiC/3d_model/lianmeijun/03.gif/Slividans_1326/pmls/gif_111.pml
    output: /work/frasergen/3D/work/shaojie/script/HiC/3d_model/lianmeijun/03.gif/Slividans_1326/pngs/fig_111.png
    jobid: 18
    wildcards: sample=Slividans_1326, batch=111
    resources: tmpdir=/tmp

[Wed May  1 22:31:02 2024]
Finished job 30.
12 of 32 steps (38%) done

[Wed May  1 22:31:02 2024]
rule png:
    input: /work/frasergen/3D/work/shaojie/script/HiC/3d_model/lianmeijun/03.gif/Slividans_1326/pmls/gif_031.pml
    output: /work/frasergen/3D/work/shaojie/script/HiC/3d_model/lianmeijun/03.gif/Slividans_1326/pngs/fig_031.png
    jobid: 10
    wildcards: sample=Slividans_1326, batch=031
    resources: tmpdir=/tmp

[Wed May  1 22:31:02 2024]
Finished job 14.
13 of 32 steps (41%) done

[Wed May  1 22:31:02 2024]
rule png:
    input: /work/frasergen/3D/work/shaojie/script/HiC/3d_model/lianmeijun/03.gif/Slividans_1326/pmls/gif_151.pml
    output: /work/frasergen/3D/work/shaojie/script/HiC/3d_model/lianmeijun/03.gif/Slividans_1326/pngs/fig_151.png
    jobid: 22
    wildcards: sample=Slividans_1326, batch=151
    resources: tmpdir=/tmp

[Wed May  1 22:31:02 2024]
Finished job 15.
14 of 32 steps (44%) done

[Wed May  1 22:31:02 2024]
rule png:
    input: /work/frasergen/3D/work/shaojie/script/HiC/3d_model/lianmeijun/03.gif/Slividans_1326/pmls/gif_141.pml
    output: /work/frasergen/3D/work/shaojie/script/HiC/3d_model/lianmeijun/03.gif/Slividans_1326/pngs/fig_141.png
    jobid: 21
    wildcards: sample=Slividans_1326, batch=141
    resources: tmpdir=/tmp

[Wed May  1 22:31:11 2024]
Finished job 24.
15 of 32 steps (47%) done

[Wed May  1 22:31:11 2024]
rule png:
    input: /work/frasergen/3D/work/shaojie/script/HiC/3d_model/lianmeijun/03.gif/Slividans_1326/pmls/gif_021.pml
    output: /work/frasergen/3D/work/shaojie/script/HiC/3d_model/lianmeijun/03.gif/Slividans_1326/pngs/fig_021.png
    jobid: 9
    wildcards: sample=Slividans_1326, batch=021
    resources: tmpdir=/tmp

[Wed May  1 22:31:17 2024]
Finished job 12.
16 of 32 steps (50%) done

[Wed May  1 22:31:17 2024]
rule png:
    input: /work/frasergen/3D/work/shaojie/script/HiC/3d_model/lianmeijun/03.gif/Slividans_1326/pmls/gif_131.pml
    output: /work/frasergen/3D/work/shaojie/script/HiC/3d_model/lianmeijun/03.gif/Slividans_1326/pngs/fig_131.png
    jobid: 20
    wildcards: sample=Slividans_1326, batch=131
    resources: tmpdir=/tmp

[Wed May  1 22:31:17 2024]
Finished job 11.
17 of 32 steps (53%) done

[Wed May  1 22:31:17 2024]
rule png:
    input: /work/frasergen/3D/work/shaojie/script/HiC/3d_model/lianmeijun/03.gif/Slividans_1326/pmls/gif_011.pml
    output: /work/frasergen/3D/work/shaojie/script/HiC/3d_model/lianmeijun/03.gif/Slividans_1326/pngs/fig_011.png
    jobid: 8
    wildcards: sample=Slividans_1326, batch=011
    resources: tmpdir=/tmp

[Wed May  1 22:31:17 2024]
Finished job 17.
18 of 32 steps (56%) done

[Wed May  1 22:31:17 2024]
rule png:
    input: /work/frasergen/3D/work/shaojie/script/HiC/3d_model/lianmeijun/03.gif/Slividans_1326/pmls/gif_121.pml
    output: /work/frasergen/3D/work/shaojie/script/HiC/3d_model/lianmeijun/03.gif/Slividans_1326/pngs/fig_121.png
    jobid: 19
    wildcards: sample=Slividans_1326, batch=121
    resources: tmpdir=/tmp

[Wed May  1 22:31:17 2024]
Finished job 26.
19 of 32 steps (59%) done

[Wed May  1 22:31:17 2024]
rule png:
    input: /work/frasergen/3D/work/shaojie/script/HiC/3d_model/lianmeijun/03.gif/Slividans_1326/pmls/gif_001.pml
    output: /work/frasergen/3D/work/shaojie/script/HiC/3d_model/lianmeijun/03.gif/Slividans_1326/pngs/fig_001.png
    jobid: 6
    wildcards: sample=Slividans_1326, batch=001
    resources: tmpdir=/tmp

[Wed May  1 22:31:17 2024]
Finished job 18.
20 of 32 steps (62%) done
[Wed May  1 22:31:17 2024]
Finished job 25.
21 of 32 steps (66%) done
[Wed May  1 22:31:18 2024]
Finished job 10.
22 of 32 steps (69%) done
[Wed May  1 22:31:18 2024]
Finished job 21.
23 of 32 steps (72%) done
[Wed May  1 22:31:18 2024]
Finished job 22.
24 of 32 steps (75%) done
[Wed May  1 22:31:26 2024]
Finished job 9.
25 of 32 steps (78%) done
[Wed May  1 22:31:31 2024]
Finished job 20.
26 of 32 steps (81%) done
[Wed May  1 22:31:32 2024]
Finished job 8.
27 of 32 steps (84%) done
[Wed May  1 22:31:32 2024]
Finished job 19.
28 of 32 steps (88%) done
[Wed May  1 22:31:32 2024]
Finished job 6.
29 of 32 steps (91%) done

[Wed May  1 22:31:32 2024]
rule mp4:
    input: /work/frasergen/3D/work/shaojie/script/HiC/3d_model/lianmeijun/03.gif/Slividans_1326/pngs/fig_001.png, /work/frasergen/3D/work/shaojie/script/HiC/3d_model/lianmeijun/03.gif/Slividans_1326/pngs/fig_011.png, /work/frasergen/3D/work/shaojie/script/HiC/3d_model/lianmeijun/03.gif/Slividans_1326/pngs/fig_021.png, /work/frasergen/3D/work/shaojie/script/HiC/3d_model/lianmeijun/03.gif/Slividans_1326/pngs/fig_031.png, /work/frasergen/3D/work/shaojie/script/HiC/3d_model/lianmeijun/03.gif/Slividans_1326/pngs/fig_041.png, /work/frasergen/3D/work/shaojie/script/HiC/3d_model/lianmeijun/03.gif/Slividans_1326/pngs/fig_051.png, /work/frasergen/3D/work/shaojie/script/HiC/3d_model/lianmeijun/03.gif/Slividans_1326/pngs/fig_061.png, /work/frasergen/3D/work/shaojie/script/HiC/3d_model/lianmeijun/03.gif/Slividans_1326/pngs/fig_071.png, /work/frasergen/3D/work/shaojie/script/HiC/3d_model/lianmeijun/03.gif/Slividans_1326/pngs/fig_081.png, /work/frasergen/3D/work/shaojie/script/HiC/3d_model/lianmeijun/03.gif/Slividans_1326/pngs/fig_091.png, /work/frasergen/3D/work/shaojie/script/HiC/3d_model/lianmeijun/03.gif/Slividans_1326/pngs/fig_101.png, /work/frasergen/3D/work/shaojie/script/HiC/3d_model/lianmeijun/03.gif/Slividans_1326/pngs/fig_111.png, /work/frasergen/3D/work/shaojie/script/HiC/3d_model/lianmeijun/03.gif/Slividans_1326/pngs/fig_121.png, /work/frasergen/3D/work/shaojie/script/HiC/3d_model/lianmeijun/03.gif/Slividans_1326/pngs/fig_131.png, /work/frasergen/3D/work/shaojie/script/HiC/3d_model/lianmeijun/03.gif/Slividans_1326/pngs/fig_141.png, /work/frasergen/3D/work/shaojie/script/HiC/3d_model/lianmeijun/03.gif/Slividans_1326/pngs/fig_151.png, /work/frasergen/3D/work/shaojie/script/HiC/3d_model/lianmeijun/03.gif/Slividans_1326/pngs/fig_161.png, /work/frasergen/3D/work/shaojie/script/HiC/3d_model/lianmeijun/03.gif/Slividans_1326/pngs/fig_171.png, /work/frasergen/3D/work/shaojie/script/HiC/3d_model/lianmeijun/03.gif/Slividans_1326/pngs/fig_181.png, /work/frasergen/3D/work/shaojie/script/HiC/3d_model/lianmeijun/03.gif/Slividans_1326/pngs/fig_191.png, /work/frasergen/3D/work/shaojie/script/HiC/3d_model/lianmeijun/03.gif/Slividans_1326/pngs/fig_201.png, /work/frasergen/3D/work/shaojie/script/HiC/3d_model/lianmeijun/03.gif/Slividans_1326/pngs/fig_211.png, /work/frasergen/3D/work/shaojie/script/HiC/3d_model/lianmeijun/03.gif/Slividans_1326/pngs/fig_221.png, /work/frasergen/3D/work/shaojie/script/HiC/3d_model/lianmeijun/03.gif/Slividans_1326/pngs/fig_231.png
    output: /work/frasergen/3D/work/shaojie/script/HiC/3d_model/lianmeijun/03.gif/Slividans_1326/Slividans_1326.mp4
    jobid: 31
    wildcards: sample=Slividans_1326
    resources: tmpdir=/tmp

[Wed May  1 22:31:32 2024]
rule gif:
    input: /work/frasergen/3D/work/shaojie/script/HiC/3d_model/lianmeijun/03.gif/Slividans_1326/pngs/fig_001.png, /work/frasergen/3D/work/shaojie/script/HiC/3d_model/lianmeijun/03.gif/Slividans_1326/pngs/fig_011.png, /work/frasergen/3D/work/shaojie/script/HiC/3d_model/lianmeijun/03.gif/Slividans_1326/pngs/fig_021.png, /work/frasergen/3D/work/shaojie/script/HiC/3d_model/lianmeijun/03.gif/Slividans_1326/pngs/fig_031.png, /work/frasergen/3D/work/shaojie/script/HiC/3d_model/lianmeijun/03.gif/Slividans_1326/pngs/fig_041.png, /work/frasergen/3D/work/shaojie/script/HiC/3d_model/lianmeijun/03.gif/Slividans_1326/pngs/fig_051.png, /work/frasergen/3D/work/shaojie/script/HiC/3d_model/lianmeijun/03.gif/Slividans_1326/pngs/fig_061.png, /work/frasergen/3D/work/shaojie/script/HiC/3d_model/lianmeijun/03.gif/Slividans_1326/pngs/fig_071.png, /work/frasergen/3D/work/shaojie/script/HiC/3d_model/lianmeijun/03.gif/Slividans_1326/pngs/fig_081.png, /work/frasergen/3D/work/shaojie/script/HiC/3d_model/lianmeijun/03.gif/Slividans_1326/pngs/fig_091.png, /work/frasergen/3D/work/shaojie/script/HiC/3d_model/lianmeijun/03.gif/Slividans_1326/pngs/fig_101.png, /work/frasergen/3D/work/shaojie/script/HiC/3d_model/lianmeijun/03.gif/Slividans_1326/pngs/fig_111.png, /work/frasergen/3D/work/shaojie/script/HiC/3d_model/lianmeijun/03.gif/Slividans_1326/pngs/fig_121.png, /work/frasergen/3D/work/shaojie/script/HiC/3d_model/lianmeijun/03.gif/Slividans_1326/pngs/fig_131.png, /work/frasergen/3D/work/shaojie/script/HiC/3d_model/lianmeijun/03.gif/Slividans_1326/pngs/fig_141.png, /work/frasergen/3D/work/shaojie/script/HiC/3d_model/lianmeijun/03.gif/Slividans_1326/pngs/fig_151.png, /work/frasergen/3D/work/shaojie/script/HiC/3d_model/lianmeijun/03.gif/Slividans_1326/pngs/fig_161.png, /work/frasergen/3D/work/shaojie/script/HiC/3d_model/lianmeijun/03.gif/Slividans_1326/pngs/fig_171.png, /work/frasergen/3D/work/shaojie/script/HiC/3d_model/lianmeijun/03.gif/Slividans_1326/pngs/fig_181.png, /work/frasergen/3D/work/shaojie/script/HiC/3d_model/lianmeijun/03.gif/Slividans_1326/pngs/fig_191.png, /work/frasergen/3D/work/shaojie/script/HiC/3d_model/lianmeijun/03.gif/Slividans_1326/pngs/fig_201.png, /work/frasergen/3D/work/shaojie/script/HiC/3d_model/lianmeijun/03.gif/Slividans_1326/pngs/fig_211.png, /work/frasergen/3D/work/shaojie/script/HiC/3d_model/lianmeijun/03.gif/Slividans_1326/pngs/fig_221.png, /work/frasergen/3D/work/shaojie/script/HiC/3d_model/lianmeijun/03.gif/Slividans_1326/pngs/fig_231.png
    output: /work/frasergen/3D/work/shaojie/script/HiC/3d_model/lianmeijun/03.gif/Slividans_1326/Slividans_1326.gif
    jobid: 5
    wildcards: sample=Slividans_1326
    resources: tmpdir=/tmp

[Wed May  1 22:31:45 2024]
Finished job 31.
30 of 32 steps (94%) done
[Wed May  1 22:32:00 2024]
Finished job 5.
31 of 32 steps (97%) done

[Wed May  1 22:32:00 2024]
localrule all:
    input: /work/frasergen/3D/work/shaojie/script/HiC/3d_model/lianmeijun/03.gif/Slividans_1326/chrs/chr1/chr1.pml, /work/frasergen/3D/work/shaojie/script/HiC/3d_model/lianmeijun/03.gif/Slividans_1326/Slividans_1326.gif, /work/frasergen/3D/work/shaojie/script/HiC/3d_model/lianmeijun/03.gif/Slividans_1326/Slividans_1326.mp4
    jobid: 0
    resources: tmpdir=/tmp

[Wed May  1 22:32:00 2024]
Finished job 0.
32 of 32 steps (100%) done
Complete log: /work/frasergen/3D/work/shaojie/script/HiC/3d_model/.snakemake/log/2024-05-01T222815.288953.snakemake.log
