Building DAG of jobs...
Using shell: /usr/bin/bash
Provided cluster nodes: 24
Job stats:
job      count    min threads    max threads
-----  -------  -------------  -------------
all          1              1              1
chrom        2              1              1
gif          3              1              1
png         54              1              1
total       60              1              1


[Sat May 25 13:34:01 2024]
rule png:
    input: /work/frasergen/backup/3d/project/Interactome/240137_YanDanBaoJun_20240425/06.personal/analysis_3D_model_20240524/02.3d_model/TD_60MM12h/TD_60MM12h.pdb, /work/frasergen/backup/3d/project/Interactome/240137_YanDanBaoJun_20240425/06.personal/analysis_3D_model_20240524/02.3d_model/TD_60MM12h/TD_60MM12h.pml
    output: /work/frasergen/backup/3d/project/Interactome/240137_YanDanBaoJun_20240425/06.personal/analysis_3D_model_20240524/03.gif/TD_60MM12h/pngs/fig_240.png
    jobid: 85
    wildcards: sample=TD_60MM12h, batch=240
    resources: tmpdir=/tmp

Submitted job 85 with external jobid 'Submitted batch job 7937525'.

[Sat May 25 13:34:02 2024]
rule png:
    input: /work/frasergen/backup/3d/project/Interactome/240137_YanDanBaoJun_20240425/06.personal/analysis_3D_model_20240524/02.3d_model/TD_60MM6h/TD_60MM6h.pdb, /work/frasergen/backup/3d/project/Interactome/240137_YanDanBaoJun_20240425/06.personal/analysis_3D_model_20240524/02.3d_model/TD_60MM6h/TD_60MM6h.pml
    output: /work/frasergen/backup/3d/project/Interactome/240137_YanDanBaoJun_20240425/06.personal/analysis_3D_model_20240524/03.gif/TD_60MM6h/pngs/fig_150.png
    jobid: 51
    wildcards: sample=TD_60MM6h, batch=150
    resources: tmpdir=/tmp

Submitted job 51 with external jobid 'Submitted batch job 7937526'.

[Sat May 25 13:34:02 2024]
rule png:
    input: /work/frasergen/backup/3d/project/Interactome/240137_YanDanBaoJun_20240425/06.personal/analysis_3D_model_20240524/02.3d_model/TD_60MM6h/TD_60MM6h.pdb, /work/frasergen/backup/3d/project/Interactome/240137_YanDanBaoJun_20240425/06.personal/analysis_3D_model_20240524/02.3d_model/TD_60MM6h/TD_60MM6h.pml
    output: /work/frasergen/backup/3d/project/Interactome/240137_YanDanBaoJun_20240425/06.personal/analysis_3D_model_20240524/03.gif/TD_60MM6h/pngs/fig_010.png
    jobid: 37
    wildcards: sample=TD_60MM6h, batch=010
    resources: tmpdir=/tmp

Submitted job 37 with external jobid 'Submitted batch job 7937527'.

[Sat May 25 13:34:02 2024]
rule png:
    input: /work/frasergen/backup/3d/project/Interactome/240137_YanDanBaoJun_20240425/06.personal/analysis_3D_model_20240524/02.3d_model/TD_60MM12h/TD_60MM12h.pdb, /work/frasergen/backup/3d/project/Interactome/240137_YanDanBaoJun_20240425/06.personal/analysis_3D_model_20240524/02.3d_model/TD_60MM12h/TD_60MM12h.pml
    output: /work/frasergen/backup/3d/project/Interactome/240137_YanDanBaoJun_20240425/06.personal/analysis_3D_model_20240524/03.gif/TD_60MM12h/pngs/fig_040.png
    jobid: 65
    wildcards: sample=TD_60MM12h, batch=040
    resources: tmpdir=/tmp

Submitted job 65 with external jobid 'Submitted batch job 7937528'.

[Sat May 25 13:34:02 2024]
rule png:
    input: /work/frasergen/backup/3d/project/Interactome/240137_YanDanBaoJun_20240425/06.personal/analysis_3D_model_20240524/02.3d_model/TD_60MM12h/TD_60MM12h.pdb, /work/frasergen/backup/3d/project/Interactome/240137_YanDanBaoJun_20240425/06.personal/analysis_3D_model_20240524/02.3d_model/TD_60MM12h/TD_60MM12h.pml
    output: /work/frasergen/backup/3d/project/Interactome/240137_YanDanBaoJun_20240425/06.personal/analysis_3D_model_20240524/03.gif/TD_60MM12h/pngs/fig_180.png
    jobid: 79
    wildcards: sample=TD_60MM12h, batch=180
    resources: tmpdir=/tmp

Submitted job 79 with external jobid 'Submitted batch job 7937529'.

[Sat May 25 13:34:02 2024]
rule png:
    input: /work/frasergen/backup/3d/project/Interactome/240137_YanDanBaoJun_20240425/06.personal/analysis_3D_model_20240524/02.3d_model/TD_60MM12h/TD_60MM12h.pdb, /work/frasergen/backup/3d/project/Interactome/240137_YanDanBaoJun_20240425/06.personal/analysis_3D_model_20240524/02.3d_model/TD_60MM12h/TD_60MM12h.pml
    output: /work/frasergen/backup/3d/project/Interactome/240137_YanDanBaoJun_20240425/06.personal/analysis_3D_model_20240524/03.gif/TD_60MM12h/pngs/fig_150.png
    jobid: 76
    wildcards: sample=TD_60MM12h, batch=150
    resources: tmpdir=/tmp

Submitted job 76 with external jobid 'Submitted batch job 7937530'.

[Sat May 25 13:34:03 2024]
rule png:
    input: /work/frasergen/backup/3d/project/Interactome/240137_YanDanBaoJun_20240425/06.personal/analysis_3D_model_20240524/02.3d_model/TD_60MM6h/TD_60MM6h.pdb, /work/frasergen/backup/3d/project/Interactome/240137_YanDanBaoJun_20240425/06.personal/analysis_3D_model_20240524/02.3d_model/TD_60MM6h/TD_60MM6h.pml
    output: /work/frasergen/backup/3d/project/Interactome/240137_YanDanBaoJun_20240425/06.personal/analysis_3D_model_20240524/03.gif/TD_60MM6h/pngs/fig_220.png
    jobid: 58
    wildcards: sample=TD_60MM6h, batch=220
    resources: tmpdir=/tmp

Submitted job 58 with external jobid 'Submitted batch job 7937531'.

[Sat May 25 13:34:03 2024]
rule png:
    input: /work/frasergen/backup/3d/project/Interactome/240137_YanDanBaoJun_20240425/06.personal/analysis_3D_model_20240524/02.3d_model/TD_60MM6h/TD_60MM6h.pdb, /work/frasergen/backup/3d/project/Interactome/240137_YanDanBaoJun_20240425/06.personal/analysis_3D_model_20240524/02.3d_model/TD_60MM6h/TD_60MM6h.pml
    output: /work/frasergen/backup/3d/project/Interactome/240137_YanDanBaoJun_20240425/06.personal/analysis_3D_model_20240524/03.gif/TD_60MM6h/pngs/fig_080.png
    jobid: 44
    wildcards: sample=TD_60MM6h, batch=080
    resources: tmpdir=/tmp

Submitted job 44 with external jobid 'Submitted batch job 7937532'.

[Sat May 25 13:34:03 2024]
rule png:
    input: /work/frasergen/backup/3d/project/Interactome/240137_YanDanBaoJun_20240425/06.personal/analysis_3D_model_20240524/02.3d_model/TD_60MM12h/TD_60MM12h.pdb, /work/frasergen/backup/3d/project/Interactome/240137_YanDanBaoJun_20240425/06.personal/analysis_3D_model_20240524/02.3d_model/TD_60MM12h/TD_60MM12h.pml
    output: /work/frasergen/backup/3d/project/Interactome/240137_YanDanBaoJun_20240425/06.personal/analysis_3D_model_20240524/03.gif/TD_60MM12h/pngs/fig_110.png
    jobid: 72
    wildcards: sample=TD_60MM12h, batch=110
    resources: tmpdir=/tmp

Submitted job 72 with external jobid 'Submitted batch job 7937533'.

[Sat May 25 13:34:03 2024]
rule png:
    input: /work/frasergen/backup/3d/project/Interactome/240137_YanDanBaoJun_20240425/06.personal/analysis_3D_model_20240524/02.3d_model/TD_60MM6h/TD_60MM6h.pdb, /work/frasergen/backup/3d/project/Interactome/240137_YanDanBaoJun_20240425/06.personal/analysis_3D_model_20240524/02.3d_model/TD_60MM6h/TD_60MM6h.pml
    output: /work/frasergen/backup/3d/project/Interactome/240137_YanDanBaoJun_20240425/06.personal/analysis_3D_model_20240524/03.gif/TD_60MM6h/pngs/fig_020.png
    jobid: 38
    wildcards: sample=TD_60MM6h, batch=020
    resources: tmpdir=/tmp

Submitted job 38 with external jobid 'Submitted batch job 7937534'.

[Sat May 25 13:34:03 2024]
rule png:
    input: /work/frasergen/backup/3d/project/Interactome/240137_YanDanBaoJun_20240425/06.personal/analysis_3D_model_20240524/02.3d_model/TD_60MM6h/TD_60MM6h.pdb, /work/frasergen/backup/3d/project/Interactome/240137_YanDanBaoJun_20240425/06.personal/analysis_3D_model_20240524/02.3d_model/TD_60MM6h/TD_60MM6h.pml
    output: /work/frasergen/backup/3d/project/Interactome/240137_YanDanBaoJun_20240425/06.personal/analysis_3D_model_20240524/03.gif/TD_60MM6h/pngs/fig_160.png
    jobid: 52
    wildcards: sample=TD_60MM6h, batch=160
    resources: tmpdir=/tmp

Submitted job 52 with external jobid 'Submitted batch job 7937535'.

[Sat May 25 13:34:04 2024]
rule png:
    input: /work/frasergen/backup/3d/project/Interactome/240137_YanDanBaoJun_20240425/06.personal/analysis_3D_model_20240524/02.3d_model/TD_60MM12h/TD_60MM12h.pdb, /work/frasergen/backup/3d/project/Interactome/240137_YanDanBaoJun_20240425/06.personal/analysis_3D_model_20240524/02.3d_model/TD_60MM12h/TD_60MM12h.pml
    output: /work/frasergen/backup/3d/project/Interactome/240137_YanDanBaoJun_20240425/06.personal/analysis_3D_model_20240524/03.gif/TD_60MM12h/pngs/fig_050.png
    jobid: 66
    wildcards: sample=TD_60MM12h, batch=050
    resources: tmpdir=/tmp

Submitted job 66 with external jobid 'Submitted batch job 7937536'.

[Sat May 25 13:34:04 2024]
rule png:
    input: /work/frasergen/backup/3d/project/Interactome/240137_YanDanBaoJun_20240425/06.personal/analysis_3D_model_20240524/02.3d_model/TD_60MM12h/TD_60MM12h.pdb, /work/frasergen/backup/3d/project/Interactome/240137_YanDanBaoJun_20240425/06.personal/analysis_3D_model_20240524/02.3d_model/TD_60MM12h/TD_60MM12h.pml
    output: /work/frasergen/backup/3d/project/Interactome/240137_YanDanBaoJun_20240425/06.personal/analysis_3D_model_20240524/03.gif/TD_60MM12h/pngs/fig_190.png
    jobid: 80
    wildcards: sample=TD_60MM12h, batch=190
    resources: tmpdir=/tmp

Submitted job 80 with external jobid 'Submitted batch job 7937537'.

[Sat May 25 13:34:04 2024]
rule png:
    input: /work/frasergen/backup/3d/project/Interactome/240137_YanDanBaoJun_20240425/06.personal/analysis_3D_model_20240524/02.3d_model/TD_60MM6h/TD_60MM6h.pdb, /work/frasergen/backup/3d/project/Interactome/240137_YanDanBaoJun_20240425/06.personal/analysis_3D_model_20240524/02.3d_model/TD_60MM6h/TD_60MM6h.pml
    output: /work/frasergen/backup/3d/project/Interactome/240137_YanDanBaoJun_20240425/06.personal/analysis_3D_model_20240524/03.gif/TD_60MM6h/pngs/fig_090.png
    jobid: 45
    wildcards: sample=TD_60MM6h, batch=090
    resources: tmpdir=/tmp

Submitted job 45 with external jobid 'Submitted batch job 7937538'.

[Sat May 25 13:34:04 2024]
rule png:
    input: /work/frasergen/backup/3d/project/Interactome/240137_YanDanBaoJun_20240425/06.personal/analysis_3D_model_20240524/02.3d_model/TD_60MM6h/TD_60MM6h.pdb, /work/frasergen/backup/3d/project/Interactome/240137_YanDanBaoJun_20240425/06.personal/analysis_3D_model_20240524/02.3d_model/TD_60MM6h/TD_60MM6h.pml
    output: /work/frasergen/backup/3d/project/Interactome/240137_YanDanBaoJun_20240425/06.personal/analysis_3D_model_20240524/03.gif/TD_60MM6h/pngs/fig_230.png
    jobid: 59
    wildcards: sample=TD_60MM6h, batch=230
    resources: tmpdir=/tmp

Submitted job 59 with external jobid 'Submitted batch job 7937539'.

[Sat May 25 13:34:05 2024]
rule png:
    input: /work/frasergen/backup/3d/project/Interactome/240137_YanDanBaoJun_20240425/06.personal/analysis_3D_model_20240524/02.3d_model/TD_60MM12h/TD_60MM12h.pdb, /work/frasergen/backup/3d/project/Interactome/240137_YanDanBaoJun_20240425/06.personal/analysis_3D_model_20240524/02.3d_model/TD_60MM12h/TD_60MM12h.pml
    output: /work/frasergen/backup/3d/project/Interactome/240137_YanDanBaoJun_20240425/06.personal/analysis_3D_model_20240524/03.gif/TD_60MM12h/pngs/fig_120.png
    jobid: 73
    wildcards: sample=TD_60MM12h, batch=120
    resources: tmpdir=/tmp

Submitted job 73 with external jobid 'Submitted batch job 7937540'.

[Sat May 25 13:34:05 2024]
rule png:
    input: /work/frasergen/backup/3d/project/Interactome/240137_YanDanBaoJun_20240425/06.personal/analysis_3D_model_20240524/02.3d_model/TD_60MM6h/TD_60MM6h.pdb, /work/frasergen/backup/3d/project/Interactome/240137_YanDanBaoJun_20240425/06.personal/analysis_3D_model_20240524/02.3d_model/TD_60MM6h/TD_60MM6h.pml
    output: /work/frasergen/backup/3d/project/Interactome/240137_YanDanBaoJun_20240425/06.personal/analysis_3D_model_20240524/03.gif/TD_60MM6h/pngs/fig_030.png
    jobid: 39
    wildcards: sample=TD_60MM6h, batch=030
    resources: tmpdir=/tmp

Submitted job 39 with external jobid 'Submitted batch job 7937541'.

[Sat May 25 13:34:05 2024]
rule png:
    input: /work/frasergen/backup/3d/project/Interactome/240137_YanDanBaoJun_20240425/06.personal/analysis_3D_model_20240524/02.3d_model/TD_60MM12h/TD_60MM12h.pdb, /work/frasergen/backup/3d/project/Interactome/240137_YanDanBaoJun_20240425/06.personal/analysis_3D_model_20240524/02.3d_model/TD_60MM12h/TD_60MM12h.pml
    output: /work/frasergen/backup/3d/project/Interactome/240137_YanDanBaoJun_20240425/06.personal/analysis_3D_model_20240524/03.gif/TD_60MM12h/pngs/fig_060.png
    jobid: 67
    wildcards: sample=TD_60MM12h, batch=060
    resources: tmpdir=/tmp

Submitted job 67 with external jobid 'Submitted batch job 7937542'.

[Sat May 25 13:34:05 2024]
rule png:
    input: /work/frasergen/backup/3d/project/Interactome/240137_YanDanBaoJun_20240425/06.personal/analysis_3D_model_20240524/02.3d_model/TD_60MM12h/TD_60MM12h.pdb, /work/frasergen/backup/3d/project/Interactome/240137_YanDanBaoJun_20240425/06.personal/analysis_3D_model_20240524/02.3d_model/TD_60MM12h/TD_60MM12h.pml
    output: /work/frasergen/backup/3d/project/Interactome/240137_YanDanBaoJun_20240425/06.personal/analysis_3D_model_20240524/03.gif/TD_60MM12h/pngs/fig_200.png
    jobid: 81
    wildcards: sample=TD_60MM12h, batch=200
    resources: tmpdir=/tmp

Submitted job 81 with external jobid 'Submitted batch job 7937543'.

[Sat May 25 13:34:05 2024]
rule png:
    input: /work/frasergen/backup/3d/project/Interactome/240137_YanDanBaoJun_20240425/06.personal/analysis_3D_model_20240524/02.3d_model/TD_60MM12h/TD_60MM12h.pdb, /work/frasergen/backup/3d/project/Interactome/240137_YanDanBaoJun_20240425/06.personal/analysis_3D_model_20240524/02.3d_model/TD_60MM12h/TD_60MM12h.pml
    output: /work/frasergen/backup/3d/project/Interactome/240137_YanDanBaoJun_20240425/06.personal/analysis_3D_model_20240524/03.gif/TD_60MM12h/pngs/fig_130.png
    jobid: 74
    wildcards: sample=TD_60MM12h, batch=130
    resources: tmpdir=/tmp

Submitted job 74 with external jobid 'Submitted batch job 7937545'.

[Sat May 25 13:34:06 2024]
rule png:
    input: /work/frasergen/backup/3d/project/Interactome/240137_YanDanBaoJun_20240425/06.personal/analysis_3D_model_20240524/02.3d_model/TD_60MM12h/TD_60MM12h.pdb, /work/frasergen/backup/3d/project/Interactome/240137_YanDanBaoJun_20240425/06.personal/analysis_3D_model_20240524/02.3d_model/TD_60MM12h/TD_60MM12h.pml
    output: /work/frasergen/backup/3d/project/Interactome/240137_YanDanBaoJun_20240425/06.personal/analysis_3D_model_20240524/03.gif/TD_60MM12h/pngs/fig_070.png
    jobid: 68
    wildcards: sample=TD_60MM12h, batch=070
    resources: tmpdir=/tmp

Submitted job 68 with external jobid 'Submitted batch job 7937546'.

[Sat May 25 13:34:06 2024]
rule png:
    input: /work/frasergen/backup/3d/project/Interactome/240137_YanDanBaoJun_20240425/06.personal/analysis_3D_model_20240524/02.3d_model/TD_60MM12h/TD_60MM12h.pdb, /work/frasergen/backup/3d/project/Interactome/240137_YanDanBaoJun_20240425/06.personal/analysis_3D_model_20240524/02.3d_model/TD_60MM12h/TD_60MM12h.pml
    output: /work/frasergen/backup/3d/project/Interactome/240137_YanDanBaoJun_20240425/06.personal/analysis_3D_model_20240524/03.gif/TD_60MM12h/pngs/fig_210.png
    jobid: 82
    wildcards: sample=TD_60MM12h, batch=210
    resources: tmpdir=/tmp

Submitted job 82 with external jobid 'Submitted batch job 7937547'.

[Sat May 25 13:34:06 2024]
rule png:
    input: /work/frasergen/backup/3d/project/Interactome/240137_YanDanBaoJun_20240425/06.personal/analysis_3D_model_20240524/02.3d_model/TD_60MM12h/TD_60MM12h.pdb, /work/frasergen/backup/3d/project/Interactome/240137_YanDanBaoJun_20240425/06.personal/analysis_3D_model_20240524/02.3d_model/TD_60MM12h/TD_60MM12h.pml
    output: /work/frasergen/backup/3d/project/Interactome/240137_YanDanBaoJun_20240425/06.personal/analysis_3D_model_20240524/03.gif/TD_60MM12h/pngs/fig_140.png
    jobid: 75
    wildcards: sample=TD_60MM12h, batch=140
    resources: tmpdir=/tmp

Submitted job 75 with external jobid 'Submitted batch job 7937548'.

[Sat May 25 13:34:06 2024]
rule png:
    input: /work/frasergen/backup/3d/project/Interactome/240137_YanDanBaoJun_20240425/06.personal/analysis_3D_model_20240524/02.3d_model/TD_60MM6h/TD_60MM6h.pdb, /work/frasergen/backup/3d/project/Interactome/240137_YanDanBaoJun_20240425/06.personal/analysis_3D_model_20240524/02.3d_model/TD_60MM6h/TD_60MM6h.pml
    output: /work/frasergen/backup/3d/project/Interactome/240137_YanDanBaoJun_20240425/06.personal/analysis_3D_model_20240524/03.gif/TD_60MM6h/pngs/fig_120.png
    jobid: 48
    wildcards: sample=TD_60MM6h, batch=120
    resources: tmpdir=/tmp

Submitted job 48 with external jobid 'Submitted batch job 7937549'.
[Sat May 25 13:36:11 2024]
Finished job 85.
1 of 60 steps (2%) done

[Sat May 25 13:36:11 2024]
rule png:
    input: /work/frasergen/backup/3d/project/Interactome/240137_YanDanBaoJun_20240425/06.personal/analysis_3D_model_20240524/02.3d_model/TD_60MM6h/TD_60MM6h.pdb, /work/frasergen/backup/3d/project/Interactome/240137_YanDanBaoJun_20240425/06.personal/analysis_3D_model_20240524/02.3d_model/TD_60MM6h/TD_60MM6h.pml
    output: /work/frasergen/backup/3d/project/Interactome/240137_YanDanBaoJun_20240425/06.personal/analysis_3D_model_20240524/03.gif/TD_60MM6h/pngs/fig_170.png
    jobid: 53
    wildcards: sample=TD_60MM6h, batch=170
    resources: tmpdir=/tmp

[Sat May 25 13:36:11 2024]
Finished job 65.
2 of 60 steps (3%) done
[Sat May 25 13:36:12 2024]
Finished job 79.
3 of 60 steps (5%) done
[Sat May 25 13:36:12 2024]
Finished job 76.
4 of 60 steps (7%) done
[Sat May 25 13:36:12 2024]
Finished job 72.
5 of 60 steps (8%) done
Submitted job 53 with external jobid 'Submitted batch job 7937556'.

[Sat May 25 13:36:12 2024]
rule png:
    input: /work/frasergen/backup/3d/project/Interactome/240137_YanDanBaoJun_20240425/06.personal/analysis_3D_model_20240524/02.3d_model/TD_60MM6h/TD_60MM6h.pdb, /work/frasergen/backup/3d/project/Interactome/240137_YanDanBaoJun_20240425/06.personal/analysis_3D_model_20240524/02.3d_model/TD_60MM6h/TD_60MM6h.pml
    output: /work/frasergen/backup/3d/project/Interactome/240137_YanDanBaoJun_20240425/06.personal/analysis_3D_model_20240524/03.gif/TD_60MM6h/pngs/fig_040.png
    jobid: 40
    wildcards: sample=TD_60MM6h, batch=040
    resources: tmpdir=/tmp

Submitted job 40 with external jobid 'Submitted batch job 7937557'.

[Sat May 25 13:36:12 2024]
rule png:
    input: /work/frasergen/backup/3d/project/Interactome/240137_YanDanBaoJun_20240425/06.personal/analysis_3D_model_20240524/02.3d_model/TD_60MM6h/TD_60MM6h.pdb, /work/frasergen/backup/3d/project/Interactome/240137_YanDanBaoJun_20240425/06.personal/analysis_3D_model_20240524/02.3d_model/TD_60MM6h/TD_60MM6h.pml
    output: /work/frasergen/backup/3d/project/Interactome/240137_YanDanBaoJun_20240425/06.personal/analysis_3D_model_20240524/03.gif/TD_60MM6h/pngs/fig_180.png
    jobid: 54
    wildcards: sample=TD_60MM6h, batch=180
    resources: tmpdir=/tmp

Submitted job 54 with external jobid 'Submitted batch job 7937558'.

[Sat May 25 13:36:12 2024]
rule png:
    input: /work/frasergen/backup/3d/project/Interactome/240137_YanDanBaoJun_20240425/06.personal/analysis_3D_model_20240524/02.3d_model/TD_60MM6h/TD_60MM6h.pdb, /work/frasergen/backup/3d/project/Interactome/240137_YanDanBaoJun_20240425/06.personal/analysis_3D_model_20240524/02.3d_model/TD_60MM6h/TD_60MM6h.pml
    output: /work/frasergen/backup/3d/project/Interactome/240137_YanDanBaoJun_20240425/06.personal/analysis_3D_model_20240524/03.gif/TD_60MM6h/pngs/fig_100.png
    jobid: 46
    wildcards: sample=TD_60MM6h, batch=100
    resources: tmpdir=/tmp

Submitted job 46 with external jobid 'Submitted batch job 7937559'.

[Sat May 25 13:36:12 2024]
rule png:
    input: /work/frasergen/backup/3d/project/Interactome/240137_YanDanBaoJun_20240425/06.personal/analysis_3D_model_20240524/02.3d_model/TD_60MM6h/TD_60MM6h.pdb, /work/frasergen/backup/3d/project/Interactome/240137_YanDanBaoJun_20240425/06.personal/analysis_3D_model_20240524/02.3d_model/TD_60MM6h/TD_60MM6h.pml
    output: /work/frasergen/backup/3d/project/Interactome/240137_YanDanBaoJun_20240425/06.personal/analysis_3D_model_20240524/03.gif/TD_60MM6h/pngs/fig_240.png
    jobid: 60
    wildcards: sample=TD_60MM6h, batch=240
    resources: tmpdir=/tmp

Submitted job 60 with external jobid 'Submitted batch job 7937560'.
[Sat May 25 13:36:24 2024]
Finished job 51.
6 of 60 steps (10%) done

[Sat May 25 13:36:24 2024]
rule chrom:
    input: /work/frasergen/backup/3d/project/Interactome/240137_YanDanBaoJun_20240425/06.personal/analysis_3D_model_20240524/02.3d_model/TD_60MM6h/TD_60MM6h.pdb, /work/frasergen/backup/3d/project/Interactome/240137_YanDanBaoJun_20240425/06.personal/analysis_3D_model_20240524/02.3d_model/TD_60MM6h/TD_60MM6h.pml
    output: /work/frasergen/backup/3d/project/Interactome/240137_YanDanBaoJun_20240425/06.personal/analysis_3D_model_20240524/03.gif/TD_60MM6h/chrs/chr1/chr1_2.png
    jobid: 5
    wildcards: sample=TD_60MM6h, chrom=chr1
    resources: tmpdir=/tmp

[Sat May 25 13:36:24 2024]
Finished job 37.
7 of 60 steps (12%) done
[Sat May 25 13:36:24 2024]
Finished job 58.
8 of 60 steps (13%) done
[Sat May 25 13:36:24 2024]
Finished job 44.
9 of 60 steps (15%) done
Submitted job 5 with external jobid 'Submitted batch job 7937561'.

[Sat May 25 13:36:24 2024]
rule png:
    input: /work/frasergen/backup/3d/project/Interactome/240137_YanDanBaoJun_20240425/06.personal/analysis_3D_model_20240524/02.3d_model/TD_MM6h/TD_MM6h.pdb, /work/frasergen/backup/3d/project/Interactome/240137_YanDanBaoJun_20240425/06.personal/analysis_3D_model_20240524/02.3d_model/TD_MM6h/TD_MM6h.pml
    output: /work/frasergen/backup/3d/project/Interactome/240137_YanDanBaoJun_20240425/06.personal/analysis_3D_model_20240524/03.gif/TD_MM6h/pngs/fig_160.png
    jobid: 27
    wildcards: sample=TD_MM6h, batch=160
    resources: tmpdir=/tmp

Submitted job 27 with external jobid 'Submitted batch job 7937562'.

[Sat May 25 13:36:24 2024]
rule png:
    input: /work/frasergen/backup/3d/project/Interactome/240137_YanDanBaoJun_20240425/06.personal/analysis_3D_model_20240524/02.3d_model/TD_60MM6h/TD_60MM6h.pdb, /work/frasergen/backup/3d/project/Interactome/240137_YanDanBaoJun_20240425/06.personal/analysis_3D_model_20240524/02.3d_model/TD_60MM6h/TD_60MM6h.pml
    output: /work/frasergen/backup/3d/project/Interactome/240137_YanDanBaoJun_20240425/06.personal/analysis_3D_model_20240524/03.gif/TD_60MM6h/pngs/fig_110.png
    jobid: 47
    wildcards: sample=TD_60MM6h, batch=110
    resources: tmpdir=/tmp

Submitted job 47 with external jobid 'Submitted batch job 7937563'.

[Sat May 25 13:36:24 2024]
rule png:
    input: /work/frasergen/backup/3d/project/Interactome/240137_YanDanBaoJun_20240425/06.personal/analysis_3D_model_20240524/02.3d_model/TD_MM6h/TD_MM6h.pdb, /work/frasergen/backup/3d/project/Interactome/240137_YanDanBaoJun_20240425/06.personal/analysis_3D_model_20240524/02.3d_model/TD_MM6h/TD_MM6h.pml
    output: /work/frasergen/backup/3d/project/Interactome/240137_YanDanBaoJun_20240425/06.personal/analysis_3D_model_20240524/03.gif/TD_MM6h/pngs/fig_020.png
    jobid: 13
    wildcards: sample=TD_MM6h, batch=020
    resources: tmpdir=/tmp

Submitted job 13 with external jobid 'Submitted batch job 7937565'.
[Sat May 25 13:36:48 2024]
Finished job 38.
10 of 60 steps (17%) done

[Sat May 25 13:36:48 2024]
rule png:
    input: /work/frasergen/backup/3d/project/Interactome/240137_YanDanBaoJun_20240425/06.personal/analysis_3D_model_20240524/02.3d_model/TD_MM6h/TD_MM6h.pdb, /work/frasergen/backup/3d/project/Interactome/240137_YanDanBaoJun_20240425/06.personal/analysis_3D_model_20240524/02.3d_model/TD_MM6h/TD_MM6h.pml
    output: /work/frasergen/backup/3d/project/Interactome/240137_YanDanBaoJun_20240425/06.personal/analysis_3D_model_20240524/03.gif/TD_MM6h/pngs/fig_240.png
    jobid: 35
    wildcards: sample=TD_MM6h, batch=240
    resources: tmpdir=/tmp

Submitted job 35 with external jobid 'Submitted batch job 7937566'.
[Sat May 25 13:37:25 2024]
Finished job 66.
11 of 60 steps (18%) done

[Sat May 25 13:37:25 2024]
rule png:
    input: /work/frasergen/backup/3d/project/Interactome/240137_YanDanBaoJun_20240425/06.personal/analysis_3D_model_20240524/02.3d_model/TD_MM6h/TD_MM6h.pdb, /work/frasergen/backup/3d/project/Interactome/240137_YanDanBaoJun_20240425/06.personal/analysis_3D_model_20240524/02.3d_model/TD_MM6h/TD_MM6h.pml
    output: /work/frasergen/backup/3d/project/Interactome/240137_YanDanBaoJun_20240425/06.personal/analysis_3D_model_20240524/03.gif/TD_MM6h/pngs/fig_100.png
    jobid: 21
    wildcards: sample=TD_MM6h, batch=100
    resources: tmpdir=/tmp

Submitted job 21 with external jobid 'Submitted batch job 7937567'.
[Sat May 25 13:37:49 2024]
Finished job 52.
12 of 60 steps (20%) done

[Sat May 25 13:37:49 2024]
rule png:
    input: /work/frasergen/backup/3d/project/Interactome/240137_YanDanBaoJun_20240425/06.personal/analysis_3D_model_20240524/02.3d_model/TD_MM6h/TD_MM6h.pdb, /work/frasergen/backup/3d/project/Interactome/240137_YanDanBaoJun_20240425/06.personal/analysis_3D_model_20240524/02.3d_model/TD_MM6h/TD_MM6h.pml
    output: /work/frasergen/backup/3d/project/Interactome/240137_YanDanBaoJun_20240425/06.personal/analysis_3D_model_20240524/03.gif/TD_MM6h/pngs/fig_030.png
    jobid: 14
    wildcards: sample=TD_MM6h, batch=030
    resources: tmpdir=/tmp

Submitted job 14 with external jobid 'Submitted batch job 7937569'.
[Sat May 25 13:38:01 2024]
Finished job 80.
13 of 60 steps (22%) done

[Sat May 25 13:38:01 2024]
rule png:
    input: /work/frasergen/backup/3d/project/Interactome/240137_YanDanBaoJun_20240425/06.personal/analysis_3D_model_20240524/02.3d_model/TD_MM6h/TD_MM6h.pdb, /work/frasergen/backup/3d/project/Interactome/240137_YanDanBaoJun_20240425/06.personal/analysis_3D_model_20240524/02.3d_model/TD_MM6h/TD_MM6h.pml
    output: /work/frasergen/backup/3d/project/Interactome/240137_YanDanBaoJun_20240425/06.personal/analysis_3D_model_20240524/03.gif/TD_MM6h/pngs/fig_170.png
    jobid: 28
    wildcards: sample=TD_MM6h, batch=170
    resources: tmpdir=/tmp

[Sat May 25 13:38:01 2024]
Finished job 73.
14 of 60 steps (23%) done
Submitted job 28 with external jobid 'Submitted batch job 7937571'.

[Sat May 25 13:38:02 2024]
rule png:
    input: /work/frasergen/backup/3d/project/Interactome/240137_YanDanBaoJun_20240425/06.personal/analysis_3D_model_20240524/02.3d_model/TD_MM6h/TD_MM6h.pdb, /work/frasergen/backup/3d/project/Interactome/240137_YanDanBaoJun_20240425/06.personal/analysis_3D_model_20240524/02.3d_model/TD_MM6h/TD_MM6h.pml
    output: /work/frasergen/backup/3d/project/Interactome/240137_YanDanBaoJun_20240425/06.personal/analysis_3D_model_20240524/03.gif/TD_MM6h/pngs/fig_110.png
    jobid: 22
    wildcards: sample=TD_MM6h, batch=110
    resources: tmpdir=/tmp

Submitted job 22 with external jobid 'Submitted batch job 7937572'.
[Sat May 25 13:38:13 2024]
Finished job 45.
15 of 60 steps (25%) done

[Sat May 25 13:38:13 2024]
rule png:
    input: /work/frasergen/backup/3d/project/Interactome/240137_YanDanBaoJun_20240425/06.personal/analysis_3D_model_20240524/02.3d_model/TD_MM6h/TD_MM6h.pdb, /work/frasergen/backup/3d/project/Interactome/240137_YanDanBaoJun_20240425/06.personal/analysis_3D_model_20240524/02.3d_model/TD_MM6h/TD_MM6h.pml
    output: /work/frasergen/backup/3d/project/Interactome/240137_YanDanBaoJun_20240425/06.personal/analysis_3D_model_20240524/03.gif/TD_MM6h/pngs/fig_130.png
    jobid: 24
    wildcards: sample=TD_MM6h, batch=130
    resources: tmpdir=/tmp

[Sat May 25 13:38:13 2024]
Finished job 59.
16 of 60 steps (27%) done
[Sat May 25 13:38:13 2024]
Finished job 67.
17 of 60 steps (28%) done
[Sat May 25 13:38:13 2024]
Finished job 81.
18 of 60 steps (30%) done
[Sat May 25 13:38:13 2024]
Finished job 74.
19 of 60 steps (32%) done
Submitted job 24 with external jobid 'Submitted batch job 7937573'.

[Sat May 25 13:38:13 2024]
rule png:
    input: /work/frasergen/backup/3d/project/Interactome/240137_YanDanBaoJun_20240425/06.personal/analysis_3D_model_20240524/02.3d_model/TD_MM6h/TD_MM6h.pdb, /work/frasergen/backup/3d/project/Interactome/240137_YanDanBaoJun_20240425/06.personal/analysis_3D_model_20240524/02.3d_model/TD_MM6h/TD_MM6h.pml
    output: /work/frasergen/backup/3d/project/Interactome/240137_YanDanBaoJun_20240425/06.personal/analysis_3D_model_20240524/03.gif/TD_MM6h/pngs/fig_150.png
    jobid: 26
    wildcards: sample=TD_MM6h, batch=150
    resources: tmpdir=/tmp

Submitted job 26 with external jobid 'Submitted batch job 7937574'.

[Sat May 25 13:38:13 2024]
rule png:
    input: /work/frasergen/backup/3d/project/Interactome/240137_YanDanBaoJun_20240425/06.personal/analysis_3D_model_20240524/02.3d_model/TD_MM6h/TD_MM6h.pdb, /work/frasergen/backup/3d/project/Interactome/240137_YanDanBaoJun_20240425/06.personal/analysis_3D_model_20240524/02.3d_model/TD_MM6h/TD_MM6h.pml
    output: /work/frasergen/backup/3d/project/Interactome/240137_YanDanBaoJun_20240425/06.personal/analysis_3D_model_20240524/03.gif/TD_MM6h/pngs/fig_010.png
    jobid: 12
    wildcards: sample=TD_MM6h, batch=010
    resources: tmpdir=/tmp

Submitted job 12 with external jobid 'Submitted batch job 7937575'.

[Sat May 25 13:38:14 2024]
rule png:
    input: /work/frasergen/backup/3d/project/Interactome/240137_YanDanBaoJun_20240425/06.personal/analysis_3D_model_20240524/02.3d_model/TD_MM6h/TD_MM6h.pdb, /work/frasergen/backup/3d/project/Interactome/240137_YanDanBaoJun_20240425/06.personal/analysis_3D_model_20240524/02.3d_model/TD_MM6h/TD_MM6h.pml
    output: /work/frasergen/backup/3d/project/Interactome/240137_YanDanBaoJun_20240425/06.personal/analysis_3D_model_20240524/03.gif/TD_MM6h/pngs/fig_070.png
    jobid: 18
    wildcards: sample=TD_MM6h, batch=070
    resources: tmpdir=/tmp

Submitted job 18 with external jobid 'Submitted batch job 7937576'.

[Sat May 25 13:38:14 2024]
rule png:
    input: /work/frasergen/backup/3d/project/Interactome/240137_YanDanBaoJun_20240425/06.personal/analysis_3D_model_20240524/02.3d_model/TD_MM6h/TD_MM6h.pdb, /work/frasergen/backup/3d/project/Interactome/240137_YanDanBaoJun_20240425/06.personal/analysis_3D_model_20240524/02.3d_model/TD_MM6h/TD_MM6h.pml
    output: /work/frasergen/backup/3d/project/Interactome/240137_YanDanBaoJun_20240425/06.personal/analysis_3D_model_20240524/03.gif/TD_MM6h/pngs/fig_180.png
    jobid: 29
    wildcards: sample=TD_MM6h, batch=180
    resources: tmpdir=/tmp

Submitted job 29 with external jobid 'Submitted batch job 7937577'.
[Sat May 25 13:38:25 2024]
Finished job 39.
20 of 60 steps (33%) done

[Sat May 25 13:38:25 2024]
rule png:
    input: /work/frasergen/backup/3d/project/Interactome/240137_YanDanBaoJun_20240425/06.personal/analysis_3D_model_20240524/02.3d_model/TD_MM6h/TD_MM6h.pdb, /work/frasergen/backup/3d/project/Interactome/240137_YanDanBaoJun_20240425/06.personal/analysis_3D_model_20240524/02.3d_model/TD_MM6h/TD_MM6h.pml
    output: /work/frasergen/backup/3d/project/Interactome/240137_YanDanBaoJun_20240425/06.personal/analysis_3D_model_20240524/03.gif/TD_MM6h/pngs/fig_040.png
    jobid: 15
    wildcards: sample=TD_MM6h, batch=040
    resources: tmpdir=/tmp

[Sat May 25 13:38:25 2024]
Finished job 68.
21 of 60 steps (35%) done
Submitted job 15 with external jobid 'Submitted batch job 7937580'.

[Sat May 25 13:38:25 2024]
rule png:
    input: /work/frasergen/backup/3d/project/Interactome/240137_YanDanBaoJun_20240425/06.personal/analysis_3D_model_20240524/02.3d_model/TD_MM6h/TD_MM6h.pdb, /work/frasergen/backup/3d/project/Interactome/240137_YanDanBaoJun_20240425/06.personal/analysis_3D_model_20240524/02.3d_model/TD_MM6h/TD_MM6h.pml
    output: /work/frasergen/backup/3d/project/Interactome/240137_YanDanBaoJun_20240425/06.personal/analysis_3D_model_20240524/03.gif/TD_MM6h/pngs/fig_230.png
    jobid: 34
    wildcards: sample=TD_MM6h, batch=230
    resources: tmpdir=/tmp

Submitted job 34 with external jobid 'Submitted batch job 7937581'.
[Sat May 25 13:38:37 2024]
Finished job 5.
22 of 60 steps (37%) done

[Sat May 25 13:38:37 2024]
rule png:
    input: /work/frasergen/backup/3d/project/Interactome/240137_YanDanBaoJun_20240425/06.personal/analysis_3D_model_20240524/02.3d_model/TD_MM6h/TD_MM6h.pdb, /work/frasergen/backup/3d/project/Interactome/240137_YanDanBaoJun_20240425/06.personal/analysis_3D_model_20240524/02.3d_model/TD_MM6h/TD_MM6h.pml
    output: /work/frasergen/backup/3d/project/Interactome/240137_YanDanBaoJun_20240425/06.personal/analysis_3D_model_20240524/03.gif/TD_MM6h/pngs/fig_060.png
    jobid: 17
    wildcards: sample=TD_MM6h, batch=060
    resources: tmpdir=/tmp

Submitted job 17 with external jobid 'Submitted batch job 7937583'.
[Sat May 25 13:38:49 2024]
Finished job 82.
23 of 60 steps (38%) done

[Sat May 25 13:38:49 2024]
rule png:
    input: /work/frasergen/backup/3d/project/Interactome/240137_YanDanBaoJun_20240425/06.personal/analysis_3D_model_20240524/02.3d_model/TD_MM6h/TD_MM6h.pdb, /work/frasergen/backup/3d/project/Interactome/240137_YanDanBaoJun_20240425/06.personal/analysis_3D_model_20240524/02.3d_model/TD_MM6h/TD_MM6h.pml
    output: /work/frasergen/backup/3d/project/Interactome/240137_YanDanBaoJun_20240425/06.personal/analysis_3D_model_20240524/03.gif/TD_MM6h/pngs/fig_200.png
    jobid: 31
    wildcards: sample=TD_MM6h, batch=200
    resources: tmpdir=/tmp

Submitted job 31 with external jobid 'Submitted batch job 7937584'.
[Sat May 25 13:40:01 2024]
Finished job 27.
24 of 60 steps (40%) done

[Sat May 25 13:40:01 2024]
rule png:
    input: /work/frasergen/backup/3d/project/Interactome/240137_YanDanBaoJun_20240425/06.personal/analysis_3D_model_20240524/02.3d_model/TD_MM6h/TD_MM6h.pdb, /work/frasergen/backup/3d/project/Interactome/240137_YanDanBaoJun_20240425/06.personal/analysis_3D_model_20240524/02.3d_model/TD_MM6h/TD_MM6h.pml
    output: /work/frasergen/backup/3d/project/Interactome/240137_YanDanBaoJun_20240425/06.personal/analysis_3D_model_20240524/03.gif/TD_MM6h/pngs/fig_080.png
    jobid: 19
    wildcards: sample=TD_MM6h, batch=080
    resources: tmpdir=/tmp

Submitted job 19 with external jobid 'Submitted batch job 7937590'.
[Sat May 25 13:40:02 2024]
Finished job 75.
25 of 60 steps (42%) done

[Sat May 25 13:40:02 2024]
rule gif:
    input: /work/frasergen/backup/3d/project/Interactome/240137_YanDanBaoJun_20240425/06.personal/analysis_3D_model_20240524/03.gif/TD_60MM12h/pngs/fig_010.png, /work/frasergen/backup/3d/project/Interactome/240137_YanDanBaoJun_20240425/06.personal/analysis_3D_model_20240524/03.gif/TD_60MM12h/pngs/fig_020.png, /work/frasergen/backup/3d/project/Interactome/240137_YanDanBaoJun_20240425/06.personal/analysis_3D_model_20240524/03.gif/TD_60MM12h/pngs/fig_030.png, /work/frasergen/backup/3d/project/Interactome/240137_YanDanBaoJun_20240425/06.personal/analysis_3D_model_20240524/03.gif/TD_60MM12h/pngs/fig_040.png, /work/frasergen/backup/3d/project/Interactome/240137_YanDanBaoJun_20240425/06.personal/analysis_3D_model_20240524/03.gif/TD_60MM12h/pngs/fig_050.png, /work/frasergen/backup/3d/project/Interactome/240137_YanDanBaoJun_20240425/06.personal/analysis_3D_model_20240524/03.gif/TD_60MM12h/pngs/fig_060.png, /work/frasergen/backup/3d/project/Interactome/240137_YanDanBaoJun_20240425/06.personal/analysis_3D_model_20240524/03.gif/TD_60MM12h/pngs/fig_070.png, /work/frasergen/backup/3d/project/Interactome/240137_YanDanBaoJun_20240425/06.personal/analysis_3D_model_20240524/03.gif/TD_60MM12h/pngs/fig_080.png, /work/frasergen/backup/3d/project/Interactome/240137_YanDanBaoJun_20240425/06.personal/analysis_3D_model_20240524/03.gif/TD_60MM12h/pngs/fig_090.png, /work/frasergen/backup/3d/project/Interactome/240137_YanDanBaoJun_20240425/06.personal/analysis_3D_model_20240524/03.gif/TD_60MM12h/pngs/fig_100.png, /work/frasergen/backup/3d/project/Interactome/240137_YanDanBaoJun_20240425/06.personal/analysis_3D_model_20240524/03.gif/TD_60MM12h/pngs/fig_110.png, /work/frasergen/backup/3d/project/Interactome/240137_YanDanBaoJun_20240425/06.personal/analysis_3D_model_20240524/03.gif/TD_60MM12h/pngs/fig_120.png, /work/frasergen/backup/3d/project/Interactome/240137_YanDanBaoJun_20240425/06.personal/analysis_3D_model_20240524/03.gif/TD_60MM12h/pngs/fig_130.png, /work/frasergen/backup/3d/project/Interactome/240137_YanDanBaoJun_20240425/06.personal/analysis_3D_model_20240524/03.gif/TD_60MM12h/pngs/fig_140.png, /work/frasergen/backup/3d/project/Interactome/240137_YanDanBaoJun_20240425/06.personal/analysis_3D_model_20240524/03.gif/TD_60MM12h/pngs/fig_150.png, /work/frasergen/backup/3d/project/Interactome/240137_YanDanBaoJun_20240425/06.personal/analysis_3D_model_20240524/03.gif/TD_60MM12h/pngs/fig_160.png, /work/frasergen/backup/3d/project/Interactome/240137_YanDanBaoJun_20240425/06.personal/analysis_3D_model_20240524/03.gif/TD_60MM12h/pngs/fig_170.png, /work/frasergen/backup/3d/project/Interactome/240137_YanDanBaoJun_20240425/06.personal/analysis_3D_model_20240524/03.gif/TD_60MM12h/pngs/fig_180.png, /work/frasergen/backup/3d/project/Interactome/240137_YanDanBaoJun_20240425/06.personal/analysis_3D_model_20240524/03.gif/TD_60MM12h/pngs/fig_190.png, /work/frasergen/backup/3d/project/Interactome/240137_YanDanBaoJun_20240425/06.personal/analysis_3D_model_20240524/03.gif/TD_60MM12h/pngs/fig_200.png, /work/frasergen/backup/3d/project/Interactome/240137_YanDanBaoJun_20240425/06.personal/analysis_3D_model_20240524/03.gif/TD_60MM12h/pngs/fig_210.png, /work/frasergen/backup/3d/project/Interactome/240137_YanDanBaoJun_20240425/06.personal/analysis_3D_model_20240524/03.gif/TD_60MM12h/pngs/fig_220.png, /work/frasergen/backup/3d/project/Interactome/240137_YanDanBaoJun_20240425/06.personal/analysis_3D_model_20240524/03.gif/TD_60MM12h/pngs/fig_230.png, /work/frasergen/backup/3d/project/Interactome/240137_YanDanBaoJun_20240425/06.personal/analysis_3D_model_20240524/03.gif/TD_60MM12h/pngs/fig_240.png
    output: /work/frasergen/backup/3d/project/Interactome/240137_YanDanBaoJun_20240425/06.personal/analysis_3D_model_20240524/03.gif/TD_60MM12h/TD_60MM12h.gif, /work/frasergen/backup/3d/project/Interactome/240137_YanDanBaoJun_20240425/06.personal/analysis_3D_model_20240524/03.gif/TD_60MM12h/TD_60MM12h.mp4
    jobid: 61
    wildcards: sample=TD_60MM12h
    resources: tmpdir=/tmp

Submitted job 61 with external jobid 'Submitted batch job 7937591'.
[Sat May 25 13:40:13 2024]
Finished job 40.
26 of 60 steps (43%) done

[Sat May 25 13:40:13 2024]
rule png:
    input: /work/frasergen/backup/3d/project/Interactome/240137_YanDanBaoJun_20240425/06.personal/analysis_3D_model_20240524/02.3d_model/TD_MM6h/TD_MM6h.pdb, /work/frasergen/backup/3d/project/Interactome/240137_YanDanBaoJun_20240425/06.personal/analysis_3D_model_20240524/02.3d_model/TD_MM6h/TD_MM6h.pml
    output: /work/frasergen/backup/3d/project/Interactome/240137_YanDanBaoJun_20240425/06.personal/analysis_3D_model_20240524/03.gif/TD_MM6h/pngs/fig_220.png
    jobid: 33
    wildcards: sample=TD_MM6h, batch=220
    resources: tmpdir=/tmp

[Sat May 25 13:40:13 2024]
Finished job 60.
27 of 60 steps (45%) done
Submitted job 33 with external jobid 'Submitted batch job 7937592'.

[Sat May 25 13:40:14 2024]
rule png:
    input: /work/frasergen/backup/3d/project/Interactome/240137_YanDanBaoJun_20240425/06.personal/analysis_3D_model_20240524/02.3d_model/TD_MM6h/TD_MM6h.pdb, /work/frasergen/backup/3d/project/Interactome/240137_YanDanBaoJun_20240425/06.personal/analysis_3D_model_20240524/02.3d_model/TD_MM6h/TD_MM6h.pml
    output: /work/frasergen/backup/3d/project/Interactome/240137_YanDanBaoJun_20240425/06.personal/analysis_3D_model_20240524/03.gif/TD_MM6h/pngs/fig_120.png
    jobid: 23
    wildcards: sample=TD_MM6h, batch=120
    resources: tmpdir=/tmp

Submitted job 23 with external jobid 'Submitted batch job 7937593'.
[Sat May 25 13:40:25 2024]
Finished job 13.
28 of 60 steps (47%) done

[Sat May 25 13:40:25 2024]
rule png:
    input: /work/frasergen/backup/3d/project/Interactome/240137_YanDanBaoJun_20240425/06.personal/analysis_3D_model_20240524/02.3d_model/TD_MM6h/TD_MM6h.pdb, /work/frasergen/backup/3d/project/Interactome/240137_YanDanBaoJun_20240425/06.personal/analysis_3D_model_20240524/02.3d_model/TD_MM6h/TD_MM6h.pml
    output: /work/frasergen/backup/3d/project/Interactome/240137_YanDanBaoJun_20240425/06.personal/analysis_3D_model_20240524/03.gif/TD_MM6h/pngs/fig_140.png
    jobid: 25
    wildcards: sample=TD_MM6h, batch=140
    resources: tmpdir=/tmp

[Sat May 25 13:40:25 2024]
Finished job 54.
29 of 60 steps (48%) done
[Sat May 25 13:40:26 2024]
Finished job 46.
30 of 60 steps (50%) done
Submitted job 25 with external jobid 'Submitted batch job 7937596'.

[Sat May 25 13:40:26 2024]
rule png:
    input: /work/frasergen/backup/3d/project/Interactome/240137_YanDanBaoJun_20240425/06.personal/analysis_3D_model_20240524/02.3d_model/TD_MM6h/TD_MM6h.pdb, /work/frasergen/backup/3d/project/Interactome/240137_YanDanBaoJun_20240425/06.personal/analysis_3D_model_20240524/02.3d_model/TD_MM6h/TD_MM6h.pml
    output: /work/frasergen/backup/3d/project/Interactome/240137_YanDanBaoJun_20240425/06.personal/analysis_3D_model_20240524/03.gif/TD_MM6h/pngs/fig_190.png
    jobid: 30
    wildcards: sample=TD_MM6h, batch=190
    resources: tmpdir=/tmp

Submitted job 30 with external jobid 'Submitted batch job 7937597'.

[Sat May 25 13:40:26 2024]
rule chrom:
    input: /work/frasergen/backup/3d/project/Interactome/240137_YanDanBaoJun_20240425/06.personal/analysis_3D_model_20240524/02.3d_model/TD_MM6h/TD_MM6h.pdb, /work/frasergen/backup/3d/project/Interactome/240137_YanDanBaoJun_20240425/06.personal/analysis_3D_model_20240524/02.3d_model/TD_MM6h/TD_MM6h.pml
    output: /work/frasergen/backup/3d/project/Interactome/240137_YanDanBaoJun_20240425/06.personal/analysis_3D_model_20240524/03.gif/TD_MM6h/chrs/chr1/chr1_2.png
    jobid: 1
    wildcards: sample=TD_MM6h, chrom=chr1
    resources: tmpdir=/tmp

Submitted job 1 with external jobid 'Submitted batch job 7937598'.
[Sat May 25 13:40:37 2024]
Finished job 35.
31 of 60 steps (52%) done

[Sat May 25 13:40:37 2024]
rule png:
    input: /work/frasergen/backup/3d/project/Interactome/240137_YanDanBaoJun_20240425/06.personal/analysis_3D_model_20240524/02.3d_model/TD_MM6h/TD_MM6h.pdb, /work/frasergen/backup/3d/project/Interactome/240137_YanDanBaoJun_20240425/06.personal/analysis_3D_model_20240524/02.3d_model/TD_MM6h/TD_MM6h.pml
    output: /work/frasergen/backup/3d/project/Interactome/240137_YanDanBaoJun_20240425/06.personal/analysis_3D_model_20240524/03.gif/TD_MM6h/pngs/fig_050.png
    jobid: 16
    wildcards: sample=TD_MM6h, batch=050
    resources: tmpdir=/tmp

[Sat May 25 13:40:38 2024]
Finished job 47.
32 of 60 steps (53%) done
Submitted job 16 with external jobid 'Submitted batch job 7937600'.

[Sat May 25 13:40:38 2024]
rule png:
    input: /work/frasergen/backup/3d/project/Interactome/240137_YanDanBaoJun_20240425/06.personal/analysis_3D_model_20240524/02.3d_model/TD_MM6h/TD_MM6h.pdb, /work/frasergen/backup/3d/project/Interactome/240137_YanDanBaoJun_20240425/06.personal/analysis_3D_model_20240524/02.3d_model/TD_MM6h/TD_MM6h.pml
    output: /work/frasergen/backup/3d/project/Interactome/240137_YanDanBaoJun_20240425/06.personal/analysis_3D_model_20240524/03.gif/TD_MM6h/pngs/fig_210.png
    jobid: 32
    wildcards: sample=TD_MM6h, batch=210
    resources: tmpdir=/tmp

Submitted job 32 with external jobid 'Submitted batch job 7937601'.
[Sat May 25 13:40:49 2024]
Finished job 21.
33 of 60 steps (55%) done

[Sat May 25 13:40:49 2024]
rule png:
    input: /work/frasergen/backup/3d/project/Interactome/240137_YanDanBaoJun_20240425/06.personal/analysis_3D_model_20240524/02.3d_model/TD_MM6h/TD_MM6h.pdb, /work/frasergen/backup/3d/project/Interactome/240137_YanDanBaoJun_20240425/06.personal/analysis_3D_model_20240524/02.3d_model/TD_MM6h/TD_MM6h.pml
    output: /work/frasergen/backup/3d/project/Interactome/240137_YanDanBaoJun_20240425/06.personal/analysis_3D_model_20240524/03.gif/TD_MM6h/pngs/fig_090.png
    jobid: 20
    wildcards: sample=TD_MM6h, batch=090
    resources: tmpdir=/tmp

Submitted job 20 with external jobid 'Submitted batch job 7937602'.
[Sat May 25 13:40:50 2024]
Finished job 48.
34 of 60 steps (57%) done
[Sat May 25 13:41:02 2024]
Finished job 53.
35 of 60 steps (58%) done

[Sat May 25 13:41:02 2024]
rule gif:
    input: /work/frasergen/backup/3d/project/Interactome/240137_YanDanBaoJun_20240425/06.personal/analysis_3D_model_20240524/03.gif/TD_60MM6h/pngs/fig_010.png, /work/frasergen/backup/3d/project/Interactome/240137_YanDanBaoJun_20240425/06.personal/analysis_3D_model_20240524/03.gif/TD_60MM6h/pngs/fig_020.png, /work/frasergen/backup/3d/project/Interactome/240137_YanDanBaoJun_20240425/06.personal/analysis_3D_model_20240524/03.gif/TD_60MM6h/pngs/fig_030.png, /work/frasergen/backup/3d/project/Interactome/240137_YanDanBaoJun_20240425/06.personal/analysis_3D_model_20240524/03.gif/TD_60MM6h/pngs/fig_040.png, /work/frasergen/backup/3d/project/Interactome/240137_YanDanBaoJun_20240425/06.personal/analysis_3D_model_20240524/03.gif/TD_60MM6h/pngs/fig_050.png, /work/frasergen/backup/3d/project/Interactome/240137_YanDanBaoJun_20240425/06.personal/analysis_3D_model_20240524/03.gif/TD_60MM6h/pngs/fig_060.png, /work/frasergen/backup/3d/project/Interactome/240137_YanDanBaoJun_20240425/06.personal/analysis_3D_model_20240524/03.gif/TD_60MM6h/pngs/fig_070.png, /work/frasergen/backup/3d/project/Interactome/240137_YanDanBaoJun_20240425/06.personal/analysis_3D_model_20240524/03.gif/TD_60MM6h/pngs/fig_080.png, /work/frasergen/backup/3d/project/Interactome/240137_YanDanBaoJun_20240425/06.personal/analysis_3D_model_20240524/03.gif/TD_60MM6h/pngs/fig_090.png, /work/frasergen/backup/3d/project/Interactome/240137_YanDanBaoJun_20240425/06.personal/analysis_3D_model_20240524/03.gif/TD_60MM6h/pngs/fig_100.png, /work/frasergen/backup/3d/project/Interactome/240137_YanDanBaoJun_20240425/06.personal/analysis_3D_model_20240524/03.gif/TD_60MM6h/pngs/fig_110.png, /work/frasergen/backup/3d/project/Interactome/240137_YanDanBaoJun_20240425/06.personal/analysis_3D_model_20240524/03.gif/TD_60MM6h/pngs/fig_120.png, /work/frasergen/backup/3d/project/Interactome/240137_YanDanBaoJun_20240425/06.personal/analysis_3D_model_20240524/03.gif/TD_60MM6h/pngs/fig_130.png, /work/frasergen/backup/3d/project/Interactome/240137_YanDanBaoJun_20240425/06.personal/analysis_3D_model_20240524/03.gif/TD_60MM6h/pngs/fig_140.png, /work/frasergen/backup/3d/project/Interactome/240137_YanDanBaoJun_20240425/06.personal/analysis_3D_model_20240524/03.gif/TD_60MM6h/pngs/fig_150.png, /work/frasergen/backup/3d/project/Interactome/240137_YanDanBaoJun_20240425/06.personal/analysis_3D_model_20240524/03.gif/TD_60MM6h/pngs/fig_160.png, /work/frasergen/backup/3d/project/Interactome/240137_YanDanBaoJun_20240425/06.personal/analysis_3D_model_20240524/03.gif/TD_60MM6h/pngs/fig_170.png, /work/frasergen/backup/3d/project/Interactome/240137_YanDanBaoJun_20240425/06.personal/analysis_3D_model_20240524/03.gif/TD_60MM6h/pngs/fig_180.png, /work/frasergen/backup/3d/project/Interactome/240137_YanDanBaoJun_20240425/06.personal/analysis_3D_model_20240524/03.gif/TD_60MM6h/pngs/fig_190.png, /work/frasergen/backup/3d/project/Interactome/240137_YanDanBaoJun_20240425/06.personal/analysis_3D_model_20240524/03.gif/TD_60MM6h/pngs/fig_200.png, /work/frasergen/backup/3d/project/Interactome/240137_YanDanBaoJun_20240425/06.personal/analysis_3D_model_20240524/03.gif/TD_60MM6h/pngs/fig_210.png, /work/frasergen/backup/3d/project/Interactome/240137_YanDanBaoJun_20240425/06.personal/analysis_3D_model_20240524/03.gif/TD_60MM6h/pngs/fig_220.png, /work/frasergen/backup/3d/project/Interactome/240137_YanDanBaoJun_20240425/06.personal/analysis_3D_model_20240524/03.gif/TD_60MM6h/pngs/fig_230.png, /work/frasergen/backup/3d/project/Interactome/240137_YanDanBaoJun_20240425/06.personal/analysis_3D_model_20240524/03.gif/TD_60MM6h/pngs/fig_240.png
    output: /work/frasergen/backup/3d/project/Interactome/240137_YanDanBaoJun_20240425/06.personal/analysis_3D_model_20240524/03.gif/TD_60MM6h/TD_60MM6h.gif, /work/frasergen/backup/3d/project/Interactome/240137_YanDanBaoJun_20240425/06.personal/analysis_3D_model_20240524/03.gif/TD_60MM6h/TD_60MM6h.mp4
    jobid: 36
    wildcards: sample=TD_60MM6h
    resources: tmpdir=/tmp

Submitted job 36 with external jobid 'Submitted batch job 7937603'.
[Sat May 25 13:42:02 2024]
Finished job 28.
36 of 60 steps (60%) done
[Sat May 25 13:42:02 2024]
Finished job 14.
37 of 60 steps (62%) done
[Sat May 25 13:42:14 2024]
Finished job 24.
38 of 60 steps (63%) done
[Sat May 25 13:42:14 2024]
Finished job 26.
39 of 60 steps (65%) done
[Sat May 25 13:42:14 2024]
Finished job 18.
40 of 60 steps (67%) done
[Sat May 25 13:42:14 2024]
Finished job 22.
41 of 60 steps (68%) done
[Sat May 25 13:42:26 2024]
Finished job 12.
42 of 60 steps (70%) done
[Sat May 25 13:42:37 2024]
Finished job 15.
43 of 60 steps (72%) done
[Sat May 25 13:42:37 2024]
Finished job 29.
44 of 60 steps (73%) done
[Sat May 25 13:42:59 2024]
Finished job 61.
45 of 60 steps (75%) done
[Sat May 25 13:43:09 2024]
Finished job 36.
46 of 60 steps (77%) done
[Sat May 25 13:43:10 2024]
Finished job 34.
47 of 60 steps (78%) done
[Sat May 25 13:43:20 2024]
Finished job 1.
48 of 60 steps (80%) done
[Sat May 25 13:44:04 2024]
Finished job 19.
49 of 60 steps (82%) done
[Sat May 25 13:44:15 2024]
Finished job 25.
50 of 60 steps (83%) done
[Sat May 25 13:44:15 2024]
Finished job 33.
51 of 60 steps (85%) done
[Sat May 25 13:44:15 2024]
Finished job 23.
52 of 60 steps (87%) done
[Sat May 25 13:44:25 2024]
Finished job 30.
53 of 60 steps (88%) done
[Sat May 25 13:45:46 2024]
Finished job 31.
54 of 60 steps (90%) done
[Sat May 25 13:46:36 2024]
Finished job 17.
55 of 60 steps (92%) done
[Sat May 25 13:47:16 2024]
Finished job 32.
56 of 60 steps (93%) done
[Sat May 25 13:47:36 2024]
Finished job 16.
57 of 60 steps (95%) done
[Sat May 25 13:47:46 2024]
Finished job 20.
58 of 60 steps (97%) done

[Sat May 25 13:47:46 2024]
rule gif:
    input: /work/frasergen/backup/3d/project/Interactome/240137_YanDanBaoJun_20240425/06.personal/analysis_3D_model_20240524/03.gif/TD_MM6h/pngs/fig_010.png, /work/frasergen/backup/3d/project/Interactome/240137_YanDanBaoJun_20240425/06.personal/analysis_3D_model_20240524/03.gif/TD_MM6h/pngs/fig_020.png, /work/frasergen/backup/3d/project/Interactome/240137_YanDanBaoJun_20240425/06.personal/analysis_3D_model_20240524/03.gif/TD_MM6h/pngs/fig_030.png, /work/frasergen/backup/3d/project/Interactome/240137_YanDanBaoJun_20240425/06.personal/analysis_3D_model_20240524/03.gif/TD_MM6h/pngs/fig_040.png, /work/frasergen/backup/3d/project/Interactome/240137_YanDanBaoJun_20240425/06.personal/analysis_3D_model_20240524/03.gif/TD_MM6h/pngs/fig_050.png, /work/frasergen/backup/3d/project/Interactome/240137_YanDanBaoJun_20240425/06.personal/analysis_3D_model_20240524/03.gif/TD_MM6h/pngs/fig_060.png, /work/frasergen/backup/3d/project/Interactome/240137_YanDanBaoJun_20240425/06.personal/analysis_3D_model_20240524/03.gif/TD_MM6h/pngs/fig_070.png, /work/frasergen/backup/3d/project/Interactome/240137_YanDanBaoJun_20240425/06.personal/analysis_3D_model_20240524/03.gif/TD_MM6h/pngs/fig_080.png, /work/frasergen/backup/3d/project/Interactome/240137_YanDanBaoJun_20240425/06.personal/analysis_3D_model_20240524/03.gif/TD_MM6h/pngs/fig_090.png, /work/frasergen/backup/3d/project/Interactome/240137_YanDanBaoJun_20240425/06.personal/analysis_3D_model_20240524/03.gif/TD_MM6h/pngs/fig_100.png, /work/frasergen/backup/3d/project/Interactome/240137_YanDanBaoJun_20240425/06.personal/analysis_3D_model_20240524/03.gif/TD_MM6h/pngs/fig_110.png, /work/frasergen/backup/3d/project/Interactome/240137_YanDanBaoJun_20240425/06.personal/analysis_3D_model_20240524/03.gif/TD_MM6h/pngs/fig_120.png, /work/frasergen/backup/3d/project/Interactome/240137_YanDanBaoJun_20240425/06.personal/analysis_3D_model_20240524/03.gif/TD_MM6h/pngs/fig_130.png, /work/frasergen/backup/3d/project/Interactome/240137_YanDanBaoJun_20240425/06.personal/analysis_3D_model_20240524/03.gif/TD_MM6h/pngs/fig_140.png, /work/frasergen/backup/3d/project/Interactome/240137_YanDanBaoJun_20240425/06.personal/analysis_3D_model_20240524/03.gif/TD_MM6h/pngs/fig_150.png, /work/frasergen/backup/3d/project/Interactome/240137_YanDanBaoJun_20240425/06.personal/analysis_3D_model_20240524/03.gif/TD_MM6h/pngs/fig_160.png, /work/frasergen/backup/3d/project/Interactome/240137_YanDanBaoJun_20240425/06.personal/analysis_3D_model_20240524/03.gif/TD_MM6h/pngs/fig_170.png, /work/frasergen/backup/3d/project/Interactome/240137_YanDanBaoJun_20240425/06.personal/analysis_3D_model_20240524/03.gif/TD_MM6h/pngs/fig_180.png, /work/frasergen/backup/3d/project/Interactome/240137_YanDanBaoJun_20240425/06.personal/analysis_3D_model_20240524/03.gif/TD_MM6h/pngs/fig_190.png, /work/frasergen/backup/3d/project/Interactome/240137_YanDanBaoJun_20240425/06.personal/analysis_3D_model_20240524/03.gif/TD_MM6h/pngs/fig_200.png, /work/frasergen/backup/3d/project/Interactome/240137_YanDanBaoJun_20240425/06.personal/analysis_3D_model_20240524/03.gif/TD_MM6h/pngs/fig_210.png, /work/frasergen/backup/3d/project/Interactome/240137_YanDanBaoJun_20240425/06.personal/analysis_3D_model_20240524/03.gif/TD_MM6h/pngs/fig_220.png, /work/frasergen/backup/3d/project/Interactome/240137_YanDanBaoJun_20240425/06.personal/analysis_3D_model_20240524/03.gif/TD_MM6h/pngs/fig_230.png, /work/frasergen/backup/3d/project/Interactome/240137_YanDanBaoJun_20240425/06.personal/analysis_3D_model_20240524/03.gif/TD_MM6h/pngs/fig_240.png
    output: /work/frasergen/backup/3d/project/Interactome/240137_YanDanBaoJun_20240425/06.personal/analysis_3D_model_20240524/03.gif/TD_MM6h/TD_MM6h.gif, /work/frasergen/backup/3d/project/Interactome/240137_YanDanBaoJun_20240425/06.personal/analysis_3D_model_20240524/03.gif/TD_MM6h/TD_MM6h.mp4
    jobid: 11
    wildcards: sample=TD_MM6h
    resources: tmpdir=/tmp

Submitted job 11 with external jobid 'Submitted batch job 7937627'.
[Sat May 25 13:48:46 2024]
Finished job 11.
59 of 60 steps (98%) done

[Sat May 25 13:48:46 2024]
localrule all:
    input: /work/frasergen/backup/3d/project/Interactome/240137_YanDanBaoJun_20240425/06.personal/analysis_3D_model_20240524/03.gif/TD_MM6h/chrs/chr1/chr1_2.png, /work/frasergen/backup/3d/project/Interactome/240137_YanDanBaoJun_20240425/06.personal/analysis_3D_model_20240524/03.gif/TD_60MM6h/chrs/chr1/chr1_2.png, /work/frasergen/backup/3d/project/Interactome/240137_YanDanBaoJun_20240425/06.personal/analysis_3D_model_20240524/03.gif/TD_60MM12h/chrs/chr1/chr1_2.png, /work/frasergen/backup/3d/project/Interactome/240137_YanDanBaoJun_20240425/06.personal/analysis_3D_model_20240524/03.gif/TD_MM6h/TD_MM6h.gif, /work/frasergen/backup/3d/project/Interactome/240137_YanDanBaoJun_20240425/06.personal/analysis_3D_model_20240524/03.gif/TD_60MM6h/TD_60MM6h.gif, /work/frasergen/backup/3d/project/Interactome/240137_YanDanBaoJun_20240425/06.personal/analysis_3D_model_20240524/03.gif/TD_60MM12h/TD_60MM12h.gif
    jobid: 0
    resources: tmpdir=/tmp

[Sat May 25 13:48:46 2024]
Finished job 0.
60 of 60 steps (100%) done
Complete log: /work/frasergen/3D/work/shaojie/script/HiC/3d_model/.snakemake/log/2024-05-25T133359.583767.snakemake.log
