Building DAG of jobs...
Using shell: /usr/bin/bash
Provided cores: 2
Rules claiming more threads will be scaled down.
Job stats:
job      count    min threads    max threads
-----  -------  -------------  -------------
all          1              1              1
chrom        2              1              1
total        3              1              1


[Sat May 11 21:28:12 2024]
rule chrom:
    input: /work/frasergen/3D/work/shaojie/script/HiC/3d_model/240033_kcybgj_20240510/02.3d_model/Delta-abrB/Delta-abrB.pdb, /work/frasergen/3D/work/shaojie/script/HiC/3d_model/240033_kcybgj_20240510/02.3d_model/Delta-abrB/Delta-abrB.pml
    output: /work/frasergen/3D/work/shaojie/script/HiC/3d_model/240033_kcybgj_20240510/03.gif/Delta-abrB/chrs/chr1/chr1_2.png
    jobid: 1
    wildcards: sample=Delta-abrB, chrom=chr1
    resources: tmpdir=/tmp

[Sat May 11 21:28:12 2024]
rule chrom:
    input: /work/frasergen/3D/work/shaojie/script/HiC/3d_model/240033_kcybgj_20240510/02.3d_model/Bs168/Bs168.pdb, /work/frasergen/3D/work/shaojie/script/HiC/3d_model/240033_kcybgj_20240510/02.3d_model/Bs168/Bs168.pml
    output: /work/frasergen/3D/work/shaojie/script/HiC/3d_model/240033_kcybgj_20240510/03.gif/Bs168/chrs/chr1/chr1_2.png
    jobid: 4
    wildcards: sample=Bs168, chrom=chr1
    resources: tmpdir=/tmp

Shutting down, this might take some time.
Exiting because a job execution failed. Look above for error message
Complete log: /work/frasergen/3D/work/shaojie/script/HiC/3d_model/.snakemake/log/2024-05-11T212806.500697.snakemake.log
