Building DAG of jobs...
Using shell: /usr/bin/bash
Provided cluster nodes: 24
Job stats:
job       count    min threads    max threads
------  -------  -------------  -------------
all           1              1              1
pastis        2              1              1
total         3              1              1


[Sat May 11 15:42:19 2024]
rule pastis:
    input: /work/frasergen/3D/work/shaojie/script/HiC/3d_model/240033_kcybgj_20240510/01.matrix_fill/Bs168/Bs168_filled_matrix.txt
    output: /work/frasergen/3D/work/shaojie/script/HiC/3d_model/240033_kcybgj_20240510/02.3d_model/Bs168/Bs168.pdb
    jobid: 3
    wildcards: sample=Bs168
    resources: tmpdir=/tmp

Submitted job 3 with external jobid 'Submitted batch job 7677909'.

[Sat May 11 15:42:19 2024]
rule pastis:
    input: /work/frasergen/3D/work/shaojie/script/HiC/3d_model/240033_kcybgj_20240510/01.matrix_fill/Delta-abrB/Delta-abrB_filled_matrix.txt
    output: /work/frasergen/3D/work/shaojie/script/HiC/3d_model/240033_kcybgj_20240510/02.3d_model/Delta-abrB/Delta-abrB.pdb
    jobid: 1
    wildcards: sample=Delta-abrB
    resources: tmpdir=/tmp

Submitted job 1 with external jobid 'Submitted batch job 7677910'.
[Sat May 11 15:42:28 2024]
Error in rule pastis:
    jobid: 3
    output: /work/frasergen/3D/work/shaojie/script/HiC/3d_model/240033_kcybgj_20240510/02.3d_model/Bs168/Bs168.pdb
    cluster_jobid: Submitted batch job 7677909

Error executing rule pastis on cluster (jobid: 3, external: Submitted batch job 7677909, jobscript: /work/frasergen/3D/work/shaojie/script/HiC/3d_model/.snakemake/tmp.027noxm8/snakejob.pastis.3.sh). For error details see the cluster log and the log files of the involved rule(s).
[Sat May 11 15:42:28 2024]
Error in rule pastis:
    jobid: 1
    output: /work/frasergen/3D/work/shaojie/script/HiC/3d_model/240033_kcybgj_20240510/02.3d_model/Delta-abrB/Delta-abrB.pdb
    cluster_jobid: Submitted batch job 7677910

Error executing rule pastis on cluster (jobid: 1, external: Submitted batch job 7677910, jobscript: /work/frasergen/3D/work/shaojie/script/HiC/3d_model/.snakemake/tmp.027noxm8/snakejob.pastis.1.sh). For error details see the cluster log and the log files of the involved rule(s).
Shutting down, this might take some time.
Exiting because a job execution failed. Look above for error message
Complete log: /work/frasergen/3D/work/shaojie/script/HiC/3d_model/.snakemake/log/2024-05-11T154208.072403.snakemake.log
