Building DAG of jobs...
Using shell: /usr/bin/bash
Provided cluster nodes: 10
Job stats:
job      count    min threads    max threads
-----  -------  -------------  -------------
all          1              1              1
gif          3              1              1
mp4          3              1              1
png         72              1              1
total       79              1              1


[Wed Apr 24 14:46:03 2024]
rule png:
    input: /work/frasergen/3D/work/shaojie/script/HiC/3d_model/analysis20240419_3D_model/03.gif/AA/pmls/gif20.pml
    output: /work/frasergen/3D/work/shaojie/script/HiC/3d_model/analysis20240419_3D_model/03.gif/AA/pngs/fig_20.png
    jobid: 144
    wildcards: sample=AA, batch=20
    resources: tmpdir=/tmp

Submitted job 144 with external jobid 'Submitted batch job 7177339'.

[Wed Apr 24 14:46:03 2024]
rule png:
    input: /work/frasergen/3D/work/shaojie/script/HiC/3d_model/analysis20240419_3D_model/03.gif/AA/pmls/gif21.pml
    output: /work/frasergen/3D/work/shaojie/script/HiC/3d_model/analysis20240419_3D_model/03.gif/AA/pngs/fig_21.png
    jobid: 146
    wildcards: sample=AA, batch=21
    resources: tmpdir=/tmp

Submitted job 146 with external jobid 'Submitted batch job 7177340'.

[Wed Apr 24 14:46:03 2024]
rule png:
    input: /work/frasergen/3D/work/shaojie/script/HiC/3d_model/analysis20240419_3D_model/03.gif/AG/pmls/gif21.pml
    output: /work/frasergen/3D/work/shaojie/script/HiC/3d_model/analysis20240419_3D_model/03.gif/AG/pngs/fig_21.png
    jobid: 244
    wildcards: sample=AG, batch=21
    resources: tmpdir=/tmp

Submitted job 244 with external jobid 'Submitted batch job 7177341'.

[Wed Apr 24 14:46:03 2024]
rule png:
    input: /work/frasergen/3D/work/shaojie/script/HiC/3d_model/analysis20240419_3D_model/03.gif/AA/pmls/gif22.pml
    output: /work/frasergen/3D/work/shaojie/script/HiC/3d_model/analysis20240419_3D_model/03.gif/AA/pngs/fig_22.png
    jobid: 148
    wildcards: sample=AA, batch=22
    resources: tmpdir=/tmp

Submitted job 148 with external jobid 'Submitted batch job 7177342'.

[Wed Apr 24 14:46:04 2024]
rule png:
    input: /work/frasergen/3D/work/shaojie/script/HiC/3d_model/analysis20240419_3D_model/03.gif/AG/pmls/gif22.pml
    output: /work/frasergen/3D/work/shaojie/script/HiC/3d_model/analysis20240419_3D_model/03.gif/AG/pngs/fig_22.png
    jobid: 246
    wildcards: sample=AG, batch=22
    resources: tmpdir=/tmp

Submitted job 246 with external jobid 'Submitted batch job 7177343'.

[Wed Apr 24 14:46:04 2024]
rule png:
    input: /work/frasergen/3D/work/shaojie/script/HiC/3d_model/analysis20240419_3D_model/03.gif/AA/pmls/gif23.pml
    output: /work/frasergen/3D/work/shaojie/script/HiC/3d_model/analysis20240419_3D_model/03.gif/AA/pngs/fig_23.png
    jobid: 150
    wildcards: sample=AA, batch=23
    resources: tmpdir=/tmp

Submitted job 150 with external jobid 'Submitted batch job 7177344'.

[Wed Apr 24 14:46:04 2024]
rule png:
    input: /work/frasergen/3D/work/shaojie/script/HiC/3d_model/analysis20240419_3D_model/03.gif/AG/pmls/gif23.pml
    output: /work/frasergen/3D/work/shaojie/script/HiC/3d_model/analysis20240419_3D_model/03.gif/AG/pngs/fig_23.png
    jobid: 248
    wildcards: sample=AG, batch=23
    resources: tmpdir=/tmp

Submitted job 248 with external jobid 'Submitted batch job 7177345'.

[Wed Apr 24 14:46:04 2024]
rule png:
    input: /work/frasergen/3D/work/shaojie/script/HiC/3d_model/analysis20240419_3D_model/03.gif/AC/pmls/gif21.pml
    output: /work/frasergen/3D/work/shaojie/script/HiC/3d_model/analysis20240419_3D_model/03.gif/AC/pngs/fig_21.png
    jobid: 195
    wildcards: sample=AC, batch=21
    resources: tmpdir=/tmp

Submitted job 195 with external jobid 'Submitted batch job 7177346'.

[Wed Apr 24 14:46:04 2024]
rule png:
    input: /work/frasergen/3D/work/shaojie/script/HiC/3d_model/analysis20240419_3D_model/03.gif/AC/pmls/gif22.pml
    output: /work/frasergen/3D/work/shaojie/script/HiC/3d_model/analysis20240419_3D_model/03.gif/AC/pngs/fig_22.png
    jobid: 197
    wildcards: sample=AC, batch=22
    resources: tmpdir=/tmp

Submitted job 197 with external jobid 'Submitted batch job 7177347'.

[Wed Apr 24 14:46:04 2024]
rule png:
    input: /work/frasergen/3D/work/shaojie/script/HiC/3d_model/analysis20240419_3D_model/03.gif/AC/pmls/gif23.pml
    output: /work/frasergen/3D/work/shaojie/script/HiC/3d_model/analysis20240419_3D_model/03.gif/AC/pngs/fig_23.png
    jobid: 199
    wildcards: sample=AC, batch=23
    resources: tmpdir=/tmp

Submitted job 199 with external jobid 'Submitted batch job 7177348'.
