Building DAG of jobs...
Using shell: /usr/bin/bash
Provided cluster nodes: 72
Job stats:
job         count    min threads    max threads
--------  -------  -------------  -------------
fill_pre        1              1              1
matrix          6              1              1
pastis          6              1              1
pml             6              1              1
total          19              1              1


[Fri May 10 09:54:16 2024]
rule matrix:
    output: /work/frasergen/3D/work/shaojie/script/HiC/3d_model/analysis_20240510_Hi-C_3D_model/01.matrix_fill/H-Salt-076/H-Salt-076_filled_matrix.txt
    jobid: 80
    wildcards: sample=H-Salt-076
    resources: tmpdir=/tmp

Submitted job 80 with external jobid 'Submitted batch job 7658893'.

[Fri May 10 09:54:16 2024]
rule matrix:
    output: /work/frasergen/3D/work/shaojie/script/HiC/3d_model/analysis_20240510_Hi-C_3D_model/01.matrix_fill/H-CK-599/H-CK-599_filled_matrix.txt
    jobid: 5
    wildcards: sample=H-CK-599
    resources: tmpdir=/tmp

Submitted job 5 with external jobid 'Submitted batch job 7658894'.

[Fri May 10 09:54:16 2024]
rule matrix:
    output: /work/frasergen/3D/work/shaojie/script/HiC/3d_model/analysis_20240510_Hi-C_3D_model/01.matrix_fill/H-CK-076/H-CK-076_filled_matrix.txt
    jobid: 35
    wildcards: sample=H-CK-076
    resources: tmpdir=/tmp

Submitted job 35 with external jobid 'Submitted batch job 7658895'.

[Fri May 10 09:54:16 2024]
rule matrix:
    output: /work/frasergen/3D/work/shaojie/script/HiC/3d_model/analysis_20240510_Hi-C_3D_model/01.matrix_fill/H-Salt-F1/H-Salt-F1_filled_matrix.txt
    jobid: 65
    wildcards: sample=H-Salt-F1
    resources: tmpdir=/tmp

Submitted job 65 with external jobid 'Submitted batch job 7658896'.

[Fri May 10 09:54:16 2024]
rule fill_pre:
    output: /work/frasergen/3D/work/shaojie/script/HiC/3d_model/analysis_20240510_Hi-C_3D_model/01.matrix_fill/bin.bed
    jobid: 4
    resources: tmpdir=/tmp

bedtools makewindows -g /work/frasergen/backup/3d/project/Interactome/231402_rice_20231127/04.Hi-C/01.ref/genome.fa.fai -w 100000 > /work/frasergen/3D/work/shaojie/script/HiC/3d_model/analysis_20240510_Hi-C_3D_model/01.matrix_fill/bin.bed
Submitted job 4 with external jobid 'Submitted batch job 7658897'.

[Fri May 10 09:54:16 2024]
rule matrix:
    output: /work/frasergen/3D/work/shaojie/script/HiC/3d_model/analysis_20240510_Hi-C_3D_model/01.matrix_fill/H-CK-F1/H-CK-F1_filled_matrix.txt
    jobid: 20
    wildcards: sample=H-CK-F1
    resources: tmpdir=/tmp

Submitted job 20 with external jobid 'Submitted batch job 7658898'.

[Fri May 10 09:54:16 2024]
rule matrix:
    output: /work/frasergen/3D/work/shaojie/script/HiC/3d_model/analysis_20240510_Hi-C_3D_model/01.matrix_fill/H-Salt-599/H-Salt-599_filled_matrix.txt
    jobid: 50
    wildcards: sample=H-Salt-599
    resources: tmpdir=/tmp

Submitted job 50 with external jobid 'Submitted batch job 7658899'.
[Fri May 10 09:54:46 2024]
Finished job 4.
1 of 254 steps (0.4%) done
[Fri May 10 09:55:16 2024]
Error in rule matrix:
    jobid: 80
    output: /work/frasergen/3D/work/shaojie/script/HiC/3d_model/analysis_20240510_Hi-C_3D_model/01.matrix_fill/H-Salt-076/H-Salt-076_filled_matrix.txt
    cluster_jobid: Submitted batch job 7658893

Error executing rule matrix on cluster (jobid: 80, external: Submitted batch job 7658893, jobscript: /work/frasergen/3D/work/shaojie/script/HiC/3d_model/.snakemake/tmp.fcp_d3vz/snakejob.matrix.80.sh). For error details see the cluster log and the log files of the involved rule(s).
[Fri May 10 09:55:16 2024]
Error in rule matrix:
    jobid: 5
    output: /work/frasergen/3D/work/shaojie/script/HiC/3d_model/analysis_20240510_Hi-C_3D_model/01.matrix_fill/H-CK-599/H-CK-599_filled_matrix.txt
    cluster_jobid: Submitted batch job 7658894

Error executing rule matrix on cluster (jobid: 5, external: Submitted batch job 7658894, jobscript: /work/frasergen/3D/work/shaojie/script/HiC/3d_model/.snakemake/tmp.fcp_d3vz/snakejob.matrix.5.sh). For error details see the cluster log and the log files of the involved rule(s).
[Fri May 10 09:55:16 2024]
Error in rule matrix:
    jobid: 35
    output: /work/frasergen/3D/work/shaojie/script/HiC/3d_model/analysis_20240510_Hi-C_3D_model/01.matrix_fill/H-CK-076/H-CK-076_filled_matrix.txt
    cluster_jobid: Submitted batch job 7658895

Error executing rule matrix on cluster (jobid: 35, external: Submitted batch job 7658895, jobscript: /work/frasergen/3D/work/shaojie/script/HiC/3d_model/.snakemake/tmp.fcp_d3vz/snakejob.matrix.35.sh). For error details see the cluster log and the log files of the involved rule(s).
[Fri May 10 09:55:16 2024]
Error in rule matrix:
    jobid: 65
    output: /work/frasergen/3D/work/shaojie/script/HiC/3d_model/analysis_20240510_Hi-C_3D_model/01.matrix_fill/H-Salt-F1/H-Salt-F1_filled_matrix.txt
    cluster_jobid: Submitted batch job 7658896

Error executing rule matrix on cluster (jobid: 65, external: Submitted batch job 7658896, jobscript: /work/frasergen/3D/work/shaojie/script/HiC/3d_model/.snakemake/tmp.fcp_d3vz/snakejob.matrix.65.sh). For error details see the cluster log and the log files of the involved rule(s).
[Fri May 10 09:55:16 2024]
Error in rule matrix:
    jobid: 20
    output: /work/frasergen/3D/work/shaojie/script/HiC/3d_model/analysis_20240510_Hi-C_3D_model/01.matrix_fill/H-CK-F1/H-CK-F1_filled_matrix.txt
    cluster_jobid: Submitted batch job 7658898

Error executing rule matrix on cluster (jobid: 20, external: Submitted batch job 7658898, jobscript: /work/frasergen/3D/work/shaojie/script/HiC/3d_model/.snakemake/tmp.fcp_d3vz/snakejob.matrix.20.sh). For error details see the cluster log and the log files of the involved rule(s).
[Fri May 10 09:55:16 2024]
Error in rule matrix:
    jobid: 50
    output: /work/frasergen/3D/work/shaojie/script/HiC/3d_model/analysis_20240510_Hi-C_3D_model/01.matrix_fill/H-Salt-599/H-Salt-599_filled_matrix.txt
    cluster_jobid: Submitted batch job 7658899

Error executing rule matrix on cluster (jobid: 50, external: Submitted batch job 7658899, jobscript: /work/frasergen/3D/work/shaojie/script/HiC/3d_model/.snakemake/tmp.fcp_d3vz/snakejob.matrix.50.sh). For error details see the cluster log and the log files of the involved rule(s).
Shutting down, this might take some time.
Exiting because a job execution failed. Look above for error message
Complete log: /work/frasergen/3D/work/shaojie/script/HiC/3d_model/.snakemake/log/2024-05-10T095406.882974.snakemake.log
