Building DAG of jobs...
Using shell: /usr/bin/bash
Provided cluster nodes: 24
Job stats:
job      count    min threads    max threads
-----  -------  -------------  -------------
all          1              1              1
chrom        2              1              1
gif          2              1              1
png         48              1              1
total       53              1              1

Select jobs to execute...

[Thu May 16 11:03:04 2024]
rule chrom:
    input: /work/frasergen/backup/3d/project/Interactome/240033_kcybgj_20240313/06.personal/analysis_aftersale_20240430/240033_kcybgj_20240510/02.3d_model/Delta-abrB/Delta-abrB.pdb, /work/frasergen/backup/3d/project/Interactome/240033_kcybgj_20240313/06.personal/analysis_aftersale_20240430/240033_kcybgj_20240510/02.3d_model/Delta-abrB/Delta-abrB.pml
    output: /work/frasergen/backup/3d/project/Interactome/240033_kcybgj_20240313/06.personal/analysis_aftersale_20240430/240033_kcybgj_20240510/03.gif/Delta-abrB/chrs/chr1/chr1_2.png
    jobid: 1
    wildcards: sample=Delta-abrB, chrom=chr1
    resources: mem_mb=1000, disk_mb=1000, tmpdir=/tmp

Submitted job 1 with external jobid 'Submitted batch job 7743633'.

[Thu May 16 11:03:05 2024]
rule png:
    input: /work/frasergen/backup/3d/project/Interactome/240033_kcybgj_20240313/06.personal/analysis_aftersale_20240430/240033_kcybgj_20240510/02.3d_model/Delta-abrB/Delta-abrB.pdb, /work/frasergen/backup/3d/project/Interactome/240033_kcybgj_20240313/06.personal/analysis_aftersale_20240430/240033_kcybgj_20240510/02.3d_model/Delta-abrB/Delta-abrB.pml
    output: /work/frasergen/backup/3d/project/Interactome/240033_kcybgj_20240313/06.personal/analysis_aftersale_20240430/240033_kcybgj_20240510/03.gif/Delta-abrB/pngs/fig_120.png
    jobid: 15
    wildcards: sample=Delta-abrB, batch=120
    resources: mem_mb=1000, disk_mb=1000, tmpdir=/tmp

Submitted job 15 with external jobid 'Submitted batch job 7743634'.

[Thu May 16 11:03:05 2024]
rule png:
    input: /work/frasergen/backup/3d/project/Interactome/240033_kcybgj_20240313/06.personal/analysis_aftersale_20240430/240033_kcybgj_20240510/02.3d_model/Delta-abrB/Delta-abrB.pdb, /work/frasergen/backup/3d/project/Interactome/240033_kcybgj_20240313/06.personal/analysis_aftersale_20240430/240033_kcybgj_20240510/02.3d_model/Delta-abrB/Delta-abrB.pml
    output: /work/frasergen/backup/3d/project/Interactome/240033_kcybgj_20240313/06.personal/analysis_aftersale_20240430/240033_kcybgj_20240510/03.gif/Delta-abrB/pngs/fig_190.png
    jobid: 22
    wildcards: sample=Delta-abrB, batch=190
    resources: mem_mb=1000, disk_mb=1000, tmpdir=/tmp

Submitted job 22 with external jobid 'Submitted batch job 7743635'.

[Thu May 16 11:03:05 2024]
rule png:
    input: /work/frasergen/backup/3d/project/Interactome/240033_kcybgj_20240313/06.personal/analysis_aftersale_20240430/240033_kcybgj_20240510/02.3d_model/Delta-abrB/Delta-abrB.pdb, /work/frasergen/backup/3d/project/Interactome/240033_kcybgj_20240313/06.personal/analysis_aftersale_20240430/240033_kcybgj_20240510/02.3d_model/Delta-abrB/Delta-abrB.pml
    output: /work/frasergen/backup/3d/project/Interactome/240033_kcybgj_20240313/06.personal/analysis_aftersale_20240430/240033_kcybgj_20240510/03.gif/Delta-abrB/pngs/fig_050.png
    jobid: 8
    wildcards: sample=Delta-abrB, batch=050
    resources: mem_mb=1000, disk_mb=1000, tmpdir=/tmp

Submitted job 8 with external jobid 'Submitted batch job 7743636'.

[Thu May 16 11:03:05 2024]
rule png:
    input: /work/frasergen/backup/3d/project/Interactome/240033_kcybgj_20240313/06.personal/analysis_aftersale_20240430/240033_kcybgj_20240510/02.3d_model/Delta-abrB/Delta-abrB.pdb, /work/frasergen/backup/3d/project/Interactome/240033_kcybgj_20240313/06.personal/analysis_aftersale_20240430/240033_kcybgj_20240510/02.3d_model/Delta-abrB/Delta-abrB.pml
    output: /work/frasergen/backup/3d/project/Interactome/240033_kcybgj_20240313/06.personal/analysis_aftersale_20240430/240033_kcybgj_20240510/03.gif/Delta-abrB/pngs/fig_130.png
    jobid: 16
    wildcards: sample=Delta-abrB, batch=130
    resources: mem_mb=1000, disk_mb=1000, tmpdir=/tmp

Submitted job 16 with external jobid 'Submitted batch job 7743637'.

[Thu May 16 11:03:06 2024]
rule png:
    input: /work/frasergen/backup/3d/project/Interactome/240033_kcybgj_20240313/06.personal/analysis_aftersale_20240430/240033_kcybgj_20240510/02.3d_model/Delta-abrB/Delta-abrB.pdb, /work/frasergen/backup/3d/project/Interactome/240033_kcybgj_20240313/06.personal/analysis_aftersale_20240430/240033_kcybgj_20240510/02.3d_model/Delta-abrB/Delta-abrB.pml
    output: /work/frasergen/backup/3d/project/Interactome/240033_kcybgj_20240313/06.personal/analysis_aftersale_20240430/240033_kcybgj_20240510/03.gif/Delta-abrB/pngs/fig_200.png
    jobid: 23
    wildcards: sample=Delta-abrB, batch=200
    resources: mem_mb=1000, disk_mb=1000, tmpdir=/tmp

Submitted job 23 with external jobid 'Submitted batch job 7743638'.

[Thu May 16 11:03:06 2024]
rule png:
    input: /work/frasergen/backup/3d/project/Interactome/240033_kcybgj_20240313/06.personal/analysis_aftersale_20240430/240033_kcybgj_20240510/02.3d_model/Delta-abrB/Delta-abrB.pdb, /work/frasergen/backup/3d/project/Interactome/240033_kcybgj_20240313/06.personal/analysis_aftersale_20240430/240033_kcybgj_20240510/02.3d_model/Delta-abrB/Delta-abrB.pml
    output: /work/frasergen/backup/3d/project/Interactome/240033_kcybgj_20240313/06.personal/analysis_aftersale_20240430/240033_kcybgj_20240510/03.gif/Delta-abrB/pngs/fig_060.png
    jobid: 9
    wildcards: sample=Delta-abrB, batch=060
    resources: mem_mb=1000, disk_mb=1000, tmpdir=/tmp

Submitted job 9 with external jobid 'Submitted batch job 7743639'.

[Thu May 16 11:03:06 2024]
rule png:
    input: /work/frasergen/backup/3d/project/Interactome/240033_kcybgj_20240313/06.personal/analysis_aftersale_20240430/240033_kcybgj_20240510/02.3d_model/Delta-abrB/Delta-abrB.pdb, /work/frasergen/backup/3d/project/Interactome/240033_kcybgj_20240313/06.personal/analysis_aftersale_20240430/240033_kcybgj_20240510/02.3d_model/Delta-abrB/Delta-abrB.pml
    output: /work/frasergen/backup/3d/project/Interactome/240033_kcybgj_20240313/06.personal/analysis_aftersale_20240430/240033_kcybgj_20240510/03.gif/Delta-abrB/pngs/fig_140.png
    jobid: 17
    wildcards: sample=Delta-abrB, batch=140
    resources: mem_mb=1000, disk_mb=1000, tmpdir=/tmp

Submitted job 17 with external jobid 'Submitted batch job 7743640'.

[Thu May 16 11:03:06 2024]
rule png:
    input: /work/frasergen/backup/3d/project/Interactome/240033_kcybgj_20240313/06.personal/analysis_aftersale_20240430/240033_kcybgj_20240510/02.3d_model/Delta-abrB/Delta-abrB.pdb, /work/frasergen/backup/3d/project/Interactome/240033_kcybgj_20240313/06.personal/analysis_aftersale_20240430/240033_kcybgj_20240510/02.3d_model/Delta-abrB/Delta-abrB.pml
    output: /work/frasergen/backup/3d/project/Interactome/240033_kcybgj_20240313/06.personal/analysis_aftersale_20240430/240033_kcybgj_20240510/03.gif/Delta-abrB/pngs/fig_070.png
    jobid: 10
    wildcards: sample=Delta-abrB, batch=070
    resources: mem_mb=1000, disk_mb=1000, tmpdir=/tmp

Submitted job 10 with external jobid 'Submitted batch job 7743641'.

[Thu May 16 11:03:06 2024]
rule png:
    input: /work/frasergen/backup/3d/project/Interactome/240033_kcybgj_20240313/06.personal/analysis_aftersale_20240430/240033_kcybgj_20240510/02.3d_model/Delta-abrB/Delta-abrB.pdb, /work/frasergen/backup/3d/project/Interactome/240033_kcybgj_20240313/06.personal/analysis_aftersale_20240430/240033_kcybgj_20240510/02.3d_model/Delta-abrB/Delta-abrB.pml
    output: /work/frasergen/backup/3d/project/Interactome/240033_kcybgj_20240313/06.personal/analysis_aftersale_20240430/240033_kcybgj_20240510/03.gif/Delta-abrB/pngs/fig_210.png
    jobid: 24
    wildcards: sample=Delta-abrB, batch=210
    resources: mem_mb=1000, disk_mb=1000, tmpdir=/tmp

Submitted job 24 with external jobid 'Submitted batch job 7743642'.

[Thu May 16 11:03:07 2024]
rule png:
    input: /work/frasergen/backup/3d/project/Interactome/240033_kcybgj_20240313/06.personal/analysis_aftersale_20240430/240033_kcybgj_20240510/02.3d_model/Delta-abrB/Delta-abrB.pdb, /work/frasergen/backup/3d/project/Interactome/240033_kcybgj_20240313/06.personal/analysis_aftersale_20240430/240033_kcybgj_20240510/02.3d_model/Delta-abrB/Delta-abrB.pml
    output: /work/frasergen/backup/3d/project/Interactome/240033_kcybgj_20240313/06.personal/analysis_aftersale_20240430/240033_kcybgj_20240510/03.gif/Delta-abrB/pngs/fig_150.png
    jobid: 18
    wildcards: sample=Delta-abrB, batch=150
    resources: mem_mb=1000, disk_mb=1000, tmpdir=/tmp

Submitted job 18 with external jobid 'Submitted batch job 7743643'.

[Thu May 16 11:03:07 2024]
rule png:
    input: /work/frasergen/backup/3d/project/Interactome/240033_kcybgj_20240313/06.personal/analysis_aftersale_20240430/240033_kcybgj_20240510/02.3d_model/Delta-abrB/Delta-abrB.pdb, /work/frasergen/backup/3d/project/Interactome/240033_kcybgj_20240313/06.personal/analysis_aftersale_20240430/240033_kcybgj_20240510/02.3d_model/Delta-abrB/Delta-abrB.pml
    output: /work/frasergen/backup/3d/project/Interactome/240033_kcybgj_20240313/06.personal/analysis_aftersale_20240430/240033_kcybgj_20240510/03.gif/Delta-abrB/pngs/fig_010.png
    jobid: 4
    wildcards: sample=Delta-abrB, batch=010
    resources: mem_mb=1000, disk_mb=1000, tmpdir=/tmp

Submitted job 4 with external jobid 'Submitted batch job 7743644'.

[Thu May 16 11:03:07 2024]
rule png:
    input: /work/frasergen/backup/3d/project/Interactome/240033_kcybgj_20240313/06.personal/analysis_aftersale_20240430/240033_kcybgj_20240510/02.3d_model/Delta-abrB/Delta-abrB.pdb, /work/frasergen/backup/3d/project/Interactome/240033_kcybgj_20240313/06.personal/analysis_aftersale_20240430/240033_kcybgj_20240510/02.3d_model/Delta-abrB/Delta-abrB.pml
    output: /work/frasergen/backup/3d/project/Interactome/240033_kcybgj_20240313/06.personal/analysis_aftersale_20240430/240033_kcybgj_20240510/03.gif/Delta-abrB/pngs/fig_220.png
    jobid: 25
    wildcards: sample=Delta-abrB, batch=220
    resources: mem_mb=1000, disk_mb=1000, tmpdir=/tmp

Submitted job 25 with external jobid 'Submitted batch job 7743645'.

[Thu May 16 11:03:07 2024]
rule png:
    input: /work/frasergen/backup/3d/project/Interactome/240033_kcybgj_20240313/06.personal/analysis_aftersale_20240430/240033_kcybgj_20240510/02.3d_model/Delta-abrB/Delta-abrB.pdb, /work/frasergen/backup/3d/project/Interactome/240033_kcybgj_20240313/06.personal/analysis_aftersale_20240430/240033_kcybgj_20240510/02.3d_model/Delta-abrB/Delta-abrB.pml
    output: /work/frasergen/backup/3d/project/Interactome/240033_kcybgj_20240313/06.personal/analysis_aftersale_20240430/240033_kcybgj_20240510/03.gif/Delta-abrB/pngs/fig_080.png
    jobid: 11
    wildcards: sample=Delta-abrB, batch=080
    resources: mem_mb=1000, disk_mb=1000, tmpdir=/tmp

Submitted job 11 with external jobid 'Submitted batch job 7743646'.

[Thu May 16 11:03:07 2024]
rule png:
    input: /work/frasergen/backup/3d/project/Interactome/240033_kcybgj_20240313/06.personal/analysis_aftersale_20240430/240033_kcybgj_20240510/02.3d_model/Delta-abrB/Delta-abrB.pdb, /work/frasergen/backup/3d/project/Interactome/240033_kcybgj_20240313/06.personal/analysis_aftersale_20240430/240033_kcybgj_20240510/02.3d_model/Delta-abrB/Delta-abrB.pml
    output: /work/frasergen/backup/3d/project/Interactome/240033_kcybgj_20240313/06.personal/analysis_aftersale_20240430/240033_kcybgj_20240510/03.gif/Delta-abrB/pngs/fig_020.png
    jobid: 5
    wildcards: sample=Delta-abrB, batch=020
    resources: mem_mb=1000, disk_mb=1000, tmpdir=/tmp

Submitted job 5 with external jobid 'Submitted batch job 7743647'.

[Thu May 16 11:03:08 2024]
rule png:
    input: /work/frasergen/backup/3d/project/Interactome/240033_kcybgj_20240313/06.personal/analysis_aftersale_20240430/240033_kcybgj_20240510/02.3d_model/Delta-abrB/Delta-abrB.pdb, /work/frasergen/backup/3d/project/Interactome/240033_kcybgj_20240313/06.personal/analysis_aftersale_20240430/240033_kcybgj_20240510/02.3d_model/Delta-abrB/Delta-abrB.pml
    output: /work/frasergen/backup/3d/project/Interactome/240033_kcybgj_20240313/06.personal/analysis_aftersale_20240430/240033_kcybgj_20240510/03.gif/Delta-abrB/pngs/fig_160.png
    jobid: 19
    wildcards: sample=Delta-abrB, batch=160
    resources: mem_mb=1000, disk_mb=1000, tmpdir=/tmp

Submitted job 19 with external jobid 'Submitted batch job 7743648'.

[Thu May 16 11:03:08 2024]
rule png:
    input: /work/frasergen/backup/3d/project/Interactome/240033_kcybgj_20240313/06.personal/analysis_aftersale_20240430/240033_kcybgj_20240510/02.3d_model/Delta-abrB/Delta-abrB.pdb, /work/frasergen/backup/3d/project/Interactome/240033_kcybgj_20240313/06.personal/analysis_aftersale_20240430/240033_kcybgj_20240510/02.3d_model/Delta-abrB/Delta-abrB.pml
    output: /work/frasergen/backup/3d/project/Interactome/240033_kcybgj_20240313/06.personal/analysis_aftersale_20240430/240033_kcybgj_20240510/03.gif/Delta-abrB/pngs/fig_090.png
    jobid: 12
    wildcards: sample=Delta-abrB, batch=090
    resources: mem_mb=1000, disk_mb=1000, tmpdir=/tmp

Submitted job 12 with external jobid 'Submitted batch job 7743649'.

[Thu May 16 11:03:08 2024]
rule png:
    input: /work/frasergen/backup/3d/project/Interactome/240033_kcybgj_20240313/06.personal/analysis_aftersale_20240430/240033_kcybgj_20240510/02.3d_model/Delta-abrB/Delta-abrB.pdb, /work/frasergen/backup/3d/project/Interactome/240033_kcybgj_20240313/06.personal/analysis_aftersale_20240430/240033_kcybgj_20240510/02.3d_model/Delta-abrB/Delta-abrB.pml
    output: /work/frasergen/backup/3d/project/Interactome/240033_kcybgj_20240313/06.personal/analysis_aftersale_20240430/240033_kcybgj_20240510/03.gif/Delta-abrB/pngs/fig_230.png
    jobid: 26
    wildcards: sample=Delta-abrB, batch=230
    resources: mem_mb=1000, disk_mb=1000, tmpdir=/tmp

Submitted job 26 with external jobid 'Submitted batch job 7743650'.

[Thu May 16 11:03:08 2024]
rule png:
    input: /work/frasergen/backup/3d/project/Interactome/240033_kcybgj_20240313/06.personal/analysis_aftersale_20240430/240033_kcybgj_20240510/02.3d_model/Delta-abrB/Delta-abrB.pdb, /work/frasergen/backup/3d/project/Interactome/240033_kcybgj_20240313/06.personal/analysis_aftersale_20240430/240033_kcybgj_20240510/02.3d_model/Delta-abrB/Delta-abrB.pml
    output: /work/frasergen/backup/3d/project/Interactome/240033_kcybgj_20240313/06.personal/analysis_aftersale_20240430/240033_kcybgj_20240510/03.gif/Delta-abrB/pngs/fig_030.png
    jobid: 6
    wildcards: sample=Delta-abrB, batch=030
    resources: mem_mb=1000, disk_mb=1000, tmpdir=/tmp

Submitted job 6 with external jobid 'Submitted batch job 7743651'.

[Thu May 16 11:03:09 2024]
rule png:
    input: /work/frasergen/backup/3d/project/Interactome/240033_kcybgj_20240313/06.personal/analysis_aftersale_20240430/240033_kcybgj_20240510/02.3d_model/Delta-abrB/Delta-abrB.pdb, /work/frasergen/backup/3d/project/Interactome/240033_kcybgj_20240313/06.personal/analysis_aftersale_20240430/240033_kcybgj_20240510/02.3d_model/Delta-abrB/Delta-abrB.pml
    output: /work/frasergen/backup/3d/project/Interactome/240033_kcybgj_20240313/06.personal/analysis_aftersale_20240430/240033_kcybgj_20240510/03.gif/Delta-abrB/pngs/fig_170.png
    jobid: 20
    wildcards: sample=Delta-abrB, batch=170
    resources: mem_mb=1000, disk_mb=1000, tmpdir=/tmp

Submitted job 20 with external jobid 'Submitted batch job 7743652'.

[Thu May 16 11:03:09 2024]
rule png:
    input: /work/frasergen/backup/3d/project/Interactome/240033_kcybgj_20240313/06.personal/analysis_aftersale_20240430/240033_kcybgj_20240510/02.3d_model/Delta-abrB/Delta-abrB.pdb, /work/frasergen/backup/3d/project/Interactome/240033_kcybgj_20240313/06.personal/analysis_aftersale_20240430/240033_kcybgj_20240510/02.3d_model/Delta-abrB/Delta-abrB.pml
    output: /work/frasergen/backup/3d/project/Interactome/240033_kcybgj_20240313/06.personal/analysis_aftersale_20240430/240033_kcybgj_20240510/03.gif/Delta-abrB/pngs/fig_100.png
    jobid: 13
    wildcards: sample=Delta-abrB, batch=100
    resources: mem_mb=1000, disk_mb=1000, tmpdir=/tmp

Submitted job 13 with external jobid 'Submitted batch job 7743653'.

[Thu May 16 11:03:09 2024]
rule png:
    input: /work/frasergen/backup/3d/project/Interactome/240033_kcybgj_20240313/06.personal/analysis_aftersale_20240430/240033_kcybgj_20240510/02.3d_model/Delta-abrB/Delta-abrB.pdb, /work/frasergen/backup/3d/project/Interactome/240033_kcybgj_20240313/06.personal/analysis_aftersale_20240430/240033_kcybgj_20240510/02.3d_model/Delta-abrB/Delta-abrB.pml
    output: /work/frasergen/backup/3d/project/Interactome/240033_kcybgj_20240313/06.personal/analysis_aftersale_20240430/240033_kcybgj_20240510/03.gif/Delta-abrB/pngs/fig_240.png
    jobid: 27
    wildcards: sample=Delta-abrB, batch=240
    resources: mem_mb=1000, disk_mb=1000, tmpdir=/tmp

Submitted job 27 with external jobid 'Submitted batch job 7743654'.

[Thu May 16 11:03:09 2024]
rule png:
    input: /work/frasergen/backup/3d/project/Interactome/240033_kcybgj_20240313/06.personal/analysis_aftersale_20240430/240033_kcybgj_20240510/02.3d_model/Delta-abrB/Delta-abrB.pdb, /work/frasergen/backup/3d/project/Interactome/240033_kcybgj_20240313/06.personal/analysis_aftersale_20240430/240033_kcybgj_20240510/02.3d_model/Delta-abrB/Delta-abrB.pml
    output: /work/frasergen/backup/3d/project/Interactome/240033_kcybgj_20240313/06.personal/analysis_aftersale_20240430/240033_kcybgj_20240510/03.gif/Delta-abrB/pngs/fig_040.png
    jobid: 7
    wildcards: sample=Delta-abrB, batch=040
    resources: mem_mb=1000, disk_mb=1000, tmpdir=/tmp

Submitted job 7 with external jobid 'Submitted batch job 7743655'.

[Thu May 16 11:03:10 2024]
rule png:
    input: /work/frasergen/backup/3d/project/Interactome/240033_kcybgj_20240313/06.personal/analysis_aftersale_20240430/240033_kcybgj_20240510/02.3d_model/Delta-abrB/Delta-abrB.pdb, /work/frasergen/backup/3d/project/Interactome/240033_kcybgj_20240313/06.personal/analysis_aftersale_20240430/240033_kcybgj_20240510/02.3d_model/Delta-abrB/Delta-abrB.pml
    output: /work/frasergen/backup/3d/project/Interactome/240033_kcybgj_20240313/06.personal/analysis_aftersale_20240430/240033_kcybgj_20240510/03.gif/Delta-abrB/pngs/fig_180.png
    jobid: 21
    wildcards: sample=Delta-abrB, batch=180
    resources: mem_mb=1000, disk_mb=1000, tmpdir=/tmp

Submitted job 21 with external jobid 'Submitted batch job 7743656'.
[Thu May 16 11:05:14 2024]
Finished job 1.
1 of 53 steps (2%) done
Select jobs to execute...

[Thu May 16 11:05:14 2024]
rule png:
    input: /work/frasergen/backup/3d/project/Interactome/240033_kcybgj_20240313/06.personal/analysis_aftersale_20240430/240033_kcybgj_20240510/02.3d_model/Delta-abrB/Delta-abrB.pdb, /work/frasergen/backup/3d/project/Interactome/240033_kcybgj_20240313/06.personal/analysis_aftersale_20240430/240033_kcybgj_20240510/02.3d_model/Delta-abrB/Delta-abrB.pml
    output: /work/frasergen/backup/3d/project/Interactome/240033_kcybgj_20240313/06.personal/analysis_aftersale_20240430/240033_kcybgj_20240510/03.gif/Delta-abrB/pngs/fig_110.png
    jobid: 14
    wildcards: sample=Delta-abrB, batch=110
    resources: mem_mb=1000, disk_mb=1000, tmpdir=/tmp

Submitted job 14 with external jobid 'Submitted batch job 7743667'.
[Thu May 16 11:13:03 2024]
Finished job 15.
2 of 53 steps (4%) done
Select jobs to execute...

[Thu May 16 11:13:03 2024]
rule png:
    input: /work/frasergen/backup/3d/project/Interactome/240033_kcybgj_20240313/06.personal/analysis_aftersale_20240430/240033_kcybgj_20240510/02.3d_model/Bs168/Bs168.pdb, /work/frasergen/backup/3d/project/Interactome/240033_kcybgj_20240313/06.personal/analysis_aftersale_20240430/240033_kcybgj_20240510/02.3d_model/Bs168/Bs168.pml
    output: /work/frasergen/backup/3d/project/Interactome/240033_kcybgj_20240313/06.personal/analysis_aftersale_20240430/240033_kcybgj_20240510/03.gif/Bs168/pngs/fig_010.png
    jobid: 29
    wildcards: sample=Bs168, batch=010
    resources: mem_mb=1000, disk_mb=1000, tmpdir=/tmp

Submitted job 29 with external jobid 'Submitted batch job 7743694'.
[Thu May 16 11:14:16 2024]
Finished job 4.
3 of 53 steps (6%) done
Select jobs to execute...

[Thu May 16 11:14:16 2024]
rule png:
    input: /work/frasergen/backup/3d/project/Interactome/240033_kcybgj_20240313/06.personal/analysis_aftersale_20240430/240033_kcybgj_20240510/02.3d_model/Bs168/Bs168.pdb, /work/frasergen/backup/3d/project/Interactome/240033_kcybgj_20240313/06.personal/analysis_aftersale_20240430/240033_kcybgj_20240510/02.3d_model/Bs168/Bs168.pml
    output: /work/frasergen/backup/3d/project/Interactome/240033_kcybgj_20240313/06.personal/analysis_aftersale_20240430/240033_kcybgj_20240510/03.gif/Bs168/pngs/fig_150.png
    jobid: 43
    wildcards: sample=Bs168, batch=150
    resources: mem_mb=1000, disk_mb=1000, tmpdir=/tmp

Submitted job 43 with external jobid 'Submitted batch job 7743708'.
[Thu May 16 11:14:27 2024]
Finished job 16.
4 of 53 steps (8%) done
Select jobs to execute...

[Thu May 16 11:14:27 2024]
rule png:
    input: /work/frasergen/backup/3d/project/Interactome/240033_kcybgj_20240313/06.personal/analysis_aftersale_20240430/240033_kcybgj_20240510/02.3d_model/Bs168/Bs168.pdb, /work/frasergen/backup/3d/project/Interactome/240033_kcybgj_20240313/06.personal/analysis_aftersale_20240430/240033_kcybgj_20240510/02.3d_model/Bs168/Bs168.pml
    output: /work/frasergen/backup/3d/project/Interactome/240033_kcybgj_20240313/06.personal/analysis_aftersale_20240430/240033_kcybgj_20240510/03.gif/Bs168/pngs/fig_220.png
    jobid: 50
    wildcards: sample=Bs168, batch=220
    resources: mem_mb=1000, disk_mb=1000, tmpdir=/tmp

Submitted job 50 with external jobid 'Submitted batch job 7743721'.
[Thu May 16 11:14:28 2024]
Finished job 5.
5 of 53 steps (9%) done
Select jobs to execute...

[Thu May 16 11:14:28 2024]
rule png:
    input: /work/frasergen/backup/3d/project/Interactome/240033_kcybgj_20240313/06.personal/analysis_aftersale_20240430/240033_kcybgj_20240510/02.3d_model/Bs168/Bs168.pdb, /work/frasergen/backup/3d/project/Interactome/240033_kcybgj_20240313/06.personal/analysis_aftersale_20240430/240033_kcybgj_20240510/02.3d_model/Bs168/Bs168.pml
    output: /work/frasergen/backup/3d/project/Interactome/240033_kcybgj_20240313/06.personal/analysis_aftersale_20240430/240033_kcybgj_20240510/03.gif/Bs168/pngs/fig_080.png
    jobid: 36
    wildcards: sample=Bs168, batch=080
    resources: mem_mb=1000, disk_mb=1000, tmpdir=/tmp

Submitted job 36 with external jobid 'Submitted batch job 7743722'.
[Thu May 16 11:14:28 2024]
Finished job 12.
6 of 53 steps (11%) done
Select jobs to execute...

[Thu May 16 11:14:28 2024]
rule png:
    input: /work/frasergen/backup/3d/project/Interactome/240033_kcybgj_20240313/06.personal/analysis_aftersale_20240430/240033_kcybgj_20240510/02.3d_model/Bs168/Bs168.pdb, /work/frasergen/backup/3d/project/Interactome/240033_kcybgj_20240313/06.personal/analysis_aftersale_20240430/240033_kcybgj_20240510/02.3d_model/Bs168/Bs168.pml
    output: /work/frasergen/backup/3d/project/Interactome/240033_kcybgj_20240313/06.personal/analysis_aftersale_20240430/240033_kcybgj_20240510/03.gif/Bs168/pngs/fig_160.png
    jobid: 44
    wildcards: sample=Bs168, batch=160
    resources: mem_mb=1000, disk_mb=1000, tmpdir=/tmp

Submitted job 44 with external jobid 'Submitted batch job 7743723'.
[Thu May 16 11:14:29 2024]
Finished job 13.
7 of 53 steps (13%) done
Select jobs to execute...

[Thu May 16 11:14:29 2024]
rule chrom:
    input: /work/frasergen/backup/3d/project/Interactome/240033_kcybgj_20240313/06.personal/analysis_aftersale_20240430/240033_kcybgj_20240510/02.3d_model/Bs168/Bs168.pdb, /work/frasergen/backup/3d/project/Interactome/240033_kcybgj_20240313/06.personal/analysis_aftersale_20240430/240033_kcybgj_20240510/02.3d_model/Bs168/Bs168.pml
    output: /work/frasergen/backup/3d/project/Interactome/240033_kcybgj_20240313/06.personal/analysis_aftersale_20240430/240033_kcybgj_20240510/03.gif/Bs168/chrs/chr1/chr1_2.png
    jobid: 2
    wildcards: sample=Bs168, chrom=chr1
    resources: mem_mb=1000, disk_mb=1000, tmpdir=/tmp

Submitted job 2 with external jobid 'Submitted batch job 7743724'.
[Thu May 16 11:14:29 2024]
Finished job 27.
8 of 53 steps (15%) done
Select jobs to execute...

[Thu May 16 11:14:29 2024]
rule png:
    input: /work/frasergen/backup/3d/project/Interactome/240033_kcybgj_20240313/06.personal/analysis_aftersale_20240430/240033_kcybgj_20240510/02.3d_model/Bs168/Bs168.pdb, /work/frasergen/backup/3d/project/Interactome/240033_kcybgj_20240313/06.personal/analysis_aftersale_20240430/240033_kcybgj_20240510/02.3d_model/Bs168/Bs168.pml
    output: /work/frasergen/backup/3d/project/Interactome/240033_kcybgj_20240313/06.personal/analysis_aftersale_20240430/240033_kcybgj_20240510/03.gif/Bs168/pngs/fig_020.png
    jobid: 30
    wildcards: sample=Bs168, batch=020
    resources: mem_mb=1000, disk_mb=1000, tmpdir=/tmp

Submitted job 30 with external jobid 'Submitted batch job 7743725'.
[Thu May 16 11:14:52 2024]
Finished job 6.
9 of 53 steps (17%) done
Select jobs to execute...

[Thu May 16 11:14:52 2024]
rule png:
    input: /work/frasergen/backup/3d/project/Interactome/240033_kcybgj_20240313/06.personal/analysis_aftersale_20240430/240033_kcybgj_20240510/02.3d_model/Bs168/Bs168.pdb, /work/frasergen/backup/3d/project/Interactome/240033_kcybgj_20240313/06.personal/analysis_aftersale_20240430/240033_kcybgj_20240510/02.3d_model/Bs168/Bs168.pml
    output: /work/frasergen/backup/3d/project/Interactome/240033_kcybgj_20240313/06.personal/analysis_aftersale_20240430/240033_kcybgj_20240510/03.gif/Bs168/pngs/fig_090.png
    jobid: 37
    wildcards: sample=Bs168, batch=090
    resources: mem_mb=1000, disk_mb=1000, tmpdir=/tmp

Submitted job 37 with external jobid 'Submitted batch job 7743726'.
[Thu May 16 11:15:04 2024]
Finished job 9.
10 of 53 steps (19%) done
Select jobs to execute...

[Thu May 16 11:15:04 2024]
rule png:
    input: /work/frasergen/backup/3d/project/Interactome/240033_kcybgj_20240313/06.personal/analysis_aftersale_20240430/240033_kcybgj_20240510/02.3d_model/Bs168/Bs168.pdb, /work/frasergen/backup/3d/project/Interactome/240033_kcybgj_20240313/06.personal/analysis_aftersale_20240430/240033_kcybgj_20240510/02.3d_model/Bs168/Bs168.pml
    output: /work/frasergen/backup/3d/project/Interactome/240033_kcybgj_20240313/06.personal/analysis_aftersale_20240430/240033_kcybgj_20240510/03.gif/Bs168/pngs/fig_030.png
    jobid: 31
    wildcards: sample=Bs168, batch=030
    resources: mem_mb=1000, disk_mb=1000, tmpdir=/tmp

Submitted job 31 with external jobid 'Submitted batch job 7743728'.
[Thu May 16 11:15:04 2024]
Finished job 17.
11 of 53 steps (21%) done
[Thu May 16 11:15:05 2024]
Finished job 18.
12 of 53 steps (23%) done
[Thu May 16 11:15:05 2024]
Finished job 11.
13 of 53 steps (25%) done
Select jobs to execute...

[Thu May 16 11:15:05 2024]
rule png:
    input: /work/frasergen/backup/3d/project/Interactome/240033_kcybgj_20240313/06.personal/analysis_aftersale_20240430/240033_kcybgj_20240510/02.3d_model/Bs168/Bs168.pdb, /work/frasergen/backup/3d/project/Interactome/240033_kcybgj_20240313/06.personal/analysis_aftersale_20240430/240033_kcybgj_20240510/02.3d_model/Bs168/Bs168.pml
    output: /work/frasergen/backup/3d/project/Interactome/240033_kcybgj_20240313/06.personal/analysis_aftersale_20240430/240033_kcybgj_20240510/03.gif/Bs168/pngs/fig_100.png
    jobid: 38
    wildcards: sample=Bs168, batch=100
    resources: mem_mb=1000, disk_mb=1000, tmpdir=/tmp

Submitted job 38 with external jobid 'Submitted batch job 7743729'.

[Thu May 16 11:15:05 2024]
rule png:
    input: /work/frasergen/backup/3d/project/Interactome/240033_kcybgj_20240313/06.personal/analysis_aftersale_20240430/240033_kcybgj_20240510/02.3d_model/Bs168/Bs168.pdb, /work/frasergen/backup/3d/project/Interactome/240033_kcybgj_20240313/06.personal/analysis_aftersale_20240430/240033_kcybgj_20240510/02.3d_model/Bs168/Bs168.pml
    output: /work/frasergen/backup/3d/project/Interactome/240033_kcybgj_20240313/06.personal/analysis_aftersale_20240430/240033_kcybgj_20240510/03.gif/Bs168/pngs/fig_200.png
    jobid: 48
    wildcards: sample=Bs168, batch=200
    resources: mem_mb=1000, disk_mb=1000, tmpdir=/tmp

Submitted job 48 with external jobid 'Submitted batch job 7743730'.

[Thu May 16 11:15:05 2024]
rule png:
    input: /work/frasergen/backup/3d/project/Interactome/240033_kcybgj_20240313/06.personal/analysis_aftersale_20240430/240033_kcybgj_20240510/02.3d_model/Bs168/Bs168.pdb, /work/frasergen/backup/3d/project/Interactome/240033_kcybgj_20240313/06.personal/analysis_aftersale_20240430/240033_kcybgj_20240510/02.3d_model/Bs168/Bs168.pml
    output: /work/frasergen/backup/3d/project/Interactome/240033_kcybgj_20240313/06.personal/analysis_aftersale_20240430/240033_kcybgj_20240510/03.gif/Bs168/pngs/fig_170.png
    jobid: 45
    wildcards: sample=Bs168, batch=170
    resources: mem_mb=1000, disk_mb=1000, tmpdir=/tmp

Submitted job 45 with external jobid 'Submitted batch job 7743731'.
Select jobs to execute...
[Thu May 16 11:15:16 2024]
Finished job 25.
14 of 53 steps (26%) done

[Thu May 16 11:15:16 2024]
rule png:
    input: /work/frasergen/backup/3d/project/Interactome/240033_kcybgj_20240313/06.personal/analysis_aftersale_20240430/240033_kcybgj_20240510/02.3d_model/Bs168/Bs168.pdb, /work/frasergen/backup/3d/project/Interactome/240033_kcybgj_20240313/06.personal/analysis_aftersale_20240430/240033_kcybgj_20240510/02.3d_model/Bs168/Bs168.pml
    output: /work/frasergen/backup/3d/project/Interactome/240033_kcybgj_20240313/06.personal/analysis_aftersale_20240430/240033_kcybgj_20240510/03.gif/Bs168/pngs/fig_240.png
    jobid: 52
    wildcards: sample=Bs168, batch=240
    resources: mem_mb=1000, disk_mb=1000, tmpdir=/tmp

Submitted job 52 with external jobid 'Submitted batch job 7743732'.
[Thu May 16 11:15:28 2024]
Finished job 23.
15 of 53 steps (28%) done
Select jobs to execute...

[Thu May 16 11:15:28 2024]
rule png:
    input: /work/frasergen/backup/3d/project/Interactome/240033_kcybgj_20240313/06.personal/analysis_aftersale_20240430/240033_kcybgj_20240510/02.3d_model/Bs168/Bs168.pdb, /work/frasergen/backup/3d/project/Interactome/240033_kcybgj_20240313/06.personal/analysis_aftersale_20240430/240033_kcybgj_20240510/02.3d_model/Bs168/Bs168.pml
    output: /work/frasergen/backup/3d/project/Interactome/240033_kcybgj_20240313/06.personal/analysis_aftersale_20240430/240033_kcybgj_20240510/03.gif/Bs168/pngs/fig_050.png
    jobid: 33
    wildcards: sample=Bs168, batch=050
    resources: mem_mb=1000, disk_mb=1000, tmpdir=/tmp

Submitted job 33 with external jobid 'Submitted batch job 7743735'.
[Thu May 16 11:15:29 2024]
Finished job 10.
16 of 53 steps (30%) done
[Thu May 16 11:15:29 2024]
Finished job 24.
17 of 53 steps (32%) done
[Thu May 16 11:15:29 2024]
Finished job 26.
18 of 53 steps (34%) done
Select jobs to execute...

[Thu May 16 11:15:29 2024]
rule png:
    input: /work/frasergen/backup/3d/project/Interactome/240033_kcybgj_20240313/06.personal/analysis_aftersale_20240430/240033_kcybgj_20240510/02.3d_model/Bs168/Bs168.pdb, /work/frasergen/backup/3d/project/Interactome/240033_kcybgj_20240313/06.personal/analysis_aftersale_20240430/240033_kcybgj_20240510/02.3d_model/Bs168/Bs168.pml
    output: /work/frasergen/backup/3d/project/Interactome/240033_kcybgj_20240313/06.personal/analysis_aftersale_20240430/240033_kcybgj_20240510/03.gif/Bs168/pngs/fig_190.png
    jobid: 47
    wildcards: sample=Bs168, batch=190
    resources: mem_mb=1000, disk_mb=1000, tmpdir=/tmp

Submitted job 47 with external jobid 'Submitted batch job 7743736'.

[Thu May 16 11:15:29 2024]
rule png:
    input: /work/frasergen/backup/3d/project/Interactome/240033_kcybgj_20240313/06.personal/analysis_aftersale_20240430/240033_kcybgj_20240510/02.3d_model/Bs168/Bs168.pdb, /work/frasergen/backup/3d/project/Interactome/240033_kcybgj_20240313/06.personal/analysis_aftersale_20240430/240033_kcybgj_20240510/02.3d_model/Bs168/Bs168.pml
    output: /work/frasergen/backup/3d/project/Interactome/240033_kcybgj_20240313/06.personal/analysis_aftersale_20240430/240033_kcybgj_20240510/03.gif/Bs168/pngs/fig_120.png
    jobid: 40
    wildcards: sample=Bs168, batch=120
    resources: mem_mb=1000, disk_mb=1000, tmpdir=/tmp

Submitted job 40 with external jobid 'Submitted batch job 7743737'.

[Thu May 16 11:15:29 2024]
rule png:
    input: /work/frasergen/backup/3d/project/Interactome/240033_kcybgj_20240313/06.personal/analysis_aftersale_20240430/240033_kcybgj_20240510/02.3d_model/Bs168/Bs168.pdb, /work/frasergen/backup/3d/project/Interactome/240033_kcybgj_20240313/06.personal/analysis_aftersale_20240430/240033_kcybgj_20240510/02.3d_model/Bs168/Bs168.pml
    output: /work/frasergen/backup/3d/project/Interactome/240033_kcybgj_20240313/06.personal/analysis_aftersale_20240430/240033_kcybgj_20240510/03.gif/Bs168/pngs/fig_070.png
    jobid: 35
    wildcards: sample=Bs168, batch=070
    resources: mem_mb=1000, disk_mb=1000, tmpdir=/tmp

Submitted job 35 with external jobid 'Submitted batch job 7743738'.
Select jobs to execute...
[Thu May 16 11:15:52 2024]
Finished job 22.
19 of 53 steps (36%) done

[Thu May 16 11:15:52 2024]
rule png:
    input: /work/frasergen/backup/3d/project/Interactome/240033_kcybgj_20240313/06.personal/analysis_aftersale_20240430/240033_kcybgj_20240510/02.3d_model/Bs168/Bs168.pdb, /work/frasergen/backup/3d/project/Interactome/240033_kcybgj_20240313/06.personal/analysis_aftersale_20240430/240033_kcybgj_20240510/02.3d_model/Bs168/Bs168.pml
    output: /work/frasergen/backup/3d/project/Interactome/240033_kcybgj_20240313/06.personal/analysis_aftersale_20240430/240033_kcybgj_20240510/03.gif/Bs168/pngs/fig_210.png
    jobid: 49
    wildcards: sample=Bs168, batch=210
    resources: mem_mb=1000, disk_mb=1000, tmpdir=/tmp

Submitted job 49 with external jobid 'Submitted batch job 7743744'.
[Thu May 16 11:15:53 2024]
Finished job 8.
20 of 53 steps (38%) done
[Thu May 16 11:15:53 2024]
Finished job 19.
21 of 53 steps (40%) done
Select jobs to execute...

[Thu May 16 11:15:53 2024]
rule png:
    input: /work/frasergen/backup/3d/project/Interactome/240033_kcybgj_20240313/06.personal/analysis_aftersale_20240430/240033_kcybgj_20240510/02.3d_model/Bs168/Bs168.pdb, /work/frasergen/backup/3d/project/Interactome/240033_kcybgj_20240313/06.personal/analysis_aftersale_20240430/240033_kcybgj_20240510/02.3d_model/Bs168/Bs168.pml
    output: /work/frasergen/backup/3d/project/Interactome/240033_kcybgj_20240313/06.personal/analysis_aftersale_20240430/240033_kcybgj_20240510/03.gif/Bs168/pngs/fig_140.png
    jobid: 42
    wildcards: sample=Bs168, batch=140
    resources: mem_mb=1000, disk_mb=1000, tmpdir=/tmp

Submitted job 42 with external jobid 'Submitted batch job 7743745'.

[Thu May 16 11:15:53 2024]
rule png:
    input: /work/frasergen/backup/3d/project/Interactome/240033_kcybgj_20240313/06.personal/analysis_aftersale_20240430/240033_kcybgj_20240510/02.3d_model/Bs168/Bs168.pdb, /work/frasergen/backup/3d/project/Interactome/240033_kcybgj_20240313/06.personal/analysis_aftersale_20240430/240033_kcybgj_20240510/02.3d_model/Bs168/Bs168.pml
    output: /work/frasergen/backup/3d/project/Interactome/240033_kcybgj_20240313/06.personal/analysis_aftersale_20240430/240033_kcybgj_20240510/03.gif/Bs168/pngs/fig_180.png
    jobid: 46
    wildcards: sample=Bs168, batch=180
    resources: mem_mb=1000, disk_mb=1000, tmpdir=/tmp

Submitted job 46 with external jobid 'Submitted batch job 7743746'.
Select jobs to execute...
[Thu May 16 11:16:04 2024]
Finished job 7.
22 of 53 steps (42%) done

[Thu May 16 11:16:04 2024]
rule png:
    input: /work/frasergen/backup/3d/project/Interactome/240033_kcybgj_20240313/06.personal/analysis_aftersale_20240430/240033_kcybgj_20240510/02.3d_model/Bs168/Bs168.pdb, /work/frasergen/backup/3d/project/Interactome/240033_kcybgj_20240313/06.personal/analysis_aftersale_20240430/240033_kcybgj_20240510/02.3d_model/Bs168/Bs168.pml
    output: /work/frasergen/backup/3d/project/Interactome/240033_kcybgj_20240313/06.personal/analysis_aftersale_20240430/240033_kcybgj_20240510/03.gif/Bs168/pngs/fig_230.png
    jobid: 51
    wildcards: sample=Bs168, batch=230
    resources: mem_mb=1000, disk_mb=1000, tmpdir=/tmp

Submitted job 51 with external jobid 'Submitted batch job 7743748'.
[Thu May 16 11:16:17 2024]
Finished job 2.
23 of 53 steps (43%) done
Select jobs to execute...

[Thu May 16 11:16:17 2024]
rule png:
    input: /work/frasergen/backup/3d/project/Interactome/240033_kcybgj_20240313/06.personal/analysis_aftersale_20240430/240033_kcybgj_20240510/02.3d_model/Bs168/Bs168.pdb, /work/frasergen/backup/3d/project/Interactome/240033_kcybgj_20240313/06.personal/analysis_aftersale_20240430/240033_kcybgj_20240510/02.3d_model/Bs168/Bs168.pml
    output: /work/frasergen/backup/3d/project/Interactome/240033_kcybgj_20240313/06.personal/analysis_aftersale_20240430/240033_kcybgj_20240510/03.gif/Bs168/pngs/fig_040.png
    jobid: 32
    wildcards: sample=Bs168, batch=040
    resources: mem_mb=1000, disk_mb=1000, tmpdir=/tmp

Submitted job 32 with external jobid 'Submitted batch job 7743751'.
[Thu May 16 11:16:40 2024]
Finished job 14.
24 of 53 steps (45%) done
Select jobs to execute...

[Thu May 16 11:16:40 2024]
rule png:
    input: /work/frasergen/backup/3d/project/Interactome/240033_kcybgj_20240313/06.personal/analysis_aftersale_20240430/240033_kcybgj_20240510/02.3d_model/Bs168/Bs168.pdb, /work/frasergen/backup/3d/project/Interactome/240033_kcybgj_20240313/06.personal/analysis_aftersale_20240430/240033_kcybgj_20240510/02.3d_model/Bs168/Bs168.pml
    output: /work/frasergen/backup/3d/project/Interactome/240033_kcybgj_20240313/06.personal/analysis_aftersale_20240430/240033_kcybgj_20240510/03.gif/Bs168/pngs/fig_110.png
    jobid: 39
    wildcards: sample=Bs168, batch=110
    resources: mem_mb=1000, disk_mb=1000, tmpdir=/tmp

Submitted job 39 with external jobid 'Submitted batch job 7743752'.
[Thu May 16 11:16:53 2024]
Finished job 20.
25 of 53 steps (47%) done
Select jobs to execute...

[Thu May 16 11:16:53 2024]
rule png:
    input: /work/frasergen/backup/3d/project/Interactome/240033_kcybgj_20240313/06.personal/analysis_aftersale_20240430/240033_kcybgj_20240510/02.3d_model/Bs168/Bs168.pdb, /work/frasergen/backup/3d/project/Interactome/240033_kcybgj_20240313/06.personal/analysis_aftersale_20240430/240033_kcybgj_20240510/02.3d_model/Bs168/Bs168.pml
    output: /work/frasergen/backup/3d/project/Interactome/240033_kcybgj_20240313/06.personal/analysis_aftersale_20240430/240033_kcybgj_20240510/03.gif/Bs168/pngs/fig_060.png
    jobid: 34
    wildcards: sample=Bs168, batch=060
    resources: mem_mb=1000, disk_mb=1000, tmpdir=/tmp

Submitted job 34 with external jobid 'Submitted batch job 7743753'.
[Thu May 16 11:17:05 2024]
Finished job 21.
26 of 53 steps (49%) done
Select jobs to execute...

[Thu May 16 11:17:05 2024]
rule gif:
    input: /work/frasergen/backup/3d/project/Interactome/240033_kcybgj_20240313/06.personal/analysis_aftersale_20240430/240033_kcybgj_20240510/03.gif/Delta-abrB/pngs/fig_010.png, /work/frasergen/backup/3d/project/Interactome/240033_kcybgj_20240313/06.personal/analysis_aftersale_20240430/240033_kcybgj_20240510/03.gif/Delta-abrB/pngs/fig_020.png, /work/frasergen/backup/3d/project/Interactome/240033_kcybgj_20240313/06.personal/analysis_aftersale_20240430/240033_kcybgj_20240510/03.gif/Delta-abrB/pngs/fig_030.png, /work/frasergen/backup/3d/project/Interactome/240033_kcybgj_20240313/06.personal/analysis_aftersale_20240430/240033_kcybgj_20240510/03.gif/Delta-abrB/pngs/fig_040.png, /work/frasergen/backup/3d/project/Interactome/240033_kcybgj_20240313/06.personal/analysis_aftersale_20240430/240033_kcybgj_20240510/03.gif/Delta-abrB/pngs/fig_050.png, /work/frasergen/backup/3d/project/Interactome/240033_kcybgj_20240313/06.personal/analysis_aftersale_20240430/240033_kcybgj_20240510/03.gif/Delta-abrB/pngs/fig_060.png, /work/frasergen/backup/3d/project/Interactome/240033_kcybgj_20240313/06.personal/analysis_aftersale_20240430/240033_kcybgj_20240510/03.gif/Delta-abrB/pngs/fig_070.png, /work/frasergen/backup/3d/project/Interactome/240033_kcybgj_20240313/06.personal/analysis_aftersale_20240430/240033_kcybgj_20240510/03.gif/Delta-abrB/pngs/fig_080.png, /work/frasergen/backup/3d/project/Interactome/240033_kcybgj_20240313/06.personal/analysis_aftersale_20240430/240033_kcybgj_20240510/03.gif/Delta-abrB/pngs/fig_090.png, /work/frasergen/backup/3d/project/Interactome/240033_kcybgj_20240313/06.personal/analysis_aftersale_20240430/240033_kcybgj_20240510/03.gif/Delta-abrB/pngs/fig_100.png, /work/frasergen/backup/3d/project/Interactome/240033_kcybgj_20240313/06.personal/analysis_aftersale_20240430/240033_kcybgj_20240510/03.gif/Delta-abrB/pngs/fig_110.png, /work/frasergen/backup/3d/project/Interactome/240033_kcybgj_20240313/06.personal/analysis_aftersale_20240430/240033_kcybgj_20240510/03.gif/Delta-abrB/pngs/fig_120.png, /work/frasergen/backup/3d/project/Interactome/240033_kcybgj_20240313/06.personal/analysis_aftersale_20240430/240033_kcybgj_20240510/03.gif/Delta-abrB/pngs/fig_130.png, /work/frasergen/backup/3d/project/Interactome/240033_kcybgj_20240313/06.personal/analysis_aftersale_20240430/240033_kcybgj_20240510/03.gif/Delta-abrB/pngs/fig_140.png, /work/frasergen/backup/3d/project/Interactome/240033_kcybgj_20240313/06.personal/analysis_aftersale_20240430/240033_kcybgj_20240510/03.gif/Delta-abrB/pngs/fig_150.png, /work/frasergen/backup/3d/project/Interactome/240033_kcybgj_20240313/06.personal/analysis_aftersale_20240430/240033_kcybgj_20240510/03.gif/Delta-abrB/pngs/fig_160.png, /work/frasergen/backup/3d/project/Interactome/240033_kcybgj_20240313/06.personal/analysis_aftersale_20240430/240033_kcybgj_20240510/03.gif/Delta-abrB/pngs/fig_170.png, /work/frasergen/backup/3d/project/Interactome/240033_kcybgj_20240313/06.personal/analysis_aftersale_20240430/240033_kcybgj_20240510/03.gif/Delta-abrB/pngs/fig_180.png, /work/frasergen/backup/3d/project/Interactome/240033_kcybgj_20240313/06.personal/analysis_aftersale_20240430/240033_kcybgj_20240510/03.gif/Delta-abrB/pngs/fig_190.png, /work/frasergen/backup/3d/project/Interactome/240033_kcybgj_20240313/06.personal/analysis_aftersale_20240430/240033_kcybgj_20240510/03.gif/Delta-abrB/pngs/fig_200.png, /work/frasergen/backup/3d/project/Interactome/240033_kcybgj_20240313/06.personal/analysis_aftersale_20240430/240033_kcybgj_20240510/03.gif/Delta-abrB/pngs/fig_210.png, /work/frasergen/backup/3d/project/Interactome/240033_kcybgj_20240313/06.personal/analysis_aftersale_20240430/240033_kcybgj_20240510/03.gif/Delta-abrB/pngs/fig_220.png, /work/frasergen/backup/3d/project/Interactome/240033_kcybgj_20240313/06.personal/analysis_aftersale_20240430/240033_kcybgj_20240510/03.gif/Delta-abrB/pngs/fig_230.png, /work/frasergen/backup/3d/project/Interactome/240033_kcybgj_20240313/06.personal/analysis_aftersale_20240430/240033_kcybgj_20240510/03.gif/Delta-abrB/pngs/fig_240.png
    output: /work/frasergen/backup/3d/project/Interactome/240033_kcybgj_20240313/06.personal/analysis_aftersale_20240430/240033_kcybgj_20240510/03.gif/Delta-abrB/Delta-abrB.gif, /work/frasergen/backup/3d/project/Interactome/240033_kcybgj_20240313/06.personal/analysis_aftersale_20240430/240033_kcybgj_20240510/03.gif/Delta-abrB/Delta-abrB.mp4
    jobid: 3
    wildcards: sample=Delta-abrB
    resources: mem_mb=1000, disk_mb=1000, tmpdir=/tmp

Submitted job 3 with external jobid 'Submitted batch job 7743754'.
[Thu May 16 11:17:52 2024]
Finished job 3.
27 of 53 steps (51%) done
Select jobs to execute...

[Thu May 16 11:17:52 2024]
rule png:
    input: /work/frasergen/backup/3d/project/Interactome/240033_kcybgj_20240313/06.personal/analysis_aftersale_20240430/240033_kcybgj_20240510/02.3d_model/Bs168/Bs168.pdb, /work/frasergen/backup/3d/project/Interactome/240033_kcybgj_20240313/06.personal/analysis_aftersale_20240430/240033_kcybgj_20240510/02.3d_model/Bs168/Bs168.pml
    output: /work/frasergen/backup/3d/project/Interactome/240033_kcybgj_20240313/06.personal/analysis_aftersale_20240430/240033_kcybgj_20240510/03.gif/Bs168/pngs/fig_130.png
    jobid: 41
    wildcards: sample=Bs168, batch=130
    resources: mem_mb=1000, disk_mb=1000, tmpdir=/tmp

Submitted job 41 with external jobid 'Submitted batch job 7743767'.
[Thu May 16 11:25:41 2024]
Finished job 36.
28 of 53 steps (53%) done
[Thu May 16 11:25:53 2024]
Finished job 43.
29 of 53 steps (55%) done
[Thu May 16 11:26:17 2024]
Finished job 29.
30 of 53 steps (57%) done
[Thu May 16 11:26:29 2024]
Finished job 50.
31 of 53 steps (58%) done
[Thu May 16 11:26:41 2024]
Finished job 44.
32 of 53 steps (60%) done
[Thu May 16 11:26:54 2024]
Finished job 37.
33 of 53 steps (62%) done
[Thu May 16 11:27:16 2024]
Finished job 30.
34 of 53 steps (64%) done
[Thu May 16 11:27:38 2024]
Finished job 52.
35 of 53 steps (66%) done
[Thu May 16 11:28:00 2024]
Finished job 38.
36 of 53 steps (68%) done
[Thu May 16 11:28:11 2024]
Finished job 31.
37 of 53 steps (70%) done
[Thu May 16 11:28:21 2024]
Finished job 40.
38 of 53 steps (72%) done
[Thu May 16 11:28:22 2024]
Finished job 48.
39 of 53 steps (74%) done
[Thu May 16 11:28:32 2024]
Finished job 42.
40 of 53 steps (75%) done
[Thu May 16 11:28:32 2024]
Finished job 45.
41 of 53 steps (77%) done
[Thu May 16 11:28:33 2024]
Finished job 35.
42 of 53 steps (79%) done
[Thu May 16 11:28:43 2024]
Finished job 41.
43 of 53 steps (81%) done
[Thu May 16 11:28:43 2024]
Finished job 32.
44 of 53 steps (83%) done
[Thu May 16 11:28:53 2024]
Finished job 49.
45 of 53 steps (85%) done
[Thu May 16 11:28:53 2024]
Finished job 47.
46 of 53 steps (87%) done
[Thu May 16 11:29:03 2024]
Finished job 34.
47 of 53 steps (89%) done
[Thu May 16 11:29:13 2024]
Finished job 39.
48 of 53 steps (91%) done
[Thu May 16 11:29:13 2024]
Finished job 51.
49 of 53 steps (92%) done
[Thu May 16 11:29:23 2024]
Finished job 33.
50 of 53 steps (94%) done
[Thu May 16 11:29:43 2024]
Finished job 46.
51 of 53 steps (96%) done
Select jobs to execute...

[Thu May 16 11:29:43 2024]
rule gif:
    input: /work/frasergen/backup/3d/project/Interactome/240033_kcybgj_20240313/06.personal/analysis_aftersale_20240430/240033_kcybgj_20240510/03.gif/Bs168/pngs/fig_010.png, /work/frasergen/backup/3d/project/Interactome/240033_kcybgj_20240313/06.personal/analysis_aftersale_20240430/240033_kcybgj_20240510/03.gif/Bs168/pngs/fig_020.png, /work/frasergen/backup/3d/project/Interactome/240033_kcybgj_20240313/06.personal/analysis_aftersale_20240430/240033_kcybgj_20240510/03.gif/Bs168/pngs/fig_030.png, /work/frasergen/backup/3d/project/Interactome/240033_kcybgj_20240313/06.personal/analysis_aftersale_20240430/240033_kcybgj_20240510/03.gif/Bs168/pngs/fig_040.png, /work/frasergen/backup/3d/project/Interactome/240033_kcybgj_20240313/06.personal/analysis_aftersale_20240430/240033_kcybgj_20240510/03.gif/Bs168/pngs/fig_050.png, /work/frasergen/backup/3d/project/Interactome/240033_kcybgj_20240313/06.personal/analysis_aftersale_20240430/240033_kcybgj_20240510/03.gif/Bs168/pngs/fig_060.png, /work/frasergen/backup/3d/project/Interactome/240033_kcybgj_20240313/06.personal/analysis_aftersale_20240430/240033_kcybgj_20240510/03.gif/Bs168/pngs/fig_070.png, /work/frasergen/backup/3d/project/Interactome/240033_kcybgj_20240313/06.personal/analysis_aftersale_20240430/240033_kcybgj_20240510/03.gif/Bs168/pngs/fig_080.png, /work/frasergen/backup/3d/project/Interactome/240033_kcybgj_20240313/06.personal/analysis_aftersale_20240430/240033_kcybgj_20240510/03.gif/Bs168/pngs/fig_090.png, /work/frasergen/backup/3d/project/Interactome/240033_kcybgj_20240313/06.personal/analysis_aftersale_20240430/240033_kcybgj_20240510/03.gif/Bs168/pngs/fig_100.png, /work/frasergen/backup/3d/project/Interactome/240033_kcybgj_20240313/06.personal/analysis_aftersale_20240430/240033_kcybgj_20240510/03.gif/Bs168/pngs/fig_110.png, /work/frasergen/backup/3d/project/Interactome/240033_kcybgj_20240313/06.personal/analysis_aftersale_20240430/240033_kcybgj_20240510/03.gif/Bs168/pngs/fig_120.png, /work/frasergen/backup/3d/project/Interactome/240033_kcybgj_20240313/06.personal/analysis_aftersale_20240430/240033_kcybgj_20240510/03.gif/Bs168/pngs/fig_130.png, /work/frasergen/backup/3d/project/Interactome/240033_kcybgj_20240313/06.personal/analysis_aftersale_20240430/240033_kcybgj_20240510/03.gif/Bs168/pngs/fig_140.png, /work/frasergen/backup/3d/project/Interactome/240033_kcybgj_20240313/06.personal/analysis_aftersale_20240430/240033_kcybgj_20240510/03.gif/Bs168/pngs/fig_150.png, /work/frasergen/backup/3d/project/Interactome/240033_kcybgj_20240313/06.personal/analysis_aftersale_20240430/240033_kcybgj_20240510/03.gif/Bs168/pngs/fig_160.png, /work/frasergen/backup/3d/project/Interactome/240033_kcybgj_20240313/06.personal/analysis_aftersale_20240430/240033_kcybgj_20240510/03.gif/Bs168/pngs/fig_170.png, /work/frasergen/backup/3d/project/Interactome/240033_kcybgj_20240313/06.personal/analysis_aftersale_20240430/240033_kcybgj_20240510/03.gif/Bs168/pngs/fig_180.png, /work/frasergen/backup/3d/project/Interactome/240033_kcybgj_20240313/06.personal/analysis_aftersale_20240430/240033_kcybgj_20240510/03.gif/Bs168/pngs/fig_190.png, /work/frasergen/backup/3d/project/Interactome/240033_kcybgj_20240313/06.personal/analysis_aftersale_20240430/240033_kcybgj_20240510/03.gif/Bs168/pngs/fig_200.png, /work/frasergen/backup/3d/project/Interactome/240033_kcybgj_20240313/06.personal/analysis_aftersale_20240430/240033_kcybgj_20240510/03.gif/Bs168/pngs/fig_210.png, /work/frasergen/backup/3d/project/Interactome/240033_kcybgj_20240313/06.personal/analysis_aftersale_20240430/240033_kcybgj_20240510/03.gif/Bs168/pngs/fig_220.png, /work/frasergen/backup/3d/project/Interactome/240033_kcybgj_20240313/06.personal/analysis_aftersale_20240430/240033_kcybgj_20240510/03.gif/Bs168/pngs/fig_230.png, /work/frasergen/backup/3d/project/Interactome/240033_kcybgj_20240313/06.personal/analysis_aftersale_20240430/240033_kcybgj_20240510/03.gif/Bs168/pngs/fig_240.png
    output: /work/frasergen/backup/3d/project/Interactome/240033_kcybgj_20240313/06.personal/analysis_aftersale_20240430/240033_kcybgj_20240510/03.gif/Bs168/Bs168.gif, /work/frasergen/backup/3d/project/Interactome/240033_kcybgj_20240313/06.personal/analysis_aftersale_20240430/240033_kcybgj_20240510/03.gif/Bs168/Bs168.mp4
    jobid: 28
    wildcards: sample=Bs168
    resources: mem_mb=1000, disk_mb=1000, tmpdir=/tmp

Submitted job 28 with external jobid 'Submitted batch job 7743837'.
[Thu May 16 11:30:33 2024]
Finished job 28.
52 of 53 steps (98%) done
Select jobs to execute...

[Thu May 16 11:30:33 2024]
localrule all:
    input: /work/frasergen/backup/3d/project/Interactome/240033_kcybgj_20240313/06.personal/analysis_aftersale_20240430/240033_kcybgj_20240510/03.gif/Delta-abrB/chrs/chr1/chr1_2.png, /work/frasergen/backup/3d/project/Interactome/240033_kcybgj_20240313/06.personal/analysis_aftersale_20240430/240033_kcybgj_20240510/03.gif/Bs168/chrs/chr1/chr1_2.png, /work/frasergen/backup/3d/project/Interactome/240033_kcybgj_20240313/06.personal/analysis_aftersale_20240430/240033_kcybgj_20240510/03.gif/Delta-abrB/Delta-abrB.gif, /work/frasergen/backup/3d/project/Interactome/240033_kcybgj_20240313/06.personal/analysis_aftersale_20240430/240033_kcybgj_20240510/03.gif/Bs168/Bs168.gif
    jobid: 0
    resources: mem_mb=1000, disk_mb=1000, tmpdir=/tmp

[Thu May 16 11:30:33 2024]
Finished job 0.
53 of 53 steps (100%) done
Complete log: .snakemake/log/2024-05-16T110303.238905.snakemake.log
