Building DAG of jobs...
Using shell: /usr/bin/bash
Provided cores: 10
Rules claiming more threads will be scaled down.
Job stats:
job            count    min threads    max threads
-----------  -------  -------------  -------------
all                1              1              1
fill_matrix        2              1              1
make_gif           2              1              1
make_pml           2              1              1
pastis             2              1              1
total              9              1              1


[Fri Feb  2 09:35:34 2024]
rule fill_matrix:
    input: /work/frasergen/backup/3d/project/Interactome/221425_apple/00.ref/01.ref_prepare/ref_prepare/apple_GD.fa.fai, /work/frasergen/backup/3d/project/Interactome/221425_apple/04.Juicer/xu/04.map/xu/genome/genome-100k.txt.hm
    output: /work/frasergen/3D/work/shaojie/script/HiC/3d_model/221425_apple/01.matrix_fill/xu/xu-all-MboI-100k.hm.txt.filled_0.90
    jobid: 1
    wildcards: sample=xu
    resources: tmpdir=/tmp

[Fri Feb  2 09:35:34 2024]
rule fill_matrix:
    input: /work/frasergen/backup/3d/project/Interactome/221425_apple/00.ref/01.ref_prepare/ref_prepare/apple_GD.fa.fai, /work/frasergen/backup/3d/project/Interactome/221425_apple/04.Juicer/wsk/04.map/wsk/genome/genome-100k.txt.hm
    output: /work/frasergen/3D/work/shaojie/script/HiC/3d_model/221425_apple/01.matrix_fill/wsk/wsk-all-MboI-100k.hm.txt.filled_0.90
    jobid: 2
    wildcards: sample=wsk
    resources: tmpdir=/tmp

Shutting down, this might take some time.
Exiting because a job execution failed. Look above for error message
Complete log: /work/frasergen/3D/work/shaojie/script/HiC/3d_model/.snakemake/log/2024-02-02T093520.863969.snakemake.log
