Building DAG of jobs...
Using shell: /usr/bin/bash
Provided cluster nodes: 8
Job stats:
job      count    min threads    max threads
-----  -------  -------------  -------------
all          1              1              1
chrom        2              1              1
gif          2              1              1
mp4          2              1              1
png          2              1              1
total        9              1              1


[Thu Mar 28 15:10:51 2024]
rule chrom:
    input: /work/frasergen/backup/3d/project/Interactome/240033_kcybgj_20240313/04.HiC/14.3d_model/02.3d_model/Delta-abrB/Delta-abrB.pml
    output: /work/frasergen/backup/3d/project/Interactome/240033_kcybgj_20240313/04.HiC/14.3d_model/03.gif/Delta-abrB/chrs/chr1/chr1.pml
    jobid: 5
    wildcards: sample=Delta-abrB, chrom=chr1
    resources: tmpdir=/tmp

Submitted job 5 with external jobid 'Submitted batch job 6683300'.

[Thu Mar 28 15:10:51 2024]
rule chrom:
    input: /work/frasergen/backup/3d/project/Interactome/240033_kcybgj_20240313/04.HiC/14.3d_model/02.3d_model/Bs168/Bs168.pml
    output: /work/frasergen/backup/3d/project/Interactome/240033_kcybgj_20240313/04.HiC/14.3d_model/03.gif/Bs168/chrs/chr1/chr1.pml
    jobid: 7
    wildcards: sample=Bs168, chrom=chr1
    resources: tmpdir=/tmp

Submitted job 7 with external jobid 'Submitted batch job 6683301'.

[Thu Mar 28 15:10:51 2024]
rule png:
    input: /work/frasergen/backup/3d/project/Interactome/240033_kcybgj_20240313/04.HiC/14.3d_model/02.3d_model/Delta-abrB/Delta-abrB.pml
    output: /work/frasergen/backup/3d/project/Interactome/240033_kcybgj_20240313/04.HiC/14.3d_model/03.gif/Delta-abrB/pngs/fig_240.png
    jobid: 9
    wildcards: sample=Delta-abrB
    resources: tmpdir=/tmp

Submitted job 9 with external jobid 'Submitted batch job 6683302'.

[Thu Mar 28 15:10:51 2024]
rule png:
    input: /work/frasergen/backup/3d/project/Interactome/240033_kcybgj_20240313/04.HiC/14.3d_model/02.3d_model/Bs168/Bs168.pml
    output: /work/frasergen/backup/3d/project/Interactome/240033_kcybgj_20240313/04.HiC/14.3d_model/03.gif/Bs168/pngs/fig_240.png
    jobid: 10
    wildcards: sample=Bs168
    resources: tmpdir=/tmp

Submitted job 10 with external jobid 'Submitted batch job 6683303'.
[Thu Mar 28 15:11:21 2024]
Finished job 5.
1 of 9 steps (11%) done
[Thu Mar 28 15:11:41 2024]
Finished job 7.
2 of 9 steps (22%) done
[Thu Mar 28 15:46:03 2024]
Finished job 9.
3 of 9 steps (33%) done

[Thu Mar 28 15:46:03 2024]
rule gif:
    input: /work/frasergen/backup/3d/project/Interactome/240033_kcybgj_20240313/04.HiC/14.3d_model/03.gif/Delta-abrB/pngs/fig_240.png
    output: /work/frasergen/backup/3d/project/Interactome/240033_kcybgj_20240313/04.HiC/14.3d_model/03.gif/Delta-abrB/Delta-abrB.gif
    jobid: 11
    wildcards: sample=Delta-abrB
    resources: tmpdir=/tmp

Submitted job 11 with external jobid 'Submitted batch job 6683579'.

[Thu Mar 28 15:46:04 2024]
rule mp4:
    input: /work/frasergen/backup/3d/project/Interactome/240033_kcybgj_20240313/04.HiC/14.3d_model/03.gif/Delta-abrB/pngs/fig_240.png
    output: /work/frasergen/backup/3d/project/Interactome/240033_kcybgj_20240313/04.HiC/14.3d_model/03.gif/Delta-abrB/Delta-abrB.mp4
    jobid: 13
    wildcards: sample=Delta-abrB
    resources: tmpdir=/tmp

Submitted job 13 with external jobid 'Submitted batch job 6683580'.
[Thu Mar 28 15:46:44 2024]
Finished job 11.
4 of 9 steps (44%) done
[Thu Mar 28 15:46:44 2024]
Finished job 13.
5 of 9 steps (56%) done
