Building DAG of jobs...
Using shell: /usr/bin/bash
Provided cores: 10
Rules claiming more threads will be scaled down.
Job stats:
job      count    min threads    max threads
-----  -------  -------------  -------------
all          1              1              1
chrom       34              1              1
gif          2              1              1
mp4          2              1              1
png          2              1              1
total       41              1              1


[Mon Feb  5 17:25:17 2024]
rule png:
    input: /work/frasergen/3D/work/shaojie/script/HiC/3d_model/221425_apple/02.3d_model/wsk/wsk.pml
    output: /work/frasergen/3D/work/shaojie/script/HiC/3d_model/221425_apple/03.gif/wsk/pngs/fig_240.png
    jobid: 42
    wildcards: sample=wsk
    resources: tmpdir=/tmp

[Mon Feb  5 17:25:17 2024]
rule chrom:
    input: /work/frasergen/3D/work/shaojie/script/HiC/3d_model/221425_apple/02.3d_model/wsk/wsk.pml
    output: /work/frasergen/3D/work/shaojie/script/HiC/3d_model/221425_apple/03.gif/wsk/chrs/chr16/chr16.pml
    jobid: 39
    wildcards: sample=wsk, chrom=chr16
    resources: tmpdir=/tmp

[Mon Feb  5 17:25:17 2024]
rule chrom:
    input: /work/frasergen/3D/work/shaojie/script/HiC/3d_model/221425_apple/02.3d_model/wsk/wsk.pml
    output: /work/frasergen/3D/work/shaojie/script/HiC/3d_model/221425_apple/03.gif/wsk/chrs/chr2/chr2.pml
    jobid: 25
    wildcards: sample=wsk, chrom=chr2
    resources: tmpdir=/tmp

[Mon Feb  5 17:25:17 2024]
rule chrom:
    input: /work/frasergen/3D/work/shaojie/script/HiC/3d_model/221425_apple/02.3d_model/wsk/wsk.pml
    output: /work/frasergen/3D/work/shaojie/script/HiC/3d_model/221425_apple/03.gif/wsk/chrs/chr4/chr4.pml
    jobid: 27
    wildcards: sample=wsk, chrom=chr4
    resources: tmpdir=/tmp

[Mon Feb  5 17:25:17 2024]
rule chrom:
    input: /work/frasergen/3D/work/shaojie/script/HiC/3d_model/221425_apple/02.3d_model/wsk/wsk.pml
    output: /work/frasergen/3D/work/shaojie/script/HiC/3d_model/221425_apple/03.gif/wsk/chrs/chr10/chr10.pml
    jobid: 33
    wildcards: sample=wsk, chrom=chr10
    resources: tmpdir=/tmp

[Mon Feb  5 17:25:17 2024]
rule chrom:
    input: /work/frasergen/3D/work/shaojie/script/HiC/3d_model/221425_apple/02.3d_model/wsk/wsk.pml
    output: /work/frasergen/3D/work/shaojie/script/HiC/3d_model/221425_apple/03.gif/wsk/chrs/chr12/chr12.pml
    jobid: 35
    wildcards: sample=wsk, chrom=chr12
    resources: tmpdir=/tmp

[Mon Feb  5 17:25:17 2024]
rule chrom:
    input: /work/frasergen/3D/work/shaojie/script/HiC/3d_model/221425_apple/02.3d_model/wsk/wsk.pml
    output: /work/frasergen/3D/work/shaojie/script/HiC/3d_model/221425_apple/03.gif/wsk/chrs/chr17/chr17.pml
    jobid: 40
    wildcards: sample=wsk, chrom=chr17
    resources: tmpdir=/tmp

[Mon Feb  5 17:25:17 2024]
rule chrom:
    input: /work/frasergen/3D/work/shaojie/script/HiC/3d_model/221425_apple/02.3d_model/wsk/wsk.pml
    output: /work/frasergen/3D/work/shaojie/script/HiC/3d_model/221425_apple/03.gif/wsk/chrs/chr3/chr3.pml
    jobid: 26
    wildcards: sample=wsk, chrom=chr3
    resources: tmpdir=/tmp

[Mon Feb  5 17:25:17 2024]
rule chrom:
    input: /work/frasergen/3D/work/shaojie/script/HiC/3d_model/221425_apple/02.3d_model/wsk/wsk.pml
    output: /work/frasergen/3D/work/shaojie/script/HiC/3d_model/221425_apple/03.gif/wsk/chrs/chr5/chr5.pml
    jobid: 28
    wildcards: sample=wsk, chrom=chr5
    resources: tmpdir=/tmp

[Mon Feb  5 17:25:17 2024]
rule chrom:
    input: /work/frasergen/3D/work/shaojie/script/HiC/3d_model/221425_apple/02.3d_model/wsk/wsk.pml
    output: /work/frasergen/3D/work/shaojie/script/HiC/3d_model/221425_apple/03.gif/wsk/chrs/chr11/chr11.pml
    jobid: 34
    wildcards: sample=wsk, chrom=chr11
    resources: tmpdir=/tmp

[Mon Feb  5 17:28:26 2024]
Finished job 39.
1 of 41 steps (2%) done

[Mon Feb  5 17:28:26 2024]
rule chrom:
    input: /work/frasergen/3D/work/shaojie/script/HiC/3d_model/221425_apple/02.3d_model/wsk/wsk.pml
    output: /work/frasergen/3D/work/shaojie/script/HiC/3d_model/221425_apple/03.gif/wsk/chrs/chr13/chr13.pml
    jobid: 36
    wildcards: sample=wsk, chrom=chr13
    resources: tmpdir=/tmp

[Mon Feb  5 17:28:26 2024]
Finished job 27.
2 of 41 steps (5%) done

[Mon Feb  5 17:28:26 2024]
rule chrom:
    input: /work/frasergen/3D/work/shaojie/script/HiC/3d_model/221425_apple/02.3d_model/wsk/wsk.pml
    output: /work/frasergen/3D/work/shaojie/script/HiC/3d_model/221425_apple/03.gif/wsk/chrs/chr6/chr6.pml
    jobid: 29
    wildcards: sample=wsk, chrom=chr6
    resources: tmpdir=/tmp

[Mon Feb  5 17:28:28 2024]
Finished job 33.
3 of 41 steps (7%) done

[Mon Feb  5 17:28:28 2024]
rule chrom:
    input: /work/frasergen/3D/work/shaojie/script/HiC/3d_model/221425_apple/02.3d_model/wsk/wsk.pml
    output: /work/frasergen/3D/work/shaojie/script/HiC/3d_model/221425_apple/03.gif/wsk/chrs/chr9/chr9.pml
    jobid: 32
    wildcards: sample=wsk, chrom=chr9
    resources: tmpdir=/tmp

[Mon Feb  5 17:28:28 2024]
Finished job 35.
4 of 41 steps (10%) done

[Mon Feb  5 17:28:28 2024]
rule chrom:
    input: /work/frasergen/3D/work/shaojie/script/HiC/3d_model/221425_apple/02.3d_model/wsk/wsk.pml
    output: /work/frasergen/3D/work/shaojie/script/HiC/3d_model/221425_apple/03.gif/wsk/chrs/chr1/chr1.pml
    jobid: 23
    wildcards: sample=wsk, chrom=chr1
    resources: tmpdir=/tmp

[Mon Feb  5 17:28:28 2024]
Finished job 25.
5 of 41 steps (12%) done

[Mon Feb  5 17:28:28 2024]
rule chrom:
    input: /work/frasergen/3D/work/shaojie/script/HiC/3d_model/221425_apple/02.3d_model/wsk/wsk.pml
    output: /work/frasergen/3D/work/shaojie/script/HiC/3d_model/221425_apple/03.gif/wsk/chrs/chr14/chr14.pml
    jobid: 37
    wildcards: sample=wsk, chrom=chr14
    resources: tmpdir=/tmp

[Mon Feb  5 17:28:28 2024]
Finished job 40.
6 of 41 steps (15%) done

[Mon Feb  5 17:28:28 2024]
rule chrom:
    input: /work/frasergen/3D/work/shaojie/script/HiC/3d_model/221425_apple/02.3d_model/wsk/wsk.pml
    output: /work/frasergen/3D/work/shaojie/script/HiC/3d_model/221425_apple/03.gif/wsk/chrs/chr7/chr7.pml
    jobid: 30
    wildcards: sample=wsk, chrom=chr7
    resources: tmpdir=/tmp

[Mon Feb  5 17:28:29 2024]
Finished job 28.
7 of 41 steps (17%) done

[Mon Feb  5 17:28:29 2024]
rule chrom:
    input: /work/frasergen/3D/work/shaojie/script/HiC/3d_model/221425_apple/02.3d_model/wsk/wsk.pml
    output: /work/frasergen/3D/work/shaojie/script/HiC/3d_model/221425_apple/03.gif/wsk/chrs/chr15/chr15.pml
    jobid: 38
    wildcards: sample=wsk, chrom=chr15
    resources: tmpdir=/tmp

[Mon Feb  5 17:28:29 2024]
Finished job 26.
8 of 41 steps (20%) done

[Mon Feb  5 17:28:29 2024]
rule chrom:
    input: /work/frasergen/3D/work/shaojie/script/HiC/3d_model/221425_apple/02.3d_model/wsk/wsk.pml
    output: /work/frasergen/3D/work/shaojie/script/HiC/3d_model/221425_apple/03.gif/wsk/chrs/chr8/chr8.pml
    jobid: 31
    wildcards: sample=wsk, chrom=chr8
    resources: tmpdir=/tmp

[Mon Feb  5 17:28:29 2024]
Finished job 34.
9 of 41 steps (22%) done

[Mon Feb  5 17:28:29 2024]
rule chrom:
    input: /work/frasergen/3D/work/shaojie/script/HiC/3d_model/221425_apple/02.3d_model/xu/xu.pml
    output: /work/frasergen/3D/work/shaojie/script/HiC/3d_model/221425_apple/03.gif/xu/chrs/chr3/chr3.pml
    jobid: 8
    wildcards: sample=xu, chrom=chr3
    resources: tmpdir=/tmp

[Mon Feb  5 17:31:03 2024]
Finished job 36.
10 of 41 steps (24%) done

[Mon Feb  5 17:31:03 2024]
rule chrom:
    input: /work/frasergen/3D/work/shaojie/script/HiC/3d_model/221425_apple/02.3d_model/xu/xu.pml
    output: /work/frasergen/3D/work/shaojie/script/HiC/3d_model/221425_apple/03.gif/xu/chrs/chr17/chr17.pml
    jobid: 22
    wildcards: sample=xu, chrom=chr17
    resources: tmpdir=/tmp

[Mon Feb  5 17:31:04 2024]
Finished job 30.
11 of 41 steps (27%) done

[Mon Feb  5 17:31:04 2024]
rule chrom:
    input: /work/frasergen/3D/work/shaojie/script/HiC/3d_model/221425_apple/02.3d_model/xu/xu.pml
    output: /work/frasergen/3D/work/shaojie/script/HiC/3d_model/221425_apple/03.gif/xu/chrs/chr5/chr5.pml
    jobid: 10
    wildcards: sample=xu, chrom=chr5
    resources: tmpdir=/tmp

[Mon Feb  5 17:31:05 2024]
Finished job 29.
12 of 41 steps (29%) done

[Mon Feb  5 17:31:05 2024]
rule chrom:
    input: /work/frasergen/3D/work/shaojie/script/HiC/3d_model/221425_apple/02.3d_model/xu/xu.pml
    output: /work/frasergen/3D/work/shaojie/script/HiC/3d_model/221425_apple/03.gif/xu/chrs/chr6/chr6.pml
    jobid: 11
    wildcards: sample=xu, chrom=chr6
    resources: tmpdir=/tmp

[Mon Feb  5 17:31:07 2024]
Finished job 37.
13 of 41 steps (32%) done

[Mon Feb  5 17:31:07 2024]
rule chrom:
    input: /work/frasergen/3D/work/shaojie/script/HiC/3d_model/221425_apple/02.3d_model/xu/xu.pml
    output: /work/frasergen/3D/work/shaojie/script/HiC/3d_model/221425_apple/03.gif/xu/chrs/chr8/chr8.pml
    jobid: 13
    wildcards: sample=xu, chrom=chr8
    resources: tmpdir=/tmp

[Mon Feb  5 17:31:07 2024]
Finished job 23.
14 of 41 steps (34%) done

[Mon Feb  5 17:31:07 2024]
rule png:
    input: /work/frasergen/3D/work/shaojie/script/HiC/3d_model/221425_apple/02.3d_model/xu/xu.pml
    output: /work/frasergen/3D/work/shaojie/script/HiC/3d_model/221425_apple/03.gif/xu/pngs/fig_240.png
    jobid: 41
    wildcards: sample=xu
    resources: tmpdir=/tmp

[Mon Feb  5 17:31:08 2024]
Finished job 32.
15 of 41 steps (37%) done

[Mon Feb  5 17:31:08 2024]
rule chrom:
    input: /work/frasergen/3D/work/shaojie/script/HiC/3d_model/221425_apple/02.3d_model/xu/xu.pml
    output: /work/frasergen/3D/work/shaojie/script/HiC/3d_model/221425_apple/03.gif/xu/chrs/chr10/chr10.pml
    jobid: 15
    wildcards: sample=xu, chrom=chr10
    resources: tmpdir=/tmp

[Mon Feb  5 17:31:09 2024]
Finished job 38.
16 of 41 steps (39%) done

[Mon Feb  5 17:31:09 2024]
rule chrom:
    input: /work/frasergen/3D/work/shaojie/script/HiC/3d_model/221425_apple/02.3d_model/xu/xu.pml
    output: /work/frasergen/3D/work/shaojie/script/HiC/3d_model/221425_apple/03.gif/xu/chrs/chr12/chr12.pml
    jobid: 17
    wildcards: sample=xu, chrom=chr12
    resources: tmpdir=/tmp

[Mon Feb  5 17:31:11 2024]
Finished job 31.
17 of 41 steps (41%) done

[Mon Feb  5 17:31:11 2024]
rule chrom:
    input: /work/frasergen/3D/work/shaojie/script/HiC/3d_model/221425_apple/02.3d_model/xu/xu.pml
    output: /work/frasergen/3D/work/shaojie/script/HiC/3d_model/221425_apple/03.gif/xu/chrs/chr14/chr14.pml
    jobid: 19
    wildcards: sample=xu, chrom=chr14
    resources: tmpdir=/tmp

[Mon Feb  5 17:31:12 2024]
Finished job 8.
18 of 41 steps (44%) done

[Mon Feb  5 17:31:12 2024]
rule chrom:
    input: /work/frasergen/3D/work/shaojie/script/HiC/3d_model/221425_apple/02.3d_model/xu/xu.pml
    output: /work/frasergen/3D/work/shaojie/script/HiC/3d_model/221425_apple/03.gif/xu/chrs/chr1/chr1.pml
    jobid: 5
    wildcards: sample=xu, chrom=chr1
    resources: tmpdir=/tmp

[Mon Feb  5 17:33:42 2024]
Finished job 22.
19 of 41 steps (46%) done

[Mon Feb  5 17:33:42 2024]
rule chrom:
    input: /work/frasergen/3D/work/shaojie/script/HiC/3d_model/221425_apple/02.3d_model/xu/xu.pml
    output: /work/frasergen/3D/work/shaojie/script/HiC/3d_model/221425_apple/03.gif/xu/chrs/chr16/chr16.pml
    jobid: 21
    wildcards: sample=xu, chrom=chr16
    resources: tmpdir=/tmp

[Mon Feb  5 17:33:42 2024]
Finished job 11.
20 of 41 steps (49%) done

[Mon Feb  5 17:33:42 2024]
rule chrom:
    input: /work/frasergen/3D/work/shaojie/script/HiC/3d_model/221425_apple/02.3d_model/xu/xu.pml
    output: /work/frasergen/3D/work/shaojie/script/HiC/3d_model/221425_apple/03.gif/xu/chrs/chr2/chr2.pml
    jobid: 7
    wildcards: sample=xu, chrom=chr2
    resources: tmpdir=/tmp

[Mon Feb  5 17:33:44 2024]
Finished job 10.
21 of 41 steps (51%) done
[Mon Feb  5 17:33:44 2024]
Finished job 13.
22 of 41 steps (54%) done

[Mon Feb  5 17:33:44 2024]
rule chrom:
    input: /work/frasergen/3D/work/shaojie/script/HiC/3d_model/221425_apple/02.3d_model/xu/xu.pml
    output: /work/frasergen/3D/work/shaojie/script/HiC/3d_model/221425_apple/03.gif/xu/chrs/chr4/chr4.pml
    jobid: 9
    wildcards: sample=xu, chrom=chr4
    resources: tmpdir=/tmp

[Mon Feb  5 17:33:44 2024]
rule chrom:
    input: /work/frasergen/3D/work/shaojie/script/HiC/3d_model/221425_apple/02.3d_model/xu/xu.pml
    output: /work/frasergen/3D/work/shaojie/script/HiC/3d_model/221425_apple/03.gif/xu/chrs/chr7/chr7.pml
    jobid: 12
    wildcards: sample=xu, chrom=chr7
    resources: tmpdir=/tmp

[Mon Feb  5 17:33:45 2024]
Finished job 15.
23 of 41 steps (56%) done

[Mon Feb  5 17:33:45 2024]
rule chrom:
    input: /work/frasergen/3D/work/shaojie/script/HiC/3d_model/221425_apple/02.3d_model/xu/xu.pml
    output: /work/frasergen/3D/work/shaojie/script/HiC/3d_model/221425_apple/03.gif/xu/chrs/chr9/chr9.pml
    jobid: 14
    wildcards: sample=xu, chrom=chr9
    resources: tmpdir=/tmp

[Mon Feb  5 17:33:48 2024]
Finished job 17.
24 of 41 steps (59%) done

[Mon Feb  5 17:33:48 2024]
rule chrom:
    input: /work/frasergen/3D/work/shaojie/script/HiC/3d_model/221425_apple/02.3d_model/xu/xu.pml
    output: /work/frasergen/3D/work/shaojie/script/HiC/3d_model/221425_apple/03.gif/xu/chrs/chr11/chr11.pml
    jobid: 16
    wildcards: sample=xu, chrom=chr11
    resources: tmpdir=/tmp

[Mon Feb  5 17:33:49 2024]
Finished job 5.
25 of 41 steps (61%) done

[Mon Feb  5 17:33:49 2024]
rule chrom:
    input: /work/frasergen/3D/work/shaojie/script/HiC/3d_model/221425_apple/02.3d_model/xu/xu.pml
    output: /work/frasergen/3D/work/shaojie/script/HiC/3d_model/221425_apple/03.gif/xu/chrs/chr13/chr13.pml
    jobid: 18
    wildcards: sample=xu, chrom=chr13
    resources: tmpdir=/tmp

[Mon Feb  5 17:33:49 2024]
Finished job 19.
26 of 41 steps (63%) done

[Mon Feb  5 17:33:49 2024]
rule chrom:
    input: /work/frasergen/3D/work/shaojie/script/HiC/3d_model/221425_apple/02.3d_model/xu/xu.pml
    output: /work/frasergen/3D/work/shaojie/script/HiC/3d_model/221425_apple/03.gif/xu/chrs/chr15/chr15.pml
    jobid: 20
    wildcards: sample=xu, chrom=chr15
    resources: tmpdir=/tmp

[Mon Feb  5 17:36:07 2024]
Finished job 12.
27 of 41 steps (66%) done
[Mon Feb  5 17:36:09 2024]
Finished job 21.
28 of 41 steps (68%) done
[Mon Feb  5 17:36:11 2024]
Finished job 9.
29 of 41 steps (71%) done
[Mon Feb  5 17:36:11 2024]
Finished job 7.
30 of 41 steps (73%) done
[Mon Feb  5 17:36:12 2024]
Finished job 14.
31 of 41 steps (76%) done
[Mon Feb  5 17:36:14 2024]
Finished job 18.
32 of 41 steps (78%) done
[Mon Feb  5 17:36:15 2024]
Finished job 20.
33 of 41 steps (80%) done
[Mon Feb  5 17:36:15 2024]
Finished job 16.
34 of 41 steps (83%) done
[Mon Feb  5 17:37:07 2024]
Finished job 42.
35 of 41 steps (85%) done

[Mon Feb  5 17:37:07 2024]
rule gif:
    input: /work/frasergen/3D/work/shaojie/script/HiC/3d_model/221425_apple/03.gif/wsk/pngs/fig_240.png
    output: /work/frasergen/3D/work/shaojie/script/HiC/3d_model/221425_apple/03.gif/wsk/wsk.gif
    jobid: 44
    wildcards: sample=wsk
    resources: tmpdir=/tmp

[Mon Feb  5 17:37:07 2024]
rule mp4:
    input: /work/frasergen/3D/work/shaojie/script/HiC/3d_model/221425_apple/03.gif/wsk/pngs/fig_240.png
    output: /work/frasergen/3D/work/shaojie/script/HiC/3d_model/221425_apple/03.gif/wsk/wsk.mp4
    jobid: 46
    wildcards: sample=wsk
    resources: tmpdir=/tmp

[Mon Feb  5 17:37:20 2024]
Finished job 46.
36 of 41 steps (88%) done
[Mon Feb  5 17:37:21 2024]
Finished job 44.
37 of 41 steps (90%) done
[Mon Feb  5 17:37:22 2024]
Finished job 41.
38 of 41 steps (93%) done

[Mon Feb  5 17:37:22 2024]
rule gif:
    input: /work/frasergen/3D/work/shaojie/script/HiC/3d_model/221425_apple/03.gif/xu/pngs/fig_240.png
    output: /work/frasergen/3D/work/shaojie/script/HiC/3d_model/221425_apple/03.gif/xu/xu.gif
    jobid: 43
    wildcards: sample=xu
    resources: tmpdir=/tmp

[Mon Feb  5 17:37:22 2024]
rule mp4:
    input: /work/frasergen/3D/work/shaojie/script/HiC/3d_model/221425_apple/03.gif/xu/pngs/fig_240.png
    output: /work/frasergen/3D/work/shaojie/script/HiC/3d_model/221425_apple/03.gif/xu/xu.mp4
    jobid: 45
    wildcards: sample=xu
    resources: tmpdir=/tmp

[Mon Feb  5 17:37:33 2024]
Finished job 45.
39 of 41 steps (95%) done
[Mon Feb  5 17:37:33 2024]
Finished job 43.
40 of 41 steps (98%) done

[Mon Feb  5 17:37:33 2024]
localrule all:
    input: /work/frasergen/3D/work/shaojie/script/HiC/3d_model/221425_apple/01.matrix_fill/xu/work.sh, /work/frasergen/3D/work/shaojie/script/HiC/3d_model/221425_apple/01.matrix_fill/wsk/work.sh, /work/frasergen/3D/work/shaojie/script/HiC/3d_model/221425_apple/02.3d_model/xu/xu.pdb, /work/frasergen/3D/work/shaojie/script/HiC/3d_model/221425_apple/02.3d_model/wsk/wsk.pdb, /work/frasergen/3D/work/shaojie/script/HiC/3d_model/221425_apple/03.gif/xu/chrs/chr1/chr1.pml, /work/frasergen/3D/work/shaojie/script/HiC/3d_model/221425_apple/03.gif/xu/chrs/chr2/chr2.pml, /work/frasergen/3D/work/shaojie/script/HiC/3d_model/221425_apple/03.gif/xu/chrs/chr3/chr3.pml, /work/frasergen/3D/work/shaojie/script/HiC/3d_model/221425_apple/03.gif/xu/chrs/chr4/chr4.pml, /work/frasergen/3D/work/shaojie/script/HiC/3d_model/221425_apple/03.gif/xu/chrs/chr5/chr5.pml, /work/frasergen/3D/work/shaojie/script/HiC/3d_model/221425_apple/03.gif/xu/chrs/chr6/chr6.pml, /work/frasergen/3D/work/shaojie/script/HiC/3d_model/221425_apple/03.gif/xu/chrs/chr7/chr7.pml, /work/frasergen/3D/work/shaojie/script/HiC/3d_model/221425_apple/03.gif/xu/chrs/chr8/chr8.pml, /work/frasergen/3D/work/shaojie/script/HiC/3d_model/221425_apple/03.gif/xu/chrs/chr9/chr9.pml, /work/frasergen/3D/work/shaojie/script/HiC/3d_model/221425_apple/03.gif/xu/chrs/chr10/chr10.pml, /work/frasergen/3D/work/shaojie/script/HiC/3d_model/221425_apple/03.gif/xu/chrs/chr11/chr11.pml, /work/frasergen/3D/work/shaojie/script/HiC/3d_model/221425_apple/03.gif/xu/chrs/chr12/chr12.pml, /work/frasergen/3D/work/shaojie/script/HiC/3d_model/221425_apple/03.gif/xu/chrs/chr13/chr13.pml, /work/frasergen/3D/work/shaojie/script/HiC/3d_model/221425_apple/03.gif/xu/chrs/chr14/chr14.pml, /work/frasergen/3D/work/shaojie/script/HiC/3d_model/221425_apple/03.gif/xu/chrs/chr15/chr15.pml, /work/frasergen/3D/work/shaojie/script/HiC/3d_model/221425_apple/03.gif/xu/chrs/chr16/chr16.pml, /work/frasergen/3D/work/shaojie/script/HiC/3d_model/221425_apple/03.gif/xu/chrs/chr17/chr17.pml, /work/frasergen/3D/work/shaojie/script/HiC/3d_model/221425_apple/03.gif/wsk/chrs/chr1/chr1.pml, /work/frasergen/3D/work/shaojie/script/HiC/3d_model/221425_apple/03.gif/wsk/chrs/chr2/chr2.pml, /work/frasergen/3D/work/shaojie/script/HiC/3d_model/221425_apple/03.gif/wsk/chrs/chr3/chr3.pml, /work/frasergen/3D/work/shaojie/script/HiC/3d_model/221425_apple/03.gif/wsk/chrs/chr4/chr4.pml, /work/frasergen/3D/work/shaojie/script/HiC/3d_model/221425_apple/03.gif/wsk/chrs/chr5/chr5.pml, /work/frasergen/3D/work/shaojie/script/HiC/3d_model/221425_apple/03.gif/wsk/chrs/chr6/chr6.pml, /work/frasergen/3D/work/shaojie/script/HiC/3d_model/221425_apple/03.gif/wsk/chrs/chr7/chr7.pml, /work/frasergen/3D/work/shaojie/script/HiC/3d_model/221425_apple/03.gif/wsk/chrs/chr8/chr8.pml, /work/frasergen/3D/work/shaojie/script/HiC/3d_model/221425_apple/03.gif/wsk/chrs/chr9/chr9.pml, /work/frasergen/3D/work/shaojie/script/HiC/3d_model/221425_apple/03.gif/wsk/chrs/chr10/chr10.pml, /work/frasergen/3D/work/shaojie/script/HiC/3d_model/221425_apple/03.gif/wsk/chrs/chr11/chr11.pml, /work/frasergen/3D/work/shaojie/script/HiC/3d_model/221425_apple/03.gif/wsk/chrs/chr12/chr12.pml, /work/frasergen/3D/work/shaojie/script/HiC/3d_model/221425_apple/03.gif/wsk/chrs/chr13/chr13.pml, /work/frasergen/3D/work/shaojie/script/HiC/3d_model/221425_apple/03.gif/wsk/chrs/chr14/chr14.pml, /work/frasergen/3D/work/shaojie/script/HiC/3d_model/221425_apple/03.gif/wsk/chrs/chr15/chr15.pml, /work/frasergen/3D/work/shaojie/script/HiC/3d_model/221425_apple/03.gif/wsk/chrs/chr16/chr16.pml, /work/frasergen/3D/work/shaojie/script/HiC/3d_model/221425_apple/03.gif/wsk/chrs/chr17/chr17.pml, /work/frasergen/3D/work/shaojie/script/HiC/3d_model/221425_apple/02.3d_model/xu/xu.pml, /work/frasergen/3D/work/shaojie/script/HiC/3d_model/221425_apple/02.3d_model/wsk/wsk.pml, /work/frasergen/3D/work/shaojie/script/HiC/3d_model/221425_apple/03.gif/xu/pngs/fig_240.png, /work/frasergen/3D/work/shaojie/script/HiC/3d_model/221425_apple/03.gif/wsk/pngs/fig_240.png, /work/frasergen/3D/work/shaojie/script/HiC/3d_model/221425_apple/03.gif/xu/xu.gif, /work/frasergen/3D/work/shaojie/script/HiC/3d_model/221425_apple/03.gif/wsk/wsk.gif, /work/frasergen/3D/work/shaojie/script/HiC/3d_model/221425_apple/03.gif/xu/xu.mp4, /work/frasergen/3D/work/shaojie/script/HiC/3d_model/221425_apple/03.gif/wsk/wsk.mp4
    jobid: 0
    resources: tmpdir=/tmp

[Mon Feb  5 17:37:33 2024]
Finished job 0.
41 of 41 steps (100%) done
Complete log: /work/frasergen/3D/work/shaojie/script/HiC/3d_model/.snakemake/log/2024-02-05T172509.647129.snakemake.log
