Building DAG of jobs...
Using shell: /usr/bin/bash
Provided cluster nodes: 1
Job stats:
job            count    min threads    max threads
-----------  -------  -------------  -------------
fill_matrix        2              1              1
total              2              1              1


[Fri Mar 29 08:25:04 2024]
rule fill_matrix:
    input: /work/frasergen/backup/3d/project/Interactome/240033_kcybgj_20240313/04.HiC/01.ref/asm904v1.fa.fai, /work/frasergen/backup/3d/project/Interactome/240033_kcybgj_20240313/04.HiC/04.map/Bs168/asm904v1/asm904v1-all-MboI-1k_ICed.hm
    output: /work/frasergen/backup/3d/project/Interactome/240033_kcybgj_20240313/04.HiC/14.3d_model_test/01.matrix_fill/Bs168/work.sh
    jobid: 2
    wildcards: sample=Bs168
    resources: tmpdir=/tmp

Submitted job 2 with external jobid 'Submitted batch job 6691898'.
[Fri Mar 29 08:25:14 2024]
Error in rule fill_matrix:
    jobid: 2
    output: /work/frasergen/backup/3d/project/Interactome/240033_kcybgj_20240313/04.HiC/14.3d_model_test/01.matrix_fill/Bs168/work.sh
    cluster_jobid: Submitted batch job 6691898

Error executing rule fill_matrix on cluster (jobid: 2, external: Submitted batch job 6691898, jobscript: /work/frasergen/3D/work/shaojie/script/HiC/3d_model/.snakemake/tmp.fpe_m67_/snakejob.fill_matrix.2.sh). For error details see the cluster log and the log files of the involved rule(s).
Shutting down, this might take some time.
Exiting because a job execution failed. Look above for error message
Complete log: /work/frasergen/3D/work/shaojie/script/HiC/3d_model/.snakemake/log/2024-03-29T082457.470174.snakemake.log
