Building DAG of jobs...
Using shell: /usr/bin/bash
Provided cluster nodes: 1
Job stats:
job            count    min threads    max threads
-----------  -------  -------------  -------------
fill_matrix        2              1              1
total              2              1              1


[Fri Mar 29 08:49:42 2024]
rule fill_matrix:
    input: /work/frasergen/backup/3d/project/Interactome/240033_kcybgj_20240313/04.HiC/01.ref/asm904v1.fa.fai, /work/frasergen/backup/3d/project/Interactome/240033_kcybgj_20240313/04.HiC/04.map/Bs168/asm904v1/asm904v1-all-MboI-1k_ICed.hm
    output: /work/frasergen/backup/3d/project/Interactome/240033_kcybgj_20240313/04.HiC/14.3d_model_test/01.matrix_fill/Bs168/work.sh
    jobid: 2
    wildcards: sample=Bs168
    resources: tmpdir=/tmp

Submitted job 2 with external jobid 'Submitted batch job 6692107'.
[Fri Mar 29 08:50:12 2024]
Finished job 2.
1 of 15 steps (7%) done

[Fri Mar 29 08:50:12 2024]
rule fill_matrix:
    input: /work/frasergen/backup/3d/project/Interactome/240033_kcybgj_20240313/04.HiC/01.ref/asm904v1.fa.fai, /work/frasergen/backup/3d/project/Interactome/240033_kcybgj_20240313/04.HiC/04.map/Delta-abrB/asm904v1/asm904v1-all-MboI-1k_ICed.hm
    output: /work/frasergen/backup/3d/project/Interactome/240033_kcybgj_20240313/04.HiC/14.3d_model_test/01.matrix_fill/Delta-abrB/work.sh
    jobid: 1
    wildcards: sample=Delta-abrB
    resources: tmpdir=/tmp

Submitted job 1 with external jobid 'Submitted batch job 6692115'.
[Fri Mar 29 08:50:32 2024]
Finished job 1.
2 of 15 steps (13%) done
Complete log: /work/frasergen/3D/work/shaojie/script/HiC/3d_model/.snakemake/log/2024-03-29T084935.938311.snakemake.log
