Building DAG of jobs...
Using shell: /usr/bin/bash
Provided cluster nodes: 24
Job stats:
job          count    min threads    max threads
---------  -------  -------------  -------------
all              1              1              1
chrom            1              1              1
fill_pre         1              1              1
gif              1              1              1
matrix           1              1              1
mp4              1              1              1
pastis           1              1              1
pml              1              1              1
png             24              1              1
split_pml        1              1              1
total           33              1              1


[Mon May  6 23:52:35 2024]
rule fill_pre:
    output: /work/frasergen/3D/work/shaojie/script/HiC/3d_model/lianmeijun/01.matrix_fill/bin.bed
    jobid: 4
    resources: tmpdir=/tmp

bedtools makewindows -g /work/frasergen/backup/3d/project/Interactome/232291_lianmeijun_20240118/05.HiC/01.ref/Slividans_1326.fa.fai -w 5000 > /work/frasergen/3D/work/shaojie/script/HiC/3d_model/lianmeijun/01.matrix_fill/bin.bed
Submitted job 4 with external jobid 'Submitted batch job 7568036'.

[Mon May  6 23:52:35 2024]
rule matrix:
    output: /work/frasergen/3D/work/shaojie/script/HiC/3d_model/lianmeijun/01.matrix_fill/Slividans_1326/Slividans_1326_corrected_matrix.txt
    jobid: 5
    wildcards: sample=Slividans_1326
    resources: tmpdir=/tmp

Submitted job 5 with external jobid 'Submitted batch job 7568037'.
[Mon May  6 23:53:15 2024]
Finished job 4.
1 of 33 steps (3%) done
[Mon May  6 23:53:35 2024]
Error in rule matrix:
    jobid: 5
    output: /work/frasergen/3D/work/shaojie/script/HiC/3d_model/lianmeijun/01.matrix_fill/Slividans_1326/Slividans_1326_corrected_matrix.txt
    cluster_jobid: Submitted batch job 7568037

Error executing rule matrix on cluster (jobid: 5, external: Submitted batch job 7568037, jobscript: /work/frasergen/3D/work/shaojie/script/HiC/3d_model/.snakemake/tmp.sgdsahlo/snakejob.matrix.5.sh). For error details see the cluster log and the log files of the involved rule(s).
Shutting down, this might take some time.
Exiting because a job execution failed. Look above for error message
Complete log: /work/frasergen/3D/work/shaojie/script/HiC/3d_model/.snakemake/log/2024-05-06T235229.021106.snakemake.log
