Building DAG of jobs...
Using shell: /usr/bin/bash
Provided cluster nodes: 24
Job stats:
job         count    min threads    max threads
--------  -------  -------------  -------------
merge_y         1              1              1
rotate_y       54              1              1
total          55              1              1

Select jobs to execute...

[Wed May 15 14:16:40 2024]
rule rotate_y:
    input: /work/frasergen/3D/work/shaojie/script/HiC/3d_model/231402_rice_20240510/02.3d_model/H-Salt-599/H-Salt-599.pml
    output: /work/frasergen/3D/work/shaojie/script/HiC/3d_model/231402_rice_20240510/02.3d_model/H-Salt-599/rotate_y/rotate_y_006.png
    jobid: 43
    wildcards: sample=H-Salt-599, batch1=006
    resources: mem_mb=1000, disk_mb=1000, tmpdir=/tmp

Submitted job 43 with external jobid 'Submitted batch job 7729698'.

[Wed May 15 14:16:40 2024]
rule rotate_y:
    input: /work/frasergen/3D/work/shaojie/script/HiC/3d_model/231402_rice_20240510/02.3d_model/H-Salt-076/H-Salt-076.pml
    output: /work/frasergen/3D/work/shaojie/script/HiC/3d_model/231402_rice_20240510/02.3d_model/H-Salt-076/rotate_y/rotate_y_001.png
    jobid: 29
    wildcards: sample=H-Salt-076, batch1=001
    resources: mem_mb=1000, disk_mb=1000, tmpdir=/tmp

Submitted job 29 with external jobid 'Submitted batch job 7729699'.

[Wed May 15 14:16:41 2024]
rule rotate_y:
    input: /work/frasergen/3D/work/shaojie/script/HiC/3d_model/231402_rice_20240510/02.3d_model/H-Salt-076/H-Salt-076.pml
    output: /work/frasergen/3D/work/shaojie/script/HiC/3d_model/231402_rice_20240510/02.3d_model/H-Salt-076/rotate_y/rotate_y_008.png
    jobid: 36
    wildcards: sample=H-Salt-076, batch1=008
    resources: mem_mb=1000, disk_mb=1000, tmpdir=/tmp

Submitted job 36 with external jobid 'Submitted batch job 7729700'.

[Wed May 15 14:16:41 2024]
rule rotate_y:
    input: /work/frasergen/3D/work/shaojie/script/HiC/3d_model/231402_rice_20240510/02.3d_model/H-Salt-F1/H-Salt-F1.pml
    output: /work/frasergen/3D/work/shaojie/script/HiC/3d_model/231402_rice_20240510/02.3d_model/H-Salt-F1/rotate_y/rotate_y_004.png
    jobid: 50
    wildcards: sample=H-Salt-F1, batch1=004
    resources: mem_mb=1000, disk_mb=1000, tmpdir=/tmp

Submitted job 50 with external jobid 'Submitted batch job 7729701'.

[Wed May 15 14:16:41 2024]
rule rotate_y:
    input: /work/frasergen/3D/work/shaojie/script/HiC/3d_model/231402_rice_20240510/02.3d_model/H-Salt-599/H-Salt-599.pml
    output: /work/frasergen/3D/work/shaojie/script/HiC/3d_model/231402_rice_20240510/02.3d_model/H-Salt-599/rotate_y/rotate_y_007.png
    jobid: 44
    wildcards: sample=H-Salt-599, batch1=007
    resources: mem_mb=1000, disk_mb=1000, tmpdir=/tmp

Submitted job 44 with external jobid 'Submitted batch job 7729702'.

[Wed May 15 14:16:41 2024]
rule rotate_y:
    input: /work/frasergen/3D/work/shaojie/script/HiC/3d_model/231402_rice_20240510/02.3d_model/H-Salt-076/H-Salt-076.pml
    output: /work/frasergen/3D/work/shaojie/script/HiC/3d_model/231402_rice_20240510/02.3d_model/H-Salt-076/rotate_y/rotate_y_002.png
    jobid: 30
    wildcards: sample=H-Salt-076, batch1=002
    resources: mem_mb=1000, disk_mb=1000, tmpdir=/tmp

Submitted job 30 with external jobid 'Submitted batch job 7729703'.

[Wed May 15 14:16:42 2024]
rule rotate_y:
    input: /work/frasergen/3D/work/shaojie/script/HiC/3d_model/231402_rice_20240510/02.3d_model/H-Salt-599/H-Salt-599.pml
    output: /work/frasergen/3D/work/shaojie/script/HiC/3d_model/231402_rice_20240510/02.3d_model/H-Salt-599/rotate_y/rotate_y_000.png
    jobid: 37
    wildcards: sample=H-Salt-599, batch1=000
    resources: mem_mb=1000, disk_mb=1000, tmpdir=/tmp

Submitted job 37 with external jobid 'Submitted batch job 7729704'.

[Wed May 15 14:16:42 2024]
rule rotate_y:
    input: /work/frasergen/3D/work/shaojie/script/HiC/3d_model/231402_rice_20240510/02.3d_model/H-Salt-F1/H-Salt-F1.pml
    output: /work/frasergen/3D/work/shaojie/script/HiC/3d_model/231402_rice_20240510/02.3d_model/H-Salt-F1/rotate_y/rotate_y_005.png
    jobid: 51
    wildcards: sample=H-Salt-F1, batch1=005
    resources: mem_mb=1000, disk_mb=1000, tmpdir=/tmp

Submitted job 51 with external jobid 'Submitted batch job 7729705'.

[Wed May 15 14:16:42 2024]
rule rotate_y:
    input: /work/frasergen/3D/work/shaojie/script/HiC/3d_model/231402_rice_20240510/02.3d_model/H-Salt-599/H-Salt-599.pml
    output: /work/frasergen/3D/work/shaojie/script/HiC/3d_model/231402_rice_20240510/02.3d_model/H-Salt-599/rotate_y/rotate_y_008.png
    jobid: 45
    wildcards: sample=H-Salt-599, batch1=008
    resources: mem_mb=1000, disk_mb=1000, tmpdir=/tmp

Submitted job 45 with external jobid 'Submitted batch job 7729706'.

[Wed May 15 14:16:42 2024]
rule rotate_y:
    input: /work/frasergen/3D/work/shaojie/script/HiC/3d_model/231402_rice_20240510/02.3d_model/H-Salt-076/H-Salt-076.pml
    output: /work/frasergen/3D/work/shaojie/script/HiC/3d_model/231402_rice_20240510/02.3d_model/H-Salt-076/rotate_y/rotate_y_003.png
    jobid: 31
    wildcards: sample=H-Salt-076, batch1=003
    resources: mem_mb=1000, disk_mb=1000, tmpdir=/tmp

Submitted job 31 with external jobid 'Submitted batch job 7729708'.

[Wed May 15 14:16:43 2024]
rule rotate_y:
    input: /work/frasergen/3D/work/shaojie/script/HiC/3d_model/231402_rice_20240510/02.3d_model/H-Salt-599/H-Salt-599.pml
    output: /work/frasergen/3D/work/shaojie/script/HiC/3d_model/231402_rice_20240510/02.3d_model/H-Salt-599/rotate_y/rotate_y_001.png
    jobid: 38
    wildcards: sample=H-Salt-599, batch1=001
    resources: mem_mb=1000, disk_mb=1000, tmpdir=/tmp

Submitted job 38 with external jobid 'Submitted batch job 7729709'.

[Wed May 15 14:16:43 2024]
rule rotate_y:
    input: /work/frasergen/3D/work/shaojie/script/HiC/3d_model/231402_rice_20240510/02.3d_model/H-Salt-F1/H-Salt-F1.pml
    output: /work/frasergen/3D/work/shaojie/script/HiC/3d_model/231402_rice_20240510/02.3d_model/H-Salt-F1/rotate_y/rotate_y_006.png
    jobid: 52
    wildcards: sample=H-Salt-F1, batch1=006
    resources: mem_mb=1000, disk_mb=1000, tmpdir=/tmp

Submitted job 52 with external jobid 'Submitted batch job 7729711'.

[Wed May 15 14:16:43 2024]
rule rotate_y:
    input: /work/frasergen/3D/work/shaojie/script/HiC/3d_model/231402_rice_20240510/02.3d_model/H-Salt-076/H-Salt-076.pml
    output: /work/frasergen/3D/work/shaojie/script/HiC/3d_model/231402_rice_20240510/02.3d_model/H-Salt-076/rotate_y/rotate_y_004.png
    jobid: 32
    wildcards: sample=H-Salt-076, batch1=004
    resources: mem_mb=1000, disk_mb=1000, tmpdir=/tmp

Submitted job 32 with external jobid 'Submitted batch job 7729712'.

[Wed May 15 14:16:43 2024]
rule rotate_y:
    input: /work/frasergen/3D/work/shaojie/script/HiC/3d_model/231402_rice_20240510/02.3d_model/H-Salt-F1/H-Salt-F1.pml
    output: /work/frasergen/3D/work/shaojie/script/HiC/3d_model/231402_rice_20240510/02.3d_model/H-Salt-F1/rotate_y/rotate_y_000.png
    jobid: 46
    wildcards: sample=H-Salt-F1, batch1=000
    resources: mem_mb=1000, disk_mb=1000, tmpdir=/tmp

Submitted job 46 with external jobid 'Submitted batch job 7729714'.

[Wed May 15 14:16:44 2024]
rule rotate_y:
    input: /work/frasergen/3D/work/shaojie/script/HiC/3d_model/231402_rice_20240510/02.3d_model/H-Salt-F1/H-Salt-F1.pml
    output: /work/frasergen/3D/work/shaojie/script/HiC/3d_model/231402_rice_20240510/02.3d_model/H-Salt-F1/rotate_y/rotate_y_007.png
    jobid: 53
    wildcards: sample=H-Salt-F1, batch1=007
    resources: mem_mb=1000, disk_mb=1000, tmpdir=/tmp

Submitted job 53 with external jobid 'Submitted batch job 7729715'.

[Wed May 15 14:16:44 2024]
rule rotate_y:
    input: /work/frasergen/3D/work/shaojie/script/HiC/3d_model/231402_rice_20240510/02.3d_model/H-Salt-599/H-Salt-599.pml
    output: /work/frasergen/3D/work/shaojie/script/HiC/3d_model/231402_rice_20240510/02.3d_model/H-Salt-599/rotate_y/rotate_y_002.png
    jobid: 39
    wildcards: sample=H-Salt-599, batch1=002
    resources: mem_mb=1000, disk_mb=1000, tmpdir=/tmp

Submitted job 39 with external jobid 'Submitted batch job 7729716'.

[Wed May 15 14:16:44 2024]
rule rotate_y:
    input: /work/frasergen/3D/work/shaojie/script/HiC/3d_model/231402_rice_20240510/02.3d_model/H-Salt-F1/H-Salt-F1.pml
    output: /work/frasergen/3D/work/shaojie/script/HiC/3d_model/231402_rice_20240510/02.3d_model/H-Salt-F1/rotate_y/rotate_y_001.png
    jobid: 47
    wildcards: sample=H-Salt-F1, batch1=001
    resources: mem_mb=1000, disk_mb=1000, tmpdir=/tmp

Submitted job 47 with external jobid 'Submitted batch job 7729717'.

[Wed May 15 14:16:44 2024]
rule rotate_y:
    input: /work/frasergen/3D/work/shaojie/script/HiC/3d_model/231402_rice_20240510/02.3d_model/H-Salt-076/H-Salt-076.pml
    output: /work/frasergen/3D/work/shaojie/script/HiC/3d_model/231402_rice_20240510/02.3d_model/H-Salt-076/rotate_y/rotate_y_005.png
    jobid: 33
    wildcards: sample=H-Salt-076, batch1=005
    resources: mem_mb=1000, disk_mb=1000, tmpdir=/tmp

Submitted job 33 with external jobid 'Submitted batch job 7729718'.

[Wed May 15 14:16:45 2024]
rule rotate_y:
    input: /work/frasergen/3D/work/shaojie/script/HiC/3d_model/231402_rice_20240510/02.3d_model/H-Salt-599/H-Salt-599.pml
    output: /work/frasergen/3D/work/shaojie/script/HiC/3d_model/231402_rice_20240510/02.3d_model/H-Salt-599/rotate_y/rotate_y_003.png
    jobid: 40
    wildcards: sample=H-Salt-599, batch1=003
    resources: mem_mb=1000, disk_mb=1000, tmpdir=/tmp

Submitted job 40 with external jobid 'Submitted batch job 7729719'.

[Wed May 15 14:16:45 2024]
rule rotate_y:
    input: /work/frasergen/3D/work/shaojie/script/HiC/3d_model/231402_rice_20240510/02.3d_model/H-Salt-076/H-Salt-076.pml
    output: /work/frasergen/3D/work/shaojie/script/HiC/3d_model/231402_rice_20240510/02.3d_model/H-Salt-076/rotate_y/rotate_y_006.png
    jobid: 34
    wildcards: sample=H-Salt-076, batch1=006
    resources: mem_mb=1000, disk_mb=1000, tmpdir=/tmp

Submitted job 34 with external jobid 'Submitted batch job 7729720'.

[Wed May 15 14:16:45 2024]
rule rotate_y:
    input: /work/frasergen/3D/work/shaojie/script/HiC/3d_model/231402_rice_20240510/02.3d_model/H-Salt-599/H-Salt-599.pml
    output: /work/frasergen/3D/work/shaojie/script/HiC/3d_model/231402_rice_20240510/02.3d_model/H-Salt-599/rotate_y/rotate_y_004.png
    jobid: 41
    wildcards: sample=H-Salt-599, batch1=004
    resources: mem_mb=1000, disk_mb=1000, tmpdir=/tmp

Submitted job 41 with external jobid 'Submitted batch job 7729721'.

[Wed May 15 14:16:45 2024]
rule rotate_y:
    input: /work/frasergen/3D/work/shaojie/script/HiC/3d_model/231402_rice_20240510/02.3d_model/H-Salt-076/H-Salt-076.pml
    output: /work/frasergen/3D/work/shaojie/script/HiC/3d_model/231402_rice_20240510/02.3d_model/H-Salt-076/rotate_y/rotate_y_007.png
    jobid: 35
    wildcards: sample=H-Salt-076, batch1=007
    resources: mem_mb=1000, disk_mb=1000, tmpdir=/tmp

Submitted job 35 with external jobid 'Submitted batch job 7729722'.

[Wed May 15 14:16:46 2024]
rule rotate_y:
    input: /work/frasergen/3D/work/shaojie/script/HiC/3d_model/231402_rice_20240510/02.3d_model/H-Salt-599/H-Salt-599.pml
    output: /work/frasergen/3D/work/shaojie/script/HiC/3d_model/231402_rice_20240510/02.3d_model/H-Salt-599/rotate_y/rotate_y_005.png
    jobid: 42
    wildcards: sample=H-Salt-599, batch1=005
    resources: mem_mb=1000, disk_mb=1000, tmpdir=/tmp

Submitted job 42 with external jobid 'Submitted batch job 7729723'.

[Wed May 15 14:16:46 2024]
rule rotate_y:
    input: /work/frasergen/3D/work/shaojie/script/HiC/3d_model/231402_rice_20240510/02.3d_model/H-Salt-076/H-Salt-076.pml
    output: /work/frasergen/3D/work/shaojie/script/HiC/3d_model/231402_rice_20240510/02.3d_model/H-Salt-076/rotate_y/rotate_y_000.png
    jobid: 28
    wildcards: sample=H-Salt-076, batch1=000
    resources: mem_mb=1000, disk_mb=1000, tmpdir=/tmp

Submitted job 28 with external jobid 'Submitted batch job 7729724'.
[Wed May 15 14:17:02 2024]
Finished job 43.
1 of 388 steps (0.3%) done
Select jobs to execute...

[Wed May 15 14:17:02 2024]
rule rotate_y:
    input: /work/frasergen/3D/work/shaojie/script/HiC/3d_model/231402_rice_20240510/02.3d_model/H-Salt-F1/H-Salt-F1.pml
    output: /work/frasergen/3D/work/shaojie/script/HiC/3d_model/231402_rice_20240510/02.3d_model/H-Salt-F1/rotate_y/rotate_y_008.png
    jobid: 54
    wildcards: sample=H-Salt-F1, batch1=008
    resources: mem_mb=1000, disk_mb=1000, tmpdir=/tmp

Submitted job 54 with external jobid 'Submitted batch job 7729733'.
[Wed May 15 14:17:02 2024]
Finished job 29.
2 of 388 steps (1%) done
[Wed May 15 14:17:02 2024]
Finished job 36.
3 of 388 steps (1%) done
[Wed May 15 14:17:02 2024]
Finished job 50.
4 of 388 steps (1%) done
[Wed May 15 14:17:03 2024]
Finished job 44.
5 of 388 steps (1%) done
[Wed May 15 14:17:03 2024]
Finished job 30.
6 of 388 steps (2%) done
[Wed May 15 14:17:03 2024]
Finished job 37.
7 of 388 steps (2%) done
[Wed May 15 14:17:03 2024]
Finished job 51.
8 of 388 steps (2%) done
[Wed May 15 14:17:03 2024]
Finished job 45.
9 of 388 steps (2%) done
[Wed May 15 14:17:03 2024]
Finished job 31.
10 of 388 steps (3%) done
Select jobs to execute...

[Wed May 15 14:17:03 2024]
rule rotate_y:
    input: /work/frasergen/3D/work/shaojie/script/HiC/3d_model/231402_rice_20240510/02.3d_model/H-CK-599/H-CK-599.pml
    output: /work/frasergen/3D/work/shaojie/script/HiC/3d_model/231402_rice_20240510/02.3d_model/H-CK-599/rotate_y/rotate_y_005.png
    jobid: 15
    wildcards: sample=H-CK-599, batch1=005
    resources: mem_mb=1000, disk_mb=1000, tmpdir=/tmp

Submitted job 15 with external jobid 'Submitted batch job 7729736'.

[Wed May 15 14:17:04 2024]
rule rotate_y:
    input: /work/frasergen/3D/work/shaojie/script/HiC/3d_model/231402_rice_20240510/02.3d_model/H-CK-076/H-CK-076.pml
    output: /work/frasergen/3D/work/shaojie/script/HiC/3d_model/231402_rice_20240510/02.3d_model/H-CK-076/rotate_y/rotate_y_000.png
    jobid: 1
    wildcards: sample=H-CK-076, batch1=000
    resources: mem_mb=1000, disk_mb=1000, tmpdir=/tmp

Submitted job 1 with external jobid 'Submitted batch job 7729737'.

[Wed May 15 14:17:04 2024]
rule rotate_y:
    input: /work/frasergen/3D/work/shaojie/script/HiC/3d_model/231402_rice_20240510/02.3d_model/H-CK-076/H-CK-076.pml
    output: /work/frasergen/3D/work/shaojie/script/HiC/3d_model/231402_rice_20240510/02.3d_model/H-CK-076/rotate_y/rotate_y_007.png
    jobid: 8
    wildcards: sample=H-CK-076, batch1=007
    resources: mem_mb=1000, disk_mb=1000, tmpdir=/tmp

Submitted job 8 with external jobid 'Submitted batch job 7729738'.

[Wed May 15 14:17:04 2024]
rule rotate_y:
    input: /work/frasergen/3D/work/shaojie/script/HiC/3d_model/231402_rice_20240510/02.3d_model/H-CK-599/H-CK-599.pml
    output: /work/frasergen/3D/work/shaojie/script/HiC/3d_model/231402_rice_20240510/02.3d_model/H-CK-599/rotate_y/rotate_y_007.png
    jobid: 17
    wildcards: sample=H-CK-599, batch1=007
    resources: mem_mb=1000, disk_mb=1000, tmpdir=/tmp

Submitted job 17 with external jobid 'Submitted batch job 7729739'.

[Wed May 15 14:17:04 2024]
rule rotate_y:
    input: /work/frasergen/3D/work/shaojie/script/HiC/3d_model/231402_rice_20240510/02.3d_model/H-Salt-F1/H-Salt-F1.pml
    output: /work/frasergen/3D/work/shaojie/script/HiC/3d_model/231402_rice_20240510/02.3d_model/H-Salt-F1/rotate_y/rotate_y_003.png
    jobid: 49
    wildcards: sample=H-Salt-F1, batch1=003
    resources: mem_mb=1000, disk_mb=1000, tmpdir=/tmp

Submitted job 49 with external jobid 'Submitted batch job 7729740'.

[Wed May 15 14:17:05 2024]
rule rotate_y:
    input: /work/frasergen/3D/work/shaojie/script/HiC/3d_model/231402_rice_20240510/02.3d_model/H-CK-076/H-CK-076.pml
    output: /work/frasergen/3D/work/shaojie/script/HiC/3d_model/231402_rice_20240510/02.3d_model/H-CK-076/rotate_y/rotate_y_001.png
    jobid: 2
    wildcards: sample=H-CK-076, batch1=001
    resources: mem_mb=1000, disk_mb=1000, tmpdir=/tmp

Submitted job 2 with external jobid 'Submitted batch job 7729741'.

[Wed May 15 14:17:05 2024]
rule rotate_y:
    input: /work/frasergen/3D/work/shaojie/script/HiC/3d_model/231402_rice_20240510/02.3d_model/H-CK-599/H-CK-599.pml
    output: /work/frasergen/3D/work/shaojie/script/HiC/3d_model/231402_rice_20240510/02.3d_model/H-CK-599/rotate_y/rotate_y_006.png
    jobid: 16
    wildcards: sample=H-CK-599, batch1=006
    resources: mem_mb=1000, disk_mb=1000, tmpdir=/tmp

Submitted job 16 with external jobid 'Submitted batch job 7729742'.

[Wed May 15 14:17:06 2024]
rule rotate_y:
    input: /work/frasergen/3D/work/shaojie/script/HiC/3d_model/231402_rice_20240510/02.3d_model/H-CK-076/H-CK-076.pml
    output: /work/frasergen/3D/work/shaojie/script/HiC/3d_model/231402_rice_20240510/02.3d_model/H-CK-076/rotate_y/rotate_y_008.png
    jobid: 9
    wildcards: sample=H-CK-076, batch1=008
    resources: mem_mb=1000, disk_mb=1000, tmpdir=/tmp

Submitted job 9 with external jobid 'Submitted batch job 7729744'.

[Wed May 15 14:17:06 2024]
rule rotate_y:
    input: /work/frasergen/3D/work/shaojie/script/HiC/3d_model/231402_rice_20240510/02.3d_model/H-Salt-F1/H-Salt-F1.pml
    output: /work/frasergen/3D/work/shaojie/script/HiC/3d_model/231402_rice_20240510/02.3d_model/H-Salt-F1/rotate_y/rotate_y_002.png
    jobid: 48
    wildcards: sample=H-Salt-F1, batch1=002
    resources: mem_mb=1000, disk_mb=1000, tmpdir=/tmp

Submitted job 48 with external jobid 'Submitted batch job 7729745'.
[Wed May 15 14:17:06 2024]
Finished job 38.
11 of 388 steps (3%) done
[Wed May 15 14:17:06 2024]
Finished job 52.
12 of 388 steps (3%) done
[Wed May 15 14:17:06 2024]
Finished job 32.
13 of 388 steps (3%) done
[Wed May 15 14:17:06 2024]
Finished job 46.
14 of 388 steps (4%) done
[Wed May 15 14:17:06 2024]
Finished job 53.
15 of 388 steps (4%) done
[Wed May 15 14:17:06 2024]
Finished job 39.
16 of 388 steps (4%) done
[Wed May 15 14:17:06 2024]
Finished job 47.
17 of 388 steps (4%) done
[Wed May 15 14:17:06 2024]
Finished job 40.
18 of 388 steps (5%) done
[Wed May 15 14:17:07 2024]
Finished job 41.
19 of 388 steps (5%) done
[Wed May 15 14:17:07 2024]
Finished job 35.
20 of 388 steps (5%) done
[Wed May 15 14:17:07 2024]
Finished job 42.
21 of 388 steps (5%) done
Select jobs to execute...

[Wed May 15 14:17:07 2024]
rule rotate_y:
    input: /work/frasergen/3D/work/shaojie/script/HiC/3d_model/231402_rice_20240510/02.3d_model/H-CK-599/H-CK-599.pml
    output: /work/frasergen/3D/work/shaojie/script/HiC/3d_model/231402_rice_20240510/02.3d_model/H-CK-599/rotate_y/rotate_y_008.png
    jobid: 18
    wildcards: sample=H-CK-599, batch1=008
    resources: mem_mb=1000, disk_mb=1000, tmpdir=/tmp

Submitted job 18 with external jobid 'Submitted batch job 7729747'.

[Wed May 15 14:17:07 2024]
rule rotate_y:
    input: /work/frasergen/3D/work/shaojie/script/HiC/3d_model/231402_rice_20240510/02.3d_model/H-CK-076/H-CK-076.pml
    output: /work/frasergen/3D/work/shaojie/script/HiC/3d_model/231402_rice_20240510/02.3d_model/H-CK-076/rotate_y/rotate_y_002.png
    jobid: 3
    wildcards: sample=H-CK-076, batch1=002
    resources: mem_mb=1000, disk_mb=1000, tmpdir=/tmp

Submitted job 3 with external jobid 'Submitted batch job 7729748'.

[Wed May 15 14:17:07 2024]
rule rotate_y:
    input: /work/frasergen/3D/work/shaojie/script/HiC/3d_model/231402_rice_20240510/02.3d_model/H-CK-599/H-CK-599.pml
    output: /work/frasergen/3D/work/shaojie/script/HiC/3d_model/231402_rice_20240510/02.3d_model/H-CK-599/rotate_y/rotate_y_000.png
    jobid: 10
    wildcards: sample=H-CK-599, batch1=000
    resources: mem_mb=1000, disk_mb=1000, tmpdir=/tmp

Submitted job 10 with external jobid 'Submitted batch job 7729749'.

[Wed May 15 14:17:07 2024]
rule rotate_y:
    input: /work/frasergen/3D/work/shaojie/script/HiC/3d_model/231402_rice_20240510/02.3d_model/H-CK-076/H-CK-076.pml
    output: /work/frasergen/3D/work/shaojie/script/HiC/3d_model/231402_rice_20240510/02.3d_model/H-CK-076/rotate_y/rotate_y_004.png
    jobid: 5
    wildcards: sample=H-CK-076, batch1=004
    resources: mem_mb=1000, disk_mb=1000, tmpdir=/tmp

Submitted job 5 with external jobid 'Submitted batch job 7729750'.

[Wed May 15 14:17:08 2024]
rule rotate_y:
    input: /work/frasergen/3D/work/shaojie/script/HiC/3d_model/231402_rice_20240510/02.3d_model/H-CK-599/H-CK-599.pml
    output: /work/frasergen/3D/work/shaojie/script/HiC/3d_model/231402_rice_20240510/02.3d_model/H-CK-599/rotate_y/rotate_y_002.png
    jobid: 12
    wildcards: sample=H-CK-599, batch1=002
    resources: mem_mb=1000, disk_mb=1000, tmpdir=/tmp

Submitted job 12 with external jobid 'Submitted batch job 7729752'.

[Wed May 15 14:17:08 2024]
rule rotate_y:
    input: /work/frasergen/3D/work/shaojie/script/HiC/3d_model/231402_rice_20240510/02.3d_model/H-CK-076/H-CK-076.pml
    output: /work/frasergen/3D/work/shaojie/script/HiC/3d_model/231402_rice_20240510/02.3d_model/H-CK-076/rotate_y/rotate_y_006.png
    jobid: 7
    wildcards: sample=H-CK-076, batch1=006
    resources: mem_mb=1000, disk_mb=1000, tmpdir=/tmp

Submitted job 7 with external jobid 'Submitted batch job 7729753'.

[Wed May 15 14:17:08 2024]
rule rotate_y:
    input: /work/frasergen/3D/work/shaojie/script/HiC/3d_model/231402_rice_20240510/02.3d_model/H-CK-599/H-CK-599.pml
    output: /work/frasergen/3D/work/shaojie/script/HiC/3d_model/231402_rice_20240510/02.3d_model/H-CK-599/rotate_y/rotate_y_004.png
    jobid: 14
    wildcards: sample=H-CK-599, batch1=004
    resources: mem_mb=1000, disk_mb=1000, tmpdir=/tmp

Submitted job 14 with external jobid 'Submitted batch job 7729754'.

[Wed May 15 14:17:08 2024]
rule rotate_y:
    input: /work/frasergen/3D/work/shaojie/script/HiC/3d_model/231402_rice_20240510/02.3d_model/H-CK-076/H-CK-076.pml
    output: /work/frasergen/3D/work/shaojie/script/HiC/3d_model/231402_rice_20240510/02.3d_model/H-CK-076/rotate_y/rotate_y_003.png
    jobid: 4
    wildcards: sample=H-CK-076, batch1=003
    resources: mem_mb=1000, disk_mb=1000, tmpdir=/tmp

Submitted job 4 with external jobid 'Submitted batch job 7729755'.

[Wed May 15 14:17:08 2024]
rule rotate_y:
    input: /work/frasergen/3D/work/shaojie/script/HiC/3d_model/231402_rice_20240510/02.3d_model/H-CK-599/H-CK-599.pml
    output: /work/frasergen/3D/work/shaojie/script/HiC/3d_model/231402_rice_20240510/02.3d_model/H-CK-599/rotate_y/rotate_y_001.png
    jobid: 11
    wildcards: sample=H-CK-599, batch1=001
    resources: mem_mb=1000, disk_mb=1000, tmpdir=/tmp

Submitted job 11 with external jobid 'Submitted batch job 7729756'.

[Wed May 15 14:17:09 2024]
rule rotate_y:
    input: /work/frasergen/3D/work/shaojie/script/HiC/3d_model/231402_rice_20240510/02.3d_model/H-CK-076/H-CK-076.pml
    output: /work/frasergen/3D/work/shaojie/script/HiC/3d_model/231402_rice_20240510/02.3d_model/H-CK-076/rotate_y/rotate_y_005.png
    jobid: 6
    wildcards: sample=H-CK-076, batch1=005
    resources: mem_mb=1000, disk_mb=1000, tmpdir=/tmp

Submitted job 6 with external jobid 'Submitted batch job 7729757'.

[Wed May 15 14:17:09 2024]
rule rotate_y:
    input: /work/frasergen/3D/work/shaojie/script/HiC/3d_model/231402_rice_20240510/02.3d_model/H-CK-599/H-CK-599.pml
    output: /work/frasergen/3D/work/shaojie/script/HiC/3d_model/231402_rice_20240510/02.3d_model/H-CK-599/rotate_y/rotate_y_003.png
    jobid: 13
    wildcards: sample=H-CK-599, batch1=003
    resources: mem_mb=1000, disk_mb=1000, tmpdir=/tmp

Submitted job 13 with external jobid 'Submitted batch job 7729758'.
Select jobs to execute...
[Wed May 15 14:17:14 2024]
Finished job 33.
22 of 388 steps (6%) done

[Wed May 15 14:17:14 2024]
rule rotate_y:
    input: /work/frasergen/3D/work/shaojie/script/HiC/3d_model/231402_rice_20240510/02.3d_model/H-CK-F1/H-CK-F1.pml
    output: /work/frasergen/3D/work/shaojie/script/HiC/3d_model/231402_rice_20240510/02.3d_model/H-CK-F1/rotate_y/rotate_y_003.png
    jobid: 22
    wildcards: sample=H-CK-F1, batch1=003
    resources: mem_mb=1000, disk_mb=1000, tmpdir=/tmp

Submitted job 22 with external jobid 'Submitted batch job 7729760'.
[Wed May 15 14:17:15 2024]
Finished job 34.
23 of 388 steps (6%) done
[Wed May 15 14:17:15 2024]
Finished job 28.
24 of 388 steps (6%) done
Select jobs to execute...

[Wed May 15 14:17:15 2024]
rule rotate_y:
    input: /work/frasergen/3D/work/shaojie/script/HiC/3d_model/231402_rice_20240510/02.3d_model/H-CK-F1/H-CK-F1.pml
    output: /work/frasergen/3D/work/shaojie/script/HiC/3d_model/231402_rice_20240510/02.3d_model/H-CK-F1/rotate_y/rotate_y_005.png
    jobid: 24
    wildcards: sample=H-CK-F1, batch1=005
    resources: mem_mb=1000, disk_mb=1000, tmpdir=/tmp

Submitted job 24 with external jobid 'Submitted batch job 7729761'.

[Wed May 15 14:17:15 2024]
rule rotate_y:
    input: /work/frasergen/3D/work/shaojie/script/HiC/3d_model/231402_rice_20240510/02.3d_model/H-CK-F1/H-CK-F1.pml
    output: /work/frasergen/3D/work/shaojie/script/HiC/3d_model/231402_rice_20240510/02.3d_model/H-CK-F1/rotate_y/rotate_y_000.png
    jobid: 19
    wildcards: sample=H-CK-F1, batch1=000
    resources: mem_mb=1000, disk_mb=1000, tmpdir=/tmp

Submitted job 19 with external jobid 'Submitted batch job 7729762'.
Select jobs to execute...
[Wed May 15 14:17:26 2024]
Finished job 54.
25 of 388 steps (6%) done

[Wed May 15 14:17:26 2024]
rule rotate_y:
    input: /work/frasergen/3D/work/shaojie/script/HiC/3d_model/231402_rice_20240510/02.3d_model/H-CK-F1/H-CK-F1.pml
    output: /work/frasergen/3D/work/shaojie/script/HiC/3d_model/231402_rice_20240510/02.3d_model/H-CK-F1/rotate_y/rotate_y_007.png
    jobid: 26
    wildcards: sample=H-CK-F1, batch1=007
    resources: mem_mb=1000, disk_mb=1000, tmpdir=/tmp

Submitted job 26 with external jobid 'Submitted batch job 7729771'.
[Wed May 15 14:17:27 2024]
Finished job 15.
26 of 388 steps (7%) done
[Wed May 15 14:17:27 2024]
Finished job 1.
27 of 388 steps (7%) done
[Wed May 15 14:17:27 2024]
Finished job 8.
28 of 388 steps (7%) done
[Wed May 15 14:17:27 2024]
Finished job 17.
29 of 388 steps (7%) done
[Wed May 15 14:17:27 2024]
Finished job 49.
30 of 388 steps (8%) done
[Wed May 15 14:17:27 2024]
Finished job 2.
31 of 388 steps (8%) done
Select jobs to execute...

[Wed May 15 14:17:27 2024]
rule rotate_y:
    input: /work/frasergen/3D/work/shaojie/script/HiC/3d_model/231402_rice_20240510/02.3d_model/H-CK-F1/H-CK-F1.pml
    output: /work/frasergen/3D/work/shaojie/script/HiC/3d_model/231402_rice_20240510/02.3d_model/H-CK-F1/rotate_y/rotate_y_002.png
    jobid: 21
    wildcards: sample=H-CK-F1, batch1=002
    resources: mem_mb=1000, disk_mb=1000, tmpdir=/tmp

Submitted job 21 with external jobid 'Submitted batch job 7729772'.

[Wed May 15 14:17:27 2024]
rule rotate_y:
    input: /work/frasergen/3D/work/shaojie/script/HiC/3d_model/231402_rice_20240510/02.3d_model/H-CK-F1/H-CK-F1.pml
    output: /work/frasergen/3D/work/shaojie/script/HiC/3d_model/231402_rice_20240510/02.3d_model/H-CK-F1/rotate_y/rotate_y_004.png
    jobid: 23
    wildcards: sample=H-CK-F1, batch1=004
    resources: mem_mb=1000, disk_mb=1000, tmpdir=/tmp

Submitted job 23 with external jobid 'Submitted batch job 7729773'.

[Wed May 15 14:17:27 2024]
rule rotate_y:
    input: /work/frasergen/3D/work/shaojie/script/HiC/3d_model/231402_rice_20240510/02.3d_model/H-CK-F1/H-CK-F1.pml
    output: /work/frasergen/3D/work/shaojie/script/HiC/3d_model/231402_rice_20240510/02.3d_model/H-CK-F1/rotate_y/rotate_y_006.png
    jobid: 25
    wildcards: sample=H-CK-F1, batch1=006
    resources: mem_mb=1000, disk_mb=1000, tmpdir=/tmp

Submitted job 25 with external jobid 'Submitted batch job 7729774'.

[Wed May 15 14:17:27 2024]
rule rotate_y:
    input: /work/frasergen/3D/work/shaojie/script/HiC/3d_model/231402_rice_20240510/02.3d_model/H-CK-F1/H-CK-F1.pml
    output: /work/frasergen/3D/work/shaojie/script/HiC/3d_model/231402_rice_20240510/02.3d_model/H-CK-F1/rotate_y/rotate_y_001.png
    jobid: 20
    wildcards: sample=H-CK-F1, batch1=001
    resources: mem_mb=1000, disk_mb=1000, tmpdir=/tmp

Submitted job 20 with external jobid 'Submitted batch job 7729775'.

[Wed May 15 14:17:28 2024]
rule rotate_y:
    input: /work/frasergen/3D/work/shaojie/script/HiC/3d_model/231402_rice_20240510/02.3d_model/H-CK-F1/H-CK-F1.pml
    output: /work/frasergen/3D/work/shaojie/script/HiC/3d_model/231402_rice_20240510/02.3d_model/H-CK-F1/rotate_y/rotate_y_008.png
    jobid: 27
    wildcards: sample=H-CK-F1, batch1=008
    resources: mem_mb=1000, disk_mb=1000, tmpdir=/tmp

Submitted job 27 with external jobid 'Submitted batch job 7729776'.
[Wed May 15 14:17:28 2024]
Finished job 16.
32 of 388 steps (8%) done
[Wed May 15 14:17:28 2024]
Finished job 9.
33 of 388 steps (9%) done
[Wed May 15 14:17:28 2024]
Finished job 48.
34 of 388 steps (9%) done
[Wed May 15 14:17:28 2024]
Finished job 18.
35 of 388 steps (9%) done
[Wed May 15 14:17:28 2024]
Finished job 3.
36 of 388 steps (9%) done
[Wed May 15 14:17:28 2024]
Finished job 10.
37 of 388 steps (10%) done
[Wed May 15 14:17:28 2024]
Finished job 5.
38 of 388 steps (10%) done
[Wed May 15 14:17:28 2024]
Finished job 12.
39 of 388 steps (10%) done
[Wed May 15 14:17:28 2024]
Finished job 7.
40 of 388 steps (10%) done
[Wed May 15 14:17:28 2024]
Finished job 14.
41 of 388 steps (11%) done
[Wed May 15 14:17:28 2024]
Finished job 4.
42 of 388 steps (11%) done
[Wed May 15 14:17:28 2024]
Finished job 11.
43 of 388 steps (11%) done
[Wed May 15 14:17:28 2024]
Finished job 6.
44 of 388 steps (11%) done
[Wed May 15 14:17:28 2024]
Finished job 13.
45 of 388 steps (12%) done
[Wed May 15 14:17:38 2024]
Finished job 22.
46 of 388 steps (12%) done
[Wed May 15 14:17:39 2024]
Finished job 24.
47 of 388 steps (12%) done
[Wed May 15 14:17:39 2024]
Finished job 19.
48 of 388 steps (12%) done
[Wed May 15 14:17:49 2024]
Finished job 26.
49 of 388 steps (13%) done
[Wed May 15 14:17:49 2024]
Finished job 21.
50 of 388 steps (13%) done
[Wed May 15 14:17:49 2024]
Finished job 23.
51 of 388 steps (13%) done
[Wed May 15 14:17:49 2024]
Finished job 25.
52 of 388 steps (13%) done
[Wed May 15 14:17:49 2024]
Finished job 20.
53 of 388 steps (14%) done
[Wed May 15 14:17:49 2024]
Finished job 27.
54 of 388 steps (14%) done
Select jobs to execute...

[Wed May 15 14:17:49 2024]
rule merge_y:
    input: /work/frasergen/3D/work/shaojie/script/HiC/3d_model/231402_rice_20240510/02.3d_model/H-CK-076/rotate_y/rotate_y_000.png, /work/frasergen/3D/work/shaojie/script/HiC/3d_model/231402_rice_20240510/02.3d_model/H-CK-076/rotate_y/rotate_y_001.png, /work/frasergen/3D/work/shaojie/script/HiC/3d_model/231402_rice_20240510/02.3d_model/H-CK-076/rotate_y/rotate_y_002.png, /work/frasergen/3D/work/shaojie/script/HiC/3d_model/231402_rice_20240510/02.3d_model/H-CK-076/rotate_y/rotate_y_003.png, /work/frasergen/3D/work/shaojie/script/HiC/3d_model/231402_rice_20240510/02.3d_model/H-CK-076/rotate_y/rotate_y_004.png, /work/frasergen/3D/work/shaojie/script/HiC/3d_model/231402_rice_20240510/02.3d_model/H-CK-076/rotate_y/rotate_y_005.png, /work/frasergen/3D/work/shaojie/script/HiC/3d_model/231402_rice_20240510/02.3d_model/H-CK-076/rotate_y/rotate_y_006.png, /work/frasergen/3D/work/shaojie/script/HiC/3d_model/231402_rice_20240510/02.3d_model/H-CK-076/rotate_y/rotate_y_007.png, /work/frasergen/3D/work/shaojie/script/HiC/3d_model/231402_rice_20240510/02.3d_model/H-CK-076/rotate_y/rotate_y_008.png, /work/frasergen/3D/work/shaojie/script/HiC/3d_model/231402_rice_20240510/02.3d_model/H-CK-599/rotate_y/rotate_y_000.png, /work/frasergen/3D/work/shaojie/script/HiC/3d_model/231402_rice_20240510/02.3d_model/H-CK-599/rotate_y/rotate_y_001.png, /work/frasergen/3D/work/shaojie/script/HiC/3d_model/231402_rice_20240510/02.3d_model/H-CK-599/rotate_y/rotate_y_002.png, /work/frasergen/3D/work/shaojie/script/HiC/3d_model/231402_rice_20240510/02.3d_model/H-CK-599/rotate_y/rotate_y_003.png, /work/frasergen/3D/work/shaojie/script/HiC/3d_model/231402_rice_20240510/02.3d_model/H-CK-599/rotate_y/rotate_y_004.png, /work/frasergen/3D/work/shaojie/script/HiC/3d_model/231402_rice_20240510/02.3d_model/H-CK-599/rotate_y/rotate_y_005.png, /work/frasergen/3D/work/shaojie/script/HiC/3d_model/231402_rice_20240510/02.3d_model/H-CK-599/rotate_y/rotate_y_006.png, /work/frasergen/3D/work/shaojie/script/HiC/3d_model/231402_rice_20240510/02.3d_model/H-CK-599/rotate_y/rotate_y_007.png, /work/frasergen/3D/work/shaojie/script/HiC/3d_model/231402_rice_20240510/02.3d_model/H-CK-599/rotate_y/rotate_y_008.png, /work/frasergen/3D/work/shaojie/script/HiC/3d_model/231402_rice_20240510/02.3d_model/H-CK-F1/rotate_y/rotate_y_000.png, /work/frasergen/3D/work/shaojie/script/HiC/3d_model/231402_rice_20240510/02.3d_model/H-CK-F1/rotate_y/rotate_y_001.png, /work/frasergen/3D/work/shaojie/script/HiC/3d_model/231402_rice_20240510/02.3d_model/H-CK-F1/rotate_y/rotate_y_002.png, /work/frasergen/3D/work/shaojie/script/HiC/3d_model/231402_rice_20240510/02.3d_model/H-CK-F1/rotate_y/rotate_y_003.png, /work/frasergen/3D/work/shaojie/script/HiC/3d_model/231402_rice_20240510/02.3d_model/H-CK-F1/rotate_y/rotate_y_004.png, /work/frasergen/3D/work/shaojie/script/HiC/3d_model/231402_rice_20240510/02.3d_model/H-CK-F1/rotate_y/rotate_y_005.png, /work/frasergen/3D/work/shaojie/script/HiC/3d_model/231402_rice_20240510/02.3d_model/H-CK-F1/rotate_y/rotate_y_006.png, /work/frasergen/3D/work/shaojie/script/HiC/3d_model/231402_rice_20240510/02.3d_model/H-CK-F1/rotate_y/rotate_y_007.png, /work/frasergen/3D/work/shaojie/script/HiC/3d_model/231402_rice_20240510/02.3d_model/H-CK-F1/rotate_y/rotate_y_008.png, /work/frasergen/3D/work/shaojie/script/HiC/3d_model/231402_rice_20240510/02.3d_model/H-Salt-076/rotate_y/rotate_y_000.png, /work/frasergen/3D/work/shaojie/script/HiC/3d_model/231402_rice_20240510/02.3d_model/H-Salt-076/rotate_y/rotate_y_001.png, /work/frasergen/3D/work/shaojie/script/HiC/3d_model/231402_rice_20240510/02.3d_model/H-Salt-076/rotate_y/rotate_y_002.png, /work/frasergen/3D/work/shaojie/script/HiC/3d_model/231402_rice_20240510/02.3d_model/H-Salt-076/rotate_y/rotate_y_003.png, /work/frasergen/3D/work/shaojie/script/HiC/3d_model/231402_rice_20240510/02.3d_model/H-Salt-076/rotate_y/rotate_y_004.png, /work/frasergen/3D/work/shaojie/script/HiC/3d_model/231402_rice_20240510/02.3d_model/H-Salt-076/rotate_y/rotate_y_005.png, /work/frasergen/3D/work/shaojie/script/HiC/3d_model/231402_rice_20240510/02.3d_model/H-Salt-076/rotate_y/rotate_y_006.png, /work/frasergen/3D/work/shaojie/script/HiC/3d_model/231402_rice_20240510/02.3d_model/H-Salt-076/rotate_y/rotate_y_007.png, /work/frasergen/3D/work/shaojie/script/HiC/3d_model/231402_rice_20240510/02.3d_model/H-Salt-076/rotate_y/rotate_y_008.png, /work/frasergen/3D/work/shaojie/script/HiC/3d_model/231402_rice_20240510/02.3d_model/H-Salt-599/rotate_y/rotate_y_000.png, /work/frasergen/3D/work/shaojie/script/HiC/3d_model/231402_rice_20240510/02.3d_model/H-Salt-599/rotate_y/rotate_y_001.png, /work/frasergen/3D/work/shaojie/script/HiC/3d_model/231402_rice_20240510/02.3d_model/H-Salt-599/rotate_y/rotate_y_002.png, /work/frasergen/3D/work/shaojie/script/HiC/3d_model/231402_rice_20240510/02.3d_model/H-Salt-599/rotate_y/rotate_y_003.png, /work/frasergen/3D/work/shaojie/script/HiC/3d_model/231402_rice_20240510/02.3d_model/H-Salt-599/rotate_y/rotate_y_004.png, /work/frasergen/3D/work/shaojie/script/HiC/3d_model/231402_rice_20240510/02.3d_model/H-Salt-599/rotate_y/rotate_y_005.png, /work/frasergen/3D/work/shaojie/script/HiC/3d_model/231402_rice_20240510/02.3d_model/H-Salt-599/rotate_y/rotate_y_006.png, /work/frasergen/3D/work/shaojie/script/HiC/3d_model/231402_rice_20240510/02.3d_model/H-Salt-599/rotate_y/rotate_y_007.png, /work/frasergen/3D/work/shaojie/script/HiC/3d_model/231402_rice_20240510/02.3d_model/H-Salt-599/rotate_y/rotate_y_008.png, /work/frasergen/3D/work/shaojie/script/HiC/3d_model/231402_rice_20240510/02.3d_model/H-Salt-F1/rotate_y/rotate_y_000.png, /work/frasergen/3D/work/shaojie/script/HiC/3d_model/231402_rice_20240510/02.3d_model/H-Salt-F1/rotate_y/rotate_y_001.png, /work/frasergen/3D/work/shaojie/script/HiC/3d_model/231402_rice_20240510/02.3d_model/H-Salt-F1/rotate_y/rotate_y_002.png, /work/frasergen/3D/work/shaojie/script/HiC/3d_model/231402_rice_20240510/02.3d_model/H-Salt-F1/rotate_y/rotate_y_003.png, /work/frasergen/3D/work/shaojie/script/HiC/3d_model/231402_rice_20240510/02.3d_model/H-Salt-F1/rotate_y/rotate_y_004.png, /work/frasergen/3D/work/shaojie/script/HiC/3d_model/231402_rice_20240510/02.3d_model/H-Salt-F1/rotate_y/rotate_y_005.png, /work/frasergen/3D/work/shaojie/script/HiC/3d_model/231402_rice_20240510/02.3d_model/H-Salt-F1/rotate_y/rotate_y_006.png, /work/frasergen/3D/work/shaojie/script/HiC/3d_model/231402_rice_20240510/02.3d_model/H-Salt-F1/rotate_y/rotate_y_007.png, /work/frasergen/3D/work/shaojie/script/HiC/3d_model/231402_rice_20240510/02.3d_model/H-Salt-F1/rotate_y/rotate_y_008.png
    output: /work/frasergen/3D/work/shaojie/script/HiC/3d_model/231402_rice_20240510/02.3d_model/merge_y.png
    jobid: 0
    resources: mem_mb=1000, disk_mb=1000, tmpdir=/tmp


        export PATH=/public/frasergen/PUB/software/python/Python-3.7.7/bin:$PATH
        python3 /public/frasergen/3D/pipeline/Interactome/hic3_workflow/scripts/figure_util.py combine_figure --out-image /work/frasergen/3D/work/shaojie/script/HiC/3d_model/231402_rice_20240510/02.3d_model/merge_y.png --ncol 9 /work/frasergen/3D/work/shaojie/script/HiC/3d_model/231402_rice_20240510/02.3d_model/H-CK-076/rotate_y/rotate_y_000.png /work/frasergen/3D/work/shaojie/script/HiC/3d_model/231402_rice_20240510/02.3d_model/H-CK-076/rotate_y/rotate_y_001.png /work/frasergen/3D/work/shaojie/script/HiC/3d_model/231402_rice_20240510/02.3d_model/H-CK-076/rotate_y/rotate_y_002.png /work/frasergen/3D/work/shaojie/script/HiC/3d_model/231402_rice_20240510/02.3d_model/H-CK-076/rotate_y/rotate_y_003.png /work/frasergen/3D/work/shaojie/script/HiC/3d_model/231402_rice_20240510/02.3d_model/H-CK-076/rotate_y/rotate_y_004.png /work/frasergen/3D/work/shaojie/script/HiC/3d_model/231402_rice_20240510/02.3d_model/H-CK-076/rotate_y/rotate_y_005.png /work/frasergen/3D/work/shaojie/script/HiC/3d_model/231402_rice_20240510/02.3d_model/H-CK-076/rotate_y/rotate_y_006.png /work/frasergen/3D/work/shaojie/script/HiC/3d_model/231402_rice_20240510/02.3d_model/H-CK-076/rotate_y/rotate_y_007.png /work/frasergen/3D/work/shaojie/script/HiC/3d_model/231402_rice_20240510/02.3d_model/H-CK-076/rotate_y/rotate_y_008.png /work/frasergen/3D/work/shaojie/script/HiC/3d_model/231402_rice_20240510/02.3d_model/H-CK-599/rotate_y/rotate_y_000.png /work/frasergen/3D/work/shaojie/script/HiC/3d_model/231402_rice_20240510/02.3d_model/H-CK-599/rotate_y/rotate_y_001.png /work/frasergen/3D/work/shaojie/script/HiC/3d_model/231402_rice_20240510/02.3d_model/H-CK-599/rotate_y/rotate_y_002.png /work/frasergen/3D/work/shaojie/script/HiC/3d_model/231402_rice_20240510/02.3d_model/H-CK-599/rotate_y/rotate_y_003.png /work/frasergen/3D/work/shaojie/script/HiC/3d_model/231402_rice_20240510/02.3d_model/H-CK-599/rotate_y/rotate_y_004.png /work/frasergen/3D/work/shaojie/script/HiC/3d_model/231402_rice_20240510/02.3d_model/H-CK-599/rotate_y/rotate_y_005.png /work/frasergen/3D/work/shaojie/script/HiC/3d_model/231402_rice_20240510/02.3d_model/H-CK-599/rotate_y/rotate_y_006.png /work/frasergen/3D/work/shaojie/script/HiC/3d_model/231402_rice_20240510/02.3d_model/H-CK-599/rotate_y/rotate_y_007.png /work/frasergen/3D/work/shaojie/script/HiC/3d_model/231402_rice_20240510/02.3d_model/H-CK-599/rotate_y/rotate_y_008.png /work/frasergen/3D/work/shaojie/script/HiC/3d_model/231402_rice_20240510/02.3d_model/H-CK-F1/rotate_y/rotate_y_000.png /work/frasergen/3D/work/shaojie/script/HiC/3d_model/231402_rice_20240510/02.3d_model/H-CK-F1/rotate_y/rotate_y_001.png /work/frasergen/3D/work/shaojie/script/HiC/3d_model/231402_rice_20240510/02.3d_model/H-CK-F1/rotate_y/rotate_y_002.png /work/frasergen/3D/work/shaojie/script/HiC/3d_model/231402_rice_20240510/02.3d_model/H-CK-F1/rotate_y/rotate_y_003.png /work/frasergen/3D/work/shaojie/script/HiC/3d_model/231402_rice_20240510/02.3d_model/H-CK-F1/rotate_y/rotate_y_004.png /work/frasergen/3D/work/shaojie/script/HiC/3d_model/231402_rice_20240510/02.3d_model/H-CK-F1/rotate_y/rotate_y_005.png /work/frasergen/3D/work/shaojie/script/HiC/3d_model/231402_rice_20240510/02.3d_model/H-CK-F1/rotate_y/rotate_y_006.png /work/frasergen/3D/work/shaojie/script/HiC/3d_model/231402_rice_20240510/02.3d_model/H-CK-F1/rotate_y/rotate_y_007.png /work/frasergen/3D/work/shaojie/script/HiC/3d_model/231402_rice_20240510/02.3d_model/H-CK-F1/rotate_y/rotate_y_008.png /work/frasergen/3D/work/shaojie/script/HiC/3d_model/231402_rice_20240510/02.3d_model/H-Salt-076/rotate_y/rotate_y_000.png /work/frasergen/3D/work/shaojie/script/HiC/3d_model/231402_rice_20240510/02.3d_model/H-Salt-076/rotate_y/rotate_y_001.png /work/frasergen/3D/work/shaojie/script/HiC/3d_model/231402_rice_20240510/02.3d_model/H-Salt-076/rotate_y/rotate_y_002.png /work/frasergen/3D/work/shaojie/script/HiC/3d_model/231402_rice_20240510/02.3d_model/H-Salt-076/rotate_y/rotate_y_003.png /work/frasergen/3D/work/shaojie/script/HiC/3d_model/231402_rice_20240510/02.3d_model/H-Salt-076/rotate_y/rotate_y_004.png /work/frasergen/3D/work/shaojie/script/HiC/3d_model/231402_rice_20240510/02.3d_model/H-Salt-076/rotate_y/rotate_y_005.png /work/frasergen/3D/work/shaojie/script/HiC/3d_model/231402_rice_20240510/02.3d_model/H-Salt-076/rotate_y/rotate_y_006.png /work/frasergen/3D/work/shaojie/script/HiC/3d_model/231402_rice_20240510/02.3d_model/H-Salt-076/rotate_y/rotate_y_007.png /work/frasergen/3D/work/shaojie/script/HiC/3d_model/231402_rice_20240510/02.3d_model/H-Salt-076/rotate_y/rotate_y_008.png /work/frasergen/3D/work/shaojie/script/HiC/3d_model/231402_rice_20240510/02.3d_model/H-Salt-599/rotate_y/rotate_y_000.png /work/frasergen/3D/work/shaojie/script/HiC/3d_model/231402_rice_20240510/02.3d_model/H-Salt-599/rotate_y/rotate_y_001.png /work/frasergen/3D/work/shaojie/script/HiC/3d_model/231402_rice_20240510/02.3d_model/H-Salt-599/rotate_y/rotate_y_002.png /work/frasergen/3D/work/shaojie/script/HiC/3d_model/231402_rice_20240510/02.3d_model/H-Salt-599/rotate_y/rotate_y_003.png /work/frasergen/3D/work/shaojie/script/HiC/3d_model/231402_rice_20240510/02.3d_model/H-Salt-599/rotate_y/rotate_y_004.png /work/frasergen/3D/work/shaojie/script/HiC/3d_model/231402_rice_20240510/02.3d_model/H-Salt-599/rotate_y/rotate_y_005.png /work/frasergen/3D/work/shaojie/script/HiC/3d_model/231402_rice_20240510/02.3d_model/H-Salt-599/rotate_y/rotate_y_006.png /work/frasergen/3D/work/shaojie/script/HiC/3d_model/231402_rice_20240510/02.3d_model/H-Salt-599/rotate_y/rotate_y_007.png /work/frasergen/3D/work/shaojie/script/HiC/3d_model/231402_rice_20240510/02.3d_model/H-Salt-599/rotate_y/rotate_y_008.png /work/frasergen/3D/work/shaojie/script/HiC/3d_model/231402_rice_20240510/02.3d_model/H-Salt-F1/rotate_y/rotate_y_000.png /work/frasergen/3D/work/shaojie/script/HiC/3d_model/231402_rice_20240510/02.3d_model/H-Salt-F1/rotate_y/rotate_y_001.png /work/frasergen/3D/work/shaojie/script/HiC/3d_model/231402_rice_20240510/02.3d_model/H-Salt-F1/rotate_y/rotate_y_002.png /work/frasergen/3D/work/shaojie/script/HiC/3d_model/231402_rice_20240510/02.3d_model/H-Salt-F1/rotate_y/rotate_y_003.png /work/frasergen/3D/work/shaojie/script/HiC/3d_model/231402_rice_20240510/02.3d_model/H-Salt-F1/rotate_y/rotate_y_004.png /work/frasergen/3D/work/shaojie/script/HiC/3d_model/231402_rice_20240510/02.3d_model/H-Salt-F1/rotate_y/rotate_y_005.png /work/frasergen/3D/work/shaojie/script/HiC/3d_model/231402_rice_20240510/02.3d_model/H-Salt-F1/rotate_y/rotate_y_006.png /work/frasergen/3D/work/shaojie/script/HiC/3d_model/231402_rice_20240510/02.3d_model/H-Salt-F1/rotate_y/rotate_y_007.png /work/frasergen/3D/work/shaojie/script/HiC/3d_model/231402_rice_20240510/02.3d_model/H-Salt-F1/rotate_y/rotate_y_008.png
        
Submitted job 0 with external jobid 'Submitted batch job 7729790'.
[Wed May 15 14:18:09 2024]
Finished job 0.
55 of 388 steps (14%) done
Complete log: .snakemake/log/2024-05-15T141638.323120.snakemake.log
