Building DAG of jobs...
Using shell: /usr/bin/bash
Provided cluster nodes: 24
Job stats:
job       count    min threads    max threads
------  -------  -------------  -------------
all           1              1              1
matrix        2              1              1
pastis        2              1              1
total         5              1              1


[Sat May 11 11:35:03 2024]
rule matrix:
    output: /work/frasergen/3D/work/shaojie/script/HiC/3d_model/240033_kcybgj_20240510/01.matrix_fill/Bs168/Bs168_filled_matrix.txt
    jobid: 4
    wildcards: sample=Bs168
    resources: tmpdir=/tmp

Submitted job 4 with external jobid 'Submitted batch job 7675958'.

[Sat May 11 11:35:04 2024]
rule matrix:
    output: /work/frasergen/3D/work/shaojie/script/HiC/3d_model/240033_kcybgj_20240510/01.matrix_fill/Delta-abrB/Delta-abrB_filled_matrix.txt
    jobid: 2
    wildcards: sample=Delta-abrB
    resources: tmpdir=/tmp

Submitted job 2 with external jobid 'Submitted batch job 7675959'.
[Sat May 11 11:35:33 2024]
Finished job 4.
1 of 5 steps (20%) done

[Sat May 11 11:35:33 2024]
rule pastis:
    input: /work/frasergen/3D/work/shaojie/script/HiC/3d_model/240033_kcybgj_20240510/01.matrix_fill/Bs168/Bs168_filled_matrix.txt
    output: /work/frasergen/3D/work/shaojie/script/HiC/3d_model/240033_kcybgj_20240510/02.3d_model/Bs168/Bs168.pdb
    jobid: 3
    wildcards: sample=Bs168
    resources: tmpdir=/tmp

[Sat May 11 11:35:33 2024]
Finished job 2.
2 of 5 steps (40%) done
Submitted job 3 with external jobid 'Submitted batch job 7675963'.

[Sat May 11 11:35:34 2024]
rule pastis:
    input: /work/frasergen/3D/work/shaojie/script/HiC/3d_model/240033_kcybgj_20240510/01.matrix_fill/Delta-abrB/Delta-abrB_filled_matrix.txt
    output: /work/frasergen/3D/work/shaojie/script/HiC/3d_model/240033_kcybgj_20240510/02.3d_model/Delta-abrB/Delta-abrB.pdb
    jobid: 1
    wildcards: sample=Delta-abrB
    resources: tmpdir=/tmp

Submitted job 1 with external jobid 'Submitted batch job 7675964'.
[Sat May 11 11:35:43 2024]
Error in rule pastis:
    jobid: 3
    output: /work/frasergen/3D/work/shaojie/script/HiC/3d_model/240033_kcybgj_20240510/02.3d_model/Bs168/Bs168.pdb
    cluster_jobid: Submitted batch job 7675963

Error executing rule pastis on cluster (jobid: 3, external: Submitted batch job 7675963, jobscript: /work/frasergen/3D/work/shaojie/script/HiC/3d_model/.snakemake/tmp.9c4unt71/snakejob.pastis.3.sh). For error details see the cluster log and the log files of the involved rule(s).
[Sat May 11 11:35:43 2024]
Error in rule pastis:
    jobid: 1
    output: /work/frasergen/3D/work/shaojie/script/HiC/3d_model/240033_kcybgj_20240510/02.3d_model/Delta-abrB/Delta-abrB.pdb
    cluster_jobid: Submitted batch job 7675964

Error executing rule pastis on cluster (jobid: 1, external: Submitted batch job 7675964, jobscript: /work/frasergen/3D/work/shaojie/script/HiC/3d_model/.snakemake/tmp.9c4unt71/snakejob.pastis.1.sh). For error details see the cluster log and the log files of the involved rule(s).
Shutting down, this might take some time.
Exiting because a job execution failed. Look above for error message
Complete log: /work/frasergen/3D/work/shaojie/script/HiC/3d_model/.snakemake/log/2024-05-11T113454.118203.snakemake.log
