Building DAG of jobs...
Using shell: /usr/bin/bash
Provided cluster nodes: 24
Job stats:
job      count    min threads    max threads
-----  -------  -------------  -------------
all          1              1              1
chrom        2              1              1
gif          2              1              1
png         48              1              1
total       53              1              1


[Fri Jun 14 16:12:58 2024]
rule png:
    input: /work/frasergen/3D/work/shaojie/script/HiC/3d_model/analysis_3d_model_20240614/02.3d_model/SDU102_24h/SDU102_24h.pdb, /work/frasergen/3D/work/shaojie/script/HiC/3d_model/analysis_3d_model_20240614/02.3d_model/SDU102_24h/SDU102_24h.pml
    output: /work/frasergen/3D/work/shaojie/script/HiC/3d_model/analysis_3d_model_20240614/03.gif/SDU102_24h/pngs/fig_080.png
    jobid: 41
    wildcards: sample=SDU102_24h, batch=080
    resources: tmpdir=/tmp

Submitted job 41 with external jobid 'Submitted batch job 8272285'.

[Fri Jun 14 16:12:59 2024]
rule png:
    input: /work/frasergen/3D/work/shaojie/script/HiC/3d_model/analysis_3d_model_20240614/02.3d_model/SDU102_24h/SDU102_24h.pdb, /work/frasergen/3D/work/shaojie/script/HiC/3d_model/analysis_3d_model_20240614/02.3d_model/SDU102_24h/SDU102_24h.pml
    output: /work/frasergen/3D/work/shaojie/script/HiC/3d_model/analysis_3d_model_20240614/03.gif/SDU102_24h/pngs/fig_220.png
    jobid: 55
    wildcards: sample=SDU102_24h, batch=220
    resources: tmpdir=/tmp

Submitted job 55 with external jobid 'Submitted batch job 8272286'.

[Fri Jun 14 16:13:00 2024]
rule png:
    input: /work/frasergen/3D/work/shaojie/script/HiC/3d_model/analysis_3d_model_20240614/02.3d_model/SDU102_24h/SDU102_24h.pdb, /work/frasergen/3D/work/shaojie/script/HiC/3d_model/analysis_3d_model_20240614/02.3d_model/SDU102_24h/SDU102_24h.pml
    output: /work/frasergen/3D/work/shaojie/script/HiC/3d_model/analysis_3d_model_20240614/03.gif/SDU102_24h/pngs/fig_020.png
    jobid: 35
    wildcards: sample=SDU102_24h, batch=020
    resources: tmpdir=/tmp

Submitted job 35 with external jobid 'Submitted batch job 8272288'.

[Fri Jun 14 16:13:00 2024]
rule png:
    input: /work/frasergen/3D/work/shaojie/script/HiC/3d_model/analysis_3d_model_20240614/02.3d_model/SDU102_24h/SDU102_24h.pdb, /work/frasergen/3D/work/shaojie/script/HiC/3d_model/analysis_3d_model_20240614/02.3d_model/SDU102_24h/SDU102_24h.pml
    output: /work/frasergen/3D/work/shaojie/script/HiC/3d_model/analysis_3d_model_20240614/03.gif/SDU102_24h/pngs/fig_160.png
    jobid: 49
    wildcards: sample=SDU102_24h, batch=160
    resources: tmpdir=/tmp

Submitted job 49 with external jobid 'Submitted batch job 8272289'.

[Fri Jun 14 16:13:00 2024]
rule png:
    input: /work/frasergen/3D/work/shaojie/script/HiC/3d_model/analysis_3d_model_20240614/02.3d_model/SDU102_24h/SDU102_24h.pdb, /work/frasergen/3D/work/shaojie/script/HiC/3d_model/analysis_3d_model_20240614/02.3d_model/SDU102_24h/SDU102_24h.pml
    output: /work/frasergen/3D/work/shaojie/script/HiC/3d_model/analysis_3d_model_20240614/03.gif/SDU102_24h/pngs/fig_090.png
    jobid: 42
    wildcards: sample=SDU102_24h, batch=090
    resources: tmpdir=/tmp

Submitted job 42 with external jobid 'Submitted batch job 8272290'.

[Fri Jun 14 16:13:00 2024]
rule png:
    input: /work/frasergen/3D/work/shaojie/script/HiC/3d_model/analysis_3d_model_20240614/02.3d_model/SDU102_24h/SDU102_24h.pdb, /work/frasergen/3D/work/shaojie/script/HiC/3d_model/analysis_3d_model_20240614/02.3d_model/SDU102_24h/SDU102_24h.pml
    output: /work/frasergen/3D/work/shaojie/script/HiC/3d_model/analysis_3d_model_20240614/03.gif/SDU102_24h/pngs/fig_230.png
    jobid: 56
    wildcards: sample=SDU102_24h, batch=230
    resources: tmpdir=/tmp

Submitted job 56 with external jobid 'Submitted batch job 8272291'.

[Fri Jun 14 16:13:01 2024]
rule png:
    input: /work/frasergen/3D/work/shaojie/script/HiC/3d_model/analysis_3d_model_20240614/02.3d_model/SDU102_24h/SDU102_24h.pdb, /work/frasergen/3D/work/shaojie/script/HiC/3d_model/analysis_3d_model_20240614/02.3d_model/SDU102_24h/SDU102_24h.pml
    output: /work/frasergen/3D/work/shaojie/script/HiC/3d_model/analysis_3d_model_20240614/03.gif/SDU102_24h/pngs/fig_170.png
    jobid: 50
    wildcards: sample=SDU102_24h, batch=170
    resources: tmpdir=/tmp

Submitted job 50 with external jobid 'Submitted batch job 8272292'.

[Fri Jun 14 16:13:02 2024]
rule png:
    input: /work/frasergen/3D/work/shaojie/script/HiC/3d_model/analysis_3d_model_20240614/02.3d_model/SDU102_24h/SDU102_24h.pdb, /work/frasergen/3D/work/shaojie/script/HiC/3d_model/analysis_3d_model_20240614/02.3d_model/SDU102_24h/SDU102_24h.pml
    output: /work/frasergen/3D/work/shaojie/script/HiC/3d_model/analysis_3d_model_20240614/03.gif/SDU102_24h/pngs/fig_030.png
    jobid: 36
    wildcards: sample=SDU102_24h, batch=030
    resources: tmpdir=/tmp

Submitted job 36 with external jobid 'Submitted batch job 8272293'.

[Fri Jun 14 16:13:02 2024]
rule png:
    input: /work/frasergen/3D/work/shaojie/script/HiC/3d_model/analysis_3d_model_20240614/02.3d_model/SDU102_24h/SDU102_24h.pdb, /work/frasergen/3D/work/shaojie/script/HiC/3d_model/analysis_3d_model_20240614/02.3d_model/SDU102_24h/SDU102_24h.pml
    output: /work/frasergen/3D/work/shaojie/script/HiC/3d_model/analysis_3d_model_20240614/03.gif/SDU102_24h/pngs/fig_100.png
    jobid: 43
    wildcards: sample=SDU102_24h, batch=100
    resources: tmpdir=/tmp

Submitted job 43 with external jobid 'Submitted batch job 8272294'.

[Fri Jun 14 16:13:02 2024]
rule png:
    input: /work/frasergen/3D/work/shaojie/script/HiC/3d_model/analysis_3d_model_20240614/02.3d_model/SDU102_24h/SDU102_24h.pdb, /work/frasergen/3D/work/shaojie/script/HiC/3d_model/analysis_3d_model_20240614/02.3d_model/SDU102_24h/SDU102_24h.pml
    output: /work/frasergen/3D/work/shaojie/script/HiC/3d_model/analysis_3d_model_20240614/03.gif/SDU102_24h/pngs/fig_240.png
    jobid: 57
    wildcards: sample=SDU102_24h, batch=240
    resources: tmpdir=/tmp

Submitted job 57 with external jobid 'Submitted batch job 8272295'.

[Fri Jun 14 16:13:02 2024]
rule png:
    input: /work/frasergen/3D/work/shaojie/script/HiC/3d_model/analysis_3d_model_20240614/02.3d_model/SDU102_24h/SDU102_24h.pdb, /work/frasergen/3D/work/shaojie/script/HiC/3d_model/analysis_3d_model_20240614/02.3d_model/SDU102_24h/SDU102_24h.pml
    output: /work/frasergen/3D/work/shaojie/script/HiC/3d_model/analysis_3d_model_20240614/03.gif/SDU102_24h/pngs/fig_040.png
    jobid: 37
    wildcards: sample=SDU102_24h, batch=040
    resources: tmpdir=/tmp

Submitted job 37 with external jobid 'Submitted batch job 8272296'.

[Fri Jun 14 16:13:02 2024]
rule png:
    input: /work/frasergen/3D/work/shaojie/script/HiC/3d_model/analysis_3d_model_20240614/02.3d_model/SDU102_24h/SDU102_24h.pdb, /work/frasergen/3D/work/shaojie/script/HiC/3d_model/analysis_3d_model_20240614/02.3d_model/SDU102_24h/SDU102_24h.pml
    output: /work/frasergen/3D/work/shaojie/script/HiC/3d_model/analysis_3d_model_20240614/03.gif/SDU102_24h/pngs/fig_180.png
    jobid: 51
    wildcards: sample=SDU102_24h, batch=180
    resources: tmpdir=/tmp

Submitted job 51 with external jobid 'Submitted batch job 8272297'.

[Fri Jun 14 16:13:03 2024]
rule png:
    input: /work/frasergen/3D/work/shaojie/script/HiC/3d_model/analysis_3d_model_20240614/02.3d_model/SDU102_24h/SDU102_24h.pdb, /work/frasergen/3D/work/shaojie/script/HiC/3d_model/analysis_3d_model_20240614/02.3d_model/SDU102_24h/SDU102_24h.pml
    output: /work/frasergen/3D/work/shaojie/script/HiC/3d_model/analysis_3d_model_20240614/03.gif/SDU102_24h/pngs/fig_110.png
    jobid: 44
    wildcards: sample=SDU102_24h, batch=110
    resources: tmpdir=/tmp

Submitted job 44 with external jobid 'Submitted batch job 8272298'.

[Fri Jun 14 16:13:04 2024]
rule png:
    input: /work/frasergen/3D/work/shaojie/script/HiC/3d_model/analysis_3d_model_20240614/02.3d_model/SDU102_24h/SDU102_24h.pdb, /work/frasergen/3D/work/shaojie/script/HiC/3d_model/analysis_3d_model_20240614/02.3d_model/SDU102_24h/SDU102_24h.pml
    output: /work/frasergen/3D/work/shaojie/script/HiC/3d_model/analysis_3d_model_20240614/03.gif/SDU102_24h/pngs/fig_050.png
    jobid: 38
    wildcards: sample=SDU102_24h, batch=050
    resources: tmpdir=/tmp

Submitted job 38 with external jobid 'Submitted batch job 8272299'.

[Fri Jun 14 16:13:04 2024]
rule png:
    input: /work/frasergen/3D/work/shaojie/script/HiC/3d_model/analysis_3d_model_20240614/02.3d_model/SDU102_24h/SDU102_24h.pdb, /work/frasergen/3D/work/shaojie/script/HiC/3d_model/analysis_3d_model_20240614/02.3d_model/SDU102_24h/SDU102_24h.pml
    output: /work/frasergen/3D/work/shaojie/script/HiC/3d_model/analysis_3d_model_20240614/03.gif/SDU102_24h/pngs/fig_190.png
    jobid: 52
    wildcards: sample=SDU102_24h, batch=190
    resources: tmpdir=/tmp

Submitted job 52 with external jobid 'Submitted batch job 8272300'.

[Fri Jun 14 16:13:04 2024]
rule png:
    input: /work/frasergen/3D/work/shaojie/script/HiC/3d_model/analysis_3d_model_20240614/02.3d_model/SDU102_24h/SDU102_24h.pdb, /work/frasergen/3D/work/shaojie/script/HiC/3d_model/analysis_3d_model_20240614/02.3d_model/SDU102_24h/SDU102_24h.pml
    output: /work/frasergen/3D/work/shaojie/script/HiC/3d_model/analysis_3d_model_20240614/03.gif/SDU102_24h/pngs/fig_120.png
    jobid: 45
    wildcards: sample=SDU102_24h, batch=120
    resources: tmpdir=/tmp

Submitted job 45 with external jobid 'Submitted batch job 8272302'.

[Fri Jun 14 16:13:04 2024]
rule png:
    input: /work/frasergen/3D/work/shaojie/script/HiC/3d_model/analysis_3d_model_20240614/02.3d_model/SDU102_24h/SDU102_24h.pdb, /work/frasergen/3D/work/shaojie/script/HiC/3d_model/analysis_3d_model_20240614/02.3d_model/SDU102_24h/SDU102_24h.pml
    output: /work/frasergen/3D/work/shaojie/script/HiC/3d_model/analysis_3d_model_20240614/03.gif/SDU102_24h/pngs/fig_060.png
    jobid: 39
    wildcards: sample=SDU102_24h, batch=060
    resources: tmpdir=/tmp

Submitted job 39 with external jobid 'Submitted batch job 8272303'.

[Fri Jun 14 16:13:05 2024]
rule png:
    input: /work/frasergen/3D/work/shaojie/script/HiC/3d_model/analysis_3d_model_20240614/02.3d_model/SDU102_24h/SDU102_24h.pdb, /work/frasergen/3D/work/shaojie/script/HiC/3d_model/analysis_3d_model_20240614/02.3d_model/SDU102_24h/SDU102_24h.pml
    output: /work/frasergen/3D/work/shaojie/script/HiC/3d_model/analysis_3d_model_20240614/03.gif/SDU102_24h/pngs/fig_200.png
    jobid: 53
    wildcards: sample=SDU102_24h, batch=200
    resources: tmpdir=/tmp

Submitted job 53 with external jobid 'Submitted batch job 8272304'.

[Fri Jun 14 16:13:05 2024]
rule png:
    input: /work/frasergen/3D/work/shaojie/script/HiC/3d_model/analysis_3d_model_20240614/02.3d_model/SDU102_24h/SDU102_24h.pdb, /work/frasergen/3D/work/shaojie/script/HiC/3d_model/analysis_3d_model_20240614/02.3d_model/SDU102_24h/SDU102_24h.pml
    output: /work/frasergen/3D/work/shaojie/script/HiC/3d_model/analysis_3d_model_20240614/03.gif/SDU102_24h/pngs/fig_130.png
    jobid: 46
    wildcards: sample=SDU102_24h, batch=130
    resources: tmpdir=/tmp

Submitted job 46 with external jobid 'Submitted batch job 8272305'.

[Fri Jun 14 16:13:05 2024]
rule png:
    input: /work/frasergen/3D/work/shaojie/script/HiC/3d_model/analysis_3d_model_20240614/02.3d_model/SDU102_24h/SDU102_24h.pdb, /work/frasergen/3D/work/shaojie/script/HiC/3d_model/analysis_3d_model_20240614/02.3d_model/SDU102_24h/SDU102_24h.pml
    output: /work/frasergen/3D/work/shaojie/script/HiC/3d_model/analysis_3d_model_20240614/03.gif/SDU102_24h/pngs/fig_070.png
    jobid: 40
    wildcards: sample=SDU102_24h, batch=070
    resources: tmpdir=/tmp

Submitted job 40 with external jobid 'Submitted batch job 8272306'.

[Fri Jun 14 16:13:05 2024]
rule png:
    input: /work/frasergen/3D/work/shaojie/script/HiC/3d_model/analysis_3d_model_20240614/02.3d_model/SDU102_24h/SDU102_24h.pdb, /work/frasergen/3D/work/shaojie/script/HiC/3d_model/analysis_3d_model_20240614/02.3d_model/SDU102_24h/SDU102_24h.pml
    output: /work/frasergen/3D/work/shaojie/script/HiC/3d_model/analysis_3d_model_20240614/03.gif/SDU102_24h/pngs/fig_210.png
    jobid: 54
    wildcards: sample=SDU102_24h, batch=210
    resources: tmpdir=/tmp

Submitted job 54 with external jobid 'Submitted batch job 8272307'.

[Fri Jun 14 16:13:05 2024]
rule chrom:
    input: /work/frasergen/3D/work/shaojie/script/HiC/3d_model/analysis_3d_model_20240614/02.3d_model/SDU102_24h/SDU102_24h.pdb, /work/frasergen/3D/work/shaojie/script/HiC/3d_model/analysis_3d_model_20240614/02.3d_model/SDU102_24h/SDU102_24h.pml
    output: /work/frasergen/3D/work/shaojie/script/HiC/3d_model/analysis_3d_model_20240614/03.gif/SDU102_24h/chrs/chr1/chr1_2.png
    jobid: 5
    wildcards: sample=SDU102_24h, chrom=chr1
    resources: tmpdir=/tmp

Submitted job 5 with external jobid 'Submitted batch job 8272308'.

[Fri Jun 14 16:13:06 2024]
rule png:
    input: /work/frasergen/3D/work/shaojie/script/HiC/3d_model/analysis_3d_model_20240614/02.3d_model/SDU102_24h/SDU102_24h.pdb, /work/frasergen/3D/work/shaojie/script/HiC/3d_model/analysis_3d_model_20240614/02.3d_model/SDU102_24h/SDU102_24h.pml
    output: /work/frasergen/3D/work/shaojie/script/HiC/3d_model/analysis_3d_model_20240614/03.gif/SDU102_24h/pngs/fig_140.png
    jobid: 47
    wildcards: sample=SDU102_24h, batch=140
    resources: tmpdir=/tmp

Submitted job 47 with external jobid 'Submitted batch job 8272309'.

[Fri Jun 14 16:13:06 2024]
rule png:
    input: /work/frasergen/3D/work/shaojie/script/HiC/3d_model/analysis_3d_model_20240614/02.3d_model/SDU102_24h/SDU102_24h.pdb, /work/frasergen/3D/work/shaojie/script/HiC/3d_model/analysis_3d_model_20240614/02.3d_model/SDU102_24h/SDU102_24h.pml
    output: /work/frasergen/3D/work/shaojie/script/HiC/3d_model/analysis_3d_model_20240614/03.gif/SDU102_24h/pngs/fig_010.png
    jobid: 34
    wildcards: sample=SDU102_24h, batch=010
    resources: tmpdir=/tmp

Submitted job 34 with external jobid 'Submitted batch job 8272310'.
[Fri Jun 14 16:13:46 2024]
Finished job 5.
1 of 53 steps (2%) done

[Fri Jun 14 16:13:46 2024]
rule png:
    input: /work/frasergen/3D/work/shaojie/script/HiC/3d_model/analysis_3d_model_20240614/02.3d_model/SDU102_24h/SDU102_24h.pdb, /work/frasergen/3D/work/shaojie/script/HiC/3d_model/analysis_3d_model_20240614/02.3d_model/SDU102_24h/SDU102_24h.pml
    output: /work/frasergen/3D/work/shaojie/script/HiC/3d_model/analysis_3d_model_20240614/03.gif/SDU102_24h/pngs/fig_150.png
    jobid: 48
    wildcards: sample=SDU102_24h, batch=150
    resources: tmpdir=/tmp

Submitted job 48 with external jobid 'Submitted batch job 8272314'.
[Fri Jun 14 16:15:34 2024]
Finished job 37.
2 of 53 steps (4%) done

[Fri Jun 14 16:15:34 2024]
rule png:
    input: /work/frasergen/3D/work/shaojie/script/HiC/3d_model/analysis_3d_model_20240614/02.3d_model/SDU102_48h/SDU102_48h.pdb, /work/frasergen/3D/work/shaojie/script/HiC/3d_model/analysis_3d_model_20240614/02.3d_model/SDU102_48h/SDU102_48h.pml
    output: /work/frasergen/3D/work/shaojie/script/HiC/3d_model/analysis_3d_model_20240614/03.gif/SDU102_48h/pngs/fig_050.png
    jobid: 13
    wildcards: sample=SDU102_48h, batch=050
    resources: tmpdir=/tmp

[Fri Jun 14 16:15:34 2024]
Finished job 44.
3 of 53 steps (6%) done
[Fri Jun 14 16:15:34 2024]
Finished job 38.
4 of 53 steps (8%) done
[Fri Jun 14 16:15:34 2024]
Finished job 52.
5 of 53 steps (9%) done
Submitted job 13 with external jobid 'Submitted batch job 8272326'.
[Fri Jun 14 16:15:34 2024]
Finished job 45.
6 of 53 steps (11%) done

[Fri Jun 14 16:15:34 2024]
rule png:
    input: /work/frasergen/3D/work/shaojie/script/HiC/3d_model/analysis_3d_model_20240614/02.3d_model/SDU102_48h/SDU102_48h.pdb, /work/frasergen/3D/work/shaojie/script/HiC/3d_model/analysis_3d_model_20240614/02.3d_model/SDU102_48h/SDU102_48h.pml
    output: /work/frasergen/3D/work/shaojie/script/HiC/3d_model/analysis_3d_model_20240614/03.gif/SDU102_48h/pngs/fig_060.png
    jobid: 14
    wildcards: sample=SDU102_48h, batch=060
    resources: tmpdir=/tmp

Submitted job 14 with external jobid 'Submitted batch job 8272327'.

[Fri Jun 14 16:15:34 2024]
rule png:
    input: /work/frasergen/3D/work/shaojie/script/HiC/3d_model/analysis_3d_model_20240614/02.3d_model/SDU102_48h/SDU102_48h.pdb, /work/frasergen/3D/work/shaojie/script/HiC/3d_model/analysis_3d_model_20240614/02.3d_model/SDU102_48h/SDU102_48h.pml
    output: /work/frasergen/3D/work/shaojie/script/HiC/3d_model/analysis_3d_model_20240614/03.gif/SDU102_48h/pngs/fig_190.png
    jobid: 27
    wildcards: sample=SDU102_48h, batch=190
    resources: tmpdir=/tmp

Submitted job 27 with external jobid 'Submitted batch job 8272328'.

[Fri Jun 14 16:15:34 2024]
rule png:
    input: /work/frasergen/3D/work/shaojie/script/HiC/3d_model/analysis_3d_model_20240614/02.3d_model/SDU102_48h/SDU102_48h.pdb, /work/frasergen/3D/work/shaojie/script/HiC/3d_model/analysis_3d_model_20240614/02.3d_model/SDU102_48h/SDU102_48h.pml
    output: /work/frasergen/3D/work/shaojie/script/HiC/3d_model/analysis_3d_model_20240614/03.gif/SDU102_48h/pngs/fig_130.png
    jobid: 21
    wildcards: sample=SDU102_48h, batch=130
    resources: tmpdir=/tmp

Submitted job 21 with external jobid 'Submitted batch job 8272329'.

[Fri Jun 14 16:15:34 2024]
rule png:
    input: /work/frasergen/3D/work/shaojie/script/HiC/3d_model/analysis_3d_model_20240614/02.3d_model/SDU102_48h/SDU102_48h.pdb, /work/frasergen/3D/work/shaojie/script/HiC/3d_model/analysis_3d_model_20240614/02.3d_model/SDU102_48h/SDU102_48h.pml
    output: /work/frasergen/3D/work/shaojie/script/HiC/3d_model/analysis_3d_model_20240614/03.gif/SDU102_48h/pngs/fig_200.png
    jobid: 28
    wildcards: sample=SDU102_48h, batch=200
    resources: tmpdir=/tmp

Submitted job 28 with external jobid 'Submitted batch job 8272330'.
[Fri Jun 14 16:15:45 2024]
Finished job 41.
7 of 53 steps (13%) done

[Fri Jun 14 16:15:45 2024]
rule png:
    input: /work/frasergen/3D/work/shaojie/script/HiC/3d_model/analysis_3d_model_20240614/02.3d_model/SDU102_48h/SDU102_48h.pdb, /work/frasergen/3D/work/shaojie/script/HiC/3d_model/analysis_3d_model_20240614/02.3d_model/SDU102_48h/SDU102_48h.pml
    output: /work/frasergen/3D/work/shaojie/script/HiC/3d_model/analysis_3d_model_20240614/03.gif/SDU102_48h/pngs/fig_140.png
    jobid: 22
    wildcards: sample=SDU102_48h, batch=140
    resources: tmpdir=/tmp

[Fri Jun 14 16:15:45 2024]
Finished job 55.
8 of 53 steps (15%) done
[Fri Jun 14 16:15:45 2024]
Finished job 35.
9 of 53 steps (17%) done
[Fri Jun 14 16:15:45 2024]
Finished job 49.
10 of 53 steps (19%) done
Submitted job 22 with external jobid 'Submitted batch job 8272331'.
[Fri Jun 14 16:15:45 2024]
Finished job 42.
11 of 53 steps (21%) done

[Fri Jun 14 16:15:45 2024]
rule png:
    input: /work/frasergen/3D/work/shaojie/script/HiC/3d_model/analysis_3d_model_20240614/02.3d_model/SDU102_48h/SDU102_48h.pdb, /work/frasergen/3D/work/shaojie/script/HiC/3d_model/analysis_3d_model_20240614/02.3d_model/SDU102_48h/SDU102_48h.pml
    output: /work/frasergen/3D/work/shaojie/script/HiC/3d_model/analysis_3d_model_20240614/03.gif/SDU102_48h/pngs/fig_010.png
    jobid: 9
    wildcards: sample=SDU102_48h, batch=010
    resources: tmpdir=/tmp

Submitted job 9 with external jobid 'Submitted batch job 8272332'.

[Fri Jun 14 16:15:45 2024]
rule png:
    input: /work/frasergen/3D/work/shaojie/script/HiC/3d_model/analysis_3d_model_20240614/02.3d_model/SDU102_48h/SDU102_48h.pdb, /work/frasergen/3D/work/shaojie/script/HiC/3d_model/analysis_3d_model_20240614/02.3d_model/SDU102_48h/SDU102_48h.pml
    output: /work/frasergen/3D/work/shaojie/script/HiC/3d_model/analysis_3d_model_20240614/03.gif/SDU102_48h/pngs/fig_070.png
    jobid: 15
    wildcards: sample=SDU102_48h, batch=070
    resources: tmpdir=/tmp

Submitted job 15 with external jobid 'Submitted batch job 8272333'.

[Fri Jun 14 16:15:45 2024]
rule png:
    input: /work/frasergen/3D/work/shaojie/script/HiC/3d_model/analysis_3d_model_20240614/02.3d_model/SDU102_48h/SDU102_48h.pdb, /work/frasergen/3D/work/shaojie/script/HiC/3d_model/analysis_3d_model_20240614/02.3d_model/SDU102_48h/SDU102_48h.pml
    output: /work/frasergen/3D/work/shaojie/script/HiC/3d_model/analysis_3d_model_20240614/03.gif/SDU102_48h/pngs/fig_150.png
    jobid: 23
    wildcards: sample=SDU102_48h, batch=150
    resources: tmpdir=/tmp

Submitted job 23 with external jobid 'Submitted batch job 8272334'.

[Fri Jun 14 16:15:46 2024]
rule png:
    input: /work/frasergen/3D/work/shaojie/script/HiC/3d_model/analysis_3d_model_20240614/02.3d_model/SDU102_48h/SDU102_48h.pdb, /work/frasergen/3D/work/shaojie/script/HiC/3d_model/analysis_3d_model_20240614/02.3d_model/SDU102_48h/SDU102_48h.pml
    output: /work/frasergen/3D/work/shaojie/script/HiC/3d_model/analysis_3d_model_20240614/03.gif/SDU102_48h/pngs/fig_210.png
    jobid: 29
    wildcards: sample=SDU102_48h, batch=210
    resources: tmpdir=/tmp

Submitted job 29 with external jobid 'Submitted batch job 8272335'.
[Fri Jun 14 16:15:46 2024]
Finished job 56.
12 of 53 steps (23%) done

[Fri Jun 14 16:15:46 2024]
rule png:
    input: /work/frasergen/3D/work/shaojie/script/HiC/3d_model/analysis_3d_model_20240614/02.3d_model/SDU102_48h/SDU102_48h.pdb, /work/frasergen/3D/work/shaojie/script/HiC/3d_model/analysis_3d_model_20240614/02.3d_model/SDU102_48h/SDU102_48h.pml
    output: /work/frasergen/3D/work/shaojie/script/HiC/3d_model/analysis_3d_model_20240614/03.gif/SDU102_48h/pngs/fig_020.png
    jobid: 10
    wildcards: sample=SDU102_48h, batch=020
    resources: tmpdir=/tmp

[Fri Jun 14 16:15:46 2024]
Finished job 50.
13 of 53 steps (25%) done
Submitted job 10 with external jobid 'Submitted batch job 8272336'.
[Fri Jun 14 16:15:46 2024]
Finished job 36.
14 of 53 steps (26%) done

[Fri Jun 14 16:15:46 2024]
rule png:
    input: /work/frasergen/3D/work/shaojie/script/HiC/3d_model/analysis_3d_model_20240614/02.3d_model/SDU102_48h/SDU102_48h.pdb, /work/frasergen/3D/work/shaojie/script/HiC/3d_model/analysis_3d_model_20240614/02.3d_model/SDU102_48h/SDU102_48h.pml
    output: /work/frasergen/3D/work/shaojie/script/HiC/3d_model/analysis_3d_model_20240614/03.gif/SDU102_48h/pngs/fig_160.png
    jobid: 24
    wildcards: sample=SDU102_48h, batch=160
    resources: tmpdir=/tmp

[Fri Jun 14 16:15:46 2024]
Finished job 43.
15 of 53 steps (28%) done
[Fri Jun 14 16:15:46 2024]
Finished job 57.
16 of 53 steps (30%) done
Submitted job 24 with external jobid 'Submitted batch job 8272337'.
[Fri Jun 14 16:15:46 2024]
Finished job 51.
17 of 53 steps (32%) done

[Fri Jun 14 16:15:46 2024]
rule png:
    input: /work/frasergen/3D/work/shaojie/script/HiC/3d_model/analysis_3d_model_20240614/02.3d_model/SDU102_48h/SDU102_48h.pdb, /work/frasergen/3D/work/shaojie/script/HiC/3d_model/analysis_3d_model_20240614/02.3d_model/SDU102_48h/SDU102_48h.pml
    output: /work/frasergen/3D/work/shaojie/script/HiC/3d_model/analysis_3d_model_20240614/03.gif/SDU102_48h/pngs/fig_040.png
    jobid: 12
    wildcards: sample=SDU102_48h, batch=040
    resources: tmpdir=/tmp

[Fri Jun 14 16:15:46 2024]
Finished job 39.
18 of 53 steps (34%) done
[Fri Jun 14 16:15:46 2024]
Finished job 53.
19 of 53 steps (36%) done
[Fri Jun 14 16:15:46 2024]
Finished job 46.
20 of 53 steps (38%) done
Submitted job 12 with external jobid 'Submitted batch job 8272338'.
[Fri Jun 14 16:15:46 2024]
Finished job 40.
21 of 53 steps (40%) done

[Fri Jun 14 16:15:46 2024]
rule png:
    input: /work/frasergen/3D/work/shaojie/script/HiC/3d_model/analysis_3d_model_20240614/02.3d_model/SDU102_48h/SDU102_48h.pdb, /work/frasergen/3D/work/shaojie/script/HiC/3d_model/analysis_3d_model_20240614/02.3d_model/SDU102_48h/SDU102_48h.pml
    output: /work/frasergen/3D/work/shaojie/script/HiC/3d_model/analysis_3d_model_20240614/03.gif/SDU102_48h/pngs/fig_180.png
    jobid: 26
    wildcards: sample=SDU102_48h, batch=180
    resources: tmpdir=/tmp

Submitted job 26 with external jobid 'Submitted batch job 8272339'.

[Fri Jun 14 16:15:47 2024]
rule png:
    input: /work/frasergen/3D/work/shaojie/script/HiC/3d_model/analysis_3d_model_20240614/02.3d_model/SDU102_48h/SDU102_48h.pdb, /work/frasergen/3D/work/shaojie/script/HiC/3d_model/analysis_3d_model_20240614/02.3d_model/SDU102_48h/SDU102_48h.pml
    output: /work/frasergen/3D/work/shaojie/script/HiC/3d_model/analysis_3d_model_20240614/03.gif/SDU102_48h/pngs/fig_230.png
    jobid: 31
    wildcards: sample=SDU102_48h, batch=230
    resources: tmpdir=/tmp

Submitted job 31 with external jobid 'Submitted batch job 8272340'.

[Fri Jun 14 16:15:47 2024]
rule png:
    input: /work/frasergen/3D/work/shaojie/script/HiC/3d_model/analysis_3d_model_20240614/02.3d_model/SDU102_48h/SDU102_48h.pdb, /work/frasergen/3D/work/shaojie/script/HiC/3d_model/analysis_3d_model_20240614/02.3d_model/SDU102_48h/SDU102_48h.pml
    output: /work/frasergen/3D/work/shaojie/script/HiC/3d_model/analysis_3d_model_20240614/03.gif/SDU102_48h/pngs/fig_090.png
    jobid: 17
    wildcards: sample=SDU102_48h, batch=090
    resources: tmpdir=/tmp

[Fri Jun 14 16:15:47 2024]
Finished job 54.
22 of 53 steps (42%) done
Submitted job 17 with external jobid 'Submitted batch job 8272341'.

[Fri Jun 14 16:15:47 2024]
rule png:
    input: /work/frasergen/3D/work/shaojie/script/HiC/3d_model/analysis_3d_model_20240614/02.3d_model/SDU102_48h/SDU102_48h.pdb, /work/frasergen/3D/work/shaojie/script/HiC/3d_model/analysis_3d_model_20240614/02.3d_model/SDU102_48h/SDU102_48h.pml
    output: /work/frasergen/3D/work/shaojie/script/HiC/3d_model/analysis_3d_model_20240614/03.gif/SDU102_48h/pngs/fig_110.png
    jobid: 19
    wildcards: sample=SDU102_48h, batch=110
    resources: tmpdir=/tmp

[Fri Jun 14 16:15:47 2024]
Finished job 47.
23 of 53 steps (43%) done
[Fri Jun 14 16:15:47 2024]
Finished job 34.
24 of 53 steps (45%) done
Submitted job 19 with external jobid 'Submitted batch job 8272342'.

[Fri Jun 14 16:15:47 2024]
rule png:
    input: /work/frasergen/3D/work/shaojie/script/HiC/3d_model/analysis_3d_model_20240614/02.3d_model/SDU102_48h/SDU102_48h.pdb, /work/frasergen/3D/work/shaojie/script/HiC/3d_model/analysis_3d_model_20240614/02.3d_model/SDU102_48h/SDU102_48h.pml
    output: /work/frasergen/3D/work/shaojie/script/HiC/3d_model/analysis_3d_model_20240614/03.gif/SDU102_48h/pngs/fig_030.png
    jobid: 11
    wildcards: sample=SDU102_48h, batch=030
    resources: tmpdir=/tmp

Submitted job 11 with external jobid 'Submitted batch job 8272343'.

[Fri Jun 14 16:15:47 2024]
rule png:
    input: /work/frasergen/3D/work/shaojie/script/HiC/3d_model/analysis_3d_model_20240614/02.3d_model/SDU102_48h/SDU102_48h.pdb, /work/frasergen/3D/work/shaojie/script/HiC/3d_model/analysis_3d_model_20240614/02.3d_model/SDU102_48h/SDU102_48h.pml
    output: /work/frasergen/3D/work/shaojie/script/HiC/3d_model/analysis_3d_model_20240614/03.gif/SDU102_48h/pngs/fig_220.png
    jobid: 30
    wildcards: sample=SDU102_48h, batch=220
    resources: tmpdir=/tmp

Submitted job 30 with external jobid 'Submitted batch job 8272344'.

[Fri Jun 14 16:15:48 2024]
rule png:
    input: /work/frasergen/3D/work/shaojie/script/HiC/3d_model/analysis_3d_model_20240614/02.3d_model/SDU102_48h/SDU102_48h.pdb, /work/frasergen/3D/work/shaojie/script/HiC/3d_model/analysis_3d_model_20240614/02.3d_model/SDU102_48h/SDU102_48h.pml
    output: /work/frasergen/3D/work/shaojie/script/HiC/3d_model/analysis_3d_model_20240614/03.gif/SDU102_48h/pngs/fig_240.png
    jobid: 32
    wildcards: sample=SDU102_48h, batch=240
    resources: tmpdir=/tmp

Submitted job 32 with external jobid 'Submitted batch job 8272345'.

[Fri Jun 14 16:15:48 2024]
rule chrom:
    input: /work/frasergen/3D/work/shaojie/script/HiC/3d_model/analysis_3d_model_20240614/02.3d_model/SDU102_48h/SDU102_48h.pdb, /work/frasergen/3D/work/shaojie/script/HiC/3d_model/analysis_3d_model_20240614/02.3d_model/SDU102_48h/SDU102_48h.pml
    output: /work/frasergen/3D/work/shaojie/script/HiC/3d_model/analysis_3d_model_20240614/03.gif/SDU102_48h/chrs/chr1/chr1_2.png
    jobid: 1
    wildcards: sample=SDU102_48h, chrom=chr1
    resources: tmpdir=/tmp

Submitted job 1 with external jobid 'Submitted batch job 8272346'.

[Fri Jun 14 16:15:48 2024]
rule png:
    input: /work/frasergen/3D/work/shaojie/script/HiC/3d_model/analysis_3d_model_20240614/02.3d_model/SDU102_48h/SDU102_48h.pdb, /work/frasergen/3D/work/shaojie/script/HiC/3d_model/analysis_3d_model_20240614/02.3d_model/SDU102_48h/SDU102_48h.pml
    output: /work/frasergen/3D/work/shaojie/script/HiC/3d_model/analysis_3d_model_20240614/03.gif/SDU102_48h/pngs/fig_170.png
    jobid: 25
    wildcards: sample=SDU102_48h, batch=170
    resources: tmpdir=/tmp

Submitted job 25 with external jobid 'Submitted batch job 8272347'.

[Fri Jun 14 16:15:48 2024]
rule png:
    input: /work/frasergen/3D/work/shaojie/script/HiC/3d_model/analysis_3d_model_20240614/02.3d_model/SDU102_48h/SDU102_48h.pdb, /work/frasergen/3D/work/shaojie/script/HiC/3d_model/analysis_3d_model_20240614/02.3d_model/SDU102_48h/SDU102_48h.pml
    output: /work/frasergen/3D/work/shaojie/script/HiC/3d_model/analysis_3d_model_20240614/03.gif/SDU102_48h/pngs/fig_080.png
    jobid: 16
    wildcards: sample=SDU102_48h, batch=080
    resources: tmpdir=/tmp

Submitted job 16 with external jobid 'Submitted batch job 8272348'.
[Fri Jun 14 16:16:22 2024]
Finished job 48.
25 of 53 steps (47%) done

[Fri Jun 14 16:16:22 2024]
rule gif:
    input: /work/frasergen/3D/work/shaojie/script/HiC/3d_model/analysis_3d_model_20240614/03.gif/SDU102_24h/pngs/fig_010.png, /work/frasergen/3D/work/shaojie/script/HiC/3d_model/analysis_3d_model_20240614/03.gif/SDU102_24h/pngs/fig_020.png, /work/frasergen/3D/work/shaojie/script/HiC/3d_model/analysis_3d_model_20240614/03.gif/SDU102_24h/pngs/fig_030.png, /work/frasergen/3D/work/shaojie/script/HiC/3d_model/analysis_3d_model_20240614/03.gif/SDU102_24h/pngs/fig_040.png, /work/frasergen/3D/work/shaojie/script/HiC/3d_model/analysis_3d_model_20240614/03.gif/SDU102_24h/pngs/fig_050.png, /work/frasergen/3D/work/shaojie/script/HiC/3d_model/analysis_3d_model_20240614/03.gif/SDU102_24h/pngs/fig_060.png, /work/frasergen/3D/work/shaojie/script/HiC/3d_model/analysis_3d_model_20240614/03.gif/SDU102_24h/pngs/fig_070.png, /work/frasergen/3D/work/shaojie/script/HiC/3d_model/analysis_3d_model_20240614/03.gif/SDU102_24h/pngs/fig_080.png, /work/frasergen/3D/work/shaojie/script/HiC/3d_model/analysis_3d_model_20240614/03.gif/SDU102_24h/pngs/fig_090.png, /work/frasergen/3D/work/shaojie/script/HiC/3d_model/analysis_3d_model_20240614/03.gif/SDU102_24h/pngs/fig_100.png, /work/frasergen/3D/work/shaojie/script/HiC/3d_model/analysis_3d_model_20240614/03.gif/SDU102_24h/pngs/fig_110.png, /work/frasergen/3D/work/shaojie/script/HiC/3d_model/analysis_3d_model_20240614/03.gif/SDU102_24h/pngs/fig_120.png, /work/frasergen/3D/work/shaojie/script/HiC/3d_model/analysis_3d_model_20240614/03.gif/SDU102_24h/pngs/fig_130.png, /work/frasergen/3D/work/shaojie/script/HiC/3d_model/analysis_3d_model_20240614/03.gif/SDU102_24h/pngs/fig_140.png, /work/frasergen/3D/work/shaojie/script/HiC/3d_model/analysis_3d_model_20240614/03.gif/SDU102_24h/pngs/fig_150.png, /work/frasergen/3D/work/shaojie/script/HiC/3d_model/analysis_3d_model_20240614/03.gif/SDU102_24h/pngs/fig_160.png, /work/frasergen/3D/work/shaojie/script/HiC/3d_model/analysis_3d_model_20240614/03.gif/SDU102_24h/pngs/fig_170.png, /work/frasergen/3D/work/shaojie/script/HiC/3d_model/analysis_3d_model_20240614/03.gif/SDU102_24h/pngs/fig_180.png, /work/frasergen/3D/work/shaojie/script/HiC/3d_model/analysis_3d_model_20240614/03.gif/SDU102_24h/pngs/fig_190.png, /work/frasergen/3D/work/shaojie/script/HiC/3d_model/analysis_3d_model_20240614/03.gif/SDU102_24h/pngs/fig_200.png, /work/frasergen/3D/work/shaojie/script/HiC/3d_model/analysis_3d_model_20240614/03.gif/SDU102_24h/pngs/fig_210.png, /work/frasergen/3D/work/shaojie/script/HiC/3d_model/analysis_3d_model_20240614/03.gif/SDU102_24h/pngs/fig_220.png, /work/frasergen/3D/work/shaojie/script/HiC/3d_model/analysis_3d_model_20240614/03.gif/SDU102_24h/pngs/fig_230.png, /work/frasergen/3D/work/shaojie/script/HiC/3d_model/analysis_3d_model_20240614/03.gif/SDU102_24h/pngs/fig_240.png
    output: /work/frasergen/3D/work/shaojie/script/HiC/3d_model/analysis_3d_model_20240614/03.gif/SDU102_24h/SDU102_24h.gif, /work/frasergen/3D/work/shaojie/script/HiC/3d_model/analysis_3d_model_20240614/03.gif/SDU102_24h/SDU102_24h.mp4
    jobid: 33
    wildcards: sample=SDU102_24h
    resources: tmpdir=/tmp

Submitted job 33 with external jobid 'Submitted batch job 8272349'.
[Fri Jun 14 16:16:23 2024]
Finished job 1.
26 of 53 steps (49%) done

[Fri Jun 14 16:16:23 2024]
rule png:
    input: /work/frasergen/3D/work/shaojie/script/HiC/3d_model/analysis_3d_model_20240614/02.3d_model/SDU102_48h/SDU102_48h.pdb, /work/frasergen/3D/work/shaojie/script/HiC/3d_model/analysis_3d_model_20240614/02.3d_model/SDU102_48h/SDU102_48h.pml
    output: /work/frasergen/3D/work/shaojie/script/HiC/3d_model/analysis_3d_model_20240614/03.gif/SDU102_48h/pngs/fig_100.png
    jobid: 18
    wildcards: sample=SDU102_48h, batch=100
    resources: tmpdir=/tmp

Submitted job 18 with external jobid 'Submitted batch job 8272351'.
[Fri Jun 14 16:17:22 2024]
Finished job 33.
27 of 53 steps (51%) done

[Fri Jun 14 16:17:22 2024]
rule png:
    input: /work/frasergen/3D/work/shaojie/script/HiC/3d_model/analysis_3d_model_20240614/02.3d_model/SDU102_48h/SDU102_48h.pdb, /work/frasergen/3D/work/shaojie/script/HiC/3d_model/analysis_3d_model_20240614/02.3d_model/SDU102_48h/SDU102_48h.pml
    output: /work/frasergen/3D/work/shaojie/script/HiC/3d_model/analysis_3d_model_20240614/03.gif/SDU102_48h/pngs/fig_120.png
    jobid: 20
    wildcards: sample=SDU102_48h, batch=120
    resources: tmpdir=/tmp

Submitted job 20 with external jobid 'Submitted batch job 8272362'.
[Fri Jun 14 16:17:59 2024]
Finished job 21.
28 of 53 steps (53%) done
[Fri Jun 14 16:18:10 2024]
Finished job 22.
29 of 53 steps (55%) done
[Fri Jun 14 16:18:10 2024]
Finished job 9.
30 of 53 steps (57%) done
[Fri Jun 14 16:18:10 2024]
Finished job 15.
31 of 53 steps (58%) done
[Fri Jun 14 16:18:10 2024]
Finished job 10.
32 of 53 steps (60%) done
[Fri Jun 14 16:18:11 2024]
Finished job 31.
33 of 53 steps (62%) done
[Fri Jun 14 16:18:11 2024]
Finished job 17.
34 of 53 steps (64%) done
[Fri Jun 14 16:18:11 2024]
Finished job 28.
35 of 53 steps (66%) done
[Fri Jun 14 16:18:11 2024]
Finished job 32.
36 of 53 steps (68%) done
[Fri Jun 14 16:18:22 2024]
Finished job 23.
37 of 53 steps (70%) done
[Fri Jun 14 16:18:22 2024]
Finished job 29.
38 of 53 steps (72%) done
[Fri Jun 14 16:18:22 2024]
Finished job 24.
39 of 53 steps (74%) done
[Fri Jun 14 16:18:22 2024]
Finished job 12.
40 of 53 steps (75%) done
[Fri Jun 14 16:18:22 2024]
Finished job 26.
41 of 53 steps (77%) done
[Fri Jun 14 16:18:22 2024]
Finished job 13.
42 of 53 steps (79%) done
[Fri Jun 14 16:18:22 2024]
Finished job 14.
43 of 53 steps (81%) done
[Fri Jun 14 16:18:22 2024]
Finished job 27.
44 of 53 steps (83%) done
[Fri Jun 14 16:18:23 2024]
Finished job 11.
45 of 53 steps (85%) done
[Fri Jun 14 16:18:23 2024]
Finished job 30.
46 of 53 steps (87%) done
[Fri Jun 14 16:18:23 2024]
Finished job 25.
47 of 53 steps (89%) done
[Fri Jun 14 16:18:23 2024]
Finished job 16.
48 of 53 steps (91%) done
[Fri Jun 14 16:18:33 2024]
Finished job 19.
49 of 53 steps (92%) done
[Fri Jun 14 16:19:03 2024]
Finished job 18.
50 of 53 steps (94%) done
[Fri Jun 14 16:20:04 2024]
Finished job 20.
51 of 53 steps (96%) done

[Fri Jun 14 16:20:04 2024]
rule gif:
    input: /work/frasergen/3D/work/shaojie/script/HiC/3d_model/analysis_3d_model_20240614/03.gif/SDU102_48h/pngs/fig_010.png, /work/frasergen/3D/work/shaojie/script/HiC/3d_model/analysis_3d_model_20240614/03.gif/SDU102_48h/pngs/fig_020.png, /work/frasergen/3D/work/shaojie/script/HiC/3d_model/analysis_3d_model_20240614/03.gif/SDU102_48h/pngs/fig_030.png, /work/frasergen/3D/work/shaojie/script/HiC/3d_model/analysis_3d_model_20240614/03.gif/SDU102_48h/pngs/fig_040.png, /work/frasergen/3D/work/shaojie/script/HiC/3d_model/analysis_3d_model_20240614/03.gif/SDU102_48h/pngs/fig_050.png, /work/frasergen/3D/work/shaojie/script/HiC/3d_model/analysis_3d_model_20240614/03.gif/SDU102_48h/pngs/fig_060.png, /work/frasergen/3D/work/shaojie/script/HiC/3d_model/analysis_3d_model_20240614/03.gif/SDU102_48h/pngs/fig_070.png, /work/frasergen/3D/work/shaojie/script/HiC/3d_model/analysis_3d_model_20240614/03.gif/SDU102_48h/pngs/fig_080.png, /work/frasergen/3D/work/shaojie/script/HiC/3d_model/analysis_3d_model_20240614/03.gif/SDU102_48h/pngs/fig_090.png, /work/frasergen/3D/work/shaojie/script/HiC/3d_model/analysis_3d_model_20240614/03.gif/SDU102_48h/pngs/fig_100.png, /work/frasergen/3D/work/shaojie/script/HiC/3d_model/analysis_3d_model_20240614/03.gif/SDU102_48h/pngs/fig_110.png, /work/frasergen/3D/work/shaojie/script/HiC/3d_model/analysis_3d_model_20240614/03.gif/SDU102_48h/pngs/fig_120.png, /work/frasergen/3D/work/shaojie/script/HiC/3d_model/analysis_3d_model_20240614/03.gif/SDU102_48h/pngs/fig_130.png, /work/frasergen/3D/work/shaojie/script/HiC/3d_model/analysis_3d_model_20240614/03.gif/SDU102_48h/pngs/fig_140.png, /work/frasergen/3D/work/shaojie/script/HiC/3d_model/analysis_3d_model_20240614/03.gif/SDU102_48h/pngs/fig_150.png, /work/frasergen/3D/work/shaojie/script/HiC/3d_model/analysis_3d_model_20240614/03.gif/SDU102_48h/pngs/fig_160.png, /work/frasergen/3D/work/shaojie/script/HiC/3d_model/analysis_3d_model_20240614/03.gif/SDU102_48h/pngs/fig_170.png, /work/frasergen/3D/work/shaojie/script/HiC/3d_model/analysis_3d_model_20240614/03.gif/SDU102_48h/pngs/fig_180.png, /work/frasergen/3D/work/shaojie/script/HiC/3d_model/analysis_3d_model_20240614/03.gif/SDU102_48h/pngs/fig_190.png, /work/frasergen/3D/work/shaojie/script/HiC/3d_model/analysis_3d_model_20240614/03.gif/SDU102_48h/pngs/fig_200.png, /work/frasergen/3D/work/shaojie/script/HiC/3d_model/analysis_3d_model_20240614/03.gif/SDU102_48h/pngs/fig_210.png, /work/frasergen/3D/work/shaojie/script/HiC/3d_model/analysis_3d_model_20240614/03.gif/SDU102_48h/pngs/fig_220.png, /work/frasergen/3D/work/shaojie/script/HiC/3d_model/analysis_3d_model_20240614/03.gif/SDU102_48h/pngs/fig_230.png, /work/frasergen/3D/work/shaojie/script/HiC/3d_model/analysis_3d_model_20240614/03.gif/SDU102_48h/pngs/fig_240.png
    output: /work/frasergen/3D/work/shaojie/script/HiC/3d_model/analysis_3d_model_20240614/03.gif/SDU102_48h/SDU102_48h.gif, /work/frasergen/3D/work/shaojie/script/HiC/3d_model/analysis_3d_model_20240614/03.gif/SDU102_48h/SDU102_48h.mp4
    jobid: 8
    wildcards: sample=SDU102_48h
    resources: tmpdir=/tmp

Submitted job 8 with external jobid 'Submitted batch job 8272371'.
[Fri Jun 14 16:21:14 2024]
Finished job 8.
52 of 53 steps (98%) done

[Fri Jun 14 16:21:14 2024]
localrule all:
    input: /work/frasergen/3D/work/shaojie/script/HiC/3d_model/analysis_3d_model_20240614/03.gif/SDU102_48h/chrs/chr1/chr1_2.png, /work/frasergen/3D/work/shaojie/script/HiC/3d_model/analysis_3d_model_20240614/03.gif/SDU102_24h/chrs/chr1/chr1_2.png, /work/frasergen/3D/work/shaojie/script/HiC/3d_model/analysis_3d_model_20240614/03.gif/SDU102_48h/SDU102_48h.gif, /work/frasergen/3D/work/shaojie/script/HiC/3d_model/analysis_3d_model_20240614/03.gif/SDU102_24h/SDU102_24h.gif
    jobid: 0
    resources: tmpdir=/tmp

[Fri Jun 14 16:21:14 2024]
Finished job 0.
53 of 53 steps (100%) done
Complete log: /work/frasergen/3D/work/shaojie/script/HiC/3d_model/.snakemake/log/2024-06-14T161255.940120.snakemake.log
