Building DAG of jobs...
Using shell: /usr/bin/bash
Provided cluster nodes: 24
Job stats:
job         count    min threads    max threads
--------  -------  -------------  -------------
fill_pre        1              1              1
matrix          2              1              1
pastis          2              1              1
total           5              1              1


[Tue May  7 11:36:08 2024]
rule fill_pre:
    output: /work/frasergen/backup/3d/project/Interactome/232385_Schizonepeta_tenuifolia/05.personal/analysis_3D_model_20240507/01.matrix_fill/bin.bed
    jobid: 2
    resources: tmpdir=/tmp

bedtools makewindows -g /work/frasergen/backup/3d/project/Interactome/232385_Schizonepeta_tenuifolia/03.HiC/01.ref/genome.fa.fai -w 100000 > /work/frasergen/backup/3d/project/Interactome/232385_Schizonepeta_tenuifolia/05.personal/analysis_3D_model_20240507/01.matrix_fill/bin.bed
Submitted job 2 with external jobid 'Submitted batch job 7577086'.

[Tue May  7 11:36:08 2024]
rule matrix:
    output: /work/frasergen/backup/3d/project/Interactome/232385_Schizonepeta_tenuifolia/05.personal/analysis_3D_model_20240507/01.matrix_fill/Leaf/Leaf_filled_matrix.txt
    jobid: 3
    wildcards: sample=Leaf
    resources: tmpdir=/tmp

Submitted job 3 with external jobid 'Submitted batch job 7577087'.

[Tue May  7 11:36:08 2024]
rule matrix:
    output: /work/frasergen/backup/3d/project/Interactome/232385_Schizonepeta_tenuifolia/05.personal/analysis_3D_model_20240507/01.matrix_fill/Root/Root_filled_matrix.txt
    jobid: 5
    wildcards: sample=Root
    resources: tmpdir=/tmp

Submitted job 5 with external jobid 'Submitted batch job 7577088'.
[Tue May  7 11:36:38 2024]
Finished job 2.
1 of 74 steps (1%) done
