Building DAG of jobs...
Using shell: /usr/bin/bash
Provided cores: 10
Rules claiming more threads will be scaled down.
Job stats:
job            count    min threads    max threads
-----------  -------  -------------  -------------
all                1              1              1
fill_matrix        2              1              1
make_gif           2              1              1
make_pml           2              1              1
pastis             2              1              1
total              9              1              1


[Wed Mar 27 10:13:00 2024]
rule fill_matrix:
    input: /work/frasergen/backup/3d/project/Interactome/240033_kcybgj_20240313/04.HiC/01.ref/asm904v1.fa.fai, /work/frasergen/backup/3d/project/Interactome/240033_kcybgj_20240313/04.HiC/04.map/Bs168/asm904v1/asm904v1-all-MboI-5k_ICed.hm
    output: /work/frasergen/backup/3d/project/Interactome/240033_kcybgj_20240313/04.HiC/14.3d_model/01.matrix_fill/Bs168/work.sh
    jobid: 2
    wildcards: sample=Bs168
    resources: tmpdir=/tmp

[Wed Mar 27 10:13:00 2024]
rule fill_matrix:
    input: /work/frasergen/backup/3d/project/Interactome/240033_kcybgj_20240313/04.HiC/01.ref/asm904v1.fa.fai, /work/frasergen/backup/3d/project/Interactome/240033_kcybgj_20240313/04.HiC/04.map/Delta-abrB/asm904v1/asm904v1-all-MboI-5k_ICed.hm
    output: /work/frasergen/backup/3d/project/Interactome/240033_kcybgj_20240313/04.HiC/14.3d_model/01.matrix_fill/Delta-abrB/work.sh
    jobid: 1
    wildcards: sample=Delta-abrB
    resources: tmpdir=/tmp

[Wed Mar 27 10:13:20 2024]
Finished job 1.
1 of 9 steps (11%) done

[Wed Mar 27 10:13:20 2024]
rule pastis:
    input: /work/frasergen/backup/3d/project/Interactome/240033_kcybgj_20240313/04.HiC/14.3d_model/01.matrix_fill/Delta-abrB/work.sh
    output: /work/frasergen/backup/3d/project/Interactome/240033_kcybgj_20240313/04.HiC/14.3d_model/02.3d_model/Delta-abrB/MDS.asm904v1.fa.fai-5000.pdb
    jobid: 3
    wildcards: sample=Delta-abrB
    resources: tmpdir=/tmp

[Wed Mar 27 10:13:20 2024]
Finished job 2.
2 of 9 steps (22%) done

[Wed Mar 27 10:13:20 2024]
rule pastis:
    input: /work/frasergen/backup/3d/project/Interactome/240033_kcybgj_20240313/04.HiC/14.3d_model/01.matrix_fill/Bs168/work.sh
    output: /work/frasergen/backup/3d/project/Interactome/240033_kcybgj_20240313/04.HiC/14.3d_model/02.3d_model/Bs168/MDS.asm904v1.fa.fai-5000.pdb
    jobid: 4
    wildcards: sample=Bs168
    resources: tmpdir=/tmp

[Wed Mar 27 10:14:03 2024]
Finished job 4.
3 of 9 steps (33%) done

[Wed Mar 27 10:14:03 2024]
rule make_pml:
    input: /work/frasergen/backup/3d/project/Interactome/240033_kcybgj_20240313/04.HiC/14.3d_model/02.3d_model/Bs168/MDS.asm904v1.fa.fai-5000.pdb
    output: /work/frasergen/backup/3d/project/Interactome/240033_kcybgj_20240313/04.HiC/14.3d_model/03.gif/Bs168_gif.pml
    jobid: 6
    wildcards: sample=Bs168
    resources: tmpdir=/tmp

[Wed Mar 27 10:14:03 2024]
Finished job 3.
4 of 9 steps (44%) done

[Wed Mar 27 10:14:03 2024]
rule make_pml:
    input: /work/frasergen/backup/3d/project/Interactome/240033_kcybgj_20240313/04.HiC/14.3d_model/02.3d_model/Delta-abrB/MDS.asm904v1.fa.fai-5000.pdb
    output: /work/frasergen/backup/3d/project/Interactome/240033_kcybgj_20240313/04.HiC/14.3d_model/03.gif/Delta-abrB_gif.pml
    jobid: 5
    wildcards: sample=Delta-abrB
    resources: tmpdir=/tmp

[Wed Mar 27 10:14:19 2024]
Finished job 5.
5 of 9 steps (56%) done

[Wed Mar 27 10:14:19 2024]
rule make_gif:
    input: /work/frasergen/backup/3d/project/Interactome/240033_kcybgj_20240313/04.HiC/14.3d_model/03.gif/Delta-abrB_gif.pml
    output: /work/frasergen/backup/3d/project/Interactome/240033_kcybgj_20240313/04.HiC/14.3d_model/03.gif/Delta-abrB/Delta-abrB.gif, /work/frasergen/backup/3d/project/Interactome/240033_kcybgj_20240313/04.HiC/14.3d_model/03.gif/Delta-abrB/Delta-abrB.mp4, /work/frasergen/backup/3d/project/Interactome/240033_kcybgj_20240313/04.HiC/14.3d_model/03.gif/Delta-abrB/png/png.txt
    jobid: 7
    wildcards: sample=Delta-abrB
    resources: tmpdir=/tmp

[Wed Mar 27 10:14:19 2024]
Finished job 6.
6 of 9 steps (67%) done

[Wed Mar 27 10:14:19 2024]
rule make_gif:
    input: /work/frasergen/backup/3d/project/Interactome/240033_kcybgj_20240313/04.HiC/14.3d_model/03.gif/Bs168_gif.pml
    output: /work/frasergen/backup/3d/project/Interactome/240033_kcybgj_20240313/04.HiC/14.3d_model/03.gif/Bs168/Bs168.gif, /work/frasergen/backup/3d/project/Interactome/240033_kcybgj_20240313/04.HiC/14.3d_model/03.gif/Bs168/Bs168.mp4, /work/frasergen/backup/3d/project/Interactome/240033_kcybgj_20240313/04.HiC/14.3d_model/03.gif/Bs168/png/png.txt
    jobid: 8
    wildcards: sample=Bs168
    resources: tmpdir=/tmp

