Building DAG of jobs...
Using shell: /usr/bin/bash
Provided cluster nodes: 48
Job stats:
job         count    min threads    max threads
--------  -------  -------------  -------------
all             1              1              1
chrom          12              1              1
gif             1              1              1
merge_z         1              1              1
png            24              1              1
rotate_z       18              1              1
total          57              1              1


[Wed May 15 09:16:00 2024]
rule png:
    input: /work/frasergen/3D/work/shaojie/script/HiC/3d_model/231402_rice_20240510/02.3d_model/H-CK-599/H-CK-599.pdb, /work/frasergen/3D/work/shaojie/script/HiC/3d_model/231402_rice_20240510/02.3d_model/H-CK-599/H-CK-599.pml
    output: /work/frasergen/3D/work/shaojie/script/HiC/3d_model/231402_rice_20240510/03.gif/H-CK-599/pngs/fig_110.png
    jobid: 43
    wildcards: sample=H-CK-599, batch=110
    resources: tmpdir=/tmp

Submitted job 43 with external jobid 'Submitted batch job 7726555'.

[Wed May 15 09:16:00 2024]
rule rotate_z:
    input: /work/frasergen/3D/work/shaojie/script/HiC/3d_model/231402_rice_20240510/02.3d_model/H-CK-599/H-CK-599.pml
    output: /work/frasergen/3D/work/shaojie/script/HiC/3d_model/231402_rice_20240510/02.3d_model/H-CK-599/rotate_z/rotate_z_140.png
    jobid: 15
    wildcards: sample=H-CK-599, batch1=140
    resources: tmpdir=/tmp

Submitted job 15 with external jobid 'Submitted batch job 7726556'.

[Wed May 15 09:16:01 2024]
rule chrom:
    input: /work/frasergen/3D/work/shaojie/script/HiC/3d_model/231402_rice_20240510/02.3d_model/H-CK-599/H-CK-599.pdb, /work/frasergen/3D/work/shaojie/script/HiC/3d_model/231402_rice_20240510/02.3d_model/H-CK-599/H-CK-599.pml
    output: /work/frasergen/3D/work/shaojie/script/HiC/3d_model/231402_rice_20240510/03.gif/H-CK-599/chrs/chr10/chr10_2.png
    jobid: 29
    wildcards: sample=H-CK-599, chrom=chr10
    resources: tmpdir=/tmp

Submitted job 29 with external jobid 'Submitted batch job 7726557'.

[Wed May 15 09:16:01 2024]
rule chrom:
    input: /work/frasergen/3D/work/shaojie/script/HiC/3d_model/231402_rice_20240510/02.3d_model/H-CK-599/H-CK-599.pdb, /work/frasergen/3D/work/shaojie/script/HiC/3d_model/231402_rice_20240510/02.3d_model/H-CK-599/H-CK-599.pml
    output: /work/frasergen/3D/work/shaojie/script/HiC/3d_model/231402_rice_20240510/03.gif/H-CK-599/chrs/chr4/chr4_2.png
    jobid: 23
    wildcards: sample=H-CK-599, chrom=chr4
    resources: tmpdir=/tmp

Submitted job 23 with external jobid 'Submitted batch job 7726559'.

[Wed May 15 09:16:01 2024]
rule rotate_z:
    input: /work/frasergen/3D/work/shaojie/script/HiC/3d_model/231402_rice_20240510/02.3d_model/H-CK-599/H-CK-599.pml
    output: /work/frasergen/3D/work/shaojie/script/HiC/3d_model/231402_rice_20240510/02.3d_model/H-CK-599/rotate_z/rotate_z_080.png
    jobid: 9
    wildcards: sample=H-CK-599, batch1=080
    resources: tmpdir=/tmp

Submitted job 9 with external jobid 'Submitted batch job 7726560'.

[Wed May 15 09:16:01 2024]
rule png:
    input: /work/frasergen/3D/work/shaojie/script/HiC/3d_model/231402_rice_20240510/02.3d_model/H-CK-599/H-CK-599.pdb, /work/frasergen/3D/work/shaojie/script/HiC/3d_model/231402_rice_20240510/02.3d_model/H-CK-599/H-CK-599.pml
    output: /work/frasergen/3D/work/shaojie/script/HiC/3d_model/231402_rice_20240510/03.gif/H-CK-599/pngs/fig_050.png
    jobid: 37
    wildcards: sample=H-CK-599, batch=050
    resources: tmpdir=/tmp

Submitted job 37 with external jobid 'Submitted batch job 7726561'.

[Wed May 15 09:16:02 2024]
rule png:
    input: /work/frasergen/3D/work/shaojie/script/HiC/3d_model/231402_rice_20240510/02.3d_model/H-CK-599/H-CK-599.pdb, /work/frasergen/3D/work/shaojie/script/HiC/3d_model/231402_rice_20240510/02.3d_model/H-CK-599/H-CK-599.pml
    output: /work/frasergen/3D/work/shaojie/script/HiC/3d_model/231402_rice_20240510/03.gif/H-CK-599/pngs/fig_190.png
    jobid: 51
    wildcards: sample=H-CK-599, batch=190
    resources: tmpdir=/tmp

Submitted job 51 with external jobid 'Submitted batch job 7726562'.

[Wed May 15 09:16:02 2024]
rule chrom:
    input: /work/frasergen/3D/work/shaojie/script/HiC/3d_model/231402_rice_20240510/02.3d_model/H-CK-599/H-CK-599.pdb, /work/frasergen/3D/work/shaojie/script/HiC/3d_model/231402_rice_20240510/02.3d_model/H-CK-599/H-CK-599.pml
    output: /work/frasergen/3D/work/shaojie/script/HiC/3d_model/231402_rice_20240510/03.gif/H-CK-599/chrs/chr11/chr11_2.png
    jobid: 30
    wildcards: sample=H-CK-599, chrom=chr11
    resources: tmpdir=/tmp

Submitted job 30 with external jobid 'Submitted batch job 7726563'.

[Wed May 15 09:16:02 2024]
rule rotate_z:
    input: /work/frasergen/3D/work/shaojie/script/HiC/3d_model/231402_rice_20240510/02.3d_model/H-CK-599/H-CK-599.pml
    output: /work/frasergen/3D/work/shaojie/script/HiC/3d_model/231402_rice_20240510/02.3d_model/H-CK-599/rotate_z/rotate_z_010.png
    jobid: 2
    wildcards: sample=H-CK-599, batch1=010
    resources: tmpdir=/tmp

Submitted job 2 with external jobid 'Submitted batch job 7726564'.

[Wed May 15 09:16:02 2024]
rule rotate_z:
    input: /work/frasergen/3D/work/shaojie/script/HiC/3d_model/231402_rice_20240510/02.3d_model/H-CK-599/H-CK-599.pml
    output: /work/frasergen/3D/work/shaojie/script/HiC/3d_model/231402_rice_20240510/02.3d_model/H-CK-599/rotate_z/rotate_z_150.png
    jobid: 16
    wildcards: sample=H-CK-599, batch1=150
    resources: tmpdir=/tmp

Submitted job 16 with external jobid 'Submitted batch job 7726565'.

[Wed May 15 09:16:03 2024]
rule png:
    input: /work/frasergen/3D/work/shaojie/script/HiC/3d_model/231402_rice_20240510/02.3d_model/H-CK-599/H-CK-599.pdb, /work/frasergen/3D/work/shaojie/script/HiC/3d_model/231402_rice_20240510/02.3d_model/H-CK-599/H-CK-599.pml
    output: /work/frasergen/3D/work/shaojie/script/HiC/3d_model/231402_rice_20240510/03.gif/H-CK-599/pngs/fig_120.png
    jobid: 44
    wildcards: sample=H-CK-599, batch=120
    resources: tmpdir=/tmp

Submitted job 44 with external jobid 'Submitted batch job 7726566'.

[Wed May 15 09:16:03 2024]
rule png:
    input: /work/frasergen/3D/work/shaojie/script/HiC/3d_model/231402_rice_20240510/02.3d_model/H-CK-599/H-CK-599.pdb, /work/frasergen/3D/work/shaojie/script/HiC/3d_model/231402_rice_20240510/02.3d_model/H-CK-599/H-CK-599.pml
    output: /work/frasergen/3D/work/shaojie/script/HiC/3d_model/231402_rice_20240510/03.gif/H-CK-599/pngs/fig_060.png
    jobid: 38
    wildcards: sample=H-CK-599, batch=060
    resources: tmpdir=/tmp

Submitted job 38 with external jobid 'Submitted batch job 7726567'.

[Wed May 15 09:16:03 2024]
rule png:
    input: /work/frasergen/3D/work/shaojie/script/HiC/3d_model/231402_rice_20240510/02.3d_model/H-CK-599/H-CK-599.pdb, /work/frasergen/3D/work/shaojie/script/HiC/3d_model/231402_rice_20240510/02.3d_model/H-CK-599/H-CK-599.pml
    output: /work/frasergen/3D/work/shaojie/script/HiC/3d_model/231402_rice_20240510/03.gif/H-CK-599/pngs/fig_200.png
    jobid: 52
    wildcards: sample=H-CK-599, batch=200
    resources: tmpdir=/tmp

Submitted job 52 with external jobid 'Submitted batch job 7726568'.

[Wed May 15 09:16:03 2024]
rule rotate_z:
    input: /work/frasergen/3D/work/shaojie/script/HiC/3d_model/231402_rice_20240510/02.3d_model/H-CK-599/H-CK-599.pml
    output: /work/frasergen/3D/work/shaojie/script/HiC/3d_model/231402_rice_20240510/02.3d_model/H-CK-599/rotate_z/rotate_z_090.png
    jobid: 10
    wildcards: sample=H-CK-599, batch1=090
    resources: tmpdir=/tmp

Submitted job 10 with external jobid 'Submitted batch job 7726569'.

[Wed May 15 09:16:03 2024]
rule chrom:
    input: /work/frasergen/3D/work/shaojie/script/HiC/3d_model/231402_rice_20240510/02.3d_model/H-CK-599/H-CK-599.pdb, /work/frasergen/3D/work/shaojie/script/HiC/3d_model/231402_rice_20240510/02.3d_model/H-CK-599/H-CK-599.pml
    output: /work/frasergen/3D/work/shaojie/script/HiC/3d_model/231402_rice_20240510/03.gif/H-CK-599/chrs/chr5/chr5_2.png
    jobid: 24
    wildcards: sample=H-CK-599, chrom=chr5
    resources: tmpdir=/tmp

Submitted job 24 with external jobid 'Submitted batch job 7726570'.

[Wed May 15 09:16:04 2024]
rule chrom:
    input: /work/frasergen/3D/work/shaojie/script/HiC/3d_model/231402_rice_20240510/02.3d_model/H-CK-599/H-CK-599.pdb, /work/frasergen/3D/work/shaojie/script/HiC/3d_model/231402_rice_20240510/02.3d_model/H-CK-599/H-CK-599.pml
    output: /work/frasergen/3D/work/shaojie/script/HiC/3d_model/231402_rice_20240510/03.gif/H-CK-599/chrs/chr12/chr12_2.png
    jobid: 31
    wildcards: sample=H-CK-599, chrom=chr12
    resources: tmpdir=/tmp

Submitted job 31 with external jobid 'Submitted batch job 7726571'.

[Wed May 15 09:16:04 2024]
rule rotate_z:
    input: /work/frasergen/3D/work/shaojie/script/HiC/3d_model/231402_rice_20240510/02.3d_model/H-CK-599/H-CK-599.pml
    output: /work/frasergen/3D/work/shaojie/script/HiC/3d_model/231402_rice_20240510/02.3d_model/H-CK-599/rotate_z/rotate_z_020.png
    jobid: 3
    wildcards: sample=H-CK-599, batch1=020
    resources: tmpdir=/tmp

Submitted job 3 with external jobid 'Submitted batch job 7726572'.

[Wed May 15 09:16:04 2024]
rule rotate_z:
    input: /work/frasergen/3D/work/shaojie/script/HiC/3d_model/231402_rice_20240510/02.3d_model/H-CK-599/H-CK-599.pml
    output: /work/frasergen/3D/work/shaojie/script/HiC/3d_model/231402_rice_20240510/02.3d_model/H-CK-599/rotate_z/rotate_z_160.png
    jobid: 17
    wildcards: sample=H-CK-599, batch1=160
    resources: tmpdir=/tmp

Submitted job 17 with external jobid 'Submitted batch job 7726573'.

[Wed May 15 09:16:04 2024]
rule png:
    input: /work/frasergen/3D/work/shaojie/script/HiC/3d_model/231402_rice_20240510/02.3d_model/H-CK-599/H-CK-599.pdb, /work/frasergen/3D/work/shaojie/script/HiC/3d_model/231402_rice_20240510/02.3d_model/H-CK-599/H-CK-599.pml
    output: /work/frasergen/3D/work/shaojie/script/HiC/3d_model/231402_rice_20240510/03.gif/H-CK-599/pngs/fig_130.png
    jobid: 45
    wildcards: sample=H-CK-599, batch=130
    resources: tmpdir=/tmp

Submitted job 45 with external jobid 'Submitted batch job 7726574'.

[Wed May 15 09:16:05 2024]
rule chrom:
    input: /work/frasergen/3D/work/shaojie/script/HiC/3d_model/231402_rice_20240510/02.3d_model/H-CK-599/H-CK-599.pdb, /work/frasergen/3D/work/shaojie/script/HiC/3d_model/231402_rice_20240510/02.3d_model/H-CK-599/H-CK-599.pml
    output: /work/frasergen/3D/work/shaojie/script/HiC/3d_model/231402_rice_20240510/03.gif/H-CK-599/chrs/chr6/chr6_2.png
    jobid: 25
    wildcards: sample=H-CK-599, chrom=chr6
    resources: tmpdir=/tmp

Submitted job 25 with external jobid 'Submitted batch job 7726575'.

[Wed May 15 09:16:05 2024]
rule rotate_z:
    input: /work/frasergen/3D/work/shaojie/script/HiC/3d_model/231402_rice_20240510/02.3d_model/H-CK-599/H-CK-599.pml
    output: /work/frasergen/3D/work/shaojie/script/HiC/3d_model/231402_rice_20240510/02.3d_model/H-CK-599/rotate_z/rotate_z_100.png
    jobid: 11
    wildcards: sample=H-CK-599, batch1=100
    resources: tmpdir=/tmp

Submitted job 11 with external jobid 'Submitted batch job 7726576'.

[Wed May 15 09:16:05 2024]
rule png:
    input: /work/frasergen/3D/work/shaojie/script/HiC/3d_model/231402_rice_20240510/02.3d_model/H-CK-599/H-CK-599.pdb, /work/frasergen/3D/work/shaojie/script/HiC/3d_model/231402_rice_20240510/02.3d_model/H-CK-599/H-CK-599.pml
    output: /work/frasergen/3D/work/shaojie/script/HiC/3d_model/231402_rice_20240510/03.gif/H-CK-599/pngs/fig_070.png
    jobid: 39
    wildcards: sample=H-CK-599, batch=070
    resources: tmpdir=/tmp

Submitted job 39 with external jobid 'Submitted batch job 7726577'.

[Wed May 15 09:16:05 2024]
rule png:
    input: /work/frasergen/3D/work/shaojie/script/HiC/3d_model/231402_rice_20240510/02.3d_model/H-CK-599/H-CK-599.pdb, /work/frasergen/3D/work/shaojie/script/HiC/3d_model/231402_rice_20240510/02.3d_model/H-CK-599/H-CK-599.pml
    output: /work/frasergen/3D/work/shaojie/script/HiC/3d_model/231402_rice_20240510/03.gif/H-CK-599/pngs/fig_210.png
    jobid: 53
    wildcards: sample=H-CK-599, batch=210
    resources: tmpdir=/tmp

Submitted job 53 with external jobid 'Submitted batch job 7726578'.

[Wed May 15 09:16:05 2024]
rule rotate_z:
    input: /work/frasergen/3D/work/shaojie/script/HiC/3d_model/231402_rice_20240510/02.3d_model/H-CK-599/H-CK-599.pml
    output: /work/frasergen/3D/work/shaojie/script/HiC/3d_model/231402_rice_20240510/02.3d_model/H-CK-599/rotate_z/rotate_z_030.png
    jobid: 4
    wildcards: sample=H-CK-599, batch1=030
    resources: tmpdir=/tmp

Submitted job 4 with external jobid 'Submitted batch job 7726579'.

[Wed May 15 09:16:06 2024]
rule rotate_z:
    input: /work/frasergen/3D/work/shaojie/script/HiC/3d_model/231402_rice_20240510/02.3d_model/H-CK-599/H-CK-599.pml
    output: /work/frasergen/3D/work/shaojie/script/HiC/3d_model/231402_rice_20240510/02.3d_model/H-CK-599/rotate_z/rotate_z_170.png
    jobid: 18
    wildcards: sample=H-CK-599, batch1=170
    resources: tmpdir=/tmp

Submitted job 18 with external jobid 'Submitted batch job 7726580'.

[Wed May 15 09:16:06 2024]
rule png:
    input: /work/frasergen/3D/work/shaojie/script/HiC/3d_model/231402_rice_20240510/02.3d_model/H-CK-599/H-CK-599.pdb, /work/frasergen/3D/work/shaojie/script/HiC/3d_model/231402_rice_20240510/02.3d_model/H-CK-599/H-CK-599.pml
    output: /work/frasergen/3D/work/shaojie/script/HiC/3d_model/231402_rice_20240510/03.gif/H-CK-599/pngs/fig_140.png
    jobid: 46
    wildcards: sample=H-CK-599, batch=140
    resources: tmpdir=/tmp

Submitted job 46 with external jobid 'Submitted batch job 7726581'.

[Wed May 15 09:16:06 2024]
rule chrom:
    input: /work/frasergen/3D/work/shaojie/script/HiC/3d_model/231402_rice_20240510/02.3d_model/H-CK-599/H-CK-599.pdb, /work/frasergen/3D/work/shaojie/script/HiC/3d_model/231402_rice_20240510/02.3d_model/H-CK-599/H-CK-599.pml
    output: /work/frasergen/3D/work/shaojie/script/HiC/3d_model/231402_rice_20240510/03.gif/H-CK-599/chrs/chr7/chr7_2.png
    jobid: 26
    wildcards: sample=H-CK-599, chrom=chr7
    resources: tmpdir=/tmp

Submitted job 26 with external jobid 'Submitted batch job 7726582'.

[Wed May 15 09:16:06 2024]
rule rotate_z:
    input: /work/frasergen/3D/work/shaojie/script/HiC/3d_model/231402_rice_20240510/02.3d_model/H-CK-599/H-CK-599.pml
    output: /work/frasergen/3D/work/shaojie/script/HiC/3d_model/231402_rice_20240510/02.3d_model/H-CK-599/rotate_z/rotate_z_110.png
    jobid: 12
    wildcards: sample=H-CK-599, batch1=110
    resources: tmpdir=/tmp

Submitted job 12 with external jobid 'Submitted batch job 7726583'.

[Wed May 15 09:16:07 2024]
rule png:
    input: /work/frasergen/3D/work/shaojie/script/HiC/3d_model/231402_rice_20240510/02.3d_model/H-CK-599/H-CK-599.pdb, /work/frasergen/3D/work/shaojie/script/HiC/3d_model/231402_rice_20240510/02.3d_model/H-CK-599/H-CK-599.pml
    output: /work/frasergen/3D/work/shaojie/script/HiC/3d_model/231402_rice_20240510/03.gif/H-CK-599/pngs/fig_080.png
    jobid: 40
    wildcards: sample=H-CK-599, batch=080
    resources: tmpdir=/tmp

Submitted job 40 with external jobid 'Submitted batch job 7726584'.

[Wed May 15 09:16:07 2024]
rule png:
    input: /work/frasergen/3D/work/shaojie/script/HiC/3d_model/231402_rice_20240510/02.3d_model/H-CK-599/H-CK-599.pdb, /work/frasergen/3D/work/shaojie/script/HiC/3d_model/231402_rice_20240510/02.3d_model/H-CK-599/H-CK-599.pml
    output: /work/frasergen/3D/work/shaojie/script/HiC/3d_model/231402_rice_20240510/03.gif/H-CK-599/pngs/fig_220.png
    jobid: 54
    wildcards: sample=H-CK-599, batch=220
    resources: tmpdir=/tmp

Submitted job 54 with external jobid 'Submitted batch job 7726585'.

[Wed May 15 09:16:07 2024]
rule rotate_z:
    input: /work/frasergen/3D/work/shaojie/script/HiC/3d_model/231402_rice_20240510/02.3d_model/H-CK-599/H-CK-599.pml
    output: /work/frasergen/3D/work/shaojie/script/HiC/3d_model/231402_rice_20240510/02.3d_model/H-CK-599/rotate_z/rotate_z_040.png
    jobid: 5
    wildcards: sample=H-CK-599, batch1=040
    resources: tmpdir=/tmp

Submitted job 5 with external jobid 'Submitted batch job 7726586'.

[Wed May 15 09:16:07 2024]
rule png:
    input: /work/frasergen/3D/work/shaojie/script/HiC/3d_model/231402_rice_20240510/02.3d_model/H-CK-599/H-CK-599.pdb, /work/frasergen/3D/work/shaojie/script/HiC/3d_model/231402_rice_20240510/02.3d_model/H-CK-599/H-CK-599.pml
    output: /work/frasergen/3D/work/shaojie/script/HiC/3d_model/231402_rice_20240510/03.gif/H-CK-599/pngs/fig_010.png
    jobid: 33
    wildcards: sample=H-CK-599, batch=010
    resources: tmpdir=/tmp

Submitted job 33 with external jobid 'Submitted batch job 7726587'.

[Wed May 15 09:16:08 2024]
rule png:
    input: /work/frasergen/3D/work/shaojie/script/HiC/3d_model/231402_rice_20240510/02.3d_model/H-CK-599/H-CK-599.pdb, /work/frasergen/3D/work/shaojie/script/HiC/3d_model/231402_rice_20240510/02.3d_model/H-CK-599/H-CK-599.pml
    output: /work/frasergen/3D/work/shaojie/script/HiC/3d_model/231402_rice_20240510/03.gif/H-CK-599/pngs/fig_150.png
    jobid: 47
    wildcards: sample=H-CK-599, batch=150
    resources: tmpdir=/tmp

Submitted job 47 with external jobid 'Submitted batch job 7726588'.

[Wed May 15 09:16:08 2024]
rule chrom:
    input: /work/frasergen/3D/work/shaojie/script/HiC/3d_model/231402_rice_20240510/02.3d_model/H-CK-599/H-CK-599.pdb, /work/frasergen/3D/work/shaojie/script/HiC/3d_model/231402_rice_20240510/02.3d_model/H-CK-599/H-CK-599.pml
    output: /work/frasergen/3D/work/shaojie/script/HiC/3d_model/231402_rice_20240510/03.gif/H-CK-599/chrs/chr8/chr8_2.png
    jobid: 27
    wildcards: sample=H-CK-599, chrom=chr8
    resources: tmpdir=/tmp

Submitted job 27 with external jobid 'Submitted batch job 7726589'.

[Wed May 15 09:16:08 2024]
rule png:
    input: /work/frasergen/3D/work/shaojie/script/HiC/3d_model/231402_rice_20240510/02.3d_model/H-CK-599/H-CK-599.pdb, /work/frasergen/3D/work/shaojie/script/HiC/3d_model/231402_rice_20240510/02.3d_model/H-CK-599/H-CK-599.pml
    output: /work/frasergen/3D/work/shaojie/script/HiC/3d_model/231402_rice_20240510/03.gif/H-CK-599/pngs/fig_090.png
    jobid: 41
    wildcards: sample=H-CK-599, batch=090
    resources: tmpdir=/tmp

Submitted job 41 with external jobid 'Submitted batch job 7726590'.

[Wed May 15 09:16:08 2024]
rule png:
    input: /work/frasergen/3D/work/shaojie/script/HiC/3d_model/231402_rice_20240510/02.3d_model/H-CK-599/H-CK-599.pdb, /work/frasergen/3D/work/shaojie/script/HiC/3d_model/231402_rice_20240510/02.3d_model/H-CK-599/H-CK-599.pml
    output: /work/frasergen/3D/work/shaojie/script/HiC/3d_model/231402_rice_20240510/03.gif/H-CK-599/pngs/fig_230.png
    jobid: 55
    wildcards: sample=H-CK-599, batch=230
    resources: tmpdir=/tmp

Submitted job 55 with external jobid 'Submitted batch job 7726591'.

[Wed May 15 09:16:09 2024]
rule png:
    input: /work/frasergen/3D/work/shaojie/script/HiC/3d_model/231402_rice_20240510/02.3d_model/H-CK-599/H-CK-599.pdb, /work/frasergen/3D/work/shaojie/script/HiC/3d_model/231402_rice_20240510/02.3d_model/H-CK-599/H-CK-599.pml
    output: /work/frasergen/3D/work/shaojie/script/HiC/3d_model/231402_rice_20240510/03.gif/H-CK-599/pngs/fig_040.png
    jobid: 36
    wildcards: sample=H-CK-599, batch=040
    resources: tmpdir=/tmp

Submitted job 36 with external jobid 'Submitted batch job 7726592'.

[Wed May 15 09:16:09 2024]
rule chrom:
    input: /work/frasergen/3D/work/shaojie/script/HiC/3d_model/231402_rice_20240510/02.3d_model/H-CK-599/H-CK-599.pdb, /work/frasergen/3D/work/shaojie/script/HiC/3d_model/231402_rice_20240510/02.3d_model/H-CK-599/H-CK-599.pml
    output: /work/frasergen/3D/work/shaojie/script/HiC/3d_model/231402_rice_20240510/03.gif/H-CK-599/chrs/chr3/chr3_2.png
    jobid: 22
    wildcards: sample=H-CK-599, chrom=chr3
    resources: tmpdir=/tmp

Submitted job 22 with external jobid 'Submitted batch job 7726593'.

[Wed May 15 09:16:09 2024]
rule chrom:
    input: /work/frasergen/3D/work/shaojie/script/HiC/3d_model/231402_rice_20240510/02.3d_model/H-CK-599/H-CK-599.pdb, /work/frasergen/3D/work/shaojie/script/HiC/3d_model/231402_rice_20240510/02.3d_model/H-CK-599/H-CK-599.pml
    output: /work/frasergen/3D/work/shaojie/script/HiC/3d_model/231402_rice_20240510/03.gif/H-CK-599/chrs/chr1/chr1_2.png
    jobid: 20
    wildcards: sample=H-CK-599, chrom=chr1
    resources: tmpdir=/tmp

Submitted job 20 with external jobid 'Submitted batch job 7726594'.

[Wed May 15 09:16:09 2024]
rule png:
    input: /work/frasergen/3D/work/shaojie/script/HiC/3d_model/231402_rice_20240510/02.3d_model/H-CK-599/H-CK-599.pdb, /work/frasergen/3D/work/shaojie/script/HiC/3d_model/231402_rice_20240510/02.3d_model/H-CK-599/H-CK-599.pml
    output: /work/frasergen/3D/work/shaojie/script/HiC/3d_model/231402_rice_20240510/03.gif/H-CK-599/pngs/fig_020.png
    jobid: 34
    wildcards: sample=H-CK-599, batch=020
    resources: tmpdir=/tmp

Submitted job 34 with external jobid 'Submitted batch job 7726595'.

[Wed May 15 09:16:10 2024]
rule png:
    input: /work/frasergen/3D/work/shaojie/script/HiC/3d_model/231402_rice_20240510/02.3d_model/H-CK-599/H-CK-599.pdb, /work/frasergen/3D/work/shaojie/script/HiC/3d_model/231402_rice_20240510/02.3d_model/H-CK-599/H-CK-599.pml
    output: /work/frasergen/3D/work/shaojie/script/HiC/3d_model/231402_rice_20240510/03.gif/H-CK-599/pngs/fig_160.png
    jobid: 48
    wildcards: sample=H-CK-599, batch=160
    resources: tmpdir=/tmp

Submitted job 48 with external jobid 'Submitted batch job 7726596'.

[Wed May 15 09:16:10 2024]
rule chrom:
    input: /work/frasergen/3D/work/shaojie/script/HiC/3d_model/231402_rice_20240510/02.3d_model/H-CK-599/H-CK-599.pdb, /work/frasergen/3D/work/shaojie/script/HiC/3d_model/231402_rice_20240510/02.3d_model/H-CK-599/H-CK-599.pml
    output: /work/frasergen/3D/work/shaojie/script/HiC/3d_model/231402_rice_20240510/03.gif/H-CK-599/chrs/chr9/chr9_2.png
    jobid: 28
    wildcards: sample=H-CK-599, chrom=chr9
    resources: tmpdir=/tmp

Submitted job 28 with external jobid 'Submitted batch job 7726597'.

[Wed May 15 09:16:10 2024]
rule png:
    input: /work/frasergen/3D/work/shaojie/script/HiC/3d_model/231402_rice_20240510/02.3d_model/H-CK-599/H-CK-599.pdb, /work/frasergen/3D/work/shaojie/script/HiC/3d_model/231402_rice_20240510/02.3d_model/H-CK-599/H-CK-599.pml
    output: /work/frasergen/3D/work/shaojie/script/HiC/3d_model/231402_rice_20240510/03.gif/H-CK-599/pngs/fig_100.png
    jobid: 42
    wildcards: sample=H-CK-599, batch=100
    resources: tmpdir=/tmp

Submitted job 42 with external jobid 'Submitted batch job 7726598'.

[Wed May 15 09:16:10 2024]
rule png:
    input: /work/frasergen/3D/work/shaojie/script/HiC/3d_model/231402_rice_20240510/02.3d_model/H-CK-599/H-CK-599.pdb, /work/frasergen/3D/work/shaojie/script/HiC/3d_model/231402_rice_20240510/02.3d_model/H-CK-599/H-CK-599.pml
    output: /work/frasergen/3D/work/shaojie/script/HiC/3d_model/231402_rice_20240510/03.gif/H-CK-599/pngs/fig_240.png
    jobid: 56
    wildcards: sample=H-CK-599, batch=240
    resources: tmpdir=/tmp

Submitted job 56 with external jobid 'Submitted batch job 7726599'.

[Wed May 15 09:16:10 2024]
rule chrom:
    input: /work/frasergen/3D/work/shaojie/script/HiC/3d_model/231402_rice_20240510/02.3d_model/H-CK-599/H-CK-599.pdb, /work/frasergen/3D/work/shaojie/script/HiC/3d_model/231402_rice_20240510/02.3d_model/H-CK-599/H-CK-599.pml
    output: /work/frasergen/3D/work/shaojie/script/HiC/3d_model/231402_rice_20240510/03.gif/H-CK-599/chrs/chr2/chr2_2.png
    jobid: 21
    wildcards: sample=H-CK-599, chrom=chr2
    resources: tmpdir=/tmp

Submitted job 21 with external jobid 'Submitted batch job 7726600'.

[Wed May 15 09:16:11 2024]
rule png:
    input: /work/frasergen/3D/work/shaojie/script/HiC/3d_model/231402_rice_20240510/02.3d_model/H-CK-599/H-CK-599.pdb, /work/frasergen/3D/work/shaojie/script/HiC/3d_model/231402_rice_20240510/02.3d_model/H-CK-599/H-CK-599.pml
    output: /work/frasergen/3D/work/shaojie/script/HiC/3d_model/231402_rice_20240510/03.gif/H-CK-599/pngs/fig_030.png
    jobid: 35
    wildcards: sample=H-CK-599, batch=030
    resources: tmpdir=/tmp

Submitted job 35 with external jobid 'Submitted batch job 7726601'.

[Wed May 15 09:16:11 2024]
rule png:
    input: /work/frasergen/3D/work/shaojie/script/HiC/3d_model/231402_rice_20240510/02.3d_model/H-CK-599/H-CK-599.pdb, /work/frasergen/3D/work/shaojie/script/HiC/3d_model/231402_rice_20240510/02.3d_model/H-CK-599/H-CK-599.pml
    output: /work/frasergen/3D/work/shaojie/script/HiC/3d_model/231402_rice_20240510/03.gif/H-CK-599/pngs/fig_170.png
    jobid: 49
    wildcards: sample=H-CK-599, batch=170
    resources: tmpdir=/tmp

[Wed May 15 09:16:11 2024]
Error in rule rotate_z:
    jobid: 3
    output: /work/frasergen/3D/work/shaojie/script/HiC/3d_model/231402_rice_20240510/02.3d_model/H-CK-599/rotate_z/rotate_z_020.png
    cluster_jobid: Submitted batch job 7726572

Error executing rule rotate_z on cluster (jobid: 3, external: Submitted batch job 7726572, jobscript: /work/frasergen/3D/work/shaojie/script/HiC/3d_model/.snakemake/tmp.1evfou62/snakejob.rotate_z.3.sh). For error details see the cluster log and the log files of the involved rule(s).
[Wed May 15 09:16:11 2024]
Error in rule rotate_z:
    jobid: 17
    output: /work/frasergen/3D/work/shaojie/script/HiC/3d_model/231402_rice_20240510/02.3d_model/H-CK-599/rotate_z/rotate_z_160.png
    cluster_jobid: Submitted batch job 7726573

Error executing rule rotate_z on cluster (jobid: 17, external: Submitted batch job 7726573, jobscript: /work/frasergen/3D/work/shaojie/script/HiC/3d_model/.snakemake/tmp.1evfou62/snakejob.rotate_z.17.sh). For error details see the cluster log and the log files of the involved rule(s).
Submitted job 49 with external jobid 'Submitted batch job 7726602'.

[Wed May 15 09:16:11 2024]
rule png:
    input: /work/frasergen/3D/work/shaojie/script/HiC/3d_model/231402_rice_20240510/02.3d_model/H-CK-599/H-CK-599.pdb, /work/frasergen/3D/work/shaojie/script/HiC/3d_model/231402_rice_20240510/02.3d_model/H-CK-599/H-CK-599.pml
    output: /work/frasergen/3D/work/shaojie/script/HiC/3d_model/231402_rice_20240510/03.gif/H-CK-599/pngs/fig_180.png
    jobid: 50
    wildcards: sample=H-CK-599, batch=180
    resources: tmpdir=/tmp

Submitted job 50 with external jobid 'Submitted batch job 7726603'.
[Wed May 15 09:16:12 2024]
Error in rule rotate_z:
    jobid: 11
    output: /work/frasergen/3D/work/shaojie/script/HiC/3d_model/231402_rice_20240510/02.3d_model/H-CK-599/rotate_z/rotate_z_100.png
    cluster_jobid: Submitted batch job 7726576

Error executing rule rotate_z on cluster (jobid: 11, external: Submitted batch job 7726576, jobscript: /work/frasergen/3D/work/shaojie/script/HiC/3d_model/.snakemake/tmp.1evfou62/snakejob.rotate_z.11.sh). For error details see the cluster log and the log files of the involved rule(s).
[Wed May 15 09:16:24 2024]
Finished job 21.
1 of 57 steps (2%) done
[Wed May 15 09:16:24 2024]
Error in rule rotate_z:
    jobid: 15
    output: /work/frasergen/3D/work/shaojie/script/HiC/3d_model/231402_rice_20240510/02.3d_model/H-CK-599/rotate_z/rotate_z_140.png
    cluster_jobid: Submitted batch job 7726556

Error executing rule rotate_z on cluster (jobid: 15, external: Submitted batch job 7726556, jobscript: /work/frasergen/3D/work/shaojie/script/HiC/3d_model/.snakemake/tmp.1evfou62/snakejob.rotate_z.15.sh). For error details see the cluster log and the log files of the involved rule(s).
[Wed May 15 09:16:25 2024]
Error in rule rotate_z:
    jobid: 9
    output: /work/frasergen/3D/work/shaojie/script/HiC/3d_model/231402_rice_20240510/02.3d_model/H-CK-599/rotate_z/rotate_z_080.png
    cluster_jobid: Submitted batch job 7726560

Error executing rule rotate_z on cluster (jobid: 9, external: Submitted batch job 7726560, jobscript: /work/frasergen/3D/work/shaojie/script/HiC/3d_model/.snakemake/tmp.1evfou62/snakejob.rotate_z.9.sh). For error details see the cluster log and the log files of the involved rule(s).
[Wed May 15 09:16:25 2024]
Finished job 30.
2 of 57 steps (4%) done
[Wed May 15 09:16:25 2024]
Error in rule rotate_z:
    jobid: 2
    output: /work/frasergen/3D/work/shaojie/script/HiC/3d_model/231402_rice_20240510/02.3d_model/H-CK-599/rotate_z/rotate_z_010.png
    cluster_jobid: Submitted batch job 7726564

Error executing rule rotate_z on cluster (jobid: 2, external: Submitted batch job 7726564, jobscript: /work/frasergen/3D/work/shaojie/script/HiC/3d_model/.snakemake/tmp.1evfou62/snakejob.rotate_z.2.sh). For error details see the cluster log and the log files of the involved rule(s).
[Wed May 15 09:16:25 2024]
Error in rule rotate_z:
    jobid: 16
    output: /work/frasergen/3D/work/shaojie/script/HiC/3d_model/231402_rice_20240510/02.3d_model/H-CK-599/rotate_z/rotate_z_150.png
    cluster_jobid: Submitted batch job 7726565

Error executing rule rotate_z on cluster (jobid: 16, external: Submitted batch job 7726565, jobscript: /work/frasergen/3D/work/shaojie/script/HiC/3d_model/.snakemake/tmp.1evfou62/snakejob.rotate_z.16.sh). For error details see the cluster log and the log files of the involved rule(s).
[Wed May 15 09:16:25 2024]
Error in rule rotate_z:
    jobid: 10
    output: /work/frasergen/3D/work/shaojie/script/HiC/3d_model/231402_rice_20240510/02.3d_model/H-CK-599/rotate_z/rotate_z_090.png
    cluster_jobid: Submitted batch job 7726569

Error executing rule rotate_z on cluster (jobid: 10, external: Submitted batch job 7726569, jobscript: /work/frasergen/3D/work/shaojie/script/HiC/3d_model/.snakemake/tmp.1evfou62/snakejob.rotate_z.10.sh). For error details see the cluster log and the log files of the involved rule(s).
[Wed May 15 09:16:26 2024]
Finished job 24.
3 of 57 steps (5%) done
[Wed May 15 09:16:26 2024]
Finished job 31.
4 of 57 steps (7%) done
[Wed May 15 09:16:26 2024]
Finished job 25.
5 of 57 steps (9%) done
[Wed May 15 09:16:26 2024]
Error in rule rotate_z:
    jobid: 4
    output: /work/frasergen/3D/work/shaojie/script/HiC/3d_model/231402_rice_20240510/02.3d_model/H-CK-599/rotate_z/rotate_z_030.png
    cluster_jobid: Submitted batch job 7726579

Error executing rule rotate_z on cluster (jobid: 4, external: Submitted batch job 7726579, jobscript: /work/frasergen/3D/work/shaojie/script/HiC/3d_model/.snakemake/tmp.1evfou62/snakejob.rotate_z.4.sh). For error details see the cluster log and the log files of the involved rule(s).
[Wed May 15 09:16:26 2024]
Error in rule rotate_z:
    jobid: 18
    output: /work/frasergen/3D/work/shaojie/script/HiC/3d_model/231402_rice_20240510/02.3d_model/H-CK-599/rotate_z/rotate_z_170.png
    cluster_jobid: Submitted batch job 7726580

Error executing rule rotate_z on cluster (jobid: 18, external: Submitted batch job 7726580, jobscript: /work/frasergen/3D/work/shaojie/script/HiC/3d_model/.snakemake/tmp.1evfou62/snakejob.rotate_z.18.sh). For error details see the cluster log and the log files of the involved rule(s).
[Wed May 15 09:16:26 2024]
Finished job 26.
6 of 57 steps (11%) done
[Wed May 15 09:16:27 2024]
Error in rule rotate_z:
    jobid: 12
    output: /work/frasergen/3D/work/shaojie/script/HiC/3d_model/231402_rice_20240510/02.3d_model/H-CK-599/rotate_z/rotate_z_110.png
    cluster_jobid: Submitted batch job 7726583

Error executing rule rotate_z on cluster (jobid: 12, external: Submitted batch job 7726583, jobscript: /work/frasergen/3D/work/shaojie/script/HiC/3d_model/.snakemake/tmp.1evfou62/snakejob.rotate_z.12.sh). For error details see the cluster log and the log files of the involved rule(s).
[Wed May 15 09:16:27 2024]
Error in rule rotate_z:
    jobid: 5
    output: /work/frasergen/3D/work/shaojie/script/HiC/3d_model/231402_rice_20240510/02.3d_model/H-CK-599/rotate_z/rotate_z_040.png
    cluster_jobid: Submitted batch job 7726586

Error executing rule rotate_z on cluster (jobid: 5, external: Submitted batch job 7726586, jobscript: /work/frasergen/3D/work/shaojie/script/HiC/3d_model/.snakemake/tmp.1evfou62/snakejob.rotate_z.5.sh). For error details see the cluster log and the log files of the involved rule(s).
[Wed May 15 09:16:27 2024]
Finished job 27.
7 of 57 steps (12%) done
[Wed May 15 09:16:28 2024]
Finished job 22.
8 of 57 steps (14%) done
[Wed May 15 09:16:28 2024]
Finished job 20.
9 of 57 steps (16%) done
[Wed May 15 09:16:28 2024]
Finished job 28.
10 of 57 steps (18%) done
[Wed May 15 09:16:38 2024]
Finished job 29.
11 of 57 steps (19%) done
[Wed May 15 09:16:39 2024]
Finished job 23.
12 of 57 steps (21%) done
[Wed May 15 09:18:15 2024]
Finished job 56.
13 of 57 steps (23%) done
[Wed May 15 09:18:15 2024]
Finished job 35.
14 of 57 steps (25%) done
[Wed May 15 09:18:15 2024]
Finished job 49.
15 of 57 steps (26%) done
[Wed May 15 09:18:15 2024]
Finished job 37.
16 of 57 steps (28%) done
[Wed May 15 09:18:15 2024]
Finished job 44.
17 of 57 steps (30%) done
[Wed May 15 09:18:16 2024]
Finished job 45.
18 of 57 steps (32%) done
[Wed May 15 09:18:16 2024]
Finished job 46.
19 of 57 steps (33%) done
[Wed May 15 09:18:16 2024]
Finished job 54.
20 of 57 steps (35%) done
[Wed May 15 09:18:16 2024]
Finished job 33.
21 of 57 steps (37%) done
[Wed May 15 09:18:16 2024]
Finished job 47.
22 of 57 steps (39%) done
[Wed May 15 09:18:17 2024]
Finished job 36.
23 of 57 steps (40%) done
[Wed May 15 09:18:17 2024]
Finished job 34.
24 of 57 steps (42%) done
[Wed May 15 09:18:17 2024]
Finished job 48.
25 of 57 steps (44%) done
[Wed May 15 09:18:27 2024]
Finished job 42.
26 of 57 steps (46%) done
[Wed May 15 09:18:27 2024]
Finished job 50.
27 of 57 steps (47%) done
[Wed May 15 09:18:27 2024]
Finished job 43.
28 of 57 steps (49%) done
[Wed May 15 09:18:27 2024]
Finished job 51.
29 of 57 steps (51%) done
[Wed May 15 09:18:27 2024]
Finished job 38.
30 of 57 steps (53%) done
[Wed May 15 09:18:27 2024]
Finished job 52.
31 of 57 steps (54%) done
[Wed May 15 09:18:27 2024]
Finished job 39.
32 of 57 steps (56%) done
[Wed May 15 09:18:27 2024]
Finished job 53.
33 of 57 steps (58%) done
[Wed May 15 09:18:27 2024]
Finished job 40.
34 of 57 steps (60%) done
[Wed May 15 09:18:27 2024]
Finished job 41.
35 of 57 steps (61%) done
[Wed May 15 09:18:28 2024]
Finished job 55.
36 of 57 steps (63%) done
Shutting down, this might take some time.
Exiting because a job execution failed. Look above for error message
Complete log: /work/frasergen/3D/work/shaojie/script/HiC/3d_model/.snakemake/log/2024-05-15T091554.198107.snakemake.log
