Building DAG of jobs...
Using shell: /usr/bin/bash
Provided cluster nodes: 2
Job stats:
job            count    min threads    max threads
-----------  -------  -------------  -------------
fill_matrix        2              1              1
pastis             2              1              1
total              4              1              1


[Fri Mar 29 10:13:56 2024]
rule fill_matrix:
    input: /work/frasergen/backup/3d/project/Interactome/240033_kcybgj_20240313/04.HiC/01.ref/asm904v1.fa.fai, /work/frasergen/backup/3d/project/Interactome/240033_kcybgj_20240313/04.HiC/04.map/Delta-abrB/asm904v1/asm904v1-all-MboI-5k_ICed.hm
    output: /work/frasergen/backup/3d/project/Interactome/240033_kcybgj_20240313/04.HiC/14.3d_model/01.matrix_fill/Delta-abrB/work.sh
    jobid: 1
    wildcards: sample=Delta-abrB
    resources: tmpdir=/tmp

Submitted job 1 with external jobid 'Submitted batch job 6694168'.

[Fri Mar 29 10:13:56 2024]
rule fill_matrix:
    input: /work/frasergen/backup/3d/project/Interactome/240033_kcybgj_20240313/04.HiC/01.ref/asm904v1.fa.fai, /work/frasergen/backup/3d/project/Interactome/240033_kcybgj_20240313/04.HiC/04.map/Bs168/asm904v1/asm904v1-all-MboI-5k_ICed.hm
    output: /work/frasergen/backup/3d/project/Interactome/240033_kcybgj_20240313/04.HiC/14.3d_model/01.matrix_fill/Bs168/work.sh
    jobid: 2
    wildcards: sample=Bs168
    resources: tmpdir=/tmp

Submitted job 2 with external jobid 'Submitted batch job 6694169'.
[Fri Mar 29 10:15:16 2024]
Finished job 1.
1 of 15 steps (7%) done

[Fri Mar 29 10:15:16 2024]
rule pastis:
    input: /work/frasergen/backup/3d/project/Interactome/240033_kcybgj_20240313/04.HiC/14.3d_model/01.matrix_fill/Delta-abrB/work.sh
    output: /work/frasergen/backup/3d/project/Interactome/240033_kcybgj_20240313/04.HiC/14.3d_model/02.3d_model/Delta-abrB/Delta-abrB.pdb
    jobid: 3
    wildcards: sample=Delta-abrB
    resources: tmpdir=/tmp

[Fri Mar 29 10:15:17 2024]
Finished job 2.
2 of 15 steps (13%) done
Submitted job 3 with external jobid 'Submitted batch job 6694177'.

[Fri Mar 29 10:15:17 2024]
rule pastis:
    input: /work/frasergen/backup/3d/project/Interactome/240033_kcybgj_20240313/04.HiC/14.3d_model/01.matrix_fill/Bs168/work.sh
    output: /work/frasergen/backup/3d/project/Interactome/240033_kcybgj_20240313/04.HiC/14.3d_model/02.3d_model/Bs168/Bs168.pdb
    jobid: 4
    wildcards: sample=Bs168
    resources: tmpdir=/tmp

Submitted job 4 with external jobid 'Submitted batch job 6694178'.
[Fri Mar 29 10:15:57 2024]
Finished job 3.
3 of 15 steps (20%) done
[Fri Mar 29 10:15:57 2024]
Finished job 4.
4 of 15 steps (27%) done
Complete log: /work/frasergen/3D/work/shaojie/script/HiC/3d_model/.snakemake/log/2024-03-29T101347.107764.snakemake.log
