Building DAG of jobs...
Using shell: /usr/bin/bash
Provided cluster nodes: 6
Job stats:
job      count    min threads    max threads
-----  -------  -------------  -------------
all          1              1              1
gif          3              1              1
mp4          3              1              1
total        7              1              1


[Thu Apr 25 08:48:37 2024]
rule mp4:
    input: /work/frasergen/3D/work/shaojie/script/HiC/3d_model/analysis20240419_3D_model/03.gif/AC/pngs/fig_001.png, /work/frasergen/3D/work/shaojie/script/HiC/3d_model/analysis20240419_3D_model/03.gif/AC/pngs/fig_002.png, /work/frasergen/3D/work/shaojie/script/HiC/3d_model/analysis20240419_3D_model/03.gif/AC/pngs/fig_003.png, /work/frasergen/3D/work/shaojie/script/HiC/3d_model/analysis20240419_3D_model/03.gif/AC/pngs/fig_004.png, /work/frasergen/3D/work/shaojie/script/HiC/3d_model/analysis20240419_3D_model/03.gif/AC/pngs/fig_005.png, /work/frasergen/3D/work/shaojie/script/HiC/3d_model/analysis20240419_3D_model/03.gif/AC/pngs/fig_006.png, /work/frasergen/3D/work/shaojie/script/HiC/3d_model/analysis20240419_3D_model/03.gif/AC/pngs/fig_007.png, /work/frasergen/3D/work/shaojie/script/HiC/3d_model/analysis20240419_3D_model/03.gif/AC/pngs/fig_008.png, /work/frasergen/3D/work/shaojie/script/HiC/3d_model/analysis20240419_3D_model/03.gif/AC/pngs/fig_009.png, /work/frasergen/3D/work/shaojie/script/HiC/3d_model/analysis20240419_3D_model/03.gif/AC/pngs/fig_010.png, /work/frasergen/3D/work/shaojie/script/HiC/3d_model/analysis20240419_3D_model/03.gif/AC/pngs/fig_011.png, /work/frasergen/3D/work/shaojie/script/HiC/3d_model/analysis20240419_3D_model/03.gif/AC/pngs/fig_012.png, /work/frasergen/3D/work/shaojie/script/HiC/3d_model/analysis20240419_3D_model/03.gif/AC/pngs/fig_013.png, /work/frasergen/3D/work/shaojie/script/HiC/3d_model/analysis20240419_3D_model/03.gif/AC/pngs/fig_014.png, /work/frasergen/3D/work/shaojie/script/HiC/3d_model/analysis20240419_3D_model/03.gif/AC/pngs/fig_015.png, /work/frasergen/3D/work/shaojie/script/HiC/3d_model/analysis20240419_3D_model/03.gif/AC/pngs/fig_016.png, /work/frasergen/3D/work/shaojie/script/HiC/3d_model/analysis20240419_3D_model/03.gif/AC/pngs/fig_017.png, /work/frasergen/3D/work/shaojie/script/HiC/3d_model/analysis20240419_3D_model/03.gif/AC/pngs/fig_018.png, /work/frasergen/3D/work/shaojie/script/HiC/3d_model/analysis20240419_3D_model/03.gif/AC/pngs/fig_019.png, /work/frasergen/3D/work/shaojie/script/HiC/3d_model/analysis20240419_3D_model/03.gif/AC/pngs/fig_020.png, /work/frasergen/3D/work/shaojie/script/HiC/3d_model/analysis20240419_3D_model/03.gif/AC/pngs/fig_021.png, /work/frasergen/3D/work/shaojie/script/HiC/3d_model/analysis20240419_3D_model/03.gif/AC/pngs/fig_022.png, /work/frasergen/3D/work/shaojie/script/HiC/3d_model/analysis20240419_3D_model/03.gif/AC/pngs/fig_023.png, /work/frasergen/3D/work/shaojie/script/HiC/3d_model/analysis20240419_3D_model/03.gif/AC/pngs/fig_024.png
    output: /work/frasergen/3D/work/shaojie/script/HiC/3d_model/analysis20240419_3D_model/03.gif/AC/AC.mp4
    jobid: 107
    wildcards: sample=AC
    resources: tmpdir=/tmp

Submitted job 107 with external jobid 'Submitted batch job 7186477'.

[Thu Apr 25 08:48:38 2024]
rule gif:
    input: /work/frasergen/3D/work/shaojie/script/HiC/3d_model/analysis20240419_3D_model/03.gif/AC/pngs/fig_001.png, /work/frasergen/3D/work/shaojie/script/HiC/3d_model/analysis20240419_3D_model/03.gif/AC/pngs/fig_002.png, /work/frasergen/3D/work/shaojie/script/HiC/3d_model/analysis20240419_3D_model/03.gif/AC/pngs/fig_003.png, /work/frasergen/3D/work/shaojie/script/HiC/3d_model/analysis20240419_3D_model/03.gif/AC/pngs/fig_004.png, /work/frasergen/3D/work/shaojie/script/HiC/3d_model/analysis20240419_3D_model/03.gif/AC/pngs/fig_005.png, /work/frasergen/3D/work/shaojie/script/HiC/3d_model/analysis20240419_3D_model/03.gif/AC/pngs/fig_006.png, /work/frasergen/3D/work/shaojie/script/HiC/3d_model/analysis20240419_3D_model/03.gif/AC/pngs/fig_007.png, /work/frasergen/3D/work/shaojie/script/HiC/3d_model/analysis20240419_3D_model/03.gif/AC/pngs/fig_008.png, /work/frasergen/3D/work/shaojie/script/HiC/3d_model/analysis20240419_3D_model/03.gif/AC/pngs/fig_009.png, /work/frasergen/3D/work/shaojie/script/HiC/3d_model/analysis20240419_3D_model/03.gif/AC/pngs/fig_010.png, /work/frasergen/3D/work/shaojie/script/HiC/3d_model/analysis20240419_3D_model/03.gif/AC/pngs/fig_011.png, /work/frasergen/3D/work/shaojie/script/HiC/3d_model/analysis20240419_3D_model/03.gif/AC/pngs/fig_012.png, /work/frasergen/3D/work/shaojie/script/HiC/3d_model/analysis20240419_3D_model/03.gif/AC/pngs/fig_013.png, /work/frasergen/3D/work/shaojie/script/HiC/3d_model/analysis20240419_3D_model/03.gif/AC/pngs/fig_014.png, /work/frasergen/3D/work/shaojie/script/HiC/3d_model/analysis20240419_3D_model/03.gif/AC/pngs/fig_015.png, /work/frasergen/3D/work/shaojie/script/HiC/3d_model/analysis20240419_3D_model/03.gif/AC/pngs/fig_016.png, /work/frasergen/3D/work/shaojie/script/HiC/3d_model/analysis20240419_3D_model/03.gif/AC/pngs/fig_017.png, /work/frasergen/3D/work/shaojie/script/HiC/3d_model/analysis20240419_3D_model/03.gif/AC/pngs/fig_018.png, /work/frasergen/3D/work/shaojie/script/HiC/3d_model/analysis20240419_3D_model/03.gif/AC/pngs/fig_019.png, /work/frasergen/3D/work/shaojie/script/HiC/3d_model/analysis20240419_3D_model/03.gif/AC/pngs/fig_020.png, /work/frasergen/3D/work/shaojie/script/HiC/3d_model/analysis20240419_3D_model/03.gif/AC/pngs/fig_021.png, /work/frasergen/3D/work/shaojie/script/HiC/3d_model/analysis20240419_3D_model/03.gif/AC/pngs/fig_022.png, /work/frasergen/3D/work/shaojie/script/HiC/3d_model/analysis20240419_3D_model/03.gif/AC/pngs/fig_023.png, /work/frasergen/3D/work/shaojie/script/HiC/3d_model/analysis20240419_3D_model/03.gif/AC/pngs/fig_024.png
    output: /work/frasergen/3D/work/shaojie/script/HiC/3d_model/analysis20240419_3D_model/03.gif/AC/AC.gif
    jobid: 104
    wildcards: sample=AC
    resources: tmpdir=/tmp

Submitted job 104 with external jobid 'Submitted batch job 7186478'.

[Thu Apr 25 08:48:38 2024]
rule mp4:
    input: /work/frasergen/3D/work/shaojie/script/HiC/3d_model/analysis20240419_3D_model/03.gif/AA/pngs/fig_001.png, /work/frasergen/3D/work/shaojie/script/HiC/3d_model/analysis20240419_3D_model/03.gif/AA/pngs/fig_002.png, /work/frasergen/3D/work/shaojie/script/HiC/3d_model/analysis20240419_3D_model/03.gif/AA/pngs/fig_003.png, /work/frasergen/3D/work/shaojie/script/HiC/3d_model/analysis20240419_3D_model/03.gif/AA/pngs/fig_004.png, /work/frasergen/3D/work/shaojie/script/HiC/3d_model/analysis20240419_3D_model/03.gif/AA/pngs/fig_005.png, /work/frasergen/3D/work/shaojie/script/HiC/3d_model/analysis20240419_3D_model/03.gif/AA/pngs/fig_006.png, /work/frasergen/3D/work/shaojie/script/HiC/3d_model/analysis20240419_3D_model/03.gif/AA/pngs/fig_007.png, /work/frasergen/3D/work/shaojie/script/HiC/3d_model/analysis20240419_3D_model/03.gif/AA/pngs/fig_008.png, /work/frasergen/3D/work/shaojie/script/HiC/3d_model/analysis20240419_3D_model/03.gif/AA/pngs/fig_009.png, /work/frasergen/3D/work/shaojie/script/HiC/3d_model/analysis20240419_3D_model/03.gif/AA/pngs/fig_010.png, /work/frasergen/3D/work/shaojie/script/HiC/3d_model/analysis20240419_3D_model/03.gif/AA/pngs/fig_011.png, /work/frasergen/3D/work/shaojie/script/HiC/3d_model/analysis20240419_3D_model/03.gif/AA/pngs/fig_012.png, /work/frasergen/3D/work/shaojie/script/HiC/3d_model/analysis20240419_3D_model/03.gif/AA/pngs/fig_013.png, /work/frasergen/3D/work/shaojie/script/HiC/3d_model/analysis20240419_3D_model/03.gif/AA/pngs/fig_014.png, /work/frasergen/3D/work/shaojie/script/HiC/3d_model/analysis20240419_3D_model/03.gif/AA/pngs/fig_015.png, /work/frasergen/3D/work/shaojie/script/HiC/3d_model/analysis20240419_3D_model/03.gif/AA/pngs/fig_016.png, /work/frasergen/3D/work/shaojie/script/HiC/3d_model/analysis20240419_3D_model/03.gif/AA/pngs/fig_017.png, /work/frasergen/3D/work/shaojie/script/HiC/3d_model/analysis20240419_3D_model/03.gif/AA/pngs/fig_018.png, /work/frasergen/3D/work/shaojie/script/HiC/3d_model/analysis20240419_3D_model/03.gif/AA/pngs/fig_019.png, /work/frasergen/3D/work/shaojie/script/HiC/3d_model/analysis20240419_3D_model/03.gif/AA/pngs/fig_020.png, /work/frasergen/3D/work/shaojie/script/HiC/3d_model/analysis20240419_3D_model/03.gif/AA/pngs/fig_021.png, /work/frasergen/3D/work/shaojie/script/HiC/3d_model/analysis20240419_3D_model/03.gif/AA/pngs/fig_022.png, /work/frasergen/3D/work/shaojie/script/HiC/3d_model/analysis20240419_3D_model/03.gif/AA/pngs/fig_023.png, /work/frasergen/3D/work/shaojie/script/HiC/3d_model/analysis20240419_3D_model/03.gif/AA/pngs/fig_024.png
    output: /work/frasergen/3D/work/shaojie/script/HiC/3d_model/analysis20240419_3D_model/03.gif/AA/AA.mp4
    jobid: 106
    wildcards: sample=AA
    resources: tmpdir=/tmp

Submitted job 106 with external jobid 'Submitted batch job 7186479'.

[Thu Apr 25 08:48:39 2024]
rule mp4:
    input: /work/frasergen/3D/work/shaojie/script/HiC/3d_model/analysis20240419_3D_model/03.gif/AG/pngs/fig_001.png, /work/frasergen/3D/work/shaojie/script/HiC/3d_model/analysis20240419_3D_model/03.gif/AG/pngs/fig_002.png, /work/frasergen/3D/work/shaojie/script/HiC/3d_model/analysis20240419_3D_model/03.gif/AG/pngs/fig_003.png, /work/frasergen/3D/work/shaojie/script/HiC/3d_model/analysis20240419_3D_model/03.gif/AG/pngs/fig_004.png, /work/frasergen/3D/work/shaojie/script/HiC/3d_model/analysis20240419_3D_model/03.gif/AG/pngs/fig_005.png, /work/frasergen/3D/work/shaojie/script/HiC/3d_model/analysis20240419_3D_model/03.gif/AG/pngs/fig_006.png, /work/frasergen/3D/work/shaojie/script/HiC/3d_model/analysis20240419_3D_model/03.gif/AG/pngs/fig_007.png, /work/frasergen/3D/work/shaojie/script/HiC/3d_model/analysis20240419_3D_model/03.gif/AG/pngs/fig_008.png, /work/frasergen/3D/work/shaojie/script/HiC/3d_model/analysis20240419_3D_model/03.gif/AG/pngs/fig_009.png, /work/frasergen/3D/work/shaojie/script/HiC/3d_model/analysis20240419_3D_model/03.gif/AG/pngs/fig_010.png, /work/frasergen/3D/work/shaojie/script/HiC/3d_model/analysis20240419_3D_model/03.gif/AG/pngs/fig_011.png, /work/frasergen/3D/work/shaojie/script/HiC/3d_model/analysis20240419_3D_model/03.gif/AG/pngs/fig_012.png, /work/frasergen/3D/work/shaojie/script/HiC/3d_model/analysis20240419_3D_model/03.gif/AG/pngs/fig_013.png, /work/frasergen/3D/work/shaojie/script/HiC/3d_model/analysis20240419_3D_model/03.gif/AG/pngs/fig_014.png, /work/frasergen/3D/work/shaojie/script/HiC/3d_model/analysis20240419_3D_model/03.gif/AG/pngs/fig_015.png, /work/frasergen/3D/work/shaojie/script/HiC/3d_model/analysis20240419_3D_model/03.gif/AG/pngs/fig_016.png, /work/frasergen/3D/work/shaojie/script/HiC/3d_model/analysis20240419_3D_model/03.gif/AG/pngs/fig_017.png, /work/frasergen/3D/work/shaojie/script/HiC/3d_model/analysis20240419_3D_model/03.gif/AG/pngs/fig_018.png, /work/frasergen/3D/work/shaojie/script/HiC/3d_model/analysis20240419_3D_model/03.gif/AG/pngs/fig_019.png, /work/frasergen/3D/work/shaojie/script/HiC/3d_model/analysis20240419_3D_model/03.gif/AG/pngs/fig_020.png, /work/frasergen/3D/work/shaojie/script/HiC/3d_model/analysis20240419_3D_model/03.gif/AG/pngs/fig_021.png, /work/frasergen/3D/work/shaojie/script/HiC/3d_model/analysis20240419_3D_model/03.gif/AG/pngs/fig_022.png, /work/frasergen/3D/work/shaojie/script/HiC/3d_model/analysis20240419_3D_model/03.gif/AG/pngs/fig_023.png, /work/frasergen/3D/work/shaojie/script/HiC/3d_model/analysis20240419_3D_model/03.gif/AG/pngs/fig_024.png
    output: /work/frasergen/3D/work/shaojie/script/HiC/3d_model/analysis20240419_3D_model/03.gif/AG/AG.mp4
    jobid: 108
    wildcards: sample=AG
    resources: tmpdir=/tmp

Submitted job 108 with external jobid 'Submitted batch job 7186480'.

[Thu Apr 25 08:48:39 2024]
rule gif:
    input: /work/frasergen/3D/work/shaojie/script/HiC/3d_model/analysis20240419_3D_model/03.gif/AA/pngs/fig_001.png, /work/frasergen/3D/work/shaojie/script/HiC/3d_model/analysis20240419_3D_model/03.gif/AA/pngs/fig_002.png, /work/frasergen/3D/work/shaojie/script/HiC/3d_model/analysis20240419_3D_model/03.gif/AA/pngs/fig_003.png, /work/frasergen/3D/work/shaojie/script/HiC/3d_model/analysis20240419_3D_model/03.gif/AA/pngs/fig_004.png, /work/frasergen/3D/work/shaojie/script/HiC/3d_model/analysis20240419_3D_model/03.gif/AA/pngs/fig_005.png, /work/frasergen/3D/work/shaojie/script/HiC/3d_model/analysis20240419_3D_model/03.gif/AA/pngs/fig_006.png, /work/frasergen/3D/work/shaojie/script/HiC/3d_model/analysis20240419_3D_model/03.gif/AA/pngs/fig_007.png, /work/frasergen/3D/work/shaojie/script/HiC/3d_model/analysis20240419_3D_model/03.gif/AA/pngs/fig_008.png, /work/frasergen/3D/work/shaojie/script/HiC/3d_model/analysis20240419_3D_model/03.gif/AA/pngs/fig_009.png, /work/frasergen/3D/work/shaojie/script/HiC/3d_model/analysis20240419_3D_model/03.gif/AA/pngs/fig_010.png, /work/frasergen/3D/work/shaojie/script/HiC/3d_model/analysis20240419_3D_model/03.gif/AA/pngs/fig_011.png, /work/frasergen/3D/work/shaojie/script/HiC/3d_model/analysis20240419_3D_model/03.gif/AA/pngs/fig_012.png, /work/frasergen/3D/work/shaojie/script/HiC/3d_model/analysis20240419_3D_model/03.gif/AA/pngs/fig_013.png, /work/frasergen/3D/work/shaojie/script/HiC/3d_model/analysis20240419_3D_model/03.gif/AA/pngs/fig_014.png, /work/frasergen/3D/work/shaojie/script/HiC/3d_model/analysis20240419_3D_model/03.gif/AA/pngs/fig_015.png, /work/frasergen/3D/work/shaojie/script/HiC/3d_model/analysis20240419_3D_model/03.gif/AA/pngs/fig_016.png, /work/frasergen/3D/work/shaojie/script/HiC/3d_model/analysis20240419_3D_model/03.gif/AA/pngs/fig_017.png, /work/frasergen/3D/work/shaojie/script/HiC/3d_model/analysis20240419_3D_model/03.gif/AA/pngs/fig_018.png, /work/frasergen/3D/work/shaojie/script/HiC/3d_model/analysis20240419_3D_model/03.gif/AA/pngs/fig_019.png, /work/frasergen/3D/work/shaojie/script/HiC/3d_model/analysis20240419_3D_model/03.gif/AA/pngs/fig_020.png, /work/frasergen/3D/work/shaojie/script/HiC/3d_model/analysis20240419_3D_model/03.gif/AA/pngs/fig_021.png, /work/frasergen/3D/work/shaojie/script/HiC/3d_model/analysis20240419_3D_model/03.gif/AA/pngs/fig_022.png, /work/frasergen/3D/work/shaojie/script/HiC/3d_model/analysis20240419_3D_model/03.gif/AA/pngs/fig_023.png, /work/frasergen/3D/work/shaojie/script/HiC/3d_model/analysis20240419_3D_model/03.gif/AA/pngs/fig_024.png
    output: /work/frasergen/3D/work/shaojie/script/HiC/3d_model/analysis20240419_3D_model/03.gif/AA/AA.gif
    jobid: 103
    wildcards: sample=AA
    resources: tmpdir=/tmp

Submitted job 103 with external jobid 'Submitted batch job 7186481'.

[Thu Apr 25 08:48:39 2024]
rule gif:
    input: /work/frasergen/3D/work/shaojie/script/HiC/3d_model/analysis20240419_3D_model/03.gif/AG/pngs/fig_001.png, /work/frasergen/3D/work/shaojie/script/HiC/3d_model/analysis20240419_3D_model/03.gif/AG/pngs/fig_002.png, /work/frasergen/3D/work/shaojie/script/HiC/3d_model/analysis20240419_3D_model/03.gif/AG/pngs/fig_003.png, /work/frasergen/3D/work/shaojie/script/HiC/3d_model/analysis20240419_3D_model/03.gif/AG/pngs/fig_004.png, /work/frasergen/3D/work/shaojie/script/HiC/3d_model/analysis20240419_3D_model/03.gif/AG/pngs/fig_005.png, /work/frasergen/3D/work/shaojie/script/HiC/3d_model/analysis20240419_3D_model/03.gif/AG/pngs/fig_006.png, /work/frasergen/3D/work/shaojie/script/HiC/3d_model/analysis20240419_3D_model/03.gif/AG/pngs/fig_007.png, /work/frasergen/3D/work/shaojie/script/HiC/3d_model/analysis20240419_3D_model/03.gif/AG/pngs/fig_008.png, /work/frasergen/3D/work/shaojie/script/HiC/3d_model/analysis20240419_3D_model/03.gif/AG/pngs/fig_009.png, /work/frasergen/3D/work/shaojie/script/HiC/3d_model/analysis20240419_3D_model/03.gif/AG/pngs/fig_010.png, /work/frasergen/3D/work/shaojie/script/HiC/3d_model/analysis20240419_3D_model/03.gif/AG/pngs/fig_011.png, /work/frasergen/3D/work/shaojie/script/HiC/3d_model/analysis20240419_3D_model/03.gif/AG/pngs/fig_012.png, /work/frasergen/3D/work/shaojie/script/HiC/3d_model/analysis20240419_3D_model/03.gif/AG/pngs/fig_013.png, /work/frasergen/3D/work/shaojie/script/HiC/3d_model/analysis20240419_3D_model/03.gif/AG/pngs/fig_014.png, /work/frasergen/3D/work/shaojie/script/HiC/3d_model/analysis20240419_3D_model/03.gif/AG/pngs/fig_015.png, /work/frasergen/3D/work/shaojie/script/HiC/3d_model/analysis20240419_3D_model/03.gif/AG/pngs/fig_016.png, /work/frasergen/3D/work/shaojie/script/HiC/3d_model/analysis20240419_3D_model/03.gif/AG/pngs/fig_017.png, /work/frasergen/3D/work/shaojie/script/HiC/3d_model/analysis20240419_3D_model/03.gif/AG/pngs/fig_018.png, /work/frasergen/3D/work/shaojie/script/HiC/3d_model/analysis20240419_3D_model/03.gif/AG/pngs/fig_019.png, /work/frasergen/3D/work/shaojie/script/HiC/3d_model/analysis20240419_3D_model/03.gif/AG/pngs/fig_020.png, /work/frasergen/3D/work/shaojie/script/HiC/3d_model/analysis20240419_3D_model/03.gif/AG/pngs/fig_021.png, /work/frasergen/3D/work/shaojie/script/HiC/3d_model/analysis20240419_3D_model/03.gif/AG/pngs/fig_022.png, /work/frasergen/3D/work/shaojie/script/HiC/3d_model/analysis20240419_3D_model/03.gif/AG/pngs/fig_023.png, /work/frasergen/3D/work/shaojie/script/HiC/3d_model/analysis20240419_3D_model/03.gif/AG/pngs/fig_024.png
    output: /work/frasergen/3D/work/shaojie/script/HiC/3d_model/analysis20240419_3D_model/03.gif/AG/AG.gif
    jobid: 105
    wildcards: sample=AG
    resources: tmpdir=/tmp

Submitted job 105 with external jobid 'Submitted batch job 7186483'.
[Thu Apr 25 08:48:57 2024]
Error in rule mp4:
    jobid: 107
    output: /work/frasergen/3D/work/shaojie/script/HiC/3d_model/analysis20240419_3D_model/03.gif/AC/AC.mp4
    cluster_jobid: Submitted batch job 7186477

Error executing rule mp4 on cluster (jobid: 107, external: Submitted batch job 7186477, jobscript: /work/frasergen/3D/work/shaojie/script/HiC/3d_model/.snakemake/tmp.gvt55l9r/snakejob.mp4.107.sh). For error details see the cluster log and the log files of the involved rule(s).
[Thu Apr 25 08:48:57 2024]
Error in rule mp4:
    jobid: 106
    output: /work/frasergen/3D/work/shaojie/script/HiC/3d_model/analysis20240419_3D_model/03.gif/AA/AA.mp4
    cluster_jobid: Submitted batch job 7186479

Error executing rule mp4 on cluster (jobid: 106, external: Submitted batch job 7186479, jobscript: /work/frasergen/3D/work/shaojie/script/HiC/3d_model/.snakemake/tmp.gvt55l9r/snakejob.mp4.106.sh). For error details see the cluster log and the log files of the involved rule(s).
[Thu Apr 25 08:48:57 2024]
Error in rule mp4:
    jobid: 108
    output: /work/frasergen/3D/work/shaojie/script/HiC/3d_model/analysis20240419_3D_model/03.gif/AG/AG.mp4
    cluster_jobid: Submitted batch job 7186480

Error executing rule mp4 on cluster (jobid: 108, external: Submitted batch job 7186480, jobscript: /work/frasergen/3D/work/shaojie/script/HiC/3d_model/.snakemake/tmp.gvt55l9r/snakejob.mp4.108.sh). For error details see the cluster log and the log files of the involved rule(s).
[Thu Apr 25 08:49:17 2024]
Finished job 104.
1 of 7 steps (14%) done
[Thu Apr 25 08:49:17 2024]
Finished job 103.
2 of 7 steps (29%) done
[Thu Apr 25 08:49:17 2024]
Finished job 105.
3 of 7 steps (43%) done
Shutting down, this might take some time.
Exiting because a job execution failed. Look above for error message
Complete log: /work/frasergen/3D/work/shaojie/script/HiC/3d_model/.snakemake/log/2024-04-25T084828.004545.snakemake.log
