Building DAG of jobs...
Using shell: /usr/bin/bash
Provided cluster nodes: 4
Job stats:
job            count    min threads    max threads
-----------  -------  -------------  -------------
all                1              1              1
chrom              2              1              1
fill_matrix        2              1              1
gif                2              1              1
mp4                2              1              1
pastis             2              1              1
pml                2              1              1
png                2              1              1
total             15              1              1


[Fri Mar 29 06:33:34 2024]
rule fill_matrix:
    input: /work/frasergen/backup/3d/project/Interactome/240033_kcybgj_20240313/04.HiC/01.ref/asm904v1.fa.fai, /work/frasergen/backup/3d/project/Interactome/240033_kcybgj_20240313/04.HiC/04.map/Delta-abrB/asm904v1/asm904v1-all-MboI-1k_ICed.hm
    output: /work/frasergen/backup/3d/project/Interactome/240033_kcybgj_20240313/04.HiC/14.3d_model_test/01.matrix_fill/Delta-abrB/work.sh
    jobid: 1
    wildcards: sample=Delta-abrB
    resources: tmpdir=/tmp

Submitted job 1 with external jobid 'Submitted batch job 6691277'.

[Fri Mar 29 06:33:34 2024]
rule fill_matrix:
    input: /work/frasergen/backup/3d/project/Interactome/240033_kcybgj_20240313/04.HiC/01.ref/asm904v1.fa.fai, /work/frasergen/backup/3d/project/Interactome/240033_kcybgj_20240313/04.HiC/04.map/Bs168/asm904v1/asm904v1-all-MboI-1k_ICed.hm
    output: /work/frasergen/backup/3d/project/Interactome/240033_kcybgj_20240313/04.HiC/14.3d_model_test/01.matrix_fill/Bs168/work.sh
    jobid: 2
    wildcards: sample=Bs168
    resources: tmpdir=/tmp

Submitted job 2 with external jobid 'Submitted batch job 6691278'.
[Fri Mar 29 06:33:44 2024]
Error in rule fill_matrix:
    jobid: 1
    output: /work/frasergen/backup/3d/project/Interactome/240033_kcybgj_20240313/04.HiC/14.3d_model_test/01.matrix_fill/Delta-abrB/work.sh
    cluster_jobid: Submitted batch job 6691277

Error executing rule fill_matrix on cluster (jobid: 1, external: Submitted batch job 6691277, jobscript: /work/frasergen/3D/work/shaojie/script/HiC/3d_model/.snakemake/tmp.r1gt9jfz/snakejob.fill_matrix.1.sh). For error details see the cluster log and the log files of the involved rule(s).
[Fri Mar 29 06:33:44 2024]
Error in rule fill_matrix:
    jobid: 2
    output: /work/frasergen/backup/3d/project/Interactome/240033_kcybgj_20240313/04.HiC/14.3d_model_test/01.matrix_fill/Bs168/work.sh
    cluster_jobid: Submitted batch job 6691278

Error executing rule fill_matrix on cluster (jobid: 2, external: Submitted batch job 6691278, jobscript: /work/frasergen/3D/work/shaojie/script/HiC/3d_model/.snakemake/tmp.r1gt9jfz/snakejob.fill_matrix.2.sh). For error details see the cluster log and the log files of the involved rule(s).
Shutting down, this might take some time.
Exiting because a job execution failed. Look above for error message
Complete log: /work/frasergen/3D/work/shaojie/script/HiC/3d_model/.snakemake/log/2024-03-29T063327.880859.snakemake.log
