Building DAG of jobs...
Using shell: /usr/bin/bash
Provided cluster nodes: 48
Job stats:
job         count    min threads    max threads
--------  -------  -------------  -------------
merge_z         1              1              1
rotate_z       18              1              1
total          19              1              1


[Wed May 15 09:26:10 2024]
rule rotate_z:
    input: /work/frasergen/3D/work/shaojie/script/HiC/3d_model/231402_rice_20240510/02.3d_model/H-CK-599/H-CK-599.pml
    output: /work/frasergen/3D/work/shaojie/script/HiC/3d_model/231402_rice_20240510/02.3d_model/H-CK-599/rotate_z/rotate_z_110.png
    jobid: 12
    wildcards: sample=H-CK-599, batch1=110
    resources: tmpdir=/tmp

Submitted job 12 with external jobid 'Submitted batch job 7726688'.

[Wed May 15 09:26:11 2024]
rule rotate_z:
    input: /work/frasergen/3D/work/shaojie/script/HiC/3d_model/231402_rice_20240510/02.3d_model/H-CK-599/H-CK-599.pml
    output: /work/frasergen/3D/work/shaojie/script/HiC/3d_model/231402_rice_20240510/02.3d_model/H-CK-599/rotate_z/rotate_z_130.png
    jobid: 14
    wildcards: sample=H-CK-599, batch1=130
    resources: tmpdir=/tmp

Submitted job 14 with external jobid 'Submitted batch job 7726689'.

[Wed May 15 09:26:11 2024]
rule rotate_z:
    input: /work/frasergen/3D/work/shaojie/script/HiC/3d_model/231402_rice_20240510/02.3d_model/H-CK-599/H-CK-599.pml
    output: /work/frasergen/3D/work/shaojie/script/HiC/3d_model/231402_rice_20240510/02.3d_model/H-CK-599/rotate_z/rotate_z_140.png
    jobid: 15
    wildcards: sample=H-CK-599, batch1=140
    resources: tmpdir=/tmp

Submitted job 15 with external jobid 'Submitted batch job 7726690'.

[Wed May 15 09:26:11 2024]
rule rotate_z:
    input: /work/frasergen/3D/work/shaojie/script/HiC/3d_model/231402_rice_20240510/02.3d_model/H-CK-599/H-CK-599.pml
    output: /work/frasergen/3D/work/shaojie/script/HiC/3d_model/231402_rice_20240510/02.3d_model/H-CK-599/rotate_z/rotate_z_160.png
    jobid: 17
    wildcards: sample=H-CK-599, batch1=160
    resources: tmpdir=/tmp

Submitted job 17 with external jobid 'Submitted batch job 7726691'.

[Wed May 15 09:26:11 2024]
rule rotate_z:
    input: /work/frasergen/3D/work/shaojie/script/HiC/3d_model/231402_rice_20240510/02.3d_model/H-CK-599/H-CK-599.pml
    output: /work/frasergen/3D/work/shaojie/script/HiC/3d_model/231402_rice_20240510/02.3d_model/H-CK-599/rotate_z/rotate_z_020.png
    jobid: 3
    wildcards: sample=H-CK-599, batch1=020
    resources: tmpdir=/tmp

Submitted job 3 with external jobid 'Submitted batch job 7726692'.

[Wed May 15 09:26:12 2024]
rule rotate_z:
    input: /work/frasergen/3D/work/shaojie/script/HiC/3d_model/231402_rice_20240510/02.3d_model/H-CK-599/H-CK-599.pml
    output: /work/frasergen/3D/work/shaojie/script/HiC/3d_model/231402_rice_20240510/02.3d_model/H-CK-599/rotate_z/rotate_z_040.png
    jobid: 5
    wildcards: sample=H-CK-599, batch1=040
    resources: tmpdir=/tmp

Submitted job 5 with external jobid 'Submitted batch job 7726693'.

[Wed May 15 09:26:12 2024]
rule rotate_z:
    input: /work/frasergen/3D/work/shaojie/script/HiC/3d_model/231402_rice_20240510/02.3d_model/H-CK-599/H-CK-599.pml
    output: /work/frasergen/3D/work/shaojie/script/HiC/3d_model/231402_rice_20240510/02.3d_model/H-CK-599/rotate_z/rotate_z_180.png
    jobid: 19
    wildcards: sample=H-CK-599, batch1=180
    resources: tmpdir=/tmp

Submitted job 19 with external jobid 'Submitted batch job 7726694'.

[Wed May 15 09:26:12 2024]
rule rotate_z:
    input: /work/frasergen/3D/work/shaojie/script/HiC/3d_model/231402_rice_20240510/02.3d_model/H-CK-599/H-CK-599.pml
    output: /work/frasergen/3D/work/shaojie/script/HiC/3d_model/231402_rice_20240510/02.3d_model/H-CK-599/rotate_z/rotate_z_060.png
    jobid: 7
    wildcards: sample=H-CK-599, batch1=060
    resources: tmpdir=/tmp

Submitted job 7 with external jobid 'Submitted batch job 7726695'.

[Wed May 15 09:26:12 2024]
rule rotate_z:
    input: /work/frasergen/3D/work/shaojie/script/HiC/3d_model/231402_rice_20240510/02.3d_model/H-CK-599/H-CK-599.pml
    output: /work/frasergen/3D/work/shaojie/script/HiC/3d_model/231402_rice_20240510/02.3d_model/H-CK-599/rotate_z/rotate_z_080.png
    jobid: 9
    wildcards: sample=H-CK-599, batch1=080
    resources: tmpdir=/tmp

Submitted job 9 with external jobid 'Submitted batch job 7726696'.

[Wed May 15 09:26:12 2024]
rule rotate_z:
    input: /work/frasergen/3D/work/shaojie/script/HiC/3d_model/231402_rice_20240510/02.3d_model/H-CK-599/H-CK-599.pml
    output: /work/frasergen/3D/work/shaojie/script/HiC/3d_model/231402_rice_20240510/02.3d_model/H-CK-599/rotate_z/rotate_z_100.png
    jobid: 11
    wildcards: sample=H-CK-599, batch1=100
    resources: tmpdir=/tmp

Submitted job 11 with external jobid 'Submitted batch job 7726697'.

[Wed May 15 09:26:13 2024]
rule rotate_z:
    input: /work/frasergen/3D/work/shaojie/script/HiC/3d_model/231402_rice_20240510/02.3d_model/H-CK-599/H-CK-599.pml
    output: /work/frasergen/3D/work/shaojie/script/HiC/3d_model/231402_rice_20240510/02.3d_model/H-CK-599/rotate_z/rotate_z_120.png
    jobid: 13
    wildcards: sample=H-CK-599, batch1=120
    resources: tmpdir=/tmp

Submitted job 13 with external jobid 'Submitted batch job 7726698'.

[Wed May 15 09:26:13 2024]
rule rotate_z:
    input: /work/frasergen/3D/work/shaojie/script/HiC/3d_model/231402_rice_20240510/02.3d_model/H-CK-599/H-CK-599.pml
    output: /work/frasergen/3D/work/shaojie/script/HiC/3d_model/231402_rice_20240510/02.3d_model/H-CK-599/rotate_z/rotate_z_170.png
    jobid: 18
    wildcards: sample=H-CK-599, batch1=170
    resources: tmpdir=/tmp

Submitted job 18 with external jobid 'Submitted batch job 7726700'.

[Wed May 15 09:26:13 2024]
rule rotate_z:
    input: /work/frasergen/3D/work/shaojie/script/HiC/3d_model/231402_rice_20240510/02.3d_model/H-CK-599/H-CK-599.pml
    output: /work/frasergen/3D/work/shaojie/script/HiC/3d_model/231402_rice_20240510/02.3d_model/H-CK-599/rotate_z/rotate_z_150.png
    jobid: 16
    wildcards: sample=H-CK-599, batch1=150
    resources: tmpdir=/tmp

Submitted job 16 with external jobid 'Submitted batch job 7726701'.

[Wed May 15 09:26:13 2024]
rule rotate_z:
    input: /work/frasergen/3D/work/shaojie/script/HiC/3d_model/231402_rice_20240510/02.3d_model/H-CK-599/H-CK-599.pml
    output: /work/frasergen/3D/work/shaojie/script/HiC/3d_model/231402_rice_20240510/02.3d_model/H-CK-599/rotate_z/rotate_z_010.png
    jobid: 2
    wildcards: sample=H-CK-599, batch1=010
    resources: tmpdir=/tmp

Submitted job 2 with external jobid 'Submitted batch job 7726702'.

[Wed May 15 09:26:14 2024]
rule rotate_z:
    input: /work/frasergen/3D/work/shaojie/script/HiC/3d_model/231402_rice_20240510/02.3d_model/H-CK-599/H-CK-599.pml
    output: /work/frasergen/3D/work/shaojie/script/HiC/3d_model/231402_rice_20240510/02.3d_model/H-CK-599/rotate_z/rotate_z_030.png
    jobid: 4
    wildcards: sample=H-CK-599, batch1=030
    resources: tmpdir=/tmp

Submitted job 4 with external jobid 'Submitted batch job 7726703'.

[Wed May 15 09:26:14 2024]
rule rotate_z:
    input: /work/frasergen/3D/work/shaojie/script/HiC/3d_model/231402_rice_20240510/02.3d_model/H-CK-599/H-CK-599.pml
    output: /work/frasergen/3D/work/shaojie/script/HiC/3d_model/231402_rice_20240510/02.3d_model/H-CK-599/rotate_z/rotate_z_050.png
    jobid: 6
    wildcards: sample=H-CK-599, batch1=050
    resources: tmpdir=/tmp

Submitted job 6 with external jobid 'Submitted batch job 7726704'.

[Wed May 15 09:26:14 2024]
rule rotate_z:
    input: /work/frasergen/3D/work/shaojie/script/HiC/3d_model/231402_rice_20240510/02.3d_model/H-CK-599/H-CK-599.pml
    output: /work/frasergen/3D/work/shaojie/script/HiC/3d_model/231402_rice_20240510/02.3d_model/H-CK-599/rotate_z/rotate_z_070.png
    jobid: 8
    wildcards: sample=H-CK-599, batch1=070
    resources: tmpdir=/tmp

Submitted job 8 with external jobid 'Submitted batch job 7726705'.

[Wed May 15 09:26:14 2024]
rule rotate_z:
    input: /work/frasergen/3D/work/shaojie/script/HiC/3d_model/231402_rice_20240510/02.3d_model/H-CK-599/H-CK-599.pml
    output: /work/frasergen/3D/work/shaojie/script/HiC/3d_model/231402_rice_20240510/02.3d_model/H-CK-599/rotate_z/rotate_z_090.png
    jobid: 10
    wildcards: sample=H-CK-599, batch1=090
    resources: tmpdir=/tmp

Submitted job 10 with external jobid 'Submitted batch job 7726706'.
[Wed May 15 09:26:42 2024]
Error in rule rotate_z:
    jobid: 14
    output: /work/frasergen/3D/work/shaojie/script/HiC/3d_model/231402_rice_20240510/02.3d_model/H-CK-599/rotate_z/rotate_z_130.png
    cluster_jobid: Submitted batch job 7726689

Error executing rule rotate_z on cluster (jobid: 14, external: Submitted batch job 7726689, jobscript: /work/frasergen/3D/work/shaojie/script/HiC/3d_model/.snakemake/tmp.qs0l_gxg/snakejob.rotate_z.14.sh). For error details see the cluster log and the log files of the involved rule(s).
[Wed May 15 09:26:42 2024]
Error in rule rotate_z:
    jobid: 17
    output: /work/frasergen/3D/work/shaojie/script/HiC/3d_model/231402_rice_20240510/02.3d_model/H-CK-599/rotate_z/rotate_z_160.png
    cluster_jobid: Submitted batch job 7726691

Error executing rule rotate_z on cluster (jobid: 17, external: Submitted batch job 7726691, jobscript: /work/frasergen/3D/work/shaojie/script/HiC/3d_model/.snakemake/tmp.qs0l_gxg/snakejob.rotate_z.17.sh). For error details see the cluster log and the log files of the involved rule(s).
[Wed May 15 09:26:42 2024]
Error in rule rotate_z:
    jobid: 3
    output: /work/frasergen/3D/work/shaojie/script/HiC/3d_model/231402_rice_20240510/02.3d_model/H-CK-599/rotate_z/rotate_z_020.png
    cluster_jobid: Submitted batch job 7726692

Error executing rule rotate_z on cluster (jobid: 3, external: Submitted batch job 7726692, jobscript: /work/frasergen/3D/work/shaojie/script/HiC/3d_model/.snakemake/tmp.qs0l_gxg/snakejob.rotate_z.3.sh). For error details see the cluster log and the log files of the involved rule(s).
[Wed May 15 09:26:42 2024]
Error in rule rotate_z:
    jobid: 5
    output: /work/frasergen/3D/work/shaojie/script/HiC/3d_model/231402_rice_20240510/02.3d_model/H-CK-599/rotate_z/rotate_z_040.png
    cluster_jobid: Submitted batch job 7726693

Error executing rule rotate_z on cluster (jobid: 5, external: Submitted batch job 7726693, jobscript: /work/frasergen/3D/work/shaojie/script/HiC/3d_model/.snakemake/tmp.qs0l_gxg/snakejob.rotate_z.5.sh). For error details see the cluster log and the log files of the involved rule(s).
[Wed May 15 09:26:42 2024]
Error in rule rotate_z:
    jobid: 19
    output: /work/frasergen/3D/work/shaojie/script/HiC/3d_model/231402_rice_20240510/02.3d_model/H-CK-599/rotate_z/rotate_z_180.png
    cluster_jobid: Submitted batch job 7726694

Error executing rule rotate_z on cluster (jobid: 19, external: Submitted batch job 7726694, jobscript: /work/frasergen/3D/work/shaojie/script/HiC/3d_model/.snakemake/tmp.qs0l_gxg/snakejob.rotate_z.19.sh). For error details see the cluster log and the log files of the involved rule(s).
[Wed May 15 09:26:42 2024]
Error in rule rotate_z:
    jobid: 7
    output: /work/frasergen/3D/work/shaojie/script/HiC/3d_model/231402_rice_20240510/02.3d_model/H-CK-599/rotate_z/rotate_z_060.png
    cluster_jobid: Submitted batch job 7726695

Error executing rule rotate_z on cluster (jobid: 7, external: Submitted batch job 7726695, jobscript: /work/frasergen/3D/work/shaojie/script/HiC/3d_model/.snakemake/tmp.qs0l_gxg/snakejob.rotate_z.7.sh). For error details see the cluster log and the log files of the involved rule(s).
[Wed May 15 09:26:42 2024]
Error in rule rotate_z:
    jobid: 11
    output: /work/frasergen/3D/work/shaojie/script/HiC/3d_model/231402_rice_20240510/02.3d_model/H-CK-599/rotate_z/rotate_z_100.png
    cluster_jobid: Submitted batch job 7726697

Error executing rule rotate_z on cluster (jobid: 11, external: Submitted batch job 7726697, jobscript: /work/frasergen/3D/work/shaojie/script/HiC/3d_model/.snakemake/tmp.qs0l_gxg/snakejob.rotate_z.11.sh). For error details see the cluster log and the log files of the involved rule(s).
[Wed May 15 09:26:43 2024]
Error in rule rotate_z:
    jobid: 13
    output: /work/frasergen/3D/work/shaojie/script/HiC/3d_model/231402_rice_20240510/02.3d_model/H-CK-599/rotate_z/rotate_z_120.png
    cluster_jobid: Submitted batch job 7726698

Error executing rule rotate_z on cluster (jobid: 13, external: Submitted batch job 7726698, jobscript: /work/frasergen/3D/work/shaojie/script/HiC/3d_model/.snakemake/tmp.qs0l_gxg/snakejob.rotate_z.13.sh). For error details see the cluster log and the log files of the involved rule(s).
[Wed May 15 09:26:43 2024]
Error in rule rotate_z:
    jobid: 18
    output: /work/frasergen/3D/work/shaojie/script/HiC/3d_model/231402_rice_20240510/02.3d_model/H-CK-599/rotate_z/rotate_z_170.png
    cluster_jobid: Submitted batch job 7726700

Error executing rule rotate_z on cluster (jobid: 18, external: Submitted batch job 7726700, jobscript: /work/frasergen/3D/work/shaojie/script/HiC/3d_model/.snakemake/tmp.qs0l_gxg/snakejob.rotate_z.18.sh). For error details see the cluster log and the log files of the involved rule(s).
[Wed May 15 09:26:43 2024]
Error in rule rotate_z:
    jobid: 16
    output: /work/frasergen/3D/work/shaojie/script/HiC/3d_model/231402_rice_20240510/02.3d_model/H-CK-599/rotate_z/rotate_z_150.png
    cluster_jobid: Submitted batch job 7726701

Error executing rule rotate_z on cluster (jobid: 16, external: Submitted batch job 7726701, jobscript: /work/frasergen/3D/work/shaojie/script/HiC/3d_model/.snakemake/tmp.qs0l_gxg/snakejob.rotate_z.16.sh). For error details see the cluster log and the log files of the involved rule(s).
[Wed May 15 09:26:43 2024]
Error in rule rotate_z:
    jobid: 2
    output: /work/frasergen/3D/work/shaojie/script/HiC/3d_model/231402_rice_20240510/02.3d_model/H-CK-599/rotate_z/rotate_z_010.png
    cluster_jobid: Submitted batch job 7726702

Error executing rule rotate_z on cluster (jobid: 2, external: Submitted batch job 7726702, jobscript: /work/frasergen/3D/work/shaojie/script/HiC/3d_model/.snakemake/tmp.qs0l_gxg/snakejob.rotate_z.2.sh). For error details see the cluster log and the log files of the involved rule(s).
[Wed May 15 09:26:43 2024]
Error in rule rotate_z:
    jobid: 4
    output: /work/frasergen/3D/work/shaojie/script/HiC/3d_model/231402_rice_20240510/02.3d_model/H-CK-599/rotate_z/rotate_z_030.png
    cluster_jobid: Submitted batch job 7726703

Error executing rule rotate_z on cluster (jobid: 4, external: Submitted batch job 7726703, jobscript: /work/frasergen/3D/work/shaojie/script/HiC/3d_model/.snakemake/tmp.qs0l_gxg/snakejob.rotate_z.4.sh). For error details see the cluster log and the log files of the involved rule(s).
[Wed May 15 09:26:43 2024]
Error in rule rotate_z:
    jobid: 6
    output: /work/frasergen/3D/work/shaojie/script/HiC/3d_model/231402_rice_20240510/02.3d_model/H-CK-599/rotate_z/rotate_z_050.png
    cluster_jobid: Submitted batch job 7726704

Error executing rule rotate_z on cluster (jobid: 6, external: Submitted batch job 7726704, jobscript: /work/frasergen/3D/work/shaojie/script/HiC/3d_model/.snakemake/tmp.qs0l_gxg/snakejob.rotate_z.6.sh). For error details see the cluster log and the log files of the involved rule(s).
[Wed May 15 09:26:43 2024]
Error in rule rotate_z:
    jobid: 8
    output: /work/frasergen/3D/work/shaojie/script/HiC/3d_model/231402_rice_20240510/02.3d_model/H-CK-599/rotate_z/rotate_z_070.png
    cluster_jobid: Submitted batch job 7726705

Error executing rule rotate_z on cluster (jobid: 8, external: Submitted batch job 7726705, jobscript: /work/frasergen/3D/work/shaojie/script/HiC/3d_model/.snakemake/tmp.qs0l_gxg/snakejob.rotate_z.8.sh). For error details see the cluster log and the log files of the involved rule(s).
[Wed May 15 09:26:43 2024]
Error in rule rotate_z:
    jobid: 10
    output: /work/frasergen/3D/work/shaojie/script/HiC/3d_model/231402_rice_20240510/02.3d_model/H-CK-599/rotate_z/rotate_z_090.png
    cluster_jobid: Submitted batch job 7726706

Error executing rule rotate_z on cluster (jobid: 10, external: Submitted batch job 7726706, jobscript: /work/frasergen/3D/work/shaojie/script/HiC/3d_model/.snakemake/tmp.qs0l_gxg/snakejob.rotate_z.10.sh). For error details see the cluster log and the log files of the involved rule(s).
[Wed May 15 09:26:53 2024]
Error in rule rotate_z:
    jobid: 12
    output: /work/frasergen/3D/work/shaojie/script/HiC/3d_model/231402_rice_20240510/02.3d_model/H-CK-599/rotate_z/rotate_z_110.png
    cluster_jobid: Submitted batch job 7726688

Error executing rule rotate_z on cluster (jobid: 12, external: Submitted batch job 7726688, jobscript: /work/frasergen/3D/work/shaojie/script/HiC/3d_model/.snakemake/tmp.qs0l_gxg/snakejob.rotate_z.12.sh). For error details see the cluster log and the log files of the involved rule(s).
[Wed May 15 09:26:53 2024]
Error in rule rotate_z:
    jobid: 15
    output: /work/frasergen/3D/work/shaojie/script/HiC/3d_model/231402_rice_20240510/02.3d_model/H-CK-599/rotate_z/rotate_z_140.png
    cluster_jobid: Submitted batch job 7726690

Error executing rule rotate_z on cluster (jobid: 15, external: Submitted batch job 7726690, jobscript: /work/frasergen/3D/work/shaojie/script/HiC/3d_model/.snakemake/tmp.qs0l_gxg/snakejob.rotate_z.15.sh). For error details see the cluster log and the log files of the involved rule(s).
[Wed May 15 09:26:53 2024]
Error in rule rotate_z:
    jobid: 9
    output: /work/frasergen/3D/work/shaojie/script/HiC/3d_model/231402_rice_20240510/02.3d_model/H-CK-599/rotate_z/rotate_z_080.png
    cluster_jobid: Submitted batch job 7726696

Error executing rule rotate_z on cluster (jobid: 9, external: Submitted batch job 7726696, jobscript: /work/frasergen/3D/work/shaojie/script/HiC/3d_model/.snakemake/tmp.qs0l_gxg/snakejob.rotate_z.9.sh). For error details see the cluster log and the log files of the involved rule(s).
Shutting down, this might take some time.
Exiting because a job execution failed. Look above for error message
Complete log: /work/frasergen/3D/work/shaojie/script/HiC/3d_model/.snakemake/log/2024-05-15T092558.198848.snakemake.log
