Building DAG of jobs...
Using shell: /usr/bin/bash
Provided cores: 10
Rules claiming more threads will be scaled down.
Job stats:
job      count    min threads    max threads
-----  -------  -------------  -------------
all          1              1              1
chrom       34              1              1
gif          2              1              1
mp4          2              1              1
pml          2              1              1
png          2              1              1
total       43              1              1


[Mon Feb  5 19:44:20 2024]
rule pml:
    input: /work/frasergen/3D/work/shaojie/script/HiC/3d_model/221425_apple/02.3d_model/wsk/wsk.pdb
    output: /work/frasergen/3D/work/shaojie/script/HiC/3d_model/221425_apple/02.3d_model/wsk/wsk.pml
    jobid: 24
    wildcards: sample=wsk
    resources: tmpdir=/tmp

[Mon Feb  5 19:44:20 2024]
rule pml:
    input: /work/frasergen/3D/work/shaojie/script/HiC/3d_model/221425_apple/02.3d_model/xu/xu.pdb
    output: /work/frasergen/3D/work/shaojie/script/HiC/3d_model/221425_apple/02.3d_model/xu/xu.pml
    jobid: 6
    wildcards: sample=xu
    resources: tmpdir=/tmp

[Mon Feb  5 19:44:38 2024]
Finished job 6.
1 of 43 steps (2%) done

[Mon Feb  5 19:44:38 2024]
rule chrom:
    input: /work/frasergen/3D/work/shaojie/script/HiC/3d_model/221425_apple/02.3d_model/xu/xu.pml
    output: /work/frasergen/3D/work/shaojie/script/HiC/3d_model/221425_apple/03.gif/xu/chrs/chr4/chr4.pml
    jobid: 9
    wildcards: sample=xu, chrom=chr4
    resources: tmpdir=/tmp

[Mon Feb  5 19:44:38 2024]
rule chrom:
    input: /work/frasergen/3D/work/shaojie/script/HiC/3d_model/221425_apple/02.3d_model/xu/xu.pml
    output: /work/frasergen/3D/work/shaojie/script/HiC/3d_model/221425_apple/03.gif/xu/chrs/chr6/chr6.pml
    jobid: 11
    wildcards: sample=xu, chrom=chr6
    resources: tmpdir=/tmp

[Mon Feb  5 19:44:38 2024]
rule chrom:
    input: /work/frasergen/3D/work/shaojie/script/HiC/3d_model/221425_apple/02.3d_model/xu/xu.pml
    output: /work/frasergen/3D/work/shaojie/script/HiC/3d_model/221425_apple/03.gif/xu/chrs/chr7/chr7.pml
    jobid: 12
    wildcards: sample=xu, chrom=chr7
    resources: tmpdir=/tmp

[Mon Feb  5 19:44:38 2024]
Finished job 24.
2 of 43 steps (5%) done

[Mon Feb  5 19:44:38 2024]
rule chrom:
    input: /work/frasergen/3D/work/shaojie/script/HiC/3d_model/221425_apple/02.3d_model/xu/xu.pml
    output: /work/frasergen/3D/work/shaojie/script/HiC/3d_model/221425_apple/03.gif/xu/chrs/chr9/chr9.pml
    jobid: 14
    wildcards: sample=xu, chrom=chr9
    resources: tmpdir=/tmp

[Mon Feb  5 19:44:38 2024]
rule chrom:
    input: /work/frasergen/3D/work/shaojie/script/HiC/3d_model/221425_apple/02.3d_model/xu/xu.pml
    output: /work/frasergen/3D/work/shaojie/script/HiC/3d_model/221425_apple/03.gif/xu/chrs/chr11/chr11.pml
    jobid: 16
    wildcards: sample=xu, chrom=chr11
    resources: tmpdir=/tmp

[Mon Feb  5 19:44:38 2024]
rule chrom:
    input: /work/frasergen/3D/work/shaojie/script/HiC/3d_model/221425_apple/02.3d_model/xu/xu.pml
    output: /work/frasergen/3D/work/shaojie/script/HiC/3d_model/221425_apple/03.gif/xu/chrs/chr13/chr13.pml
    jobid: 18
    wildcards: sample=xu, chrom=chr13
    resources: tmpdir=/tmp

[Mon Feb  5 19:44:38 2024]
rule chrom:
    input: /work/frasergen/3D/work/shaojie/script/HiC/3d_model/221425_apple/02.3d_model/xu/xu.pml
    output: /work/frasergen/3D/work/shaojie/script/HiC/3d_model/221425_apple/03.gif/xu/chrs/chr15/chr15.pml
    jobid: 20
    wildcards: sample=xu, chrom=chr15
    resources: tmpdir=/tmp

[Mon Feb  5 19:44:38 2024]
rule chrom:
    input: /work/frasergen/3D/work/shaojie/script/HiC/3d_model/221425_apple/02.3d_model/xu/xu.pml
    output: /work/frasergen/3D/work/shaojie/script/HiC/3d_model/221425_apple/03.gif/xu/chrs/chr1/chr1.pml
    jobid: 5
    wildcards: sample=xu, chrom=chr1
    resources: tmpdir=/tmp

[Mon Feb  5 19:44:38 2024]
rule chrom:
    input: /work/frasergen/3D/work/shaojie/script/HiC/3d_model/221425_apple/02.3d_model/xu/xu.pml
    output: /work/frasergen/3D/work/shaojie/script/HiC/3d_model/221425_apple/03.gif/xu/chrs/chr2/chr2.pml
    jobid: 7
    wildcards: sample=xu, chrom=chr2
    resources: tmpdir=/tmp


[Mon Feb  5 19:44:38 2024]
rule chrom:
    input: /work/frasergen/3D/work/shaojie/script/HiC/3d_model/221425_apple/02.3d_model/wsk/wsk.pml
    output: /work/frasergen/3D/work/shaojie/script/HiC/3d_model/221425_apple/03.gif/wsk/chrs/chr17/chr17.pml
    jobid: 40
    wildcards: sample=wsk, chrom=chr17
    resources: tmpdir=/tmp

Shutting down, this might take some time.
Exiting because a job execution failed. Look above for error message
Complete log: /work/frasergen/3D/work/shaojie/script/HiC/3d_model/.snakemake/log/2024-02-05T194412.607097.snakemake.log
