Building DAG of jobs...
Using shell: /usr/bin/bash
Provided cluster nodes: 24
Job stats:
job         count    min threads    max threads
--------  -------  -------------  -------------
fill_pre        1              1              1
matrix          2              1              1
pastis          2              1              1
total           5              1              1


[Fri Jun 14 16:02:33 2024]
rule matrix:
    output: /work/frasergen/3D/work/shaojie/script/HiC/3d_model/analysis_3d_model_20240614/01.matrix_fill/SDU102_48h/SDU102_48h_filled_matrix.txt
    jobid: 3
    wildcards: sample=SDU102_48h
    resources: tmpdir=/tmp

Submitted job 3 with external jobid 'Submitted batch job 8272239'.

[Fri Jun 14 16:02:33 2024]
rule fill_pre:
    output: /work/frasergen/3D/work/shaojie/script/HiC/3d_model/analysis_3d_model_20240614/01.matrix_fill/bins.bed
    jobid: 4
    resources: tmpdir=/tmp

Submitted job 4 with external jobid 'Submitted batch job 8272240'.

[Fri Jun 14 16:02:33 2024]
rule matrix:
    output: /work/frasergen/3D/work/shaojie/script/HiC/3d_model/analysis_3d_model_20240614/01.matrix_fill/SDU102_24h/SDU102_24h_filled_matrix.txt
    jobid: 7
    wildcards: sample=SDU102_24h
    resources: tmpdir=/tmp

Submitted job 7 with external jobid 'Submitted batch job 8272241'.
[Fri Jun 14 16:02:53 2024]
Finished job 4.
1 of 58 steps (2%) done
[Fri Jun 14 16:03:03 2024]
Finished job 3.
2 of 58 steps (3%) done

[Fri Jun 14 16:03:03 2024]
rule pastis:
    input: /work/frasergen/3D/work/shaojie/script/HiC/3d_model/analysis_3d_model_20240614/01.matrix_fill/SDU102_48h/SDU102_48h_filled_matrix.txt, /work/frasergen/3D/work/shaojie/script/HiC/3d_model/analysis_3d_model_20240614/01.matrix_fill/bins.bed
    output: /work/frasergen/3D/work/shaojie/script/HiC/3d_model/analysis_3d_model_20240614/02.3d_model/SDU102_48h/SDU102_48h.pdb, /work/frasergen/3D/work/shaojie/script/HiC/3d_model/analysis_3d_model_20240614/02.3d_model/SDU102_48h/SDU102_48h.pml
    jobid: 2
    wildcards: sample=SDU102_48h
    resources: tmpdir=/tmp

[Fri Jun 14 16:03:03 2024]
Finished job 7.
3 of 58 steps (5%) done
Submitted job 2 with external jobid 'Submitted batch job 8272242'.

[Fri Jun 14 16:03:03 2024]
rule pastis:
    input: /work/frasergen/3D/work/shaojie/script/HiC/3d_model/analysis_3d_model_20240614/01.matrix_fill/SDU102_24h/SDU102_24h_filled_matrix.txt, /work/frasergen/3D/work/shaojie/script/HiC/3d_model/analysis_3d_model_20240614/01.matrix_fill/bins.bed
    output: /work/frasergen/3D/work/shaojie/script/HiC/3d_model/analysis_3d_model_20240614/02.3d_model/SDU102_24h/SDU102_24h.pdb, /work/frasergen/3D/work/shaojie/script/HiC/3d_model/analysis_3d_model_20240614/02.3d_model/SDU102_24h/SDU102_24h.pml
    jobid: 6
    wildcards: sample=SDU102_24h
    resources: tmpdir=/tmp

Submitted job 6 with external jobid 'Submitted batch job 8272243'.
[Fri Jun 14 16:04:13 2024]
Finished job 2.
4 of 58 steps (7%) done
[Fri Jun 14 16:04:13 2024]
Finished job 6.
5 of 58 steps (9%) done
Complete log: /work/frasergen/3D/work/shaojie/script/HiC/3d_model/.snakemake/log/2024-06-14T160226.009792.snakemake.log
