Building DAG of jobs...
Using shell: /usr/bin/bash
Provided cluster nodes: 10
Job stats:
job      count    min threads    max threads
-----  -------  -------------  -------------
all          1              1              1
chrom       96              1              1
gif          3              1              1
mp4          3              1              1
png          3              1              1
total      106              1              1


[Wed Apr 24 10:37:55 2024]
rule chrom:
    input: /work/frasergen/3D/work/shaojie/script/HiC/3d_model/analysis20240419_3D_model/02.3d_model/AA/AA.pml
    output: /work/frasergen/3D/work/shaojie/script/HiC/3d_model/analysis20240419_3D_model/03.gif/AA/chrs/chr22/chr22.pml
    jobid: 26
    wildcards: sample=AA, chrom=chr22
    resources: tmpdir=/tmp

Submitted job 26 with external jobid 'Submitted batch job 7172563'.

[Wed Apr 24 10:37:55 2024]
rule chrom:
    input: /work/frasergen/3D/work/shaojie/script/HiC/3d_model/analysis20240419_3D_model/02.3d_model/AA/AA.pml
    output: /work/frasergen/3D/work/shaojie/script/HiC/3d_model/analysis20240419_3D_model/03.gif/AA/chrs/chr24/chr24.pml
    jobid: 28
    wildcards: sample=AA, chrom=chr24
    resources: tmpdir=/tmp

Submitted job 28 with external jobid 'Submitted batch job 7172564'.

[Wed Apr 24 10:37:55 2024]
rule chrom:
    input: /work/frasergen/3D/work/shaojie/script/HiC/3d_model/analysis20240419_3D_model/02.3d_model/AA/AA.pml
    output: /work/frasergen/3D/work/shaojie/script/HiC/3d_model/analysis20240419_3D_model/03.gif/AA/chrs/chr26/chr26.pml
    jobid: 30
    wildcards: sample=AA, chrom=chr26
    resources: tmpdir=/tmp

Submitted job 30 with external jobid 'Submitted batch job 7172565'.

[Wed Apr 24 10:37:56 2024]
rule chrom:
    input: /work/frasergen/3D/work/shaojie/script/HiC/3d_model/analysis20240419_3D_model/02.3d_model/AA/AA.pml
    output: /work/frasergen/3D/work/shaojie/script/HiC/3d_model/analysis20240419_3D_model/03.gif/AA/chrs/chr25/chr25.pml
    jobid: 29
    wildcards: sample=AA, chrom=chr25
    resources: tmpdir=/tmp

Submitted job 29 with external jobid 'Submitted batch job 7172566'.

[Wed Apr 24 10:37:56 2024]
rule chrom:
    input: /work/frasergen/3D/work/shaojie/script/HiC/3d_model/analysis20240419_3D_model/02.3d_model/AA/AA.pml
    output: /work/frasergen/3D/work/shaojie/script/HiC/3d_model/analysis20240419_3D_model/03.gif/AA/chrs/chr28/chr28.pml
    jobid: 32
    wildcards: sample=AA, chrom=chr28
    resources: tmpdir=/tmp

Submitted job 32 with external jobid 'Submitted batch job 7172567'.

[Wed Apr 24 10:37:56 2024]
rule png:
    input: /work/frasergen/3D/work/shaojie/script/HiC/3d_model/analysis20240419_3D_model/02.3d_model/AA/AA.pml
    output: /work/frasergen/3D/work/shaojie/script/HiC/3d_model/analysis20240419_3D_model/03.gif/AA/pngs/fig_240.png
    jobid: 103
    wildcards: sample=AA
    resources: tmpdir=/tmp

Submitted job 103 with external jobid 'Submitted batch job 7172568'.

[Wed Apr 24 10:37:56 2024]
rule chrom:
    input: /work/frasergen/3D/work/shaojie/script/HiC/3d_model/analysis20240419_3D_model/02.3d_model/AA/AA.pml
    output: /work/frasergen/3D/work/shaojie/script/HiC/3d_model/analysis20240419_3D_model/03.gif/AA/chrs/chr23/chr23.pml
    jobid: 27
    wildcards: sample=AA, chrom=chr23
    resources: tmpdir=/tmp

Submitted job 27 with external jobid 'Submitted batch job 7172569'.

[Wed Apr 24 10:37:56 2024]
rule chrom:
    input: /work/frasergen/3D/work/shaojie/script/HiC/3d_model/analysis20240419_3D_model/02.3d_model/AA/AA.pml
    output: /work/frasergen/3D/work/shaojie/script/HiC/3d_model/analysis20240419_3D_model/03.gif/AA/chrs/chr7/chr7.pml
    jobid: 11
    wildcards: sample=AA, chrom=chr7
    resources: tmpdir=/tmp

Submitted job 11 with external jobid 'Submitted batch job 7172570'.

[Wed Apr 24 10:37:56 2024]
rule chrom:
    input: /work/frasergen/3D/work/shaojie/script/HiC/3d_model/analysis20240419_3D_model/02.3d_model/AA/AA.pml
    output: /work/frasergen/3D/work/shaojie/script/HiC/3d_model/analysis20240419_3D_model/03.gif/AA/chrs/chr27/chr27.pml
    jobid: 31
    wildcards: sample=AA, chrom=chr27
    resources: tmpdir=/tmp

Submitted job 31 with external jobid 'Submitted batch job 7172571'.

[Wed Apr 24 10:37:57 2024]
rule chrom:
    input: /work/frasergen/3D/work/shaojie/script/HiC/3d_model/analysis20240419_3D_model/02.3d_model/AA/AA.pml
    output: /work/frasergen/3D/work/shaojie/script/HiC/3d_model/analysis20240419_3D_model/03.gif/AA/chrs/chr1/chr1.pml
    jobid: 4
    wildcards: sample=AA, chrom=chr1
    resources: tmpdir=/tmp

Submitted job 4 with external jobid 'Submitted batch job 7172572'.
[Wed Apr 24 10:38:16 2024]
Finished job 26.
1 of 106 steps (1%) done

[Wed Apr 24 10:38:16 2024]
rule chrom:
    input: /work/frasergen/3D/work/shaojie/script/HiC/3d_model/analysis20240419_3D_model/02.3d_model/AA/AA.pml
    output: /work/frasergen/3D/work/shaojie/script/HiC/3d_model/analysis20240419_3D_model/03.gif/AA/chrs/chr29/chr29.pml
    jobid: 33
    wildcards: sample=AA, chrom=chr29
    resources: tmpdir=/tmp

[Wed Apr 24 10:38:16 2024]
Finished job 28.
2 of 106 steps (2%) done
[Wed Apr 24 10:38:16 2024]
Finished job 30.
3 of 106 steps (3%) done
[Wed Apr 24 10:38:16 2024]
Finished job 29.
4 of 106 steps (4%) done
Submitted job 33 with external jobid 'Submitted batch job 7172581'.
[Wed Apr 24 10:38:16 2024]
Finished job 32.
5 of 106 steps (5%) done

[Wed Apr 24 10:38:16 2024]
rule chrom:
    input: /work/frasergen/3D/work/shaojie/script/HiC/3d_model/analysis20240419_3D_model/02.3d_model/AA/AA.pml
    output: /work/frasergen/3D/work/shaojie/script/HiC/3d_model/analysis20240419_3D_model/03.gif/AA/chrs/chr31/chr31.pml
    jobid: 35
    wildcards: sample=AA, chrom=chr31
    resources: tmpdir=/tmp

[Wed Apr 24 10:38:16 2024]
Finished job 27.
6 of 106 steps (6%) done
[Wed Apr 24 10:38:16 2024]
Finished job 11.
7 of 106 steps (7%) done
Submitted job 35 with external jobid 'Submitted batch job 7172582'.

[Wed Apr 24 10:38:16 2024]
rule chrom:
    input: /work/frasergen/3D/work/shaojie/script/HiC/3d_model/analysis20240419_3D_model/02.3d_model/AA/AA.pml
    output: /work/frasergen/3D/work/shaojie/script/HiC/3d_model/analysis20240419_3D_model/03.gif/AA/chrs/chr30/chr30.pml
    jobid: 34
    wildcards: sample=AA, chrom=chr30
    resources: tmpdir=/tmp

[Wed Apr 24 10:38:17 2024]
Finished job 31.
8 of 106 steps (8%) done
Submitted job 34 with external jobid 'Submitted batch job 7172583'.

[Wed Apr 24 10:38:17 2024]
rule chrom:
    input: /work/frasergen/3D/work/shaojie/script/HiC/3d_model/analysis20240419_3D_model/02.3d_model/AA/AA.pml
    output: /work/frasergen/3D/work/shaojie/script/HiC/3d_model/analysis20240419_3D_model/03.gif/AA/chrs/chr2/chr2.pml
    jobid: 6
    wildcards: sample=AA, chrom=chr2
    resources: tmpdir=/tmp

Submitted job 6 with external jobid 'Submitted batch job 7172584'.

[Wed Apr 24 10:38:17 2024]
rule chrom:
    input: /work/frasergen/3D/work/shaojie/script/HiC/3d_model/analysis20240419_3D_model/02.3d_model/AA/AA.pml
    output: /work/frasergen/3D/work/shaojie/script/HiC/3d_model/analysis20240419_3D_model/03.gif/AA/chrs/chr3/chr3.pml
    jobid: 7
    wildcards: sample=AA, chrom=chr3
    resources: tmpdir=/tmp

Submitted job 7 with external jobid 'Submitted batch job 7172585'.

[Wed Apr 24 10:38:17 2024]
rule chrom:
    input: /work/frasergen/3D/work/shaojie/script/HiC/3d_model/analysis20240419_3D_model/02.3d_model/AA/AA.pml
    output: /work/frasergen/3D/work/shaojie/script/HiC/3d_model/analysis20240419_3D_model/03.gif/AA/chrs/chr4/chr4.pml
    jobid: 8
    wildcards: sample=AA, chrom=chr4
    resources: tmpdir=/tmp

Submitted job 8 with external jobid 'Submitted batch job 7172586'.

[Wed Apr 24 10:38:17 2024]
rule chrom:
    input: /work/frasergen/3D/work/shaojie/script/HiC/3d_model/analysis20240419_3D_model/02.3d_model/AA/AA.pml
    output: /work/frasergen/3D/work/shaojie/script/HiC/3d_model/analysis20240419_3D_model/03.gif/AA/chrs/chr5/chr5.pml
    jobid: 9
    wildcards: sample=AA, chrom=chr5
    resources: tmpdir=/tmp

Submitted job 9 with external jobid 'Submitted batch job 7172587'.

[Wed Apr 24 10:38:17 2024]
rule chrom:
    input: /work/frasergen/3D/work/shaojie/script/HiC/3d_model/analysis20240419_3D_model/02.3d_model/AA/AA.pml
    output: /work/frasergen/3D/work/shaojie/script/HiC/3d_model/analysis20240419_3D_model/03.gif/AA/chrs/chr32/chr32.pml
    jobid: 36
    wildcards: sample=AA, chrom=chr32
    resources: tmpdir=/tmp

Submitted job 36 with external jobid 'Submitted batch job 7172588'.
[Wed Apr 24 10:38:27 2024]
Finished job 4.
9 of 106 steps (8%) done

[Wed Apr 24 10:38:27 2024]
rule chrom:
    input: /work/frasergen/3D/work/shaojie/script/HiC/3d_model/analysis20240419_3D_model/02.3d_model/AA/AA.pml
    output: /work/frasergen/3D/work/shaojie/script/HiC/3d_model/analysis20240419_3D_model/03.gif/AA/chrs/chr6/chr6.pml
    jobid: 10
    wildcards: sample=AA, chrom=chr6
    resources: tmpdir=/tmp

Submitted job 10 with external jobid 'Submitted batch job 7172589'.
[Wed Apr 24 10:38:38 2024]
Finished job 33.
10 of 106 steps (9%) done

[Wed Apr 24 10:38:38 2024]
rule chrom:
    input: /work/frasergen/3D/work/shaojie/script/HiC/3d_model/analysis20240419_3D_model/02.3d_model/AA/AA.pml
    output: /work/frasergen/3D/work/shaojie/script/HiC/3d_model/analysis20240419_3D_model/03.gif/AA/chrs/chr8/chr8.pml
    jobid: 12
    wildcards: sample=AA, chrom=chr8
    resources: tmpdir=/tmp

[Wed Apr 24 10:38:38 2024]
Finished job 35.
11 of 106 steps (10%) done
[Wed Apr 24 10:38:38 2024]
Finished job 34.
12 of 106 steps (11%) done
[Wed Apr 24 10:38:38 2024]
Finished job 8.
13 of 106 steps (12%) done
Submitted job 12 with external jobid 'Submitted batch job 7172591'.
[Wed Apr 24 10:38:38 2024]
Finished job 9.
14 of 106 steps (13%) done

[Wed Apr 24 10:38:38 2024]
rule chrom:
    input: /work/frasergen/3D/work/shaojie/script/HiC/3d_model/analysis20240419_3D_model/02.3d_model/AA/AA.pml
    output: /work/frasergen/3D/work/shaojie/script/HiC/3d_model/analysis20240419_3D_model/03.gif/AA/chrs/chr11/chr11.pml
    jobid: 15
    wildcards: sample=AA, chrom=chr11
    resources: tmpdir=/tmp

Submitted job 15 with external jobid 'Submitted batch job 7172592'.

[Wed Apr 24 10:38:39 2024]
rule chrom:
    input: /work/frasergen/3D/work/shaojie/script/HiC/3d_model/analysis20240419_3D_model/02.3d_model/AA/AA.pml
    output: /work/frasergen/3D/work/shaojie/script/HiC/3d_model/analysis20240419_3D_model/03.gif/AA/chrs/chr12/chr12.pml
    jobid: 16
    wildcards: sample=AA, chrom=chr12
    resources: tmpdir=/tmp

Submitted job 16 with external jobid 'Submitted batch job 7172593'.

[Wed Apr 24 10:38:39 2024]
rule chrom:
    input: /work/frasergen/3D/work/shaojie/script/HiC/3d_model/analysis20240419_3D_model/02.3d_model/AA/AA.pml
    output: /work/frasergen/3D/work/shaojie/script/HiC/3d_model/analysis20240419_3D_model/03.gif/AA/chrs/chr9/chr9.pml
    jobid: 13
    wildcards: sample=AA, chrom=chr9
    resources: tmpdir=/tmp

Submitted job 13 with external jobid 'Submitted batch job 7172594'.

[Wed Apr 24 10:38:39 2024]
rule chrom:
    input: /work/frasergen/3D/work/shaojie/script/HiC/3d_model/analysis20240419_3D_model/02.3d_model/AA/AA.pml
    output: /work/frasergen/3D/work/shaojie/script/HiC/3d_model/analysis20240419_3D_model/03.gif/AA/chrs/chr10/chr10.pml
    jobid: 14
    wildcards: sample=AA, chrom=chr10
    resources: tmpdir=/tmp

Submitted job 14 with external jobid 'Submitted batch job 7172595'.
[Wed Apr 24 10:38:49 2024]
Finished job 6.
15 of 106 steps (14%) done

[Wed Apr 24 10:38:49 2024]
rule chrom:
    input: /work/frasergen/3D/work/shaojie/script/HiC/3d_model/analysis20240419_3D_model/02.3d_model/AA/AA.pml
    output: /work/frasergen/3D/work/shaojie/script/HiC/3d_model/analysis20240419_3D_model/03.gif/AA/chrs/chr15/chr15.pml
    jobid: 19
    wildcards: sample=AA, chrom=chr15
    resources: tmpdir=/tmp

[Wed Apr 24 10:38:49 2024]
Finished job 7.
16 of 106 steps (15%) done
[Wed Apr 24 10:38:49 2024]
Finished job 36.
17 of 106 steps (16%) done
[Wed Apr 24 10:38:49 2024]
Finished job 10.
18 of 106 steps (17%) done
[Wed Apr 24 10:38:49 2024]
Finished job 15.
19 of 106 steps (18%) done
Submitted job 19 with external jobid 'Submitted batch job 7172597'.

[Wed Apr 24 10:38:49 2024]
rule chrom:
    input: /work/frasergen/3D/work/shaojie/script/HiC/3d_model/analysis20240419_3D_model/02.3d_model/AA/AA.pml
    output: /work/frasergen/3D/work/shaojie/script/HiC/3d_model/analysis20240419_3D_model/03.gif/AA/chrs/chr19/chr19.pml
    jobid: 23
    wildcards: sample=AA, chrom=chr19
    resources: tmpdir=/tmp

Submitted job 23 with external jobid 'Submitted batch job 7172598'.

[Wed Apr 24 10:38:50 2024]
rule chrom:
    input: /work/frasergen/3D/work/shaojie/script/HiC/3d_model/analysis20240419_3D_model/02.3d_model/AA/AA.pml
    output: /work/frasergen/3D/work/shaojie/script/HiC/3d_model/analysis20240419_3D_model/03.gif/AA/chrs/chr16/chr16.pml
    jobid: 20
    wildcards: sample=AA, chrom=chr16
    resources: tmpdir=/tmp

Submitted job 20 with external jobid 'Submitted batch job 7172599'.

[Wed Apr 24 10:38:50 2024]
rule chrom:
    input: /work/frasergen/3D/work/shaojie/script/HiC/3d_model/analysis20240419_3D_model/02.3d_model/AA/AA.pml
    output: /work/frasergen/3D/work/shaojie/script/HiC/3d_model/analysis20240419_3D_model/03.gif/AA/chrs/chr17/chr17.pml
    jobid: 21
    wildcards: sample=AA, chrom=chr17
    resources: tmpdir=/tmp

Submitted job 21 with external jobid 'Submitted batch job 7172600'.

[Wed Apr 24 10:38:50 2024]
rule chrom:
    input: /work/frasergen/3D/work/shaojie/script/HiC/3d_model/analysis20240419_3D_model/02.3d_model/AA/AA.pml
    output: /work/frasergen/3D/work/shaojie/script/HiC/3d_model/analysis20240419_3D_model/03.gif/AA/chrs/chr18/chr18.pml
    jobid: 22
    wildcards: sample=AA, chrom=chr18
    resources: tmpdir=/tmp

Submitted job 22 with external jobid 'Submitted batch job 7172601'.
[Wed Apr 24 10:39:00 2024]
Finished job 12.
20 of 106 steps (19%) done

[Wed Apr 24 10:39:00 2024]
rule chrom:
    input: /work/frasergen/3D/work/shaojie/script/HiC/3d_model/analysis20240419_3D_model/02.3d_model/AA/AA.pml
    output: /work/frasergen/3D/work/shaojie/script/HiC/3d_model/analysis20240419_3D_model/03.gif/AA/chrs/chr20/chr20.pml
    jobid: 24
    wildcards: sample=AA, chrom=chr20
    resources: tmpdir=/tmp

[Wed Apr 24 10:39:00 2024]
Finished job 16.
21 of 106 steps (20%) done
[Wed Apr 24 10:39:00 2024]
Finished job 13.
22 of 106 steps (21%) done
[Wed Apr 24 10:39:00 2024]
Finished job 14.
23 of 106 steps (22%) done
Submitted job 24 with external jobid 'Submitted batch job 7172603'.
[Wed Apr 24 10:39:01 2024]
Finished job 19.
24 of 106 steps (23%) done

[Wed Apr 24 10:39:01 2024]
rule chrom:
    input: /work/frasergen/3D/work/shaojie/script/HiC/3d_model/analysis20240419_3D_model/02.3d_model/AA/AA.pml
    output: /work/frasergen/3D/work/shaojie/script/HiC/3d_model/analysis20240419_3D_model/03.gif/AA/chrs/chr14/chr14.pml
    jobid: 18
    wildcards: sample=AA, chrom=chr14
    resources: tmpdir=/tmp

[Wed Apr 24 10:39:01 2024]
Finished job 23.
25 of 106 steps (24%) done
Submitted job 18 with external jobid 'Submitted batch job 7172604'.

[Wed Apr 24 10:39:01 2024]
rule chrom:
    input: /work/frasergen/3D/work/shaojie/script/HiC/3d_model/analysis20240419_3D_model/02.3d_model/AA/AA.pml
    output: /work/frasergen/3D/work/shaojie/script/HiC/3d_model/analysis20240419_3D_model/03.gif/AA/chrs/chr13/chr13.pml
    jobid: 17
    wildcards: sample=AA, chrom=chr13
    resources: tmpdir=/tmp

Submitted job 17 with external jobid 'Submitted batch job 7172605'.

[Wed Apr 24 10:39:01 2024]
rule chrom:
    input: /work/frasergen/3D/work/shaojie/script/HiC/3d_model/analysis20240419_3D_model/02.3d_model/AA/AA.pml
    output: /work/frasergen/3D/work/shaojie/script/HiC/3d_model/analysis20240419_3D_model/03.gif/AA/chrs/chr21/chr21.pml
    jobid: 25
    wildcards: sample=AA, chrom=chr21
    resources: tmpdir=/tmp

Submitted job 25 with external jobid 'Submitted batch job 7172606'.

[Wed Apr 24 10:39:01 2024]
rule chrom:
    input: /work/frasergen/3D/work/shaojie/script/HiC/3d_model/analysis20240419_3D_model/02.3d_model/AG/AG.pml
    output: /work/frasergen/3D/work/shaojie/script/HiC/3d_model/analysis20240419_3D_model/03.gif/AG/chrs/chr27/chr27.pml
    jobid: 97
    wildcards: sample=AG, chrom=chr27
    resources: tmpdir=/tmp

Submitted job 97 with external jobid 'Submitted batch job 7172607'.

[Wed Apr 24 10:39:01 2024]
rule chrom:
    input: /work/frasergen/3D/work/shaojie/script/HiC/3d_model/analysis20240419_3D_model/02.3d_model/AC/AC.pml
    output: /work/frasergen/3D/work/shaojie/script/HiC/3d_model/analysis20240419_3D_model/03.gif/AC/chrs/chr17/chr17.pml
    jobid: 54
    wildcards: sample=AC, chrom=chr17
    resources: tmpdir=/tmp

Submitted job 54 with external jobid 'Submitted batch job 7172608'.
[Wed Apr 24 10:39:11 2024]
Finished job 24.
26 of 106 steps (25%) done

[Wed Apr 24 10:39:11 2024]
rule chrom:
    input: /work/frasergen/3D/work/shaojie/script/HiC/3d_model/analysis20240419_3D_model/02.3d_model/AC/AC.pml
    output: /work/frasergen/3D/work/shaojie/script/HiC/3d_model/analysis20240419_3D_model/03.gif/AC/chrs/chr31/chr31.pml
    jobid: 68
    wildcards: sample=AC, chrom=chr31
    resources: tmpdir=/tmp

[Wed Apr 24 10:39:11 2024]
Finished job 20.
27 of 106 steps (25%) done
[Wed Apr 24 10:39:11 2024]
Finished job 21.
28 of 106 steps (26%) done
[Wed Apr 24 10:39:11 2024]
Finished job 22.
29 of 106 steps (27%) done
Submitted job 68 with external jobid 'Submitted batch job 7172611'.
[Wed Apr 24 10:39:12 2024]
Finished job 18.
30 of 106 steps (28%) done

[Wed Apr 24 10:39:12 2024]
rule chrom:
    input: /work/frasergen/3D/work/shaojie/script/HiC/3d_model/analysis20240419_3D_model/02.3d_model/AG/AG.pml
    output: /work/frasergen/3D/work/shaojie/script/HiC/3d_model/analysis20240419_3D_model/03.gif/AG/chrs/chr12/chr12.pml
    jobid: 82
    wildcards: sample=AG, chrom=chr12
    resources: tmpdir=/tmp

Submitted job 82 with external jobid 'Submitted batch job 7172612'.

[Wed Apr 24 10:39:12 2024]
rule chrom:
    input: /work/frasergen/3D/work/shaojie/script/HiC/3d_model/analysis20240419_3D_model/02.3d_model/AC/AC.pml
    output: /work/frasergen/3D/work/shaojie/script/HiC/3d_model/analysis20240419_3D_model/03.gif/AC/chrs/chr10/chr10.pml
    jobid: 47
    wildcards: sample=AC, chrom=chr10
    resources: tmpdir=/tmp

Submitted job 47 with external jobid 'Submitted batch job 7172613'.

[Wed Apr 24 10:39:12 2024]
rule chrom:
    input: /work/frasergen/3D/work/shaojie/script/HiC/3d_model/analysis20240419_3D_model/02.3d_model/AC/AC.pml
    output: /work/frasergen/3D/work/shaojie/script/HiC/3d_model/analysis20240419_3D_model/03.gif/AC/chrs/chr3/chr3.pml
    jobid: 40
    wildcards: sample=AC, chrom=chr3
    resources: tmpdir=/tmp

Submitted job 40 with external jobid 'Submitted batch job 7172614'.

[Wed Apr 24 10:39:12 2024]
rule chrom:
    input: /work/frasergen/3D/work/shaojie/script/HiC/3d_model/analysis20240419_3D_model/02.3d_model/AC/AC.pml
    output: /work/frasergen/3D/work/shaojie/script/HiC/3d_model/analysis20240419_3D_model/03.gif/AC/chrs/chr25/chr25.pml
    jobid: 62
    wildcards: sample=AC, chrom=chr25
    resources: tmpdir=/tmp

Submitted job 62 with external jobid 'Submitted batch job 7172615'.
[Wed Apr 24 10:39:22 2024]
Finished job 17.
31 of 106 steps (29%) done

[Wed Apr 24 10:39:22 2024]
rule chrom:
    input: /work/frasergen/3D/work/shaojie/script/HiC/3d_model/analysis20240419_3D_model/02.3d_model/AG/AG.pml
    output: /work/frasergen/3D/work/shaojie/script/HiC/3d_model/analysis20240419_3D_model/03.gif/AG/chrs/chr6/chr6.pml
    jobid: 76
    wildcards: sample=AG, chrom=chr6
    resources: tmpdir=/tmp

[Wed Apr 24 10:39:22 2024]
Finished job 25.
32 of 106 steps (30%) done
[Wed Apr 24 10:39:23 2024]
Finished job 97.
33 of 106 steps (31%) done
[Wed Apr 24 10:39:23 2024]
Finished job 54.
34 of 106 steps (32%) done
Submitted job 76 with external jobid 'Submitted batch job 7172618'.

[Wed Apr 24 10:39:23 2024]
rule chrom:
    input: /work/frasergen/3D/work/shaojie/script/HiC/3d_model/analysis20240419_3D_model/02.3d_model/AG/AG.pml
    output: /work/frasergen/3D/work/shaojie/script/HiC/3d_model/analysis20240419_3D_model/03.gif/AG/chrs/chr21/chr21.pml
    jobid: 91
    wildcards: sample=AG, chrom=chr21
    resources: tmpdir=/tmp

Submitted job 91 with external jobid 'Submitted batch job 7172619'.

[Wed Apr 24 10:39:23 2024]
rule png:
    input: /work/frasergen/3D/work/shaojie/script/HiC/3d_model/analysis20240419_3D_model/02.3d_model/AG/AG.pml
    output: /work/frasergen/3D/work/shaojie/script/HiC/3d_model/analysis20240419_3D_model/03.gif/AG/pngs/fig_240.png
    jobid: 105
    wildcards: sample=AG
    resources: tmpdir=/tmp

Submitted job 105 with external jobid 'Submitted batch job 7172620'.

[Wed Apr 24 10:39:23 2024]
rule chrom:
    input: /work/frasergen/3D/work/shaojie/script/HiC/3d_model/analysis20240419_3D_model/02.3d_model/AC/AC.pml
    output: /work/frasergen/3D/work/shaojie/script/HiC/3d_model/analysis20240419_3D_model/03.gif/AC/chrs/chr11/chr11.pml
    jobid: 48
    wildcards: sample=AC, chrom=chr11
    resources: tmpdir=/tmp

Submitted job 48 with external jobid 'Submitted batch job 7172621'.
[Wed Apr 24 10:39:33 2024]
Finished job 68.
35 of 106 steps (33%) done

[Wed Apr 24 10:39:33 2024]
rule chrom:
    input: /work/frasergen/3D/work/shaojie/script/HiC/3d_model/analysis20240419_3D_model/02.3d_model/AG/AG.pml
    output: /work/frasergen/3D/work/shaojie/script/HiC/3d_model/analysis20240419_3D_model/03.gif/AG/chrs/chr28/chr28.pml
    jobid: 98
    wildcards: sample=AG, chrom=chr28
    resources: tmpdir=/tmp

[Wed Apr 24 10:39:33 2024]
Finished job 82.
36 of 106 steps (34%) done
[Wed Apr 24 10:39:34 2024]
Finished job 47.
37 of 106 steps (35%) done
[Wed Apr 24 10:39:34 2024]
Finished job 40.
38 of 106 steps (36%) done
[Wed Apr 24 10:39:34 2024]
Finished job 62.
39 of 106 steps (37%) done
[Wed Apr 24 10:39:34 2024]
Finished job 91.
40 of 106 steps (38%) done
Submitted job 98 with external jobid 'Submitted batch job 7172623'.

[Wed Apr 24 10:39:35 2024]
rule chrom:
    input: /work/frasergen/3D/work/shaojie/script/HiC/3d_model/analysis20240419_3D_model/02.3d_model/AG/AG.pml
    output: /work/frasergen/3D/work/shaojie/script/HiC/3d_model/analysis20240419_3D_model/03.gif/AG/chrs/chr13/chr13.pml
    jobid: 83
    wildcards: sample=AG, chrom=chr13
    resources: tmpdir=/tmp

Submitted job 83 with external jobid 'Submitted batch job 7172624'.

[Wed Apr 24 10:39:35 2024]
rule chrom:
    input: /work/frasergen/3D/work/shaojie/script/HiC/3d_model/analysis20240419_3D_model/02.3d_model/AC/AC.pml
    output: /work/frasergen/3D/work/shaojie/script/HiC/3d_model/analysis20240419_3D_model/03.gif/AC/chrs/chr4/chr4.pml
    jobid: 41
    wildcards: sample=AC, chrom=chr4
    resources: tmpdir=/tmp

Submitted job 41 with external jobid 'Submitted batch job 7172625'.

[Wed Apr 24 10:39:35 2024]
rule chrom:
    input: /work/frasergen/3D/work/shaojie/script/HiC/3d_model/analysis20240419_3D_model/02.3d_model/AC/AC.pml
    output: /work/frasergen/3D/work/shaojie/script/HiC/3d_model/analysis20240419_3D_model/03.gif/AC/chrs/chr18/chr18.pml
    jobid: 55
    wildcards: sample=AC, chrom=chr18
    resources: tmpdir=/tmp

Submitted job 55 with external jobid 'Submitted batch job 7172626'.

[Wed Apr 24 10:39:35 2024]
rule chrom:
    input: /work/frasergen/3D/work/shaojie/script/HiC/3d_model/analysis20240419_3D_model/02.3d_model/AC/AC.pml
    output: /work/frasergen/3D/work/shaojie/script/HiC/3d_model/analysis20240419_3D_model/03.gif/AC/chrs/chr32/chr32.pml
    jobid: 69
    wildcards: sample=AC, chrom=chr32
    resources: tmpdir=/tmp

Submitted job 69 with external jobid 'Submitted batch job 7172628'.

[Wed Apr 24 10:39:35 2024]
rule chrom:
    input: /work/frasergen/3D/work/shaojie/script/HiC/3d_model/analysis20240419_3D_model/02.3d_model/AC/AC.pml
    output: /work/frasergen/3D/work/shaojie/script/HiC/3d_model/analysis20240419_3D_model/03.gif/AC/chrs/chr26/chr26.pml
    jobid: 63
    wildcards: sample=AC, chrom=chr26
    resources: tmpdir=/tmp

Submitted job 63 with external jobid 'Submitted batch job 7172629'.
[Wed Apr 24 10:39:45 2024]
Finished job 76.
41 of 106 steps (39%) done

[Wed Apr 24 10:39:45 2024]
rule chrom:
    input: /work/frasergen/3D/work/shaojie/script/HiC/3d_model/analysis20240419_3D_model/02.3d_model/AG/AG.pml
    output: /work/frasergen/3D/work/shaojie/script/HiC/3d_model/analysis20240419_3D_model/03.gif/AG/chrs/chr7/chr7.pml
    jobid: 77
    wildcards: sample=AG, chrom=chr7
    resources: tmpdir=/tmp

[Wed Apr 24 10:39:45 2024]
Finished job 48.
42 of 106 steps (40%) done
Submitted job 77 with external jobid 'Submitted batch job 7172631'.

[Wed Apr 24 10:39:45 2024]
rule chrom:
    input: /work/frasergen/3D/work/shaojie/script/HiC/3d_model/analysis20240419_3D_model/02.3d_model/AC/AC.pml
    output: /work/frasergen/3D/work/shaojie/script/HiC/3d_model/analysis20240419_3D_model/03.gif/AC/chrs/chr12/chr12.pml
    jobid: 49
    wildcards: sample=AC, chrom=chr12
    resources: tmpdir=/tmp

Submitted job 49 with external jobid 'Submitted batch job 7172632'.
[Wed Apr 24 10:39:56 2024]
Finished job 98.
43 of 106 steps (41%) done

[Wed Apr 24 10:39:56 2024]
rule chrom:
    input: /work/frasergen/3D/work/shaojie/script/HiC/3d_model/analysis20240419_3D_model/02.3d_model/AG/AG.pml
    output: /work/frasergen/3D/work/shaojie/script/HiC/3d_model/analysis20240419_3D_model/03.gif/AG/chrs/chr22/chr22.pml
    jobid: 92
    wildcards: sample=AG, chrom=chr22
    resources: tmpdir=/tmp

[Wed Apr 24 10:39:56 2024]
Finished job 83.
44 of 106 steps (42%) done
[Wed Apr 24 10:39:56 2024]
Finished job 41.
45 of 106 steps (42%) done
[Wed Apr 24 10:39:56 2024]
Finished job 55.
46 of 106 steps (43%) done
Submitted job 92 with external jobid 'Submitted batch job 7172634'.
[Wed Apr 24 10:39:56 2024]
Finished job 69.
47 of 106 steps (44%) done

[Wed Apr 24 10:39:56 2024]
rule chrom:
    input: /work/frasergen/3D/work/shaojie/script/HiC/3d_model/analysis20240419_3D_model/02.3d_model/AC/AC.pml
    output: /work/frasergen/3D/work/shaojie/script/HiC/3d_model/analysis20240419_3D_model/03.gif/AC/chrs/chr19/chr19.pml
    jobid: 56
    wildcards: sample=AC, chrom=chr19
    resources: tmpdir=/tmp

[Wed Apr 24 10:39:56 2024]
Finished job 63.
48 of 106 steps (45%) done
Submitted job 56 with external jobid 'Submitted batch job 7172635'.

[Wed Apr 24 10:39:56 2024]
rule chrom:
    input: /work/frasergen/3D/work/shaojie/script/HiC/3d_model/analysis20240419_3D_model/02.3d_model/AG/AG.pml
    output: /work/frasergen/3D/work/shaojie/script/HiC/3d_model/analysis20240419_3D_model/03.gif/AG/chrs/chr1/chr1.pml
    jobid: 70
    wildcards: sample=AG, chrom=chr1
    resources: tmpdir=/tmp

Submitted job 70 with external jobid 'Submitted batch job 7172636'.

[Wed Apr 24 10:39:56 2024]
rule chrom:
    input: /work/frasergen/3D/work/shaojie/script/HiC/3d_model/analysis20240419_3D_model/02.3d_model/AG/AG.pml
    output: /work/frasergen/3D/work/shaojie/script/HiC/3d_model/analysis20240419_3D_model/03.gif/AG/chrs/chr16/chr16.pml
    jobid: 86
    wildcards: sample=AG, chrom=chr16
    resources: tmpdir=/tmp

Submitted job 86 with external jobid 'Submitted batch job 7172637'.

[Wed Apr 24 10:39:56 2024]
rule chrom:
    input: /work/frasergen/3D/work/shaojie/script/HiC/3d_model/analysis20240419_3D_model/02.3d_model/AG/AG.pml
    output: /work/frasergen/3D/work/shaojie/script/HiC/3d_model/analysis20240419_3D_model/03.gif/AG/chrs/chr29/chr29.pml
    jobid: 99
    wildcards: sample=AG, chrom=chr29
    resources: tmpdir=/tmp

Submitted job 99 with external jobid 'Submitted batch job 7172638'.

[Wed Apr 24 10:39:56 2024]
rule chrom:
    input: /work/frasergen/3D/work/shaojie/script/HiC/3d_model/analysis20240419_3D_model/02.3d_model/AC/AC.pml
    output: /work/frasergen/3D/work/shaojie/script/HiC/3d_model/analysis20240419_3D_model/03.gif/AC/chrs/chr5/chr5.pml
    jobid: 42
    wildcards: sample=AC, chrom=chr5
    resources: tmpdir=/tmp

Submitted job 42 with external jobid 'Submitted batch job 7172639'.
[Wed Apr 24 10:40:07 2024]
Finished job 77.
49 of 106 steps (46%) done

[Wed Apr 24 10:40:07 2024]
rule chrom:
    input: /work/frasergen/3D/work/shaojie/script/HiC/3d_model/analysis20240419_3D_model/02.3d_model/AG/AG.pml
    output: /work/frasergen/3D/work/shaojie/script/HiC/3d_model/analysis20240419_3D_model/03.gif/AG/chrs/chr14/chr14.pml
    jobid: 84
    wildcards: sample=AG, chrom=chr14
    resources: tmpdir=/tmp

[Wed Apr 24 10:40:07 2024]
Finished job 49.
50 of 106 steps (47%) done
Submitted job 84 with external jobid 'Submitted batch job 7172643'.

[Wed Apr 24 10:40:07 2024]
rule chrom:
    input: /work/frasergen/3D/work/shaojie/script/HiC/3d_model/analysis20240419_3D_model/02.3d_model/AG/AG.pml
    output: /work/frasergen/3D/work/shaojie/script/HiC/3d_model/analysis20240419_3D_model/03.gif/AG/chrs/chr20/chr20.pml
    jobid: 90
    wildcards: sample=AG, chrom=chr20
    resources: tmpdir=/tmp

Submitted job 90 with external jobid 'Submitted batch job 7172644'.
[Wed Apr 24 10:40:18 2024]
Finished job 92.
51 of 106 steps (48%) done

[Wed Apr 24 10:40:18 2024]
rule chrom:
    input: /work/frasergen/3D/work/shaojie/script/HiC/3d_model/analysis20240419_3D_model/02.3d_model/AC/AC.pml
    output: /work/frasergen/3D/work/shaojie/script/HiC/3d_model/analysis20240419_3D_model/03.gif/AC/chrs/chr27/chr27.pml
    jobid: 64
    wildcards: sample=AC, chrom=chr27
    resources: tmpdir=/tmp

[Wed Apr 24 10:40:18 2024]
Finished job 56.
52 of 106 steps (49%) done
[Wed Apr 24 10:40:18 2024]
Finished job 70.
53 of 106 steps (50%) done
[Wed Apr 24 10:40:18 2024]
Finished job 86.
54 of 106 steps (51%) done
[Wed Apr 24 10:40:18 2024]
Finished job 99.
55 of 106 steps (52%) done
Submitted job 64 with external jobid 'Submitted batch job 7172645'.

[Wed Apr 24 10:40:18 2024]
rule chrom:
    input: /work/frasergen/3D/work/shaojie/script/HiC/3d_model/analysis20240419_3D_model/02.3d_model/AC/AC.pml
    output: /work/frasergen/3D/work/shaojie/script/HiC/3d_model/analysis20240419_3D_model/03.gif/AC/chrs/chr20/chr20.pml
    jobid: 57
    wildcards: sample=AC, chrom=chr20
    resources: tmpdir=/tmp

[Wed Apr 24 10:40:18 2024]
Finished job 42.
56 of 106 steps (53%) done
Submitted job 57 with external jobid 'Submitted batch job 7172646'.

[Wed Apr 24 10:40:18 2024]
rule chrom:
    input: /work/frasergen/3D/work/shaojie/script/HiC/3d_model/analysis20240419_3D_model/02.3d_model/AC/AC.pml
    output: /work/frasergen/3D/work/shaojie/script/HiC/3d_model/analysis20240419_3D_model/03.gif/AC/chrs/chr13/chr13.pml
    jobid: 50
    wildcards: sample=AC, chrom=chr13
    resources: tmpdir=/tmp

Submitted job 50 with external jobid 'Submitted batch job 7172647'.

[Wed Apr 24 10:40:18 2024]
rule chrom:
    input: /work/frasergen/3D/work/shaojie/script/HiC/3d_model/analysis20240419_3D_model/02.3d_model/AG/AG.pml
    output: /work/frasergen/3D/work/shaojie/script/HiC/3d_model/analysis20240419_3D_model/03.gif/AG/chrs/chr23/chr23.pml
    jobid: 93
    wildcards: sample=AG, chrom=chr23
    resources: tmpdir=/tmp

Submitted job 93 with external jobid 'Submitted batch job 7172648'.

[Wed Apr 24 10:40:18 2024]
rule chrom:
    input: /work/frasergen/3D/work/shaojie/script/HiC/3d_model/analysis20240419_3D_model/02.3d_model/AG/AG.pml
    output: /work/frasergen/3D/work/shaojie/script/HiC/3d_model/analysis20240419_3D_model/03.gif/AG/chrs/chr8/chr8.pml
    jobid: 78
    wildcards: sample=AG, chrom=chr8
    resources: tmpdir=/tmp

Submitted job 78 with external jobid 'Submitted batch job 7172649'.

[Wed Apr 24 10:40:18 2024]
rule chrom:
    input: /work/frasergen/3D/work/shaojie/script/HiC/3d_model/analysis20240419_3D_model/02.3d_model/AG/AG.pml
    output: /work/frasergen/3D/work/shaojie/script/HiC/3d_model/analysis20240419_3D_model/03.gif/AG/chrs/chr30/chr30.pml
    jobid: 100
    wildcards: sample=AG, chrom=chr30
    resources: tmpdir=/tmp

Submitted job 100 with external jobid 'Submitted batch job 7172650'.
[Wed Apr 24 10:40:29 2024]
Finished job 84.
57 of 106 steps (54%) done

[Wed Apr 24 10:40:29 2024]
rule chrom:
    input: /work/frasergen/3D/work/shaojie/script/HiC/3d_model/analysis20240419_3D_model/02.3d_model/AC/AC.pml
    output: /work/frasergen/3D/work/shaojie/script/HiC/3d_model/analysis20240419_3D_model/03.gif/AC/chrs/chr6/chr6.pml
    jobid: 43
    wildcards: sample=AC, chrom=chr6
    resources: tmpdir=/tmp

[Wed Apr 24 10:40:29 2024]
Finished job 90.
58 of 106 steps (55%) done
Submitted job 43 with external jobid 'Submitted batch job 7172651'.

[Wed Apr 24 10:40:29 2024]
rule chrom:
    input: /work/frasergen/3D/work/shaojie/script/HiC/3d_model/analysis20240419_3D_model/02.3d_model/AG/AG.pml
    output: /work/frasergen/3D/work/shaojie/script/HiC/3d_model/analysis20240419_3D_model/03.gif/AG/chrs/chr15/chr15.pml
    jobid: 85
    wildcards: sample=AG, chrom=chr15
    resources: tmpdir=/tmp

Submitted job 85 with external jobid 'Submitted batch job 7172652'.
[Wed Apr 24 10:40:40 2024]
Finished job 64.
59 of 106 steps (56%) done

[Wed Apr 24 10:40:40 2024]
rule chrom:
    input: /work/frasergen/3D/work/shaojie/script/HiC/3d_model/analysis20240419_3D_model/02.3d_model/AC/AC.pml
    output: /work/frasergen/3D/work/shaojie/script/HiC/3d_model/analysis20240419_3D_model/03.gif/AC/chrs/chr1/chr1.pml
    jobid: 37
    wildcards: sample=AC, chrom=chr1
    resources: tmpdir=/tmp

[Wed Apr 24 10:40:40 2024]
Finished job 57.
60 of 106 steps (57%) done
[Wed Apr 24 10:40:40 2024]
Finished job 50.
61 of 106 steps (58%) done
[Wed Apr 24 10:40:40 2024]
Finished job 93.
62 of 106 steps (58%) done
Submitted job 37 with external jobid 'Submitted batch job 7172657'.
[Wed Apr 24 10:40:40 2024]
Finished job 78.
63 of 106 steps (59%) done

[Wed Apr 24 10:40:40 2024]
rule chrom:
    input: /work/frasergen/3D/work/shaojie/script/HiC/3d_model/analysis20240419_3D_model/02.3d_model/AC/AC.pml
    output: /work/frasergen/3D/work/shaojie/script/HiC/3d_model/analysis20240419_3D_model/03.gif/AC/chrs/chr28/chr28.pml
    jobid: 65
    wildcards: sample=AC, chrom=chr28
    resources: tmpdir=/tmp

[Wed Apr 24 10:40:40 2024]
Finished job 100.
64 of 106 steps (60%) done
Submitted job 65 with external jobid 'Submitted batch job 7172658'.

[Wed Apr 24 10:40:40 2024]
rule chrom:
    input: /work/frasergen/3D/work/shaojie/script/HiC/3d_model/analysis20240419_3D_model/02.3d_model/AG/AG.pml
    output: /work/frasergen/3D/work/shaojie/script/HiC/3d_model/analysis20240419_3D_model/03.gif/AG/chrs/chr24/chr24.pml
    jobid: 94
    wildcards: sample=AG, chrom=chr24
    resources: tmpdir=/tmp

Submitted job 94 with external jobid 'Submitted batch job 7172659'.

[Wed Apr 24 10:40:40 2024]
rule chrom:
    input: /work/frasergen/3D/work/shaojie/script/HiC/3d_model/analysis20240419_3D_model/02.3d_model/AC/AC.pml
    output: /work/frasergen/3D/work/shaojie/script/HiC/3d_model/analysis20240419_3D_model/03.gif/AC/chrs/chr14/chr14.pml
    jobid: 51
    wildcards: sample=AC, chrom=chr14
    resources: tmpdir=/tmp

Submitted job 51 with external jobid 'Submitted batch job 7172660'.

[Wed Apr 24 10:40:40 2024]
rule chrom:
    input: /work/frasergen/3D/work/shaojie/script/HiC/3d_model/analysis20240419_3D_model/02.3d_model/AG/AG.pml
    output: /work/frasergen/3D/work/shaojie/script/HiC/3d_model/analysis20240419_3D_model/03.gif/AG/chrs/chr9/chr9.pml
    jobid: 79
    wildcards: sample=AG, chrom=chr9
    resources: tmpdir=/tmp

Submitted job 79 with external jobid 'Submitted batch job 7172661'.

[Wed Apr 24 10:40:40 2024]
rule chrom:
    input: /work/frasergen/3D/work/shaojie/script/HiC/3d_model/analysis20240419_3D_model/02.3d_model/AG/AG.pml
    output: /work/frasergen/3D/work/shaojie/script/HiC/3d_model/analysis20240419_3D_model/03.gif/AG/chrs/chr2/chr2.pml
    jobid: 72
    wildcards: sample=AG, chrom=chr2
    resources: tmpdir=/tmp

Submitted job 72 with external jobid 'Submitted batch job 7172662'.
[Wed Apr 24 10:40:51 2024]
Finished job 43.
65 of 106 steps (61%) done

[Wed Apr 24 10:40:51 2024]
rule chrom:
    input: /work/frasergen/3D/work/shaojie/script/HiC/3d_model/analysis20240419_3D_model/02.3d_model/AG/AG.pml
    output: /work/frasergen/3D/work/shaojie/script/HiC/3d_model/analysis20240419_3D_model/03.gif/AG/chrs/chr31/chr31.pml
    jobid: 101
    wildcards: sample=AG, chrom=chr31
    resources: tmpdir=/tmp

[Wed Apr 24 10:40:51 2024]
Finished job 85.
66 of 106 steps (62%) done
Submitted job 101 with external jobid 'Submitted batch job 7172664'.

[Wed Apr 24 10:40:51 2024]
rule chrom:
    input: /work/frasergen/3D/work/shaojie/script/HiC/3d_model/analysis20240419_3D_model/02.3d_model/AC/AC.pml
    output: /work/frasergen/3D/work/shaojie/script/HiC/3d_model/analysis20240419_3D_model/03.gif/AC/chrs/chr21/chr21.pml
    jobid: 58
    wildcards: sample=AC, chrom=chr21
    resources: tmpdir=/tmp

Submitted job 58 with external jobid 'Submitted batch job 7172665'.
[Wed Apr 24 10:41:02 2024]
Finished job 37.
67 of 106 steps (63%) done

[Wed Apr 24 10:41:02 2024]
rule chrom:
    input: /work/frasergen/3D/work/shaojie/script/HiC/3d_model/analysis20240419_3D_model/02.3d_model/AC/AC.pml
    output: /work/frasergen/3D/work/shaojie/script/HiC/3d_model/analysis20240419_3D_model/03.gif/AC/chrs/chr7/chr7.pml
    jobid: 44
    wildcards: sample=AC, chrom=chr7
    resources: tmpdir=/tmp

[Wed Apr 24 10:41:02 2024]
Finished job 65.
68 of 106 steps (64%) done
[Wed Apr 24 10:41:02 2024]
Finished job 94.
69 of 106 steps (65%) done
[Wed Apr 24 10:41:02 2024]
Finished job 51.
70 of 106 steps (66%) done
[Wed Apr 24 10:41:02 2024]
Finished job 79.
71 of 106 steps (67%) done
[Wed Apr 24 10:41:02 2024]
Finished job 72.
72 of 106 steps (68%) done
Submitted job 44 with external jobid 'Submitted batch job 7172668'.

[Wed Apr 24 10:41:02 2024]
rule chrom:
    input: /work/frasergen/3D/work/shaojie/script/HiC/3d_model/analysis20240419_3D_model/02.3d_model/AG/AG.pml
    output: /work/frasergen/3D/work/shaojie/script/HiC/3d_model/analysis20240419_3D_model/03.gif/AG/chrs/chr17/chr17.pml
    jobid: 87
    wildcards: sample=AG, chrom=chr17
    resources: tmpdir=/tmp

Submitted job 87 with external jobid 'Submitted batch job 7172669'.

[Wed Apr 24 10:41:02 2024]
rule chrom:
    input: /work/frasergen/3D/work/shaojie/script/HiC/3d_model/analysis20240419_3D_model/02.3d_model/AG/AG.pml
    output: /work/frasergen/3D/work/shaojie/script/HiC/3d_model/analysis20240419_3D_model/03.gif/AG/chrs/chr10/chr10.pml
    jobid: 80
    wildcards: sample=AG, chrom=chr10
    resources: tmpdir=/tmp

Submitted job 80 with external jobid 'Submitted batch job 7172670'.

[Wed Apr 24 10:41:02 2024]
rule chrom:
    input: /work/frasergen/3D/work/shaojie/script/HiC/3d_model/analysis20240419_3D_model/02.3d_model/AC/AC.pml
    output: /work/frasergen/3D/work/shaojie/script/HiC/3d_model/analysis20240419_3D_model/03.gif/AC/chrs/chr15/chr15.pml
    jobid: 52
    wildcards: sample=AC, chrom=chr15
    resources: tmpdir=/tmp

Submitted job 52 with external jobid 'Submitted batch job 7172672'.

[Wed Apr 24 10:41:03 2024]
rule chrom:
    input: /work/frasergen/3D/work/shaojie/script/HiC/3d_model/analysis20240419_3D_model/02.3d_model/AC/AC.pml
    output: /work/frasergen/3D/work/shaojie/script/HiC/3d_model/analysis20240419_3D_model/03.gif/AC/chrs/chr29/chr29.pml
    jobid: 66
    wildcards: sample=AC, chrom=chr29
    resources: tmpdir=/tmp

Submitted job 66 with external jobid 'Submitted batch job 7172673'.

[Wed Apr 24 10:41:03 2024]
rule png:
    input: /work/frasergen/3D/work/shaojie/script/HiC/3d_model/analysis20240419_3D_model/02.3d_model/AC/AC.pml
    output: /work/frasergen/3D/work/shaojie/script/HiC/3d_model/analysis20240419_3D_model/03.gif/AC/pngs/fig_240.png
    jobid: 104
    wildcards: sample=AC
    resources: tmpdir=/tmp

Submitted job 104 with external jobid 'Submitted batch job 7172674'.
[Wed Apr 24 10:41:13 2024]
Finished job 101.
73 of 106 steps (69%) done

[Wed Apr 24 10:41:13 2024]
rule chrom:
    input: /work/frasergen/3D/work/shaojie/script/HiC/3d_model/analysis20240419_3D_model/02.3d_model/AC/AC.pml
    output: /work/frasergen/3D/work/shaojie/script/HiC/3d_model/analysis20240419_3D_model/03.gif/AC/chrs/chr24/chr24.pml
    jobid: 61
    wildcards: sample=AC, chrom=chr24
    resources: tmpdir=/tmp

[Wed Apr 24 10:41:13 2024]
Finished job 58.
74 of 106 steps (70%) done
[Wed Apr 24 10:41:13 2024]
Finished job 87.
75 of 106 steps (71%) done
Submitted job 61 with external jobid 'Submitted batch job 7172677'.

[Wed Apr 24 10:41:13 2024]
rule chrom:
    input: /work/frasergen/3D/work/shaojie/script/HiC/3d_model/analysis20240419_3D_model/02.3d_model/AC/AC.pml
    output: /work/frasergen/3D/work/shaojie/script/HiC/3d_model/analysis20240419_3D_model/03.gif/AC/chrs/chr2/chr2.pml
    jobid: 39
    wildcards: sample=AC, chrom=chr2
    resources: tmpdir=/tmp

Submitted job 39 with external jobid 'Submitted batch job 7172678'.

[Wed Apr 24 10:41:13 2024]
rule chrom:
    input: /work/frasergen/3D/work/shaojie/script/HiC/3d_model/analysis20240419_3D_model/02.3d_model/AC/AC.pml
    output: /work/frasergen/3D/work/shaojie/script/HiC/3d_model/analysis20240419_3D_model/03.gif/AC/chrs/chr30/chr30.pml
    jobid: 67
    wildcards: sample=AC, chrom=chr30
    resources: tmpdir=/tmp

Submitted job 67 with external jobid 'Submitted batch job 7172679'.
[Wed Apr 24 10:41:24 2024]
Finished job 44.
76 of 106 steps (72%) done

[Wed Apr 24 10:41:24 2024]
rule chrom:
    input: /work/frasergen/3D/work/shaojie/script/HiC/3d_model/analysis20240419_3D_model/02.3d_model/AG/AG.pml
    output: /work/frasergen/3D/work/shaojie/script/HiC/3d_model/analysis20240419_3D_model/03.gif/AG/chrs/chr11/chr11.pml
    jobid: 81
    wildcards: sample=AG, chrom=chr11
    resources: tmpdir=/tmp

[Wed Apr 24 10:41:24 2024]
Finished job 80.
77 of 106 steps (73%) done
[Wed Apr 24 10:41:24 2024]
Finished job 52.
78 of 106 steps (74%) done
[Wed Apr 24 10:41:24 2024]
Finished job 66.
79 of 106 steps (75%) done
Submitted job 81 with external jobid 'Submitted batch job 7172681'.

[Wed Apr 24 10:41:24 2024]
rule chrom:
    input: /work/frasergen/3D/work/shaojie/script/HiC/3d_model/analysis20240419_3D_model/02.3d_model/AG/AG.pml
    output: /work/frasergen/3D/work/shaojie/script/HiC/3d_model/analysis20240419_3D_model/03.gif/AG/chrs/chr26/chr26.pml
    jobid: 96
    wildcards: sample=AG, chrom=chr26
    resources: tmpdir=/tmp

Submitted job 96 with external jobid 'Submitted batch job 7172682'.

[Wed Apr 24 10:41:24 2024]
rule chrom:
    input: /work/frasergen/3D/work/shaojie/script/HiC/3d_model/analysis20240419_3D_model/02.3d_model/AC/AC.pml
    output: /work/frasergen/3D/work/shaojie/script/HiC/3d_model/analysis20240419_3D_model/03.gif/AC/chrs/chr16/chr16.pml
    jobid: 53
    wildcards: sample=AC, chrom=chr16
    resources: tmpdir=/tmp

Submitted job 53 with external jobid 'Submitted batch job 7172683'.

[Wed Apr 24 10:41:24 2024]
rule chrom:
    input: /work/frasergen/3D/work/shaojie/script/HiC/3d_model/analysis20240419_3D_model/02.3d_model/AG/AG.pml
    output: /work/frasergen/3D/work/shaojie/script/HiC/3d_model/analysis20240419_3D_model/03.gif/AG/chrs/chr3/chr3.pml
    jobid: 73
    wildcards: sample=AG, chrom=chr3
    resources: tmpdir=/tmp

Submitted job 73 with external jobid 'Submitted batch job 7172684'.
[Wed Apr 24 10:41:35 2024]
Finished job 61.
80 of 106 steps (75%) done

[Wed Apr 24 10:41:35 2024]
rule chrom:
    input: /work/frasergen/3D/work/shaojie/script/HiC/3d_model/analysis20240419_3D_model/02.3d_model/AG/AG.pml
    output: /work/frasergen/3D/work/shaojie/script/HiC/3d_model/analysis20240419_3D_model/03.gif/AG/chrs/chr32/chr32.pml
    jobid: 102
    wildcards: sample=AG, chrom=chr32
    resources: tmpdir=/tmp

[Wed Apr 24 10:41:35 2024]
Finished job 39.
81 of 106 steps (76%) done
[Wed Apr 24 10:41:35 2024]
Finished job 67.
82 of 106 steps (77%) done
Submitted job 102 with external jobid 'Submitted batch job 7172685'.

[Wed Apr 24 10:41:36 2024]
rule chrom:
    input: /work/frasergen/3D/work/shaojie/script/HiC/3d_model/analysis20240419_3D_model/02.3d_model/AC/AC.pml
    output: /work/frasergen/3D/work/shaojie/script/HiC/3d_model/analysis20240419_3D_model/03.gif/AC/chrs/chr23/chr23.pml
    jobid: 60
    wildcards: sample=AC, chrom=chr23
    resources: tmpdir=/tmp

Submitted job 60 with external jobid 'Submitted batch job 7172687'.

[Wed Apr 24 10:41:37 2024]
rule chrom:
    input: /work/frasergen/3D/work/shaojie/script/HiC/3d_model/analysis20240419_3D_model/02.3d_model/AG/AG.pml
    output: /work/frasergen/3D/work/shaojie/script/HiC/3d_model/analysis20240419_3D_model/03.gif/AG/chrs/chr4/chr4.pml
    jobid: 74
    wildcards: sample=AG, chrom=chr4
    resources: tmpdir=/tmp

Submitted job 74 with external jobid 'Submitted batch job 7172689'.
[Wed Apr 24 10:41:46 2024]
Finished job 81.
83 of 106 steps (78%) done

[Wed Apr 24 10:41:46 2024]
rule chrom:
    input: /work/frasergen/3D/work/shaojie/script/HiC/3d_model/analysis20240419_3D_model/02.3d_model/AC/AC.pml
    output: /work/frasergen/3D/work/shaojie/script/HiC/3d_model/analysis20240419_3D_model/03.gif/AC/chrs/chr9/chr9.pml
    jobid: 46
    wildcards: sample=AC, chrom=chr9
    resources: tmpdir=/tmp

[Wed Apr 24 10:41:46 2024]
Finished job 96.
84 of 106 steps (79%) done
[Wed Apr 24 10:41:46 2024]
Finished job 53.
85 of 106 steps (80%) done
[Wed Apr 24 10:41:46 2024]
Finished job 73.
86 of 106 steps (81%) done
Submitted job 46 with external jobid 'Submitted batch job 7172690'.

[Wed Apr 24 10:41:46 2024]
rule chrom:
    input: /work/frasergen/3D/work/shaojie/script/HiC/3d_model/analysis20240419_3D_model/02.3d_model/AG/AG.pml
    output: /work/frasergen/3D/work/shaojie/script/HiC/3d_model/analysis20240419_3D_model/03.gif/AG/chrs/chr25/chr25.pml
    jobid: 95
    wildcards: sample=AG, chrom=chr25
    resources: tmpdir=/tmp

Submitted job 95 with external jobid 'Submitted batch job 7172691'.

[Wed Apr 24 10:41:46 2024]
rule chrom:
    input: /work/frasergen/3D/work/shaojie/script/HiC/3d_model/analysis20240419_3D_model/02.3d_model/AG/AG.pml
    output: /work/frasergen/3D/work/shaojie/script/HiC/3d_model/analysis20240419_3D_model/03.gif/AG/chrs/chr18/chr18.pml
    jobid: 88
    wildcards: sample=AG, chrom=chr18
    resources: tmpdir=/tmp

Submitted job 88 with external jobid 'Submitted batch job 7172692'.

[Wed Apr 24 10:41:46 2024]
rule chrom:
    input: /work/frasergen/3D/work/shaojie/script/HiC/3d_model/analysis20240419_3D_model/02.3d_model/AG/AG.pml
    output: /work/frasergen/3D/work/shaojie/script/HiC/3d_model/analysis20240419_3D_model/03.gif/AG/chrs/chr19/chr19.pml
    jobid: 89
    wildcards: sample=AG, chrom=chr19
    resources: tmpdir=/tmp

Submitted job 89 with external jobid 'Submitted batch job 7172693'.
[Wed Apr 24 10:41:57 2024]
Finished job 102.
87 of 106 steps (82%) done

[Wed Apr 24 10:41:57 2024]
rule chrom:
    input: /work/frasergen/3D/work/shaojie/script/HiC/3d_model/analysis20240419_3D_model/02.3d_model/AC/AC.pml
    output: /work/frasergen/3D/work/shaojie/script/HiC/3d_model/analysis20240419_3D_model/03.gif/AC/chrs/chr22/chr22.pml
    jobid: 59
    wildcards: sample=AC, chrom=chr22
    resources: tmpdir=/tmp

[Wed Apr 24 10:41:57 2024]
Finished job 60.
88 of 106 steps (83%) done
[Wed Apr 24 10:41:57 2024]
Finished job 74.
89 of 106 steps (84%) done
Submitted job 59 with external jobid 'Submitted batch job 7172694'.

[Wed Apr 24 10:41:57 2024]
rule chrom:
    input: /work/frasergen/3D/work/shaojie/script/HiC/3d_model/analysis20240419_3D_model/02.3d_model/AC/AC.pml
    output: /work/frasergen/3D/work/shaojie/script/HiC/3d_model/analysis20240419_3D_model/03.gif/AC/chrs/chr8/chr8.pml
    jobid: 45
    wildcards: sample=AC, chrom=chr8
    resources: tmpdir=/tmp

Submitted job 45 with external jobid 'Submitted batch job 7172695'.

[Wed Apr 24 10:41:57 2024]
rule chrom:
    input: /work/frasergen/3D/work/shaojie/script/HiC/3d_model/analysis20240419_3D_model/02.3d_model/AG/AG.pml
    output: /work/frasergen/3D/work/shaojie/script/HiC/3d_model/analysis20240419_3D_model/03.gif/AG/chrs/chr5/chr5.pml
    jobid: 75
    wildcards: sample=AG, chrom=chr5
    resources: tmpdir=/tmp

Submitted job 75 with external jobid 'Submitted batch job 7172696'.
[Wed Apr 24 10:42:08 2024]
Finished job 46.
90 of 106 steps (85%) done
[Wed Apr 24 10:42:08 2024]
Finished job 95.
91 of 106 steps (86%) done
[Wed Apr 24 10:42:08 2024]
Finished job 88.
92 of 106 steps (87%) done
[Wed Apr 24 10:42:08 2024]
Finished job 89.
93 of 106 steps (88%) done
[Wed Apr 24 10:42:19 2024]
Finished job 59.
94 of 106 steps (89%) done
[Wed Apr 24 10:42:19 2024]
Finished job 45.
95 of 106 steps (90%) done
[Wed Apr 24 10:42:19 2024]
Finished job 75.
96 of 106 steps (91%) done
