Building DAG of jobs...
Using shell: /usr/bin/bash
Provided cluster nodes: 10
Job stats:
job       count    min threads    max threads
------  -------  -------------  -------------
pastis        1              1              1
pml           1              1              1
total         2              1              1


[Tue Apr 23 16:47:34 2024]
rule pastis:
    input: /work/frasergen/3D/work/shaojie/script/HiC/3d_model/analysis20240419_3D_model/01.matrix_fill/AA
    output: /work/frasergen/3D/work/shaojie/script/HiC/3d_model/analysis20240419_3D_model/02.3d_model/AA/AA.pdb
    jobid: 1
    wildcards: sample=AA
    resources: tmpdir=/tmp

Submitted job 1 with external jobid 'Submitted batch job 7161927'.
[Tue Apr 23 17:02:05 2024]
Finished job 1.
1 of 47 steps (2%) done

[Tue Apr 23 17:02:05 2024]
rule pml:
    input: /work/frasergen/3D/work/shaojie/script/HiC/3d_model/analysis20240419_3D_model/02.3d_model/AA/AA.pdb
    output: /work/frasergen/3D/work/shaojie/script/HiC/3d_model/analysis20240419_3D_model/02.3d_model/AA/AA.pml
    jobid: 3
    wildcards: sample=AA
    resources: tmpdir=/tmp

Submitted job 3 with external jobid 'Submitted batch job 7162144'.
[Tue Apr 23 17:02:25 2024]
Error in rule pml:
    jobid: 3
    output: /work/frasergen/3D/work/shaojie/script/HiC/3d_model/analysis20240419_3D_model/02.3d_model/AA/AA.pml
    cluster_jobid: Submitted batch job 7162144

Error executing rule pml on cluster (jobid: 3, external: Submitted batch job 7162144, jobscript: /work/frasergen/3D/work/shaojie/script/HiC/3d_model/.snakemake/tmp.ccn47hz6/snakejob.pml.3.sh). For error details see the cluster log and the log files of the involved rule(s).
Shutting down, this might take some time.
Exiting because a job execution failed. Look above for error message
Complete log: /work/frasergen/3D/work/shaojie/script/HiC/3d_model/.snakemake/log/2024-04-23T164726.871155.snakemake.log
