Building DAG of jobs...
Using shell: /usr/bin/bash
Provided cluster nodes: 10
Job stats:
job       count    min threads    max threads
------  -------  -------------  -------------
pastis        3              1              1
pml           3              1              1
total         6              1              1


[Sat Apr 20 00:00:55 2024]
rule pastis:
    input: analysis20240419_3D_model/01.matrix_fill/AA
    output: analysis20240419_3D_model/02.3d_model/AA/AA.pdb
    jobid: 1
    wildcards: sample=AA
    resources: tmpdir=/tmp

Submitted job 1 with external jobid 'Submitted batch job 7108245'.

[Sat Apr 20 00:00:56 2024]
rule pastis:
    input: analysis20240419_3D_model/01.matrix_fill/AC
    output: analysis20240419_3D_model/02.3d_model/AC/AC.pdb
    jobid: 2
    wildcards: sample=AC
    resources: tmpdir=/tmp

Submitted job 2 with external jobid 'Submitted batch job 7108246'.

[Sat Apr 20 00:00:56 2024]
rule pastis:
    input: analysis20240419_3D_model/01.matrix_fill/AG
    output: analysis20240419_3D_model/02.3d_model/AG/AG.pdb
    jobid: 3
    wildcards: sample=AG
    resources: tmpdir=/tmp

Submitted job 3 with external jobid 'Submitted batch job 7108247'.
[Sat Apr 20 00:01:25 2024]
Error in rule pastis:
    jobid: 1
    output: analysis20240419_3D_model/02.3d_model/AA/AA.pdb
    cluster_jobid: Submitted batch job 7108245

Error executing rule pastis on cluster (jobid: 1, external: Submitted batch job 7108245, jobscript: /work/frasergen/3D/work/shaojie/script/HiC/3d_model/.snakemake/tmp.68emxef_/snakejob.pastis.1.sh). For error details see the cluster log and the log files of the involved rule(s).
[Sat Apr 20 00:01:25 2024]
Error in rule pastis:
    jobid: 2
    output: analysis20240419_3D_model/02.3d_model/AC/AC.pdb
    cluster_jobid: Submitted batch job 7108246

Error executing rule pastis on cluster (jobid: 2, external: Submitted batch job 7108246, jobscript: /work/frasergen/3D/work/shaojie/script/HiC/3d_model/.snakemake/tmp.68emxef_/snakejob.pastis.2.sh). For error details see the cluster log and the log files of the involved rule(s).
[Sat Apr 20 00:01:25 2024]
Error in rule pastis:
    jobid: 3
    output: analysis20240419_3D_model/02.3d_model/AG/AG.pdb
    cluster_jobid: Submitted batch job 7108247

Error executing rule pastis on cluster (jobid: 3, external: Submitted batch job 7108247, jobscript: /work/frasergen/3D/work/shaojie/script/HiC/3d_model/.snakemake/tmp.68emxef_/snakejob.pastis.3.sh). For error details see the cluster log and the log files of the involved rule(s).
Shutting down, this might take some time.
Exiting because a job execution failed. Look above for error message
Complete log: /work/frasergen/3D/work/shaojie/script/HiC/3d_model/.snakemake/log/2024-04-20T000049.392750.snakemake.log
