Building DAG of jobs...
Using shell: /usr/bin/bash
Provided cores: 1 (use --cores to define parallelism)
Rules claiming more threads will be scaled down.
Job stats:
job              count    min threads    max threads
-------------  -------  -------------  -------------
all                  1              1              1
diff                 4              1              1
diff_report          4              1              1
rawdata              4              1              1
ref                  4              1              1
rna                  4              1              1
single               4              1              1
single_report        4              1              1
total               29              1              1


[Fri Oct 18 00:29:00 2024]
rule single:
    output: /work/frasergen/backup/3d/project/Interactome/230419_muli/02.self_reference/CHK/03.HiC/single_sample.yaml, /work/frasergen/backup/3d/project/Interactome/230419_muli/02.self_reference/CHK/03.HiC/work.sh
    jobid: 14
    wildcards: genome=CHK
    resources: tmpdir=/tmp

[Fri Oct 18 00:29:11 2024]
Finished job 14.
1 of 29 steps (3%) done

[Fri Oct 18 00:29:11 2024]
rule diff_report:
    output: /work/frasergen/backup/3d/project/Interactome/230419_muli/02.self_reference/Csi/04.HiC_diff/05.multi_report/report.yaml, /work/frasergen/backup/3d/project/Interactome/230419_muli/02.self_reference/Csi/04.HiC_diff/05.multi_report/work.sh
    jobid: 28
    wildcards: genome=Csi
    resources: tmpdir=/tmp

[Fri Oct 18 00:29:20 2024]
Finished job 28.
2 of 29 steps (7%) done

[Fri Oct 18 00:29:20 2024]
rule single_report:
    output: /work/frasergen/backup/3d/project/Interactome/230419_muli/02.self_reference/CHK/03.HiC/08.report/report.yaml, /work/frasergen/backup/3d/project/Interactome/230419_muli/02.self_reference/CHK/03.HiC/08.report/work.sh
    jobid: 22
    wildcards: genome=CHK
    resources: tmpdir=/tmp

[Fri Oct 18 00:29:30 2024]
Finished job 22.
3 of 29 steps (10%) done

[Fri Oct 18 00:29:30 2024]
rule rawdata:
    output: /work/frasergen/backup/3d/project/Interactome/230419_muli/02.self_reference/Csi/01.rawdata/work.sh
    jobid: 8
    wildcards: genome=Csi
    resources: tmpdir=/tmp

[Fri Oct 18 00:29:40 2024]
Finished job 8.
4 of 29 steps (14%) done

[Fri Oct 18 00:29:40 2024]
rule ref:
    output: /work/frasergen/backup/3d/project/Interactome/230419_muli/02.self_reference/Car/00.ref/work.sh
    jobid: 1
    wildcards: genome=Car
    resources: tmpdir=/tmp

[Fri Oct 18 00:29:50 2024]
Finished job 1.
5 of 29 steps (17%) done

[Fri Oct 18 00:29:50 2024]
rule single:
    output: /work/frasergen/backup/3d/project/Interactome/230419_muli/02.self_reference/Can/03.HiC/single_sample.yaml, /work/frasergen/backup/3d/project/Interactome/230419_muli/02.self_reference/Can/03.HiC/work.sh
    jobid: 15
    wildcards: genome=Can
    resources: tmpdir=/tmp

[Fri Oct 18 00:30:00 2024]
Finished job 15.
6 of 29 steps (21%) done

[Fri Oct 18 00:30:00 2024]
rule single_report:
    output: /work/frasergen/backup/3d/project/Interactome/230419_muli/02.self_reference/Can/03.HiC/08.report/report.yaml, /work/frasergen/backup/3d/project/Interactome/230419_muli/02.self_reference/Can/03.HiC/08.report/work.sh
    jobid: 23
    wildcards: genome=Can
    resources: tmpdir=/tmp

[Fri Oct 18 00:30:10 2024]
Finished job 23.
7 of 29 steps (24%) done

[Fri Oct 18 00:30:10 2024]
rule rna:
    log: /work/frasergen/backup/3d/project/Interactome/230419_muli/02.self_reference/Car/02.personal/work.sh
    jobid: 9
    wildcards: genome=Car
    resources: tmpdir=/tmp

[Fri Oct 18 00:30:20 2024]
Finished job 9.
8 of 29 steps (28%) done

[Fri Oct 18 00:30:20 2024]
rule single:
    output: /work/frasergen/backup/3d/project/Interactome/230419_muli/02.self_reference/Csi/03.HiC/single_sample.yaml, /work/frasergen/backup/3d/project/Interactome/230419_muli/02.self_reference/Csi/03.HiC/work.sh
    jobid: 16
    wildcards: genome=Csi
    resources: tmpdir=/tmp

[Fri Oct 18 00:30:30 2024]
Finished job 16.
9 of 29 steps (31%) done

[Fri Oct 18 00:30:30 2024]
rule rawdata:
    output: /work/frasergen/backup/3d/project/Interactome/230419_muli/02.self_reference/Can/01.rawdata/work.sh
    jobid: 7
    wildcards: genome=Can
    resources: tmpdir=/tmp

[Fri Oct 18 00:30:40 2024]
Finished job 7.
10 of 29 steps (34%) done

[Fri Oct 18 00:30:40 2024]
rule rna:
    log: /work/frasergen/backup/3d/project/Interactome/230419_muli/02.self_reference/Can/02.personal/work.sh
    jobid: 11
    wildcards: genome=Can
    resources: tmpdir=/tmp

[Fri Oct 18 00:30:50 2024]
Finished job 11.
11 of 29 steps (38%) done

[Fri Oct 18 00:30:50 2024]
rule diff_report:
    output: /work/frasergen/backup/3d/project/Interactome/230419_muli/02.self_reference/Car/04.HiC_diff/05.multi_report/report.yaml, /work/frasergen/backup/3d/project/Interactome/230419_muli/02.self_reference/Car/04.HiC_diff/05.multi_report/work.sh
    jobid: 25
    wildcards: genome=Car
    resources: tmpdir=/tmp

[Fri Oct 18 00:31:00 2024]
Finished job 25.
12 of 29 steps (41%) done

[Fri Oct 18 00:31:00 2024]
rule single:
    output: /work/frasergen/backup/3d/project/Interactome/230419_muli/02.self_reference/Car/03.HiC/single_sample.yaml, /work/frasergen/backup/3d/project/Interactome/230419_muli/02.self_reference/Car/03.HiC/work.sh
    jobid: 13
    wildcards: genome=Car
    resources: tmpdir=/tmp

[Fri Oct 18 00:31:10 2024]
Finished job 13.
13 of 29 steps (45%) done

[Fri Oct 18 00:31:10 2024]
rule diff_report:
    output: /work/frasergen/backup/3d/project/Interactome/230419_muli/02.self_reference/Can/04.HiC_diff/05.multi_report/report.yaml, /work/frasergen/backup/3d/project/Interactome/230419_muli/02.self_reference/Can/04.HiC_diff/05.multi_report/work.sh
    jobid: 27
    wildcards: genome=Can
    resources: tmpdir=/tmp

[Fri Oct 18 00:31:20 2024]
Finished job 27.
14 of 29 steps (48%) done

[Fri Oct 18 00:31:20 2024]
rule diff:
    output: /work/frasergen/backup/3d/project/Interactome/230419_muli/02.self_reference/Can/04.HiC_diff/multi_sample.yaml, /work/frasergen/backup/3d/project/Interactome/230419_muli/02.self_reference/Can/04.HiC_diff/work.sh
    jobid: 19
    wildcards: genome=Can
    resources: tmpdir=/tmp

[Fri Oct 18 00:31:29 2024]
Finished job 19.
15 of 29 steps (52%) done

[Fri Oct 18 00:31:29 2024]
rule ref:
    output: /work/frasergen/backup/3d/project/Interactome/230419_muli/02.self_reference/CHK/00.ref/work.sh
    jobid: 2
    wildcards: genome=CHK
    resources: tmpdir=/tmp

[Fri Oct 18 00:31:39 2024]
Finished job 2.
16 of 29 steps (55%) done

[Fri Oct 18 00:31:39 2024]
rule ref:
    output: /work/frasergen/backup/3d/project/Interactome/230419_muli/02.self_reference/Csi/00.ref/work.sh
    jobid: 4
    wildcards: genome=Csi
    resources: tmpdir=/tmp

[Fri Oct 18 00:31:49 2024]
Finished job 4.
17 of 29 steps (59%) done

[Fri Oct 18 00:31:49 2024]
rule diff:
    output: /work/frasergen/backup/3d/project/Interactome/230419_muli/02.self_reference/CHK/04.HiC_diff/multi_sample.yaml, /work/frasergen/backup/3d/project/Interactome/230419_muli/02.self_reference/CHK/04.HiC_diff/work.sh
    jobid: 18
    wildcards: genome=CHK
    resources: tmpdir=/tmp

[Fri Oct 18 00:31:59 2024]
Finished job 18.
18 of 29 steps (62%) done

[Fri Oct 18 00:31:59 2024]
rule rawdata:
    output: /work/frasergen/backup/3d/project/Interactome/230419_muli/02.self_reference/CHK/01.rawdata/work.sh
    jobid: 6
    wildcards: genome=CHK
    resources: tmpdir=/tmp

[Fri Oct 18 00:32:09 2024]
Finished job 6.
19 of 29 steps (66%) done

[Fri Oct 18 00:32:09 2024]
rule diff:
    output: /work/frasergen/backup/3d/project/Interactome/230419_muli/02.self_reference/Csi/04.HiC_diff/multi_sample.yaml, /work/frasergen/backup/3d/project/Interactome/230419_muli/02.self_reference/Csi/04.HiC_diff/work.sh
    jobid: 20
    wildcards: genome=Csi
    resources: tmpdir=/tmp

[Fri Oct 18 00:32:19 2024]
Finished job 20.
20 of 29 steps (69%) done

[Fri Oct 18 00:32:19 2024]
rule single_report:
    output: /work/frasergen/backup/3d/project/Interactome/230419_muli/02.self_reference/Csi/03.HiC/08.report/report.yaml, /work/frasergen/backup/3d/project/Interactome/230419_muli/02.self_reference/Csi/03.HiC/08.report/work.sh
    jobid: 24
    wildcards: genome=Csi
    resources: tmpdir=/tmp

[Fri Oct 18 00:32:29 2024]
Finished job 24.
21 of 29 steps (72%) done

[Fri Oct 18 00:32:29 2024]
rule rna:
    log: /work/frasergen/backup/3d/project/Interactome/230419_muli/02.self_reference/CHK/02.personal/work.sh
    jobid: 10
    wildcards: genome=CHK
    resources: tmpdir=/tmp

[Fri Oct 18 00:32:39 2024]
Finished job 10.
22 of 29 steps (76%) done

[Fri Oct 18 00:32:39 2024]
rule rna:
    log: /work/frasergen/backup/3d/project/Interactome/230419_muli/02.self_reference/Csi/02.personal/work.sh
    jobid: 12
    wildcards: genome=Csi
    resources: tmpdir=/tmp

[Fri Oct 18 00:32:48 2024]
Finished job 12.
23 of 29 steps (79%) done

[Fri Oct 18 00:32:48 2024]
rule diff_report:
    output: /work/frasergen/backup/3d/project/Interactome/230419_muli/02.self_reference/CHK/04.HiC_diff/05.multi_report/report.yaml, /work/frasergen/backup/3d/project/Interactome/230419_muli/02.self_reference/CHK/04.HiC_diff/05.multi_report/work.sh
    jobid: 26
    wildcards: genome=CHK
    resources: tmpdir=/tmp

[Fri Oct 18 00:32:58 2024]
Finished job 26.
24 of 29 steps (83%) done

[Fri Oct 18 00:32:58 2024]
rule ref:
    output: /work/frasergen/backup/3d/project/Interactome/230419_muli/02.self_reference/Can/00.ref/work.sh
    jobid: 3
    wildcards: genome=Can
    resources: tmpdir=/tmp

[Fri Oct 18 00:33:08 2024]
Finished job 3.
25 of 29 steps (86%) done

[Fri Oct 18 00:33:08 2024]
rule diff:
    output: /work/frasergen/backup/3d/project/Interactome/230419_muli/02.self_reference/Car/04.HiC_diff/multi_sample.yaml, /work/frasergen/backup/3d/project/Interactome/230419_muli/02.self_reference/Car/04.HiC_diff/work.sh
    jobid: 17
    wildcards: genome=Car
    resources: tmpdir=/tmp

[Fri Oct 18 00:33:18 2024]
Finished job 17.
26 of 29 steps (90%) done

[Fri Oct 18 00:33:18 2024]
rule rawdata:
    output: /work/frasergen/backup/3d/project/Interactome/230419_muli/02.self_reference/Car/01.rawdata/work.sh
    jobid: 5
    wildcards: genome=Car
    resources: tmpdir=/tmp

[Fri Oct 18 00:33:28 2024]
Finished job 5.
27 of 29 steps (93%) done

[Fri Oct 18 00:33:28 2024]
rule single_report:
    output: /work/frasergen/backup/3d/project/Interactome/230419_muli/02.self_reference/Car/03.HiC/08.report/report.yaml, /work/frasergen/backup/3d/project/Interactome/230419_muli/02.self_reference/Car/03.HiC/08.report/work.sh
    jobid: 21
    wildcards: genome=Car
    resources: tmpdir=/tmp

[Fri Oct 18 00:33:38 2024]
Finished job 21.
28 of 29 steps (97%) done

[Fri Oct 18 00:33:38 2024]
localrule all:
    input: /work/frasergen/backup/3d/project/Interactome/230419_muli/02.self_reference/Car/00.ref/work.sh, /work/frasergen/backup/3d/project/Interactome/230419_muli/02.self_reference/CHK/00.ref/work.sh, /work/frasergen/backup/3d/project/Interactome/230419_muli/02.self_reference/Can/00.ref/work.sh, /work/frasergen/backup/3d/project/Interactome/230419_muli/02.self_reference/Csi/00.ref/work.sh, /work/frasergen/backup/3d/project/Interactome/230419_muli/02.self_reference/Car/01.rawdata/work.sh, /work/frasergen/backup/3d/project/Interactome/230419_muli/02.self_reference/CHK/01.rawdata/work.sh, /work/frasergen/backup/3d/project/Interactome/230419_muli/02.self_reference/Can/01.rawdata/work.sh, /work/frasergen/backup/3d/project/Interactome/230419_muli/02.self_reference/Csi/01.rawdata/work.sh, /work/frasergen/backup/3d/project/Interactome/230419_muli/02.self_reference/Car/02.personal/work.sh, /work/frasergen/backup/3d/project/Interactome/230419_muli/02.self_reference/CHK/02.personal/work.sh, /work/frasergen/backup/3d/project/Interactome/230419_muli/02.self_reference/Can/02.personal/work.sh, /work/frasergen/backup/3d/project/Interactome/230419_muli/02.self_reference/Csi/02.personal/work.sh, /work/frasergen/backup/3d/project/Interactome/230419_muli/02.self_reference/Car/03.HiC/work.sh, /work/frasergen/backup/3d/project/Interactome/230419_muli/02.self_reference/CHK/03.HiC/work.sh, /work/frasergen/backup/3d/project/Interactome/230419_muli/02.self_reference/Can/03.HiC/work.sh, /work/frasergen/backup/3d/project/Interactome/230419_muli/02.self_reference/Csi/03.HiC/work.sh, /work/frasergen/backup/3d/project/Interactome/230419_muli/02.self_reference/Car/04.HiC_diff/work.sh, /work/frasergen/backup/3d/project/Interactome/230419_muli/02.self_reference/CHK/04.HiC_diff/work.sh, /work/frasergen/backup/3d/project/Interactome/230419_muli/02.self_reference/Can/04.HiC_diff/work.sh, /work/frasergen/backup/3d/project/Interactome/230419_muli/02.self_reference/Csi/04.HiC_diff/work.sh, /work/frasergen/backup/3d/project/Interactome/230419_muli/02.self_reference/Car/03.HiC/08.report/work.sh, /work/frasergen/backup/3d/project/Interactome/230419_muli/02.self_reference/CHK/03.HiC/08.report/work.sh, /work/frasergen/backup/3d/project/Interactome/230419_muli/02.self_reference/Can/03.HiC/08.report/work.sh, /work/frasergen/backup/3d/project/Interactome/230419_muli/02.self_reference/Csi/03.HiC/08.report/work.sh, /work/frasergen/backup/3d/project/Interactome/230419_muli/02.self_reference/Car/04.HiC_diff/05.multi_report/work.sh, /work/frasergen/backup/3d/project/Interactome/230419_muli/02.self_reference/CHK/04.HiC_diff/05.multi_report/work.sh, /work/frasergen/backup/3d/project/Interactome/230419_muli/02.self_reference/Can/04.HiC_diff/05.multi_report/work.sh, /work/frasergen/backup/3d/project/Interactome/230419_muli/02.self_reference/Csi/04.HiC_diff/05.multi_report/work.sh
    jobid: 0
    resources: tmpdir=/tmp

[Fri Oct 18 00:33:38 2024]
Finished job 0.
29 of 29 steps (100%) done
Complete log: /work/frasergen/3D/work/shaojie/script/HiC/hic_prepare/multi_standard/.snakemake/log/2024-10-18T002854.178306.snakemake.log
