Building DAG of jobs...
Using shell: /usr/bin/bash
Provided cores: 1 (use --cores to define parallelism)
Rules claiming more threads will be scaled down.
Job stats:
job              count    min threads    max threads
-------------  -------  -------------  -------------
all                  1              1              1
diff                 2              1              1
diff_report          2              1              1
rawdata              2              1              1
ref                  2              1              1
rna                  2              1              1
single               2              1              1
single_report        2              1              1
total               15              1              1


[Wed Dec 18 10:57:31 2024]
rule single_report:
    output: /work/frasergen/backup/3d/project/Interactome/242812_xianggu_20241218/SP3/03.HiC/08.report/report.yaml, /work/frasergen/backup/3d/project/Interactome/242812_xianggu_20241218/SP3/03.HiC/08.report/work.sh
    jobid: 11
    wildcards: genome=SP3
    resources: tmpdir=/tmp

[Wed Dec 18 10:57:46 2024]
Finished job 11.
1 of 15 steps (7%) done

[Wed Dec 18 10:57:46 2024]
rule diff_report:
    output: /work/frasergen/backup/3d/project/Interactome/242812_xianggu_20241218/SP3/04.HiC_diff/05.multi_report/report.yaml, /work/frasergen/backup/3d/project/Interactome/242812_xianggu_20241218/SP3/04.HiC_diff/05.multi_report/work.sh
    jobid: 13
    wildcards: genome=SP3
    resources: tmpdir=/tmp

[Wed Dec 18 10:58:00 2024]
Finished job 13.
2 of 15 steps (13%) done

[Wed Dec 18 10:58:00 2024]
rule diff_report:
    output: /work/frasergen/backup/3d/project/Interactome/242812_xianggu_20241218/SP30/04.HiC_diff/05.multi_report/report.yaml, /work/frasergen/backup/3d/project/Interactome/242812_xianggu_20241218/SP30/04.HiC_diff/05.multi_report/work.sh
    jobid: 14
    wildcards: genome=SP30
    resources: tmpdir=/tmp

[Wed Dec 18 10:58:14 2024]
Finished job 14.
3 of 15 steps (20%) done

[Wed Dec 18 10:58:14 2024]
rule ref:
    output: /work/frasergen/backup/3d/project/Interactome/242812_xianggu_20241218/SP30/00.ref/work.sh
    jobid: 2
    wildcards: genome=SP30
    resources: tmpdir=/tmp

[Wed Dec 18 10:58:29 2024]
Finished job 2.
4 of 15 steps (27%) done

[Wed Dec 18 10:58:29 2024]
rule rawdata:
    output: /work/frasergen/backup/3d/project/Interactome/242812_xianggu_20241218/SP30/01.rawdata/work.sh
    jobid: 4
    wildcards: genome=SP30
    resources: tmpdir=/tmp

[Wed Dec 18 10:58:43 2024]
Finished job 4.
5 of 15 steps (33%) done

[Wed Dec 18 10:58:43 2024]
rule rna:
    log: /work/frasergen/backup/3d/project/Interactome/242812_xianggu_20241218/SP30/02.personal/work.sh
    jobid: 6
    wildcards: genome=SP30
    resources: tmpdir=/tmp

[Wed Dec 18 10:58:57 2024]
Finished job 6.
6 of 15 steps (40%) done

[Wed Dec 18 10:58:57 2024]
rule single:
    output: /work/frasergen/backup/3d/project/Interactome/242812_xianggu_20241218/SP30/03.HiC/single_sample.yaml, /work/frasergen/backup/3d/project/Interactome/242812_xianggu_20241218/SP30/03.HiC/work.sh
    jobid: 8
    wildcards: genome=SP30
    resources: tmpdir=/tmp

[Wed Dec 18 10:59:11 2024]
Finished job 8.
7 of 15 steps (47%) done

[Wed Dec 18 10:59:11 2024]
rule diff:
    output: /work/frasergen/backup/3d/project/Interactome/242812_xianggu_20241218/SP30/04.HiC_diff/multi_sample.yaml, /work/frasergen/backup/3d/project/Interactome/242812_xianggu_20241218/SP30/04.HiC_diff/work.sh
    jobid: 10
    wildcards: genome=SP30
    resources: tmpdir=/tmp

[Wed Dec 18 10:59:25 2024]
Finished job 10.
8 of 15 steps (53%) done

[Wed Dec 18 10:59:25 2024]
rule single_report:
    output: /work/frasergen/backup/3d/project/Interactome/242812_xianggu_20241218/SP30/03.HiC/08.report/report.yaml, /work/frasergen/backup/3d/project/Interactome/242812_xianggu_20241218/SP30/03.HiC/08.report/work.sh
    jobid: 12
    wildcards: genome=SP30
    resources: tmpdir=/tmp

[Wed Dec 18 10:59:40 2024]
Finished job 12.
9 of 15 steps (60%) done

[Wed Dec 18 10:59:40 2024]
rule ref:
    output: /work/frasergen/backup/3d/project/Interactome/242812_xianggu_20241218/SP3/00.ref/work.sh
    jobid: 1
    wildcards: genome=SP3
    resources: tmpdir=/tmp

[Wed Dec 18 10:59:54 2024]
Finished job 1.
10 of 15 steps (67%) done

[Wed Dec 18 10:59:54 2024]
rule rawdata:
    output: /work/frasergen/backup/3d/project/Interactome/242812_xianggu_20241218/SP3/01.rawdata/work.sh
    jobid: 3
    wildcards: genome=SP3
    resources: tmpdir=/tmp

[Wed Dec 18 11:00:08 2024]
Finished job 3.
11 of 15 steps (73%) done

[Wed Dec 18 11:00:08 2024]
rule rna:
    log: /work/frasergen/backup/3d/project/Interactome/242812_xianggu_20241218/SP3/02.personal/work.sh
    jobid: 5
    wildcards: genome=SP3
    resources: tmpdir=/tmp

[Wed Dec 18 11:00:23 2024]
Finished job 5.
12 of 15 steps (80%) done

[Wed Dec 18 11:00:23 2024]
rule single:
    output: /work/frasergen/backup/3d/project/Interactome/242812_xianggu_20241218/SP3/03.HiC/single_sample.yaml, /work/frasergen/backup/3d/project/Interactome/242812_xianggu_20241218/SP3/03.HiC/work.sh
    jobid: 7
    wildcards: genome=SP3
    resources: tmpdir=/tmp

[Wed Dec 18 11:00:37 2024]
Finished job 7.
13 of 15 steps (87%) done

[Wed Dec 18 11:00:37 2024]
rule diff:
    output: /work/frasergen/backup/3d/project/Interactome/242812_xianggu_20241218/SP3/04.HiC_diff/multi_sample.yaml, /work/frasergen/backup/3d/project/Interactome/242812_xianggu_20241218/SP3/04.HiC_diff/work.sh
    jobid: 9
    wildcards: genome=SP3
    resources: tmpdir=/tmp

[Wed Dec 18 11:00:51 2024]
Finished job 9.
14 of 15 steps (93%) done

[Wed Dec 18 11:00:51 2024]
localrule all:
    input: /work/frasergen/backup/3d/project/Interactome/242812_xianggu_20241218/SP3/00.ref/work.sh, /work/frasergen/backup/3d/project/Interactome/242812_xianggu_20241218/SP30/00.ref/work.sh, /work/frasergen/backup/3d/project/Interactome/242812_xianggu_20241218/SP3/01.rawdata/work.sh, /work/frasergen/backup/3d/project/Interactome/242812_xianggu_20241218/SP30/01.rawdata/work.sh, /work/frasergen/backup/3d/project/Interactome/242812_xianggu_20241218/SP3/02.personal/work.sh, /work/frasergen/backup/3d/project/Interactome/242812_xianggu_20241218/SP30/02.personal/work.sh, /work/frasergen/backup/3d/project/Interactome/242812_xianggu_20241218/SP3/03.HiC/work.sh, /work/frasergen/backup/3d/project/Interactome/242812_xianggu_20241218/SP30/03.HiC/work.sh, /work/frasergen/backup/3d/project/Interactome/242812_xianggu_20241218/SP3/04.HiC_diff/work.sh, /work/frasergen/backup/3d/project/Interactome/242812_xianggu_20241218/SP30/04.HiC_diff/work.sh, /work/frasergen/backup/3d/project/Interactome/242812_xianggu_20241218/SP3/03.HiC/08.report/work.sh, /work/frasergen/backup/3d/project/Interactome/242812_xianggu_20241218/SP30/03.HiC/08.report/work.sh, /work/frasergen/backup/3d/project/Interactome/242812_xianggu_20241218/SP3/04.HiC_diff/05.multi_report/work.sh, /work/frasergen/backup/3d/project/Interactome/242812_xianggu_20241218/SP30/04.HiC_diff/05.multi_report/work.sh
    jobid: 0
    resources: tmpdir=/tmp

[Wed Dec 18 11:00:51 2024]
Finished job 0.
15 of 15 steps (100%) done
Complete log: /work/frasergen/3D/work/shaojie/script/HiC/hic_prepare/multi_standard/.snakemake/log/2024-12-18T105706.661900.snakemake.log
