Building DAG of jobs...
Using shell: /usr/bin/bash
Provided cores: 10
Rules claiming more threads will be scaled down.
Job stats:
job              count    min threads    max threads
-------------  -------  -------------  -------------
all                  1              1              1
diff                 2              1              1
diff_report          2              1              1
rawdata              2              1              1
ref                  2              1              1
rna                  2              1              1
single               2              1              1
single_report        2              1              1
total               15              1              1


[Mon Oct 28 20:16:21 2024]
rule diff:
    output: /work/frasergen/backup/3d/project/Interactome/241629_jiaomu_20240926/02.personal/analysis_HiC_aftersale_20241028/DW/04.HiC_diff/multi_sample.yaml, /work/frasergen/backup/3d/project/Interactome/241629_jiaomu_20240926/02.personal/analysis_HiC_aftersale_20241028/DW/04.HiC_diff/work.sh
    jobid: 10
    wildcards: genome=DW
    resources: tmpdir=/tmp

[Mon Oct 28 20:16:21 2024]
rule single_report:
    output: /work/frasergen/backup/3d/project/Interactome/241629_jiaomu_20240926/02.personal/analysis_HiC_aftersale_20241028/DW/03.HiC/08.report/report.yaml, /work/frasergen/backup/3d/project/Interactome/241629_jiaomu_20240926/02.personal/analysis_HiC_aftersale_20241028/DW/03.HiC/08.report/work.sh
    jobid: 12
    wildcards: genome=DW
    resources: tmpdir=/tmp

[Mon Oct 28 20:16:22 2024]
rule diff_report:
    output: /work/frasergen/backup/3d/project/Interactome/241629_jiaomu_20240926/02.personal/analysis_HiC_aftersale_20241028/SY14/04.HiC_diff/05.multi_report/report.yaml, /work/frasergen/backup/3d/project/Interactome/241629_jiaomu_20240926/02.personal/analysis_HiC_aftersale_20241028/SY14/04.HiC_diff/05.multi_report/work.sh
    jobid: 13
    wildcards: genome=SY14
    resources: tmpdir=/tmp

[Mon Oct 28 20:16:22 2024]
rule ref:
    output: /work/frasergen/backup/3d/project/Interactome/241629_jiaomu_20240926/02.personal/analysis_HiC_aftersale_20241028/DW/00.ref/work.sh
    jobid: 2
    wildcards: genome=DW
    resources: tmpdir=/tmp

[Mon Oct 28 20:16:22 2024]
rule rawdata:
    output: /work/frasergen/backup/3d/project/Interactome/241629_jiaomu_20240926/02.personal/analysis_HiC_aftersale_20241028/SY14/01.rawdata/work.sh
    jobid: 3
    wildcards: genome=SY14
    resources: tmpdir=/tmp

[Mon Oct 28 20:16:22 2024]
rule rna:
    log: /work/frasergen/backup/3d/project/Interactome/241629_jiaomu_20240926/02.personal/analysis_HiC_aftersale_20241028/SY14/02.personal/work.sh
    jobid: 5
    wildcards: genome=SY14
    resources: tmpdir=/tmp

[Mon Oct 28 20:16:22 2024]
rule single:
    output: /work/frasergen/backup/3d/project/Interactome/241629_jiaomu_20240926/02.personal/analysis_HiC_aftersale_20241028/SY14/03.HiC/single_sample.yaml, /work/frasergen/backup/3d/project/Interactome/241629_jiaomu_20240926/02.personal/analysis_HiC_aftersale_20241028/SY14/03.HiC/work.sh
    jobid: 7
    wildcards: genome=SY14
    resources: tmpdir=/tmp

[Mon Oct 28 20:16:22 2024]
rule diff:
    output: /work/frasergen/backup/3d/project/Interactome/241629_jiaomu_20240926/02.personal/analysis_HiC_aftersale_20241028/SY14/04.HiC_diff/multi_sample.yaml, /work/frasergen/backup/3d/project/Interactome/241629_jiaomu_20240926/02.personal/analysis_HiC_aftersale_20241028/SY14/04.HiC_diff/work.sh
    jobid: 9
    wildcards: genome=SY14
    resources: tmpdir=/tmp

[Mon Oct 28 20:16:22 2024]
rule single_report:
    output: /work/frasergen/backup/3d/project/Interactome/241629_jiaomu_20240926/02.personal/analysis_HiC_aftersale_20241028/SY14/03.HiC/08.report/report.yaml, /work/frasergen/backup/3d/project/Interactome/241629_jiaomu_20240926/02.personal/analysis_HiC_aftersale_20241028/SY14/03.HiC/08.report/work.sh
    jobid: 11
    wildcards: genome=SY14
    resources: tmpdir=/tmp

[Mon Oct 28 20:16:22 2024]
rule diff_report:
    output: /work/frasergen/backup/3d/project/Interactome/241629_jiaomu_20240926/02.personal/analysis_HiC_aftersale_20241028/DW/04.HiC_diff/05.multi_report/report.yaml, /work/frasergen/backup/3d/project/Interactome/241629_jiaomu_20240926/02.personal/analysis_HiC_aftersale_20241028/DW/04.HiC_diff/05.multi_report/work.sh
    jobid: 14
    wildcards: genome=DW
    resources: tmpdir=/tmp

[Mon Oct 28 20:17:34 2024]
Finished job 5.
1 of 15 steps (7%) done

[Mon Oct 28 20:17:34 2024]
rule ref:
    output: /work/frasergen/backup/3d/project/Interactome/241629_jiaomu_20240926/02.personal/analysis_HiC_aftersale_20241028/SY14/00.ref/work.sh
    jobid: 1
    wildcards: genome=SY14
    resources: tmpdir=/tmp

[Mon Oct 28 20:17:34 2024]
Finished job 2.
2 of 15 steps (13%) done

[Mon Oct 28 20:17:34 2024]
rule rawdata:
    output: /work/frasergen/backup/3d/project/Interactome/241629_jiaomu_20240926/02.personal/analysis_HiC_aftersale_20241028/DW/01.rawdata/work.sh
    jobid: 4
    wildcards: genome=DW
    resources: tmpdir=/tmp

[Mon Oct 28 20:17:34 2024]
Finished job 7.
3 of 15 steps (20%) done
[Mon Oct 28 20:17:34 2024]
Finished job 10.
4 of 15 steps (27%) done
[Mon Oct 28 20:17:34 2024]
Finished job 3.
5 of 15 steps (33%) done

[Mon Oct 28 20:17:34 2024]
rule rna:
    log: /work/frasergen/backup/3d/project/Interactome/241629_jiaomu_20240926/02.personal/analysis_HiC_aftersale_20241028/DW/02.personal/work.sh
    jobid: 6
    wildcards: genome=DW
    resources: tmpdir=/tmp

[Mon Oct 28 20:17:34 2024]
rule single:
    output: /work/frasergen/backup/3d/project/Interactome/241629_jiaomu_20240926/02.personal/analysis_HiC_aftersale_20241028/DW/03.HiC/single_sample.yaml, /work/frasergen/backup/3d/project/Interactome/241629_jiaomu_20240926/02.personal/analysis_HiC_aftersale_20241028/DW/03.HiC/work.sh
    jobid: 8
    wildcards: genome=DW
    resources: tmpdir=/tmp

[Mon Oct 28 20:17:35 2024]
Finished job 12.
6 of 15 steps (40%) done
[Mon Oct 28 20:17:35 2024]
Finished job 13.
7 of 15 steps (47%) done
[Mon Oct 28 20:17:35 2024]
Finished job 11.
8 of 15 steps (53%) done
[Mon Oct 28 20:17:35 2024]
Finished job 9.
9 of 15 steps (60%) done
[Mon Oct 28 20:17:35 2024]
Finished job 14.
10 of 15 steps (67%) done
[Mon Oct 28 20:18:07 2024]
Finished job 1.
11 of 15 steps (73%) done
[Mon Oct 28 20:18:07 2024]
Finished job 6.
12 of 15 steps (80%) done
[Mon Oct 28 20:18:07 2024]
Finished job 8.
13 of 15 steps (87%) done
[Mon Oct 28 20:18:07 2024]
Finished job 4.
14 of 15 steps (93%) done

[Mon Oct 28 20:18:07 2024]
localrule all:
    input: /work/frasergen/backup/3d/project/Interactome/241629_jiaomu_20240926/02.personal/analysis_HiC_aftersale_20241028/SY14/00.ref/work.sh, /work/frasergen/backup/3d/project/Interactome/241629_jiaomu_20240926/02.personal/analysis_HiC_aftersale_20241028/DW/00.ref/work.sh, /work/frasergen/backup/3d/project/Interactome/241629_jiaomu_20240926/02.personal/analysis_HiC_aftersale_20241028/SY14/01.rawdata/work.sh, /work/frasergen/backup/3d/project/Interactome/241629_jiaomu_20240926/02.personal/analysis_HiC_aftersale_20241028/DW/01.rawdata/work.sh, /work/frasergen/backup/3d/project/Interactome/241629_jiaomu_20240926/02.personal/analysis_HiC_aftersale_20241028/SY14/02.personal/work.sh, /work/frasergen/backup/3d/project/Interactome/241629_jiaomu_20240926/02.personal/analysis_HiC_aftersale_20241028/DW/02.personal/work.sh, /work/frasergen/backup/3d/project/Interactome/241629_jiaomu_20240926/02.personal/analysis_HiC_aftersale_20241028/SY14/03.HiC/work.sh, /work/frasergen/backup/3d/project/Interactome/241629_jiaomu_20240926/02.personal/analysis_HiC_aftersale_20241028/DW/03.HiC/work.sh, /work/frasergen/backup/3d/project/Interactome/241629_jiaomu_20240926/02.personal/analysis_HiC_aftersale_20241028/SY14/04.HiC_diff/work.sh, /work/frasergen/backup/3d/project/Interactome/241629_jiaomu_20240926/02.personal/analysis_HiC_aftersale_20241028/DW/04.HiC_diff/work.sh, /work/frasergen/backup/3d/project/Interactome/241629_jiaomu_20240926/02.personal/analysis_HiC_aftersale_20241028/SY14/03.HiC/08.report/work.sh, /work/frasergen/backup/3d/project/Interactome/241629_jiaomu_20240926/02.personal/analysis_HiC_aftersale_20241028/DW/03.HiC/08.report/work.sh, /work/frasergen/backup/3d/project/Interactome/241629_jiaomu_20240926/02.personal/analysis_HiC_aftersale_20241028/SY14/04.HiC_diff/05.multi_report/work.sh, /work/frasergen/backup/3d/project/Interactome/241629_jiaomu_20240926/02.personal/analysis_HiC_aftersale_20241028/DW/04.HiC_diff/05.multi_report/work.sh
    jobid: 0
    resources: tmpdir=/tmp

[Mon Oct 28 20:18:07 2024]
Finished job 0.
15 of 15 steps (100%) done
Complete log: /work/frasergen/3D/work/shaojie/script/HiC/hic_prepare/multi_standard/.snakemake/log/2024-10-28T201603.530578.snakemake.log
