Building DAG of jobs...
Using shell: /usr/bin/bash
Provided cores: 10
Rules claiming more threads will be scaled down.
Job stats:
job       count    min threads    max threads
------  -------  -------------  -------------
all           1              1              1
single        2              1              1
total         3              1              1


[Tue Mar 26 16:25:52 2024]
rule single:
    output: /work/frasergen/3D/work/shaojie/script/HiC/hic_prepare/multi_standard/231401_maizi_20240322/Hmarinum/03.HiC/single_sample.yaml, /work/frasergen/3D/work/shaojie/script/HiC/hic_prepare/multi_standard/231401_maizi_20240322/Hmarinum/03.HiC/work.sh
    jobid: 7
    wildcards: genome=Hmarinum
    resources: tmpdir=/tmp

[Tue Mar 26 16:25:52 2024]
rule single:
    output: /work/frasergen/3D/work/shaojie/script/HiC/hic_prepare/multi_standard/231401_maizi_20240322/Hspontaneum/03.HiC/single_sample.yaml, /work/frasergen/3D/work/shaojie/script/HiC/hic_prepare/multi_standard/231401_maizi_20240322/Hspontaneum/03.HiC/work.sh
    jobid: 8
    wildcards: genome=Hspontaneum
    resources: tmpdir=/tmp

Shutting down, this might take some time.
Exiting because a job execution failed. Look above for error message
Complete log: /work/frasergen/3D/work/shaojie/script/HiC/hic_prepare/multi_standard/.snakemake/log/2024-03-26T162546.718940.snakemake.log
