Building DAG of jobs...
Using shell: /usr/bin/bash
Provided cores: 1 (use --cores to define parallelism)
Rules claiming more threads will be scaled down.
Job stats:
job       count    min threads    max threads
------  -------  -------------  -------------
all           1              1              1
single        2              1              1
total         3              1              1


[Tue Mar 26 16:40:30 2024]
rule single:
    output: /work/frasergen/3D/work/shaojie/script/HiC/hic_prepare/multi_standard/231401_maizi_20240322/Hmarinum/03.HiC/single_sample.yaml, /work/frasergen/3D/work/shaojie/script/HiC/hic_prepare/multi_standard/231401_maizi_20240322/Hmarinum/03.HiC/work.sh
    jobid: 7
    wildcards: genome=Hmarinum
    resources: tmpdir=/tmp

[Tue Mar 26 16:40:39 2024]
Finished job 7.
1 of 3 steps (33%) done

[Tue Mar 26 16:40:39 2024]
rule single:
    output: /work/frasergen/3D/work/shaojie/script/HiC/hic_prepare/multi_standard/231401_maizi_20240322/Hspontaneum/03.HiC/single_sample.yaml, /work/frasergen/3D/work/shaojie/script/HiC/hic_prepare/multi_standard/231401_maizi_20240322/Hspontaneum/03.HiC/work.sh
    jobid: 8
    wildcards: genome=Hspontaneum
    resources: tmpdir=/tmp

[Tue Mar 26 16:40:49 2024]
Finished job 8.
2 of 3 steps (67%) done

[Tue Mar 26 16:40:49 2024]
localrule all:
    input: /work/frasergen/3D/work/shaojie/script/HiC/hic_prepare/multi_standard/231401_maizi_20240322/Hmarinum/00.ref/work.sh, /work/frasergen/3D/work/shaojie/script/HiC/hic_prepare/multi_standard/231401_maizi_20240322/Hspontaneum/00.ref/work.sh, /work/frasergen/3D/work/shaojie/script/HiC/hic_prepare/multi_standard/231401_maizi_20240322/Hmarinum/01.rawdata/work.sh, /work/frasergen/3D/work/shaojie/script/HiC/hic_prepare/multi_standard/231401_maizi_20240322/Hspontaneum/01.rawdata/work.sh, /work/frasergen/3D/work/shaojie/script/HiC/hic_prepare/multi_standard/231401_maizi_20240322/Hmarinum/02.RNA_result/work.sh, /work/frasergen/3D/work/shaojie/script/HiC/hic_prepare/multi_standard/231401_maizi_20240322/Hspontaneum/02.RNA_result/work.sh, /work/frasergen/3D/work/shaojie/script/HiC/hic_prepare/multi_standard/231401_maizi_20240322/Hmarinum/03.HiC/work.sh, /work/frasergen/3D/work/shaojie/script/HiC/hic_prepare/multi_standard/231401_maizi_20240322/Hspontaneum/03.HiC/work.sh
    jobid: 0
    resources: tmpdir=/tmp

[Tue Mar 26 16:40:49 2024]
Finished job 0.
3 of 3 steps (100%) done
Complete log: /work/frasergen/3D/work/shaojie/script/HiC/hic_prepare/multi_standard/.snakemake/log/2024-03-26T164023.027661.snakemake.log
