Building DAG of jobs...
Using shell: /usr/bin/bash
Provided cores: 1 (use --cores to define parallelism)
Rules claiming more threads will be scaled down.
Job stats:
job              count    min threads    max threads
-------------  -------  -------------  -------------
all                  1              1              1
diff                 1              1              1
diff_report          1              1              1
rawdata              1              1              1
ref                  1              1              1
rna                  1              1              1
single               1              1              1
single_report        1              1              1
total                8              1              1


[Thu Nov  7 10:36:10 2024]
rule single_report:
    output: /work/frasergen/backup/3d/project/Interactome/241629_jiaomu_20240926/02.personal/analysis_HiC_aftersale_20241028/test/03.HiC/08.report/report.yaml, /work/frasergen/backup/3d/project/Interactome/241629_jiaomu_20240926/02.personal/analysis_HiC_aftersale_20241028/test/03.HiC/08.report/work.sh
    jobid: 18
    wildcards: genome=test
    resources: tmpdir=/tmp

[Thu Nov  7 10:36:24 2024]
Finished job 18.
1 of 8 steps (12%) done

[Thu Nov  7 10:36:24 2024]
rule rawdata:
    output: /work/frasergen/backup/3d/project/Interactome/241629_jiaomu_20240926/02.personal/analysis_HiC_aftersale_20241028/test/01.rawdata/work.sh
    jobid: 6
    wildcards: genome=test
    resources: tmpdir=/tmp

[Thu Nov  7 10:36:39 2024]
Finished job 6.
2 of 8 steps (25%) done

[Thu Nov  7 10:36:39 2024]
rule single:
    output: /work/frasergen/backup/3d/project/Interactome/241629_jiaomu_20240926/02.personal/analysis_HiC_aftersale_20241028/test/03.HiC/single_sample.yaml, /work/frasergen/backup/3d/project/Interactome/241629_jiaomu_20240926/02.personal/analysis_HiC_aftersale_20241028/test/03.HiC/work.sh
    jobid: 12
    wildcards: genome=test
    resources: tmpdir=/tmp

[Thu Nov  7 10:36:54 2024]
Finished job 12.
3 of 8 steps (38%) done

[Thu Nov  7 10:36:54 2024]
rule ref:
    output: /work/frasergen/backup/3d/project/Interactome/241629_jiaomu_20240926/02.personal/analysis_HiC_aftersale_20241028/test/00.ref/work.sh
    jobid: 3
    wildcards: genome=test
    resources: tmpdir=/tmp

[Thu Nov  7 10:37:07 2024]
Finished job 3.
4 of 8 steps (50%) done

[Thu Nov  7 10:37:07 2024]
rule rna:
    log: /work/frasergen/backup/3d/project/Interactome/241629_jiaomu_20240926/02.personal/analysis_HiC_aftersale_20241028/test/02.personal/work.sh
    jobid: 9
    wildcards: genome=test
    resources: tmpdir=/tmp

[Thu Nov  7 10:37:21 2024]
Finished job 9.
5 of 8 steps (62%) done

[Thu Nov  7 10:37:21 2024]
rule diff_report:
    output: /work/frasergen/backup/3d/project/Interactome/241629_jiaomu_20240926/02.personal/analysis_HiC_aftersale_20241028/test/04.HiC_diff/05.multi_report/report.yaml, /work/frasergen/backup/3d/project/Interactome/241629_jiaomu_20240926/02.personal/analysis_HiC_aftersale_20241028/test/04.HiC_diff/05.multi_report/work.sh
    jobid: 21
    wildcards: genome=test
    resources: tmpdir=/tmp

[Thu Nov  7 10:37:35 2024]
Finished job 21.
6 of 8 steps (75%) done

[Thu Nov  7 10:37:35 2024]
rule diff:
    output: /work/frasergen/backup/3d/project/Interactome/241629_jiaomu_20240926/02.personal/analysis_HiC_aftersale_20241028/test/04.HiC_diff/multi_sample.yaml, /work/frasergen/backup/3d/project/Interactome/241629_jiaomu_20240926/02.personal/analysis_HiC_aftersale_20241028/test/04.HiC_diff/work.sh
    jobid: 15
    wildcards: genome=test
    resources: tmpdir=/tmp

[Thu Nov  7 10:37:47 2024]
Finished job 15.
7 of 8 steps (88%) done

[Thu Nov  7 10:37:48 2024]
localrule all:
    input: /work/frasergen/backup/3d/project/Interactome/241629_jiaomu_20240926/02.personal/analysis_HiC_aftersale_20241028/SY14/00.ref/work.sh, /work/frasergen/backup/3d/project/Interactome/241629_jiaomu_20240926/02.personal/analysis_HiC_aftersale_20241028/DW/00.ref/work.sh, /work/frasergen/backup/3d/project/Interactome/241629_jiaomu_20240926/02.personal/analysis_HiC_aftersale_20241028/test/00.ref/work.sh, /work/frasergen/backup/3d/project/Interactome/241629_jiaomu_20240926/02.personal/analysis_HiC_aftersale_20241028/SY14/01.rawdata/work.sh, /work/frasergen/backup/3d/project/Interactome/241629_jiaomu_20240926/02.personal/analysis_HiC_aftersale_20241028/DW/01.rawdata/work.sh, /work/frasergen/backup/3d/project/Interactome/241629_jiaomu_20240926/02.personal/analysis_HiC_aftersale_20241028/test/01.rawdata/work.sh, /work/frasergen/backup/3d/project/Interactome/241629_jiaomu_20240926/02.personal/analysis_HiC_aftersale_20241028/SY14/02.personal/work.sh, /work/frasergen/backup/3d/project/Interactome/241629_jiaomu_20240926/02.personal/analysis_HiC_aftersale_20241028/DW/02.personal/work.sh, /work/frasergen/backup/3d/project/Interactome/241629_jiaomu_20240926/02.personal/analysis_HiC_aftersale_20241028/test/02.personal/work.sh, /work/frasergen/backup/3d/project/Interactome/241629_jiaomu_20240926/02.personal/analysis_HiC_aftersale_20241028/SY14/03.HiC/work.sh, /work/frasergen/backup/3d/project/Interactome/241629_jiaomu_20240926/02.personal/analysis_HiC_aftersale_20241028/DW/03.HiC/work.sh, /work/frasergen/backup/3d/project/Interactome/241629_jiaomu_20240926/02.personal/analysis_HiC_aftersale_20241028/test/03.HiC/work.sh, /work/frasergen/backup/3d/project/Interactome/241629_jiaomu_20240926/02.personal/analysis_HiC_aftersale_20241028/SY14/04.HiC_diff/work.sh, /work/frasergen/backup/3d/project/Interactome/241629_jiaomu_20240926/02.personal/analysis_HiC_aftersale_20241028/DW/04.HiC_diff/work.sh, /work/frasergen/backup/3d/project/Interactome/241629_jiaomu_20240926/02.personal/analysis_HiC_aftersale_20241028/test/04.HiC_diff/work.sh, /work/frasergen/backup/3d/project/Interactome/241629_jiaomu_20240926/02.personal/analysis_HiC_aftersale_20241028/SY14/03.HiC/08.report/work.sh, /work/frasergen/backup/3d/project/Interactome/241629_jiaomu_20240926/02.personal/analysis_HiC_aftersale_20241028/DW/03.HiC/08.report/work.sh, /work/frasergen/backup/3d/project/Interactome/241629_jiaomu_20240926/02.personal/analysis_HiC_aftersale_20241028/test/03.HiC/08.report/work.sh, /work/frasergen/backup/3d/project/Interactome/241629_jiaomu_20240926/02.personal/analysis_HiC_aftersale_20241028/SY14/04.HiC_diff/05.multi_report/work.sh, /work/frasergen/backup/3d/project/Interactome/241629_jiaomu_20240926/02.personal/analysis_HiC_aftersale_20241028/DW/04.HiC_diff/05.multi_report/work.sh, /work/frasergen/backup/3d/project/Interactome/241629_jiaomu_20240926/02.personal/analysis_HiC_aftersale_20241028/test/04.HiC_diff/05.multi_report/work.sh
    jobid: 0
    resources: tmpdir=/tmp

[Thu Nov  7 10:37:48 2024]
Finished job 0.
8 of 8 steps (100%) done
Complete log: /work/frasergen/3D/work/shaojie/script/HiC/hic_prepare/multi_standard/.snakemake/log/2024-11-07T103600.625758.snakemake.log
