Building DAG of jobs...
Using shell: /usr/bin/bash
Provided cores: 10
Rules claiming more threads will be scaled down.
Job stats:
job        count    min threads    max threads
-------  -------  -------------  -------------
all            1              1              1
rawdata        2              1              1
ref            2              1              1
rna            2              1              1
total          7              1              1


[Tue Mar 26 16:18:18 2024]
rule ref:
    output: /work/frasergen/3D/work/shaojie/script/HiC/hic_prepare/multi_standard/231401_maizi_20240322/Hmarinum/00.ref/work.sh
    jobid: 1
    wildcards: genome=Hmarinum
    resources: tmpdir=/tmp

[Tue Mar 26 16:18:18 2024]
rule rawdata:
    output: /work/frasergen/3D/work/shaojie/script/HiC/hic_prepare/multi_standard/231401_maizi_20240322/Hmarinum/01.rawdata/work.sh
    jobid: 3
    wildcards: genome=Hmarinum
    resources: tmpdir=/tmp

[Tue Mar 26 16:18:18 2024]
rule rna:
    output: /work/frasergen/3D/work/shaojie/script/HiC/hic_prepare/multi_standard/231401_maizi_20240322/Hmarinum/02.RNA_result/work.sh
    jobid: 5
    wildcards: genome=Hmarinum
    resources: tmpdir=/tmp

[Tue Mar 26 16:18:18 2024]
rule ref:
    output: /work/frasergen/3D/work/shaojie/script/HiC/hic_prepare/multi_standard/231401_maizi_20240322/Hspontaneum/00.ref/work.sh
    jobid: 2
    wildcards: genome=Hspontaneum
    resources: tmpdir=/tmp

[Tue Mar 26 16:18:18 2024]
rule rawdata:
    output: /work/frasergen/3D/work/shaojie/script/HiC/hic_prepare/multi_standard/231401_maizi_20240322/Hspontaneum/01.rawdata/work.sh
    jobid: 4
    wildcards: genome=Hspontaneum
    resources: tmpdir=/tmp

[Tue Mar 26 16:18:18 2024]
rule rna:
    output: /work/frasergen/3D/work/shaojie/script/HiC/hic_prepare/multi_standard/231401_maizi_20240322/Hspontaneum/02.RNA_result/work.sh
    jobid: 6
    wildcards: genome=Hspontaneum
    resources: tmpdir=/tmp

[Tue Mar 26 16:18:26 2024]
Finished job 5.
1 of 7 steps (14%) done
[Tue Mar 26 16:18:27 2024]
Finished job 3.
2 of 7 steps (29%) done
[Tue Mar 26 16:18:27 2024]
Finished job 2.
3 of 7 steps (43%) done
[Tue Mar 26 16:18:27 2024]
Finished job 6.
4 of 7 steps (57%) done
[Tue Mar 26 16:18:28 2024]
Finished job 4.
5 of 7 steps (71%) done
[Tue Mar 26 16:18:28 2024]
Finished job 1.
6 of 7 steps (86%) done

[Tue Mar 26 16:18:28 2024]
localrule all:
    input: /work/frasergen/3D/work/shaojie/script/HiC/hic_prepare/multi_standard/231401_maizi_20240322/Hmarinum/00.ref/work.sh, /work/frasergen/3D/work/shaojie/script/HiC/hic_prepare/multi_standard/231401_maizi_20240322/Hspontaneum/00.ref/work.sh, /work/frasergen/3D/work/shaojie/script/HiC/hic_prepare/multi_standard/231401_maizi_20240322/Hmarinum/01.rawdata/work.sh, /work/frasergen/3D/work/shaojie/script/HiC/hic_prepare/multi_standard/231401_maizi_20240322/Hspontaneum/01.rawdata/work.sh, /work/frasergen/3D/work/shaojie/script/HiC/hic_prepare/multi_standard/231401_maizi_20240322/Hmarinum/02.RNA_result/work.sh, /work/frasergen/3D/work/shaojie/script/HiC/hic_prepare/multi_standard/231401_maizi_20240322/Hspontaneum/02.RNA_result/work.sh
    jobid: 0
    resources: tmpdir=/tmp

[Tue Mar 26 16:18:28 2024]
Finished job 0.
7 of 7 steps (100%) done
Complete log: /work/frasergen/3D/work/shaojie/script/HiC/hic_prepare/multi_standard/.snakemake/log/2024-03-26T161811.477473.snakemake.log
