Building DAG of jobs...
Using shell: /usr/bin/bash
Provided cores: 10
Rules claiming more threads will be scaled down.
Job stats:
job              count    min threads    max threads
-------------  -------  -------------  -------------
all                  1              1              1
diff                 2              1              1
diff_report          2              1              1
rawdata              2              1              1
ref                  2              1              1
rna                  2              1              1
single               2              1              1
single_report        2              1              1
total               15              1              1


[Tue Mar 26 17:32:22 2024]
rule diff:
    output: /work/frasergen/3D/work/shaojie/script/HiC/hic_prepare/multi_standard/231401_maizi_20240322/Hmarinum/04.HiC_diff/multi_sample.yaml, /work/frasergen/3D/work/shaojie/script/HiC/hic_prepare/multi_standard/231401_maizi_20240322/Hmarinum/04.HiC_diff/work.sh
    jobid: 9
    wildcards: genome=Hmarinum
    resources: tmpdir=/tmp

[Tue Mar 26 17:32:22 2024]
rule single_report:
    output: /work/frasergen/3D/work/shaojie/script/HiC/hic_prepare/multi_standard/231401_maizi_20240322/Hmarinum/03.HiC/08.report/report.yaml, /work/frasergen/3D/work/shaojie/script/HiC/hic_prepare/multi_standard/231401_maizi_20240322/Hmarinum/03.HiC/08.report/work.sh
    jobid: 11
    wildcards: genome=Hmarinum
    resources: tmpdir=/tmp

[Tue Mar 26 17:32:22 2024]
rule single_report:
    output: /work/frasergen/3D/work/shaojie/script/HiC/hic_prepare/multi_standard/231401_maizi_20240322/Hspontaneum/03.HiC/08.report/report.yaml, /work/frasergen/3D/work/shaojie/script/HiC/hic_prepare/multi_standard/231401_maizi_20240322/Hspontaneum/03.HiC/08.report/work.sh
    jobid: 12
    wildcards: genome=Hspontaneum
    resources: tmpdir=/tmp

[Tue Mar 26 17:32:22 2024]
rule diff_report:
    output: /work/frasergen/3D/work/shaojie/script/HiC/hic_prepare/multi_standard/231401_maizi_20240322/Hspontaneum/04.HiC_diff/05.multi_report/report.yaml, /work/frasergen/3D/work/shaojie/script/HiC/hic_prepare/multi_standard/231401_maizi_20240322/Hspontaneum/04.HiC_diff/05.multi_report/work.sh
    jobid: 14
    wildcards: genome=Hspontaneum
    resources: tmpdir=/tmp

[Tue Mar 26 17:32:22 2024]
rule ref:
    output: /work/frasergen/3D/work/shaojie/script/HiC/hic_prepare/multi_standard/231401_maizi_20240322/Hmarinum/00.ref/work.sh
    jobid: 1
    wildcards: genome=Hmarinum
    resources: tmpdir=/tmp

[Tue Mar 26 17:32:22 2024]
rule rawdata:
    output: /work/frasergen/3D/work/shaojie/script/HiC/hic_prepare/multi_standard/231401_maizi_20240322/Hspontaneum/01.rawdata/work.sh
    jobid: 4
    wildcards: genome=Hspontaneum
    resources: tmpdir=/tmp

[Tue Mar 26 17:32:22 2024]
rule rna:
    output: /work/frasergen/3D/work/shaojie/script/HiC/hic_prepare/multi_standard/231401_maizi_20240322/Hspontaneum/02.RNA_result/work.sh
    jobid: 6
    wildcards: genome=Hspontaneum
    resources: tmpdir=/tmp

[Tue Mar 26 17:32:22 2024]
rule single:
    output: /work/frasergen/3D/work/shaojie/script/HiC/hic_prepare/multi_standard/231401_maizi_20240322/Hspontaneum/03.HiC/single_sample.yaml, /work/frasergen/3D/work/shaojie/script/HiC/hic_prepare/multi_standard/231401_maizi_20240322/Hspontaneum/03.HiC/work.sh
    jobid: 8
    wildcards: genome=Hspontaneum
    resources: tmpdir=/tmp

[Tue Mar 26 17:32:22 2024]
rule diff:
    output: /work/frasergen/3D/work/shaojie/script/HiC/hic_prepare/multi_standard/231401_maizi_20240322/Hspontaneum/04.HiC_diff/multi_sample.yaml, /work/frasergen/3D/work/shaojie/script/HiC/hic_prepare/multi_standard/231401_maizi_20240322/Hspontaneum/04.HiC_diff/work.sh
    jobid: 10
    wildcards: genome=Hspontaneum
    resources: tmpdir=/tmp

[Tue Mar 26 17:32:22 2024]
rule diff_report:
    output: /work/frasergen/3D/work/shaojie/script/HiC/hic_prepare/multi_standard/231401_maizi_20240322/Hmarinum/04.HiC_diff/05.multi_report/report.yaml, /work/frasergen/3D/work/shaojie/script/HiC/hic_prepare/multi_standard/231401_maizi_20240322/Hmarinum/04.HiC_diff/05.multi_report/work.sh
    jobid: 13
    wildcards: genome=Hmarinum
    resources: tmpdir=/tmp

[Tue Mar 26 17:32:32 2024]
Finished job 13.
1 of 15 steps (7%) done

[Tue Mar 26 17:32:32 2024]
rule ref:
    output: /work/frasergen/3D/work/shaojie/script/HiC/hic_prepare/multi_standard/231401_maizi_20240322/Hspontaneum/00.ref/work.sh
    jobid: 2
    wildcards: genome=Hspontaneum
    resources: tmpdir=/tmp

[Tue Mar 26 17:32:32 2024]
Finished job 10.
2 of 15 steps (13%) done

[Tue Mar 26 17:32:32 2024]
rule rawdata:
    output: /work/frasergen/3D/work/shaojie/script/HiC/hic_prepare/multi_standard/231401_maizi_20240322/Hmarinum/01.rawdata/work.sh
    jobid: 3
    wildcards: genome=Hmarinum
    resources: tmpdir=/tmp

[Tue Mar 26 17:32:32 2024]
Finished job 1.
3 of 15 steps (20%) done
[Tue Mar 26 17:32:32 2024]
Finished job 14.
4 of 15 steps (27%) done

[Tue Mar 26 17:32:32 2024]
rule rna:
    output: /work/frasergen/3D/work/shaojie/script/HiC/hic_prepare/multi_standard/231401_maizi_20240322/Hmarinum/02.RNA_result/work.sh
    jobid: 5
    wildcards: genome=Hmarinum
    resources: tmpdir=/tmp

[Tue Mar 26 17:32:32 2024]
rule single:
    output: /work/frasergen/3D/work/shaojie/script/HiC/hic_prepare/multi_standard/231401_maizi_20240322/Hmarinum/03.HiC/single_sample.yaml, /work/frasergen/3D/work/shaojie/script/HiC/hic_prepare/multi_standard/231401_maizi_20240322/Hmarinum/03.HiC/work.sh
    jobid: 7
    wildcards: genome=Hmarinum
    resources: tmpdir=/tmp

[Tue Mar 26 17:32:32 2024]
Finished job 9.
5 of 15 steps (33%) done
[Tue Mar 26 17:32:32 2024]
Finished job 6.
6 of 15 steps (40%) done
[Tue Mar 26 17:32:32 2024]
Finished job 4.
7 of 15 steps (47%) done
[Tue Mar 26 17:32:41 2024]
Finished job 3.
8 of 15 steps (53%) done
[Tue Mar 26 17:32:42 2024]
Finished job 2.
9 of 15 steps (60%) done
[Tue Mar 26 17:32:42 2024]
Finished job 5.
10 of 15 steps (67%) done
Shutting down, this might take some time.
Exiting because a job execution failed. Look above for error message
Complete log: /work/frasergen/3D/work/shaojie/script/HiC/hic_prepare/multi_standard/.snakemake/log/2024-03-26T173215.226933.snakemake.log
